<?xml version="1.0" encoding="UTF-8" standalone="yes"?>
<?mso-application progid="PowerPoint.Show"?>
<pkg:package xmlns:pkg="http://schemas.microsoft.com/office/2006/xmlPackage"><pkg:part pkg:name="/_rels/.rels" pkg:contentType="application/vnd.openxmlformats-package.relationships+xml" pkg:padding="512"><pkg:xmlData><Relationships xmlns="http://schemas.openxmlformats.org/package/2006/relationships"><Relationship Id="rId3" Type="http://schemas.openxmlformats.org/package/2006/relationships/metadata/core-properties" Target="docProps/core.xml"/><Relationship Id="rId2" Type="http://schemas.openxmlformats.org/package/2006/relationships/metadata/thumbnail" Target="docProps/thumbnail.jpeg"/><Relationship Id="rId1" Type="http://schemas.openxmlformats.org/officeDocument/2006/relationships/officeDocument" Target="ppt/presentation.xml"/><Relationship Id="rId4" Type="http://schemas.openxmlformats.org/officeDocument/2006/relationships/extended-properties" Target="docProps/app.xml"/></Relationships></pkg:xmlData></pkg:part><pkg:part pkg:name="/ppt/slides/_rels/slide1.xml.rels" pkg:contentType="application/vnd.openxmlformats-package.relationships+xml"><pkg:xmlData><Relationships xmlns="http://schemas.openxmlformats.org/package/2006/relationships"><Relationship Id="rId3" Type="http://schemas.openxmlformats.org/officeDocument/2006/relationships/oleObject" Target="../embeddings/oleObject1.bin"/><Relationship Id="rId2" Type="http://schemas.openxmlformats.org/officeDocument/2006/relationships/slideLayout" Target="../slideLayouts/slideLayout1.xml"/><Relationship Id="rId1" Type="http://schemas.openxmlformats.org/officeDocument/2006/relationships/vmlDrawing" Target="../drawings/vmlDrawing1.vml"/><Relationship Id="rId4" Type="http://schemas.openxmlformats.org/officeDocument/2006/relationships/image" Target="../media/image1.wmf"/></Relationships></pkg:xmlData></pkg:part><pkg:part pkg:name="/ppt/_rels/presentation.xml.rels" pkg:contentType="application/vnd.openxmlformats-package.relationships+xml" pkg:padding="256"><pkg:xmlData><Relationships xmlns="http://schemas.openxmlformats.org/package/2006/relationships"><Relationship Id="rId3" Type="http://schemas.openxmlformats.org/officeDocument/2006/relationships/presProps" Target="presProps.xml"/><Relationship Id="rId2" Type="http://schemas.openxmlformats.org/officeDocument/2006/relationships/slide" Target="slides/slide1.xml"/><Relationship Id="rId1" Type="http://schemas.openxmlformats.org/officeDocument/2006/relationships/slideMaster" Target="slideMasters/slideMaster1.xml"/><Relationship Id="rId6" Type="http://schemas.openxmlformats.org/officeDocument/2006/relationships/tableStyles" Target="tableStyles.xml"/><Relationship Id="rId5" Type="http://schemas.openxmlformats.org/officeDocument/2006/relationships/theme" Target="theme/theme1.xml"/><Relationship Id="rId4" Type="http://schemas.openxmlformats.org/officeDocument/2006/relationships/viewProps" Target="viewProps.xml"/></Relationships></pkg:xmlData></pkg:part><pkg:part pkg:name="/ppt/presentation.xml" pkg:contentType="application/vnd.openxmlformats-officedocument.presentationml.presentation.main+xml"><pkg:xmlData><p:presentation xmlns:a="http://schemas.openxmlformats.org/drawingml/2006/main" xmlns:r="http://schemas.openxmlformats.org/officeDocument/2006/relationships" xmlns:p="http://schemas.openxmlformats.org/presentationml/2006/main" saveSubsetFonts="1"><p:sldMasterIdLst><p:sldMasterId id="2147483648" r:id="rId1"/></p:sldMasterIdLst><p:sldIdLst><p:sldId id="256" r:id="rId2"/></p:sldIdLst><p:sldSz cx="12192000" cy="6858000"/><p:notesSz cx="6858000" cy="9144000"/><p:defaultTextStyle><a:defPPr><a:defRPr lang="fr-FR"/></a:defPPr><a:lvl1pPr marL="0" algn="l" defTabSz="914400" rtl="0" eaLnBrk="1" latinLnBrk="0" hangingPunct="1"><a:defRPr sz="1800" kern="1200"><a:solidFill><a:schemeClr val="tx1"/></a:solidFill><a:latin typeface="+mn-lt"/><a:ea typeface="+mn-ea"/><a:cs typeface="+mn-cs"/></a:defRPr></a:lvl1pPr><a:lvl2pPr marL="457200" algn="l" defTabSz="914400" rtl="0" eaLnBrk="1" latinLnBrk="0" hangingPunct="1"><a:defRPr sz="1800" kern="1200"><a:solidFill><a:schemeClr val="tx1"/></a:solidFill><a:latin typeface="+mn-lt"/><a:ea typeface="+mn-ea"/><a:cs typeface="+mn-cs"/></a:defRPr></a:lvl2pPr><a:lvl3pPr marL="914400" algn="l" defTabSz="914400" rtl="0" eaLnBrk="1" latinLnBrk="0" hangingPunct="1"><a:defRPr sz="1800" kern="1200"><a:solidFill><a:schemeClr val="tx1"/></a:solidFill><a:latin typeface="+mn-lt"/><a:ea typeface="+mn-ea"/><a:cs typeface="+mn-cs"/></a:defRPr></a:lvl3pPr><a:lvl4pPr marL="1371600" algn="l" defTabSz="914400" rtl="0" eaLnBrk="1" latinLnBrk="0" hangingPunct="1"><a:defRPr sz="1800" kern="1200"><a:solidFill><a:schemeClr val="tx1"/></a:solidFill><a:latin typeface="+mn-lt"/><a:ea typeface="+mn-ea"/><a:cs typeface="+mn-cs"/></a:defRPr></a:lvl4pPr><a:lvl5pPr marL="1828800" algn="l" defTabSz="914400" rtl="0" eaLnBrk="1" latinLnBrk="0" hangingPunct="1"><a:defRPr sz="1800" kern="1200"><a:solidFill><a:schemeClr val="tx1"/></a:solidFill><a:latin typeface="+mn-lt"/><a:ea typeface="+mn-ea"/><a:cs typeface="+mn-cs"/></a:defRPr></a:lvl5pPr><a:lvl6pPr marL="2286000" algn="l" defTabSz="914400" rtl="0" eaLnBrk="1" latinLnBrk="0" hangingPunct="1"><a:defRPr sz="1800" kern="1200"><a:solidFill><a:schemeClr val="tx1"/></a:solidFill><a:latin typeface="+mn-lt"/><a:ea typeface="+mn-ea"/><a:cs typeface="+mn-cs"/></a:defRPr></a:lvl6pPr><a:lvl7pPr marL="2743200" algn="l" defTabSz="914400" rtl="0" eaLnBrk="1" latinLnBrk="0" hangingPunct="1"><a:defRPr sz="1800" kern="1200"><a:solidFill><a:schemeClr val="tx1"/></a:solidFill><a:latin typeface="+mn-lt"/><a:ea typeface="+mn-ea"/><a:cs typeface="+mn-cs"/></a:defRPr></a:lvl7pPr><a:lvl8pPr marL="3200400" algn="l" defTabSz="914400" rtl="0" eaLnBrk="1" latinLnBrk="0" hangingPunct="1"><a:defRPr sz="1800" kern="1200"><a:solidFill><a:schemeClr val="tx1"/></a:solidFill><a:latin typeface="+mn-lt"/><a:ea typeface="+mn-ea"/><a:cs typeface="+mn-cs"/></a:defRPr></a:lvl8pPr><a:lvl9pPr marL="3657600" algn="l" defTabSz="914400" rtl="0" eaLnBrk="1" latinLnBrk="0" hangingPunct="1"><a:defRPr sz="1800" kern="1200"><a:solidFill><a:schemeClr val="tx1"/></a:solidFill><a:latin typeface="+mn-lt"/><a:ea typeface="+mn-ea"/><a:cs typeface="+mn-cs"/></a:defRPr></a:lvl9pPr></p:defaultTextStyle><p:extLst><p:ext uri="{EFAFB233-063F-42B5-8137-9DF3F51BA10A}"><p15:sldGuideLst xmlns:p15="http://schemas.microsoft.com/office/powerpoint/2012/main"/></p:ext></p:extLst></p:presentation></pkg:xmlData></pkg:part><pkg:part pkg:name="/ppt/slides/slide1.xml" pkg:contentType="application/vnd.openxmlformats-officedocument.presentationml.slide+xml"><pkg:xmlData><p:sld xmlns:a="http://schemas.openxmlformats.org/drawingml/2006/main" xmlns:r="http://schemas.openxmlformats.org/officeDocument/2006/relationships" xmlns:p="http://schemas.openxmlformats.org/presentationml/2006/main"><p:cSld><p:spTree><p:nvGrpSpPr><p:cNvPr id="1" name=""/><p:cNvGrpSpPr/><p:nvPr/></p:nvGrpSpPr><p:grpSpPr><a:xfrm><a:off x="0" y="0"/><a:ext cx="0" cy="0"/><a:chOff x="0" y="0"/><a:chExt cx="0" cy="0"/></a:xfrm></p:grpSpPr><p:graphicFrame><p:nvGraphicFramePr><p:cNvPr id="6" name="Object 5"/><p:cNvGraphicFramePr><a:graphicFrameLocks noChangeAspect="1"/></p:cNvGraphicFramePr><p:nvPr><p:extLst><p:ext uri="{D42A27DB-BD31-4B8C-83A1-F6EECF244321}"><p14:modId xmlns:p14="http://schemas.microsoft.com/office/powerpoint/2010/main" val="3252870994"/></p:ext></p:extLst></p:nvPr></p:nvGraphicFramePr><p:xfrm><a:off x="5899150" y="3252788"/><a:ext cx="393700" cy="349250"/></p:xfrm><a:graphic><a:graphicData uri="http://schemas.openxmlformats.org/presentationml/2006/ole"><mc:AlternateContent xmlns:mc="http://schemas.openxmlformats.org/markup-compatibility/2006"><mc:Choice xmlns:v="urn:schemas-microsoft-com:vml" Requires="v"><p:oleObj spid="_x0000_s1029" name="Packager Shell Object" showAsIcon="1" r:id="rId3" imgW="393480" imgH="349200" progId="Package"><p:embed/></p:oleObj></mc:Choice><mc:Fallback><p:oleObj name="Packager Shell Object" showAsIcon="1" r:id="rId3" imgW="393480" imgH="349200" progId="Package"><p:embed/><p:pic><p:nvPicPr><p:cNvPr id="0" name=""/><p:cNvPicPr/><p:nvPr/></p:nvPicPr><p:blipFill><a:blip r:embed="rId4"/><a:stretch><a:fillRect/></a:stretch></p:blipFill><p:spPr><a:xfrm><a:off x="5899150" y="3252788"/><a:ext cx="393700" cy="349250"/></a:xfrm><a:prstGeom prst="rect"><a:avLst/></a:prstGeom></p:spPr></p:pic></p:oleObj></mc:Fallback></mc:AlternateContent></a:graphicData></a:graphic></p:graphicFrame></p:spTree><p:extLst><p:ext uri="{BB962C8B-B14F-4D97-AF65-F5344CB8AC3E}"><p14:creationId xmlns:p14="http://schemas.microsoft.com/office/powerpoint/2010/main" val="2557926436"/></p:ext></p:extLst></p:cSld><p:clrMapOvr><a:masterClrMapping/></p:clrMapOvr><p:timing><p:tnLst><p:par><p:cTn id="1" dur="indefinite" restart="never" nodeType="tmRoot"/></p:par></p:tnLst></p:timing></p:sld></pkg:xmlData></pkg:part><pkg:part pkg:name="/ppt/slideLayouts/_rels/slideLayout4.xml.rels" pkg:contentType="application/vnd.openxmlformats-package.relationships+xml"><pkg:xmlData><Relationships xmlns="http://schemas.openxmlformats.org/package/2006/relationships"><Relationship Id="rId1" Type="http://schemas.openxmlformats.org/officeDocument/2006/relationships/slideMaster" Target="../slideMasters/slideMaster1.xml"/></Relationships></pkg:xmlData></pkg:part><pkg:part pkg:name="/ppt/slideLayouts/_rels/slideLayout8.xml.rels" pkg:contentType="application/vnd.openxmlformats-package.relationships+xml"><pkg:xmlData><Relationships xmlns="http://schemas.openxmlformats.org/package/2006/relationships"><Relationship Id="rId1" Type="http://schemas.openxmlformats.org/officeDocument/2006/relationships/slideMaster" Target="../slideMasters/slideMaster1.xml"/></Relationships></pkg:xmlData></pkg:part><pkg:part pkg:name="/ppt/slideLayouts/_rels/slideLayout9.xml.rels" pkg:contentType="application/vnd.openxmlformats-package.relationships+xml"><pkg:xmlData><Relationships xmlns="http://schemas.openxmlformats.org/package/2006/relationships"><Relationship Id="rId1" Type="http://schemas.openxmlformats.org/officeDocument/2006/relationships/slideMaster" Target="../slideMasters/slideMaster1.xml"/></Relationships></pkg:xmlData></pkg:part><pkg:part pkg:name="/ppt/slideLayouts/_rels/slideLayout10.xml.rels" pkg:contentType="application/vnd.openxmlformats-package.relationships+xml"><pkg:xmlData><Relationships xmlns="http://schemas.openxmlformats.org/package/2006/relationships"><Relationship Id="rId1" Type="http://schemas.openxmlformats.org/officeDocument/2006/relationships/slideMaster" Target="../slideMasters/slideMaster1.xml"/></Relationships></pkg:xmlData></pkg:part><pkg:part pkg:name="/ppt/slideLayouts/_rels/slideLayout7.xml.rels" pkg:contentType="application/vnd.openxmlformats-package.relationships+xml"><pkg:xmlData><Relationships xmlns="http://schemas.openxmlformats.org/package/2006/relationships"><Relationship Id="rId1" Type="http://schemas.openxmlformats.org/officeDocument/2006/relationships/slideMaster" Target="../slideMasters/slideMaster1.xml"/></Relationships></pkg:xmlData></pkg:part><pkg:part pkg:name="/ppt/slideLayouts/_rels/slideLayout5.xml.rels" pkg:contentType="application/vnd.openxmlformats-package.relationships+xml"><pkg:xmlData><Relationships xmlns="http://schemas.openxmlformats.org/package/2006/relationships"><Relationship Id="rId1" Type="http://schemas.openxmlformats.org/officeDocument/2006/relationships/slideMaster" Target="../slideMasters/slideMaster1.xml"/></Relationships></pkg:xmlData></pkg:part><pkg:part pkg:name="/ppt/slideLayouts/_rels/slideLayout11.xml.rels" pkg:contentType="application/vnd.openxmlformats-package.relationships+xml"><pkg:xmlData><Relationships xmlns="http://schemas.openxmlformats.org/package/2006/relationships"><Relationship Id="rId1" Type="http://schemas.openxmlformats.org/officeDocument/2006/relationships/slideMaster" Target="../slideMasters/slideMaster1.xml"/></Relationships></pkg:xmlData></pkg:part><pkg:part pkg:name="/ppt/slideMasters/_rels/slideMaster1.xml.rels" pkg:contentType="application/vnd.openxmlformats-package.relationships+xml"><pkg:xmlData><Relationships xmlns="http://schemas.openxmlformats.org/package/2006/relationships"><Relationship Id="rId8" Type="http://schemas.openxmlformats.org/officeDocument/2006/relationships/slideLayout" Target="../slideLayouts/slideLayout8.xml"/><Relationship Id="rId3" Type="http://schemas.openxmlformats.org/officeDocument/2006/relationships/slideLayout" Target="../slideLayouts/slideLayout3.xml"/><Relationship Id="rId7" Type="http://schemas.openxmlformats.org/officeDocument/2006/relationships/slideLayout" Target="../slideLayouts/slideLayout7.xml"/><Relationship Id="rId12" Type="http://schemas.openxmlformats.org/officeDocument/2006/relationships/theme" Target="../theme/theme1.xml"/><Relationship Id="rId2" Type="http://schemas.openxmlformats.org/officeDocument/2006/relationships/slideLayout" Target="../slideLayouts/slideLayout2.xml"/><Relationship Id="rId1" Type="http://schemas.openxmlformats.org/officeDocument/2006/relationships/slideLayout" Target="../slideLayouts/slideLayout1.xml"/><Relationship Id="rId6" Type="http://schemas.openxmlformats.org/officeDocument/2006/relationships/slideLayout" Target="../slideLayouts/slideLayout6.xml"/><Relationship Id="rId11" Type="http://schemas.openxmlformats.org/officeDocument/2006/relationships/slideLayout" Target="../slideLayouts/slideLayout11.xml"/><Relationship Id="rId5" Type="http://schemas.openxmlformats.org/officeDocument/2006/relationships/slideLayout" Target="../slideLayouts/slideLayout5.xml"/><Relationship Id="rId10" Type="http://schemas.openxmlformats.org/officeDocument/2006/relationships/slideLayout" Target="../slideLayouts/slideLayout10.xml"/><Relationship Id="rId4" Type="http://schemas.openxmlformats.org/officeDocument/2006/relationships/slideLayout" Target="../slideLayouts/slideLayout4.xml"/><Relationship Id="rId9" Type="http://schemas.openxmlformats.org/officeDocument/2006/relationships/slideLayout" Target="../slideLayouts/slideLayout9.xml"/></Relationships></pkg:xmlData></pkg:part><pkg:part pkg:name="/ppt/slideLayouts/_rels/slideLayout1.xml.rels" pkg:contentType="application/vnd.openxmlformats-package.relationships+xml"><pkg:xmlData><Relationships xmlns="http://schemas.openxmlformats.org/package/2006/relationships"><Relationship Id="rId1" Type="http://schemas.openxmlformats.org/officeDocument/2006/relationships/slideMaster" Target="../slideMasters/slideMaster1.xml"/></Relationships></pkg:xmlData></pkg:part><pkg:part pkg:name="/ppt/slideLayouts/_rels/slideLayout2.xml.rels" pkg:contentType="application/vnd.openxmlformats-package.relationships+xml"><pkg:xmlData><Relationships xmlns="http://schemas.openxmlformats.org/package/2006/relationships"><Relationship Id="rId1" Type="http://schemas.openxmlformats.org/officeDocument/2006/relationships/slideMaster" Target="../slideMasters/slideMaster1.xml"/></Relationships></pkg:xmlData></pkg:part><pkg:part pkg:name="/ppt/slideLayouts/_rels/slideLayout6.xml.rels" pkg:contentType="application/vnd.openxmlformats-package.relationships+xml"><pkg:xmlData><Relationships xmlns="http://schemas.openxmlformats.org/package/2006/relationships"><Relationship Id="rId1" Type="http://schemas.openxmlformats.org/officeDocument/2006/relationships/slideMaster" Target="../slideMasters/slideMaster1.xml"/></Relationships></pkg:xmlData></pkg:part><pkg:part pkg:name="/ppt/slideLayouts/slideLayout11.xml" pkg:contentType="application/vnd.openxmlformats-officedocument.presentationml.slideLayout+xml"><pkg:xmlData><p:sldLayout xmlns:a="http://schemas.openxmlformats.org/drawingml/2006/main" xmlns:r="http://schemas.openxmlformats.org/officeDocument/2006/relationships" xmlns:p="http://schemas.openxmlformats.org/presentationml/2006/main" type="vertTitleAndTx" preserve="1"><p:cSld name="Vertical Title and Text"><p:spTree><p:nvGrpSpPr><p:cNvPr id="1" name=""/><p:cNvGrpSpPr/><p:nvPr/></p:nvGrpSpPr><p:grpSpPr><a:xfrm><a:off x="0" y="0"/><a:ext cx="0" cy="0"/><a:chOff x="0" y="0"/><a:chExt cx="0" cy="0"/></a:xfrm></p:grpSpPr><p:sp><p:nvSpPr><p:cNvPr id="2" name="Vertical Title 1"/><p:cNvSpPr><a:spLocks noGrp="1"/></p:cNvSpPr><p:nvPr><p:ph type="title" orient="vert"/></p:nvPr></p:nvSpPr><p:spPr><a:xfrm><a:off x="8724900" y="365125"/><a:ext cx="2628900" cy="5811838"/></a:xfrm></p:spPr><p:txBody><a:bodyPr vert="eaVert"/><a:lstStyle/><a:p><a:r><a:rPr lang="en-US" smtClean="0"/><a:t>Click to edit Master title style</a:t></a:r><a:endParaRPr lang="fr-BE"/></a:p></p:txBody></p:sp><p:sp><p:nvSpPr><p:cNvPr id="3" name="Vertical Text Placeholder 2"/><p:cNvSpPr><a:spLocks noGrp="1"/></p:cNvSpPr><p:nvPr><p:ph type="body" orient="vert" idx="1"/></p:nvPr></p:nvSpPr><p:spPr><a:xfrm><a:off x="838200" y="365125"/><a:ext cx="7734300" cy="5811838"/></a:xfrm></p:spPr><p:txBody><a:bodyPr vert="eaVert"/><a:lstStyle/><a:p><a:pPr lvl="0"/><a:r><a:rPr lang="en-US" smtClean="0"/><a:t>Edit Master text styles</a:t></a:r></a:p><a:p><a:pPr lvl="1"/><a:r><a:rPr lang="en-US" smtClean="0"/><a:t>Second level</a:t></a:r></a:p><a:p><a:pPr lvl="2"/><a:r><a:rPr lang="en-US" smtClean="0"/><a:t>Third level</a:t></a:r></a:p><a:p><a:pPr lvl="3"/><a:r><a:rPr lang="en-US" smtClean="0"/><a:t>Fourth level</a:t></a:r></a:p><a:p><a:pPr lvl="4"/><a:r><a:rPr lang="en-US" smtClean="0"/><a:t>Fifth level</a:t></a:r><a:endParaRPr lang="fr-BE"/></a:p></p:txBody></p:sp><p:sp><p:nvSpPr><p:cNvPr id="4" name="Date Placeholder 3"/><p:cNvSpPr><a:spLocks noGrp="1"/></p:cNvSpPr><p:nvPr><p:ph type="dt" sz="half" idx="10"/></p:nvPr></p:nvSpPr><p:spPr/><p:txBody><a:bodyPr/><a:lstStyle/><a:p><a:fld id="{FE1131D4-2524-4127-AF2F-94B9403B4AD8}" type="datetimeFigureOut"><a:rPr lang="fr-BE" smtClean="0"/><a:t>08-05-18</a:t></a:fld><a:endParaRPr lang="fr-BE"/></a:p></p:txBody></p:sp><p:sp><p:nvSpPr><p:cNvPr id="5" name="Footer Placeholder 4"/><p:cNvSpPr><a:spLocks noGrp="1"/></p:cNvSpPr><p:nvPr><p:ph type="ftr" sz="quarter" idx="11"/></p:nvPr></p:nvSpPr><p:spPr/><p:txBody><a:bodyPr/><a:lstStyle/><a:p><a:endParaRPr lang="fr-BE"/></a:p></p:txBody></p:sp><p:sp><p:nvSpPr><p:cNvPr id="6" name="Slide Number Placeholder 5"/><p:cNvSpPr><a:spLocks noGrp="1"/></p:cNvSpPr><p:nvPr><p:ph type="sldNum" sz="quarter" idx="12"/></p:nvPr></p:nvSpPr><p:spPr/><p:txBody><a:bodyPr/><a:lstStyle/><a:p><a:fld id="{D63888CA-63D6-4CA4-A1B9-1B5B2A88C2B2}" type="slidenum"><a:rPr lang="fr-BE" smtClean="0"/><a:t>‹#›</a:t></a:fld><a:endParaRPr lang="fr-BE"/></a:p></p:txBody></p:sp></p:spTree><p:extLst><p:ext uri="{BB962C8B-B14F-4D97-AF65-F5344CB8AC3E}"><p14:creationId xmlns:p14="http://schemas.microsoft.com/office/powerpoint/2010/main" val="2619464156"/></p:ext></p:extLst></p:cSld><p:clrMapOvr><a:masterClrMapping/></p:clrMapOvr></p:sldLayout></pkg:xmlData></pkg:part><pkg:part pkg:name="/ppt/slideMasters/slideMaster1.xml" pkg:contentType="application/vnd.openxmlformats-officedocument.presentationml.slideMaster+xml"><pkg:xmlData><p:sldMaster xmlns:a="http://schemas.openxmlformats.org/drawingml/2006/main" xmlns:r="http://schemas.openxmlformats.org/officeDocument/2006/relationships" xmlns:p="http://schemas.openxmlformats.org/presentationml/2006/main"><p:cSld><p:bg><p:bgRef idx="1001"><a:schemeClr val="bg1"/></p:bgRef></p:bg><p:spTree><p:nvGrpSpPr><p:cNvPr id="1" name=""/><p:cNvGrpSpPr/><p:nvPr/></p:nvGrpSpPr><p:grpSpPr><a:xfrm><a:off x="0" y="0"/><a:ext cx="0" cy="0"/><a:chOff x="0" y="0"/><a:chExt cx="0" cy="0"/></a:xfrm></p:grpSpPr><p:sp><p:nvSpPr><p:cNvPr id="2" name="Title Placeholder 1"/><p:cNvSpPr><a:spLocks noGrp="1"/></p:cNvSpPr><p:nvPr><p:ph type="title"/></p:nvPr></p:nvSpPr><p:spPr><a:xfrm><a:off x="838200" y="365125"/><a:ext cx="10515600" cy="1325563"/></a:xfrm><a:prstGeom prst="rect"><a:avLst/></a:prstGeom></p:spPr><p:txBody><a:bodyPr vert="horz" lIns="91440" tIns="45720" rIns="91440" bIns="45720" rtlCol="0" anchor="ctr"><a:normAutofit/></a:bodyPr><a:lstStyle/><a:p><a:r><a:rPr lang="en-US" smtClean="0"/><a:t>Click to edit Master title style</a:t></a:r><a:endParaRPr lang="fr-BE"/></a:p></p:txBody></p:sp><p:sp><p:nvSpPr><p:cNvPr id="3" name="Text Placeholder 2"/><p:cNvSpPr><a:spLocks noGrp="1"/></p:cNvSpPr><p:nvPr><p:ph type="body" idx="1"/></p:nvPr></p:nvSpPr><p:spPr><a:xfrm><a:off x="838200" y="1825625"/><a:ext cx="10515600" cy="4351338"/></a:xfrm><a:prstGeom prst="rect"><a:avLst/></a:prstGeom></p:spPr><p:txBody><a:bodyPr vert="horz" lIns="91440" tIns="45720" rIns="91440" bIns="45720" rtlCol="0"><a:normAutofit/></a:bodyPr><a:lstStyle/><a:p><a:pPr lvl="0"/><a:r><a:rPr lang="en-US" smtClean="0"/><a:t>Edit Master text styles</a:t></a:r></a:p><a:p><a:pPr lvl="1"/><a:r><a:rPr lang="en-US" smtClean="0"/><a:t>Second level</a:t></a:r></a:p><a:p><a:pPr lvl="2"/><a:r><a:rPr lang="en-US" smtClean="0"/><a:t>Third level</a:t></a:r></a:p><a:p><a:pPr lvl="3"/><a:r><a:rPr lang="en-US" smtClean="0"/><a:t>Fourth level</a:t></a:r></a:p><a:p><a:pPr lvl="4"/><a:r><a:rPr lang="en-US" smtClean="0"/><a:t>Fifth level</a:t></a:r><a:endParaRPr lang="fr-BE"/></a:p></p:txBody></p:sp><p:sp><p:nvSpPr><p:cNvPr id="4" name="Date Placeholder 3"/><p:cNvSpPr><a:spLocks noGrp="1"/></p:cNvSpPr><p:nvPr><p:ph type="dt" sz="half" idx="2"/></p:nvPr></p:nvSpPr><p:spPr><a:xfrm><a:off x="838200" y="6356350"/><a:ext cx="2743200" cy="365125"/></a:xfrm><a:prstGeom prst="rect"><a:avLst/></a:prstGeom></p:spPr><p:txBody><a:bodyPr vert="horz" lIns="91440" tIns="45720" rIns="91440" bIns="45720" rtlCol="0" anchor="ctr"/><a:lstStyle><a:lvl1pPr algn="l"><a:defRPr sz="1200"><a:solidFill><a:schemeClr val="tx1"><a:tint val="75000"/></a:schemeClr></a:solidFill></a:defRPr></a:lvl1pPr></a:lstStyle><a:p><a:fld id="{FE1131D4-2524-4127-AF2F-94B9403B4AD8}" type="datetimeFigureOut"><a:rPr lang="fr-BE" smtClean="0"/><a:t>08-05-18</a:t></a:fld><a:endParaRPr lang="fr-BE"/></a:p></p:txBody></p:sp><p:sp><p:nvSpPr><p:cNvPr id="5" name="Footer Placeholder 4"/><p:cNvSpPr><a:spLocks noGrp="1"/></p:cNvSpPr><p:nvPr><p:ph type="ftr" sz="quarter" idx="3"/></p:nvPr></p:nvSpPr><p:spPr><a:xfrm><a:off x="4038600" y="6356350"/><a:ext cx="4114800" cy="365125"/></a:xfrm><a:prstGeom prst="rect"><a:avLst/></a:prstGeom></p:spPr><p:txBody><a:bodyPr vert="horz" lIns="91440" tIns="45720" rIns="91440" bIns="45720" rtlCol="0" anchor="ctr"/><a:lstStyle><a:lvl1pPr algn="ctr"><a:defRPr sz="1200"><a:solidFill><a:schemeClr val="tx1"><a:tint val="75000"/></a:schemeClr></a:solidFill></a:defRPr></a:lvl1pPr></a:lstStyle><a:p><a:endParaRPr lang="fr-BE"/></a:p></p:txBody></p:sp><p:sp><p:nvSpPr><p:cNvPr id="6" name="Slide Number Placeholder 5"/><p:cNvSpPr><a:spLocks noGrp="1"/></p:cNvSpPr><p:nvPr><p:ph type="sldNum" sz="quarter" idx="4"/></p:nvPr></p:nvSpPr><p:spPr><a:xfrm><a:off x="8610600" y="6356350"/><a:ext cx="2743200" cy="365125"/></a:xfrm><a:prstGeom prst="rect"><a:avLst/></a:prstGeom></p:spPr><p:txBody><a:bodyPr vert="horz" lIns="91440" tIns="45720" rIns="91440" bIns="45720" rtlCol="0" anchor="ctr"/><a:lstStyle><a:lvl1pPr algn="r"><a:defRPr sz="1200"><a:solidFill><a:schemeClr val="tx1"><a:tint val="75000"/></a:schemeClr></a:solidFill></a:defRPr></a:lvl1pPr></a:lstStyle><a:p><a:fld id="{D63888CA-63D6-4CA4-A1B9-1B5B2A88C2B2}" type="slidenum"><a:rPr lang="fr-BE" smtClean="0"/><a:t>‹#›</a:t></a:fld><a:endParaRPr lang="fr-BE"/></a:p></p:txBody></p:sp></p:spTree><p:extLst><p:ext uri="{BB962C8B-B14F-4D97-AF65-F5344CB8AC3E}"><p14:creationId xmlns:p14="http://schemas.microsoft.com/office/powerpoint/2010/main" val="3483704867"/></p:ext></p:extLst></p:cSld><p:clrMap bg1="lt1" tx1="dk1" bg2="lt2" tx2="dk2" accent1="accent1" accent2="accent2" accent3="accent3" accent4="accent4" accent5="accent5" accent6="accent6" hlink="hlink" folHlink="folHlink"/><p:sldLayoutIdLst><p:sldLayoutId id="2147483649" r:id="rId1"/><p:sldLayoutId id="2147483650" r:id="rId2"/><p:sldLayoutId id="2147483651" r:id="rId3"/><p:sldLayoutId id="2147483652" r:id="rId4"/><p:sldLayoutId id="2147483653" r:id="rId5"/><p:sldLayoutId id="2147483654" r:id="rId6"/><p:sldLayoutId id="2147483655" r:id="rId7"/><p:sldLayoutId id="2147483656" r:id="rId8"/><p:sldLayoutId id="2147483657" r:id="rId9"/><p:sldLayoutId id="2147483658" r:id="rId10"/><p:sldLayoutId id="2147483659" r:id="rId11"/></p:sldLayoutIdLst><p:txStyles><p:titleStyle><a:lvl1pPr algn="l" defTabSz="914400" rtl="0" eaLnBrk="1" latinLnBrk="0" hangingPunct="1"><a:lnSpc><a:spcPct val="90000"/></a:lnSpc><a:spcBef><a:spcPct val="0"/></a:spcBef><a:buNone/><a:defRPr sz="4400" kern="1200"><a:solidFill><a:schemeClr val="tx1"/></a:solidFill><a:latin typeface="+mj-lt"/><a:ea typeface="+mj-ea"/><a:cs typeface="+mj-cs"/></a:defRPr></a:lvl1pPr></p:titleStyle><p:bodyStyle><a:lvl1pPr marL="228600" indent="-228600" algn="l" defTabSz="914400" rtl="0" eaLnBrk="1" latinLnBrk="0" hangingPunct="1"><a:lnSpc><a:spcPct val="90000"/></a:lnSpc><a:spcBef><a:spcPts val="1000"/></a:spcBef><a:buFont typeface="Arial" panose="020B0604020202020204" pitchFamily="34" charset="0"/><a:buChar char="•"/><a:defRPr sz="2800" kern="1200"><a:solidFill><a:schemeClr val="tx1"/></a:solidFill><a:latin typeface="+mn-lt"/><a:ea typeface="+mn-ea"/><a:cs typeface="+mn-cs"/></a:defRPr></a:lvl1pPr><a:lvl2pPr marL="685800" indent="-228600" algn="l" defTabSz="914400" rtl="0" eaLnBrk="1" latinLnBrk="0" hangingPunct="1"><a:lnSpc><a:spcPct val="90000"/></a:lnSpc><a:spcBef><a:spcPts val="500"/></a:spcBef><a:buFont typeface="Arial" panose="020B0604020202020204" pitchFamily="34" charset="0"/><a:buChar char="•"/><a:defRPr sz="2400" kern="1200"><a:solidFill><a:schemeClr val="tx1"/></a:solidFill><a:latin typeface="+mn-lt"/><a:ea typeface="+mn-ea"/><a:cs typeface="+mn-cs"/></a:defRPr></a:lvl2pPr><a:lvl3pPr marL="1143000" indent="-228600" algn="l" defTabSz="914400" rtl="0" eaLnBrk="1" latinLnBrk="0" hangingPunct="1"><a:lnSpc><a:spcPct val="90000"/></a:lnSpc><a:spcBef><a:spcPts val="500"/></a:spcBef><a:buFont typeface="Arial" panose="020B0604020202020204" pitchFamily="34" charset="0"/><a:buChar char="•"/><a:defRPr sz="2000" kern="1200"><a:solidFill><a:schemeClr val="tx1"/></a:solidFill><a:latin typeface="+mn-lt"/><a:ea typeface="+mn-ea"/><a:cs typeface="+mn-cs"/></a:defRPr></a:lvl3pPr><a:lvl4pPr marL="1600200" indent="-228600" algn="l" defTabSz="914400" rtl="0" eaLnBrk="1" latinLnBrk="0" hangingPunct="1"><a:lnSpc><a:spcPct val="90000"/></a:lnSpc><a:spcBef><a:spcPts val="500"/></a:spcBef><a:buFont typeface="Arial" panose="020B0604020202020204" pitchFamily="34" charset="0"/><a:buChar char="•"/><a:defRPr sz="1800" kern="1200"><a:solidFill><a:schemeClr val="tx1"/></a:solidFill><a:latin typeface="+mn-lt"/><a:ea typeface="+mn-ea"/><a:cs typeface="+mn-cs"/></a:defRPr></a:lvl4pPr><a:lvl5pPr marL="2057400" indent="-228600" algn="l" defTabSz="914400" rtl="0" eaLnBrk="1" latinLnBrk="0" hangingPunct="1"><a:lnSpc><a:spcPct val="90000"/></a:lnSpc><a:spcBef><a:spcPts val="500"/></a:spcBef><a:buFont typeface="Arial" panose="020B0604020202020204" pitchFamily="34" charset="0"/><a:buChar char="•"/><a:defRPr sz="1800" kern="1200"><a:solidFill><a:schemeClr val="tx1"/></a:solidFill><a:latin typeface="+mn-lt"/><a:ea typeface="+mn-ea"/><a:cs typeface="+mn-cs"/></a:defRPr></a:lvl5pPr><a:lvl6pPr marL="2514600" indent="-228600" algn="l" defTabSz="914400" rtl="0" eaLnBrk="1" latinLnBrk="0" hangingPunct="1"><a:lnSpc><a:spcPct val="90000"/></a:lnSpc><a:spcBef><a:spcPts val="500"/></a:spcBef><a:buFont typeface="Arial" panose="020B0604020202020204" pitchFamily="34" charset="0"/><a:buChar char="•"/><a:defRPr sz="1800" kern="1200"><a:solidFill><a:schemeClr val="tx1"/></a:solidFill><a:latin typeface="+mn-lt"/><a:ea typeface="+mn-ea"/><a:cs typeface="+mn-cs"/></a:defRPr></a:lvl6pPr><a:lvl7pPr marL="2971800" indent="-228600" algn="l" defTabSz="914400" rtl="0" eaLnBrk="1" latinLnBrk="0" hangingPunct="1"><a:lnSpc><a:spcPct val="90000"/></a:lnSpc><a:spcBef><a:spcPts val="500"/></a:spcBef><a:buFont typeface="Arial" panose="020B0604020202020204" pitchFamily="34" charset="0"/><a:buChar char="•"/><a:defRPr sz="1800" kern="1200"><a:solidFill><a:schemeClr val="tx1"/></a:solidFill><a:latin typeface="+mn-lt"/><a:ea typeface="+mn-ea"/><a:cs typeface="+mn-cs"/></a:defRPr></a:lvl7pPr><a:lvl8pPr marL="3429000" indent="-228600" algn="l" defTabSz="914400" rtl="0" eaLnBrk="1" latinLnBrk="0" hangingPunct="1"><a:lnSpc><a:spcPct val="90000"/></a:lnSpc><a:spcBef><a:spcPts val="500"/></a:spcBef><a:buFont typeface="Arial" panose="020B0604020202020204" pitchFamily="34" charset="0"/><a:buChar char="•"/><a:defRPr sz="1800" kern="1200"><a:solidFill><a:schemeClr val="tx1"/></a:solidFill><a:latin typeface="+mn-lt"/><a:ea typeface="+mn-ea"/><a:cs typeface="+mn-cs"/></a:defRPr></a:lvl8pPr><a:lvl9pPr marL="3886200" indent="-228600" algn="l" defTabSz="914400" rtl="0" eaLnBrk="1" latinLnBrk="0" hangingPunct="1"><a:lnSpc><a:spcPct val="90000"/></a:lnSpc><a:spcBef><a:spcPts val="500"/></a:spcBef><a:buFont typeface="Arial" panose="020B0604020202020204" pitchFamily="34" charset="0"/><a:buChar char="•"/><a:defRPr sz="1800" kern="1200"><a:solidFill><a:schemeClr val="tx1"/></a:solidFill><a:latin typeface="+mn-lt"/><a:ea typeface="+mn-ea"/><a:cs typeface="+mn-cs"/></a:defRPr></a:lvl9pPr></p:bodyStyle><p:otherStyle><a:defPPr><a:defRPr lang="fr-FR"/></a:defPPr><a:lvl1pPr marL="0" algn="l" defTabSz="914400" rtl="0" eaLnBrk="1" latinLnBrk="0" hangingPunct="1"><a:defRPr sz="1800" kern="1200"><a:solidFill><a:schemeClr val="tx1"/></a:solidFill><a:latin typeface="+mn-lt"/><a:ea typeface="+mn-ea"/><a:cs typeface="+mn-cs"/></a:defRPr></a:lvl1pPr><a:lvl2pPr marL="457200" algn="l" defTabSz="914400" rtl="0" eaLnBrk="1" latinLnBrk="0" hangingPunct="1"><a:defRPr sz="1800" kern="1200"><a:solidFill><a:schemeClr val="tx1"/></a:solidFill><a:latin typeface="+mn-lt"/><a:ea typeface="+mn-ea"/><a:cs typeface="+mn-cs"/></a:defRPr></a:lvl2pPr><a:lvl3pPr marL="914400" algn="l" defTabSz="914400" rtl="0" eaLnBrk="1" latinLnBrk="0" hangingPunct="1"><a:defRPr sz="1800" kern="1200"><a:solidFill><a:schemeClr val="tx1"/></a:solidFill><a:latin typeface="+mn-lt"/><a:ea typeface="+mn-ea"/><a:cs typeface="+mn-cs"/></a:defRPr></a:lvl3pPr><a:lvl4pPr marL="1371600" algn="l" defTabSz="914400" rtl="0" eaLnBrk="1" latinLnBrk="0" hangingPunct="1"><a:defRPr sz="1800" kern="1200"><a:solidFill><a:schemeClr val="tx1"/></a:solidFill><a:latin typeface="+mn-lt"/><a:ea typeface="+mn-ea"/><a:cs typeface="+mn-cs"/></a:defRPr></a:lvl4pPr><a:lvl5pPr marL="1828800" algn="l" defTabSz="914400" rtl="0" eaLnBrk="1" latinLnBrk="0" hangingPunct="1"><a:defRPr sz="1800" kern="1200"><a:solidFill><a:schemeClr val="tx1"/></a:solidFill><a:latin typeface="+mn-lt"/><a:ea typeface="+mn-ea"/><a:cs typeface="+mn-cs"/></a:defRPr></a:lvl5pPr><a:lvl6pPr marL="2286000" algn="l" defTabSz="914400" rtl="0" eaLnBrk="1" latinLnBrk="0" hangingPunct="1"><a:defRPr sz="1800" kern="1200"><a:solidFill><a:schemeClr val="tx1"/></a:solidFill><a:latin typeface="+mn-lt"/><a:ea typeface="+mn-ea"/><a:cs typeface="+mn-cs"/></a:defRPr></a:lvl6pPr><a:lvl7pPr marL="2743200" algn="l" defTabSz="914400" rtl="0" eaLnBrk="1" latinLnBrk="0" hangingPunct="1"><a:defRPr sz="1800" kern="1200"><a:solidFill><a:schemeClr val="tx1"/></a:solidFill><a:latin typeface="+mn-lt"/><a:ea typeface="+mn-ea"/><a:cs typeface="+mn-cs"/></a:defRPr></a:lvl7pPr><a:lvl8pPr marL="3200400" algn="l" defTabSz="914400" rtl="0" eaLnBrk="1" latinLnBrk="0" hangingPunct="1"><a:defRPr sz="1800" kern="1200"><a:solidFill><a:schemeClr val="tx1"/></a:solidFill><a:latin typeface="+mn-lt"/><a:ea typeface="+mn-ea"/><a:cs typeface="+mn-cs"/></a:defRPr></a:lvl8pPr><a:lvl9pPr marL="3657600" algn="l" defTabSz="914400" rtl="0" eaLnBrk="1" latinLnBrk="0" hangingPunct="1"><a:defRPr sz="1800" kern="1200"><a:solidFill><a:schemeClr val="tx1"/></a:solidFill><a:latin typeface="+mn-lt"/><a:ea typeface="+mn-ea"/><a:cs typeface="+mn-cs"/></a:defRPr></a:lvl9pPr></p:otherStyle></p:txStyles></p:sldMaster></pkg:xmlData></pkg:part><pkg:part pkg:name="/ppt/slideLayouts/slideLayout4.xml" pkg:contentType="application/vnd.openxmlformats-officedocument.presentationml.slideLayout+xml"><pkg:xmlData><p:sldLayout xmlns:a="http://schemas.openxmlformats.org/drawingml/2006/main" xmlns:r="http://schemas.openxmlformats.org/officeDocument/2006/relationships" xmlns:p="http://schemas.openxmlformats.org/presentationml/2006/main" type="twoObj" preserve="1"><p:cSld name="Two Content"><p:spTree><p:nvGrpSpPr><p:cNvPr id="1" name=""/><p:cNvGrpSpPr/><p:nvPr/></p:nvGrpSpPr><p:grpSpPr><a:xfrm><a:off x="0" y="0"/><a:ext cx="0" cy="0"/><a:chOff x="0" y="0"/><a:chExt cx="0" cy="0"/></a:xfrm></p:grpSpPr><p:sp><p:nvSpPr><p:cNvPr id="2" name="Title 1"/><p:cNvSpPr><a:spLocks noGrp="1"/></p:cNvSpPr><p:nvPr><p:ph type="title"/></p:nvPr></p:nvSpPr><p:spPr/><p:txBody><a:bodyPr/><a:lstStyle/><a:p><a:r><a:rPr lang="en-US" smtClean="0"/><a:t>Click to edit Master title style</a:t></a:r><a:endParaRPr lang="fr-BE"/></a:p></p:txBody></p:sp><p:sp><p:nvSpPr><p:cNvPr id="3" name="Content Placeholder 2"/><p:cNvSpPr><a:spLocks noGrp="1"/></p:cNvSpPr><p:nvPr><p:ph sz="half" idx="1"/></p:nvPr></p:nvSpPr><p:spPr><a:xfrm><a:off x="838200" y="1825625"/><a:ext cx="5181600" cy="4351338"/></a:xfrm></p:spPr><p:txBody><a:bodyPr/><a:lstStyle/><a:p><a:pPr lvl="0"/><a:r><a:rPr lang="en-US" smtClean="0"/><a:t>Edit Master text styles</a:t></a:r></a:p><a:p><a:pPr lvl="1"/><a:r><a:rPr lang="en-US" smtClean="0"/><a:t>Second level</a:t></a:r></a:p><a:p><a:pPr lvl="2"/><a:r><a:rPr lang="en-US" smtClean="0"/><a:t>Third level</a:t></a:r></a:p><a:p><a:pPr lvl="3"/><a:r><a:rPr lang="en-US" smtClean="0"/><a:t>Fourth level</a:t></a:r></a:p><a:p><a:pPr lvl="4"/><a:r><a:rPr lang="en-US" smtClean="0"/><a:t>Fifth level</a:t></a:r><a:endParaRPr lang="fr-BE"/></a:p></p:txBody></p:sp><p:sp><p:nvSpPr><p:cNvPr id="4" name="Content Placeholder 3"/><p:cNvSpPr><a:spLocks noGrp="1"/></p:cNvSpPr><p:nvPr><p:ph sz="half" idx="2"/></p:nvPr></p:nvSpPr><p:spPr><a:xfrm><a:off x="6172200" y="1825625"/><a:ext cx="5181600" cy="4351338"/></a:xfrm></p:spPr><p:txBody><a:bodyPr/><a:lstStyle/><a:p><a:pPr lvl="0"/><a:r><a:rPr lang="en-US" smtClean="0"/><a:t>Edit Master text styles</a:t></a:r></a:p><a:p><a:pPr lvl="1"/><a:r><a:rPr lang="en-US" smtClean="0"/><a:t>Second level</a:t></a:r></a:p><a:p><a:pPr lvl="2"/><a:r><a:rPr lang="en-US" smtClean="0"/><a:t>Third level</a:t></a:r></a:p><a:p><a:pPr lvl="3"/><a:r><a:rPr lang="en-US" smtClean="0"/><a:t>Fourth level</a:t></a:r></a:p><a:p><a:pPr lvl="4"/><a:r><a:rPr lang="en-US" smtClean="0"/><a:t>Fifth level</a:t></a:r><a:endParaRPr lang="fr-BE"/></a:p></p:txBody></p:sp><p:sp><p:nvSpPr><p:cNvPr id="5" name="Date Placeholder 4"/><p:cNvSpPr><a:spLocks noGrp="1"/></p:cNvSpPr><p:nvPr><p:ph type="dt" sz="half" idx="10"/></p:nvPr></p:nvSpPr><p:spPr/><p:txBody><a:bodyPr/><a:lstStyle/><a:p><a:fld id="{FE1131D4-2524-4127-AF2F-94B9403B4AD8}" type="datetimeFigureOut"><a:rPr lang="fr-BE" smtClean="0"/><a:t>08-05-18</a:t></a:fld><a:endParaRPr lang="fr-BE"/></a:p></p:txBody></p:sp><p:sp><p:nvSpPr><p:cNvPr id="6" name="Footer Placeholder 5"/><p:cNvSpPr><a:spLocks noGrp="1"/></p:cNvSpPr><p:nvPr><p:ph type="ftr" sz="quarter" idx="11"/></p:nvPr></p:nvSpPr><p:spPr/><p:txBody><a:bodyPr/><a:lstStyle/><a:p><a:endParaRPr lang="fr-BE"/></a:p></p:txBody></p:sp><p:sp><p:nvSpPr><p:cNvPr id="7" name="Slide Number Placeholder 6"/><p:cNvSpPr><a:spLocks noGrp="1"/></p:cNvSpPr><p:nvPr><p:ph type="sldNum" sz="quarter" idx="12"/></p:nvPr></p:nvSpPr><p:spPr/><p:txBody><a:bodyPr/><a:lstStyle/><a:p><a:fld id="{D63888CA-63D6-4CA4-A1B9-1B5B2A88C2B2}" type="slidenum"><a:rPr lang="fr-BE" smtClean="0"/><a:t>‹#›</a:t></a:fld><a:endParaRPr lang="fr-BE"/></a:p></p:txBody></p:sp></p:spTree><p:extLst><p:ext uri="{BB962C8B-B14F-4D97-AF65-F5344CB8AC3E}"><p14:creationId xmlns:p14="http://schemas.microsoft.com/office/powerpoint/2010/main" val="2107132675"/></p:ext></p:extLst></p:cSld><p:clrMapOvr><a:masterClrMapping/></p:clrMapOvr></p:sldLayout></pkg:xmlData></pkg:part><pkg:part pkg:name="/ppt/slideLayouts/slideLayout3.xml" pkg:contentType="application/vnd.openxmlformats-officedocument.presentationml.slideLayout+xml"><pkg:xmlData><p:sldLayout xmlns:a="http://schemas.openxmlformats.org/drawingml/2006/main" xmlns:r="http://schemas.openxmlformats.org/officeDocument/2006/relationships" xmlns:p="http://schemas.openxmlformats.org/presentationml/2006/main" type="secHead" preserve="1"><p:cSld name="Section Header"><p:spTree><p:nvGrpSpPr><p:cNvPr id="1" name=""/><p:cNvGrpSpPr/><p:nvPr/></p:nvGrpSpPr><p:grpSpPr><a:xfrm><a:off x="0" y="0"/><a:ext cx="0" cy="0"/><a:chOff x="0" y="0"/><a:chExt cx="0" cy="0"/></a:xfrm></p:grpSpPr><p:sp><p:nvSpPr><p:cNvPr id="2" name="Title 1"/><p:cNvSpPr><a:spLocks noGrp="1"/></p:cNvSpPr><p:nvPr><p:ph type="title"/></p:nvPr></p:nvSpPr><p:spPr><a:xfrm><a:off x="831850" y="1709738"/><a:ext cx="10515600" cy="2852737"/></a:xfrm></p:spPr><p:txBody><a:bodyPr anchor="b"/><a:lstStyle><a:lvl1pPr><a:defRPr sz="6000"/></a:lvl1pPr></a:lstStyle><a:p><a:r><a:rPr lang="en-US" smtClean="0"/><a:t>Click to edit Master title style</a:t></a:r><a:endParaRPr lang="fr-BE"/></a:p></p:txBody></p:sp><p:sp><p:nvSpPr><p:cNvPr id="3" name="Text Placeholder 2"/><p:cNvSpPr><a:spLocks noGrp="1"/></p:cNvSpPr><p:nvPr><p:ph type="body" idx="1"/></p:nvPr></p:nvSpPr><p:spPr><a:xfrm><a:off x="831850" y="4589463"/><a:ext cx="10515600" cy="1500187"/></a:xfrm></p:spPr><p:txBody><a:bodyPr/><a:lstStyle><a:lvl1pPr marL="0" indent="0"><a:buNone/><a:defRPr sz="2400"><a:solidFill><a:schemeClr val="tx1"><a:tint val="75000"/></a:schemeClr></a:solidFill></a:defRPr></a:lvl1pPr><a:lvl2pPr marL="457200" indent="0"><a:buNone/><a:defRPr sz="2000"><a:solidFill><a:schemeClr val="tx1"><a:tint val="75000"/></a:schemeClr></a:solidFill></a:defRPr></a:lvl2pPr><a:lvl3pPr marL="914400" indent="0"><a:buNone/><a:defRPr sz="1800"><a:solidFill><a:schemeClr val="tx1"><a:tint val="75000"/></a:schemeClr></a:solidFill></a:defRPr></a:lvl3pPr><a:lvl4pPr marL="1371600" indent="0"><a:buNone/><a:defRPr sz="1600"><a:solidFill><a:schemeClr val="tx1"><a:tint val="75000"/></a:schemeClr></a:solidFill></a:defRPr></a:lvl4pPr><a:lvl5pPr marL="1828800" indent="0"><a:buNone/><a:defRPr sz="1600"><a:solidFill><a:schemeClr val="tx1"><a:tint val="75000"/></a:schemeClr></a:solidFill></a:defRPr></a:lvl5pPr><a:lvl6pPr marL="2286000" indent="0"><a:buNone/><a:defRPr sz="1600"><a:solidFill><a:schemeClr val="tx1"><a:tint val="75000"/></a:schemeClr></a:solidFill></a:defRPr></a:lvl6pPr><a:lvl7pPr marL="2743200" indent="0"><a:buNone/><a:defRPr sz="1600"><a:solidFill><a:schemeClr val="tx1"><a:tint val="75000"/></a:schemeClr></a:solidFill></a:defRPr></a:lvl7pPr><a:lvl8pPr marL="3200400" indent="0"><a:buNone/><a:defRPr sz="1600"><a:solidFill><a:schemeClr val="tx1"><a:tint val="75000"/></a:schemeClr></a:solidFill></a:defRPr></a:lvl8pPr><a:lvl9pPr marL="3657600" indent="0"><a:buNone/><a:defRPr sz="1600"><a:solidFill><a:schemeClr val="tx1"><a:tint val="75000"/></a:schemeClr></a:solidFill></a:defRPr></a:lvl9pPr></a:lstStyle><a:p><a:pPr lvl="0"/><a:r><a:rPr lang="en-US" smtClean="0"/><a:t>Edit Master text styles</a:t></a:r></a:p></p:txBody></p:sp><p:sp><p:nvSpPr><p:cNvPr id="4" name="Date Placeholder 3"/><p:cNvSpPr><a:spLocks noGrp="1"/></p:cNvSpPr><p:nvPr><p:ph type="dt" sz="half" idx="10"/></p:nvPr></p:nvSpPr><p:spPr/><p:txBody><a:bodyPr/><a:lstStyle/><a:p><a:fld id="{FE1131D4-2524-4127-AF2F-94B9403B4AD8}" type="datetimeFigureOut"><a:rPr lang="fr-BE" smtClean="0"/><a:t>08-05-18</a:t></a:fld><a:endParaRPr lang="fr-BE"/></a:p></p:txBody></p:sp><p:sp><p:nvSpPr><p:cNvPr id="5" name="Footer Placeholder 4"/><p:cNvSpPr><a:spLocks noGrp="1"/></p:cNvSpPr><p:nvPr><p:ph type="ftr" sz="quarter" idx="11"/></p:nvPr></p:nvSpPr><p:spPr/><p:txBody><a:bodyPr/><a:lstStyle/><a:p><a:endParaRPr lang="fr-BE"/></a:p></p:txBody></p:sp><p:sp><p:nvSpPr><p:cNvPr id="6" name="Slide Number Placeholder 5"/><p:cNvSpPr><a:spLocks noGrp="1"/></p:cNvSpPr><p:nvPr><p:ph type="sldNum" sz="quarter" idx="12"/></p:nvPr></p:nvSpPr><p:spPr/><p:txBody><a:bodyPr/><a:lstStyle/><a:p><a:fld id="{D63888CA-63D6-4CA4-A1B9-1B5B2A88C2B2}" type="slidenum"><a:rPr lang="fr-BE" smtClean="0"/><a:t>‹#›</a:t></a:fld><a:endParaRPr lang="fr-BE"/></a:p></p:txBody></p:sp></p:spTree><p:extLst><p:ext uri="{BB962C8B-B14F-4D97-AF65-F5344CB8AC3E}"><p14:creationId xmlns:p14="http://schemas.microsoft.com/office/powerpoint/2010/main" val="3529935294"/></p:ext></p:extLst></p:cSld><p:clrMapOvr><a:masterClrMapping/></p:clrMapOvr></p:sldLayout></pkg:xmlData></pkg:part><pkg:part pkg:name="/ppt/slideLayouts/slideLayout2.xml" pkg:contentType="application/vnd.openxmlformats-officedocument.presentationml.slideLayout+xml"><pkg:xmlData><p:sldLayout xmlns:a="http://schemas.openxmlformats.org/drawingml/2006/main" xmlns:r="http://schemas.openxmlformats.org/officeDocument/2006/relationships" xmlns:p="http://schemas.openxmlformats.org/presentationml/2006/main" type="obj" preserve="1"><p:cSld name="Title and Content"><p:spTree><p:nvGrpSpPr><p:cNvPr id="1" name=""/><p:cNvGrpSpPr/><p:nvPr/></p:nvGrpSpPr><p:grpSpPr><a:xfrm><a:off x="0" y="0"/><a:ext cx="0" cy="0"/><a:chOff x="0" y="0"/><a:chExt cx="0" cy="0"/></a:xfrm></p:grpSpPr><p:sp><p:nvSpPr><p:cNvPr id="2" name="Title 1"/><p:cNvSpPr><a:spLocks noGrp="1"/></p:cNvSpPr><p:nvPr><p:ph type="title"/></p:nvPr></p:nvSpPr><p:spPr/><p:txBody><a:bodyPr/><a:lstStyle/><a:p><a:r><a:rPr lang="en-US" smtClean="0"/><a:t>Click to edit Master title style</a:t></a:r><a:endParaRPr lang="fr-BE"/></a:p></p:txBody></p:sp><p:sp><p:nvSpPr><p:cNvPr id="3" name="Content Placeholder 2"/><p:cNvSpPr><a:spLocks noGrp="1"/></p:cNvSpPr><p:nvPr><p:ph idx="1"/></p:nvPr></p:nvSpPr><p:spPr/><p:txBody><a:bodyPr/><a:lstStyle/><a:p><a:pPr lvl="0"/><a:r><a:rPr lang="en-US" smtClean="0"/><a:t>Edit Master text styles</a:t></a:r></a:p><a:p><a:pPr lvl="1"/><a:r><a:rPr lang="en-US" smtClean="0"/><a:t>Second level</a:t></a:r></a:p><a:p><a:pPr lvl="2"/><a:r><a:rPr lang="en-US" smtClean="0"/><a:t>Third level</a:t></a:r></a:p><a:p><a:pPr lvl="3"/><a:r><a:rPr lang="en-US" smtClean="0"/><a:t>Fourth level</a:t></a:r></a:p><a:p><a:pPr lvl="4"/><a:r><a:rPr lang="en-US" smtClean="0"/><a:t>Fifth level</a:t></a:r><a:endParaRPr lang="fr-BE"/></a:p></p:txBody></p:sp><p:sp><p:nvSpPr><p:cNvPr id="4" name="Date Placeholder 3"/><p:cNvSpPr><a:spLocks noGrp="1"/></p:cNvSpPr><p:nvPr><p:ph type="dt" sz="half" idx="10"/></p:nvPr></p:nvSpPr><p:spPr/><p:txBody><a:bodyPr/><a:lstStyle/><a:p><a:fld id="{FE1131D4-2524-4127-AF2F-94B9403B4AD8}" type="datetimeFigureOut"><a:rPr lang="fr-BE" smtClean="0"/><a:t>08-05-18</a:t></a:fld><a:endParaRPr lang="fr-BE"/></a:p></p:txBody></p:sp><p:sp><p:nvSpPr><p:cNvPr id="5" name="Footer Placeholder 4"/><p:cNvSpPr><a:spLocks noGrp="1"/></p:cNvSpPr><p:nvPr><p:ph type="ftr" sz="quarter" idx="11"/></p:nvPr></p:nvSpPr><p:spPr/><p:txBody><a:bodyPr/><a:lstStyle/><a:p><a:endParaRPr lang="fr-BE"/></a:p></p:txBody></p:sp><p:sp><p:nvSpPr><p:cNvPr id="6" name="Slide Number Placeholder 5"/><p:cNvSpPr><a:spLocks noGrp="1"/></p:cNvSpPr><p:nvPr><p:ph type="sldNum" sz="quarter" idx="12"/></p:nvPr></p:nvSpPr><p:spPr/><p:txBody><a:bodyPr/><a:lstStyle/><a:p><a:fld id="{D63888CA-63D6-4CA4-A1B9-1B5B2A88C2B2}" type="slidenum"><a:rPr lang="fr-BE" smtClean="0"/><a:t>‹#›</a:t></a:fld><a:endParaRPr lang="fr-BE"/></a:p></p:txBody></p:sp></p:spTree><p:extLst><p:ext uri="{BB962C8B-B14F-4D97-AF65-F5344CB8AC3E}"><p14:creationId xmlns:p14="http://schemas.microsoft.com/office/powerpoint/2010/main" val="3176108438"/></p:ext></p:extLst></p:cSld><p:clrMapOvr><a:masterClrMapping/></p:clrMapOvr></p:sldLayout></pkg:xmlData></pkg:part><pkg:part pkg:name="/ppt/slideLayouts/slideLayout1.xml" pkg:contentType="application/vnd.openxmlformats-officedocument.presentationml.slideLayout+xml"><pkg:xmlData><p:sldLayout xmlns:a="http://schemas.openxmlformats.org/drawingml/2006/main" xmlns:r="http://schemas.openxmlformats.org/officeDocument/2006/relationships" xmlns:p="http://schemas.openxmlformats.org/presentationml/2006/main" type="title" preserve="1"><p:cSld name="Title Slide"><p:spTree><p:nvGrpSpPr><p:cNvPr id="1" name=""/><p:cNvGrpSpPr/><p:nvPr/></p:nvGrpSpPr><p:grpSpPr><a:xfrm><a:off x="0" y="0"/><a:ext cx="0" cy="0"/><a:chOff x="0" y="0"/><a:chExt cx="0" cy="0"/></a:xfrm></p:grpSpPr><p:sp><p:nvSpPr><p:cNvPr id="2" name="Title 1"/><p:cNvSpPr><a:spLocks noGrp="1"/></p:cNvSpPr><p:nvPr><p:ph type="ctrTitle"/></p:nvPr></p:nvSpPr><p:spPr><a:xfrm><a:off x="1524000" y="1122363"/><a:ext cx="9144000" cy="2387600"/></a:xfrm></p:spPr><p:txBody><a:bodyPr anchor="b"/><a:lstStyle><a:lvl1pPr algn="ctr"><a:defRPr sz="6000"/></a:lvl1pPr></a:lstStyle><a:p><a:r><a:rPr lang="en-US" smtClean="0"/><a:t>Click to edit Master title style</a:t></a:r><a:endParaRPr lang="fr-BE"/></a:p></p:txBody></p:sp><p:sp><p:nvSpPr><p:cNvPr id="3" name="Subtitle 2"/><p:cNvSpPr><a:spLocks noGrp="1"/></p:cNvSpPr><p:nvPr><p:ph type="subTitle" idx="1"/></p:nvPr></p:nvSpPr><p:spPr><a:xfrm><a:off x="1524000" y="3602038"/><a:ext cx="9144000" cy="1655762"/></a:xfrm></p:spPr><p:txBody><a:bodyPr/><a:lstStyle><a:lvl1pPr marL="0" indent="0" algn="ctr"><a:buNone/><a:defRPr sz="2400"/></a:lvl1pPr><a:lvl2pPr marL="457200" indent="0" algn="ctr"><a:buNone/><a:defRPr sz="2000"/></a:lvl2pPr><a:lvl3pPr marL="914400" indent="0" algn="ctr"><a:buNone/><a:defRPr sz="1800"/></a:lvl3pPr><a:lvl4pPr marL="1371600" indent="0" algn="ctr"><a:buNone/><a:defRPr sz="1600"/></a:lvl4pPr><a:lvl5pPr marL="1828800" indent="0" algn="ctr"><a:buNone/><a:defRPr sz="1600"/></a:lvl5pPr><a:lvl6pPr marL="2286000" indent="0" algn="ctr"><a:buNone/><a:defRPr sz="1600"/></a:lvl6pPr><a:lvl7pPr marL="2743200" indent="0" algn="ctr"><a:buNone/><a:defRPr sz="1600"/></a:lvl7pPr><a:lvl8pPr marL="3200400" indent="0" algn="ctr"><a:buNone/><a:defRPr sz="1600"/></a:lvl8pPr><a:lvl9pPr marL="3657600" indent="0" algn="ctr"><a:buNone/><a:defRPr sz="1600"/></a:lvl9pPr></a:lstStyle><a:p><a:r><a:rPr lang="en-US" smtClean="0"/><a:t>Click to edit Master subtitle style</a:t></a:r><a:endParaRPr lang="fr-BE"/></a:p></p:txBody></p:sp><p:sp><p:nvSpPr><p:cNvPr id="4" name="Date Placeholder 3"/><p:cNvSpPr><a:spLocks noGrp="1"/></p:cNvSpPr><p:nvPr><p:ph type="dt" sz="half" idx="10"/></p:nvPr></p:nvSpPr><p:spPr/><p:txBody><a:bodyPr/><a:lstStyle/><a:p><a:fld id="{FE1131D4-2524-4127-AF2F-94B9403B4AD8}" type="datetimeFigureOut"><a:rPr lang="fr-BE" smtClean="0"/><a:t>08-05-18</a:t></a:fld><a:endParaRPr lang="fr-BE"/></a:p></p:txBody></p:sp><p:sp><p:nvSpPr><p:cNvPr id="5" name="Footer Placeholder 4"/><p:cNvSpPr><a:spLocks noGrp="1"/></p:cNvSpPr><p:nvPr><p:ph type="ftr" sz="quarter" idx="11"/></p:nvPr></p:nvSpPr><p:spPr/><p:txBody><a:bodyPr/><a:lstStyle/><a:p><a:endParaRPr lang="fr-BE"/></a:p></p:txBody></p:sp><p:sp><p:nvSpPr><p:cNvPr id="6" name="Slide Number Placeholder 5"/><p:cNvSpPr><a:spLocks noGrp="1"/></p:cNvSpPr><p:nvPr><p:ph type="sldNum" sz="quarter" idx="12"/></p:nvPr></p:nvSpPr><p:spPr/><p:txBody><a:bodyPr/><a:lstStyle/><a:p><a:fld id="{D63888CA-63D6-4CA4-A1B9-1B5B2A88C2B2}" type="slidenum"><a:rPr lang="fr-BE" smtClean="0"/><a:t>‹#›</a:t></a:fld><a:endParaRPr lang="fr-BE"/></a:p></p:txBody></p:sp></p:spTree><p:extLst><p:ext uri="{BB962C8B-B14F-4D97-AF65-F5344CB8AC3E}"><p14:creationId xmlns:p14="http://schemas.microsoft.com/office/powerpoint/2010/main" val="2717134604"/></p:ext></p:extLst></p:cSld><p:clrMapOvr><a:masterClrMapping/></p:clrMapOvr></p:sldLayout></pkg:xmlData></pkg:part><pkg:part pkg:name="/ppt/slideLayouts/_rels/slideLayout3.xml.rels" pkg:contentType="application/vnd.openxmlformats-package.relationships+xml"><pkg:xmlData><Relationships xmlns="http://schemas.openxmlformats.org/package/2006/relationships"><Relationship Id="rId1" Type="http://schemas.openxmlformats.org/officeDocument/2006/relationships/slideMaster" Target="../slideMasters/slideMaster1.xml"/></Relationships></pkg:xmlData></pkg:part><pkg:part pkg:name="/ppt/slideLayouts/slideLayout5.xml" pkg:contentType="application/vnd.openxmlformats-officedocument.presentationml.slideLayout+xml"><pkg:xmlData><p:sldLayout xmlns:a="http://schemas.openxmlformats.org/drawingml/2006/main" xmlns:r="http://schemas.openxmlformats.org/officeDocument/2006/relationships" xmlns:p="http://schemas.openxmlformats.org/presentationml/2006/main" type="twoTxTwoObj" preserve="1"><p:cSld name="Comparison"><p:spTree><p:nvGrpSpPr><p:cNvPr id="1" name=""/><p:cNvGrpSpPr/><p:nvPr/></p:nvGrpSpPr><p:grpSpPr><a:xfrm><a:off x="0" y="0"/><a:ext cx="0" cy="0"/><a:chOff x="0" y="0"/><a:chExt cx="0" cy="0"/></a:xfrm></p:grpSpPr><p:sp><p:nvSpPr><p:cNvPr id="2" name="Title 1"/><p:cNvSpPr><a:spLocks noGrp="1"/></p:cNvSpPr><p:nvPr><p:ph type="title"/></p:nvPr></p:nvSpPr><p:spPr><a:xfrm><a:off x="839788" y="365125"/><a:ext cx="10515600" cy="1325563"/></a:xfrm></p:spPr><p:txBody><a:bodyPr/><a:lstStyle/><a:p><a:r><a:rPr lang="en-US" smtClean="0"/><a:t>Click to edit Master title style</a:t></a:r><a:endParaRPr lang="fr-BE"/></a:p></p:txBody></p:sp><p:sp><p:nvSpPr><p:cNvPr id="3" name="Text Placeholder 2"/><p:cNvSpPr><a:spLocks noGrp="1"/></p:cNvSpPr><p:nvPr><p:ph type="body" idx="1"/></p:nvPr></p:nvSpPr><p:spPr><a:xfrm><a:off x="839788" y="1681163"/><a:ext cx="5157787" cy="823912"/></a:xfrm></p:spPr><p:txBody><a:bodyPr anchor="b"/><a:lstStyle><a:lvl1pPr marL="0" indent="0"><a:buNone/><a:defRPr sz="2400" b="1"/></a:lvl1pPr><a:lvl2pPr marL="457200" indent="0"><a:buNone/><a:defRPr sz="2000" b="1"/></a:lvl2pPr><a:lvl3pPr marL="914400" indent="0"><a:buNone/><a:defRPr sz="1800" b="1"/></a:lvl3pPr><a:lvl4pPr marL="1371600" indent="0"><a:buNone/><a:defRPr sz="1600" b="1"/></a:lvl4pPr><a:lvl5pPr marL="1828800" indent="0"><a:buNone/><a:defRPr sz="1600" b="1"/></a:lvl5pPr><a:lvl6pPr marL="2286000" indent="0"><a:buNone/><a:defRPr sz="1600" b="1"/></a:lvl6pPr><a:lvl7pPr marL="2743200" indent="0"><a:buNone/><a:defRPr sz="1600" b="1"/></a:lvl7pPr><a:lvl8pPr marL="3200400" indent="0"><a:buNone/><a:defRPr sz="1600" b="1"/></a:lvl8pPr><a:lvl9pPr marL="3657600" indent="0"><a:buNone/><a:defRPr sz="1600" b="1"/></a:lvl9pPr></a:lstStyle><a:p><a:pPr lvl="0"/><a:r><a:rPr lang="en-US" smtClean="0"/><a:t>Edit Master text styles</a:t></a:r></a:p></p:txBody></p:sp><p:sp><p:nvSpPr><p:cNvPr id="4" name="Content Placeholder 3"/><p:cNvSpPr><a:spLocks noGrp="1"/></p:cNvSpPr><p:nvPr><p:ph sz="half" idx="2"/></p:nvPr></p:nvSpPr><p:spPr><a:xfrm><a:off x="839788" y="2505075"/><a:ext cx="5157787" cy="3684588"/></a:xfrm></p:spPr><p:txBody><a:bodyPr/><a:lstStyle/><a:p><a:pPr lvl="0"/><a:r><a:rPr lang="en-US" smtClean="0"/><a:t>Edit Master text styles</a:t></a:r></a:p><a:p><a:pPr lvl="1"/><a:r><a:rPr lang="en-US" smtClean="0"/><a:t>Second level</a:t></a:r></a:p><a:p><a:pPr lvl="2"/><a:r><a:rPr lang="en-US" smtClean="0"/><a:t>Third level</a:t></a:r></a:p><a:p><a:pPr lvl="3"/><a:r><a:rPr lang="en-US" smtClean="0"/><a:t>Fourth level</a:t></a:r></a:p><a:p><a:pPr lvl="4"/><a:r><a:rPr lang="en-US" smtClean="0"/><a:t>Fifth level</a:t></a:r><a:endParaRPr lang="fr-BE"/></a:p></p:txBody></p:sp><p:sp><p:nvSpPr><p:cNvPr id="5" name="Text Placeholder 4"/><p:cNvSpPr><a:spLocks noGrp="1"/></p:cNvSpPr><p:nvPr><p:ph type="body" sz="quarter" idx="3"/></p:nvPr></p:nvSpPr><p:spPr><a:xfrm><a:off x="6172200" y="1681163"/><a:ext cx="5183188" cy="823912"/></a:xfrm></p:spPr><p:txBody><a:bodyPr anchor="b"/><a:lstStyle><a:lvl1pPr marL="0" indent="0"><a:buNone/><a:defRPr sz="2400" b="1"/></a:lvl1pPr><a:lvl2pPr marL="457200" indent="0"><a:buNone/><a:defRPr sz="2000" b="1"/></a:lvl2pPr><a:lvl3pPr marL="914400" indent="0"><a:buNone/><a:defRPr sz="1800" b="1"/></a:lvl3pPr><a:lvl4pPr marL="1371600" indent="0"><a:buNone/><a:defRPr sz="1600" b="1"/></a:lvl4pPr><a:lvl5pPr marL="1828800" indent="0"><a:buNone/><a:defRPr sz="1600" b="1"/></a:lvl5pPr><a:lvl6pPr marL="2286000" indent="0"><a:buNone/><a:defRPr sz="1600" b="1"/></a:lvl6pPr><a:lvl7pPr marL="2743200" indent="0"><a:buNone/><a:defRPr sz="1600" b="1"/></a:lvl7pPr><a:lvl8pPr marL="3200400" indent="0"><a:buNone/><a:defRPr sz="1600" b="1"/></a:lvl8pPr><a:lvl9pPr marL="3657600" indent="0"><a:buNone/><a:defRPr sz="1600" b="1"/></a:lvl9pPr></a:lstStyle><a:p><a:pPr lvl="0"/><a:r><a:rPr lang="en-US" smtClean="0"/><a:t>Edit Master text styles</a:t></a:r></a:p></p:txBody></p:sp><p:sp><p:nvSpPr><p:cNvPr id="6" name="Content Placeholder 5"/><p:cNvSpPr><a:spLocks noGrp="1"/></p:cNvSpPr><p:nvPr><p:ph sz="quarter" idx="4"/></p:nvPr></p:nvSpPr><p:spPr><a:xfrm><a:off x="6172200" y="2505075"/><a:ext cx="5183188" cy="3684588"/></a:xfrm></p:spPr><p:txBody><a:bodyPr/><a:lstStyle/><a:p><a:pPr lvl="0"/><a:r><a:rPr lang="en-US" smtClean="0"/><a:t>Edit Master text styles</a:t></a:r></a:p><a:p><a:pPr lvl="1"/><a:r><a:rPr lang="en-US" smtClean="0"/><a:t>Second level</a:t></a:r></a:p><a:p><a:pPr lvl="2"/><a:r><a:rPr lang="en-US" smtClean="0"/><a:t>Third level</a:t></a:r></a:p><a:p><a:pPr lvl="3"/><a:r><a:rPr lang="en-US" smtClean="0"/><a:t>Fourth level</a:t></a:r></a:p><a:p><a:pPr lvl="4"/><a:r><a:rPr lang="en-US" smtClean="0"/><a:t>Fifth level</a:t></a:r><a:endParaRPr lang="fr-BE"/></a:p></p:txBody></p:sp><p:sp><p:nvSpPr><p:cNvPr id="7" name="Date Placeholder 6"/><p:cNvSpPr><a:spLocks noGrp="1"/></p:cNvSpPr><p:nvPr><p:ph type="dt" sz="half" idx="10"/></p:nvPr></p:nvSpPr><p:spPr/><p:txBody><a:bodyPr/><a:lstStyle/><a:p><a:fld id="{FE1131D4-2524-4127-AF2F-94B9403B4AD8}" type="datetimeFigureOut"><a:rPr lang="fr-BE" smtClean="0"/><a:t>08-05-18</a:t></a:fld><a:endParaRPr lang="fr-BE"/></a:p></p:txBody></p:sp><p:sp><p:nvSpPr><p:cNvPr id="8" name="Footer Placeholder 7"/><p:cNvSpPr><a:spLocks noGrp="1"/></p:cNvSpPr><p:nvPr><p:ph type="ftr" sz="quarter" idx="11"/></p:nvPr></p:nvSpPr><p:spPr/><p:txBody><a:bodyPr/><a:lstStyle/><a:p><a:endParaRPr lang="fr-BE"/></a:p></p:txBody></p:sp><p:sp><p:nvSpPr><p:cNvPr id="9" name="Slide Number Placeholder 8"/><p:cNvSpPr><a:spLocks noGrp="1"/></p:cNvSpPr><p:nvPr><p:ph type="sldNum" sz="quarter" idx="12"/></p:nvPr></p:nvSpPr><p:spPr/><p:txBody><a:bodyPr/><a:lstStyle/><a:p><a:fld id="{D63888CA-63D6-4CA4-A1B9-1B5B2A88C2B2}" type="slidenum"><a:rPr lang="fr-BE" smtClean="0"/><a:t>‹#›</a:t></a:fld><a:endParaRPr lang="fr-BE"/></a:p></p:txBody></p:sp></p:spTree><p:extLst><p:ext uri="{BB962C8B-B14F-4D97-AF65-F5344CB8AC3E}"><p14:creationId xmlns:p14="http://schemas.microsoft.com/office/powerpoint/2010/main" val="1356234132"/></p:ext></p:extLst></p:cSld><p:clrMapOvr><a:masterClrMapping/></p:clrMapOvr></p:sldLayout></pkg:xmlData></pkg:part><pkg:part pkg:name="/ppt/slideLayouts/slideLayout7.xml" pkg:contentType="application/vnd.openxmlformats-officedocument.presentationml.slideLayout+xml"><pkg:xmlData><p:sldLayout xmlns:a="http://schemas.openxmlformats.org/drawingml/2006/main" xmlns:r="http://schemas.openxmlformats.org/officeDocument/2006/relationships" xmlns:p="http://schemas.openxmlformats.org/presentationml/2006/main" type="blank" preserve="1"><p:cSld name="Blank"><p:spTree><p:nvGrpSpPr><p:cNvPr id="1" name=""/><p:cNvGrpSpPr/><p:nvPr/></p:nvGrpSpPr><p:grpSpPr><a:xfrm><a:off x="0" y="0"/><a:ext cx="0" cy="0"/><a:chOff x="0" y="0"/><a:chExt cx="0" cy="0"/></a:xfrm></p:grpSpPr><p:sp><p:nvSpPr><p:cNvPr id="2" name="Date Placeholder 1"/><p:cNvSpPr><a:spLocks noGrp="1"/></p:cNvSpPr><p:nvPr><p:ph type="dt" sz="half" idx="10"/></p:nvPr></p:nvSpPr><p:spPr/><p:txBody><a:bodyPr/><a:lstStyle/><a:p><a:fld id="{FE1131D4-2524-4127-AF2F-94B9403B4AD8}" type="datetimeFigureOut"><a:rPr lang="fr-BE" smtClean="0"/><a:t>08-05-18</a:t></a:fld><a:endParaRPr lang="fr-BE"/></a:p></p:txBody></p:sp><p:sp><p:nvSpPr><p:cNvPr id="3" name="Footer Placeholder 2"/><p:cNvSpPr><a:spLocks noGrp="1"/></p:cNvSpPr><p:nvPr><p:ph type="ftr" sz="quarter" idx="11"/></p:nvPr></p:nvSpPr><p:spPr/><p:txBody><a:bodyPr/><a:lstStyle/><a:p><a:endParaRPr lang="fr-BE"/></a:p></p:txBody></p:sp><p:sp><p:nvSpPr><p:cNvPr id="4" name="Slide Number Placeholder 3"/><p:cNvSpPr><a:spLocks noGrp="1"/></p:cNvSpPr><p:nvPr><p:ph type="sldNum" sz="quarter" idx="12"/></p:nvPr></p:nvSpPr><p:spPr/><p:txBody><a:bodyPr/><a:lstStyle/><a:p><a:fld id="{D63888CA-63D6-4CA4-A1B9-1B5B2A88C2B2}" type="slidenum"><a:rPr lang="fr-BE" smtClean="0"/><a:t>‹#›</a:t></a:fld><a:endParaRPr lang="fr-BE"/></a:p></p:txBody></p:sp></p:spTree><p:extLst><p:ext uri="{BB962C8B-B14F-4D97-AF65-F5344CB8AC3E}"><p14:creationId xmlns:p14="http://schemas.microsoft.com/office/powerpoint/2010/main" val="1728894959"/></p:ext></p:extLst></p:cSld><p:clrMapOvr><a:masterClrMapping/></p:clrMapOvr></p:sldLayout></pkg:xmlData></pkg:part><pkg:part pkg:name="/ppt/slideLayouts/slideLayout10.xml" pkg:contentType="application/vnd.openxmlformats-officedocument.presentationml.slideLayout+xml"><pkg:xmlData><p:sldLayout xmlns:a="http://schemas.openxmlformats.org/drawingml/2006/main" xmlns:r="http://schemas.openxmlformats.org/officeDocument/2006/relationships" xmlns:p="http://schemas.openxmlformats.org/presentationml/2006/main" type="vertTx" preserve="1"><p:cSld name="Title and Vertical Text"><p:spTree><p:nvGrpSpPr><p:cNvPr id="1" name=""/><p:cNvGrpSpPr/><p:nvPr/></p:nvGrpSpPr><p:grpSpPr><a:xfrm><a:off x="0" y="0"/><a:ext cx="0" cy="0"/><a:chOff x="0" y="0"/><a:chExt cx="0" cy="0"/></a:xfrm></p:grpSpPr><p:sp><p:nvSpPr><p:cNvPr id="2" name="Title 1"/><p:cNvSpPr><a:spLocks noGrp="1"/></p:cNvSpPr><p:nvPr><p:ph type="title"/></p:nvPr></p:nvSpPr><p:spPr/><p:txBody><a:bodyPr/><a:lstStyle/><a:p><a:r><a:rPr lang="en-US" smtClean="0"/><a:t>Click to edit Master title style</a:t></a:r><a:endParaRPr lang="fr-BE"/></a:p></p:txBody></p:sp><p:sp><p:nvSpPr><p:cNvPr id="3" name="Vertical Text Placeholder 2"/><p:cNvSpPr><a:spLocks noGrp="1"/></p:cNvSpPr><p:nvPr><p:ph type="body" orient="vert" idx="1"/></p:nvPr></p:nvSpPr><p:spPr/><p:txBody><a:bodyPr vert="eaVert"/><a:lstStyle/><a:p><a:pPr lvl="0"/><a:r><a:rPr lang="en-US" smtClean="0"/><a:t>Edit Master text styles</a:t></a:r></a:p><a:p><a:pPr lvl="1"/><a:r><a:rPr lang="en-US" smtClean="0"/><a:t>Second level</a:t></a:r></a:p><a:p><a:pPr lvl="2"/><a:r><a:rPr lang="en-US" smtClean="0"/><a:t>Third level</a:t></a:r></a:p><a:p><a:pPr lvl="3"/><a:r><a:rPr lang="en-US" smtClean="0"/><a:t>Fourth level</a:t></a:r></a:p><a:p><a:pPr lvl="4"/><a:r><a:rPr lang="en-US" smtClean="0"/><a:t>Fifth level</a:t></a:r><a:endParaRPr lang="fr-BE"/></a:p></p:txBody></p:sp><p:sp><p:nvSpPr><p:cNvPr id="4" name="Date Placeholder 3"/><p:cNvSpPr><a:spLocks noGrp="1"/></p:cNvSpPr><p:nvPr><p:ph type="dt" sz="half" idx="10"/></p:nvPr></p:nvSpPr><p:spPr/><p:txBody><a:bodyPr/><a:lstStyle/><a:p><a:fld id="{FE1131D4-2524-4127-AF2F-94B9403B4AD8}" type="datetimeFigureOut"><a:rPr lang="fr-BE" smtClean="0"/><a:t>08-05-18</a:t></a:fld><a:endParaRPr lang="fr-BE"/></a:p></p:txBody></p:sp><p:sp><p:nvSpPr><p:cNvPr id="5" name="Footer Placeholder 4"/><p:cNvSpPr><a:spLocks noGrp="1"/></p:cNvSpPr><p:nvPr><p:ph type="ftr" sz="quarter" idx="11"/></p:nvPr></p:nvSpPr><p:spPr/><p:txBody><a:bodyPr/><a:lstStyle/><a:p><a:endParaRPr lang="fr-BE"/></a:p></p:txBody></p:sp><p:sp><p:nvSpPr><p:cNvPr id="6" name="Slide Number Placeholder 5"/><p:cNvSpPr><a:spLocks noGrp="1"/></p:cNvSpPr><p:nvPr><p:ph type="sldNum" sz="quarter" idx="12"/></p:nvPr></p:nvSpPr><p:spPr/><p:txBody><a:bodyPr/><a:lstStyle/><a:p><a:fld id="{D63888CA-63D6-4CA4-A1B9-1B5B2A88C2B2}" type="slidenum"><a:rPr lang="fr-BE" smtClean="0"/><a:t>‹#›</a:t></a:fld><a:endParaRPr lang="fr-BE"/></a:p></p:txBody></p:sp></p:spTree><p:extLst><p:ext uri="{BB962C8B-B14F-4D97-AF65-F5344CB8AC3E}"><p14:creationId xmlns:p14="http://schemas.microsoft.com/office/powerpoint/2010/main" val="1652917412"/></p:ext></p:extLst></p:cSld><p:clrMapOvr><a:masterClrMapping/></p:clrMapOvr></p:sldLayout></pkg:xmlData></pkg:part><pkg:part pkg:name="/ppt/slideLayouts/slideLayout9.xml" pkg:contentType="application/vnd.openxmlformats-officedocument.presentationml.slideLayout+xml"><pkg:xmlData><p:sldLayout xmlns:a="http://schemas.openxmlformats.org/drawingml/2006/main" xmlns:r="http://schemas.openxmlformats.org/officeDocument/2006/relationships" xmlns:p="http://schemas.openxmlformats.org/presentationml/2006/main" type="picTx" preserve="1"><p:cSld name="Picture with Caption"><p:spTree><p:nvGrpSpPr><p:cNvPr id="1" name=""/><p:cNvGrpSpPr/><p:nvPr/></p:nvGrpSpPr><p:grpSpPr><a:xfrm><a:off x="0" y="0"/><a:ext cx="0" cy="0"/><a:chOff x="0" y="0"/><a:chExt cx="0" cy="0"/></a:xfrm></p:grpSpPr><p:sp><p:nvSpPr><p:cNvPr id="2" name="Title 1"/><p:cNvSpPr><a:spLocks noGrp="1"/></p:cNvSpPr><p:nvPr><p:ph type="title"/></p:nvPr></p:nvSpPr><p:spPr><a:xfrm><a:off x="839788" y="457200"/><a:ext cx="3932237" cy="1600200"/></a:xfrm></p:spPr><p:txBody><a:bodyPr anchor="b"/><a:lstStyle><a:lvl1pPr><a:defRPr sz="3200"/></a:lvl1pPr></a:lstStyle><a:p><a:r><a:rPr lang="en-US" smtClean="0"/><a:t>Click to edit Master title style</a:t></a:r><a:endParaRPr lang="fr-BE"/></a:p></p:txBody></p:sp><p:sp><p:nvSpPr><p:cNvPr id="3" name="Picture Placeholder 2"/><p:cNvSpPr><a:spLocks noGrp="1"/></p:cNvSpPr><p:nvPr><p:ph type="pic" idx="1"/></p:nvPr></p:nvSpPr><p:spPr><a:xfrm><a:off x="5183188" y="987425"/><a:ext cx="6172200" cy="4873625"/></a:xfrm></p:spPr><p:txBody><a:bodyPr/><a:lstStyle><a:lvl1pPr marL="0" indent="0"><a:buNone/><a:defRPr sz="3200"/></a:lvl1pPr><a:lvl2pPr marL="457200" indent="0"><a:buNone/><a:defRPr sz="2800"/></a:lvl2pPr><a:lvl3pPr marL="914400" indent="0"><a:buNone/><a:defRPr sz="2400"/></a:lvl3pPr><a:lvl4pPr marL="1371600" indent="0"><a:buNone/><a:defRPr sz="2000"/></a:lvl4pPr><a:lvl5pPr marL="1828800" indent="0"><a:buNone/><a:defRPr sz="2000"/></a:lvl5pPr><a:lvl6pPr marL="2286000" indent="0"><a:buNone/><a:defRPr sz="2000"/></a:lvl6pPr><a:lvl7pPr marL="2743200" indent="0"><a:buNone/><a:defRPr sz="2000"/></a:lvl7pPr><a:lvl8pPr marL="3200400" indent="0"><a:buNone/><a:defRPr sz="2000"/></a:lvl8pPr><a:lvl9pPr marL="3657600" indent="0"><a:buNone/><a:defRPr sz="2000"/></a:lvl9pPr></a:lstStyle><a:p><a:endParaRPr lang="fr-BE"/></a:p></p:txBody></p:sp><p:sp><p:nvSpPr><p:cNvPr id="4" name="Text Placeholder 3"/><p:cNvSpPr><a:spLocks noGrp="1"/></p:cNvSpPr><p:nvPr><p:ph type="body" sz="half" idx="2"/></p:nvPr></p:nvSpPr><p:spPr><a:xfrm><a:off x="839788" y="2057400"/><a:ext cx="3932237" cy="3811588"/></a:xfrm></p:spPr><p:txBody><a:bodyPr/><a:lstStyle><a:lvl1pPr marL="0" indent="0"><a:buNone/><a:defRPr sz="1600"/></a:lvl1pPr><a:lvl2pPr marL="457200" indent="0"><a:buNone/><a:defRPr sz="1400"/></a:lvl2pPr><a:lvl3pPr marL="914400" indent="0"><a:buNone/><a:defRPr sz="1200"/></a:lvl3pPr><a:lvl4pPr marL="1371600" indent="0"><a:buNone/><a:defRPr sz="1000"/></a:lvl4pPr><a:lvl5pPr marL="1828800" indent="0"><a:buNone/><a:defRPr sz="1000"/></a:lvl5pPr><a:lvl6pPr marL="2286000" indent="0"><a:buNone/><a:defRPr sz="1000"/></a:lvl6pPr><a:lvl7pPr marL="2743200" indent="0"><a:buNone/><a:defRPr sz="1000"/></a:lvl7pPr><a:lvl8pPr marL="3200400" indent="0"><a:buNone/><a:defRPr sz="1000"/></a:lvl8pPr><a:lvl9pPr marL="3657600" indent="0"><a:buNone/><a:defRPr sz="1000"/></a:lvl9pPr></a:lstStyle><a:p><a:pPr lvl="0"/><a:r><a:rPr lang="en-US" smtClean="0"/><a:t>Edit Master text styles</a:t></a:r></a:p></p:txBody></p:sp><p:sp><p:nvSpPr><p:cNvPr id="5" name="Date Placeholder 4"/><p:cNvSpPr><a:spLocks noGrp="1"/></p:cNvSpPr><p:nvPr><p:ph type="dt" sz="half" idx="10"/></p:nvPr></p:nvSpPr><p:spPr/><p:txBody><a:bodyPr/><a:lstStyle/><a:p><a:fld id="{FE1131D4-2524-4127-AF2F-94B9403B4AD8}" type="datetimeFigureOut"><a:rPr lang="fr-BE" smtClean="0"/><a:t>08-05-18</a:t></a:fld><a:endParaRPr lang="fr-BE"/></a:p></p:txBody></p:sp><p:sp><p:nvSpPr><p:cNvPr id="6" name="Footer Placeholder 5"/><p:cNvSpPr><a:spLocks noGrp="1"/></p:cNvSpPr><p:nvPr><p:ph type="ftr" sz="quarter" idx="11"/></p:nvPr></p:nvSpPr><p:spPr/><p:txBody><a:bodyPr/><a:lstStyle/><a:p><a:endParaRPr lang="fr-BE"/></a:p></p:txBody></p:sp><p:sp><p:nvSpPr><p:cNvPr id="7" name="Slide Number Placeholder 6"/><p:cNvSpPr><a:spLocks noGrp="1"/></p:cNvSpPr><p:nvPr><p:ph type="sldNum" sz="quarter" idx="12"/></p:nvPr></p:nvSpPr><p:spPr/><p:txBody><a:bodyPr/><a:lstStyle/><a:p><a:fld id="{D63888CA-63D6-4CA4-A1B9-1B5B2A88C2B2}" type="slidenum"><a:rPr lang="fr-BE" smtClean="0"/><a:t>‹#›</a:t></a:fld><a:endParaRPr lang="fr-BE"/></a:p></p:txBody></p:sp></p:spTree><p:extLst><p:ext uri="{BB962C8B-B14F-4D97-AF65-F5344CB8AC3E}"><p14:creationId xmlns:p14="http://schemas.microsoft.com/office/powerpoint/2010/main" val="2489864660"/></p:ext></p:extLst></p:cSld><p:clrMapOvr><a:masterClrMapping/></p:clrMapOvr></p:sldLayout></pkg:xmlData></pkg:part><pkg:part pkg:name="/ppt/slideLayouts/slideLayout8.xml" pkg:contentType="application/vnd.openxmlformats-officedocument.presentationml.slideLayout+xml"><pkg:xmlData><p:sldLayout xmlns:a="http://schemas.openxmlformats.org/drawingml/2006/main" xmlns:r="http://schemas.openxmlformats.org/officeDocument/2006/relationships" xmlns:p="http://schemas.openxmlformats.org/presentationml/2006/main" type="objTx" preserve="1"><p:cSld name="Content with Caption"><p:spTree><p:nvGrpSpPr><p:cNvPr id="1" name=""/><p:cNvGrpSpPr/><p:nvPr/></p:nvGrpSpPr><p:grpSpPr><a:xfrm><a:off x="0" y="0"/><a:ext cx="0" cy="0"/><a:chOff x="0" y="0"/><a:chExt cx="0" cy="0"/></a:xfrm></p:grpSpPr><p:sp><p:nvSpPr><p:cNvPr id="2" name="Title 1"/><p:cNvSpPr><a:spLocks noGrp="1"/></p:cNvSpPr><p:nvPr><p:ph type="title"/></p:nvPr></p:nvSpPr><p:spPr><a:xfrm><a:off x="839788" y="457200"/><a:ext cx="3932237" cy="1600200"/></a:xfrm></p:spPr><p:txBody><a:bodyPr anchor="b"/><a:lstStyle><a:lvl1pPr><a:defRPr sz="3200"/></a:lvl1pPr></a:lstStyle><a:p><a:r><a:rPr lang="en-US" smtClean="0"/><a:t>Click to edit Master title style</a:t></a:r><a:endParaRPr lang="fr-BE"/></a:p></p:txBody></p:sp><p:sp><p:nvSpPr><p:cNvPr id="3" name="Content Placeholder 2"/><p:cNvSpPr><a:spLocks noGrp="1"/></p:cNvSpPr><p:nvPr><p:ph idx="1"/></p:nvPr></p:nvSpPr><p:spPr><a:xfrm><a:off x="5183188" y="987425"/><a:ext cx="6172200" cy="4873625"/></a:xfrm></p:spPr><p:txBody><a:bodyPr/><a:lstStyle><a:lvl1pPr><a:defRPr sz="3200"/></a:lvl1pPr><a:lvl2pPr><a:defRPr sz="2800"/></a:lvl2pPr><a:lvl3pPr><a:defRPr sz="2400"/></a:lvl3pPr><a:lvl4pPr><a:defRPr sz="2000"/></a:lvl4pPr><a:lvl5pPr><a:defRPr sz="2000"/></a:lvl5pPr><a:lvl6pPr><a:defRPr sz="2000"/></a:lvl6pPr><a:lvl7pPr><a:defRPr sz="2000"/></a:lvl7pPr><a:lvl8pPr><a:defRPr sz="2000"/></a:lvl8pPr><a:lvl9pPr><a:defRPr sz="2000"/></a:lvl9pPr></a:lstStyle><a:p><a:pPr lvl="0"/><a:r><a:rPr lang="en-US" smtClean="0"/><a:t>Edit Master text styles</a:t></a:r></a:p><a:p><a:pPr lvl="1"/><a:r><a:rPr lang="en-US" smtClean="0"/><a:t>Second level</a:t></a:r></a:p><a:p><a:pPr lvl="2"/><a:r><a:rPr lang="en-US" smtClean="0"/><a:t>Third level</a:t></a:r></a:p><a:p><a:pPr lvl="3"/><a:r><a:rPr lang="en-US" smtClean="0"/><a:t>Fourth level</a:t></a:r></a:p><a:p><a:pPr lvl="4"/><a:r><a:rPr lang="en-US" smtClean="0"/><a:t>Fifth level</a:t></a:r><a:endParaRPr lang="fr-BE"/></a:p></p:txBody></p:sp><p:sp><p:nvSpPr><p:cNvPr id="4" name="Text Placeholder 3"/><p:cNvSpPr><a:spLocks noGrp="1"/></p:cNvSpPr><p:nvPr><p:ph type="body" sz="half" idx="2"/></p:nvPr></p:nvSpPr><p:spPr><a:xfrm><a:off x="839788" y="2057400"/><a:ext cx="3932237" cy="3811588"/></a:xfrm></p:spPr><p:txBody><a:bodyPr/><a:lstStyle><a:lvl1pPr marL="0" indent="0"><a:buNone/><a:defRPr sz="1600"/></a:lvl1pPr><a:lvl2pPr marL="457200" indent="0"><a:buNone/><a:defRPr sz="1400"/></a:lvl2pPr><a:lvl3pPr marL="914400" indent="0"><a:buNone/><a:defRPr sz="1200"/></a:lvl3pPr><a:lvl4pPr marL="1371600" indent="0"><a:buNone/><a:defRPr sz="1000"/></a:lvl4pPr><a:lvl5pPr marL="1828800" indent="0"><a:buNone/><a:defRPr sz="1000"/></a:lvl5pPr><a:lvl6pPr marL="2286000" indent="0"><a:buNone/><a:defRPr sz="1000"/></a:lvl6pPr><a:lvl7pPr marL="2743200" indent="0"><a:buNone/><a:defRPr sz="1000"/></a:lvl7pPr><a:lvl8pPr marL="3200400" indent="0"><a:buNone/><a:defRPr sz="1000"/></a:lvl8pPr><a:lvl9pPr marL="3657600" indent="0"><a:buNone/><a:defRPr sz="1000"/></a:lvl9pPr></a:lstStyle><a:p><a:pPr lvl="0"/><a:r><a:rPr lang="en-US" smtClean="0"/><a:t>Edit Master text styles</a:t></a:r></a:p></p:txBody></p:sp><p:sp><p:nvSpPr><p:cNvPr id="5" name="Date Placeholder 4"/><p:cNvSpPr><a:spLocks noGrp="1"/></p:cNvSpPr><p:nvPr><p:ph type="dt" sz="half" idx="10"/></p:nvPr></p:nvSpPr><p:spPr/><p:txBody><a:bodyPr/><a:lstStyle/><a:p><a:fld id="{FE1131D4-2524-4127-AF2F-94B9403B4AD8}" type="datetimeFigureOut"><a:rPr lang="fr-BE" smtClean="0"/><a:t>08-05-18</a:t></a:fld><a:endParaRPr lang="fr-BE"/></a:p></p:txBody></p:sp><p:sp><p:nvSpPr><p:cNvPr id="6" name="Footer Placeholder 5"/><p:cNvSpPr><a:spLocks noGrp="1"/></p:cNvSpPr><p:nvPr><p:ph type="ftr" sz="quarter" idx="11"/></p:nvPr></p:nvSpPr><p:spPr/><p:txBody><a:bodyPr/><a:lstStyle/><a:p><a:endParaRPr lang="fr-BE"/></a:p></p:txBody></p:sp><p:sp><p:nvSpPr><p:cNvPr id="7" name="Slide Number Placeholder 6"/><p:cNvSpPr><a:spLocks noGrp="1"/></p:cNvSpPr><p:nvPr><p:ph type="sldNum" sz="quarter" idx="12"/></p:nvPr></p:nvSpPr><p:spPr/><p:txBody><a:bodyPr/><a:lstStyle/><a:p><a:fld id="{D63888CA-63D6-4CA4-A1B9-1B5B2A88C2B2}" type="slidenum"><a:rPr lang="fr-BE" smtClean="0"/><a:t>‹#›</a:t></a:fld><a:endParaRPr lang="fr-BE"/></a:p></p:txBody></p:sp></p:spTree><p:extLst><p:ext uri="{BB962C8B-B14F-4D97-AF65-F5344CB8AC3E}"><p14:creationId xmlns:p14="http://schemas.microsoft.com/office/powerpoint/2010/main" val="4160075119"/></p:ext></p:extLst></p:cSld><p:clrMapOvr><a:masterClrMapping/></p:clrMapOvr></p:sldLayout></pkg:xmlData></pkg:part><pkg:part pkg:name="/ppt/slideLayouts/slideLayout6.xml" pkg:contentType="application/vnd.openxmlformats-officedocument.presentationml.slideLayout+xml"><pkg:xmlData><p:sldLayout xmlns:a="http://schemas.openxmlformats.org/drawingml/2006/main" xmlns:r="http://schemas.openxmlformats.org/officeDocument/2006/relationships" xmlns:p="http://schemas.openxmlformats.org/presentationml/2006/main" type="titleOnly" preserve="1"><p:cSld name="Title Only"><p:spTree><p:nvGrpSpPr><p:cNvPr id="1" name=""/><p:cNvGrpSpPr/><p:nvPr/></p:nvGrpSpPr><p:grpSpPr><a:xfrm><a:off x="0" y="0"/><a:ext cx="0" cy="0"/><a:chOff x="0" y="0"/><a:chExt cx="0" cy="0"/></a:xfrm></p:grpSpPr><p:sp><p:nvSpPr><p:cNvPr id="2" name="Title 1"/><p:cNvSpPr><a:spLocks noGrp="1"/></p:cNvSpPr><p:nvPr><p:ph type="title"/></p:nvPr></p:nvSpPr><p:spPr/><p:txBody><a:bodyPr/><a:lstStyle/><a:p><a:r><a:rPr lang="en-US" smtClean="0"/><a:t>Click to edit Master title style</a:t></a:r><a:endParaRPr lang="fr-BE"/></a:p></p:txBody></p:sp><p:sp><p:nvSpPr><p:cNvPr id="3" name="Date Placeholder 2"/><p:cNvSpPr><a:spLocks noGrp="1"/></p:cNvSpPr><p:nvPr><p:ph type="dt" sz="half" idx="10"/></p:nvPr></p:nvSpPr><p:spPr/><p:txBody><a:bodyPr/><a:lstStyle/><a:p><a:fld id="{FE1131D4-2524-4127-AF2F-94B9403B4AD8}" type="datetimeFigureOut"><a:rPr lang="fr-BE" smtClean="0"/><a:t>08-05-18</a:t></a:fld><a:endParaRPr lang="fr-BE"/></a:p></p:txBody></p:sp><p:sp><p:nvSpPr><p:cNvPr id="4" name="Footer Placeholder 3"/><p:cNvSpPr><a:spLocks noGrp="1"/></p:cNvSpPr><p:nvPr><p:ph type="ftr" sz="quarter" idx="11"/></p:nvPr></p:nvSpPr><p:spPr/><p:txBody><a:bodyPr/><a:lstStyle/><a:p><a:endParaRPr lang="fr-BE"/></a:p></p:txBody></p:sp><p:sp><p:nvSpPr><p:cNvPr id="5" name="Slide Number Placeholder 4"/><p:cNvSpPr><a:spLocks noGrp="1"/></p:cNvSpPr><p:nvPr><p:ph type="sldNum" sz="quarter" idx="12"/></p:nvPr></p:nvSpPr><p:spPr/><p:txBody><a:bodyPr/><a:lstStyle/><a:p><a:fld id="{D63888CA-63D6-4CA4-A1B9-1B5B2A88C2B2}" type="slidenum"><a:rPr lang="fr-BE" smtClean="0"/><a:t>‹#›</a:t></a:fld><a:endParaRPr lang="fr-BE"/></a:p></p:txBody></p:sp></p:spTree><p:extLst><p:ext uri="{BB962C8B-B14F-4D97-AF65-F5344CB8AC3E}"><p14:creationId xmlns:p14="http://schemas.microsoft.com/office/powerpoint/2010/main" val="3298059756"/></p:ext></p:extLst></p:cSld><p:clrMapOvr><a:masterClrMapping/></p:clrMapOvr></p:sldLayout></pkg:xmlData></pkg:part><pkg:part pkg:name="/ppt/drawings/_rels/vmlDrawing1.vml.rels" pkg:contentType="application/vnd.openxmlformats-package.relationships+xml"><pkg:xmlData><Relationships xmlns="http://schemas.openxmlformats.org/package/2006/relationships"><Relationship Id="rId1" Type="http://schemas.openxmlformats.org/officeDocument/2006/relationships/image" Target="../media/image1.wmf"/></Relationships></pkg:xmlData></pkg:part><pkg:part pkg:name="/ppt/theme/theme1.xml" pkg:contentType="application/vnd.openxmlformats-officedocument.theme+xml"><pkg:xmlData><a:theme xmlns:a="http://schemas.openxmlformats.org/drawingml/2006/main" name="Office Theme"><a:themeElements><a:clrScheme name="Office"><a:dk1><a:sysClr val="windowText" lastClr="000000"/></a:dk1><a:lt1><a:sysClr val="window" lastClr="FFFFFF"/></a:lt1><a:dk2><a:srgbClr val="44546A"/></a:dk2><a:lt2><a:srgbClr val="E7E6E6"/></a:lt2><a:accent1><a:srgbClr val="5B9BD5"/></a:accent1><a:accent2><a:srgbClr val="ED7D31"/></a:accent2><a:accent3><a:srgbClr val="A5A5A5"/></a:accent3><a:accent4><a:srgbClr val="FFC000"/></a:accent4><a:accent5><a:srgbClr val="4472C4"/></a:accent5><a:accent6><a:srgbClr val="70AD47"/></a:accent6><a:hlink><a:srgbClr val="0563C1"/></a:hlink><a:folHlink><a:srgbClr val="954F72"/></a:folHlink></a:clrScheme><a:fontScheme name="Office"><a:majorFont><a:latin typeface="Calibri Light" panose="020F0302020204030204"/><a:ea typeface=""/><a:cs typeface=""/><a:font script="Jpan" typeface="游ゴシック Light"/><a:font script="Hang" typeface="맑은 고딕"/><a:font script="Hans" typeface="等线 Light"/><a:font script="Hant" typeface="新細明體"/><a:font script="Arab" typeface="Times New Roman"/><a:font script="Hebr" typeface="Times New Roman"/><a:font script="Thai" typeface="Angsana New"/><a:font script="Ethi" typeface="Nyala"/><a:font script="Beng" typeface="Vrinda"/><a:font script="Gujr" typeface="Shruti"/><a:font script="Khmr" typeface="MoolBoran"/><a:font script="Knda" typeface="Tunga"/><a:font script="Guru" typeface="Raavi"/><a:font script="Cans" typeface="Euphemia"/><a:font script="Cher" typeface="Plantagenet Cherokee"/><a:font script="Yiii" typeface="Microsoft Yi Baiti"/><a:font script="Tibt" typeface="Microsoft Himalaya"/><a:font script="Thaa" typeface="MV Boli"/><a:font script="Deva" typeface="Mangal"/><a:font script="Telu" typeface="Gautami"/><a:font script="Taml" typeface="Latha"/><a:font script="Syrc" typeface="Estrangelo Edessa"/><a:font script="Orya" typeface="Kalinga"/><a:font script="Mlym" typeface="Kartika"/><a:font script="Laoo" typeface="DokChampa"/><a:font script="Sinh" typeface="Iskoola Pota"/><a:font script="Mong" typeface="Mongolian Baiti"/><a:font script="Viet" typeface="Times New Roman"/><a:font script="Uigh" typeface="Microsoft Uighur"/><a:font script="Geor" typeface="Sylfaen"/></a:majorFont><a:minorFont><a:latin typeface="Calibri" panose="020F0502020204030204"/><a:ea typeface=""/><a:cs typeface=""/><a:font script="Jpan" typeface="游ゴシック"/><a:font script="Hang" typeface="맑은 고딕"/><a:font script="Hans" typeface="等线"/><a:font script="Hant" typeface="新細明體"/><a:font script="Arab" typeface="Arial"/><a:font script="Hebr" typeface="Arial"/><a:font script="Thai" typeface="Cordia New"/><a:font script="Ethi" typeface="Nyala"/><a:font script="Beng" typeface="Vrinda"/><a:font script="Gujr" typeface="Shruti"/><a:font script="Khmr" typeface="DaunPenh"/><a:font script="Knda" typeface="Tunga"/><a:font script="Guru" typeface="Raavi"/><a:font script="Cans" typeface="Euphemia"/><a:font script="Cher" typeface="Plantagenet Cherokee"/><a:font script="Yiii" typeface="Microsoft Yi Baiti"/><a:font script="Tibt" typeface="Microsoft Himalaya"/><a:font script="Thaa" typeface="MV Boli"/><a:font script="Deva" typeface="Mangal"/><a:font script="Telu" typeface="Gautami"/><a:font script="Taml" typeface="Latha"/><a:font script="Syrc" typeface="Estrangelo Edessa"/><a:font script="Orya" typeface="Kalinga"/><a:font script="Mlym" typeface="Kartika"/><a:font script="Laoo" typeface="DokChampa"/><a:font script="Sinh" typeface="Iskoola Pota"/><a:font script="Mong" typeface="Mongolian Baiti"/><a:font script="Viet" typeface="Arial"/><a:font script="Uigh" typeface="Microsoft Uighur"/><a:font script="Geor" typeface="Sylfaen"/></a:minorFont></a:fontScheme><a:fmtScheme name="Office"><a:fillStyleLst><a:solidFill><a:schemeClr val="phClr"/></a:solidFill><a:gradFill rotWithShape="1"><a:gsLst><a:gs pos="0"><a:schemeClr val="phClr"><a:lumMod val="110000"/><a:satMod val="105000"/><a:tint val="67000"/></a:schemeClr></a:gs><a:gs pos="50000"><a:schemeClr val="phClr"><a:lumMod val="105000"/><a:satMod val="103000"/><a:tint val="73000"/></a:schemeClr></a:gs><a:gs pos="100000"><a:schemeClr val="phClr"><a:lumMod val="105000"/><a:satMod val="109000"/><a:tint val="81000"/></a:schemeClr></a:gs></a:gsLst><a:lin ang="5400000" scaled="0"/></a:gradFill><a:gradFill rotWithShape="1"><a:gsLst><a:gs pos="0"><a:schemeClr val="phClr"><a:satMod val="103000"/><a:lumMod val="102000"/><a:tint val="94000"/></a:schemeClr></a:gs><a:gs pos="50000"><a:schemeClr val="phClr"><a:satMod val="110000"/><a:lumMod val="100000"/><a:shade val="100000"/></a:schemeClr></a:gs><a:gs pos="100000"><a:schemeClr val="phClr"><a:lumMod val="99000"/><a:satMod val="120000"/><a:shade val="78000"/></a:schemeClr></a:gs></a:gsLst><a:lin ang="5400000" scaled="0"/></a:gradFill></a:fillStyleLst><a:lnStyleLst><a:ln w="6350" cap="flat" cmpd="sng" algn="ctr"><a:solidFill><a:schemeClr val="phClr"/></a:solidFill><a:prstDash val="solid"/><a:miter lim="800000"/></a:ln><a:ln w="12700" cap="flat" cmpd="sng" algn="ctr"><a:solidFill><a:schemeClr val="phClr"/></a:solidFill><a:prstDash val="solid"/><a:miter lim="800000"/></a:ln><a:ln w="19050" cap="flat" cmpd="sng" algn="ctr"><a:solidFill><a:schemeClr val="phClr"/></a:solidFill><a:prstDash val="solid"/><a:miter lim="800000"/></a:ln></a:lnStyleLst><a:effectStyleLst><a:effectStyle><a:effectLst/></a:effectStyle><a:effectStyle><a:effectLst/></a:effectStyle><a:effectStyle><a:effectLst><a:outerShdw blurRad="57150" dist="19050" dir="5400000" algn="ctr" rotWithShape="0"><a:srgbClr val="000000"><a:alpha val="63000"/></a:srgbClr></a:outerShdw></a:effectLst></a:effectStyle></a:effectStyleLst><a:bgFillStyleLst><a:solidFill><a:schemeClr val="phClr"/></a:solidFill><a:solidFill><a:schemeClr val="phClr"><a:tint val="95000"/><a:satMod val="170000"/></a:schemeClr></a:solidFill><a:gradFill rotWithShape="1"><a:gsLst><a:gs pos="0"><a:schemeClr val="phClr"><a:tint val="93000"/><a:satMod val="150000"/><a:shade val="98000"/><a:lumMod val="102000"/></a:schemeClr></a:gs><a:gs pos="50000"><a:schemeClr val="phClr"><a:tint val="98000"/><a:satMod val="130000"/><a:shade val="90000"/><a:lumMod val="103000"/></a:schemeClr></a:gs><a:gs pos="100000"><a:schemeClr val="phClr"><a:shade val="63000"/><a:satMod val="120000"/></a:schemeClr></a:gs></a:gsLst><a:lin ang="5400000" scaled="0"/></a:gradFill></a:bgFillStyleLst></a:fmtScheme></a:themeElements><a:objectDefaults/><a:extraClrSchemeLst/><a:extLst><a:ext uri="{05A4C25C-085E-4340-85A3-A5531E510DB2}"><thm15:themeFamily xmlns:thm15="http://schemas.microsoft.com/office/thememl/2012/main" name="Office Theme" id="{62F939B6-93AF-4DB8-9C6B-D6C7DFDC589F}" vid="{4A3C46E8-61CC-4603-A589-7422A47A8E4A}"/></a:ext></a:extLst></a:theme></pkg:xmlData></pkg:part><pkg:part pkg:name="/ppt/drawings/vmlDrawing1.vml" pkg:contentType="application/vnd.openxmlformats-officedocument.vmlDrawing"><pkg:binaryData>PHhtbCB4bWxuczp2PSJ1cm46c2NoZW1hcy1taWNyb3NvZnQtY29tOnZtbCINCiB4bWxuczpvPSJ1
cm46c2NoZW1hcy1taWNyb3NvZnQtY29tOm9mZmljZTpvZmZpY2UiDQogeG1sbnM6cD0idXJuOnNj
aGVtYXMtbWljcm9zb2Z0LWNvbTpvZmZpY2U6cG93ZXJwb2ludCINCiB4bWxuczpvYT0idXJuOnNj
aGVtYXMtbWljcm9zb2Z0LWNvbTpvZmZpY2U6YWN0aXZhdGlvbiI+DQogPG86c2hhcGVsYXlvdXQg
djpleHQ9ImVkaXQiPg0KICA8bzppZG1hcCB2OmV4dD0iZWRpdCIgZGF0YT0iMSIvPg0KIDwvbzpz
aGFwZWxheW91dD48djpzaGFwZXR5cGUgaWQ9Il94MDAwMF90NzUiIGNvb3Jkc2l6ZT0iMjE2MDAs
MjE2MDAiIG86c3B0PSI3NSINCiAgbzpwcmVmZXJyZWxhdGl2ZT0idCIgcGF0aD0ibUA0QDVsQDRA
MTFAOUAxMUA5QDV4ZSIgZmlsbGVkPSJmIiBzdHJva2VkPSJmIj4NCiAgPHY6c3Ryb2tlIGpvaW5z
dHlsZT0ibWl0ZXIiLz4NCiAgPHY6Zm9ybXVsYXM+DQogICA8djpmIGVxbj0iaWYgbGluZURyYXdu
IHBpeGVsTGluZVdpZHRoIDAiLz4NCiAgIDx2OmYgZXFuPSJzdW0gQDAgMSAwIi8+DQogICA8djpm
IGVxbj0ic3VtIDAgMCBAMSIvPg0KICAgPHY6ZiBlcW49InByb2QgQDIgMSAyIi8+DQogICA8djpm
IGVxbj0icHJvZCBAMyAyMTYwMCBwaXhlbFdpZHRoIi8+DQogICA8djpmIGVxbj0icHJvZCBAMyAy
MTYwMCBwaXhlbEhlaWdodCIvPg0KICAgPHY6ZiBlcW49InN1bSBAMCAwIDEiLz4NCiAgIDx2OmYg
ZXFuPSJwcm9kIEA2IDEgMiIvPg0KICAgPHY6ZiBlcW49InByb2QgQDcgMjE2MDAgcGl4ZWxXaWR0
aCIvPg0KICAgPHY6ZiBlcW49InN1bSBAOCAyMTYwMCAwIi8+DQogICA8djpmIGVxbj0icHJvZCBA
NyAyMTYwMCBwaXhlbEhlaWdodCIvPg0KICAgPHY6ZiBlcW49InN1bSBAMTAgMjE2MDAgMCIvPg0K
ICA8L3Y6Zm9ybXVsYXM+PHY6cGF0aCBvOmV4dHJ1c2lvbm9rPSJmIiBncmFkaWVudHNoYXBlb2s9
InQiIG86Y29ubmVjdHR5cGU9InJlY3QiLz4NCiAgPG86bG9jayB2OmV4dD0iZWRpdCIgYXNwZWN0
cmF0aW89InQiLz4NCiA8L3Y6c2hhcGV0eXBlPjx2OnNoYXBlIGlkPSJfeDAwMDBfczEwMjkiIHR5
cGU9IiNfeDAwMDBfdDc1IiBzdHlsZT0ncG9zaXRpb246YWJzb2x1dGU7bGVmdDo0NjRwdDt0b3A6
MjU2cHQ7d2lkdGg6MzFwdDtoZWlnaHQ6MjdwdCc+DQogIDx2OmZpbGwgb249ImYiLz4NCiAgPHY6
c3Ryb2tlIG9uPSJmIi8+DQogIDx2OmltYWdlZGF0YSBvOnJlbGlkPSJySWQxIiBvOnRpdGxlPSIi
IGdyYXlzY2FsZT0iZiIgYmlsZXZlbD0iZiIvPg0KICA8bzpsb2NrIHY6ZXh0PSJlZGl0IiBhc3Bl
Y3RyYXRpbz0idCIgcG9zaXRpb249ImYiIHNlbGVjdGlvbj0iZiIgZ3JvdXBpbmc9ImYiLz4NCiA8
L3Y6c2hhcGU+PC94bWw+</pkg:binaryData></pkg:part><pkg:part pkg:name="/ppt/media/image1.wmf" pkg:contentType="image/x-wmf"><pkg:binaryData>AQAJAAADOwcAAAIAIQYAAAAABQAAAAsCAAAAAAUAAAAMAjUAPAAcAAAA+wL0/wAAAAAAAJABAAAA
AQAAAABTZWdvZSBVSQAy1nQ/VS9c/v///ykICvAAAAoAGOaSDwQAAAAtAQAABQAAAAkCAAAAAAUA
AAABAv///wClAAAAQQvGAIgAIAAgAAAAAAAgACAAAAAOACgAAAAgAAAAQAAAAAEAAQAAAAAAAAEA
AAAAAAAAAAAAAAAAAAAAAAAAAAAA////AAAAAAAAAAAAAAAAAAAAAAAAAAAAAAAAAAAAAAAAAAAA
AAAAAAAAAAAAAAAAAAAAAAAAAAAAAAAAAAAAAAAAAAAAAAAAAAAAAAAAAAAAAAAAAAAAAAAAAAAA
AAAAAAAAAAAAAAAAAAAAAAAAAAAAAAAAAAAAAAAAAAAAAAAAAAAA/////4AAAAAAAAAAAAAAAAAA
AAAAAAAAAAAAAAAAAAAAAAAAAAAAAAAAAAAAAAAAAAAAAAAAAAAAAAAAAAAAAAAAAAAAAAAAAAAA
AAAAAAAAAAAAAAAAAAAAAAAAAAAAAAAAAAAAAAAAAAAAAAAAAf/gH///4D////B////4//8hBgAA
QQtGAGYAIAAgAAAAAAAgACAAAAAOACgAAAAgAAAAIAAAAAEAGAAAAAAAAAwAAAAAAAAAAAAAAAAA
AAAAAAAAAAAAAAAAAAAAAAAAAAAAAAAAAAAAAAAAAAAAAAAAAAAAAAAAAAAAAAAAAAAAAAAAAAAA
AAAAAAAAAAAAAAAAAAAAAAAAAAAAAAAAAAAAAAAAAAAAAAAAAAAAAAAAAAAAAAAAAAAAAAAAAAAA
AAAAAAAAAAAAAAAAAAAAAAAAAAAAAAAAAAAAAAAAAAAAAAAAAAAAAAAAAAAAAAAAAAAAAAAAAAAA
AAAAAAAAAAAAAAAAAAAAAAAAAAAAAAAAAAAAAAAAAAAAAAAAAAAAAAAAAAAAAAAAAAAAAAAAAAAA
AAAAAAAAAAAAAAAAAAAAAAAAAAAAAAAAAAAAAAAAAAAAAAAAAAAAAAAAAAAAAAAAAAAAAAAAAAAA
AAAAAAAAAACVRyCJPhmFOhaDORSDOBSDOBSDOBSDORSDOhSDOhSDOhSDOhSDOhSDOhSDOhSDOhSD
OhSDOhSDOhSDOhSDOhSDOhSDOhSDOhSDOhSDOhSDOhSDOhSDOhRpMhYJBAIAAAChSx2mUyikTySi
TiGiTiGiTiGiTiGhTiKgTSKhTSKiTSKiTSKiTSKiTSKiTSKiTSKiTSKiTSKiTSKiTSKiTSKiTSKi
TSKiTSKiTiKgTSKgTSKhTySkUymkTyIdDgYAAAC0bEH////////////////////////6///3///7
///////////////////////////////////////////////////////////////////////9////
///Jl3MjDwUAAACyakD////////+///+///38/LYvLvTt7bVurnVurnUurnUurnUurnUurnUurnU
urnUurnUurnUu7nUu7nUurnUurnUurnUurnRubfRvL318vL////////Hl3obCgEAAACzaDr////8
///8///P6e9/aGpSQkpQQ0tRQ0xRQ0xRQ0xRRExRQ0tQQ0tQQkpQQ0tQQ0xRRExRQ0xRQ0xRRExR
Q0xRQ0tPSFJaNTlwFRCFTUvx7+7////IlHMZCQAAAAC1aTf////9//+y7foDtuAAtN8AsNwAsd0A
sN0AsN0AsN0AsdwAr90Avu0AyPkAuuoAsN0Asd0AsN0AsN0Asd0AsNwAsd0Au+oEvedPSlVwFhHD
rKv////KlXIaCgAAAAC3bDb////+//8uyewAsdkAu+cAwO4BwO4Bwe4BwO4BwO4BwfAA1foKtNox
kLEUrtUAzPgAwO8Bwe4BwO4Bwe4AwO4AwO8AvusA1f8dn8BsGRTVxMP////MlnEbCgAAAAC7bjX/
///+//9N1vMAuOICzPcD1/8B1f8B1f8B1f8B1f8A5P8Hts0UGyNhCxnLorMgvtwA4P8B1P8B1f8B
1f8A1P8I3f8F0PwA2f8pj6iEPTf4+vr////Ol24bCgAAAAC+bzH///////+p7vwAveQDyfQM4f8A
1/8A0/8A1P8A1f8A6v8CiZsHAABLDh1wDyA0mrAA7v8A0/8A1P8A0v8C1/8a7v8F1v4B2vxJVGDA
nJr7///////QmW0bCwAAAADBcDD////////k+/4eze0AwegM3f0I4P8A1P8A1v8A1/8A5/8GuM4K
BQoNAAAmBxEJu9EA6P8A1v8A1f8A0/8R6P8Y6/8A2f8VtM58PTju6ur7///////SmmwcCwAAAADD
ci7////////5//+G5/kAwuUE0vcS6/8D3P8A2P8A2f8A3P8A6f8Gr8ACnKIIrcAA7P8A2f8A2v8A
1/8E2/8j/P8K4f8A3f07anrAko75/v77///////Vm2scDAAAAADDci7////////5///c+v4o1PAA
yewP5P4L6P8A2v8A2/8A2/8A3/8A9f8Mx+MA8P8A3/8A2/8A3P8A2P8V7v8d9f8A2/8NxOGFQkDs
6Of6///7///////Vm2sPBgAAAADGcy3////////5///6//9+6voByegD1vQQ7v8D4f8A3P8A3v8A
5P8A6f42MUIC2PYA5f8A3P8A3P8F4f8f/f8J4P0A5P9BZXC+kIz6///6///6///////XnGoQBgAA
AADJdiz////////6///5///k/P8Z1OwAzewL5/wK6/8A4P8A3/8A8/8Hy9xKFR4ExOAA8P8A3/8A
3v8S8v8Y8v4A4P8LxN5/ODTs5+f6///6///8///////ZnWkQBwAAAADLdyr////////5///8///8
//997PoAyuUE2vMO8P8C5v8A4/8A/v8NoatmAAMPq8AA+v8A4f8C5P8a/P8I4/sA7v9EY2m4ioj6
///6///5///////////bnmgQBwAAAADNeCf////+///5///5///5///x/v8S0+oA0OoL7f0H7P8A
5/8A//8MZ3maMz8sdYcA/f8A4/8M8f8a+v4A6v8Uw9J6NTDw7u36///5///5///////////doWYQ
BwAAAADQeib////////5///5///5///6//+B7vkAzeQH5PgP9/8A8f8A+P8OPUaAIzFFVGYA/v8A
6/8b/P8O8f8A8f8/bHW5jYr9///7///+///5///////////fomURBwAAAADSeyT////////6////
///////5///i/P4X2uwA2e4Q9/8F/P8A3+UeJStYBhhDMEkB3O0J/f8g/P8A8f8Q0Nt6MTDq5+f7
///5///7///5///7///////go2IRBwAAAADXfyT////////6///6///6///6///5//+F8PkA1OcG
6/oP//8ArLAZAQM+AA0+BRMMqbgW//8N9P8A9P48eH66hoT5/v76///6///6///9///////////i
o2IRBwAAAADehir////////////////////////////W+/4c3+wA3+4P//8Em5sJAAA9ABFBAAEf
iJcW//8C8/8K3Od8Ozvo2tr////////////////////////////nqWMRBwAAAADUfRzc387a1b3Z
0rnZ0rna07na07na0rna07lb29gA2+gG/f8Qq6oEAAAjAAAsAAAqqLAK/f8A/f81goiiXk/Yz7bW
zbPZ0bfYz7XYz7Td0bTj0qre3MPUjTcWFBIAAACzWQCpTACiRgCfQwCfRQCfRACfRQCfQwCfQwCH
XSYL1dkB6vUQ+fsJh4cARUkKeXke//8D+v8G5+1sJh6WPASkSQCqUwCdQACmSgCmSQCgQgCJSQ6g
SwC6WQAWFhYAAAC+ZgDLawDSbQDRawDRbgDQbgDRbgDRbQDScQLScgNOvpoA3+gI9/wN//8B+v8X
//8R+v8A//82hYaZMQPPaQDll0Dwq2LPagDsoVH2okScZj4uav1+cofPbwAfHx8AAADNbgDbiSrt
p1bwnT3wnDvwnT/xmzfwmDPxnz/uly/dnD0C4OcB6vAN/f4L//8h/f8B/v8H5+pnKiXcgCXtjiHw
lCvwmDPtkCTymTP1njXolTfAi1/VizvZeAUYDgEAAADadADVeAvchB/cgBbbfQ7bew3begvbegrb
fAzbegnbeQpfvZAA4+cN+Po6//8a/f4A//81i4uaNwraegnZeQbXcwDXcwDaeQfXdADYdADhewDn
fQDkfAHMbQAAAAAAAAAAAAAAAAAAAAAAAAAAAAAAAAAAAAAAAAAAAAAAAAAAAAAA+PoA5+gF9PZN
//8H//8H7OxfMjFzDw4AAAAAAAAAAAAAAAAAAAAAAAAAAAAAAAAAAAAAAAAAAAAAAAAAAAAAAAAA
AAAAAAAAAAAAAAAAAAAAAAAAAAAAAAAAAAAAAAAA/f4A9vYA8/MJ//8A//8um5p7AwIAAAAAAAAA
AAAAAAAAAAAAAAAAAAAAAAAAAAAAAAAAAAAAAAAAAAAAAAAAAAAAAAAAAAAAAAAAAAAAAAAAAAAA
AAAAAAAAAAAAAAAAAAAA//8D/f0C//8M5ORnIB8AAAAAAAAAAAAAAAAAAAAAAAAAAAAAAAAAAAAA
AAAAAAAAAAAAAAAAAAAAAAAAAAAAAAAAAAAAAAAAAAAAAAAAAAAAAAAAAAAAAAAAAAAAAAAAAAAE
//8R//8Q3d0AAAAAAAAAAAAAAAAAAAAAAAAAAAAAAAAAAAAAAAAAAAAAAAAAAAAAAAAAAAAAAAAF
AAAAAgEBAAAABQAAAC4BBgAAAAsAAAAhBQkAcHV0dHkuZXhlACEAHgAcAAAA+wIQAAcAAAAAALwC
AAAAAAECAiJTeXN0ZW0AACIAigAAAAoAJxVmySIAigD/////IE+PAAQAAAAtAQEAAwAAAAAA</pkg:binaryData></pkg:part><pkg:part pkg:name="/ppt/embeddings/oleObject1.bin" pkg:contentType="application/vnd.openxmlformats-officedocument.oleObject"><pkg:binaryData>0M8R4KGxGuEAAAAAAAAAAAAAAAAAAAAAPgADAP7/CQAGAAAAAAAAAAAAAAAJAAAAAQAAAAAAAAAA
EAAAAgAAAAEAAAD+////AAAAAAAAAAAEAAAABQAAAAYAAAAHAAAACAAAAAkAAAAKAAAACwAAAP//
////////////////////////////////////////////////////////////////////////////
////////////////////////////////////////////////////////////////////////////
////////////////////////////////////////////////////////////////////////////
////////////////////////////////////////////////////////////////////////////
////////////////////////////////////////////////////////////////////////////
////////////////////////////////////////////////////////////////////////////
///////////////////////////////////////////////////////////////////////////9
/////v////7////+/////f////3////9/////f////3////9/////f////3///8NAAAADgAAAA8A
AAAQAAAAEQAAABIAAAATAAAAFAAAABUAAAAWAAAAFwAAABgAAAAZAAAAGgAAABsAAAAcAAAAHQAA
AB4AAAAfAAAAIAAAACEAAAAiAAAAIwAAACQAAAAlAAAAJgAAACcAAAAoAAAAKQAAACoAAAArAAAA
LAAAAC0AAAAuAAAALwAAADAAAAAxAAAAMgAAADMAAAA0AAAANQAAADYAAAA3AAAAOAAAADkAAAA6
AAAAOwAAADwAAAA9AAAAPgAAAD8AAABAAAAAQQAAAEIAAABDAAAARAAAAEUAAABGAAAARwAAAEgA
AABJAAAASgAAAEsAAABMAAAATQAAAE4AAABPAAAAUAAAAFEAAABSAAAAUwAAAFQAAABVAAAAVgAA
AFcAAABYAAAAWQAAAFoAAABbAAAAXAAAAF0AAABeAAAAXwAAAGAAAABhAAAAYgAAAGMAAABkAAAA
ZQAAAGYAAABnAAAAaAAAAGkAAABqAAAAawAAAGwAAABtAAAAbgAAAG8AAABwAAAAcQAAAHIAAABz
AAAAdAAAAHUAAAB2AAAAdwAAAHgAAAB5AAAAegAAAHsAAAB8AAAAfQAAAH4AAAB/AAAAgAAAAFIA
bwBvAHQAIABFAG4AdAByAHkAAAAAAAAAAAAAAAAAAAAAAAAAAAAAAAAAAAAAAAAAAAAAAAAAAAAA
AAAAAAAWAAUA//////////8BAAAADAADAAAAAADAAAAAAAAARgAAAAAAAAAAAAAAAAAAAAAAAAAA
AwAAAIAAAAAAAAAAAQBDAG8AbQBwAE8AYgBqAAAAAAAAAAAAAAAAAAAAAAAAAAAAAAAAAAAAAAAA
AAAAAAAAAAAAAAAAAAAAAAAAABIAAgH/////AgAAAP////8AAAAAAAAAAAAAAAAAAAAAAAAAAAAA
AAAAAAAAAAAAAAAAAAAAAAAATAAAAAAAAAABAE8AbABlADEAMABOAGEAdABpAHYAZQAAAAAAAAAA
AAAAAAAAAAAAAAAAAAAAAAAAAAAAAAAAAAAAAAAAAAAAGgACAP///////////////wAAAAAAAAAA
AAAAAAAAAAAAAAAAAAAAAAAAAAAAAAAAAAAAAAwAAAAaAQgAAAAAAAAAAAAAAAAAAAAAAAAAAAAA
AAAAAAAAAAAAAAAAAAAAAAAAAAAAAAAAAAAAAAAAAAAAAAAAAAAAAAAAAAAAAAAAAAAA////////
////////AAAAAAAAAAAAAAAAAAAAAAAAAAAAAAAAAAAAAAAAAAAAAAAAAAAAAAAAAAAAAAAAAQAA
AP7/////////////////////////////////////////////////////////////////////////
////////////////////////////////////////////////////////////////////////////
////////////////////////////////////////////////////////////////////////////
////////////////////////////////////////////////////////////////////////////
////////////////////////////////////////////////////////////////////////////
////////////////////////////////////////////////////////////////////////////
////////////////////////////////////////////////////////////////////////////
////////////////////////////////////////////////////////////////////////////
//////////////////////////////////////////////////////////////////////8BAP7/
AwoAAP////8MAAMAAAAAAMAAAAAAAABGDAAAAE9MRSBQYWNrYWdlAAAAAAAIAAAAUGFja2FnZQD0
ObJxAAAAAAAAAAAAAAAAAAAAAAAAAAAAAAAAAAAAAAAAAAAAAAAAAAAAAAAAAAAAAAAAAAAAAAAA
AAAAAAAAAAAAAAAAAAAAAAAAAAAAAAAAAAAAAAAAAAAAAAAAAAAAAAAAAAAAAAAAAAAAAAAAAAAA
AAAAAAAAAAAAAAAAAAAAAAAAAAAAAAAAAAAAAAAAAAAAAAAAAAAAAAAAAAAAAAAAAAAAAAAAAAAA
AAAAAAAAAAAAAAAAAAAAAAAAAAAAAAAAAAAAAAAAAAAAAAAAAAAAAAAAAAAAAAAAAAAAAAAAAAAA
AAAAAAAAAAAAAAAAAAAAAAAAAAAAAAAAAAAAAAAAAAAAAAAAAAAAAAAAAAAAAAAAAAAAAAAAAAAA
AAAAAAAAAAAAAAAAAAAAAAAAAAAAAAAAAAAAAAAAAAAAAAAAAAAAAAAAAAAAAAAAAAAAAAAAAAAA
AAAAAAAAAAAAAAAAAAAAAAAAAAAAAAAAAAAAAAAAAAAAAAAAAAAAAAAAAAAAAAAAAAAAAAAAAAAA
AAAAAAAAAAAAAAAAAAAAAAAAAAAAAAAAAAAAAAAAAAAAAAAAAAAAAAAAAAAAAAAAAAAAAIEAAACC
AAAAgwAAAIQAAACFAAAAhgAAAIcAAACIAAAAiQAAAIoAAACLAAAAjAAAAI0AAACOAAAAjwAAAJAA
AACRAAAAkgAAAJMAAACUAAAAlQAAAJYAAACXAAAAmAAAAJkAAACaAAAAmwAAAJwAAACdAAAAngAA
AJ8AAACgAAAAoQAAAKIAAACjAAAApAAAAKUAAACmAAAApwAAAKgAAACpAAAAqgAAAKsAAACsAAAA
rQAAAK4AAACvAAAAsAAAALEAAACyAAAAswAAALQAAAC1AAAAtgAAALcAAAC4AAAAuQAAALoAAAC7
AAAAvAAAAL0AAAC+AAAAvwAAAMAAAADBAAAAwgAAAMMAAADEAAAAxQAAAMYAAADHAAAAyAAAAMkA
AADKAAAAywAAAMwAAADNAAAAzgAAAM8AAADQAAAA0QAAANIAAADTAAAA1AAAANUAAADWAAAA1wAA
ANgAAADZAAAA2gAAANsAAADcAAAA3QAAAN4AAADfAAAA4AAAAOEAAADiAAAA4wAAAOQAAADlAAAA
5gAAAOcAAADoAAAA6QAAAOoAAADrAAAA7AAAAO0AAADuAAAA7wAAAPAAAADxAAAA8gAAAPMAAAD0
AAAA9QAAAPYAAAD3AAAA+AAAAPkAAAD6AAAA+wAAAPwAAAD9AAAA/gAAAP8AAAAAAQAAAQEAAAIB
AAADAQAABAEAAAUBAAAGAQAABwEAAAgBAAAJAQAACgEAAAsBAAAMAQAADQEAAA4BAAAPAQAAEAEA
ABEBAAASAQAAEwEAABQBAAAVAQAAFgEAABcBAAAYAQAAGQEAABoBAAAbAQAAHAEAAB0BAAAeAQAA
HwEAACABAAAhAQAAIgEAACMBAAAkAQAAJQEAACYBAAAnAQAAKAEAACkBAAAqAQAAKwEAACwBAAAt
AQAALgEAAC8BAAAwAQAAMQEAADIBAAAzAQAANAEAADUBAAA2AQAANwEAADgBAAA5AQAAOgEAADsB
AAA8AQAAPQEAAD4BAAA/AQAAQAEAAEEBAABCAQAAQwEAAEQBAABFAQAARgEAAEcBAABIAQAASQEA
AEoBAABLAQAATAEAAE0BAABOAQAATwEAAFABAABRAQAAUgEAAFMBAABUAQAAVQEAAFYBAABXAQAA
WAEAAFkBAABaAQAAWwEAAFwBAABdAQAAXgEAAF8BAABgAQAAYQEAAGIBAABjAQAAZAEAAGUBAABm
AQAAZwEAAGgBAABpAQAAagEAAGsBAABsAQAAbQEAAG4BAABvAQAAcAEAAHEBAAByAQAAcwEAAHQB
AAB1AQAAdgEAAHcBAAB4AQAAeQEAAHoBAAB7AQAAfAEAAH0BAAB+AQAAfwEAAIABAACBAQAAggEA
AIMBAACEAQAAhQEAAIYBAACHAQAAiAEAAIkBAACKAQAAiwEAAIwBAACNAQAAjgEAAI8BAACQAQAA
kQEAAJIBAACTAQAAlAEAAJUBAACWAQAAlwEAAJgBAACZAQAAmgEAAJsBAACcAQAAnQEAAJ4BAACf
AQAAoAEAAKEBAACiAQAAowEAAKQBAAClAQAApgEAAKcBAACoAQAAqQEAAKoBAACrAQAArAEAAK0B
AACuAQAArwEAALABAACxAQAAsgEAALMBAAC0AQAAtQEAALYBAAC3AQAAuAEAALkBAAC6AQAAuwEA
ALwBAAC9AQAAvgEAAL8BAADAAQAAwQEAAMIBAADDAQAAxAEAAMUBAADGAQAAxwEAAMgBAADJAQAA
ygEAAMsBAADMAQAAzQEAAM4BAADPAQAA0AEAANEBAADSAQAA0wEAANQBAADVAQAA1gEAANcBAADY
AQAA2QEAANoBAADbAQAA3AEAAN0BAADeAQAA3wEAAOABAADhAQAA4gEAAOMBAADkAQAA5QEAAOYB
AADnAQAA6AEAAOkBAADqAQAA6wEAAOwBAADtAQAA7gEAAO8BAADwAQAA8QEAAPIBAADzAQAA9AEA
APUBAAD2AQAA9wEAAPgBAAD5AQAA+gEAAPsBAAD8AQAA/QEAAP4BAAD/AQAAAAIAAAECAAACAgAA
AwIAAAQCAAAFAgAABgIAAAcCAAAIAgAACQIAAAoCAAALAgAADAIAAA0CAAAOAgAADwIAABACAAAR
AgAAEgIAABMCAAAUAgAAFQIAABYCAAAXAgAAGAIAABkCAAAaAgAAGwIAABwCAAAdAgAAHgIAAB8C
AAAgAgAAIQIAACICAAAjAgAAJAIAACUCAAAmAgAAJwIAACgCAAApAgAAKgIAACsCAAAsAgAALQIA
AC4CAAAvAgAAMAIAADECAAAyAgAAMwIAADQCAAA1AgAANgIAADcCAAA4AgAAOQIAADoCAAA7AgAA
PAIAAD0CAAA+AgAAPwIAAEACAABBAgAAQgIAAEMCAABEAgAARQIAAEYCAABHAgAASAIAAEkCAABK
AgAASwIAAEwCAABNAgAATgIAAE8CAABQAgAAUQIAAFICAABTAgAAVAIAAFUCAABWAgAAVwIAAFgC
AABZAgAAWgIAAFsCAABcAgAAXQIAAF4CAABfAgAAYAIAAGECAABiAgAAYwIAAGQCAABlAgAAZgIA
AGcCAABoAgAAaQIAAGoCAABrAgAAbAIAAG0CAABuAgAAbwIAAHACAABxAgAAcgIAAHMCAAB0AgAA
dQIAAHYCAAB3AgAAeAIAAHkCAAB6AgAAewIAAHwCAAB9AgAAfgIAAH8CAACAAgAAgQIAAIICAACD
AgAAhAIAAIUCAACGAgAAhwIAAIgCAACJAgAAigIAAIsCAACMAgAAjQIAAI4CAACPAgAAkAIAAJEC
AACSAgAAkwIAAJQCAACVAgAAlgIAAJcCAACYAgAAmQIAAJoCAACbAgAAnAIAAJ0CAACeAgAAnwIA
AKACAAChAgAAogIAAKMCAACkAgAApQIAAKYCAACnAgAAqAIAAKkCAACqAgAAqwIAAKwCAACtAgAA
rgIAAK8CAACwAgAAsQIAALICAACzAgAAtAIAALUCAAC2AgAAtwIAALgCAAC5AgAAugIAALsCAAC8
AgAAvQIAAL4CAAC/AgAAwAIAAMECAADCAgAAwwIAAMQCAADFAgAAxgIAAMcCAADIAgAAyQIAAMoC
AADLAgAAzAIAAM0CAADOAgAAzwIAANACAADRAgAA0gIAANMCAADUAgAA1QIAANYCAADXAgAA2AIA
ANkCAADaAgAA2wIAANwCAADdAgAA3gIAAN8CAADgAgAA4QIAAOICAADjAgAA5AIAAOUCAADmAgAA
5wIAAOgCAADpAgAA6gIAAOsCAADsAgAA7QIAAO4CAADvAgAA8AIAAPECAADyAgAA8wIAAPQCAAD1
AgAA9gIAAPcCAAD4AgAA+QIAAPoCAAD7AgAA/AIAAP0CAAD+AgAA/wIAAAADAAABAwAAAgMAAAMD
AAAEAwAABQMAAAYDAAAHAwAACAMAAAkDAAAKAwAACwMAAAwDAAANAwAADgMAAA8DAAAQAwAAEQMA
ABIDAAATAwAAFAMAABUDAAAWAwAAFwMAABgDAAAZAwAAGgMAABsDAAAcAwAAHQMAAB4DAAAfAwAA
IAMAACEDAAAiAwAAIwMAACQDAAAlAwAAJgMAACcDAAAoAwAAKQMAACoDAAArAwAALAMAAC0DAAAu
AwAALwMAADADAAAxAwAAMgMAADMDAAA0AwAANQMAADYDAAA3AwAAOAMAADkDAAA6AwAAOwMAADwD
AAA9AwAAPgMAAD8DAABAAwAAQQMAAEIDAABDAwAARAMAAEUDAABGAwAARwMAAEgDAABJAwAASgMA
AEsDAABMAwAATQMAAE4DAABPAwAAUAMAAFEDAABSAwAAUwMAAFQDAABVAwAAVgMAAFcDAABYAwAA
WQMAAFoDAABbAwAAXAMAAF0DAABeAwAAXwMAAGADAABhAwAAYgMAAGMDAABkAwAAZQMAAGYDAABn
AwAAaAMAAGkDAABqAwAAawMAAGwDAABtAwAAbgMAAG8DAABwAwAAcQMAAHIDAABzAwAAdAMAAHUD
AAB2AwAAdwMAAHgDAAB5AwAAegMAAHsDAAB8AwAAfQMAAH4DAAB/AwAAgAMAAIEDAACCAwAAgwMA
AIQDAACFAwAAhgMAAIcDAACIAwAAiQMAAIoDAACLAwAAjAMAAI0DAACOAwAAjwMAAJADAACRAwAA
kgMAAJMDAACUAwAAlQMAAJYDAACXAwAAmAMAAJkDAACaAwAAmwMAAJwDAACdAwAAngMAAJ8DAACg
AwAAoQMAAKIDAACjAwAApAMAAKUDAACmAwAApwMAAKgDAACpAwAAqgMAAKsDAACsAwAArQMAAK4D
AACvAwAAsAMAALEDAACyAwAAswMAALQDAAC1AwAAtgMAALcDAAC4AwAAuQMAALoDAAC7AwAAvAMA
AL0DAAC+AwAAvwMAAMADAADBAwAAwgMAAMMDAADEAwAAxQMAAMYDAADHAwAAyAMAAMkDAADKAwAA
ywMAAMwDAADNAwAAzgMAAM8DAADQAwAA0QMAANIDAADTAwAA1AMAANUDAADWAwAA1wMAANgDAADZ
AwAA2gMAANsDAADcAwAA3QMAAN4DAADfAwAA4AMAAOEDAADiAwAA4wMAAOQDAADlAwAA5gMAAOcD
AADoAwAA6QMAAOoDAADrAwAA7AMAAO0DAADuAwAA7wMAAPADAADxAwAA8gMAAPMDAAD0AwAA9QMA
APYDAAD3AwAA+AMAAPkDAAD6AwAA+wMAAPwDAAD9AwAA/gMAAP8DAAAABAAAAQQAAAIEAAADBAAA
BAQAAAUEAAAGBAAABwQAAAgEAAAJBAAACgQAAAsEAAAMBAAA/v//////////////////////////
////////////////////////////////////////////////////////////////////////////
////////////////////////////////////////////////////////////////////////////
////////////////////////////////////////////////////////////////////////////
////////////////////////////////////////////////////////////////////////////
////////////////////////////////////////////////////////////////////////////
////////////////////////////////////////////////////////////////////////////
////////////////////////////////////////////////////////////////////////////
//////////////////////////////////////////////////////////8WAQgAAgBwdXR0eS5l
eGUARTpcVG9vbHNcUHV0dHlccHV0dHkuZXhlAAAAAwAzAAAAQzpcVXNlcnNcRFJJR0hFfjFcQXBw
RGF0YVxMb2NhbFxUZW1wXHB1dHR5ICgyKS5leGUAAAAIAE1akAADAAAABAAAAP//AAC4AAAAAAAA
AEAAAAAAAAAAAAAAAAAAAAAAAAAAAAAAAAAAAAAAAAAAAAAAAPgAAAAOH7oOALQJzSG4AUzNIVRo
aXMgcHJvZ3JhbSBjYW5ub3QgYmUgcnVuIGluIERPUyBtb2RlLg0NCiQAAAAAAAAATS+8hwlO0tQJ
TtLUCU7S1BpGu9QLTtLUDEKy1AtO0tQMQt3UEk7S1BpGj9QLTtLU823L1A1O0tSKRo/UGE7S1AlO
09Q3T9LUDEKN1MxO0tTlRYzUCE7S1AxCiNQITtLUUmljaAlO0tQAAAAAAAAAAAAAAAAAAAAAUEUA
AEwBBADEzz1WAAAAAAAAAADgAA8BCwEHCgDABQAAcAIAAAAAALBOBQAAEAAAANAFAAAAQAAAEAAA
ABAAAAQAAAAAAAAABAAAAAAAAAAAQAgAABAAAAAAAAACAAAAAAAQAAAQAAAAABAAABAAAAAAAAAQ
AAAAAAAAAAAAAAB4gwcA8AAAAAAACACQOwAAAAAAAAAAAAAAAAAAAAAAAAAAAAAAAAAAAAAAAAAA
AAAAAAAAAAAAAAAAAAAAAAAAAAAAAAAAAAAYgwcASAAAAAAAAAAAAAAAANAFAAwFAAAAAAAAAAAA
AAAAAAAAAAAAAAAAAAAAAAAudGV4dAAAAEG9BQAAEAAAAMAFAAAQAAAAAAAAAAAAAAAAAAAgAABg
LnJkYXRhAADazgEAANAFAADQAQAA0AUAAAAAAAAAAAAAAAAAQAAAQC5kYXRhAAAAJFkAAACgBwAA
IAAAAKAHAAAAAAAAAAAAAAAAAEAAAMAucnNyYwAAAJA7AAAAAAgAAEAAAADABwAAAAAAAAAAAAAA
AABAAABAAAAAAAAAAAAAAAAAAAAAAAAAAAAAAAAAAAAAAAAAAAAAAAAAAAAAAAAAAAAAAAAAAAAA
AAAAAAAAAAAAAAAAAAAAAAAAAAAAAAAAAAAAAAAAAAAAAAAAAAAAAAAAAAAAAAAAAAAAAAAAAAAA
AAAAAAAAAAAAAAAAAAAAAAAAAAAAAAAAAAAAAAAAAAAAAAAAAAAAAAAAAAAAAAAAAAAAAAAAAAAA
AAAAAAAAAAAAAAAAAAAAAAAAAAAAAAAAAAAAAAAAAAAAAAAAAAAAAAAAAAAAAAAAAAAAAAAAAAAA
AAAAAAAAAAAAAAAAAAAAAAAAAAAAAAAAAAAAAAAAAAAAAAAAAAAAAAAAAAAAAAAAAAAAAAAAAAAA
AAAAAAAAAAAAAAAAAAAAAAAAAAAAAAAAAAAAAAAAAAAAAAAAAAAAAAAAAAAAAAAAAAAAAAAAAAAA
AAAAAAAAAAAAAAAAAAAAAAAAAAAAAAAAAAAAAAAAAAAAAAAAAAAAAAAAAAAAAAAAAAAAAAAAAAAA
AAAAAAAAAAAAAAAAAAAAAAAAAAAAAAAAAAAAAAAAAAAAAAAAAAAAAAAAAAAAAAAAAAAAAAAAAAAA
AAAAAAAAAAAAAAAAAAAAAAAAAAAAAAAAAAAAAAAAAAAAAAAAAAAAAAAAAAAAAAAAAAAAAAAAAAAA
AAAAAAAAAAAAAAAAAAAAAAAAAAAAAAAAAAAAAAAAAAAAAAAAAAAAAAAAAAAAAAAAAAAAAAAAAAAA
AAAAAAAAAAAAAAAAAAAAAAAAAAAAAAAAAAAAAAAAAAAAAAAAAAAAAAAAAAAAAAAAAAAAAAAAAAAA
AAAAAAAAAAAAAAAAAAAAAAAAAAAAAAAAAAAAAAAAAAAAAAAAAAAAAAAAAAAAAAAAAAAAAAAAAAAA
AAAAAAAAAAAAAAAAAAAAAAAAAAAAAAAAAAAAAAAAAAAAAAAAAAAAAAAAAAAAAAAAAAAAAAAAAAAA
AAAAAAAAAAAAAAAAAAAAAAAAAAAAAAAAAAAAAAAAAAAAAAAAAAAAAAAAAAAAAAAAAAAAAAAAAAAA
AAAAAAAAAAAAAAAAAAAAAAAAAAAAAAAAAAAAAAAAAAAAAAAAAAAAAAAAAAAAAAAAAAAAAAAAAAAA
AAAAAAAAAAAAAAAAAAAAAAAAAAAAAAAAAAAAAAAAAAAAAAAAAAAAAAAAAAAAAAAAAAAAAAAAAAAA
AAAAAAAAAAAAAAAAAAAAAAAAAAAAAAAAAAAAAAAAAAAAAAAAAAAAAAAAAAAAAAAAAAAAAAAAAAAA
AAAAAAAAAAAAAAAAAAAAAAAAAAAAAAAAAAAAAAAAAAAAAAAAAAAAAAAAAAAAAAAAAAAAAAAAAAAA
AAAAAAAAAAAAAAAAAAAAAAAAAAAAAAAAAAAAAAAAAAAAAAAAAAAAAAAAAAAAAAAAAAAAAAAAAAAA
AAAAAAAAAAAAAAAAAAAAAAAAAAAAAAAAAAAAAAAAAAAAAAAAAAAAAAAAAAAAAAAAAAAAAAAAAAAA
AAAAAAAAAAAAAAAAAAAAAAAAAAAAAAAAAAAAAAAAAAAAAAAAAAAAAAAAAAAAAAAAAAAAAAAAAAAA
AAAAAAAAAAAAAAAAAAAAAAAAAAAAAAAAAAAAAAAAAAAAAAAAAAAAAAAAAAAAAAAAAAAAAAAAAAAA
AAAAAAAAAAAAAAAAAAAAAAAAAAAAAAAAAAAAAAAAAAAAAAAAAAAAAAAAAAAAAAAAAAAAAAAAAAAA
AAAAAAAAAAAAAAAAAAAAAAAAAAAAAAAAAAAAAAAAAAAAAAAAAAAAAAAAAAAAAAAAAAAAAAAAAAAA
AAAAAAAAAAAAAAAAAAAAAAAAAAAAAAAAAAAAAAAAAAAAAAAAAAAAAAAAAAAAAAAAAAAAAAAAAAAA
AAAAAAAAAAAAAAAAAAAAAAAAAAAAAAAAAAAAAAAAAAAAAAAAAAAAAAAAAAAAAAAAAAAAAAAAAAAA
AAAAAAAAAAAAAAAAAAAAAAAAAAAAAAAAAAAAAAAAAAAAAAAAAAAAAAAAAAAAAAAAAAAAAAAAAAAA
AAAAAAAAAAAAAAAAAAAAAAAAAAAAAAAAAAAAAAAAAAAAAAAAAAAAAAAAAAAAAAAAAAAAAAAAAAAA
AAAAAAAAAAAAAAAAAAAAAAAAAAAAAAAAAAAAAAAAAAAAAAAAAAAAAAAAAAAAAAAAAAAAAAAAAAAA
AAAAAAAAAAAAAAAAAAAAAAAAAAAAAAAAAAAAAAAAAAAAAAAAAAAAAAAAAAAAAAAAAAAAAAAAAAAA
AAAAAAAAAAAAAAAAAAAAAAAAAAAAAAAAAAAAAAAAAAAAAAAAAAAAAAAAAAAAAAAAAAAAAAAAAAAA
AAAAAAAAAAAAAAAAAAAAAAAAAAAAAAAAAAAAAAAAAAAAAAAAAAAAAAAAAAAAAAAAAAAAAAAAAAAA
AAAAAAAAAAAAAAAAAAAAAAAAAAAAAAAAAAAAAAAAAAAAAAAAAAAAAAAAAAAAAAAAAAAAAAAAAAAA
AAAAAAAAAAAAAAAAAAAAAAAAAAAAAAAAAAAAAAAAAAAAAAAAAAAAAAAAAAAAAAAAAAAAAAAAAAAA
AAAAAAAAAAAAAAAAAAAAAAAAAAAAAAAAAAAAAAAAAAAAAAAAAAAAAAAAAAAAAAAAAAAAAAAAAAAA
AAAAAAAAAAAAAAAAAAAAAAAAAAAAAAAAAAAAAAAAAAAAAAAAAAAAAAAAAAAAAAAAAAAAAAAAAAAA
AAAAAAAAAAAAAAAAAAAAAAAAAAAAAAAAAAAAAAAAAAAAAAAAAAAAAAAAAAAAAAAAAAAAAAAAAAAA
AAAAAAAAAAAAAAAAAAAAAAAAAAAAAAAAAAAAAAAAAAAAAAAAAAAAAAAAAAAAAAAAAAAAAAAAAAAA
AAAAAAAAAAAAAAAAAAAAAAAAAAAAAAAAAAAAAAAAAAAAAAAAAAAAAAAAAAAAAAAAAAAAAAAAAAAA
AAAAAAAAAAAAAAAAAAAAAAAAAAAAAAAAAAAAAAAAAAAAAAAAAAAAAAAAAAAAAAAAAAAAAAAAAAAA
AAAAAAAAAAAAAAAAAAAAAAAAAAAAAAAAAAAAAAAAAAAAAAAAAAAAAAAAAAAAAAAAAAAAAAAAAAAA
AAAAAAAAAAAAAAAAAAAAAAAAAAAAAAAAAAAAAAAAAAAAAAAAAAAAAAAAAAAAAAAAAAAAAAAAAAAA
AAAAAAAAAAAAAAAAAAAAAAAAAAAAAAAAAAAAAAAAAAAAAAAAAAAAAAAAAAAAAAAAAAAAAAAAAAAA
AAAAAAAAAAAAAAAAAAAAAAAAAAAAAAAAAAAAAAAAAAAAAAAAAAAAAAAAAAAAAAAAAAAAAAAAAAAA
AAAAAAAAAAAAAAAAAAAAAAAAAAAAAAAAAAAAAAAAAAAAAAAAAAAAAAAAAAAAAAAAAAAAAAAAAAAA
AAAAAAAAAAAAAAAAAAAAAAAAAAAAAAAAAAAAAAAAAAAAAAAAAAAAAAAAAAAAAAAAAAAAAAAAAAAA
AAAAAAAAAAAAAAAAAAAAAAAAAAAAAAAAAAAAAAAAAAAAAAAAAAAAAAAAAAAAAAAAAAAAAAAAAAAA
AAAAAAAAAAAAAAAAAAAAAAAAAAAAAAAAAAAAAAAAAAAAAAAAAAAAAAAAAAAAAAAAAAAAAAAAAAAA
AAAAAAAAAAAAAAAAAAAAAAAAAAAAAAAAAAAAAAAAAAAAAAAAAAAAAAAAAAAAAAAAAAAAAAAAAAAA
AAAAAAAAAAAAAAAAAAAAAAAAAAAAAAAAAAAAAAAAAAAAAAAAAAAAAAAAAAAAAAAAAAAAAAAAAAAA
AAAAAAAAAAAAAAAAAAAAAAAAAAAAAAAAAAAAAAAAAAAAAAAAAAAAAAAAAAAAAAAAAAAAAAAAAAAA
AAAAAAAAAAAAAAAAAAAAAAAAAAAAAAAAAAAAAAAAAAAAAAAAAAAAAAAAAAAAAAAAAAAAAAAAAAAA
AAAAAAAAAAAAAAAAAAAAAAAAAAAAAAAAAAAAAAAAAAAAAAAAAAAAAAAAAAAAAAAAAAAAAAAAAAAA
AAAAAAAAAAAAAAAAAAAAAAAAAAAAAAAAAAAAAAAAAAAAAAAAAAAAAAAAAAAAAAAAAAAAAAAAAAAA
AAAAAAAAAAAAAAAAAAAAAAAAAAAAAAAAAAAAAAAAAAAAAAAAAAAAAAAAAAAAAAAAAAAAAAAAAAAA
AAAAAAAAAAAAAAAAAAAAAAAAAAAAAAAAAAAAAAAAAAAAAAAAAAAAAAAAAAAAAAAAAAAAAAAAAAAA
AAAAAAAAAAAAAAAAAAAAAAAAAAAAAAAAAAAAAAAAAAAAAAAAAAAAAAAAAAAAAAAAAAAAAAAAAAAA
AAAAAAAAAAAAAAAAAAAAAAAAAAAAAAAAAAAAAAAAAAAAAAAAAAAAAAAAAAAAAAAAAAAAAAAAAAAA
AAAAAAAAAAAAAAAAAAAAAAAAAAAAAAAAAAAAAAAAAAAAAAAAAAAAAAAAAAAAAAAAAAAAAAAAAAAA
AAAAAAAAAAAAAAAAAAAAAAAAAAAAAAAAAAAAAAAAAAAAAAAAAAAAAAAAAAAAAAAAAAAAAAAAAAAA
AAAAAAAAAAAAAAAAAAAAAAAAAAAAAAAAAABWagxqAeifrAAAi/CLRCQQiUYEi0QkFIlGCKEItEcA
hcBZWXQSgz0AtEcAAHUJ/zUMtEcA/9BZoQS0RwCFwHQEiTDrBok1ALRHAIk1BLRHAIMmAF7DVos1
ALRHAIX2dCX/dgj/VgSLBlajALRHAOgArQAAgz0AtEcAAFlZdQeDJQS0RwAAXsMzwDkFALRHAA+V
wMNWjTRAweYCi44UtEcAjYYYtEcAOwhXfBqDwSBqCFGNvhC0RwD/N4kI6EisAACDxAyJB4uOFLRH
AIt8JAyNhhC0RwCLEIk8youOFLRHAIsAi1QkEIlUyAT/hhS0RwBfXsOLDSi0RwCFyXRpg3wkCAB1
YotEJASDeBQBdViLQBiLAIN4BAB1TYM9LLRHAAB0AzPAw1FQ6DKvAAD/NSi0RwDoaQ4FAFD/NSi0
RwDosKAEAP81KLRHAOglrAAAgyUotEcAADPAg8QYxwUstEcAAQAAAEDDg8j/w4UFMLRHAHQU/3Qk
BGgg1UUA6MQSBABZM8BZQMMzwMNVi+yD7BBTV4t9CGj410UAM9tXiV386KwQBQCFwFlZdTs5XQx1
BGr+6yw5XRB8Jf91FP91DOiRCgEA/3UMxwVs5UcAAQAAAOgSrwAAg8QMo2TlRwBqAljp0Q0AAFZo
8NdFAFfoXxAFAIXAWVl1PjldEH0IM8BA6bENAABXagNei8boW////4XAWXXoOV0QD4WpAAAAVok1
NOVHAMcFQOVHABYAAABqAum3AAAAaOjXRQBX6BAQBQCFwFlZdU85XRB8sVdqA1joFv///4XAWXWj
OV0QdWgz9kZWagL/dRSJNTTlRwDHBUDlRwAXAAAA6PITAAD/NUDlRwBW/3UU6OMTAACDxBiLxukg
DQAAaODXRQBX6LAPBQCFwFlZdWY5XRAPjE3///9XagNY6LL+//+FwFkPhTv///85XRB0Ev91DDPA
V+jC/f//WVnpJP///2oCWFCjNOVHAMcFQOVHAAECAABQ/3UU6HoTAAD/NUDlRwBqAf91FOhqEwAA
g8QY6fD+//9o2NdFAP91COg3DwUAi10QWVkz/2oCR4XAXnVEhduJffx9B4vH6X8MAAD/dQhqA1jo
Kf7//4XAWXXphdt0Df91DP91CDPA6fUJAACDJTTlRwAAagBW/3UU6AUTAACDxAxo0NdFAP91COjX
DgUAhcBZWXVEhduJffx8qf91CGoDWOjZ/f//hcBZdZmF23WwagRYUFb/dRSjNOVHAOjCEgAAU/91
FOhoDwAAUGo3/3UU6IcTAACDxCBozNdFAP91COiADgUAhcBZWXURhduJffwPjE7///8JPVjlRwBo
yNdFAP91COhcDgUAhcBZWXVDOUUMdQhq/ljprgsAAIXbiXX8i8YPjKELAAD/dQjoTv3//4XAWQ+F
af7//4Xb/3UMD4V7CAAAajL/dRToDRMAAIPEDGi810UA/3UI6AYOBQCFwFlZdTs5RQx0qoXbiXX8
i8YPjFMLAAD/dQjoAP3//4XAWQ+FG/7//4Xb/3UMD4UtCAAAagn/dRTovxIAAIPEDGiw10UA/3UI
6LgNBQCFwFlZdXw5RQwPhFj///+F24l1/IvGD4wBCwAA/3UI6K78//+FwFkPhcn9//+F2/91DA+F
2wcAAOgSrAAAi/BW6PSoAACFwFlZdRv/dQxocNdFAOhUDwQAVuh9qAAAg8QM6V4KAABob9dFAFZo
qAAAAP91FOilEgAAVuhcqAAAg8QUaGzXRQD/dQjoKQ0FAIXAWVm+aNdFAHQmaGTXRQD/dQjoEQ0F
AIXAWVl0E1b/dQjoAg0FAIXAWVkPhfQAAACDfQwAD4Sd/v//hdtqAl+JffwPjL/9////dQhqA1jo
7/v//4XAWQ+Fq/3//4XbD4W+/f//Vv91COi7DAUAhcBZWXRvi0UIilgBajr/dQzorKQAAIvwhfZZ
WYv+dB2NRgFqOlDol6QAAIXAWVl0Aov+hcCL8HXnhf91Ew++w1BoNNdFAOhkDgQA6XUJAAD/dQyL
xytFDFAPvsNQaCzXRQDoGK0AAEdXi/Do4qoAAIPEFOsc/3UMaCjXRQDo/awAAGgk10UAi/DoxKoA
AIPEDIv4V1ZolgAAAP91FOh/EQAAVug2pwAAV+gwpwAAi10QM/+DxBhHaCDXRQD/dQjo9wsFAIXA
WVkPhZIAAAA5RQwPhJP9//+F22oCX4l9/A+Mtfz///91CGoDWOjl+v//hcBZD4Wh/P//hdsPhbT8
//9qOv91DOi3owAAi/CF9llZdQ9o9NZFAOiSDQQA6aQIAAD/dQyLxitFDFBo7NZFAOhKrAAAi/hX
aiz/dRTocBAAAEZW6GULBQBQai3/dRTohQ8AAFfohKYAADP/g8QsR2jo1kUA/3UI6E4LBQCFwFlZ
D4XVAAAAOUUMD4Tq/P//hdtqAl+JffwPjAz8////dQhqA1joPPr//4XAWQ+F+Pv//4XbD4UL/P//
aOTWRQD/dQwz/4l9+DP26IUKBQA7x1lZiUX0dQ3/dQxowNZFAOly/v///3X06CMKBQCL2IP7/1mJ
XfB1AjPbO3X4fBeNhgACAABqAVBXiUX46HOlAACDxAyL+IgcN0aDffD/dcX/dfTokgkFAFdqE/91
FOiQDwAAaG/XRQBqFP91FOiBDwAAagFqFf91FOicDgAAV+ibpQAAi10QM/+DxCxHaLzWRQD/dQjo
YgoFAIXAWVl1STlFDA+EAvz//4XbagJeiXX8i8YPjKgHAAD/dQjoVfn//4XAWQ+FcPr//4Xb/3UM
D4WDBQAA6BUKBQBQV/91FOg2DgAAg8QQ6wNqAl5ouNZFAP91COgDCgUAhcBZWXVtOUUMD4Sj+///
hduJdfyLxg+MTAcAAP91COj5+P//hcBZD4UU+v//hdsPhScFAABW/3UU6I4JAACD+ANZWXQNaIDW
RQDoqAsEAFnrIf91DOhAqAAA/3UMoyi0RwDo7AYFAFD/dQzoNpkEAIPEEGh41kUA/3UI6IMJBQCF
wFlZdCZocNZFAP91COhwCQUAhcBZWXQTaGTWRQD/dQjoXQkFAIXAWVl1NIXbiX38D4wr+v///3UI
i8boXPj//4XAWQ+FGPr//4XbD4Ur+v//V2oa/3UU6EQNAACDxAxoWNZFAP91COgWCQUAhcBZWXQm
aEzWRQD/dQjoAwkFAIXAWVl0E2hA1kUA/3UI6PAIBQCFwFlZdTSF24l9/A+Mvvn///91CIvG6O/3
//+FwFkPhav5//+F2w+Fvvn//1NqGv91FOjXDAAAg8QMi3UIaDzWRQBW6KgIBQCFwFlZdTOF24l9
/A+Mdvn//1ZqA1joqPf//4XAWQ+FZPn//4XbD4WkAQAAV2ob/3UU6JAMAACDxAxoONZFAFboZAgF
AIXAWVl1M4XbiX38D4wy+f//VmoDWOhk9///hcBZD4Ug+f//hdsPhWABAABTahv/dRToTAwAAIPE
DGg01kUA/3UI6B4IBQCFwFlZvpAAAAB1NIXbiX38D4zn+P///3UIagNY6Bf3//+FwFkPhdP4//+F
2w+F5vj//1dW/3UU6AAMAACDxAxoMNZFAP91COjSBwUAhcBZWXU0hduJffwPjKD4////dQhqA1jo
0Pb//4XAWQ+FjPj//4XbD4Wf+P//U1b/dRTouQsAAIPEDIt1CGgs1kUAVuiKBwUAhcBZWXU5hduJ
ffwPjFj4//9WagNY6Ir2//+FwFkPhUb4//+F23QJ/3UMVulUAgAAagBqFf91FOhsCwAAg8QMaCjW
RQBW6EAHBQCFwFlZdS+F24l9/A+MDvj//1ZqA1joQPb//4XAWQ+F/Pf//4XbdbZXahX/dRToLAsA
AIPEDGgk1kUAVugABwUAhcBZWXU4hduJffwPjM73//9WagNY6AD2//+FwFkPhbz3//+F23QJ/3UM
VunQ9///V2or/3UU6OMKAACDxAxoINZFAFbotwYFAIXAWVl1OYXbiX38D4yF9////3UIagJei8bo
s/X//4XAWQ+Fb/f//4XbD4WC9///V2oW/3UU6JsKAACDxAzrA2oCXmgc1kUA/3UI6GgGBQCFwFlZ
dTSF24l9/A+MNvf///91CIvG6Gf1//+FwFkPhSP3//+F2w+FNvf//1NqH/91FOhPCgAAg8QMaBjW
RQD/dQjoIQYFAIXAWVl1NYXbiX38D4zv9v///3UIi8boIPX//4XAWQ+F3Pb//4XbD4Xv9v//agNq
H/91FOgHCgAAg8QMaBTWRQD/dQjo2QUFAIXAWVl1UzlFDA+Eeff//4XbiXX8i8YPjCIDAAD/dQjo
z/T//4XAWQ+F6vX//4Xb/3UMdAczwOn8AAAA6G2UBACL8FZqHv91FOjsCwAAVugrlwQAg8QUagJe
aBDWRQD/dQjocwUFAIXAWVl0E2gI1kUA/3UI6GAFBQCFwFlZdRuF24l9/A+MLvb//3VBV2oD/3UU
6GAJAACDxAxoBNZFAP91COgyBQUAhcBZWXQTaPzVRQD/dQjoHwUFAIXAWVl1L4XbiX38D4zt9f//
dBT/dQz/dQiLx+hC8///WVnp1/X//1ZqA/91FOgLCQAAg8QMaPTVRQD/dQjo3QQFAIXAWVkPhW4B
AAA5RQwPhHn2//+F24l1/A+M/fT///91CGoDWOjO8///hcBZD4Xp9P//hdt0FP91DIvH/3UI6N3y
//9ZWenR9P//Vv91FOhTBAAAg/gEWVl0C2i01UUA6G0GBABZi3UMgD4AD4QHAQAAaixW6JQCBQCF
wFlZdQ1W6KgBBQBZi/gz2+sLK8aL+DPbxgQ3AEOD/wEPhZAAAAAPvgaD+Fh/U3RNg/gxfGOD+DJ+
L4P4NH5Zg/g5fh2D+ER0EoP4TnQJg/hSdUVqAusGagDrAmoDajzrD4PA0FBqOesHjUQAoFBqOv91
FOgJCAAAg8QM63FqAevci8iD6WV0KIPpCHQfSXQYSXQRg+kEdAhQaJDVRQDrR2oE6w5qAesKagDr
BmoD6wJqAmo767qD/wN1FldojNVFAFbofAEFAIPEDIXAdQNX651W6H8DBQCFwFl0BVBqOOuPVmho
1UUA6GsFBABZWQPfA/OAPgAPhfz+//+LXRC+XNVFAFb/dQjoVwMFAIXAWVm/VNVFAHQmV/91COhD
AwUAhcBZWXQXaEjVRQD/dQjoMAMFAIXAWVkPhYgAAACDfQwAD4TL9P//hdtqAliJRfx8d/91COgk
8v//hcBZdRGF2/91DHQR/3UI6Dnx//9ZWWoC6Z70///ovJEEAIvYU2py/3UU6DsJAABW/3UI6NIC
BQCDxBiFwHUFagJY6xRX/3UI6L0CBQD32BvAWffYWYPAA1Bqc/91FOjFBgAAU+hGlAQAg8QQi0X8
Xl9bycNWV74UtEcAM/85Pn4e/3QkDItG/I0E+GoA/3AE/zDorPH//4PEEEc7Pnzig8YMgf4stEcA
fNFfXsOLRCQEi0wkCIsQVosxO9Z8MX4FM8BAXsOLFJVYoEcASnQWSnQEM8Bew/9xBP9wBOgpAgUA
WVlew4tABItJBDvBfQWDyP9ewzPSO8EPn8Jei8LDiwaDPIVYoEcAAnUJ/3YE6BqdAABZiwaLBIUo
o0cAg/gCdQr/dgjoA50AAOscg/gDdQr/dgjodpMEAOsNg/gEdQn/dgjoZ5MEAFlW6N6cAABZw1Zq
BGoB6AicAABo8x9AAIvw6NefAwCJBoPEDIvGXsNqAP836M+rAwCFwFlZdBhWi/DoeP///2oA/zfo
uKsDAIXAWVl16l7DV4t8JAjozv////836N+fAwBX6H6cAABZWV/DVlP/N+j2pAMAi/CF9llZdDc7
83QzVv836KOrAwDoKv///1P/N+jVpAMAg8QQO8N0F2jFAAAAaBTYRQBoANhFAOiaAQUAg8QMXsNV
i+xRVleLfQjoZf///4t9DINl/ABqAP836NakAwCL8IX2WVkPhJAAAABTagxqAegymwAAi9iLBokD
iwSFWKBHAEhZWXQOSHUR/3YE6FOfAABZ6wOLRgSJQwSLBosEhSijRwBIdChIdBpIdA1IdSX/dgjo
I5IEAOsS/3YI6H6PBADrCP92COgZnwAAWesDi0YIiUMIi0UIU/8w6BakAwD/Rfz/dfz/N+hIpAMA
i/CDxBCF9g+Fcv///1tfXsnDVuiQ/v///3QkCIvwVugw////WVmLxl7DVYvsUVFWi3UMgzy1WKBH
AABXvxTYRQB0E2jnAAAAV2hI2EUA6JYABQCDxAyDPLUoo0cAAXQTaOgAAABXaCjYRQDoeQAFAIPE
DGoAjUX4UItFCP8wiXX46F+lAwCL8IPEDIX2dRNo6wAAAFdoINhFAOhKAAUAg8QMi0YIX17Jw1WL
7FFRVot1DIM8tVigRwABV78U2EUAdBNo9AAAAFdobNhFAOgXAAUAg8QMgzy1KKNHAAF0E2j1AAAA
V2go2EUA6Pr/BACDxAyLRRCJRfxqAI1F+FCLRQj/MIl1+OjapAMAi/CDxAyF9nUTaPkAAABXaCDY
RQDoxf8EAIPEDItGCF9eycNVi+xRUVaLdQyDPLVYoEcAAFe/FNhFAHQTaAIBAABXaEjYRQDokv8E
AIPEDIM8tSijRwACdBNoAwEAAFdokNhFAOh1/wQAg8QMagCNRfhQi0UI/zCJdfjoW6QDAIvwg8QM
hfZ1E2gGAQAAV2gg2EUA6Eb/BACDxAyLRghfXsnDVYvsUVFWi3UMgzy1WKBHAAJXvxTYRQB0E2gP
AQAAV2iw2EUA6BP/BACDxAyDPLUoo0cAAnQTaBABAABXaJDYRQDo9v4EAIPEDItFEIlF/GoAjUX4
UItFCP8wiXX46NajAwCDxAyFwF9edAWLQAjJwzPAycNW/3QkEP90JBD/dCQQ6Hr///+L8IPEDIX2
dRdoGgEAAGgU2EUAaNTYRQDomf4EAIPEDIvGXsNVi+xRUVaLdQyDPLVYoEcAAle/FNhFAHQTaCQB
AABXaLDYRQDoaf4EAIPEDIM8tSijRwACdBNoJQEAAFdokNhFAOhM/gQAg8QMi0UQhcCJdfh0B4lF
/GoD6wnHRfxv10UAagSNRfhqAFCLRQj/MOg0owMAg8QQhcB0ETkwdQ2LSASLVRSJCotACOsCM8Bf
XsnDVYvsUVFWi3UMgzy1WKBHAAJXvxTYRQB0E2g6AQAAV2iw2EUA6Nj9BACDxAyDPLUoo0cAAnQT
aDsBAABXaJDYRQDou/0EAIPEDIt9CI1FDFBqBGoAjUX4UP83iXX4x0X8b9dFAOh2oQMAg8QUhcB0
IzkwdR+LRRCLTQwDyFH/N+jcoAMAhcBZWXQJOTB1BYtABOsCM8BfXsnDVYvsUVFWi3UMgzy1WKBH
AABXvxTYRQB0E2hMAQAAV2hI2EUA6D/9BACDxAyDPLUoo0cAA3QTaE0BAABXaNjYRQDoIv0EAIPE
DGoAjUX4UItFCP8wiXX46AiiAwCL8IPEDIX2dRNoUAEAAFdoINhFAOjz/AQAg8QMi0YIX17Jw1WL
7FFRVot1DIM8tVigRwAAV78U2EUAdBNoWQEAAFdoSNhFAOjA/AQAg8QMgzy1KKNHAAR0E2haAQAA
V2gA2UUA6KP8BACDxAxqAI1F+FCLRQj/MIl1+OiJoQMAi/CDxAyF9nUTaF0BAABXaCDYRQDodPwE
AIPEDItGCF9eycNTVldqDGoB6C+WAACLdCQcgzy1WKBHAABZWYvYvxTYRQB0E2hlAQAAV2hI2EUA
6Df8BACDxAyDPLUoo0cAAXQTaGYBAABXaCjYRQDoGvwEAIPEDItEJBiLfCQQiTOJQwjoJvr//19e
W8NTVldqDGoB6MaVAACLdCQcgzy1WKBHAAFZWYvYvxTYRQB0E2hwAQAAV2hs2EUA6M77BACDxAyD
PLUoo0cAAXQTaHEBAABXaCjYRQDosfsEAIPEDItEJBiLfCQQiUMEi0QkHIkziUMI6Lb5//9fXlvD
U1ZXagxqAehWlQAAi3QkHIM8tVigRwAAWVmL2L8U2EUAdBNofAEAAFdoSNhFAOhe+wQAg8QMgzy1
KKNHAAJ0E2h9AQAAV2iQ2EUA6EH7BACDxAz/dCQYiTPoQpkAAIt8JBRZiUMI6Ef5//9fXlvDU1ZX
agxqAejnlAAAi3QkHIM8tVigRwACWVmL2L8U2EUAdBNoiAEAAFdosNhFAOjv+gQAg8QMgzy1KKNH
AAJ0E2iJAQAAV2iQ2EUA6NL6BACDxAz/dCQYiTPo05gAAP90JCCJQwTox5gAAIt8JBhZWYlDCOjL
+P//X15bw1WL7FFRVot1DIM8tVigRwACV78U2EUAdBNolQEAAFdosNhFAOh9+gQAg8QMgzy1KKNH
AAJ0E2iWAQAAV2iQ2EUA6GD6BACDxAyLRRCLfQiJRfxqAI1F+FD/N4l1+OhAnwMAi/CDxAyF9nQP
Vv836BSkAwBZWeiZ9///X17Jw1NWV2oMagHo7ZMAAIt0JByDPLVYoEcAAFlZi9i/FNhFAHQTaKQB
AABXaEjYRQDo9fkEAIPEDIM8tSijRwADdBNopQEAAFdo2NhFAOjY+QQAg8QM/3QkGIkz6DSIBACL
fCQUWYlDCOje9///X15bw1NWV2oMagHofpMAAIt0JByDPLVYoEcAAFlZi9i/FNhFAHQTaK8BAABX
aEjYRQDohvkEAIPEDIM8tSijRwAEdBNosAEAAFdoANlFAOhp+QQAg8QM/3QkGIkz6GCKBACLfCQU
WYlDCOhv9///X15bw1OLXCQIVVZXM+0z/+toiwaLBIVYoEcAg8cESHQSSHUS/3YE6Or1BABZjXwH
AesDg8cEiwaLBIUoo0cASHQ0SHQiSHQTSHUuagD/dgjoLIoEAFlZA/jrHmoA/3YI6JCHBADr7v92
COin9QQAWY18BwHrA4PHBEVV/zPoK5wDAIvwhfZZWXWIjUcEX15dW8NVi+yLRQhWi3UMg2UMAFdq
AP8w6AOcAwCL+IX/WVkPhO8AAABTikcDiAaKRwKIRgGLB8H4CIhGAooHiEYDiweLBIVYoEcAg8YE
SHQiSHU8/3cE6C31BACL2FP/dwRW6DH8BAAD84PEEMYGAEbrHYpHB4gGikcGiEYBi0cEwfgIiEYC
ikcEiEYDg8YEiweLBIUoo0cASHRCSHQgSHQSSHVWVv93COhGiQQAWVkD8OtHVv93COirhgQA6+//
dwjowvQEAIvYU/93CFboxvsEAAPzg8QQxgYARusdikcLiAaKRwqIRgGLRwjB+AiIRgKKRwiIRgOD
xgT/RQz/dQyLRQj/MOgVmwMAi/iF/1lZD4UT////W1/GBv/GRgH/xkYC/8ZGA/9eXcNVi+xRg30Q
BFaLdQwPjI8BAABTVw+2TgIzwIomg20QBIPGBIpG/cHgCAvBD7ZO/8HgCAvBi/iB/7MAAAAPg10B
AABqDGoB6ByRAACL2Ik7izy9WKBHAE9ZWXQ1T3Vm/3UQagBW6EX+BACL+IPEDIX/D4QiAQAAVugp
lQAAiUMEi0UQK/eNRDD/iUUQjXcB6zODfRAED4z+AAAAD7ZOAjPAiiaKRgHB4AgLwQ+2TgPB4AgL
wVDomo4AAIPGBINtEASJQwRZiwOLBIUoo0cASHRvSHQ+SHQsSA+FkgAAAI1F/FD/dRBW6F2IBACD
xAyFwIlDCA+EiwAAAItF/APwKUUQ622NRfxQ/3UQVuhYhQQA69n/dRBqAFbokv0EAIv4g8QMhf90
XlboepQAAIlDCItFECv3jUQw/4lFEI13Aesvg30QBHw+D7ZOAjPAiiaKRgHB4AgLwQ+2TgPB4AgL
wVDo740AAIPGBINtEASJQwhZi30I6ED0//+DfRAED42T/v//6xyLA4M8hVigRwACdQn/cwTompAA
AFlT6JOQAABZX1uLxitFDF7Jw1WL7IN9FABWV3VMi3UI/3YU/3UQ6BX1//9ZWYtOJDP/hcl+D4tW
MDsCdAhHg8IEO/l89Dv5fBRqJGhc3EUAaDzcRQDopfUEAIPEDFf/dQxW6LnLAwDrRIN9FAJ1Qf91
DIt1CFbo+ssDAIv4hf9ZWXwFO34kfBRqKGhc3EUAaAzcRQDoZvUEAIPEDItGMP80uP92FP91EOjo
+P//g8QMX15dw1WL7FNWV4t9CIt3FDPb98YAAABAdAeB5v///79Dg30UAHUlVv91EOhg9P//M8mF
wA+UwTPAhdsPlMAzyFH/dQxX6PbLAwDrJ4N9FAJ1JP91DFfoMcwDAPfYG8AzyUCF2w+UwTPBUFb/
dRDocvj//4PEFF9eW13DVYvsg+xQU1ZXi30Ii3cshfaLXxR+ToN9FAB1G1P/dRDo9PT//1D/dQxX
6CrMAwCDxBTp3QAAAIN9FAIPhdMAAAD/dQxX6FfMAwCL8FZT/3UQ6O34//9W6BOPAACDxBjpsAAA
AA+NqgAAAIN9FAB1XFP/dRDonPP//4P+/1lZiUUQdRRQjUWwaGzcRQBQ6FL8BACDxAzrI9tFEPfe
iXUQ20UQUVGNRbDe+d0cJGho3EUAUOgt/AQAg8QQjUWwUP91DFfokssDAIPEDOtIg30UAnVC/3UM
V+jGywMAg/7/WVmL+Fd1B+hV8wQA6xToqPsEAPfeiXUI20UI3snolPwEAFBT/3UQ6GD3//+DxBBX
6FyOAABZX15bycNVi+yDfRQAVot1CFeLfhR1GFf/dRDoOfb//1D/dQxW6HfPAwCDxBTrJIN9FAJ1
Hv91DFborc8DAIvwVlf/dRDoT/n//1bojoQEAIPEGF9eXcNVi+yDfRQAVot1CFeLfhR1GFf/dRDo
Z/b//1D/dQxW6LrTAwCDxBTrJIN9FAJ1Hv91DFbotM8DAIvwVlf/dRDobfn//1boPYQEAIPEGF9e
XcNVi+yDfRQAdVBqAv91EOhH8v//g/gEWVl1K2iM3EUA/3UM/3UI6DjOAwBqN/91EOgq8///UP91
DP91COheygMAg8QgXcNocNxFAP91DP91COgNzgMAagDr04N9FAJ1Olb/dQz/dQjoe8oDAGoC/3UQ
i/Do4/H//4PEEIP4BFZ1BGo36wJqAP91EOj69v//g8QMVugdjQAAWV5dw1WL7IPsUIN9FABWD4WR
AAAAi3UQagJW6KPx//+D+ARZWXUsaKDcRQD/dQz/dQjolM0DAGo4VuiE8f//UI1FsGhs3EUAUOhE
+gQAg8Qg6z9omNxFAP91DP91COhozQMAagFW6Fjx//+DxBSFwHQcagFW6Enx//9QjUWwaGzcRQBQ
6An6BACDxBTrBMZFsACNRbBQ/3UM/3UI6GbJAwCDxAzrR4N9FAJ1QVf/dQz/dQjol8kDAIvwVugt
8QQAVov46FWMAABqAv91EOjx8P//g8QYg/gEV3UEajjrAmoB/3UQ6C/1//+DxAxfXsnDVYvsVot1
CItGFFcz/zl9FIlFCHVPagL/dRDotPD//1lZi04kO/l9E4tWMDsCdAhHg8IEO/l89Dv5fBdoAgEA
AGhc3EUAaDzcRQDoQ/EEAIPEDFf/dQxW6FfHAwCDxAzp4gAAAIN9FAIPhdgAAABTagL/dRDoWvD/
//91DIvYVuiExwMAi/iDxBCF/3wFO34kfBdoCQEAAGhc3EUAaAzcRQDo7PAEAIPEDItGMIs8uFdq
Av91EOhu9P//g8QMO990aVPouMEAAFeL8OiwwQAAhfZZWYv4dRdoEAEAAGhc3EUAaKzcRQDop/AE
AIPEDIX/dRdoEQEAAGhc3EUAaKjcRQDojPAEAIPEDGoB/3UQ6MDv//87RkhZWXUQ/3dIagH/dRDo
AfT//4PEDP91DIt1CP826DXOAwD/dQz/dgToKs4DAIPEEFtfXl3DVYvsg30UAFZXdUdqc/91EOh0
7///i3UIWVmLTiQz/4XJfg+LVjA7AnQIR4PCBDv5fPQ7+XUQM/9XanP/dRDom/P//4PEDFf/dQxW
6BnGAwDrRoN9FAJ1Q/91DIt9CFfoWsYDAIvwhfZZWXwFO3ckfBdoPAEAAGhc3EUAaAzcRQDow+8E
AIPEDItHMP80sGpz/3UQ6Ebz//+DxAxfXl3DVYvsg30UAFZXdVdqS/91EOjV7v//hcBZWXQFagJe
6xRqSv91EOjA7v//i/D33lkb9ln33ot9CDt3JHwXaFEBAABoXNxFAGg83EUA6FnvBACDxAxW/3UM
V+htxQMAg8QM62yDfRQCdWb/dQyLfQhX6KvFAwCL8IX2WVl8BTt3JHwXaFUBAABoXNxFAGgM3EUA
6BTvBACDxAyD/gJ1EGoAakr/dRDolvL//2oB6xQzwIX2D5XAUGpK/3UQ6IDy//9qAGpL/3UQ6HTy
//+DxBhfXl3DVYvsVjP2OXUUdWJTi10IV4t9DFdT6H3LAwBXU+jIxgMAg8QQVmod/3UQ6Gju//+D
xAwz0jPJOQTNLNlFAHQIQYP5BnLx6weLFM0o2UUAUFJXU+huxwMAg8QQRoP+BnzEV1PoX8sDAFlZ
X1vrJ4N9FAJ1IVb/dQz/dQjo48cDAFBWah3/dRDoS/L//4PEHEaD/gZ8315dw1WL7FYz9jl1FA+F
gwAAAFOLXQxXU/91COjjygMAU/91COgsxgMAg8QQM/85NRwzRwB+UFdqJ/91EOjC7f//i/CDxAyF
9nwIOzUcM0cAfBdomAEAAGhc3EUAaLDcRQDo3e0EAIPEDFb/NLUgM0cAU/91COi3xgMAg8QQRzs9
HDNHAHywU/91COijygMAWVlfW+szg30UAnUtgz0cM0cAAH4kVv91DP91COgexwMAUFZqJ/91EOiG
8f//g8QcRjs1HDNHAHzcXl3DVYvsVjP2OXUUdWJTi10IV4t9DFdT6B7KAwBXU+hpxQMAg8QQVmoX
/3UQ6Ant//+DxAwz0jPJOQTNXNlFAHQIQYP5BXLx6weLFM1Y2UUAUFJXU+gPxgMAg8QQRoP+BXzE
V1PoAMoDAFlZX1vrJ4N9FAJ1IVb/dQz/dQjohMYDAFBWahf/dRDo7PD//4PEHEaD/gV8315dw1WL
7FFWVzP/OX0UD4WQAAAAi3UIU/91DFbog8kDADl+KFlZu8zcRQB0TP91DFbowMQDAFP/dQxW6CPF
AwCNRRRQ6G2oBACDxBg5fRSJRfx+HFf/dfzo66gEAFD/dQxW6PzEAwCDxBRHO30UfOT/dfzoAakE
AFlqfP91EOim7P//hcBZWXUCi8NQ/3UMVujUwwMA/3UMVug1yQMAg8QUW+s7g30UAnU1/3UM/3UI
6PzDAwCL8GjM3EUAVuia6wQAg8QQhcB1AogGVmp8/3UQ6H3w//9W6KOGAACDxBBfXsnDVYvsUYN9
FABWD4WBAAAAU4tdCFeLfQxXU+ijyAMAvowAAABW/3UQ6Brs//9Q6IDIBABQ6KDKBABXU4lF/OjR
wwMAg2UUAGoA6DrLBACDxCTrFlBXU+gmxAMA/0UU/3UU6CLLBACDxBCFwHXm/3X8V1PoEMMDAP91
/Fb/dRDo7u///1dT6GfIAwCDxCBfW+s2g30UAnUw/3UM/3UI6C3DAwCL8FboCcgEAFDoKcoEAFBo
jAAAAP91EOiz7///VujZhQAAg8QgXsnDVYvsg30UAFZ1fot1CFNX/3YU/3UQ6F/q//+LfQxXVovY
6NLHAwBXVugdwwMAagJo8NxFAFdW6OvDAwBqAWjs3EUAV1bo3cMDAGoAaOjcRQBXVujPwwMAi8OD
xEiD6AB0Dkh0B0h1FGoA6wZqAesCagJXVuinxQMAg8QMV1bopccDAFlZX1vrOYN9FAN1M/91DIt1
CFbohcQDAIXAWVl9BWoCWOsNUP91DFboFMQDAIPEDFD/dhT/dRDoEO7//4PEDF5dw1aLdCQIjUYc
agBQ6BXiAAD/dizo94QAAFbo8YQAAIPEEF7DVYvsU/91CP92BOgpxAMAi9iF21lZfQ3/dQjo08cD
AFkzwOt5i0YgV2j43EUA/zSY6JTpBAD/dQyL+ItGIP80mPffG/9H6EvjAAD/dizomoQAAIPEFIX/
dAe4b9dFAOsGi0YgiwSYUOj0hwAAiUYsi0UQhcBZdAkzyYX/D5TBiQj/dQhqAOihxwMAU/91CP92
BOiixAMAg8QUM8BAX1tdw1WL7FNWV4t9CIt3FDPbOV0UdWI7PnUU/3Ys/3UMV+gTwQMAg8QM6QgD
AAA7fgQPhf8CAAD/dQxX6DTGAwD/dQxX6H3BAwCDxBCDfhwAfhiLRiD/NJj/dQxX6NLBAwCDxAxD
O14cfOj/dQxX6DDGAwDpvAIAAIN9FAJ1czs+D4WwAgAA/3Ys6MGDAAD/dQxX6OrAAwCLfhyDxAyD
TRD/iUYsjUcB6yyLRRADx5krwovYi0Yg0fv/NJj/dizoaegEAIXAWVl/BIv76wOJXRCLxytFEIP4
AX/PO34cdQFPV/91DP92BOivwwMA6TX///+DfRQBD4U7AgAAi04oO8uJXRR1Ujt+BHQLi0YIO8N0
Rjv4dUKNRRRQ/3UQ/3UM6D/+//+DxAyFwA+EBwIAADldFA+E/gEAADt+BA+F9QEAAP91EOgTgwAA
hcBZD4TkAQAA6S8BAAA7fgwPhcUAAAC/+NxFAFf/dizovucEAItGLIA4AFlZdVn/dQz/dgToGMID
ADvDWVl9CP91DOmOAQAAi9iLRiDB4wJX/zQY6IrnBAD/diyL+PffG/9H6J6CAACDxAyF/3QHu2/X
RQDrBotGIIscA1Po+IUAAFmJRiwz2/91EP92LOjn4AAAi/g7+1lZdBJX/3UM6HHFAwBX6FyCAACD
xAyNfhxTV+hl3wAAagFX6F3fAAD/dQz/Nuh8xQMA/3UM/3YE6HHFAwCDxCDpEQEAADvLdVCLRhA7
w3RJO/h1Rf91DP92BOhcwQMAO8NZWQ+OQP///4tOIP80gegduAQAjX4cU1foB98AAGoBV+j/3gAA
/3UM/3YE6B3FAwCDxBzpvQAAADt+FA+FpAAAADvLdAdqAemfAAAAi10MU1fos7wDADtGBFlZdW7/
dRDotoEAAIXAWXVh6MPk//+DZRQAi/iNRRRQV1Poovz//4PEDIXAdQ5T6IfEAwBX6Obk///rXoN9
FAB0IVfoeoEAAIXAWXQWV/91EOgv5f//agFT6H3EAwCDxBDrB1PoUsQDAFlX6LDk///rKf91EOhI
gQAAhcBZdAVqAVPrEVPoMcQDAOsPO34YdQtT/3UM6EHEAwBZWV9eW13DVYvsg+xkg30UAFNWV4t9
CIt3FHV0Oz4PhdAAAAD/dQxX6BPDAwD/dQxX6Fy+AwCDxBAz9oP+IXwJg/5/dASL3usDaiBbVmiK
AAAA/3UQ6Obl//9QU1ZWjUWcaAzdRQBQ6CTuBACNRZxQ/3UMV+iGvgMAg8QwRoH+gAAAAHy2/3UM
V+jhwgMA62KDfRQBdV47fgh1Wf91DP92BOinvQMAi/hX6D3lBABXi9joZYAAAIPEEDP/V/91DP82
6EbAAwCDxAyFwHQSU1doigAAAP91EOij6f//g8QQR4H/gAAAAHzT/3UM/zboaMMDAFlZX15bycNV
i+yD7DCLRRSFwFOLXQhWV4t7FHV1Ox8PhSEBAAD/dQxT6CDCAwD/dQxT6Gm9AwCDxBAz9v+2gNlF
AP91DFPowr0DAIPGBIPEDIP+WHLm/3UMU+gewgMAWVm7b9dFAFP/dQz/dwToobwDAFP/dQz/dwjo
lbwDAFP/dQz/dwzoibwDAIPEJOm0AAAAg/gDD4WwAAAAOx8PhaMAAAD/dQxT6Mm+AwCFwFlZfK+N
HEBTvoQAAABW/3UQ6Irk//+JRRSNQwFQVv91EOh65P//g8MCU1b/dRCJRfzoauT//4PEJIlF+P91
FL5s3EUAjUXQVlDoouwEAI1F0FD/dQz/dwToCLwDAP91/I1F0FZQ6IbsBACNRdBQ/3UM/3cI6Oy7
AwD/dfiNRdBWUOhq7AQAjUXQUP91DP93DOjQuwMAg8RIX15bycOD+AIPhYoAAAA7XwR0CjtfCHQF
O18MdeP/dQxT6O+7AwCL8FboheMEAFaJRQjorH4AALj/AAAAg8QQOUUIfgOJRQiDfQgAfQSDZQgA
/3UM/zfo1L0DAIXAWVl8nztfBHUFjQRA6xQ7Xwh1Bo1EQAHrCTtfDHWFjURAAv91CFBohAAAAP91
EOi35///g8QQ6Wj///+D+AF1cDtfEA+FWv////91DP836H+9AwCFwFlZfQ7/dQzoK8EDAFnpPP//
/408QI1HAlC+hAAAAFb/dRDoL+P//4PEDFCNRwFQVv91EOge4///g8QMUFdW/3UQ6BDj//+DxAxQ
/3UMU+iVwQMAg8QU6fP+//+D+AQPher+//87XxAPheH+////dQz/N+gGvQMAi/CNRfhQjUX8UI1F
FFD/dQxT6IfBAwCDxByFwA+Etf7///91FI0cdlO+hAAAAFb/dRDo5+b///91/I1DAVBW/3UQ6Nfm
////dfiDwwJTVv91EOjH5v//g8Qw6Rz+//9Vi+xRUVNWV4t9CIt3FDPbOV0UD4XnAAAAO34UdXWL
XQxTV+hYvwMAU1foo7oDAI1FFFBqAGow/3UQ6O/j//+DxCDrP4A4QXUHuDDdRQDrAUBQ/3UUaCjd
RQDonYIAAIvwVlNX6Na6AwBW6Ox8AACNRRRQ/3UUajD/dRDoruP//4PELIXAdb1TV+ghvwMA6fcB
AAA7PnVOi10MU1fo374DAFNX6Cq6AwChKERGAIPEEIXAdBm+KERGAFBTV+h+ugMAg8YEiwaDxAyF
wHXsagBTV+jRvAMAU1fo0r4DAIPEFOmnAQAAO34ED4WeAQAAU/91DFfo6bcDAIPEDOmMAQAAg30U
AQ+FggEAADt+DA+FhgAAAP91DP826Iq7AwBZi/g7+1n/dQx8Z/92BOgGuAMA/3UMizy9KERGAP92
CIvY99sa24DjFYDDQeg/uQMAUIlFFA++w1BoIN1FAOicgQAA/3UUi9jo8XsAAFNXajD/dRDoKOb/
/1Po33sAAP91DP92FOgTvwMAg8Q86f0AAADozb4DAOnyAAAAO34QD4XqAAAA/3UMiV38/3YU6Pe6
AwAzyYXAjUUUUA+cwVNqMP91EIlN+Ohl4v//g8QY6aQAAAD/dfz/dQz/dhTobbsDAIPEDIXAdHg5
Xfh1Y0c5HShERgCJXQh0JrsoREYAi8P/dRT/MOgw4AQAhcBZWXQN/0UIg8MEgzsAi8N14zPb/3UI
/3UM/zbofbsDADPAgD9WD5TAUP91DP92BOijtgMAR1f/dQz/dgjo+rcDAIPEJP91FGow/3UQ6L/l
//+DxAz/RfyNRRRQ/3UUajD/dRDovOH//4PEEIv4O/sPhVL/////dQz/dhToEL4DAFlZX15bycNV
i+yDfRQAU1ZXi30Ii3cUdXE7fhAPhaMBAACLXQxTV+jKvAMAU1foFbgDAI1FFFBqAGox/3UQ6GHh
//+DxCDrMlD/dRRoKN1FAOgcgAAAi/BWU1foVbgDAFboa3oAAI1FFFD/dRRqMf91EOgt4f//g8Qs
hcB1ylNX6KC8AwDpOQEAAIN9FAEPhTEBAAA7fggPhbgAAAD/dQz/NuhctwMAi/iAPwBZWYl9FHUT
V+gYegAA/3UM6Ba9AwDp/QAAAP91DP92BOgytwMAi9iAOwBZWXUcV+jxeQAAU+jreQAA/3UM6Om8
AwCDxAzpzwAAAFNXajH/dRDoEuT//2oAU2g43UUAV+hhfQAAv2/XRQBX/3UMiUUQ/zbomLYDAFf/
dQz/dgTojLYDAP91EOiaeQAA/3UU6JJ5AACDxEBT6Il5AAD/dQz/dhDovbwDAOuZO34MdWuLXQxT
/3YQ6Le4AwCFwFlZfQlT6GW8AwBZ60VQajH/dRDoteD//4v4g8QMhf90MVdqMf91EOja3///V1P/
NolFFOgbtgMA/3UUU/92BOgPtgMAV2ox/3UQ6Nnj//+DxDBT/3YQ6E28AwBZWV9eW13DVYvsUVFT
i10IVotzFFcz/zl9FA+FxwAAADteCA+FnAAAAP91DFPoAbsDAP91DFPoSrYDAI1FFFBXv5YAAADr
Xmgk10UAVuiZ3QQAhcBZWXUj/3UUaOTdRQDoSn4AAIvwakxW6KzbBACDxBCFwHQYxgBE6xNW/3UU
aCjdRQDoJn4AAIPEDIvwVv91DFPoWrYDAFbocHgAAI1FFFD/dRRX/3UQ6DPf//+L8IPEIIX2dZD/
dQxT6KK6AwDpjwIAADteFHUSV/91DFPowLMDAIPEDOl6AgAAO14YD4VxAgAA6+ODfRQBD4VlAgAA
Ox4PhVEBAAD/dQz/dhjo5bMDAIP4AVlZdQnHRQjg3UUA6xOD+ALHRQjc3UUAdAfHRQhv10UA/3UM
/3YU6LezAwA7x1lZu9jdRQB1BYldFOsTg/gBx0UU1N1FAHQHx0UUJNdFAP91DP92DOjgtAMAi/iA
PwBZWXUYaKjdRQD/dQzop7oDAFfokncAAOlT////i0UUgDhEdEP/dQz/dhDorLQDAIvYgDsAWVl0
Dmo6U+hNdAAAhcBZWXUxaGDdRQD/dQzoZboDAFfoUHcAAFPoSncAAIPEEOmKAQAAaCTXRQCJXRTo
qXoAAFmL2GoAV/91FP91COjEegAAV4lFFOgbdwAA/3UUv5YAAABX/3UQ6DPd//+DxCCFwHQRaDzd
RQD/dQzoBboDAFlZ6xBT/3UUV/91EOgo4f//g8QQ/3UU6Np2AABT6NR2AAD/dQz/dgjoCLoDAOl6
////O14ED4UDAQAA/3UM/3YI6Py1AwA7x1lZfQ7/dQzoqLkDAFnp1wAAAFC/lgAAAFf/dRDo8d3/
/4vYg8QMhduJXfgPhLgAAAAPvgNQaOTZRQCJXRToedkEAFlZi9CB6uTZRQCLyPfZG8kjyoXAdAaN
QwGJRRRR/3UM/3YY6MqxAwCLRRQPvgBTV/91EIlFCOjO3P//aCTXRQBQiUX86ADbBACDxCCFwHUO
x0UIRAAAAMdF/G/XRQD/dQi74NlFAFPoDdkEACvDUP91DP92FOh4sQMAi0UUQFD/dQz/dgzozLID
AP91/P91DP92EOi+sgMA/3X4V/91EOiH4P//g8Q4/3UM/3YI6Pm4AwBZWV9eW8nDVYvsg30UAFOL
XQhWV4t7FHVgO18ID4VVAQAAi30MV1Pos7cDAFdT6P6yAwCNRRRQagC+qAAAAFb/dRDoRtz//4PE
IOsd/3UUV1PoSLMDAI1FFFD/dRRW/3UQ6Cfc//+DxByFwHXfV1PomrcDAOn8AAAAg30UAQ+F9AAA
ADsfD4WNAAAA/3UM/3cM6FayAwCL2IA7AFlZdRtoNN5FAP91DOgduAMAU+gIdQAAg8QM6b0AAABT
6Fh1AACFwFl1EWgQ3kUA/3UM6Pe3AwBZWesvU76oAAAAVv91EOj+2v//g8QMhcB0B2jo3UUA69do
b9dFAFNW/3UQ6Pve//+DxBBT6K90AAD/dQz/dwjo47cDAOuaO18EdVr/dQz/dwjo3rMDAIXAWVl9
C/91DOiKtwMAWesxUL6oAAAAVv91EOjW2///i9iDxAyF23QZU/91DP93DOhHsQMAU1b/dRDoEt//
/4PEGP91DP93COiEtwMAWVlfXltdw4PsDFNVVleLfCQgaGQ4QABqMFfovTgAAGowM+2L8FVW6Lbi
BAC7b9dFAFPogncAAFNTiUYsi0QkSFNXiUYo6KA3AABqFIlEJEBYUFBQUFBqBf90JFToYTkAAIPE
SDlsJCS72BRGAHUFu9AURgBW6Mo1AABZUGgnOUAAVei9NQAAOWwkMFlQD5TA/sgk8gRvUFP/dCQk
6BY7AACJRhQz20OJWCCLRhRWx0AMAwAAAOiKNQAAg8QcUGgnOUAAVeh7NQAAWVBqY2jIFEYA/3Qk
JOjcOgAAiUYYiVgki0YYx0AMBAAAAP81ENVFAGikFEYA6Ot4AABQaJwURgBXiUQkQOhENgAA/3Qk
QOgxcwAAg8QwOWwkJA+FnQIAAGoIV+gVOAAAaGwURgBoYBRGAGicFEYAV4lEJCzoqDYAAGoZaktq
AlCJRCQ46HA4AABV6Ow0AACDxCxQVejiNAAAWVBovy9AAGg8FEYA6NE0AABZUGpkam5ocNxFAP90
JCzouTgAAItMJDSJaAxViQHorjQAAIPEJFBV6KQ0AABZUGhaMEAAaDwURgDokzQAAFlQamRqcGiY
3EUA/3QkLOh7OAAAi0wkNGpkU/90JDiJWAyJQQTo5zcAAGoD6LWoAACDxDCFwFUPhV0BAABqAuhP
NAAAWVBqaWg0FEYAU+hANAAAWVBqdGgsFEYAVegxNAAAWVBqd2goFEYA/3QkPOgfNAAAWVBoRjFA
AGg8FEYA6A40AABZUGoDVWgUFEYA/3QkUOicOAAAg8REuOwTRgBQaNwTRgBonBRGAFfoiDUAAGoZ
aktqAlCJRCQw6FA3AACNRhxTUOjfzgAAVejCMwAAg8QsUFbouDMAAFlQaCc5QABowBNGAOinMwAA
WVBqZGplaLATRgD/dCQs6I83AABqZFP/dCQ4iQaJaAzoADcAAGoZaktqAv90JEjo8TYAAFbobTMA
AIPEQFBoJzlAAGjAE0YA6FozAABZUFVV/3QkJOgFOQAAiUYEiWgMi0YEg8QYOWwkJMdAIAcAAAAP
hbQAAABW6CozAABZUGgnOUAAaMATRgDoGTMAAFlQamxoqBNGAP90JCToejgAAIlGCIPEGIlYDOmA
AAAAagPo8jIAAFlQanNopBNGAGoC6OIyAABZUGppaDQURgBT6NMyAABZUGp0aCwURgBV6MQyAABZ
UGp3aCgURgD/dCRI6LIyAABZUGhGMUAAaDwURgDooTIAAFlQagRVaBQURgD/dCRc6C83AACDxFDp
jv7//7iAE0YA6Yn+//+JbghW6HMyAABZUGgnOUAAaMATRgDoYjIAAFlQanZoeBNGAP90JCTowzcA
AIPEGDlsJCSJRgyJWAx1NFboOzIAAFlQaCc5QABowBNGAOgqMgAAWVBqZGhwE0YA/3QkJOiLNwAA
iUYQg8QYiVgM6wOJbhBqZFP/dCQY6Hw1AABVaGQTRgBonBRGAFfokzMAAIPEHFVqAovw6OAxAABZ
UGhQE0YAU+jTMQAAWVBoSBNGAFXoxjEAAFlQaEATRgBqBOi4MQAAWVBo6yxAAGggE0YA6KcxAABZ
UGoEanhoCBNGAFboNzYAAGjkEkYAvtQSRgBWV+iQMgAAg8REVWjMEkYAVlfoGzMAAIPEEDlsJCSJ
RCQQD4RoAQAAg3wkKAMPhG0BAAAz9olsJBRVagToSzEAAFlQanL/dCQgagPoPDEAAFlQanNWagLo
MDEAAFlQamxouBJGAFPoITEAAFlQanBopBJGAFXoEjEAAFlQanRonBJGAGpz6AIxAABZUGiQMkAA
aIASRgDo8TAAAFlQagJVaGwSRgD/dCRo6H81AABqcujXMAAAg8RgUGgdL0AAvkgSRgBW6MMwAABZ
UGgoEkYAU1VqZmgYEkYA/3QkMOh8NwAAVuikMAAAUGiwEUYA/3QkQOgSOAAAg8Q0VWr/6IowAABZ
UGiYEUYAVeh9MAAAWVBoeBFGAFPocDAAAFlQaGQRRgBqdOhiMAAAWVBo6yxAAGhAEUYA6FEwAABZ
UFNqZWgUEUYA/3QkROjfNAAAanXoNzAAAIPEPFC+jS1AAFZo9BBGAOgjMAAAWVBqdWjYEEYA/3Qk
JOi2NwAAg8QYOWwkJHQug3wkKAN0M+maAAAAagPoSKQAAIXAWQ+Ek/7//77MEEYAx0QkFLAQRgDp
h/7//2oD6CakAACFwFl0bGiIEEYAaIQQRgBo1BJGAFfoXzEAAGp2iUQkJOiuLwAAg8QUUFZoXBBG
AOifLwAAWVBqa2hAEEYA/3QkJOgyNwAAanfohi8AAIPEHFBWaBwQRgDody8AAFlQamRoCBBGAP90
JCToCjcAAIPEGGjcD0YAaNAPRgBX6F0wAABosA9GAGioD0YAaNAPRgBX6OMwAABqXYlEJDDoMi8A
AIPEIFBWaIQPRgDoIy8AAFlQandoaA9GAP90JCTotjYAAGpc6AovAACDxBxQVmhMD0YA6PsuAABZ
UGpkaCwPRgD/dCQk6I42AABqXujiLgAAg8QcUFZoDA9GAOjTLgAAWVBqcmj0DkYA/3QkJOhmNgAA
aLEAAADoty4AAIPEHFBWaNQORgDoqC4AAFlQamZovA5GAP90JCToOzYAAGpr6I8uAACDxBxQVmig
DkYA6IAuAABZUGplaHgORgD/dCQk6BM2AABqbOhnLgAAg8QcUFZoXA5GAOhYLgAAWVBqbmhEDkYA
/3QkJOjrNQAAU+hALgAAg8QcUGp76DUuAABZUGgELkAAaBwORgDoJC4AAFlQamRqc2gIDkYA/3Qk
LOgMMgAAaPANRgBo6A1GAGjQD0YAV+ihLwAAg8QwVVOJRCQY6O0tAABZUGjcDUYAVejgLQAAWVBo
0A1GAGoC6NItAABZUGjw3EUAalHoxC0AAFlQaOssQABorA1GAOizLQAAWVBqA2psaKANRgD/dCRE
6EAyAACDxDhVU+iVLQAAWVBo3A1GAFXoiC0AAFlQaNANRgBqAuh6LQAAWVBo8NxFAGpS6GwtAABZ
UGjrLEAAaHwNRgDoWy0AAFlQagNqdGhoDUYA/3QkROjoMQAAaEwNRgBoQA1GAGjQD0YAV+jYLgAA
g8RIVYlEJBToJS0AAFlQVegdLQAAWVBo9zVAAGgcDUYA6AwtAABZUGpkanBo9AxGAP90JCzoRTEA
AGjMDEYAaLgMRgBX6PMtAABomAxGAGiMDEYAaLgMRgBX6HkuAACDxDxVU4lEJBjoxSwAAFlQaHwM
RgBV6LgsAABZUGhwDEYAaj3oqiwAAFlQaOssQABoTAxGAOiZLAAAWVBqAmpiaDgMRgD/dCQ86CYx
AACDxDBVU+h7LAAAWVBoMAxGAFXobiwAAFlQaCQMRgBqPuhgLAAAWVBo6yxAAGgEDEYA6E8sAABZ
UGoCamVo7AtGAP90JDzo3DAAAIPEMFVqBegwLAAAWVBo6AtGAGoE6CIsAABZUGjgC0YAagPoFCwA
AFlQaNgLRgBqAugGLAAAWVBozAtGAFPo+SsAAFlQaMQLRgBV6OwrAABZUGi8C0YAaj/o3isAAFlQ
aOssQABonAtGAOjNKwAAWVBqA2pmaHwLRgD/dCRc6FowAABoXAtGAGhQC0YAaLgMRgBX6EotAACD
xGBVU4lEJBjolisAAFlQaEQLRgBV6IkrAABZUGg8C0YAaknoeysAAFlQaOssQABoGAtGAOhqKwAA
WVBqA2pyaPgKRgD/dCQ86PcvAACDxDBVagLoSysAAFlQaPAKRgBT6D4rAABZUGhEC0YAVegxKwAA
WVBoPAtGAFXoJCsAAFlQaC8zQABozApGAOgTKwAAWVBqA2puaKgKRgD/dCRE6KAvAABogApGAGhw
CkYAV+j6KwAAg8REaFgKRgBoUApGAGhwCkYAV+h9LAAAg8QQVWoCiUQkGOjIKgAAWVBoNApGAFPo
uyoAAFlQaBQKRgBV6K4qAABZUGj8CUYAamHooCoAAFlQaOssQABo4AlGAOiPKgAAWVBTamJouAlG
AP90JEToHS8AAGiUCUYAaIgJRgBocApGAFfoDSwAAIPESGpjiUQkFOhZKgAAWVBWaGgJRgDoTCoA
AFlQamRoPAlGAP90JCTo3zEAAGr/6DMqAACDxBxQamToKCoAAFlQaAQuQABoaAlGAOgXKgAAWVBq
FGptaBgJRgD/dCQs6P8tAABoGPz//+j5KQAAg8QkUGpl6O4pAABZUGgELkAAaGgJRgDo3SkAAFlQ
ahRqdGj8CEYA/3QkLOjFLQAAaGgJRgDovykAAFBoxAhGAP90JDzoLTEAAGgY/P//6KYpAACDxDRQ
ambomykAAFlQaAQuQABoaAlGAOiKKQAAWVBqFGpzaKgIRgD/dCQs6HItAABodAhGAGhgCEYAV+hx
KgAAVWjMEkYAaGAIRgBX6PsqAABqQIlEJFDoSikAAIPEQFBWaCwIRgDoOykAAFlQanVoBAhGAP90
JCTozjAAAGpB6CIpAACDxBxQVmgsCEYA6BMpAABZUGpraOQHRgD/dCQk6KYwAABqQuj6KAAAg8Qc
UFZovAdGAOjrKAAAWVBqeGiYB0YA/3QkJOh+MAAAakPo0igAAIPEHFBWaHAHRgDowygAAFlQanNo
RAdGAP90JCToVjAAAGpE6KooAACDxBxQVmgUB0YA6JsoAABZUGp3aOQGRgD/dCQk6C4wAABqReiC
KAAAg8QcUFZouAZGAOhzKAAAWVBqdGiIBkYA/3QkJOgGMAAAg8QYVWoC6FYoAABZUGh4BkYAU+hJ
KAAAWVBoaAZGAFXoPCgAAFlQaJwSRgBqSOguKAAAWVBo6yxAAGhABkYA6B0oAABZUGoDanFoFAZG
AP90JEToqiwAAGpG6AIoAACDxDxQVmjkBUYA6PMnAABZUGpiaLAFRgD/dCQk6IYvAABqR+jaJwAA
g8QcUFZohAVGAOjLJwAAWVBqcmhMBUYA/3QkJOheLwAAan3osicAAIPEHFBWaBwFRgDooycAAFlQ
amxoAAVGAP90JCToNi8AAGp+6IonAACDxBxQVmjcBEYA6HsnAABZUGpkaLgERgD/dCQk6A4vAAD/
NRDVRQBomARGAOj7agAAUGiQBEYAV4lEJEDoVCgAAP90JEDoQWUAAGh0BEYAaGwERgBokARGAFfo
0SgAAIPEQGoyajJqAlCJRCQg6JYqAABq/+gRJwAAg8QUUGpu6AYnAABZUGgELkAAaFAERgDo9SYA
AFlQamRqbWhIBEYA/3QkLOjdKgAAav+JaAzo1yYAAIPEJFBqb+jMJgAAWVBoBC5AAGhQBEYA6Lsm
AABZUGpkanJoQARGAP90JCzooyoAAGpkU/90JDiJWAzoFioAAGgYBEYAaAwERgBokARGAFfoKSgA
AGr/iUQkUOh4JgAAg8RAUGpb6G0mAABZUGgELkAAaOgDRgDoXCYAAFlQajJqc2jUA0YA/3QkLOhE
KgAAamjoQSYAAIPEJFBWaOgDRgDoMiYAAFlQamRowANGAP90JCToxS0AAGpV6BkmAACDxBxQVmjo
A0YA6AomAABZUGpraKADRgD/dCQk6J0tAABqVujxJQAAg8QcUFZo6ANGAOjiJQAAWVBqcGh4A0YA
/3QkJOh1LQAAalfoySUAAIPEHFBWaFADRgDouiUAAFlQamVoLANGAP90JCToTS0AAP81ENVFAGgE
A0YA6DppAABQaPACRgCJRCQ8V+iTJgAA/3QkQOiAYwAAaNACRgBoyAJGAGjwAkYAV+gQJwAAg8RA
VWoCiUQkGOhbJQAAWVBqdmi4AkYAU+hMJQAAWVBqdWisAkYAVeg9JQAAWVBqbGikAkYAal/oLSUA
AFlQaOssQABohAJGAOgcJQAAWVBqA1VocAJGAP90JFDoqikAAGpg6AIlAACDxEhQVmiEAkYA6PMk
AABZUGpiaGACRgD/dCQk6IYsAABoUAJGAGhIAkYAaPACRgBX6HImAABqcIlEJDzowSQAAIPELFBo
bi9AAGgsAkYA6K4kAABZUGpuaAgCRgD/dCQk6MArAABo5AFGAGjcAUYAaPACRgBX6C0mAACJRCQ4
anjofCQAAIPELFBWaLQBRgDobSQAAFlQanBoiAFGAP90JCToACwAAGhsAUYAaGQBRgBo8AJGAFfo
7CUAAGr/iUQkPOg7JAAAg8QsUGp66DAkAABZUGgELkAAaEABRgDoHyQAAFlQahRqZWgcAUYA/3Qk
LOgHKAAA/zUQ1UUAaPQARgDonWcAAFBo4ABGAFeJRCRI6PYkAAD/dCRI6ONhAABotABGAGisAEYA
aOAARgBX6HMlAACDxEhTiUQkFOjAIwAAWVBqWui3IwAAWVBoBC5AAGiMAEYA6KYjAABZUGpkanRo
fABGAP90JCzojicAAGhtAABA6IgjAACDxCRQVmiMAEYA6HkjAABZUGppaFwARgD/dCQk6AwrAABV
aMwSRgBo4ABGAFfo/CQAAGoFiUQkPOhLIwAAg8QsUFZoNABGAOg8IwAAWVBqd2gYAEYA/3QkJOjP
KgAAaOj/RQBo1P9FAFfoJSQAAGi4/0UAaLD/RQBo1P9FAFfoqyQAAFWJRCRI6PsiAACDxDhQVejx
IgAAWVBo1zZAAGiM/0UA6OAiAABZUGpkanJodP9FAP90JCzoGScAAFVobP9FAGjU/0UAV+hhJAAA
aI0AAACJRCRE6K0iAACDxDRQVmg8/0UA6J4iAABZUGp3aBT/RQD/dCQk6DEqAAD/NRDVRQBo5P5F
AOgeZgAAUGjY/kUAaNT/RQBXiUQkROgNJAAA/3QkRIlEJEToW2AAAIPENFVqA+hPIgAAWVBqcGiw
/kUAagToPyIAAFlQanVoiP5FAGiLAAAA6CwiAABZUGjrLEAAaGD+RQDoGyIAAFlQU1VoOP5FAP90
JEToqiYAAGiHAAAA6P8hAACDxDxQVmgQ/kUA6PAhAABZUGpkaOD9RQD/dCQk6IMpAABovP1FAGio
/UUAV+jZIgAAaJD9RQBo3AFGAGio/UUAV+hfIwAAaIkAAACJRCRI6KshAACDxDhQVmho/UUA6Jwh
AABZUGpwaDz9RQD/dCQk6C8pAACDxBhVU+iAIQAAWVBqcmgo/UUAVehxIQAAWVBqbmg8C0YAaIYA
AADoXiEAAFlQaOssQABoBP1FAOhNIQAAWVBqAlVozPxFAP90JETo2yUAAGig/EUAaJT8RQBoqP1F
AFfoyyIAAIPESGoMV4lEJBjoECQAAFCJRCQg6AwhAACDxAxQaF88QABoaPxFAOj5IAAAWVBqZWhU
/EUA/3QkJOifJgAAi0wkLIkBiVgoiwlqBFhQUIlBMOgGXgAAi0wkNIsRiUI0iwGLQDTHAA8AAACL
AYtANMdABBkAAACLAYtANGohx0AIFAAAAIsBi0A0akNqAv90JDzHQAwoAAAA6AYkAABV6IIgAACD
xDRQ/3QkGOh1IAAAWVBoXzxAAGho/EUA6GQgAABZUGoyanRoRPxFAP90JCzoTCQAAItMJDSJQQRR
iWgM6EAgAACDxCRQaF88QABoaPxFAOgtIAAAWVBqc2hA/EUA/3QkJOiOJQAAi0wkLGpkU/90JDCJ
QQiJWAzogyMAAGgc/EUAaAz8RQBX6AAhAABo6PtFAGioD0YAaAz8RQBX6IYhAACDxEBqf4lEJBTo
0h8AAFlQVmjI+0UA6MUfAABZUGppaKD7RQD/dCQk6FgnAABogAAAAOipHwAAg8QcUFZofPtFAOia
HwAAWVBqMmhQ+0UA/3QkJOgtJwAAg8QYVWoD6H0fAABZUGhI+0UAagLobx8AAFlQaDz7RQBT6GIf
AABZUGgw+0UAaIMAAADoUR8AAFlQaOssQABoEPtFAOhAHwAAWVBqA2piaOz6RQD/dCRE6M0jAAD/
NRDVRQBoxPpFAOi+YgAAg8RAUGi8+kUAaAz8RQBXiUQkJOiqIAAA/3QkJIlEJCTo+FwAAGic+kUA
6O0eAABQaED6RQD/dCQw6FsmAABqIWpDagL/dCRA6E0iAABqFFfowSEAAFCJRCRU6L0eAACDxEBQ
aFE9QABonPpFAOiqHgAAWVBqdWgk+kUA/3QkJOhQJAAAi0wkLIkBiWgMiwFonPpFAMdAIAcAAADo
fB4AAFBoGPpFAP90JDTo6iUAAFWJWAzoZB4AAIPELFD/dCQY6FceAABZUGhRPUAAaJz6RQDoRh4A
AFlQajJqcmgU+kUA/3QkLOguIgAAi0wkNIlBBFWJWAzoIh4AAIPEJFD/dCQY6BUeAABZUGhRPUAA
aJz6RQDoBB4AAFlQajJqbmgM+kUA/3QkLOjsIQAAi0wkNIlBCFWJWAzo4B0AAIPEJFD/dCQY6NMd
AABZUGhRPUAAaJz6RQDowh0AAFlQajJqZWgE+kUA/3QkLOiqIQAAi0wkNIlBDFGJWAzonh0AAIPE
JFBoUT1AAGic+kUA6IsdAABZUGptaPz5RQD/dCQk6OwiAACLTCQsamRT/3QkMIlBEIlYDOjhIAAA
g8QkOWwkKA+MswQAAGjY+UUAaMz5RQBX6FEeAABonPlFAGiQ+UUAaMz5RQBX6NceAABq/4lEJDDo
Jh0AAIPEIFBqBugbHQAAWVBoBC5AAGho+UUA6AodAABZUGoUamtoPPlFAP90JCzo8iAAAIPEIDls
JCQPhdgGAABoGPlFAGgU+UUAaMz5RQBX6HoeAABqB4lEJCToyRwAAIPEFFBWaPD4RQDouhwAAFlQ
am5owPhFAP90JCToTSQAAGoI6KEcAACDxBxQVmiQ+EUA6JIcAABZUGpwaGT4RQD/dCQk6CUkAABo
SPhFAGg8+EUAaMz5RQBX6BEeAACDxChVagKJRCQY6FwcAABZUGo2aDT4RQBT6E0cAABZUGo0aCz4
RQBV6D4cAABZUGp1aPDcRQBqA+guHAAAWVBo6yxAAGgA+EUA6B0cAABZUGoDVVX/dCRQ6K8gAABq
A+hakAAAg8RIhcDHRCQUyPdFAHUIx0QkFKj3RQBojPdFAGiA90UAaMz5RQBX6IEdAABTiUQkJOjR
GwAAg8QUUGoJ6MYbAABZUGgELkAAaFz3RQDotRsAAFlQamRqbf90JCz/dCQs6J4fAABoQPdFAGgw
90UAV+idHAAAaCD3RQBoGPdFAGgw90UAV+gjHQAAU4lEJFDocxsAAIPEQFBqMuhoGwAAWVBoBC5A
AGj09kUA6FcbAABZUGoyanVo4PZFAP90JCzoPx8AAIPEIOjhUAQAO8WJRCQYdQW4b9dFAFBoxPZF
AOjFXgAA/3QkIIlEJCDoF1kAAIPEDFVT6AwbAABZUP90JBxV6AAbAABZUGi89kUAajPo8hoAAFlQ
aOssQABoiPZFAOjhGgAAWVBqBGpuaGj2RQD/dCQ86G4fAAD/dCRE6MVYAABoVPZFAGhM9kUAaDD3
RQBX6FUcAACDxERTiUQkFOiiGgAAWVBqLuiZGgAAWVBoBC5AAGgo9kUA6IgaAABZUGoyanRoEPZF
AP90JCzocB4AAFPobhoAAIPEJFBqL+hjGgAAWVBoBC5AAGjo9UUA6FIaAABZUGoyanNo2PVFAP90
JCzoOh4AAGjA9UUAaLz1RQBoMPdFAFfozxsAAGoUalBqAlCJRCRQ6JcdAACDxEBqFFfoCB0AAFWJ
RCQg6AQaAACDxAxQ/3QkGOj3GQAAWVBoqUJAAGic9UUA6OYZAABZUGo8anZokPVFAP90JCzozh0A
AItMJDSJAVWJaAzowxkAAIPEJFD/dCQY6LYZAABZUGipQkAAaJz1RQDopRkAAFlQajxqbGiI9UUA
/3QkLOiNHQAAi0wkNIlBBFGJaAzogRkAAIPEJFBoqUJAAGic9UUA6G4ZAABZUGpkaIT1RQD/dCQk
6M8eAACLTCQsiUEIUYlYDOhMGQAAg8QcUGipQkAAaJz1RQDoORkAAFlQanJofPVFAP90JCTomh4A
AItMJCxqZFP/dCQwiUEMiVgM6I8cAAD/dCQ46AgZAACDxChQaKlCQABonPVFAOj1GAAAWVBVVf90
JCTooB4AAItMJCyJQRDHQCADAAAAi0kQagJYagRQiUEw6ABWAACLTCQ0i1EQiUI0i0EQi0A0xwAe
AAAAi0EQi0A0g8Qgx0AERgAAADlsJCQPhYgCAABoXPVFAGhI9UUAV+iUGQAAVWhA9UUAaEj1RQBX
6B4aAACDxBxVagSJRCQY6GkYAABZUGgsFEYAagPoWxgAAFlQaDj1RQBqAuhNGAAAWVBoMPVFAFPo
QBgAAFlQaCj1RQBV6DMYAABZUGicEkYAag3oJRgAAFlQaOssQABoCPVFAOgUGAAAWVBqA2p0aPz0
RQD/dCRU6KEcAABqFGpQagL/dCRk6G8bAACDxFhT6OgXAABZUGoO6N8XAABZUGgELkAAaOT0RQDo
zhcAAFlQamRqeWjU9EUA/3QkLOi2GwAAav+JaAzosBcAAIPEJFBqD+ilFwAAWVBoBC5AAGjk9EUA
6JQXAABZUGpkanBomNxFAP90JCzofBsAAGpkU/90JDiJWAzo7xoAAFPoaxcAAIPEMFBqCuhgFwAA
WVBoBC5AAGiw9EUA6E8XAABZUGpkamVonPRFAP90JCzoNxsAAGoM6DQXAACDxCRQVmiw9EUA6CUX
AABZUGp4aHD0RQD/dCQk6LgeAACDxBhVVegJFwAAWVBobPRFAGoC6PsWAABZUGjw3EUAU+juFgAA
WVBoaPRFAGoL6OAWAABZUGjrLEAAaEz0RQDozxYAAFlQagNqZGgo9EUA/3QkROhcGwAAU+i1FgAA
g8Q8UGoQ6KoWAABZUGgELkAAaAj0RQDomRYAAFlQajxqdWj880UA/3QkLOiBGgAAU+h/FgAAg8Qk
UGoR6HQWAABZUGgELkAAaAj0RQDoYxYAAFlQajxqd2jw80UA/3QkLOhLGgAAU4lYJOhGFgAAg8Qk
UGoS6DsWAABZUGgELkAAaMzzRQDoKhYAAFlQamRqbWi880UA/3QkLOgSGgAAg8Qg6wo5XCQoD4Ue
AQAAaJTzRQBogPNFAFfoAhcAAGhk80UAaFjzRQBogPNFAFfoiBcAAIPEHDlsJCSJRCQQD4WXAAAA
VVPoyhUAAFlQamZoRPNFAFXouxUAAFlQamJoMPNFAGo16KsVAABZUGjrLEAAaAzzRQDomhUAAFlQ
agJVaOjyRQD/dCRE6CgaAACDxDhVVeh9FQAAWVBo4PJFAFPocBUAAFlQaNjyRQBqNuhiFQAAWVBo
6yxAAGi48kUA6FEVAABZUGoCanRonPJFAP90JDzo3hkAAIPEMGpM6DMVAABZUFZoePJFAOgmFQAA
WVBqa2hQ8kUA/3QkJOi5HAAAak3oDRUAAIPEHFBWaDDyRQDo/hQAAFlQam1oAPJFAP90JCTokRwA
AIPEGDlsJCR1YmjY8UUAaMTxRQBX6N4VAABoQPdFAGi88UUAaMTxRQBX6GQWAABTiUQkMOi0FAAA
g8QgUGo06KkUAABZUGgELkAAaJDxRQDomBQAAFlQajJqbGiA8UUA/3QkLOiAGAAAg8QgagPozYgA
AIXAWQ+ETREAADlsJCR0C4N8JCgDD4U8EQAAaFzxRQBoTPFFAFfoWxUAAIPEDDlsJCQPhEYEAAA5
XCQsdAeDfCQs/3UtVWhA8UUAaEzxRQBX6MsVAABViUQkJOgbFAAAUGi48EUA/3QkLOiJGwAAg8Qg
OVwkLHRLg3wkLP90RGik8EUAaFjzRQBoTPFFAFfojRUAAGoWiUQkJOjcEwAAg8QUUFZohPBFAOjN
EwAAWVBqZWhw8EUA/3QkJOhgGwAAg8QYOWwkJA+FPAEAAGhA8EUAaDjwRQBoTPFFAFfoPxUAAGil
AAAAiUQkJOiLEwAAg8QUUFZoGPBFAOh8EwAAWVBqc2j070UA/3QkJOgPGwAAaBjwRQDoYBMAAFBo
zO9FAP90JDTozhoAAGimAAAA6EcTAACDxCxQVmgY8EUA6DgTAABZUGp1aKDvRQD/dCQk6MsaAABo
pwAAAOgcEwAAg8QcUFZoGPBFAOgNEwAAWVBqZGhw70UA/3QkJOigGgAAaKTwRQBoWPNFAGhM8UUA
V+iMFAAAg8QoVWoDiUQkGOjXEgAAWVBqeWho70UAagLoxxIAAFlQajJoZO9FAFPouBIAAFlQajFo
YO9FAFXoqRIAAFlQamxoWO9FAGof6JkSAABZUGjrLEAAaDjvRQDoiBIAAFlQagRVaBjvRQD/dCRc
6BYXAACDxFA5XCQsD4QJAQAAg3wkLP8PhP4AAABo8O5FAGjc7kUAV+hYEwAAaLzuRQBozBJGAGjc
7kUAV+jeEwAAVYlEJDDoLhIAAIPEIFBoYDVAAGiY7kUA6BsSAABZUGpzaHzuRQD/dCQk6HoYAABo
WO5FAGhQ7kUAaNzuRQBXx0AgBQAAAOiTEwAAav+JRCQ86OIRAACDxCxQahjo1xEAAFlQaAQuQABo
LO5FAOjGEQAAWVBqFGp0aADuRQD/dCQs6K4VAABqEOirEQAAg8QkUGoZ6KARAABZUGgELkAAaCzu
RQDojxEAAFlQahRqeGjY7UUA/3QkLOh3FQAAaCzuRQDocREAAFBoqO1FAP90JDzo3xgAAIPEMDls
JCQPhfABAABodO1FAGho7UUAaNzuRQBX6OYSAABqGWpLagJQiUQkMOiuFAAAaDDtRQDoJhEAAFBo
CO1FAP90JDzolBgAAGoQV4loDOgGFAAAUIlEJGToAhEAAIPEPFBowEdAAGgw7UUA6O8QAABZUGpy
aHz1RQD/dCQk6FAWAACLTCRAiUEEiVgMi0EEUYlYCOjHEAAAg8QcUGjAR0AAaDDtRQDotBAAAFlQ
VVX/dCQk6F8WAACLTCRAiUEIx0AgAgAAAItBCIloOP9xBP90JCzo5RcAAFXogRAAAIPEJFD/dCQs
6HQQAABZUGjAR0AAaDDtRQDoYxAAAFlQalBqa2gE7UUA/3QkLOhLFAAAi0wkSIlBDFGJaAzoPxAA
AIPEJFBowEdAAGgw7UUA6CwQAABZUGp5aPzsRQD/dCQk6I0VAACLTCRAamRT/3QkMIkBiVgM6IMT
AACDxCTprQAAAGhA90UAaLzxRQBoTPFFAFfojhEAAFOJRCQk6N4PAACDxBRQahPo0w8AAFlQaAQu
QABo4OxFAOjCDwAAWVBqZGpyaNDsRQD/dCQs6KoTAABopPBFAGhY80UAaEzxRQBX6D8RAABqK4lE
JETojg8AAIPENFBWaLDsRQDofw8AAFlQam5oiOxFAP90JCToEhcAAIPEGOlp+///OVwkLA+EkQAA
AIN8JCz/D4SGAAAAaGTsRQBoTOxFAFfoSxAAAGg47EUAaCzsRQBoTOxFAFfo0RAAAFWJRCQw6CEP
AACDxCBQaAE0QABoCOxFAOgODwAAWVBqc2jk60UA/3QkJOhtFQAAaiDHQCAGAAAA6O4OAACDxBxQ
VmgI7EUA6N8OAABZUGppaLjrRQD/dCQk6HIWAACDxBg5bCQkD4UyBgAAaJDrRQBofOtFAFfouw8A
AFVozBJGAGh860UAV+hFEAAAaiGJRCQw6JQOAACDxCBQVmhY60UA6IUOAABZUGpiaCzrRQD/dCQk
6BgWAABqIuhsDgAAg8QcUFZoCOtFAOhdDgAAWVBqZGjY6kUA/3QkJOjwFQAAaMDqRQBouOpFAGh8
60UAV+jcDwAAahqJRCQ86CsOAACDxCxQVmiQ6kUA6BwOAABZUGpwaGjqRQD/dCQk6K8VAABqI+gD
DgAAg8QcUFZoTOpFAOj0DQAAWVBqbWgk6kUA/3QkJOiHFQAAaiTo2w0AAIPEHFBWaAjqRQDozA0A
AFlQamlo3OlFAP90JCToXxUAAGjA6UUAaLjpRQBofOtFAFfoSw8AAGobiUQkPOiaDQAAg8QsUFZo
kOlFAOiLDQAAWVBqZmh46UUA/3QkJOgeFQAAahzocg0AAIPEHFBWaEzpRQDoYw0AAFlQVWgc6UUA
/3QkJOj3FAAAah7oSw0AAIPEHFBoHS9AAGj46EUA6DgNAABZUGjg6EUAVWik6EUAamtofOhFAP90
JDDo7RMAAGhQ6EUAaDToRQBX6BYOAABVaCzoRQBoNOhFAFfooA4AAIPEQGoliUQkFOjsDAAAWVBW
aAToRQDo3wwAAFlQanRo2OdFAP90JCTochQAAGom6MYMAACDxBxQVmiY50UA6LcMAABZUGpsaHTn
RQD/dCQk6EoUAACDxBg5HRwzRwB+bFXolAwAAFlQaJg0QABoOOdFAOiDDAAAWVBqcGgQ50UA/3Qk
JOjiEgAAiw0cM0cAaiiJSCDoYQwAAIPEHFBoHS9AAGg450UA6E4MAABZUGj85kUAVWjA5kUAanNo
nOZFAP90JDDoAxMAAIPEJGiA5kUAaGzmRQBX6CkNAABVaGTmRQBobOZFAFfosw0AAGoViUQkMOgC
DAAAg8QgUFZoSOZFAOjzCwAAWVBqcGgk5kUA/3QkJOiGEwAAaBTmRQBoCOZFAGhs5kUAV+hyDQAA
ahhXiUQkQOi6DgAAahlqS2oC/3QkTIlEJGjoKw8AAIPEQGjo5UUA6KALAABQaNDlRQD/dCQc6A4T
AAD/dCQ4iWgM6IULAACDxBRQaBhAQABo6OVFAOhyCwAAWVBqcmh89UUA/3QkJOjTEAAAi0wkQIlB
EGpkiVgMi0EQU/90JDCJWAjowg4AAP90JEzoOwsAAIPEKFBoGEBAAGjo5UUA6CgLAABZUFVV/3Qk
JOjTEAAAi0wkQIlBFGoEiVgoi0EUWolQIItJFGoCWFJQiUEw6C9IAACLTCRIi1EUiUI0i0EUi0A0
xwAoAAAAi0EUi0A0x0AEPAAAAP9xEP90JDToJxIAAGoZaktqAv90JEToOA4AAP90JGDosQoAAIPE
PFBoGEBAAGjo5UUA6J4KAABZUGpDam1oyOVFAP90JCjooxAAAItMJESJAVGJaAzoewoAAIPEIFBo
GEBAAGjo5UUA6GgKAABZUGpkaIT1RQD/dCQk6MkPAACLTCRAiUEMamSJWAyLQQxT/3QkMIlYCOi4
DQAAahlqMmoZagP/dCRE6KcNAABo6OVFAOgfCgAAUGjA5UUA/3QkVOiNEQAAg8RIVVWJaAzoAwoA
AFlQVWi45UUAVej1CQAAWVBVaPDcRQD/dCRE6OQJAABZUGgYQEAAaOjlRQDo0wkAAFlQagJVVf90
JEToZQ4AAItMJGCJQQRViVgM6LQJAACDxDxQ/3QkLOinCQAAWVBoGEBAAGjo5UUA6JYJAABZUGpk
VVX/dCQs6IMNAACLTCRIiUEIx0AMAgAAAP9xDP90JDToyxAAAGiQ5UUAaHzlRQBX6GgKAABobOVF
AGho5UUAaHzlRQBX6O4KAACDxERokAAAAIlEJBToNwkAAFlQVmhI5UUA6CoJAABZUGplaDDlRQD/
dCQk6L0QAABT6BIJAACDxBxQaJEAAADoBAkAAFlQaAQuQABoSOVFAOjzCAAAWVBqMmp4aBzlRQD/
dCQs6NsMAACDxCBVagLo1AgAAFlQaAjlRQBT6McIAABZUGj05EUAaJIAAADotggAAFlQaOssQABo
zORFAOilCAAAWVBqAmp1aKjkRQD/dCQ86DINAACDxDBogORFAGho5EUAV+iJCQAAaFjkRQBoUORF
AGho5EUAV+gPCgAAaJQAAACJRCQw6FsIAACDxCBQVmgU5EUA6EwIAABZUGp0aOTjRQD/dCQk6N8P
AABolQAAAOgwCAAAg8QcUFZoFORFAOghCAAAi3QkHFlQanBovONFAFbosw8AAGoZahRqN2oDVuh+
CwAAaJTjRQDo9gcAAFBogONFAFboZw8AAGocV8dADAAAAQDo1QoAAIvwg8REVujQBwAAWVBobERA
AGiU40UA6L8HAABZUGpyaHz1RQD/dCQk6CANAACJRgTHQAwCAAAAi0YEVolYCOiXBwAAg8QcUGhs
REAAaJTjRQDohAcAAFlQVVX/dCQk6C8NAACJRgjHQCADAAAAi04IagJYagRQiUEw6JNEAACLTgiJ
QTSLRgiLQDTHABQAAACLRgiLQDTHQARQAAAA/3YE/3QkNOiPDgAAaJTjRQDoJwcAAFBoaONFAP90
JETolQ4AAFboEgcAAIPEPFBobERAAGiU40UA6P8GAABZUGpkaIT1RQD/dCQk6GAMAACJBsdADAIA
AACLBlWJWAjo2QYAAIPEHFBW6M8GAABZUGhsREAAaJTjRQDovgYAAFlQaihqc2hc40UA/3QkLOim
CgAAiUYMVYloDOieBgAAg8QkUFbolAYAAFlQaGxEQABolONFAOiDBgAAWVBqQ2ppaFDjRQD/dCQs
6GsKAACDxCBVVYlGEOhiBgAAWVBqeWhI40UAVehTBgAAWVBqbWhA40UAVehEBgAAWVBqbGg440UA
Vug1BgAAWVBobERAAGiU40UA6CQGAABZUGoDVVX/dCRQ6LYKAACDxERVagKJRhToBwYAAFlQajZo
NPhFAFPo+AUAAFlQajRoLPhFAFXo6QUAAFlQanVo8NxFAFbo2gUAAFlQaGxEQABo+OJFAOjJBQAA
WVBqA1VV/3QkUOhbCgAA/zaJRhj/dCRY6AoNAACDxExqZFP/dCQY6BsJAACDxAw5bCQkD4VsAgAA
aNTiRQC+wOJFAFZX6IoGAAC9mOJFAFVozBJGAFZX6BMHAABolwAAAIvY6GEFAACDxCBQvqA3QABW
aHDiRQDoTQUAAFlQahRqaWhQ4kUAU+hVCwAAaJgAAADoMgUAAIPEIFBWaCTiRQDoIwUAAFlQahRq
c2j84UUAU+grCwAAaJkAAADoCAUAAIPEIFBWaNjhRQDo+QQAAFlQahRqcmi04UUAU+gBCwAAaKAA
AADo3gQAAIPEIFBWaIzhRQDozwQAAFlQahRqMmhs4UUAU+jXCgAAaKIAAADotAQAAIPEIFBWaETh
RQDopQQAAFlQahRqamgY4UUAU+itCgAAaJoAAADoigQAAIPEIFBWaPTgRQDoewQAAFlQahRqbWjY
4EUAU+iDCgAAaJsAAADoYAQAAIPEIFBWaKjgRQDoUQQAAFlQahRqZWiE4EUAU+hZCgAAaFzgRQC7
QOBFAFNX6DoFAABVaMwSRgBTV+jIBQAAaJwAAACL+OgWBAAAg8Q8UFZoHOBFAOgHBAAAWVBqFFtT
anBo8N9FAFfoDQoAAGidAAAA6OoDAACDxCBQVmjE30UA6NsDAABZUFNqbmic30UAV+jkCQAAaJ4A
AADowQMAAIPEIFBWaHTfRQDosgMAAFlQU2praFDfRQBX6LsJAABonwAAAOiYAwAAg8QgUFZoKN9F
AOiJAwAAWVBTanhoBN9FAFfokgkAAGihAAAA6G8DAACDxCBQVmjc3kUA6GADAABZUFNqZGi03kUA
V+hpCQAAaKMAAADoRgMAAIPEIFBWaIzeRQDoNwMAAFlQU2pxaGTeRQBX6EAJAACDxBxfXl1bg8QM
w4tEJAiLCItUJATGBAoD/wDDVYvsgewoAQAAU1aLdQhXi0Z4M9s7w3QSOUZ8D43IAQAAg76AAAAA
/3UtjX40V+htPwAAg/gCWQ+M4gEAAGoCjYXY/v//UFfoej8AAGoCV+jeRQAAg8QUOV54dSmAvdj+
//8BD4WEAQAAgL3Z/v//AA+EhAEAAA+2hdn+//+JRnjpPQEAAIO+gAAAAP91Gg+2hdj+//+JhoAA
AAAPtoXZ/v//iYaEAAAAi56EAAAAjX40V+jpPgAAO8NZD4xfAQAAU42F2P7//1BX6Pg+AAD/toQA
AABX6FhFAACLhoAAAACDxBSFwA+EuwAAAIP4A3Qng/gRD4W9AAAAgL3Y/v//hQ+EsAAAAGoAaEAf
AABoiBVGAOn8AAAAahH/dnTGRewBxkXtAcZF7gTGRe8Q6IWl//+L2IuGhAAAAIlFCOjLHgIAU4v4
6PChBACDxAyD+EB+HI1N3FFQU+h2HgIAahCNRdxQV+jFHgIAg8QY6wtQU1fouB4CAIPEDI1F8FD/
dQiNhdj+//9QV+hKIAIAV+iGHgIAi0YIiwhqFI1V7FJQ/1EIg8Qg6xCAvdj+//8AdVjHRkQCAAAA
g46AAAAA//9GfDPbg35ECA+FQ/7//4tGfDtGeA+MN/7//4leeIlefImehAAAAOkm/v//M8DrNVNo
QB8AAGhQFUYA6xlTaEAfAABoGBVGAOsMagBoQB8AAGjgFEYAi3YMiwZW/1AEg8QQM8BAX15bycNV
i+yB7AQCAABWi3UIV2oQ/3Z06Hek//9qEf92dIv46Guk//+DxBCAPwB1IoA4AHUdi3YMiwZqAGhA
HwAAaNgVRgBW/1AEg8QQ6Y8AAABTV8aF/P3//wHGhf39//8CxoX+/f//EcaF//3//wHGhQD+//+F
xoUB/v//AuiToAQAi9i4/wAAADvYWX4Ci9iD+wF9AzPbQ1ONhQP+//9XUIidAv7//+h5pwQAi0YI
iwiDwwdTjZX8/f//UlD/UQgzwIPEGIOOgAAAAP+JRniJRnyJhoQAAADHRkQIAAAAWzPAX0BeycOL
RCQEw4tUJAQzwEDrB4D5L3UBQEKKCoTJdfPDVot0JAxXi3wkDDPAiheE0nUEOBZ0HYD6L3QEhNJ1
DIoOgPkvdASEyXUBQDoWdQlHRuvZuP///39fXsNqHGoB6Nc8AABZWTPJiUgEiQiJSAiJSBCJSAyJ
SBSJSBjDVYvsUVNWizAz2zvzV4ld/H4ui3gIiwf/MP91COiC////g30MAFlZdAc9////f3QXO0X8
fBJDg8cEO96JRfx81YvGX15bycOLw+v3Vot0JBCF9leLfCQMfRNqAf90JBSLx+ia////WVmL8OsB
Rjs3fRuLRwiLBLD/MP90JBTo46EEAIXAWVl1BIvG6wODyP9fXsNVi+xTVldqHGoB6B08AACLfQhq
Af91DIvwi8foTv////91DIlFCOg/QAAA/3UQM9uJBoleBOgwQAAAiUYIiV4UiV4QiV4MiV4YiweD
xBg7RwR8F4PAIGoEUP93CIlHBOgnPAAAg8QMiUcIiweLXQg72H0Zi08IK8PB4AKNDJlQUYPBBFHo
aqsEAIPEDItHCIk0mP8HX4vGXltdw1WL7FNWi3UIagH/dQyLxui//v//WVmL2Os3i0YI/3UMiwSY
/zDoDqEEAIXAWVl1JYtGCIsEmItABIXAdBP/dRBQ6PKgBACFwFlZD4SaAAAAQzsefMVXahxqAegy
OwAA/3UMi/joZj8AAP91EIkH6Fw/AACJRwQzwIPEEDlFFHQJ/3UU6Ec/AABZiUcIM8DHRwwBAAAA
iUcUiUcQiUcYiwY7RgR8F4PAIGoEUP92CIlGBOg6OwAAg8QMiUYIiwY72H0Zi04IK8PB4AKNDJlQ
UYPBBFHogKoEAIPEDItGCIk8mP8Gi8dfXltdw4tGCIsEmOv0VldqAf90JBTokjoAAIt0JBSL+ItG
DDtGEFlZfCeDwCBqBFD/dhSJRhDo0DoAAGoE/3YQiUYU/3YY6MA6AACDxBiJRhiLRgyLThSLVCQU
iTyBi0YMi04YiRSB/0YMi8dfXsNoHClCAP90JAz/dCQM6Iz///+DxAzDV2o8agHoHToAAIv4i0YQ
O0YUWVl8F4PAIGoEUP92GIlGFOhfOgAAg8QMiUYYi0YQi04YiTyB/0YQi0QkCINnCACJB4tGDINn
BADB4BAtAAABAIlHDItEJAyJRxiLRCQQiUcQi0QkFIlHFIvHX8NTVot0JAxXM8BQM8lRUWoG6H3/
//+LXCQkg8QQg34MAYv4dByD+wF0F2jzAAAAaEQWRgBoIBZGAOirnwQAg8QMg/sBiV8ciV4MdQaD
ZyAA6ydqBFPoYDkAAIlHIFkzwIXbWX4UjUwkFItXIIPBBIsxiTSCQDvDfPCLx19eW8NVi+xW/3Ug
i3UI/3Uc/3UYagHo/f7//4PEEIN9DACL8HQL/3UM6E89AABZ6wIzwINmJACDZigAiUYEikUQiEYc
i0UUiUYgi0UkiUYsi8ZeXcNVi+xW/3Ugi3UI/3Uc/3UYagHorP7//4PEEIN9DACL8HQL/3UM6P48
AABZ6wIzwINmJACJRgSKRRCIRhyLRRSJRiCLRSSJRizHRigBAAAAi8ZeXcNVi+xTVv91IIt1CP91
HP91GGoC6Ff+//8z24PEEDldDIvwdAv/dQzoqDwAAFnrAjPAi00UiUYEikUQiU4gM8k5XSSIRhx0
Eo1VJEGEwHUDg8IEg8IIORp18YTAiU4kdQ9qAVHoLjgAAFlZiUYs6wOJXixqBP92JOgaOAAAagT/
diSJRijoDTgAAIPEEDleJIlGMH44V419IIPHBP836DI8AABZi04oiQSZgH4cAHULi0Ysg8cEig+I
DAOLRjCDxwSLD4kMmEM7XiR8zV+Lxl5bXcNVi+xW/3Uci3UI/3UY/3UUagTohv3//4PEEIN9DACL
8HQL/3UM6Ng7AABZ6wIzwINmIACDZiQAiUYEikUQiEYci8ZeXcNVi+xWi3UIV/91HP91GP91FGoF
6ED9//8z/4PEEDl9DIvwdAv/dQzokTsAAFnrAjPAiUYEikUQiX4kiX4oiX4wiX40iEYcX8dGIAUA
AADHRixkAAAAx0Y4AQAAAIvGXl3DVYvsVot1CFf/dSD/dRz/dRhqBejf/P//M/+DxBA5fQyL8HQL
/3UM6DA7AABZ6wIzwIlGBIpFEIhGHItFFIl+IIl+JIl+KIl+MIl+NIl+OIlGLF+Lxl5dw1WL7FaL
dQhX/3Uc/3UY/3UUagXoh/z//zP/g8QQOX0Mi/B0C/91DOjYOgAAWesCM8CJRgSKRRCJfiiJfjCJ
fjSJfjiIRhxfx0YgBQAAAMdGJAEAAADHRixkAAAAi8ZeXcNVi+xW/3Uoi3UI/3Uk/3UgagfoJ/z/
/4vwM8CDxBA5RQx0Cf91DOh4OgAAWf91HIlGBIpFEIhGHItFFIlGIItFGIlGJOhaOgAAiUYoWYvG
Xl3DVYvsVv91HIt1CP91GP91FGoI6NX7//+L8DPAg8QQOUUMdAn/dQzoJjoAAFmJRgSKRRCIRhyL
xl5dw1aLdCQIM8BQM8lRUWoJ6J/7//+LTCQcg8QQiUgcXsNWi3QkCDPAUFD/dCQYUOiA+////3Qk
HIvw6No5AACJRgSDxBSLxl7DVYvsVv91HIt1CP91GP91FGoD6FT7//+L8DPAg8QQOUUMdAn/dQzo
pTkAAFmJRgSKRRCIRhyLxl5dw1aLdCQI/3YE6BU2AACLBkhIWXQgg+gDdBZIdA5IdUv/dijo+zUA
AFnrQP92IOvz/3Y06+5XM/85fiR+EotGKP80uOjbNQAARzt+JFl87v92KOjMNQAA/3Ys6MQ1AAD/
djDovDUAAIPEDF9W6LI1AABZXsNWi3QkCFf/NuiiNQAA/3YE6Jo1AAD/dgjokjUAADP/g8QMOX4Q
fhKLRhj/NLjoW////0c7fhBZfO7/dhjobjUAAFboaDUAAFlZX17DVot0JAhXM/85Pn4Ri0YI/zS4
6J3///9HOz5ZfO8z/zl+DH4Ti04U/zS5i0YY/xS4Rzt+DFl87f92COgkNQAA/3YU6Bw1AAD/dhjo
FDUAAFboDjUAAIPEEF9ew4tUJAiF0otMJASLQQh0A4lRCMNWi3QkCP92BOjoNAAAVujiNAAAWVle
w4tEJASLQATDVmoMagHoAjQAAP90JBCL8ItEJBjHBlAWRgCJRgjoKDgAAIlGBIPEDIvGXsP/dCQI
/3QkCGoA/3AM6OzGAwCDxBDDgPogVnIFgPp+diCA+qC+6f0AAHIbiwGDuNwAAAAAdRCLgJAQAAA5
cAx0BTPAQF7DgPqAcwRqAus4iwGLiNwAAACFyXUNV4u4kBAAADl3DF91BYD6wHPUhcl1C4uAkBAA
ADlwDHUJgPrAcwQzwF7DagRYXsNVi+yD7AyKVQiA+iBXcgWA+n52N4sGi4jcAAAAhcm/6f0AAHUh
U4uYkBAAADl7DFt0BYD6oHMUhcl1C4uAkBAAADl4DHUagPqAchpqAY1FCFBqAP92DOgZxgMAg8QQ
60aA+oBzHID6f3UGxkX9P+sGgMJAiFX9xkX8XmoCjUX8688PtsJQjUX0aHQWRgBQ6AKhBABqBI1F
9FBqAP92DOjRxQMAg8QcX8nDVovwhfZ0G4tEJAhqA2h8FkYAagD/cAzor8UDAIPEEE515V7DVleL
fCQQakxX6OuX//+LdCQUak1XiUYQ6NyX//9qAleJRhTo0Zf//2pRV4lGGOjGl///alJXiUYc6LuX
//+DxChfiUYgXsNWi3QkCIsGhcB0B4OghBAAAACLRgSFwHQKagD/dgj/UDBZWYtGJIXAdAdQ6Nwy
AABZVujVMgAAWV7DUVNVVot0JBRXi3wkIDPtO/2JbCQQdXKLRiAz20M7xXQng/gCdR6LRgRV/3YI
/1AshcBZWXUSVf826KrhAgCFwFlZdQQz/+sCi/uLRhw7xXQng/gCdR6LRgRT/3YI/1AshcBZWXUS
U/826HrhAgCFwFlZdQQzwOsCi8NXUP92DOimYwQA6UsBAAA5LnUXaJgAAABonBZGAGiQFkYA6JaX
BACDxAz/dgzofmMEADlsJChZdAj/Nujl4AIAWTv9fRj/dCQc6DeUBACL+FmJfCQgx0QkEAABAACL
RiA7xQ+EJgEAAIP4AnUmi0YEVf92CP9QLIXAWVkPhQ0BAABV/zbo5eACAIXAWVkPhfsAAACLRig7
xXQyi04EUP92JP92CP9RDIPEDOsbi0Yoi04kilQI/4vO6Af9//9W6B7+////TihZOW4of+A7/Q+O
UgUAAItGHDPbQzvFdCOD+AJ1LItGBFP/dgj/UCyFwFlZdQ5T/zboc+ACAIXAWVl0Dlf/dCQgi8bo
ofz//1lZOWwkEHR2OV4YdXE7+3Vti0QkHIoAPAN0UTwIdDY8DXQSPBp0Tjx/dCpTi0YE/3QkIOsS
OW4Ui0YEdARqEOseU2iMFkYA/3YI/1AMg8QM6cQEAAA5bhB00WoDi0YE/3YI/1AYWVnprQQAADlu
EHS6agnr5zluEHSxagrr3lfrqzv9D4SQBAAAi0QkHA+2GP9MJCADXCQQ/0QkHDlsJCR1CoP7DXUF
uw0BAAA5bjAPhLYAAABqIFiD6BoPhJwDAABISA+ElAMAAC3sAAAAdBKD6AUPhLEBAACD6HIPhZID
AAA5bigPjiQEAACLRhw7xXQlg/gCdTiLRgRqAf92CP9QLIXAWVl1D2oB/zboUN8CAIXAWVl0GItG
KItOJIpUCP+LzuiP+///Vuim/P//Wf9OKItGKItOJIoMCIsGOajcAAAAdROLgJAQAACBeAzp/QAA
D4W3AwAAgPmAD4KuAwAAgPnAcoXppAMAAIP7F4vDD49C////D4RiAQAAg+gDD4TYAgAASA+ELAEA
AIPoBg+EjAAAAIPoCHQcg+gDD4S6AgAASA+FygIAAMdGMAEAAADpWQMAAItGHDvFdC2D+AIPhUkD
AACLRgRqAf92CP9QLIXAWVl1E2oB/zbogd4CAIXAWVkPhCUDAABqBGiEFkYAVf92DOilwQMAg8QQ
M/85bigPjgcDAACLRiQPtgQ4UOgW+///Rzt+KFl87OnuAgAAOW4YD4VKAgAAi0YoO8UPjj8CAACL
TiSAfAH/DQ+FMQIAAItGHDvFdCWD+AJ1OItGBGoB/3YI/1AshcBZWXUPagH/Nuj43QIAhcBZWXQY
i0Yoi04kilQI/4vO6Df6//9W6E77//9Z/04oi0YoO8V+EItOBFD/diT/dgj/UQyDxAyLRhg7xQ+F
9wAAAGoCaIAWRgDpCwEAAItGKDvFdQpqDP92COk+AgAAi04EUP92JP92CP9RDIPEDOkwAQAAOW4o
D44oAgAAaggz219Di0YcO8V0I4P4AnU2i0YEU/92CP9QLIXAWVl1DlP/NuhQ3QIAhcBZWXQYi0Yk
i04oilQI/4vO6I/5//9W6Kb6//9Z/04oi0YoO8V+XDkdyKhHAItOJA+2RAH/fgtXUOg1oAQAWVnr
DIsNwKhHAA+2BEEjxzvFdDE5HcioRwCLTiSLRigPtgQIfgtXUOgIoAQAWVnrDIsNwKhHAA+2BEEj
xzvFD4R6AQAAOW4oD49P////6WwBAACD+AF1FDluFHQPi0YEahD/dgj/UBhZWesTagFojBZGAP92
CItGBP9QDIPEDItGHDvFdCWD+AJ1M4tGBGoB/3YI/1AshcBZWXUPagH/Nuhs3AIAhcBZWXQTagJo
gBZGAFX/dgzolL8DAIPEEIluKOn5AAAAi0YcO8V0JYP4AnU4i0YEagH/dgj/UCyFwFlZdQ9qAf82
6CXcAgCFwFlZdBiLRiSLTiiKVAj/i87oZPj//1boe/n//1n/Tig5bih/tItGBGoE/3YI/1AYOW4Q
WVl1ZYtGKDtGLHwZBQABAABqAVD/diSJRizoUSwAAIPEDIlGJItGJItOKIgcCItGHP9GKDvFdCWD
+AJ1J4tGBGoB/3YI/1AshcBZWXUPagH/Nuia2wIAhcBZWXQHU+hY+P//WYluMOs2g/sDdQ2LRgRq
Cf92CP9QGFlZg/sadQ2LRgRqCv92CP9QGFlZg/scdQ1qB/92CItGBP9QGFlZOWwkIA+FcPv//19e
XVtZw1WL7FNWV2o0agHoUysAAP91CItdEIt9DIvwM8CJRiSJRiiJRiyJRjCLRRSJRgiLRRhWiV4E
iT6JRgzomvj//4PEEIX/dAaJt4QQAACF23QJVv91FP9TMFlZX4vGXltdw1WL7IPsDItFCIsAU1Yz
9jmw3AAAAFe76f0AAHUQi4CQEAAAOVgMdAUzwEDrA2oDWA+vRRDR4Iv4agFX6MIqAABZWYvIi0UI
iwA5sNwAAACJTfR1NwWQEAAAixA5Wgx0K4vCUFZWV1H/dRD/dQxW/3AM6FtwBACDxCQ7xg+M9wAA
AItN9API6dMAAAAzwDl1EIlF/A+O3wAAAIt1DMdF+AEAAAC//wMAALOAD7cERj0A2AAAckU9/98A
AHc+i1X4O1UQfTM9/9sAAItV/A+3VFYCdyeB+gDcAAByH4H6/98AAHcXI8eDwEDB4Aoj1wPC/0X8
/0X46wNqLlg9gAAAAHJHPQAIAACL0HMIweoGgMrA6y89AAABAHMIweoMgMrg6xPB6hKAyvCIEYvQ
weoMgOI/QQrTiBGL0MHqBoDiP0EK0yQ/iBFBCsOIAYtF/EFA/0X4O0UQiUX8D4xM////O030dhX/
dRQrTfRR/3X0/3UI6IX3//+DxBD/dfToTCoAAFlfXlvJw1WL7IN9DAB9Fv91GP91FP91EP91COha
9///g8QQXcNTVleLfRSNND9qAlboTCkAAFaL2FNX/3UQagD/dQzoAHAEAP91GFBT/3UI6Cv+//9T
6PEpAACDxDRfXltdw4tEJASDeCAAfg6DeAQCdQj/MOjnnAQAWcNWi3QkCIsGhcB0ClDoio0EAIMm
AFmDZgQAXsNWaiRqAejhKAAA/3QkFIvwi0QkFIMmAINmBACJRhjoII7//2pzUIlGHOgtjv//g2YU
AIlGII1GCFDo/CcAAIPEGIvGXsNVi+yD7DhTVle4BAEAAGoBUIlF9OiNKAAA/3UIM9uJRfyJXezo
Ix0EAIPEDIv46RsBAAAz9o1NyEc8Jol18IlN+A+FrAAAAIofhNsPhJYAAAAPtsNQR+hBpQQAg/hk
WXRug/hodFqD+G10S4P4cHQwg/h0dCGD+Hl0EkaA+ybGRcgmdGNqAohdyV7rW/91FGi0FkYA60H/
dRRorBZGAOs3/3UQjUXIaGzcRQBQ6DSWBACDxAzrL/91FGioFkYA6xeLRQxQiUX46NGKBABZ6xb/
dRRobNxFAI1FyGogUOifpAQAg8QQi/CLXezHRfABAAAA6wYz9ohFyEaNBB45RfR/Io0EgGoEWZn3
+WoBBQACAABQ/3X8iUX06OgnAACDxAyJRfyF9n4ni0X4igD/RfiDffAAiEXodAn/dejokxwEAFmL
TfyIBAtDTnXciV3sigeEwA+F2/7//4tF/FDGBAMA6LwbBAD/dfyL8OgBKAAAWVlfi8ZeW8nDVYvs
Vovwg34EAHUHVuhQAgAAWYtGBIP4AXUU/3UMg8YI/3UIVuhbLAAAg8QM61OD+AJ1ToM+AHUUai9o
/BZGAGjwFkYA6BONBACDxAz/Nv91DGoB/3UI6J2kBACDxBA7RQxzHlbovv3//8cEJLgWRgD/dhjH
RgQDAAAA6LKEAwBZWV5dw1aNRCQQUP90JBDofysAAIvwVuiJiQQAUItEJBhW6Fn///9W6EsnAACD
xBhew1WL7IHsTAEAAINl/ACDfQwAU1Z1BYtdCOs0M/ZGOXUMuAQYRgB0BbgAGEYAi10IUItDFP8w
6HGLBACFwFlZiQN0CcdDBAIAAADrCol1/MdDBAMAAACDewQCV3U/jUW0UOh/ZwQAaglZi/CNRdhQ
aOwXRgCNhbT+//9qGI192FDzpejRogQAjYW0/v//UGisF0YAU+g7////g8Qgi0Mgg/gBdQe/pBdG
AOsng/gCdQe/oBdGAOsbg/gDdQe/zBBGAOsPg/gEv5AXRgB0Bb+IF0YAg3sEA3UUg30MAHUHvnQX
RgDrF75kF0YA6xCDfQwBvlgXRgB0Bb5MF0YA/3MU6B8aBABQV1ZoJBdGAOjXKwAAi/BW/3MY6GWD
AwCDxByDffwAX3QmVuhIiAQAUFZqAf9zGOhjuAMAagJogBZGAGoB/3MY6FK4AwCDxCRW6PUlAACD
ewQBWXUXaJQAAABo/BZGAGgMF0YA6D+LBACDxAyNcwhW6GIkAABZ6y2NRQxQjUUIUFboWSQAAP91
DIvD/3UI6Lj9////dQxW6M0qAABW6DUkAACDxCCFwHXPXlvJw1WL7IPsSFOLXQiDewQAD4XMAAAA
g3sgAA+EwgAAAFaNRbhXUOgLZgQAWYvwi0MUhcBqCVmNfdzzpXQHUOjXGwQAWY1F3FBqAf9zHOjs
if//WVlQagD/cxzo44r//1lZUGpy/3Mc6CmN//9ZWVDotPv//4lDFGjk1kUA/zDoeokEAIvwg8QY
hfZ0O2p0/3Mc6KiJ//9Wi/joxYgEAIPEDIP//3QLM8CD/wEPlMBA6xlTaC2WQAD/cxT/cxjoAIUD
AIPEEOsDagJYhcBfXn0Jx0MEAQAAAOsJUFPocv3//1lZW8nDi0QkBItIIIXJfhQ7TCQMdQ6NTCQI
agFR6J78//9ZWcOgWOVHAKgCVnQhqAF0Hf90JAy+0KlHAGgYGEYAVuh5ogQAVuiAlwQAg8QQi3Qk
CIX2dCWLRiCD+AN0BYP4BHUY/3QkDGgIGEYAVujR/P//VuhV+v//g8QQXsNVjWwktIHsrAEAAFNW
i3VUi0YgVzP/M9uD+ASJfUSJfUiJfUB0E4P4Aw+FuwIAADl9YHUO6bECAAA5fWAPhIcAAAA5fVi4
3BhGAHQFuNAYRgBQaMQYRgBW6Gn8//+LRXSDxAw7x3QQ/zBouBhGAFboUvz//4PEDP91YP91XP91
XGigGEYAVug7/P//g8QUOX14dCf/dXhogBhGAFboJfz//4PEDDl9fHQR/3V8aHgYRgBW6A/8//+D
xAxogBZGAFboAfz//1lZ61eNRaBQ6AVkBABqCVmL8I1FxFBoZBhGAI2FoP7//2oYjX3EUPOl6Fef
BACDxBSDfVgAuNwYRgB0BbjQGEYAjY2g/v//UVBoUBhGAP91VOir+///g8QQM/85fWgPjrgBAAA7
XWx9HItNcI0EW40EgYtIBAMIOU1EfAlDg8AMO11sfO0z9jtdbH0ii01wjQRbjQSBiwg5TUR8EotQ
BAPROVVEfQiLcAiD/gJ0LoN9SAB0KIN9SAG4b9dFAHQFuEwYRgBQ/3VIaDQYRgD/dVToLPv//4PE
EINlSACDfUAAdSSDfUgAdR6LRURob9dFAGpDK8dQjUXoaCgYRgBQ6OaPBACDxBSD/gJ1CP9FSOmA
AAAAg/4BdRVqWF6NRThoJBhGAFDowI8EAFlZ6xyLRWSLTUQPtjQBVo1FOGgcGEYAUOijjwQAg8QM
gz3IqEcAAYpNOI0Ef4hMBfSKTTmITAX1fg9oVwEAAFboQJQEAFlZ6w6hwKhHAA+3BHAlVwEAAIXA
dASLxusDai5YiEQ9JUeJfUD/RUSLRURqEJlZ9/mL+oX/dA6LRUQ7RWh0BoN9SAB0NotFQIXAdCyN
RAUlaIAWRgBQ6KigBACNRehQ6M+DBABQjUXoUItFVOid+f//g8QUg2VAAItFRDtFaA+Mcv7//4N9
SAB0JIN9SAG4b9dFAHQFuEwYRgBQ/3VIaDQYRgD/dVTo6Pn//4PEEP91VOhn9///WV9eW4PFTMnD
Vot0JAhXanL/dCQU6DOJ//9ZWVBqcv92HOgmif//WVlQ6AQVBACFwFlZdCJqc/92HOi3hf//anP/
dCQci/joqoX//4PEEDv4dQQz/+sKM/9WR+gg9///Wf92HOhShP///3QkFOhshf//anNQiUYc6HmF
//+DxBCF/4lGIHQHVugt+///WV9ew1WL7ItFDOsNi00ID7YMCDlNFHQJQDtFEHzui0UQXcNTi1wk
CFZXg87/v2kCAACNBDeZK8LR+I0MQMHhAjuZsBtGAH0Ei/jrCjuZtBtGAH4Ri/CLxyvGg/gBf9Ow
El9eW8ONBECKBIW4G0YA6/D/dCQE6Kn///8z0llCi8jT4oPieIvCw1WL7IB9DBJ0GoB9DAN1B4pF
CAxAXcOAfQwAdQeKRQgMgF3DikUIXcOLRCQIhcB+G4tMJARIihQBeBE4FAF1A0h5+IXAfAUPtgQB
w4PI/8NVi+yD7AwzwDlFEIlF/IlF9A+OQQIAAItNDItVCFNWiU34KVX4V41BBI1a+I1zCI14/KWl
pYtTDL4hBgAAO9ZyEoH60gYAAHcKD74MlWQARgDrA2oDWUkPhJsBAABJD4XcAQAAi038QTtNEH0Z
i0sYO85yEoH50gYAAHcKD74MjWQARgDrA2oDWYH6RAYAAA+FtgAAAIN9/AAPjpMAAACLE4HqIgYA
AHRmSnRFagJfK9d0ISvXdXuFyXQRO890DYP5BHQIxwD7/gAA62zHAPz+AADrZIXJdBE7z3QNg/kE
dAjHAPn+AADrT8cA+v4AAOtHhcl0EoP5AnQNg/kEdAjHAPf+AADrMccA+P4AAOsphcnHRfQBAAAA
dBKD+QJ0DYP5BHQIxwD1/gAA6wzHAPb+AACDffQAdBOLTfiDZfQAxwQZIAAAAOn1AAAAhcl0XIP5
AnRXg/kEdFKDffwAfhiLCzvOchKB+dIGAAB3Cg++DI1kAEYA6wNqA1mD+QF0GoP5AnQVg/kEdBCL
SwwPtwyNZgBGAOmlAAAAi0sMD7cMjWYARgBBQemTAAAAg338AH4Yiws7znISgfnSBgAAdwoPvgyN
ZABGAOsDagNZg/kBdBeD+QJ0EoP5BHQNi0sMD7cMjWYARgDrVYtLDA+3DI1mAEYAg8ED60aLTfxB
O00QfRmLSxg7znISgfnSBgAAdwoPvgyNZABGAOsDagNZhcl0FIP5AnQPg/kEdAoPtwyVZgBGAOsJ
D7cMlWYARgBBiQj/RfyLTfyDwwyDwAw7TRAPjNf9//9fXlszwEDJw4tEJASLCFaL0b4A/wAAI9YP
hYIAAABqXV47zndGdDxqKForynQtSQ+EbQsAAIPpE3QZSUl0DYPpHQ+FXQsAAIkwXsPHADwAAABe
w8cAPgAAAF7DxwApAAAAXsPHAFsAAABew2p7WivKdCZJSQ+EKAsAAIPpLnQRg+kQD4UcCwAAxwCr
AAAAXsPHALsAAABew8cAfQAAAF7DgfoAIAAAdW2Dwn07ync+dDS6OSAAACvKdCNJD4ThCgAAg+kL
dA9JD4XXCgAAxwBFIAAAXsPHAEYgAABew8cAOiAAAF7DxwB+IAAAXsOB6X4gAAAPhKkKAACD6Q90
D0kPhZ8KAADHAI0gAABew8cAjiAAAF7DgfoAIgAAD4WwAwAAgcH43f//gfn2AAAAD4dxCgAAD7aJ
Tq1AAP8kjYKrQADHAAsiAABew8cADCIAAF7DxwANIgAAXsPHAAgiAABew8cACSIAAF7DxwAKIgAA
XsPHAPUpAABew8cAPSIAAF7DxwA8IgAAXsPHAM0iAABew8cAUyIAAF7DxwBSIgAAXsPHAFUiAABe
w8cAVCIAAF7DxwBlIgAAXsPHAGQiAABew8cAZyIAAF7DxwBmIgAAXsPHAGkiAABew8cAaCIAAF7D
xwBrIgAAXsPHAGoiAABew8cAbyIAAF7DxwBuIgAAXsPHAHEiAABew8cAcCIAAF7DxwBzIgAAXsPH
AHIiAABew8cAdSIAAF7DxwB0IgAAXsPHAHciAABew8cAdiIAAF7DxwB5IgAAXsPHAHgiAABew8cA
eyIAAF7DxwB6IgAAXsPHAH0iAABew8cAfCIAAF7DxwB/IgAAXsPHAH4iAABew8cAgSIAAF7DxwCA
IgAAXsPHAIMiAABew8cAgiIAAF7DxwCFIgAAXsPHAIQiAABew8cAhyIAAF7DxwCGIgAAXsPHAIki
AABew8cAiCIAAF7DxwCLIgAAXsPHAIoiAABew8cAkCIAAF7DxwCPIgAAXsPHAJIiAABew8cAkSIA
AF7DxwC4KQAAXsPHAKMiAABew8cAoiIAAF7DxwDeKgAAXsPHAOQqAABew8cA4yoAAF7DxwDlKgAA
XsPHALEiAABew8cAsCIAAF7DxwCzIgAAXsPHALIiAABew8cAtSIAAF7DxwC0IgAAXsPHALciAABe
w8cAtiIAAF7DxwDKIgAAXsPHAMkiAABew8cAzCIAAF7DxwDLIgAAXsPHAEMiAABew8cA0SIAAF7D
xwDQIgAAXsPHANciAABew8cA1iIAAF7DxwDZIgAAXsPHANgiAABew8cA2yIAAF7DxwDaIgAAXsPH
AN0iAABew8cA3CIAAF7DxwDfIgAAXsPHAN4iAABew8cA4SIAAF7DxwDgIgAAXsPHAOMiAABew8cA
4iIAAF7DxwDlIgAAXsPHAOQiAABew8cA5yIAAF7DxwDmIgAAXsPHAOkiAABew8cA6CIAAF7DxwDr
IgAAXsPHAOoiAABew8cA7SIAAF7DxwDsIgAAXsPHAPEiAABew8cA8CIAAF7DxwD6IgAAXsPHAPsi
AABew8cA/CIAAF7DxwD9IgAAXsPHAP4iAABew8cA8iIAAF7DxwDzIgAAXsPHAPQiAABew8cA9iIA
AF7DxwD3IgAAXsOB+gAjAAB1SIPCCCvKdDlJD4S7BgAASXQnSXQcg+kedA9JD4WrBgAAxwApIwAA
XsPHACojAABew8cACiMAAF7DxwALIwAAXsPHAAkjAABew4H6ACcAAA+FEQEAALrVJwAAO8oPh4cA
AAB0fYPCkyvKg/kND4daBgAA/ySNRa5AAMcAaScAAF7DxwBrJwAAXsPHAGonAABew8cAbScAAF7D
xwBsJwAAXsPHAG8nAABew8cAbicAAF7DxwBxJwAAXsPHAHAnAABew8cAcycAAF7DxwByJwAAXsPH
AHUnAABew8cAdCcAAF7DxwDWJwAAXsOB6dYnAACD+RUPh9QFAAAPtom1rkAA/ySNfa5AAMcA3icA
AF7DxwDdJwAAXsPHAOMnAABew8cA4icAAF7DxwDlJwAAXsPHAOQnAABew8cA5ycAAF7DxwDmJwAA
XsPHAOknAABew8cA6CcAAF7DxwDrJwAAXsPHAOonAABew4H6ACkAAA+FbQEAAIHBfdb//4P5eg+H
SwUAAA+2iXevQAD/JI3LrkAAxwCEKQAAXsPHAIMpAABew8cAhikAAF7DxwCFKQAAXsPHAIgpAABe
w8cAhykAAF7DxwCKKQAAXsPHAIkpAABew8cAjCkAAF7DxwCLKQAAXsPHAJApAABew8cAjykAAF7D
xwCOKQAAXsPHAI0pAABew8cAkikAAF7DxwCRKQAAXsPHAJQpAABew8cAkykAAF7DxwCWKQAAXsPH
AJUpAABew8cAmCkAAF7DxwCXKQAAXsPHAJgiAABew8cAwSkAAF7DxwDAKQAAXsPHAMUpAABew8cA
xCkAAF7DxwDQKQAAXsPHAM8pAABew8cA0ikAAF7DxwDRKQAAXsPHANUpAABew8cA1CkAAF7DxwDZ
KQAAXsPHANgpAABew8cA2ykAAF7DxwDaKQAAXsPHABUiAABew8cA+SkAAF7DxwD4KQAAXsPHAP0p
AABew8cA/CkAAF7DgfoAKgAAD4WYAgAAgcHV1f//gfnPAAAAD4fPAwAAD7aJMrFAAP8kjfKvQADH
ACwqAABew8cAKyoAAF7DxwAtKgAAXsPHADUqAABew8cANCoAAF7DxwA9KgAAXsPHADwqAABew8cA
ZSoAAF7DxwBkKgAAXsPHAHoqAABew8cAeSoAAF7DxwB+KgAAXsPHAH0qAABew8cAgCoAAF7DxwB/
KgAAXsPHAIIqAABew8cAgSoAAF7DxwCEKgAAXsPHAIMqAABew8cAjCoAAF7DxwCLKgAAXsPHAJIq
AABew8cAkSoAAF7DxwCUKgAAXsPHAJMqAABew8cAlioAAF7DxwCVKgAAXsPHAJgqAABew8cAlyoA
AF7DxwCaKgAAXsPHAJkqAABew8cAnCoAAF7DxwCbKgAAXsPHAKIqAABew8cAoSoAAF7DxwCnKgAA
XsPHAKYqAABew8cAqSoAAF7DxwCoKgAAXsPHAKsqAABew8cAqioAAF7DxwCtKgAAXsPHAKwqAABe
w8cAsCoAAF7DxwCvKgAAXsPHALQqAABew8cAsyoAAF7DxwC8KgAAXsPHALsqAABew8cAvioAAF7D
xwC9KgAAXsPHAMAqAABew8cAvyoAAF7DxwDCKgAAXsPHAMEqAABew8cAxCoAAF7DxwDDKgAAXsPH
AMYqAABew8cAxSoAAF7DxwDOKgAAXsPHAM0qAABew8cA0CoAAF7DxwDPKgAAXsPHANIqAABew8cA
0SoAAF7DxwDUKgAAXsPHANMqAABew8cA1ioAAF7DxwDVKgAAXsPHAKYiAABew8cAqSIAAF7DxwCo
IgAAXsPHAKsiAABew8cA7SoAAF7DxwDsKgAAXsPHAPgqAABew8cA9yoAAF7DxwD6KgAAXsPHAPkq
AABew4H6ADAAAA+FpgAAAIHB+M///4P5Ew+HLgEAAP8kjQKyQADHAAkwAABew8cACDAAAF7DxwAL
MAAAXsPHAAowAABew8cADTAAAF7DxwAMMAAAXsPHAA8wAABew8cADjAAAF7DxwARMAAAXsPHABAw
AABew8cAFTAAAF7DxwAUMAAAXsPHABcwAABew8cAFjAAAF7DxwAZMAAAXsPHABgwAABew8cAGzAA
AF7DxwAaMAAAXsM71g+FjwAAALpb/wAAO8p3TnREg8KtK8p0NUl0eIPpE3QlSUl0GYPpHXQMSUl1
aMcAO/8AAF7DxwA9/wAAXsPHABz/AABew8cAHv8AAF7DxwAJ/wAAXsPHAF3/AABew4HpXf8AAHQu
SUl0Ikl0F0lJdAtJdSLHAGL/AABew8cAY/8AAF7DxwBf/wAAXsPHAGD/AABew4kQXsMdoUAAJaFA
AC2hQAA1oUAAPaFAAEWhQABNoUAAVaFAAF2hQABloUAAbaFAAHWhQAB9oUAAhaFAAI2hQACVoUAA
naFAAKWhQACtoUAAtaFAAL2hQADFoUAAzaFAANWhQADdoUAA5aFAAO2hQAD1oUAA/aFAAAWiQAAN
okAAFaJAAB2iQAAlokAALaJAADWiQAA9okAARaJAAE2iQABVokAAXaJAAGWiQABtokAAdaJAAH2i
QACFokAAjaJAAJWiQACdokAApaJAAK2iQAC1okAAvaJAAMWiQADNokAA1aJAAN2iQADlokAA7aJA
APWiQAD9okAABaNAAA2jQAAVo0AAHaNAACWjQAAto0AANaNAAD2jQABFo0AATaNAAFWjQABdo0AA
ZaNAAG2jQAB1o0AAfaNAAIWjQACNo0AAlaNAAJ2jQAClo0AAraNAALWjQAC9o0AAxaNAAM2jQADV
o0AA3aNAAOWjQADto0AA9aNAAP2jQAAFpEAADaRAABWkQAAdpEAAJaRAAC2kQAA1pEAAPaRAAEWk
QABNpEAAVaRAAF2kQABlpEAAbaRAAHWkQAB9pEAAhaRAAI2kQACVpEAAnaRAAKWkQACAq0AAAAEC
AwQFcnJycnJycgZycnJycnJycnJycnJycnJycnJycnJycnJycnJycnJycnJycnJycgcIcnJycnIJ
cnJycnJycnJycnJycnIKCwwNcnJycnJycnJycnJycnIODxAREhMUFXJyFhcYGRobHB0eHyAhIiMk
JSYnKCkqKywtLi8wMTIzcnJyNDU2N3JycnJyOHJycnJycnJycjk6cnI7cjw9cj5ycnJyP0BBQkNE
RUZycnJycnJycnJycnJycnJyckdISUpLcnJMTXJycnJOT1BRUlNUVVZXWFlaW1xdXl9gYWJjZGVy
cmZnaGlqcmtscnJtbm9wcS2lQAB+q0AANaVAAD2lQABFpUAATaVAAFWlQABdpUAAZaVAAG2lQAB1
pUAAfaVAAIWlQACNpUAAfqtAALqlQADCpUAAyqVAANKlQADapUAA4qVAAOqlQADypUAA+qVAAAKm
QAAKpkAAEqZAAICrQAAADQ0NDQ0NAQINDQ0DBAUGBwgJCgsMQ6ZAAEumQABTpkAAW6ZAAGOmQABr
pkAAc6ZAAHumQACDpkAAi6ZAAJOmQACbpkAAo6ZAAKumQACzpkAAu6ZAAMOmQADLpkAA06ZAANum
QADjpkAA66ZAAPOmQAD7pkAAA6dAAAunQAATp0AAG6dAACOnQAArp0AAM6dAADunQABDp0AAS6dA
AFOnQABbp0AAY6dAAGunQABzp0AAe6dAAIOnQACLp0AAgKtAAAABAgMEBQYHCAkKCwwNDg8QERIT
FBUqKioqKioqKioqKioqKioqKioqKioqKioqKioqKioqFioqKioqKioXGCoqGRoqKioqKioqKiob
HB0eKh8gKiohIiMkKioqKioqKioqKioqKioqKioqKioqKioqKiUqKiYnKiooKb+nQADHp0AAz6dA
ANenQADfp0AA56dAAO+nQAD3p0AA/6dAAAeoQAAPqEAAF6hAAB+oQAAnqEAAL6hAADeoQAA/qEAA
R6hAAE+oQABXqEAAX6hAAGeoQABvqEAAd6hAAH+oQACHqEAAj6hAAJeoQACfqEAAp6hAAK+oQAC3
qEAAv6hAAMeoQADPqEAA16hAAN+oQADnqEAA76hAAPeoQAD/qEAAB6lAAA+pQAAXqUAAH6lAACep
QAAvqUAAN6lAAD+pQABHqUAAT6lAAFepQABfqUAAZ6lAAG+pQAB3qUAAf6lAAIepQACPqUAAl6lA
AJ+pQACnqUAAr6lAALepQAC/qUAAx6lAAM+pQADXqUAA36lAAOepQADvqUAA96lAAP+pQAAHqkAA
D6pAABeqQAAfqkAAJ6pAAC+qQACAq0AAAAEAAk9PT09PAwRPT09PT08FBk9PT09PT09PT09PT09P
T09PT09PT09PT09PT09PT09PT09PT09PBwhPT09PT09PT09PT09PT09PT09PCQpPTwsMDQ4PEBES
T09PT09PExRPT09PFRYXGBkaGxwdHh8gT09PTyEiT09PIyQlJicoKSpPKyxPTy0uT09PT09PLzAx
MjM0NTY3ODk6T09PT09POzw9Pj9AQUJDRE9PT09PT09FT09PT0ZHSE9PT09PT0lKT09PT09PT09P
S0xNTlmqQABhqkAAaapAAHGqQAB5qkAAgapAAImqQACRqkAAmapAAKGqQACAq0AAgKtAAKmqQACx
qkAAuapAAMGqQADJqkAA0apAANmqQADhqkAAVYvsg+wQM8A5RRSJRfx+elNWVztFFH1v/3UQi3UM
/3UU/3X8Vug46v//g8QQO0UUi9DrDQ+2DDI5TRB/CUI7VRSJVfx87o1K/zvIfjWLVQiNNECNHLKN
NEmNFLKL8o198KWlpYvzi/qlpaWL+4118KWlSYPqDECDwww7yKV/3YtV/DtVFHyMX15bycNVi+yD
7CBWVzP/OX0MfiaLRQiDwASL8P826Nfp//8PtsCD+ANZdBWD+AR0EEeDxgw7fQx84jPA6bYFAABT
agH/dQzohAkAAGoB/3UMi/iJfeDodQkAAIlF9ItFCIPEEDPbg8AExkX/AIvw/zbohOn//w+2wIP4
A1l0FIP4BHQPhcB0D0ODxgw7XQx83usExkX/AYtFCIt19INl5ACDZewAil3/g8AEiX3wKXXwxkX4
EolF6ItF6P8w6Djp//88AVmIRf4PhKkAAACKyID5Ag+EhQAAAID5BXRhgPkGdE6A+Qd0IID5D3YH
gPkRdwKxEoB9+BKIHg+EmAAAAIpN+OmQAAAA/3Xs/3X06HTp//+D+P9ZWXUJil3/xkX4EusKisMk
wIhF+IDjP4ge62SKw/7ADAHGRfgDsQPrK/91+P7DgMsBM8CKw4geUOgM6f//g8QIiAbGRfgS6zqK
wwQCJP7GRfgAMsmIBorYx0XkAQAAAOsh/3X4gMMCgOP+M8CKw4geUOjT6P//g8QIiAbGRfgSik3+
i0Xw/0Xsg0XoDItVDIgMMEY5VewPjAb///+DfeQAdA8zwItN9APIgCE/QDvCfPMzyYoED4TAdhA8
AnYIPAR2CDwHdwTGBA8OQTvKfOSAPw11BYpF/4gHM8BAO9B+EoA8Bw11B4pMB/+IDAdAO8J87ot1
DDPSgDwXCHUehdKLynwYigQ5PAR0DTwDdA2EwHQJSXnu6wTGBBcLQjvWfNczwIA8BwR1BMYEBwNA
O8Z88TPAjV7/QDvYiV34fkONDAeKEYD6CXUTgHwH/wh1LYB8BwEIdSbGAQjrIYD6DHUcilQH/4D6
CHUGOFQHAXTngPoLdQg4VAcBdQKIEUA7w3y9M8CzCo0UBzgadTaFwH4HgHwH/wh0KDtF+H0mikwH
AYD5CHQaOst1GTvGi8h9CjgcOXUFQTvOfPaAPDkIdQPGAghAO8Z8vjPJigQPPAlyDDrDdgQ8DHUE
xgQPEkE7znzoM8mAPA8IdR6FyYvRfBiKBDqEwHQNPAN0DTwEdAlKee7rBMYEDwBBO85814P+Anwf
gD8SdRqKRwE8A3QQPAh0DDwLdAiEwHUHiAfrA8YHAzPSQjlV+A+OmwAAAI0cF4A7Eg+FhQAAAIpE
F/+EwHUlO1X4i8J9DIA8OBJ1BkA7Rfh89IA8OAB1ZDvQfWArwovwM8DrPjwDdAg8CHQEPAt1TDtV
+IvCfQyAPDgSdQZAO0X4fPSKDDiA+QN0CoD5CHQFgPkLdSc70H0jK8KL8LgDAwMDi86L+4vZwekC
86uLy4PhA/Oqi33gA9aLdQxCO1X4D4xl////g/4CfCiNBDeAeP8SdR+KSP6A+QN0E4D5CHQOgPkL
dAmEyXUJiEj/6wTGQP8Di3X0i88r94t9DIA5EnUTD7YEDmoCmVv3+/faGtKD4gOIEUFPdeSLdfSL
fQyKDg+2wWoCmVv3+4XSdRuLRfCKBAY8A3UE/sHrCzwLdAQ8CHUFgMECiA5GT3XSi030i3UMihkP
tsNqAplf9/+D+gF1FotF8IoEAYTAdAg8CHQEPAt1BP7DiBlBTnXWi3X4hfZ+HotNCI0Edo1cgQT/
M+g+5f//PBFZdQhOg+sMhfZ/7Dt1+H0uRjt1DH0oi0X0i00MjTwGikX/itiK+yvOi9HB6QKLw8Hg
EGaLw/Ori8qD4QPzqotFCDP/g8AEiUXsi0Xs/zDo6eT//zwRWXVWO30Mi/d9GItd7P8z6NPk//88
EVl1CUaDwww7dQx86zt1DHQri00IjQR2i1yBBFPosOT//zwPWXQWU+il5P//PBBZdSPrCYtF9IpN
/4gMBk47933y6xE8D3QEPBB1CYtF9IpN/4gMOINF7AxHO30MfICLRQiLffQz9oPABIvYD7YEN2oC
mVn3+YP6AXUHU+hi5///WUaDwww7dQx84YoHM8mKFA860HYCisJBO00MfPGEwHYZD7bwi97/dQxW
V/91COid+f//g8QQTkt17P914OivBAAAV+ipBAAAWVlqA1hbX17Jw1WL7FFWagqNRfxQ/3UI6EWG
BACLTfyL8IoBg8QMhMB0YoM9yKhHAAEPtsB+D2oIUOikdgQAWVmLTfzrDYsVwKhHAA+2BEKD4AiF
wHQKQYlN/IoBhMB1yg++AYPoR3Qhg+gEdBdISHQOg+gadBOD6AR0CUhIdQ3B5hTrCMHmCusDweYe
i8ZeycNVi+xWi3UIMsCAPl5XdAiLTQyDIQDraUaKDoTJdPGA+Tx1J4t9DGoARldW6ImFBACLD4PE
DDvOdAqAOT51BUGJD+s9MsCDJwDrNoD5YXwKgPl6fwWA6WDrH4D5QHwFgPlffhKA+T90DYTJeAmA
+X51D7Be6wWA8UCKwYtNDEaJMV9eXcNTVlcz/4vwM9vrNzxbdQNH6y88XXUHhf9+BU/rJIX/dAQ8
OnQcD77AUP90JBTobmYEAIXAWVl0CYN8JBQAi951C0aKBoTAdcOLw+sCi8ZfXlvDi0QkBGoB/3Qk
DOif////hcBZWXQFK0QkBMP/dCQE6EtlBABZw1WL7IpFDIhFDo1FDmoBUItFCMZFDwDobv///1lZ
XcNVi+yKRQyIRQ6NRQ5qAFCLRQjGRQ8A6E////9ZWV3Di0QkBD3///9/dgu5AAAAgDvBcwKLwcOL
TCQED7YBV4t8JAzB4BCD/wF+BzPSinEBC8KD/wJ+Bg+2SQILwYvIwekSg+E/ipGgOEYAi0wkEIgR
i9DB6gyD4j+D/wGKkqA4RgCIUQF+E4vQweoGg+I/ipKgOEYAiFEC6wTGQQI9g/8CX34Ng+A/ioCg
OEYAiEEDw8ZBAz3DVYvsg+wQVlczyYPP/4tFCIoEATxBfAw8Wn8ID77Ag+hB6zc8YXwMPHp/CA++
wIPoR+snPDB8DDw5fwgPvsCDwATrFzwrdQVqPljrDjwvdQRqP+v1PD11JovHiUSN8EGD+QR8qYtN
8DvPdBM5ffR0Dot1+Dv3i1X8dQo713QTM8BfXsnDM8A71w+VwEBAi/jrAzP/R8HhBgtN9IPmP8Hh
BgvOg+I/weEGC8qLVQyLwcHoEIP/AYgCfgiLwcHoCIhCAYP/An4DiEoCi8frs4tEJAQzyYlIBIkI
iUgIw4tEJASLQAjDi0wkBIsBi1AIK1AEi0QkDIkQiwGLQASLTCQIiQHDVYvsi0UMVleLfRCJRQyL
RQg5eAiLMH0XaJcCAABoCDlGAGjwOEYA6H9mBACDxAyF/35FU4X2i991F2ibAgAAaAg5RgBo5DhG
AOhdZgQAg8QMi04Ei0YIK8E7+HwCi9hTUf91DOgaagQAAV0MizYr+4PEDIX/f71bX15dw1WL7IHs
yAAAADPSuP///3/3dQyLTQhWO8h2BDP26xYPr00Mhcl1AUFR6N6CBACL8IX2WXUljYU4////aBg5
RgBQ6IF/BACNhTj///9QaBQ5RgDowp0DAIPEEIvGXsnDVYvsgezIAAAAM9K4////f/d1EItNDFY7
yHYEM/brIg+vTRCDfQgAUXUH6H6CBADrCf91COiGggQAWYvwhfZZdSWNhTj///9oGDlGAFDoFn8E
AI2FOP///1BoFDlGAOhXnQMAg8QQi8ZeycODfCQEAHQF6aqDBADDVot0JAhqAlbojGT//4P4BFlZ
dQRqN+sCagBW6H1l//9ZWTPJOAheD5XBi8HDVot0JAhqAlboX2T//4P4BFlZdQRqN+sCagBW6FBl
//9ZWV7DVYvsUVFTVldohDlGAP91COjagwQAi/gDfQjpKwEAAGiEOUYAV4v36HODBAAD+IA/AFlZ
dATGBwBHVuiQYQQAWWovWzvDdURobDlGAFbonYMEAIA8MABZWXUxM8mLxoA4OnQogHgBOnQiQYPA
A4P5EHzsM8mNRgKD+Q8PjdwAAACAODp1BkGDwAPr7IA+AIvGi850FYoRgPoKdAiA+g10A4gQQEGA
OQB161bGAADoHWEEAKgDWQ+FggAAAFboDmEEAIP4CFl2dmgoOUYAVugdgwQAgDwwAFlZdWONRfhQ
Vuh2/P//i9iD+wNZWXxQjUQd+FCNRgRQ6F/8//8Dw4P4BFlZfDkPtkX5M9uKffgL2A+2RfrB4wgL
2A+2RfvB4wgL2IP7QHcXVuijYAQAWYvIjUMGagMz0lv38zvIcz5ohDlGAFfop4IEAAP4gD8AWVkP
hcr+//8zwF9eW8nDi30IK/cPvgQ+UOhjegQAiAdHS1l174tFCMZALwDrC1b/dQjoG30EAFlZM8BA
68yLVCQMi0QkBFYz9oXSdhmLTCQMUyvIVw+2PAEPthgz+wv3QEp18V9buAABAAArxsHoCF7DaiRq
AegQ/f//i1QkDFlZM8mJSBiJSBSJUByJSCDHAAEAAACJSAyJSASJSBCJSAjDVldqEGoB6N78//+L
dCQUi/iLRCQYg2cIAINnDACJB4tEJByJRwT/RhSLRhRqBFD/dhjoEf3//4tOFIPEFIlGGIl8iPxf
XsOLRCQIVot0JAg5Rgx9R1NXjQSAagRZmff5agGL+IHHAAIAAFfoefz///92DIvY/3YIU+hyZgQA
/3YM/3YI6KrxAwD/dgjoIv3//4PEIIl+DF+JXghbXsNW/3QkDOg4XwQAi3QkDEBQVuiT/////3Qk
GP92COjwewQAg8QUXsNTV4t8JAwz2zlfFHYxVotHGIs0mP92DP92COhP8QMA/3YI6Mf8////NujA
/P//Vui6/P//g8QUQztfFHLRXv93GOio/P///3cE6KD8////dwzomPz//1fokvz//4PEEF9bw1ZX
i3wkDDP2hf90G1fop14EAEBqAVDop/v//4vwV1boZXsEAIPEFF+Lxl7DVYvsU1ZX/3UI6H9eBACL
fQyF/4vwWYvHdBWNXQxQ6GpeBACDwwQD8IsDhcBZde5qAUZW6F77////dQiL2FPoGnsEAFPoRF4E
AIvwg8QUA/OF/4vHdB6NfQxQVuj9egQAVugnXgQAg8cEA/CLB4PEDIXAdeVfXovDW13DU1ZXagG/
AAIAAFfoC/v//1lZi/f/dCQUi9j/dCQUVlPoU4AEAIPEEIXAfA07xnwZhcB+BY1wAesCA/dqAVZT
6Db7//+DxAzry19ei8Nbw1aLdCQI6w2LBosIUIkO6IP7//9Zgz4Ade6DZgQAg2YIAF7DVYvsi0UM
U4tdEIXbiUUMD4SBAAAAVot1CAFeCIXbfnVXi0YEhcB0LItICItADDvIcyIrwTvYi/t8Aov4V/91
DFHoamQEAItGBAF9DIPEDCvfAXgIhdt+PI17ELgAAgAAO/h3Aov4agFX6Dv6//+DIABZWY1IEIlI
CIlIBI0MOIlIDItOBIXJdASJAesCiQaJRgTrjV9eW13DVot0JAhXi3wkEDl+CH0XaHgCAABoCDlG
AGjwOEYA6BxgBACDxAyF/35OU4M+AIvfdRdoewIAAGgIOUYAaIg5RgDo+V8EAIPEDIsGi0gIK0gE
O/l8FovZiwiFyYkOdQMhTgRQ6HL6//9Z6wMBeAQpXggr+4X/f7RbX17DjUQkCFD/dCQI6Gz+//9Z
WcNTVYtsJAyAfQBbVld1doNkJBQAjX0Bi/eKBoTAdEC7gAAAADxddDyDPcioRwABD7bAfgtTUOhO
bAQAWVnrDIsNwKhHAA+2BEEjw4XAdQmAPjp1C/9EJBRGigaEwHXFgD5ddSGAfgEAdRuDfCQUAX4U
K/VXTlZo7NZFAOhw////g8QM6wdV6Dj9//9ZX15dW8NVi+xTVot1FFeNRgJqAlDo4Pj//41+AVeL
2FNW/3UQ/3UM/3UI6JA/BACDxCDrKVPoifn//wP+jUcBagJQ6LL4//9Xi9hTVv91EP91DP91COhl
PwQAg8QkO8d902aDJEMAX16Lw1tdw/90JAzoelsEAFD/dCQU/3QkFP90JBToff///4PEFMNWi3Qk
CIN+BAB0IYtEJAw7Rgh1GItGDGoP/3YQ/1AYg2YEAFboBQAAAIPEDF7DVot0JAiLBoXAdQUhRgRe
w2nA6AMAAFZoPMRAAFDor/oCAIPEDIN+BAB0BTtGCHMKiUYIx0YEAQAAAF7DVmoUagHo+ff//2oG
/3QkFIvw6Fxd//+DZgQAiQaLRCQciUYMi0QkIFaJRhDok////4PEFIvGXsNWagb/dCQU6C9d//9q
Bv90JBiL8OgiXf//g8QQO8Z0DYtEJAhQiTDoYP///1lew/90JAToV/sCAFnpV/j//2o8agHohPf/
/1lZM8mJSCCJSCiJSDCJSCyJSDTDhfZ0If92IOgu+P///3Yo6Cb4////djToHvj//1boGPj//4PE
EMOLCFZXUP9RIIvwhfZZdBhWaHQ6RgDom/3//1aL+Ojy9///g8QM6w1oaDpGAOhX+///WYv4V/90
JBj/dCQY/3QkGOg4NQEAV+jI9///g8QUX17Di0QkBItABIXAdAz/dCQIUOiR1AAAWVnDVot0JAiF
9nQPi0YMiwhQ/1EEWehY////XsNWi3QkCIX2dBqLRgiLCFD/UQT/dhDodvf//1bocPf//4PEDF7D
i0QkBIXAdBiDYBAAM8k5SBSLQAyLEA+VwVFQ/1IYWVnDi0QkBIXAdCCDeBAAi0wkCIlIFHUEhcl0
AzPJQYtADIsQUVD/UhhZWcOLRCQEhcB1AcP/dCQMi0AM/3QkDIsIUP9RCIPEDMOLRCQEi0AMiwhQ
/1EQWcNWi3QkCIX2dESLRgzHRhgBAAAAiwhqAFD/URiLRgyLCGoAagBQ/1EIi0Y0g8QUhcB0G/92
OFD/dgToqtwAAP92NOiu9v//g8QQg2Y0AF7Dg3wkCAB0IItMJASLQQSFwHQN/3QkCFDoCtMAAFnr
GVHo1v7//+sRi0QkBItABIXAdAdQ6M7SAABZM8BAw/90JAToz/7//zPAWUDDVYvsg+wMU1aLdQgz
20ODfhwAVw+EoAMAAItFFP9NFIXAD4S9AwAAi0YsO0YwfCGNBIBqBFmZ9/lTBQABAABQ/3YoiUYw
6KX1//+DxAyJRiiLVRCLTiyKEotGKIgUCP9GLItOHP9FEDvLi34sdA6LwSUA8P//PQBAAAB1fYtG
KIA4BHV1O8t1B8dGHABAAACD/wJ8hThYAQ+FtQEAAIP/CA+Oc////4B8B/8AD4Vo////gHgEAA+F
DQIAAIB4BQAPhQMCAACAeAYAD4X5AQAAgHgHAA+E7wEAAIF+HABAAAAPhZoBAADHRhwBQAAAx0Ys
CAAAAOkg////O8t0EovBJQDw//89AFAAAA+FogIAAItWKIA6BQ+FlgIAADvLdQfHRhwAUAAAi0Yc
PQBQAAB1ZYP/Ag+M4P7//w+2QgGNSAI7+Q+M0f7//zP/hcC5/wAAAH4ZjUICgDgAdA+LVigPtlIB
R0A7+nzu6wIzyYtGDGoCjVUKUsZFCgWITQuLCFD/UQiDxAyDZiwAx0YcAVAAAOmE/v//PQFQAAAP
hRECAABqCjP/jUX0V1DoSWMEAItOLIPEDIP5BsZF9AWIXfcPjFX+//+LRigPtlADO9N1A2oEX4P6
BHUDahBfg/oDdQUPtngER41HBjvID4wq/v//i0YoOFgBD4WZAQAAgHgCAA+FjwEAAAPHM8k704po
BGoKikgFi0YMiU4kD4XXAAAAiwiNVfRSUP9RCItGKA+2SAdRD7ZIBlEPtkgFD7ZABFFQaIg6RgDo
sfn//4lGIOnXAAAAagiNRfRqAFDomGIEAItGDGoIjVX0UsZF9VuLCFD/UQhW6Dj8//+DxBzpZAEA
AItGKMYAAItGKMZAAVqLRgyLCGoI/3YoUP9RCItGKIt+LDPJimgCg+8IU4pIA41HAVCJTiTo1/L/
/4lGIMYEOACLRiiDwAjrV4tGKMYAAItGKMZAAVqLRgyLCGoI/3YoUP9RCItGKDPJimgCikgDiU4k
6Tb///+D+gONVfRSUA+FigAAAIsI/1EIU1fogPL//4lGIMZEOP8Ai0YoT4PABVdQ/3Yg6G5cBACD
xCD/dijoJvP//4tGDINmKACLCFNQ/1EYVv92COhbigAAg8QUhcCJRgR0XP92JP92IFCLRgzo4vr/
/4t9FINmHACDxAyF/35KU1foF/L//1f/dRCJRjRQ6BFcBACDxBSJfjjrLsZF9QjrDYtGDGoKjVX0
Uohd9VCLCP9RCFboBPv//4PEEOszVuj5+v//6yqLfRSDfhgAdCJX/3UQ/3YE6IDYAACDxAyFwH4P
iV4Qi3YMiwZTVv9QGFlZX16Lw1vJw1WL7FFRVlf/dRyNRfz/dRhQ/3UQ/3UM6AIIAABQiUX46Gy9
//8z/4PEGDvHdB9Q6K/1////dfiL8Oj7+gMA/3X86Cny//+DxAyLxut/U+jF+f///3UYi10Ii00U
i/BWV1czwEBQiTNX/3UQxwYsOkYAiX4UiX4QiUYYiU4EiX4IiX4c/3X8/3X46OMZAACJRgz/dfzo
1vH//4tGDIsIUP9RHIPELDvHdCBQ6DT1//+JRfiLRgyLCFD/UQRZWehz+f//i0X4iTvrAjPAW19e
ycNTVlfoQPn//4t8JBCL8INmBADHBkA6RgCLRwRW/3QkHIlGCP9UJByL2IleDIsDU/9QHDPJg8QM
O8F1SolOFIlOEIlOGDlPDHQVUcdGHAEAAACJTiSLA1P/UBhZWetCiU4c/3cQ6Kr0//+JRiCLRxSJ
RiRW/3cE6HCIAACDxAyFwIlGBHUK6Nv4//8zwEDrE/92JP92IFCLw+ju+P//g8QMM8BfXlvDVYvs
U1ZXM9tqGENT6B7w//+LfSCL8INmEACDfQgAWYk3WccGVDpGAHQY/3UI6Dv0//+DZgwAiUYQi0UM
WYlGFOsDiV4M/3Uki0UY/3UciUYEaJQAAAD/dRzoQVX//1n32FkbwEBQVv91FP91EOi2BgAAiUYI
iwhQ/1Ecg8QchcB0KVDo5fP//4vYi0YIiwhQ/1EE/3YQ6F7w//9W6Fjw//+DxBCDJwCLw+sCM8Bf
Xltdw1WL7FFRU1aLdQiLRgiDZkQAiwhXagFQ/1EYjUYYUI1+JOi17v//V4vY6K3u//+DZQgAVwPY
6KHu//+DxBTrMo1F/FCNRfhQV+iW7v///3X8i0YI/3X4iwhQ/1EM/3X8AUUIV+gF9f//V+ht7v//
g8QkhcB/yo1+GFfoXe7//1nrMo1F/FCNRfhQV+hU7v///3X8i0YI/3X4iwhQ/1EI/3X8AUUIV+jD
9P//V+gr7v//g8QkhcB/yjldCH0Oi0YM/3UIiwhQ/1EMWVkz/zl+MHQKi0YIiwhQ/1EUWTl+QHQK
i0YIiwhQ/1EQWTl+SHUJiwZXVv9QGFlZX15bycNWi3QkCItGCIsIUP9RBP92EOj+9wMAVugu7///
g8QMXsNVi+yLRQiDeEQAdBxW/3UQjXAY/3UMVuia8///Vuib7f//g8QQXl3D/3UQi0AI/3UMiwhQ
/1EIg8QMXcNVi+xWi3UIg35EAHQmjUYYUOhB8///g8YkVug48////3UQ/3UMVuhP8///i0UQg8QU
6xL/dRCLdgj/dQyLBlb/UAyDxAxeXcOLRCQEg3hEAHQIx0BAAQAAAMOLQAiLCFD/URBZw4tEJASD
eEQAdAjHQDABAAAAw4tACIsIUP9RFFnDVYvsgewEAgAAVot1CIN+RAB0C4tFDIlGSOmTAAAAV41+
NFfo1+z//4XAWX51i0UMhcCJRkh1ZVfowuz//4XAWX5ajUUIUI1F/FBX6Lfs//+DxAyBfQgAAgAA
dgfHRQgAAgAA/3UIjYX8/f///3X8UOgzVwQA/3UIV+gT8////3UIi0YMiwiNlfz9//9SagBQ/1EI
g8Qkg35IAHSbg35IAHUOi3YI/3UMiwZW/1AYWVlfXsnDi0wkBItBBIXAdQ85QQh0CotJCIsBUf9Q
HFnDVYvs/3Uci0UI/3UYi0AE/3UUi0AM/3UQiwj/dQxQ/xGDxBhdw1WL7ItFCItABIN4RAB0HItN
DIlIUItNEIlIVItNFGoAUIlIWP9QTFlZXcP/dRSLQAz/dRCLCP91DFD/UQSDxBBdw1WL7ItFCFaL
cASDfkQAdCxTi10QV4t9FFeNRjRTUOif8f//i0UMagJWiUZciV5giX5k/1ZMg8QUX1vrFf91FIt2
DP91EIsG/3UMVv9QCIPEEF5dw4tEJASLQASDeEQAdA+LTCQIagFQiUho/1BM6w2LQAz/dCQIiwhQ
/1EMWVnDVYvsi0UIi0AEg3hEAHQWi00MiUhsi00QagNQiUhw/1BMWVldw/91EItADP91DIsIUP9R
EIPEDF3DVYvsg+xMU1aLdQgz2zvzdAtW6CoZAACFwFl1LGoM/3UU6PxQ//+FwFlZdSD/dQzonvID
AIXAWXUPO/N0MFbofvMDAIXAWXQEM8DrSDvzdB1qQI1FtFBW6JTxAwCNRbRQ6EROBACDxBCJRfjr
A4ld+Ff/dQzoME4EAGoK/3UUiUX06KBR//+L8IPEDIA+AHU4M8BAX15bycODPcioRwABD7bAfgxq
CFDoCl4EAFlZ6w2LDcCoRwAPtgRBg+AIhcB1BoA8Hix1CEOKBB6EwHXJjQwegDkAiU38dLaL+4M9
yKhHAAEPtgQ+fhJoBwEAAFDowl0EAFlZi0386w+LFcCoRwAPtwRCJQcBAACFwHUPigQ+PC10CDwu
dAQ8KnUHR4A8PgB1uIA5KnVJg30IAHQni8crw0hQjUQeAVCLRfgrxwPDjUQFtVDoBvoEAIPEDIXA
D4TOAAAAi00Mi8crw0hQjUQeAVCLRfQrxwPDjUQIAVDrWoB8Pv8qdSuDfQgAdB6LxyvDSFBRjUW0
UOjC+QQAg8QMhcAPhIoAAACLTfyLxyvDSOsjg30IAHQZi8crw1BRjUW0UOiY+QQAg8QMhcB0ZItN
/IvHK8NQUf91DOiA+QQAg8QMhcB0TIvfA/7rMoM9yKhHAAEPtgd+DGoIUOjEXAQAWVnrDYsNwKhH
AA+2BEGD4AiFwHUOgD8sdAlDjTwegD8AdcmAPB4AD4Wp/v//6Wz+//8zwOlo/v//VYvsVot1FFdq
DVbo507//4XAi30IWVl0VGoLVujWTv//hcBZWXQeagtW6MhO//+D+AJZWXU3ag1W6LlO//+D+AFZ
WXQoVv91DFdqAOiE/f//g8QQhcB0FVfoZ+3//4tNEFeJAeic7gMAWVnrD/91GP91EFfoGuwDAIPE
DF9eXcNVi+z/dRz/dRT/dRD/dQz/dQjoJfsDAIPEFF3DM8A5RCQEfi4z0kKAPDAKdR1AQoP6A34h
O1QkBH0OikwwAYD5IHQFgPkJdQ1AQkBCO0QkBHzVg8j/w1WL7IHsDAIAAFNWV4t9CItHRIP4/w+F
QgEAAGgAAgAAjYX0/f//UP93EOjA7gMAi0cUUI2N9P3//1FQi8FQaHA7RgDo1O7//4vwi0cIixhW
6FNLBABQVv93CP9TCFboGOn//2oQ/3d06LhO//9qEf93dIvw6KxO//+DxESAPgB1CYA4AA+EtwAA
AFBWaGg7RgDohu7//1CJRfToCUsEAIvYagHB4AKZagNZ9/mDwGRQ6Pzn//+L8GhMO0YAVuguVgQA
g2X4AFbo3EoEAIPEJIXbiUX8fjeJXQhqA1g5RQh/A4tFCItN/APOUYtN9FCLRfgDwVDou+X//4NF
+AODbQgDg0X8BIPEDDld+HzMi0X8A8ZogBZGAFDoW2cEAItHCIsYVuiASgQAUFb/dwj/Uwj/dfTo
Q+j//1boPej//4PEIItHCIsIagJogBZGAFD/UQiDxAzHR0QBAAAA6yaLTQyFyXUa/3dYi0cM/3dU
iwj/d1BQ/1EEg8QQ6RkCAACD+QF1BzPA6Q0CAACD+QN1F/93cItHDP93bIsIUP9REIPEDOnxAQAA
g/kCD4XNAQAAg/gBD4X/AAAAjUc0UOhO5v//i9iF21l/F2h0AgAAaEA7RgBoODtGAOgETQQAg8QM
jUMBagFQ6Mfm//+L8FONRzRWUOg+5v//U8YEHgDoxf3//4vYg8QYhdt9BlbpBQEAAINNCP+NRQhQ
jUX0UI1F/FBoKDtGAFbokGwEAIPEFIP4Ag+M5gAAAIN9CP8PhNwAAACNRzRTUOhW7P//i0UIgDww
MllZdFPGBDMA6xGKRB7/PA10BDwKdQpLxgQeADtdCH/qi0UIA8ZQaBg7RgDomuz//4t/DGoAi9iL
B2hAHwAAU1f/UART6ODm//9W6Nrm//+DxCDp6wAAAFbozOb//1nHR0QCAAAAg39EAg+FuwAAAI1H
NFDoReX//4vYhdtZfxdoqgIAAGhAO0YAaDg7RgDo+0sEAIPEDGoBU+jB5f//i/BTjUc0VlCJdfyJ
dQjoMuX//1Povfz//4vwg8QYhfZ9SP91/Ohh5v//Wet3i38MiwdqAGhAHwAAaPA6RgBX/1AEVuhD
5v//g8QU61eNRzRWUOha6///AXUIK96LdQhT6HH8//+DxAyL8IP+An/edbGNRzRqAlDoNev//1fo
wvX///91/OgB5v//6xWLfwyLB2oAaEEfAABozDpGAFf/UASDxBAzwEBfXlvJw1WL7IHsDAIAAFNW
i3UIi05Eg/n/Vw+FHQEAAP92EOiY7QMAg/gCWXUMx0YEmDxGAOnlAQAAg/gBdRKNRQhQ/3YQM9vo
ou0DAFlZ61KD+AN0F2jvAgAAaEA7RgBogDxGAOjfSgQAg8QMaAACAACNhfT9//9Q/3YQ6NfqAwCN
hfT9//9Q6IRHBACL2IPEEEPGRQoAxkUJAMZFCADGRQsBahD/dnTo4Ur//1CJRfzoW0cEAI1EGAlq
AVCJRfjoVeT///91/Iv4jUcIUOgOZAQAxgcExkcBAYtGFMH4CIhHAopGFIhHA2oEjUUIUI1HBFDo
KU4EAIPEKFONhfT9//9Q/3X86AZHBABZjUQ4CVDoC04EAP91+ItGCIsIV1D/UQj/dfzoueT//1fo
s+T//4PEIMdGRAEAAADrKItFDDPbO8N1Gv92WItGDP92VIsI/3ZQUP9RBIPEEOnCAAAAg/gBdQcz
wOm2AAAAg/gDdRf/dnCLRgz/dmyLCFD/URCDxAzpmgAAAIP4AnV7g/kBdXaNfjRX6N3i//+D+AhZ
fH5qCI1F9FBX6PHi//+DxAyAffQAdA1TaEAfAABoODxGAOtQgH31WnQsD75F9YPoXIt2DFNoQB8A
AHQTSIsGdAdoBDxGAOsxaMw7RgDrKmiYO0YA6yFqCFfoDen//1bomvP//4PEDOsXU2hBHwAAaMw6
RgCLdgyLBlb/UASDxBAzwEBfXlvJw1WL7IHsEAIAAFaLdQiLTkSD+f9XD4WBAAAAahD/dnTGRfgF
6D9J//9qEf92dIv46DNJ//+DxBCAPwB1FoA4AHURxkX5AcZF+gDHRQgDAAAA6y2NRQhQjUX4UMZF
+gDHRQgDAAAA6Dai//+LRQj/RQjGRAX4AopFCFksAlmIRfn/dQiLRgiLCI1V+FJQ/1EIg8QMx0ZE
AQAAAOsmi0UMhcB1Gv92WItGDP92VIsI/3ZQUP9RBIPEEOlwBAAAg/gBdQczwOlkBAAAg/gDdRf/
dnCLRgz/dmyLCFD/URCDxAzpSAQAAFNqAl87xw+FIAQAAIP5AXVzjV40U+hT4f//O8dZD4whBAAA
V41FClBT6GXh//9mi0UKg8QMPAV0EWoAaEAfAABorD9GAOnuAwAAhOR1BYl+ROsogPwBdQnHRkQE
AAAA6xqA/AJ1CcdGRAUAAADrDID8A3VNx0ZEBgAAAFdT6H3n//9ZWYN+RAd1a41eNFPo2uD//zvH
WQ+MqAMAAFeNRQpQU+js4P//g8QMgH0KAXQiagBoQB8AAGhgP0YA6XcDAABqAGhAHwAAaCA/RgDp
ZgMAAIB9CwB0EWoAaEAfAABo5D5GAOlPAwAAV1PoD+f//1lZiX5Eg35ECHUPVujMoP//hcBZD4U9
AwAAi0ZEO8cPhdcAAAD/dhDomOkDAIP4AVl1HGoKiIXz/f//W42F9P3//1D/dhDoqekDAFlZ62E7
x3ULahbGhfP9//8E692D+AN0F2gvBAAAaEA7RgBogDxGAOjXRgQAg8QMaAABAACNhfX9//9Q/3YQ
xoXz/f//A+jI5gMAjYX1/f//UOh1QwQAD77Yg8QQiIX0/f//g8MHi0YUwfgIxoXw/f//BcaF8f3/
/wHGhfL9//8AiIQd7v3//4pGFIiEHe/9//+LRgiLCFONlfD9//9SUP9RCIPEDMdGRAMAAADpWAIA
AIP4Aw+FOAEAAI1+NFfob9///4P4BVkPjDwCAABqBY1F+FBX6H/f//+DxAyAffgFdBFqAGhAHwAA
aKw+RgDpCgIAAIB9+QAPhKIAAACNhfD+//9onD5GAFDojV8EAA++RflZWY1I/4P5B3dN/ySN5t5A
AGh8PkYA6y9oWD5GAOsoaEQ+RgDrIWgwPkYA6xpoHD5GAOsTaBA+RgDrDGj4PUYA6wVo3D1GAI2F
8P7//1DoRl8EAFlZ6yNQjYXw/v//aLg9RgBQ6FBCBABZjYQF8P7//1Doik0EAIPEDGoAaEAfAACN
jfD+//9R6V4BAAAPvkX7SHQlSEh0GEh0EWoAaEAfAABoeD1GAOk/AQAAahbrCw+2XfyDwwbrA2oK
W1foXt7//zvDWQ+MLAEAAFNX6ODk//9W6G3v//+DxAzpFwEAAIP4BHURagBoQB8AAGhEPUYA6fUA
AACD+AUPhdAAAABqEP92dOgtRf//ahH/dnSL2Ild+OgeRf//g8QQgDsAiUX0dRaAOAB1EWoAaEAf
AABo8DxGAOmyAAAAU+h6QQQAi9i//wAAADvfWX4Ci9+D+wF9AzPbQ/919OhcQQQAO8dZiUUIfgOJ
fQgzwEA5RQh9A4lFCFP/dfiNhfL9//9QxoXw/f//AYid8f3//+g5SAQAi0UIUP919IiEHfL9//+N
hB3z/f//UOgeSAQAi1UIi0YIiwiNVBoDUo2V8P3//1JQ/1EIg8Qkx0ZEBwAAAOsog/gGdQtW6M2f
//+FwFl1G2oAaEEfAABozDxGAIt2DIsGVv9QBIPEEDPAQFtfXsnD+NxAAP/cQAAG3UAADd1AABTd
QAAb3UAAIt1AACndQABVi+yB7FgCAABTVldqEv91EOgBRP//i9AzwDPbWTP/M/Y4GlmJVeSJRfSJ
RfgPhGQFAADrE4tF+OsOgPkldBCA+Vx0C0CJRfiKDBCEyXXrgDwQAA+E/AQAADtF9HRAK0X0iUXs
A8Y72IlF8H0UjZgAAgAAagFTV+iG3f//g8QMi/iLTeT/deyLRfQDwVAD91boFUcEAIt18ItF+IPE
DItV5IlF9ECJReiJRfgDwooIhMmJReyITf8PhJUEAACLTfQDyoA5XIlN8A+FqQEAAA++Rf+D6CUP
hKIBAACD6DMPhPcAAACD6AQPhMoAAACD6BIPhJoAAACD6AR0bkhIdEOD6AQPhNMAAACNRgI72IlF
7H0XagGNngICAABTV+jh3P//i03wg8QMi/hqAlED91bodkYEAIt17IPEDP9F+On9AwAAjUYBO9iJ
RfR9FGoBjZ4BAgAAU1fop9z//4PEDIv4xgQ+CenZAAAAjUYBO9iJRfR9FGoBjZ4BAgAAU1fogNz/
/4PEDIv4xgQ+DemyAAAAjUYBO9iJRfR9FGoBjZ4BAgAAU1foWdz//4PEDIv4xgQ+CumLAAAAjUYB
O9iJRfR9FGoBjZ4BAgAAU1foMtz//4PEDIv4xgQ+XOtnxkX/ADPJ/0X4i0Xki1X4igQCPDB8CDw5
fwQsMOsWPGF8CDxmfwQsV+sKPEF8QTxGfz0sNwBF/4P5AXQHQcBl/wTrw41GATvYiUX0fRRqAY2e
AQIAAFNX6Mvb//+DxAyL+IpF/4gEPv9F+OnyAgAAjUYBO9iJRfR9FGoBjZ4BAgAAU1fon9v//4PE
DIv4i0XoxgQ+XIlF+OnFAgAAgH3/JXUmjUYBO9iJRfR9FGoBjZ4BAgAAU1fobNv//4PEDIv4/0X4
6ZUCAABqBGgYQEYAUOiS6gQAg8QMhcB1ZGgAAgAAjYWo/f//UP91COgW4QMAjYWo/f//UOjDPQQA
iUXoA8aDxBA72IlF8H0UjZgAAgAAagFTV+gN2///g8QMi/j/deiNhaj9//9QA/dW6J5EBACLdfCD
xAyDRfgE6SQCAABqBGgQQEYA/3Xs6BjqBACDxAyFwHVN/3UMjUXcaAxARgBQ6KBIBAAPvsCNDDCD
xAw72YlF6IlN8H0XjZkAAgAAagFTV+ie2v//i/iLReiDxAxQjUXcUAP3VugxRAQAi3Xw65FqBGgE
QEYA/3Xs6LXpBACDxAyFwHVMahD/dRDoeUD//1CJRfDo8zwEAIlF6APGg8QMO9iJRex9FI2YAAIA
AGoBU1foPdr//4PEDIv4/3XoA/f/dfBW6NJDBACLdezpL////2oEaPw/RgD/dezoU+kEAIPEDIXA
dUxqEf91EOgXQP//UIlF8OiRPAQAiUXoA8aDxAw72IlF7H0UjZgAAgAAagFTV+jb2f//g8QMi/j/
degD9/918FbocEMEAIt17OnN/v//aglo8D9GAP917Ojx6AQAg8QMhcB1U2oO/3UQ6LU///9QiUXw
6C88BACJRegDxoPEDDvYiUXsfRSNmAACAABqAVNX6HnZ//+DxAyL+P916AP3/3XwVugOQwQAi3Xs
g8QMg0X4CemUAAAAaglo5D9GAP917OiI6AQAg8QMhcB1WWoP/3UQ6Eg+//9QjUWoaGzcRQBQ6AhH
BACNRahQ6Lc7BACJRegDxoPEGDvYiUXwfRSNmAACAABqAVNX6AHZ//+DxAyL+P916I1FqFAD91bo
lUIEAIt18OuFjUYBO9iJRfR9FGoBjZ4BAgAAU1foz9j//4PEDIv4xgQ+JYt19ItF+ItV5IA8EACJ
RfQPheP6//+LRfg7RfR0PStF9IlF7APGO9iJRfB9FI2YAAIAAGoBU1foitj//4PEDIv4i03k/3Xs
i0X0A8FQA/dW6BlCBACLdfCDxAyNRgE72H0UagGNhgECAABQV+hV2P//g8QMi/jGBD4Ai8dfXlvJ
w1aLdCQIg35E/3U7U1f/dnT/dhT/dhDoKPr//4v4i0YIixhX6LU6BABQV/92CP9TCFfoetj//4PE
IF9bx0ZEAQAAADPAXsOLRCQMhcB1F/92WItGDP92VIsI/3ZQUP9RBIPEEF7Dg/gBdQQzwF7Dg/gD
dRT/dnCLRgz/dmyLCFD/URCDxAxew4P4AnUJVujX5///WesYi3YMiwZqAGhBHwAAaMw8RgBW/1AE
g8QQM8BAXsNVi+xRUVOLXShWV2oNU+iRPP//hcBZWQ+EoQEAAFP/dRD/dQz/dQjoVuv//4PEEIXA
D4SHAQAAU/91JP91IP91HP91GP91FP91EP91DP91COiE+gMAM/+DxCQ7xw+FeQEAAGiIAAAAagHo
xtb//4vwU8cGlDpGAOgQPP//iUZ0i0UkiUYMi0UIiUYQi0UQiUYUjUY0UIl+BIl+MIl+QIl+SOjd
1f//jUYYUOjU1f//jUYkUOjL1f//g05E/2oNU4l+CIl+TOjaO///g8Qgg/gDdQnHRkz400AA6yyD
+AF1CcdGTJTXQADrHoP4AnUJx0ZMttlAAOsQg/gED4W1AAAAx0ZMw+RAAGoIagHoJNb//4v4agNT
xwe4OkYAiXcE6IE7//+DxBBQjUX4UGoOU+h1PP//WVlQ6AXZAwBQiUX86Nyh//+DxBCFwHQZV8dG
BERARgDoptb///91/Oho3wMAWVnrTf91+OiS1v//WVf/dSD/dRz/dRj/dRRqD1PoIjv//1lZUP91
/Og+5wMAiUYIiwhQ/1Ecg8QghcB1FItGCIsIagBQ/1EYav9W/1ZMg8QQi8brJsdGBCBARgDr8/91
JP91IP91HP91GP91FP91EP91COjz5gMAg8QcX15bycNVi+yB7AABAABWaAABAACNhQD///9Q/3UQ
6HTbAwCDxAyDfQwAjYUA////dQv/dRRQaKRARgDrCf91GFBoiEBGAOh52///i/CLRQiDxAxW/3AQ
6AEzAwBW6MHV//+DxAxeycODfhQAdCGDfhgAdBuLRgSFwHQUiwhQ/1EE/3YQg2YEAOhfcQMAWVnD
VYvsg30MAFaLdQh0QotGBIXAdBuLCFD/UQT/dhCDZgQAx0YIAQAAAOgvcQMAWVn/dQz/dhDokzID
AP91DGgUOUYA/3YQ6BFpAwCDxBTrN1Mz20ODfhQAdST/dhDoTCUEAIXAWXQXg34YAHURi0YEhcB0
B4sIUP9REFmJXhiJXhToU////1szwF5dw1NW/3QkGIt0JBD/dCQYagD/dhDoRGcDAItOBIsRM9s9
ABAAAA+fw1NR/1IYg8QYM8BeQFvDi0QkCItMJASJQQzDVYvsU1ZXahxqAeju0///i/CLRQwz28cG
dEBGAIleBIleCIkwi0UIagP/dRCJXhiJXhSJXgyJRhDoMDn//4PEEIP4AYlFDHUHuOBARgDrD4P4
ArjYQEYAdAW4b9dFAFD/dRRowEBGAOj82f//i/hX/3YQ6IoxAwBX6ErU////dQyLfRz/dRBX/3UY
/3UU6OTp//9QiUUM6E6f//+DxDA7w4lFCHQO/3UM6OTcAwCLRQhZ62o5XRh9B8dFGBcAAAD/dRBW
/3Uk/3UgagFT/3UY/zf/dQzo8Pv//4lGBIsIUP9RHIPEKDvDdTRqCf91EOh+Of//i/A4HllZdCD/
N+jF0///Vugz1///ajpQiQfouND//4PEEDvDdAKIGDPAX15bXcNWi3QkCIN+BAB0CotGBIsIUP9R
BFlW6IrT//9ZXsNWi3QkCItGBIXAdQJew/90JBCLCP90JBBQ/1EIg8QMiUYMXsODfCQIDHUgVot0
JAiLRgSFwHQTiwhQ/1EQWcdGGAEAAADogv3//17DM8DDi0QkBItABIsIM9KBfCQIABAAAA+fwlJQ
/1EYWVnDM8BAg3wkCAB0CDlEJAh0AjPAw1WL7IHsAAEAAFZoAAEAAI2FAP///1D/dRDoXdgDAIPE
DIN9DACNhQD///91C/91FFBopEBGAOsJ/3UYUGiIQEYA6GLY//+L8ItFCIPEDFb/cCDo6i8DAFbo
qtL//4PEDF7Jw1aLdCQIi0YEhcBXi3wkEHQfiwhQ/1EEg2YEAIX/WXQHx0YIAQAAAP92IOg+bgMA
WYX/dBpX/3Yg6KEvAwBXaBQ5RgD/diDoIWYDAIPEFF8zwF7DVYvsUVGLRgRTagGNVf9SxkX/AIsI
UP9RCGo0/3Yk6Ng3//+LTgSLGVCJRfjoTTQEAFD/dfj/dgT/UwiLRgSLCGoBjVX/UlD/UQiLRgT/
dQiLGOgnNAQAUP91CP92BP9TCItGBIsIg8RAagGNVf9SUP9RCGou/3Yk6H43//+LTgSLGVCJRfjo
8zMEAFD/dfj/dgT/UwiLRgSLCGoBaBBBRgBQ/1EIai//diToTDf//4tOBIsZaARBRgBQiUX46NxV
BACDxEBQ/3X4/3YE/1MIi0YEiwhqAY1V/1JQ/1EIg8QYg2YoAIlGDFvJw1aLdCQIi0YohcB0B1Do
ZtT//1mDfgQAdAqLRgSLCFD/UQRZ/3Yk6KY0//9W6DXR//9ZWV7DVYvsVot1CItGBIXAdDyLTiiF
yf91EP91DHQgUeiWYwMAg8QMhcB8H4tGKItAGIsA/3AI6Kj+//9Z6wyLCFD/UQiDxAyJRgyLRgxe
XcOLRCQEi0AMw1WL7IPsDItVDDPAVot1CItOBDvIV4t9EMZF9P/GRfX/xkX2c8ZF93OIRfiIRfmI
RfqIRfuIRfyIRf2IRf6IRf+JVhiJfhx0MTlGFHQsikYYiEX7wfoIi8fB+AiIVfqIRfiKRhxqDI1V
9FKIRfmLAVH/UAiDxAyJRgxfXsnDi0wkBDPAOUEED5XAw1WL7IN9DAJ1I4tFEIA4gHVki0UI/3Ac
x0AUAQAAAP9wGFDoT////4PEDOtJVot1CDPAOUYQdBCLTRA4AXUG/0UQ/00UiUYQOUUUfihT/3UU
/3UQUP92IOhKYgMAi04EixEz2z0AEAAAD5/DU1H/UhiDxBhbXjPAQF3DVYvsU1ZXM/9qLEdX6P3O
//+L8ItFCGpu/3UQM9vHBvBARgCJXgSJXgiJRiDoTTT//2pv/3UQiUYY6EA0////dRCJRhyJfhCJ
XhSJXijoFDT//4lGJItFDGoD/3UQiTDoGjT//4PEJDvHiUUIdQe44EBGAOsPg/gCuNhARgB0Bbhv
10UAUP91FGjAQEYA6OfU//+L+Ff/diDodSwDAFfoNc////91CIt9HP91EFf/dRj/dRToz+T//1CJ
RQjoOZr//4PEMDvDiUUMdBH/dQjoz9cDAItFDFnp6QAAADldGH0Hx0UYAQIAAP91EFb/dST/dSBT
agH/dRj/N/91COjY9v//iUYEiwhQ/1Ecg8QoO8MPha8AAABqCf91EOhiNP//OBhZWYlFCHQi/zfo
qM7///91COgU0v//ajpQiQfomcv//4PEEDvDdAKIGP91EOj5BAAAi/g7+1l0D1foJ/z//1focs7/
/1nrWf92IOiE0P//M/+JRihHiTjHBCQoQUYA6MfR//9Zi04oV2gUQUYAiUEE6LXR//9ZUP92KOiE
0P//U1P/dijos2ADAIPEGIXAfBGLRiiLQBiLAP9wCOjF+///WTPAX15bXcNVi+xWi3UIi0YUVzP/
OX0UiUUID4WtAAAAU2o7/3UQ6JAy//+LXQxTVolFFOgCEAMAU1boTQsDAIPEGDPAQIvP0+CFRQh0
GP80/UBBRgD/NP08QUYAU1boBQwDAIPEEEeD/wVy1jPAM/8z0kKLz9Pii00IhdF0DYtNFDsM/UBB
RgB0CUBHg/8Fct/rC1BTVujGDQMAg8QMg/8FdRBqAFNW6LUNAwCDxAyDZRQAU1borw8DAP91FGo7
/3UQ6Ek2//+DxBRb6zSDfRQDdS7/dQxW6IUMAwA7x1lZfQQzwOsNUP91DFboFQwDAIPEDFBqO/91
EOgSNv//g8QMX15dw1WL7FaLdQiLRhRXM/85fRSJRQgPha0AAABTajz/dRDokjH//4tdDFNWiUUU
6AQPAwBTVuhPCgMAg8QYM8BAi8/T4IVFCHQY/zT9aEFGAP80/WRBRgBTVugHCwMAg8QQR4P/BHLW
M8Az/zPSQovP0+KLTQiF0XQNi00UOwz9aEFGAHQJQEeD/wRy3+sLUFNW6MgMAwCDxAyD/wR1EGoA
U1botwwDAIPEDINlFABTVuixDgMA/3UUajz/dRDoSzX//4PEFFvrNIN9FAN1Lv91DFbohwsDADvH
WVl9BDPA6w1Q/3UMVugXCwMAg8QMUGo8/3UQ6BQ1//+DxAxfXl3DVYvsUzPbOV0MVlcPhbIAAABo
bBRGAGhgFEYAaJwURgD/dQjoj4///4v4g8QQOV8QD46NAAAAi0cYizSYgz4CdXiBfhBGMUAAdW//
RiSLRiT/RiBqBFD/dijoScv//2hwQ0YAiUYo6BvP//+LTiSLViiJRIr8agT/diT/djDoJcv//2oE
iUYw6IWN//+LTiSLVjCJRIr8i0Ysg8QghcB0GWoB/3YkUOj8yv//i04kiUYsg8QMxkQB/3JDO18Q
D4xz////aEhDRgC/NENGAFf/dQjoRo7//4PEDIN9DABqKL4ELkAAW3VKaBxDRgBoFENGAFf/dQjo
vY7//2oBiUUM6A2N//+DxBRQajfoAo3//1lQVmj0QkYA6PWM//9ZUFNqbGjYQkYA/3UM6N+Q//+D
xCBovEJGAGi0QkYAV/91COhzjv//av+L+OjEjP//g8QUUGo46LmM//9ZUFZokEJGAOisjP//WVBT
anNogEJGAFfomJD//2r/6JWM//+DxCRQajnoioz//1lQVmhYQkYA6H2M//9ZUFNqYmhMQkYAV+hp
kP//av7oZoz//4PEJFBqOuhbjP//WVBWaCRCRgDoToz//1lQU2p0aBhCRgBX6DqQ////dRDoNoz/
/4PEJFBoZe9AAGj0QUYA6COM//9ZUFNqcGjsQUYAV+gskv///3UU6AuM//+DxCBQaGPwQABozEFG
AOj4i///WVBTamZovEFGAFfoAZL//4PEHF9eW13Dgz1AoEcAAFa+QKBHAHQc/3QkCIsG/3BA6KEu
BACFwFlZdAyDxgSDPgB15DPAXsOLBl7DoUCgRwC5QKBHAOsOi0BEO0QkBHQKg8EEiwGFwHXuw4sB
w2oy/3QkCOgrL///gDgAWVl0CFDo6Mz//1nDajP/dCQI6A0u//+FwFlZdAXpAcEDADPAw1WL7P91
DP91COjr/AMAhcBZWXUf/3UM6CYYAwCFwFl1EjlFEHQL/3UQ6J/M//9ZXcMzwF3DVYvsVv91EP91
DP91COi5////i/BW/3UY/3UU6Ngy//9W6P7I//+DxBxeXcNVi+xW/3UM/3UI6GT9AwCL8IX2WVl1
C/91DOhpFwMAWYvwVv91FP91EOh2NP//VuhGvwMAg8QQXl3DVYvsVv91DP91COh//gMAi/CF9llZ
dQv/dQzoYRcDAFmL8Fb/dRT/dRDozTP//1boDL8DAIPEEF5dw/90JAz/dCQM6IMXAwBQ/3QkFP90
JBTooPwDAIPEFMNVi+z/dRD/dQz/dQjo0P///1D/dRj/dRToQzH//4PEGF3DVYvsU1Yz9lb/dRT/
dRDolC///4PEDOsbUP91FP91EOjeMv//Vv91FP91EOh3L///g8QYO8Z14Vb/dQz/dQjop/7//4vY
g8QMO951BzPA6bMAAACAOwBXi/sPhJwAAACLyzP26yE8LHQnD77AR4P4PXUCM8CD+Fx1BA++B0eI
AUGFwHUCi/GKB4TAddk8LHUBR4X2dQKL8YF9FJYAAADGAQB1P2pEU+ilKgQAhcBZWXQxU+gAy///
i/BqRFbojyoEAGgk10UAVmiWAAAA/3UQxgBM6K8x//9W6GbH//+DxCDrEFZT/3UU/3UQ6Jcx//+D
xBCAPwAPhWT///9T6ELH//9ZM8BAX15bXcNVi+yD7AxTVleNRfxQM9tT/3UUM/b/dRBG6O4t//+D
xBDrL/91/Og7KQQAV4lF9OgyKQQAi030A8iNRfxQ/3X8jXROAv91FP91EOi9Lf//g8QYi/g7+3XL
agFW6A/G//+L8I1F/FBT/3UUiXX0/3UQ6Jct//+DxBjpyQAAAIF9FJYAAAB1OWgk10UAV+iFKwQA
hcBZWXUoi0X8UIlF+L9v10UA6AXK//9qTFCJRfzokykEAIPEDDvDdAjGAETrA4ld+Dt19HQExgYs
RotF/OsbigiA+T10CoD5LHQFgPlcdQTGBlxGigiIDkZAOBh14TldGHQpxgY9Rjgfi8d0H4oIgPk9
dAqA+Sx0BYD5XHUExgZcRooIiA5GQDgYdeE5Xfh0D/91/OjFSQQAi0X4WYlF/I1F/FD/dfz/dRT/
dRDoySz//4PEEIv4O/sPhS3/////dfSIHv91DP91COiv+AMA/3X06NHF//+DxBBfXlvJwzPAOUQk
BFZ+FY1KBIsxO3QkDHQOQIPBEDtEJAh87jPAXsPB4ASLBBBew1WL7IPsEINl9ABTVlf/dRD/dQz/
dQjoK/z//4vwg8QMg2X8AIl1+IA+AA+EhwAAAIA+LHUGRoA+AHX1gD4AdHeJdfCAPix0BkaAPgB1
9YA+AHQExgYARjP/OX0YfhyLXRT/dfD/M+gRKgQAhcBZWXQ6R4PDEDt9GHzng8//g///dKUzwECL
z9PghUX0dZkJRfRX/3X8/3Ug/3Uc6GMu//+DxBD/RfzpfP///4tFFMHnBIt8BwTrxv91+OjgxP//
Wen3AAAAhcAPju8AAACLTfyLdRRJiU34g8YIiUXwg378IHwXaFoBAABowElGAGisSUYA6A0qBACD
xAyLTvyLRfQz0kLT4oXQD4WjAAAAiw6D+f8PhLUAAAAz0kLT4oXQD4SLAAAAM/+Dffj/fh5X/3Ug
/3Uc6Isp//+DxAw7BnQGRzt9/HznO338fBdobgEAAGjASUYAaKRJRgDopSkEAIPEDIN+BACL33wD
jV8Bi334O/t8JFf/dSD/dRzoRCn//1CNRwFQ/3Ug/3Uc6HMt//+DxBxPO/t93P92/FP/dSD/dRzo
XC3//4PEEP9F/P9F+IPGEP9N8A+FIf///4tFGDlF/A+M/f7//19eW8nDM9s5XgR9mYtd/OuUVYvs
UVFTVzP/M9uF9n41V/91GP91FOjQKP//i1UQUFbo2P3//4PEFIXAdBNQ6MElBABZM8mF2w+fwQPL
jRwBRzv+fMuNQwFqAVDorcL//4Nl/ACF9lmL+FmJffh+SP91/P91GP91FOh/KP//i1UQUFboh/3/
/4PEFIXAdCE7ffi57ElGAHcFuW/XRQBQUWjkSUYAV+iiMAQAg8QQA/j/Rfw5dfx8uIvHK0X4O8N0
F2icAQAAaMBJRgBo0ElGAOhoKAQAg8QM/3X4xgcA/3UM/3UI6MX1AwD/dfjo58L//4PEEF9bycNV
i+yB7DwBAABTi10IVlcz9kZWaJBTRgBT6MH1AwCLfQxqAFfoYSj//1BohFNGAFPogfUDAGpyV+ig
Kv//UGh4U0YAU+iX+AMAanNX6DUn//9QaHBTRgBT6IL1AwCDxEhqdFfoHif//1BoYFNGAFPoa/UD
AGp1V+gKJ///UGhUU0YAU+hX9QMAanZX6PYm//9QaEBTRgBT6EP1AwBqd1fo4ib//4PERFBoMFNG
AFPoLPUDAGoCV8dF+KAXRgDoxCb//1Doavj//4PEGIXAdAWLQEDrA4tF+FBoJFNGAFPo0/QDAFZX
6Jwm//9QaBhTRgBT6On0AwBqBFfoiCb//0BAagNZmff5UmgMU0YAU+jN9AMAagVX6Gwm///32BvA
99hQaABTRgBT6LP0AwCDxEhqBlfoTyb//2o8WZn3+VBo8FJGAFPolvQDAGoGV+g1Jv//ajxZmff5
UmjcUkYAU+h89AMAagdX6Bsm//9QaNBSRgBT6Gj0AwBqCFfoByb//4PERFBowFJGAFPoUfQDAGou
V+j0Jv//UGiwUkYAU+gU9AMAai9X6OAm//9QaKBSRgBT6AD0AwBWajBXaJBSRgBT6OL5//+DxEhq
A1fotiX//1BogFJGAFPoA/QDAGoKV+imJv//UGhsUkYAU+jG8wMAagtX6I4l//9AQGoDWZn3+VJo
YFJGAFPo0/MDAGoMV+hyJf//g8REUGhQUkYAU+i88wMAag1X6Fsl//9QaERSRgBT6KjzAwBqDlfo
Syb//1BoOFJGAFPoa/MDAGoPV+gzJf//UGgsUkYAU+iA8wMAg8RIahBX6CAm//9QaBxSRgBT6EDz
AwBqEVfoDCb//1BoDFJGAFPoLPMDAGoSV+j4Jf//UGj4UUYAU+gY8wMAVmoxV2jsUUYAU+j6+P//
g8RQajJX6NIl//9QaOBRRgBT6PLyAwBqM1fouiT//1BoyFFGAFPoB/MDAGo0V+iqJf//UGi4UUYA
U+jK8gMAahVX6JIk//+DxERQaLBRRgBT6NzyAwBqFlfoeyT//1BopFFGAFPoyPIDAGoaV+hnJP//
UGiYUUYAU+i08gMAahtX6FMk//9QaIxRRgBT6KDyAwCDxEhqJlfoPCT//1BogFFGAFPoifIDAGoc
V+goJP//UGhwUUYAU+h18gMAah1XaHhDRgBoaFFGAFNqBl7omvv//2oXV2jYQ0YAaGRRRgBTagVe
6IT7//+DxFBqGFfo5SP//1BoWFFGAFPoMvIDAGoZV+jVJP//UGhMUUYAU+j18QMAaiFX6L0j//9Q
aEBRRgBT6AryAwBqIlfoqSP//4PERFBoNFFGAFPo8/EDAGojV+iSI///UGgsUUYAU+jf8QMAaiRX
6H4j//9QaCRRRgBT6MvxAwBqJVfoaiP//1BoGFFGAFPot/EDAIs1HDNHAIPESGonV2gsM0cAaBBR
RgBT6Nb6//9qKFfokSb//1BoBFFGAFPoiPQDAGorV+gmI///UGj4UEYAU+hz8QMAah9X6BIj//+D
xERQaPBQRgBT6FzxAwBqCVfo/yP//1Bo6FBGAFPoH/EDAGogV+jnIv//UGjgUEYAU+g08QMAah5X
6Com//9QaNBQRgBT6CH0AwCDxEhqE1fowCP//1BowFBGAFPo4PADAGo1V+ioIv//UGi0UEYAU+j1
8AMAajZX6JQi//9QaKRQRgBT6OHwAwBqPVfogCL//4PERFBokFBGAFPoyvADAGo+V+hpIv//UGiE
UEYAU+i28AMAaj9X6FUi//9QaHBQRgBT6KLwAwBqQVfoQSL//1BoXFBGAFPojvADAIPESGpAV+gq
Iv//UGhEUEYAU+h38AMAakJX6BYi//9QaDBQRgBT6GPwAwBqQ1foAiL//1BoIFBGAFPoT/ADAGpE
V+juIf//g8REUGgUUEYAU+g48AMAakVX6Nch//9QaABQRgBT6CTwAwBqSFfowyH//1Bo7E9GAFPo
EPADAGpGV+ivIf//UGjcT0YAU+j87wMAg8RIakdX6Jgh//9QaMxPRgBT6OXvAwBqSVfohCH//1Bo
tE9GAFPo0e8DAGpKV+hwIf//UGigT0YAU+i97wMAaktX6Fwh//+DxERQaJBPRgBT6KbvAwBqTlfo
RSH//1BoiE9GAFPoku8DAGpPV+gxIf//UGh8T0YAU+h+7wMAalBX6B0h//9QaHRPRgBT6GrvAwCD
xEhqWFfoBiH//1BoaE9GAFPoU+8DAGpZV+jyIP//UGhcT0YAU+g/7wMAakxX6N4g//9QaFBPRgBT
6CvvAwBqTVfoyiD//4PERFBoRE9GAFPoFO8DAGpRV+izIP//UGg4T0YAU+gA7wMAalJX6J8g//9Q
aCxPRgBT6OzuAwBqe1fojyH//1BoIE9GAFPor+4DAIPESGpTV+h0IP//UGgUT0YAU+jB7gMAalRX
6GAg//9QaPxORgBT6K3uAwBqeFfoTCD//1Bo7E5GAFPome4DAGp5V+g4IP//g8REUGjgTkYAU+iC
7gMAanpX6CEg//9QaNBORgBT6G7uAwBqX1foDSD//1BoyE5GAFPoWu4DAGpgV+j5H///UGi8TkYA
U+hG7gMAg8RIamFX6OIf//9QaLRORgBT6C/uAwBqYlfozh///1BorE5GAFPoG+4DAGpnV+gRI///
UGicTkYAU+gI8QMAamNX6KYf//+DxERQaIxORgBT6PDtAwBqZFfojx///1BofE5GAFPo3O0DAGpl
V+h7H///UGhsTkYAU+jI7QMAamZX6Gcf//9QaFxORgBT6LTtAwCDxEhqW1foUB///1BoTE5GAFPo
ne0DAGpcV+g8H///UGg8TkYAU+iJ7QMAal1X6Cgf//9QaCxORgBT6HXtAwBqXlfoFB///4PERFBo
IE5GAFPoXu0DAGixAAAAV+j6Hv//UGgUTkYAU+hH7QMAan1X6OYe//9QaPxNRgBT6DPtAwBqflfo
0h7//1Bo8E1GAFPoH+0DAIPESGptV+i7Hv//UGjgTUYAU+gI7QMAalpX6Ksf//9QaNRNRgBT6Mvs
AwBqblfokx7//1BoyE1GAFPo4OwDAGpvV+h/Hv//g8REUGi8TUYAU+jJ7AMAanBX6D4i//9QaLRN
RgBT6ADvAwBqcVfoVB7//1BoqE1GAFPooewDAGiLAAAAV+g9Hv//UGicTUYAU+iK7AMAg8RIaIEA
AABX6CMe//9QaIhNRgBT6HDsAwBoggAAAFfoDB7//1BofE1GAFPoWewDAGp/V+j4Hf//UGhwTUYA
U+hF7AMAaIAAAABX6OEd//+DxERQaGBNRgBT6CvsAwBogwAAAFfoxx3//0hQaFBNRgBT6BPsAwCD
xCCDZfgAx0X8AQAAAL6EAAAA/3X4jUXkaERNRgBQ6GUmBACLRfxAUFZX6Ake//+DxBhQ/3X8Vlfo
+x3//4PEDFCLRfxIUFZX6Osd//+DxAxQjUXEaDhNRgBQ6CkmBACNRcRQjUXkUFPofOsDAINF/AOD
xCD/RfiDffxDfJVohwAAAFfoMR3//1BoME1GAFPofusDAGiIAAAAV+gaHf//UGgkTUYAU+hn6wMA
aIUAAABX6AMd//9QaBRNRgBT6FDrAwBohgAAAFfo7Bz//4PERFBoCE1GAFPoNusDAGiJAAAAV+jS
HP//UGj4TEYAU+gf6wMAg8QgM/ZWjUXkaOxMRgBQ6IElBACNRiCDxAw78MaFxP7//wCJRfx9UoC9
xP7//wDHRfjsSUYAdQfHRfhv10UAVmiKAAAAV+j6HP//g8QMUP91+I2FxP7//2jkTEYAUOjqGQQA
WY2EBcT+//9Q6CQlBACDxBBGO3X8fK6NhcT+//9QjUXkUFPoa+oDAIt1/IPEDIH+AAEAAA+MaP//
/2iMAAAAV+giHf//UGjUTEYAU+hC6gMAaI0AAABX6Acc//9QaMRMRgBT6FTqAwBojgAAAFfo8Bv/
/1BotExGAFPoPeoDAGp8V+jgHP//g8REUGisTEYAU+j96QMAaI8AAABX6MIb//9QaKBMRgBT6A/q
AwBqaFforhv//1BolExGAFPo++kDAGppV+iaG///UGiATEYAU+jn6QMAg8RIalVX6IMb//9QaHRM
RgBT6NDpAwBqVlfobxv//1BoZExGAFPovOkDAGpXV+hbG///UGhQTEYAU+io6QMAampX6Ecb//+D
xERQaERMRgBT6JHpAwBqa1foMBv//1BoQExGAFPofekDAGpsV+gcG///UGg0TEYAU+hp6QMAaJAA
AABX6AUb//9QaChMRgBT6FLpAwCDxEhokQAAAFfo7xv//1BoHExGAFPoD+kDAGiSAAAAV+jUGv//
UGgQTEYAU+gh6QMAaJMAAABX6BQe//9QaARMRgBT6AvsAwBolAAAAFfophr//4PERFBo8EtGAFPo
8OgDAGiVAAAAV+iMGv//UGjcS0YAU+jZ6AMAagFolgAAAFdozEtGAFPoju7//2iXAAAAV+hiGv//
agJei84ryFFowEtGAFPoqOgDAIPESGiYAAAAV+hBGv//i84ryFFotEtGAFPoiugDAGiZAAAAV+gm
Gv//i84ryFForEtGAFPob+gDAGigAAAAV+gLGv//i84ryFFooEtGAFPoVOgDAGiaAAAAV+jwGf//
g8REi84ryFFolEtGAFPoNugDAGibAAAAV+jSGf//i84ryFFohEtGAFPoG+gDAGicAAAAV+i3Gf//
i84ryFFoeEtGAFPoAOgDAGidAAAAV+icGf//i84ryFFoaEtGAFPo5ecDAIPESGieAAAAV+h+Gf//
i84ryFFoXEtGAFPox+cDAGifAAAAV+hjGf//i84ryFFoUEtGAFPorOcDAGihAAAAV+hIGf//i84r
yFFoREtGAFPokecDAGiiAAAAV+gtGf//g8REi84ryFFoOEtGAFPoc+cDAGijAAAAV+gPGf//K/BW
aCxLRgBT6FrnAwBoqQAAAFfo9hj//1BoIEtGAFPoQ+cDAGiqAAAAV+jfGP//UGgUS0YAU+gs5wMA
g8RIaKsAAABX6MUY//9QaARLRgBT6BLnAwBorQAAAFfohBz//1Bo+EpGAFPoRukDAGiuAAAAV+ht
HP//UGjsSkYAU+gv6QMAaK8AAABX6FYc//+DxERQaNxKRgBT6BXpAwBorAAAAFfoZhj//1Bo0EpG
AFPos+YDAGiwAAAAV+hPGP//UGi8SkYAU+ic5gMAajdX6D8Z//9QaLBKRgBT6F/mAwCDxEhqOFfo
JBj//1BopEpGAFPoceYDAGo5V+gQGP//UGiUSkYAU+hd5gMAajpX6PwX//9QaIBKRgBT6EnmAwBq
O1fo6Bf//4PERFBocEpGAFPoMuYDAGo8V+jRF///UGhcSkYAU+ge5gMAaLIAAABX6L4Y//9QaFBK
RgBT6N7lAwBopQAAAFfooxf//1BoPEpGAFPo8OUDAIPESGimAAAAV+iJF///UGggSkYAU+jW5QMA
aKcAAABX6HIX//9QaARKRgBT6L/lAwBqAGioAAAAV2jwSUYAU+h06///g8Q8X15bycOD7CxTVVaL
dCRAVzPbU2opVuiKG///vW/XRQBVahNW6FUc//9VahRW6Ewc//9VaixW6EMc//+LfCRwU1ZVaIRT
RgBX6Dnp//+DxERqclZoeFNGAFfojun//2pzVlNocFNGAFfo2On//2p0Vmr/aGBTRgBX6Mjp//9q
dVZqAWhUU0YAV+i46f//g8RManZWagFoQFNGAFfopen//2p3VlNoMFNGAFfolun//2iIVEYAaCRT
RgBX6JLo////NTTlRwCJRCRQagJW6NQa//+DxED/NUDlRwBqAVbowxr///90JCTo3uf//4PEEDvD
dCL/cERqAlboqBr//2oBVv81QOVHAGgYU0YAV+g06f//g8Qg/3QkGOiNsf//agNWU2iAUkYAV+gZ
6f//agFoDFNGAFfo7ej//0BqA1mZ9/lSagRW6Fwa//9qBVZqAWgAU0YAV+js6P//g8REU2jwUkYA
V+i+6P//U2jcUkYAV4lEJDDoruj//4tMJDBryTwDyFFqBlboGxr//2oHVmoBaNBSRgBX6Kvo//9q
CFZTaMBSRgBX6Jzo//+DxExqLlZogFRGAGiwUkYAV+jH5///ai9WaHRURgBooFJGAFfotOf//2ow
VmiQUkYAV+iH6P//g8Q4hcB1MaEoREYAO8N0KMdEJBQoREYAaHBURgBQajBW6Oca//+DRCQkBItE
JCSLAIPEEDvDdeBqClZVaGxSRgBX6F/n//9qAWhgUkYAV+jy5///QGoDWZn3+VJqC1boYRn//2oM
VlNoUFJGAFfo8uf//4PEQGoNVmr/aERSRgBX6N/n//9qDVbo4hT//4PEHIP4/3VTU2hkVEYAV+ik
5///g8QMO8N1A1PrMoP4AXUEagPrKYP4A3UEagTrIIP4BGoFdBloUFRGAFfoduf//4PEDIP4BXUE
agLrAmoBag1W6N8Y//+DxAxqDlZoSFRGAGg4UkYAV+iq5v//ag9WalBoLFJGAFfoWef//2oQVlVo
HFJGAFfoi+b//2oRVlVoDFJGAFfofOb//4PEUGoSVmgwVEYAaPhRRgBX6Gbm//9qMVZo7FFGAFfo
Oef//2oyVlVo4FFGAFfoSeb//2ozVlNoyFFGAFfo+eb//4PETGo0VlVouFFGAFfoKOb//2oVVlNo
sFFGAFfo2Ob//2oWVlNopFFGAFfoyeb//2oaVmoBaJhRRgBX6Lnm//+DxFBqG1ZTaIxRRgBX6Kfm
//9qHFZTaHBRRgBX6Jjm//9qJlZTaIBRRgBX6Inm//9qHVZqBmh4Q0YAaCxURgBoaFFGAFfoNen/
/4PEWFNoIFRGAFfoQeb//4PEDGoCWSvIuOxTRgB0Bbi4U0YAahdWagVo2ENGAFBoZFFGAFfo/Oj/
/2oYVmo8aFhRRgBX6Cbm//9qGVZotFNGAGhMUUYAV+hU5f//g8REah9WagNo8FBGAFfoAOb//2oJ
VlVo6FBGAFfoMuX//2ogVlNo4FBGAFfo4uX//2ohVlNoQFFGAFfo0+X//4PEUGoiVmoBaDRRRgBX
6MDl//9qI1ZTaCxRRgBX6LHl//9qJFZqAWgkUUYAV+ih5f//aiVWagFoGFFGAFfokeX//4PEUGon
Vv81HDNHAGgsM0cAaCxURgBoEFFGAFfoNuj//2ooVmgEUUYAV+gJ5f//aitWU2j4UEYAV+hT5f//
g8RAah5WaNBQRgBX6Onk//9qE1ZVaMBQRgBX6HTk//9qNVZTaLRQRgBX6CTl//9qNlZTaKRQRgBX
6BXl//+DxExqPVZqAWiQUEYAV+gC5f//aj5WU2iEUEYAV+jz5P//aj9WU2hwUEYAV+jk5P//akFW
U2hcUEYAV+jV5P//g8RQakBWU2hEUEYAV+jD5P//akJWU2gwUEYAV+i05P//akNWU2ggUEYAV+il
5P//akRWU2gUUEYAV+iW5P//g8RQakVWU2gAUEYAV+iE5P//agFopFNGAFfoWOT//zPJO8MPlMFq
SFZBUWjsT0YAV+hg5P//akZWU2jcT0YAV+hR5P//g8RIakdWU2jMT0YAV+g/5P//aklWU2i0T0YA
V+gw5P//akpWU2igT0YAV+gh5P//aktWU2iQT0YAV+gS5P//g8RQak5WagFoiE9GAFfo/+P//2pP
VlNofE9GAFfo8OP//2pQVlNodE9GAFfo4eP//2pYVlNoaE9GAFfo0uP//4PEUGpZVmoBaFxPRgBX
6L/j//9qTFZTaFBPRgBX6LDj//9qTVZqAWhET0YAV+ig4///alFWagJoOE9GAFfokOP//4PEUGpS
VmoCaCxPRgBX6H3j//9qe1ZoGNVFAGggT0YAV+ir4v//alNWU2gUT0YAV+hb4///alRWU2j8TkYA
V+hM4///g8RQanhWU2jsTkYAV+g64///anlWU2jgTkYAV+gr4///anpWagFo0E5GAFfoG+P//2pf
VlNoyE5GAFfoDOP//4PEUGpgVlNovE5GAFfo+uL//2phVmoBaLRORgBX6Ori//9qYlZTaKxORgBX
6Nvi//9qZ1ZonE5GAFfodOL//4PETGpjVmoBaIxORgBX6Lri//9qZFZqBWh8TkYAV+iq4v//aNAH
AABobE5GAFfoe+L//1BqZVbo8RP//4PEQGiIEwAAaFxORgBX6F/i//9QamZW6NUT//9qW1Zo0AcA
AGhMTkYAV+hi4v//alxWU2g8TkYAV+hT4v//g8RAal1WagFoLE5GAFfoQOL//2peVlNoIE5GAFfo
MeL//2ixAAAAVlNoFE5GAFfoH+L//2p9VlNo/E1GAFfoEOL//4PEUGp+VlNo8E1GAFfo/uH//2pt
VmoBaOBNRgBX6O7h//9qWlZVaNRNRgBX6CDh//9qblZqUGjITUYAV+jP4f//g8RQam9WahhovE1G
AFfovOH//2pwVmi0TUYAV+gb4f//anFWU2ioTUYAV+if4f//aIsAAABWagRonE1GAFfojOH//4PE
TGiBAAAAVlNoiE1GAFfod+H//2iCAAAAVlNofE1GAFfoZeH//2p/VmoBaHBNRgBX6FXh//9ogAAA
AFZqAWhgTUYAV+hC4f//g8RQagFoUE1GAFfoE+H//0BQaIMAAABW6IUS//+DxBiJXCQQx0QkFAIA
AAD/dCQQjUQkLGhETUYAUOjdFgQAi0QkHP80hQBFRgCNRCQ4UFfo+d///41MJDhRjUwkOFGNTCQ4
UWg4TUYAUIlEJFDodC4EAIPELIP4A3VC/3QkGItEJBiDwP5QaIQAAABW6HkS////dCQsi0QkKEhQ
aIQAAABW6GQS////dCRA/3QkOGiEAAAAVuhREv//g8Qw/3QkJOjhqP///0QkFINEJBgDg3wkFBZZ
D4xR////aIcAAABWU2gwTUYAV+hV4P//aIgAAABWU2gkTUYAV+hD4P//aIUAAABWU2gUTUYAV+gx
4P//aIYAAABWU2gITUYAV+gf4P//g8RQaIkAAABWagFo+ExGAFfoCeD//4PEFIlcJBD/dCQQjUQk
LGjsTEYAUOjJFQQAi0QkHGogWZn3+f80hVhFRgCNRCQ4UFfo397//4tMJCiNUSCDxBg7yolEJCSJ
RCQYiUwkFIlUJBB9S+sEi0QkGIvI6wqAOCx0DkCJRCQYOBh18oA4LHUHiBhAiUQkGFHowAwEAFD/
dCQcaIoAAABW6EQR//+DxBT/RCQUi0QkFDtEJBB8t/90JCToxqf//4tEJBQ9AAEAAFmJRCQQD4xL
////aIwAAABWVWjUTEYAV+h83v//aI0AAABWU2jETEYAV+gp3///aI4AAABWagFotExGAFfoFt//
/2p8VlVorExGAFfoSN7//4PEUGiPAAAAVlNooExGAFfo8t7//2poVmoBaJRMRgBX6OLe//9qaVZT
aIBMRgBX6NPe//9qVVZTaHRMRgBX6MTe//+DxFBqVlZqAWhkTEYAV+ix3v//aldWagFoUExGAFfo
od7//2pqVlNoRExGAFfokt7//2prVmoBaEBMRgBX6ILe//+DxFBqbFZTaDRMRgBX6HDe//9okAAA
AFZTaChMRgBX6F7e//9okQAAAFZVaBxMRgBX6I3d//9okgAAAFZqAWgQTEYAV+g53v//g8RQaJMA
AABWaARMRgBX6Mzd//9olAAAAFZTaPBLRgBX6BPe//9olQAAAFZTaNxLRgBX6AHe//9olgAAAFZo
zEtGAFfoEt7//4PESFNowEtGAFfowt3//2oCWSvIUWiXAAAAVugwD///U2i0S0YAV+il3f//agJZ
K8hRaJgAAABW6BMP//9TaKxLRgBX6Ijd//9qAlkryFFomQAAAFbo9g7//4PESFNooEtGAFfoaN3/
/2oCWSvIUWigAAAAVujWDv//U2iUS0YAV+hL3f//agJZK8hRaJoAAABWiUwkVOi1Dv//g8Qwg3wk
JAJ1I1NomFNGAFfoIN3//4PEDIP4AXUPU2iaAAAAVuiLDv//g8QMU2iES0YAV+j93P//agJZK8hR
aJsAAABW6GsO//9TaHhLRgBX6ODc//9qAlkryFFonAAAAFboTg7//1NoaEtGAFfow9z//2oCWSvI
UWidAAAAVugxDv//g8RIU2hcS0YAV+ij3P//agJZK8hRaJ4AAABW6BEO//9TaFBLRgBX6Ibc//9q
AlkryFFonwAAAFbo9A3//1NoREtGAFfoadz//2oCWSvIUWihAAAAVujXDf//g8RIU2g4S0YAV+hJ
3P//agJZK8hRaKIAAABW6LcN//9TaCxLRgBX6Czc//9qAlkryFFoowAAAFbomg3//1NopAAAAFbo
jg3//2ipAAAAVmoBaCBLRgBX6Bvc//+DxFBoqgAAAFZqAWgUS0YAV+gF3P//aKsAAABWU2gES0YA
V+jz2///aKwAAABWU2jQSkYAV+jh2///aK0AAABWaPhKRgBX6D3b//+DxExorgAAAFZo7EpGAFfo
Kdv//2ivAAAAVmjcSkYAV+gY2///aLAAAABWagFovEpGAFfomNv//2o3VlVosEpGAFfoytr//4PE
SGo4VmiAJQAAaKRKRgBX6HPb//9qOVZqCGiUSkYAV+hj2///ajpWagJogEpGAFfoU9v//2o7VlNo
cEpGAFfoRNv//4PEUGo8VmoBaFxKRgBX6DHb//9osgAAAFZVaFBKRgBX6GDa//9opQAAAFZTaDxK
RgBX6A3b//9opgAAAFZqAWggSkYAV+j62v//g8RQaKcAAABWagFoBEpGAFfo5Nr//2ioAAAAVmjw
SUYAV+j12v//g8QkX15dW4PELMOLRCQEU4sYi0QkDFZXizi++NxFAFZT6O8HBACFwFlZdQWDyP/r
GVZX6N0HBACFwFlZdQNA6wlXU+jNBwQAWVlfXlvDVYvsgewACAAAVot1CFcz/zl9DA+EJwEAAFMz
24l+COhO2QMAhcCJRQx0dWgACAAAjYUA+P//UP91DOht2QMAg8QMhcB0UY2FAPj//1DoxQQEAEAD
xzvYWX0XjZgACAAAagFT/3YI6BSi//+DxAyJRgiNhQD4//9Qi0YIA8dQ6GQhBACLRggDx1DoiQQE
AIPEDI18BwHrlP91DOhf2QMAWTPbQ1ONRwFQ/3YI6M+h//+JRgjGBDgAi34IiR6DxAy7+NxFAOsY
U1fo+gYEAIXAWVl0Bf8G6wFHgD8AdfpHgD8AdeOLBkBqBFDoMqH//1mJRgSJGIt+CFnHRQwBAAAA
6yJTV+i/BgQAhcBZWXQPi00Mi0YE/0UMiTyI6wFHgD8AdfpHgD8AddloRhpBAGoE/3UM/3YE6J0n
BACDxBBb6xr/dgjooqH///92BOiaof//g2YIAINmBABZWV9eycNVi+xRVo1F/FD/dQjomNMDAIvw
hfZZWXUFi0X86xT/dQxW6IXe//9W6HbXAwCDxAwzwF7Jw1b/dCQI6G3UAwD/dCQQi/BW6Jzu//9W
6FLXAwD/dCQc6D+h//+DxBSFwF50Cv90JAToY5QDAFnD6cP///9Vi+yD7FCLRQxISFZXD4RzAQAA
g+gKD4QKAQAAg+gDdB6D6AV0EYPocA+FagEAAIPI/+l0AQAAM8BA6WwBAABTi10IjUWwUFP/FUDT
RQD/NTi0RwCLNZTQRQCL+Ff/1moH/xWQ0EUAUFf/1v81NLRHAP8VjNBFAFBXiUUQ/9aJRQyNRfBQ
U/8VPNNFAP91/P91+P919P918Ff/FYjQRQBT/xU400UAiUUUQGoBUOien///WYlFCItFFFlAUP91
CFP/FTTTRQD/NTy0RwBX/xWE0EUA/zU0tEcAV/8VgNBFAP91FItF9P91CIPAA1CLRfCDwANQV/8V
fNBFAP91COgXoP//Wf91DFf/1v91EP8VeNBFAI1FsFBT/xUw00UAM8Bb6YUAAAAz9lb/FXTQRQD/
NTi0RwCL+Ff/FZTQRQCNRfhQ/3UU6P0BBABZUP91FFf/FXDQRQCLRfxqFoPABlCLRfiDwAZQVlZW
/3UI/xUs00UAVlb/dQj/FSjTRQBX/xVs0EUA6xP/NTi0RwD/FXjQRQCDJTi0RwAA/3UU/3UQ/3UM
/3UI/xUk00UAX17JwhAAVYvsgey0AQAAVzP/OT1ItEcAD4RoAQAAOT1EtEcAVg+FnwAAAGY5PUC0
RwB1P6F45UcAiUXgjUXQUMdF0AMAAADHRdRZHEEAiX3YiX3ciX3kiX3oiX3siX3wx0X0mFRGAP8V
nNRFAGajQLRHAIs1oNRFAGoY/9ZqF6M0tEcA/9a+VAEAAFajPLRHAI2FTP7//1dQ6G4NBACDxAxX
jYVM/v//UFZqKYm1TP7///8VpNRFAI2FKP///1D/FZjQRQCjOLRHAP91EI1FoP91DGiQVEYAUOgG
DAQAoUS0RwCDxBA7xw+FjAAAAFf/FXTQRQCL8I1F+FCNRaBQ6JgABABZUI1FoFBW/xVw0EUAVv8V
bNBFAI1FwFD/dQj/FajURQCLVcBqEFk70X0Ci9GLRcQrRfw7wX0Ci8FX/zV45UcAV1f/dfz/dfhQ
UmgAAACAjUWgUA+3BUC0RwBQaIgAAAD/FazURQBqBFCjRLRHAP8VsNRFAOsLjU2gUVD/FUTTRQBe
X8nDoUS0RwCFwFaLdCQIdBGF9nUNUP8VmNRFACE1RLRHAIk1SLRHAF7DVYvsUYA+AHQeg2X8AI1F
/FBW6JGZ//+DffwAWVkPvsB1Cg++BsnDuP8AAADJw2hQW0YAVuiwrAQAhcBZWQ+EiAAAAGhMW0YA
VuibrAQAhcBZWXR3aERbRgBW6IqsBACFwFlZdGZoQFtGAFboeawEAIXAWVl0VWg8W0YAVuhorAQA
hcBZWXRBaDhbRgBW6FesBACFwFlZdDBoMFtGAFboRqwEAIXAWVl0H2gsW0YAVug1rAQAhcBZWXQO
VujPAQQA99gbwFn32MMzwMMzwEDDg/gBdQa4UF9GAMOD+AJ1Brg4X0YAw4P4A3UGuCBfRgDDg/gE
dQa4EF9GAMOD+AZ1Brj8XkYAw4P4B3UGuNxeRgDDg/gIdQa4wF5GAMOD+Al1BrioXkYAw4P4CnUG
uJBeRgDDg/gLdQa4eF5GAMOD+Ax1BrhgXkYAw4P4DXUGuExeRgDDg/gOdQa4OF5GAMOD+A91Brgk
XkYAw4P4EHUGuAxeRgDDg/gRdQa49F1GAMOD+BJ1BrjcXUYAw4P4E3UGuMxdRgDDg/gUdQa4tF1G
AMOD+BV1BriQXUYAw4P4FnUGuHBdRgDDg/gXdQa4WF1GAMOD+Bh1BrhAXUYAw4P4GXUGuBxdRgDD
g/gbdQa4CF1GAMOD+Bx1BrjoXEYAw4P4HXUGuNRcRgDDg/gedQa4sFxGAMOD+B91BriYXEYAw4P4
IHUGuIhcRgDDg/ghdQa4bFxGAMOD+CJ1BrhIXEYAw4P4I3UGuCxcRgDDg/gkdQa4HFxGAMOD+CV1
Brj8W0YAw4P4J3UGuOhbRgDDg/godQa4yFtGAMOD+Cl1BrisW0YAw4P4RnUGuJRbRgDDg/hHdQa4
dFtGAMOD+Ei4VFtGAHQFuIgXRgDDg/g8dQ+D+QMPhYYBAAC4MGRGAMOD+D11D4P5Aw+FlwEAALgQ
ZEYAw4P4P3UPg/kDD4UrAgAAuORjRgDDg/hAdQ+D+QMPhRcCAAC4xGNGAMOD+EF1D4P5Aw+FAwIA
ALikY0YAw4P4QnUPg/kDD4XvAQAAuIRjRgDDg/gBdQa4cGNGAMNqAlk7wXUGuGBjRgDDg/gDdQa4
SGNGAMOD+AR1Brg4Y0YAw4P4BXUGuBxjRgDDg/gGdQa4BGNGAMOD+BR1BrjwYkYAw4P4FXUGuNxi
RgDDg/gedQuD+gF1FrjIYkYAw4P4H3UVg/oBdSO4sGJGAMM70XVFuJBiRgDDg/gidRg70Q+FWAEA
ALh0YkYAwzvRdTe4WGJGAMOD+CB1CjvRdTe4PGJGAMOD+CF1OzvRD4UsAQAAuCBiRgDDg/oDD4Ud
AQAAuAhiRgDDg/oDD4UOAQAAuPBhRgDDg/oDD4X/AAAAuNhhRgDDg/gydQa4vGFGAMOD+DN1Brig
YUYAw4P4NHUGuIRhRgDDg/g1dTq4aGFGAMOD+QF1BrhQYUYAw4P5AnUGuCxhRgDDg/kED4WuAAAA
uAxhRgDDg/kED4WfAAAAuOxgRgDDg/hQdQa41GBGAMOD+FF1Bri4YEYAw4P4UnUGuJxgRgDDg/ha
dQa4hGBGAMOD+Ft1BrhgYEYAw4P4XHUGuEBgRgDDg/hddQa4IGBGAMOD+F51BrgIYEYAw4P4X3UG
uOhfRgDDg/hgdQa40F9GAMOD+GF1Bri4X0YAw4P4YnUGuJxfRgDDg/hjdQa4gF9GAMOD+GS4ZF9G
AHQFuIgXRgDDhfZ0If92EOi1mP///3YI6K2Y////dgzopZj//1bon5j//4PEEMNWjUQkEFD/dCQQ
6Kec//+L8ItEJBBW/7DkAAAA6LT1AgBW6HSY//+DxBRew1WL7FGNRfxQagBqMP+2HAIAAOgr//7/
g8QQhcB0W1eAOEF1K/91/P+25AAAAOj0+wIAi/iF/1lZdCNX/3X8/3UM/1UIV+glmP//g8QQ6w5A
UP91/P91DP9VCIPEDI1F/FD/dfxqMP+2HAIAAOjR/v7/g8QQhcB1p1/Jw4tEJASLTCQIi0AIi0kI
O8h2BIPI/8MbwPfYw1aLdCQMV/92DIt8JBD/dwzoofwDAIXAWVl0DzPJhcAPncGNTAn/i8HrEYt/
BIt2BDv+dgUzwEDrAhvAX17DVot0JAxX/3YIi3wkEP93COhj/AMAhcBZWXQPM8mFwA+dwY1MCf+L
wesPiz+LNjv+dgUzwEDrAhvAX17Dg3wkBAB1BffYG8DDhcB1AkDDUP90JAjoIPwDAFlZw1aLdCQI
i0YEV4t8JBCLTwQ7wX9ZfF6LRiSLTyQ7wX9NfFL/dhCLRxDotP///4XAWXUii0YIi08IO8F3MXI2
g34ERHQ1/3YUi0cU6JL///+FwFl0DzPJhcAPncGNTAn/i8HrGIt2DIt/DDv3dgUzwEDrCXMFg8j/
6wIzwF9ew1WL7FGLRQhTV/+w+AAAAIPL/+hGmgIAi/iNRwGD+AFZdjJWi0UIjTQf0e5W/7D4AAAA
6E+fAgBZWY2OAAEAADlICHUEi97rAov+i8crw4P4AXfQXmjhoEQAjUX8UItFCP+w+AAAAIHDAQEA
AIld/OivoAIAg8QMhcB0F2hlBAAAaIhkRgBoVGRGAOiY+wMAg8QMX4vDW8nDVjP2OXQkEH4xi0Qk
DIoEBjwNdB+DfCQIAHUIPAp0BKhgdBAPvsBo0KlHAFDoaR4EAFlZRjt0JBB8z17DVYvs9gVY5UcA
Av91EP91DGoBdAroq////4PEDF3Di0UI/7DkAAAA6BYoAwCDxBBdw/90JAjo4fcDAFD/dCQQ/3Qk
EOi4////g8QQw/92EOialf//VuiUlf//WVnDaixqAei+lP//WVkzyYlIEIlIFIlIHMNWi/CLRhhX
M/87x3QbV1dXV1f/dCQk/3QkJFdq/2oBUOgccf//g8QsOX4QdQQzwOsU/3QkEIt2EP90JBCLBlb/
UAiDxAxfXsNVi+xRUVZqCo1F/FD/dQjo1xYEAIvwagqNRfhQ/3UM6McWBACDxBg78HU7i0X8gDgu
dQP/RfyLRfiAOC51A/9F+GoKjUX8UP91/OicFgQAi/BqCo1F+FD/dfjojBYEAIPEGDvwdAgbwIPg
/kDrAjPAXsnDVYvsUYvDwfgYiEX8i8PB+BCIRf2Lw8H4CIhF/moEjUX8UP91CIhd//9WBFP/dQz/
dQj/VgSDxBjJw1WL7FGLyMHpGIhN/IvIwekQiE39i8iIRf9qBI1F/FD/dQyLRQjB6QiITf7/UASD
xAzJwzlGHH02U4teFIXbV3QHi/srfhDrAjP/BQABAABqAVD/dhCJRhzovZP//4PEDIXbiUYQdAUD
x4lGFF9bw1aL8AE+iwbouP///4tGEFf/dCQMK8cDBlDoNf0DAIPEDF7DV41EJAxQi0QkDDP/R+jL
////WV/DVYvsUYvIwekYiE38i8jB6RCITf2LyIhF/1eNRfxQi0UIwekIagRfiE3+6Jn///9ZX8nD
VjPA6MX///+LBlmJRhjDV/90JAjov/UDAP90JAyL+IvG6G////+LRhiLVhBZWYsOK8jB+RiITAL8
i0YYiw6LVhAryMH5EIhMAv2LRhiLDotWECvIwfkIiEwC/ooGKkYYi04Qi1YYiEQR/1/D/3QkBIvG
6B7///+LRhiLVhBZiw4ryMH5GIhMAvyLRhiLDotWECvIwfkQiEwC/YtGGIsOi1YQK8jB+QiITAL+
igYqRhiLThCLVhiIRBH/w1aL8Og9/////3QkCOhD////WV7DVYvsUVNWV/91COgMHQEAg8AHagiZ
Wff5M9tDU4vwjUYBUOjrkf//g8QMO/OL+MYHAHwejUb/iUX8/3X8/3UI6C4dAQCIBDtD/038O95Z
WX7oM8CF9nwSgDw4AHUM9kQ4AYB1BUA7xn7uK/BGVgPHUFfoYwEEAItFDIPEDIkwi8dfXlvJw1bo
wPz//4vwV1bHBgwAAADoT/7//4tGEAMGg2YkAINmKABZiUYUWYl+CIvGXsNW6JL8//+L8INmBABX
VscGBQAAAIl+COga/v//i0YQAwaDZiQAg2YoAFmJRhRZi8Zew4O+OAEAAAB1F2gVCQAAaIhkRgBo
lGRGAOg/9wMAg8QMi4YwAQAAjY40AQAAOwF8HFeDwCBqBFCNviwBAAD/N4kB6EaR//+DxAyJB1+L
hjABAACLjiwBAACLVCQEiRSB/4YwAQAAw1WL7FFTV41F/FD/dQzoo/7//4td/Iv4V/91COiy/P//
V+hrkf//g8QUX1vJw4sBVotxGCvGg/gEfQQzwF7Di0EUA8Yz0oowVw+2eAKDxgSKUAEPtkADiXEY
weIIC9fB4ghfC8Jew4tRGIsBK8KD+AF9AzPAw4tBFFMz2zgcAg+Vw0KJURiLw1vDgyMAgycAi0YY
iw4ryIP5BHxFi04UA8EPtkgBiigPtlACD7ZAA8HhCAvKweEIC8hR6PWN//+FwFl8HYkHg0YYBItG
GIsOK8g7D3wMi04UA8iJC4sHAUYYw4tGGIsOagD/dCQMK8j/dCQMUYtOFAPIUei7hwEAg8QUhcB9
AzPAwwFGGItGGDsGfBdo/wkAAGiIZEYAaKRkRgDo0PUDAIPEDDPAQMNVi+xRi0YYjU38UYsOK8hR
i04UA8hR6C4aAQCDxAyFwH0EM8DJwwFGGItF/MnDVYvsUVFTV419+I1d/Ogc////i0X8hcBfW3QF
9gCAdAQzwMnD/3X4UOhDGQEAWVnJw1WL7FFR9kBQEFNWV4vZi/oPhHwBAACD+w8PjnMBAAAPtk8C
M8CKJ4pHAcHgCAvBD7ZPA8HgCAvBg/gHD4VRAQAAUI1HBGjAZEYAUOhSGAQAg8QMhcAPhTcBAACK
ZwsPtk8NikcMweAIC8EPtk8OweAIC8FQ6K6M//+FwFkPjBABAACNS/E7wQ+PBQEAAI1wDyveg/sE
iV34D4z0AAAAM8mNBD6KKA+2UAKKSAEPtkADweEIC8rB4QgLyFHoZ4z//4vYhdtZD4zHAAAAi0X4
g8D8O9gPj7kAAACDxgSF234NA/eAPgB1BktGhdt/9Yt1EIP+Dw+MmQAAAIt9DA+2RwyKZwsPtk8N
weAIC8EPtk8OweAIC8FQ6AyM//+DxvE7xlmJRfh1bzvYdGuLdQjoKPv//1dqC1/oi/v//4vDwfgY
iEX8i8PB+BCIRf2Lw8H4CIhF/o1F/FBqBF+IXf/oZPv//ztd+FlZxkX8AH4WK134i3UIjUX8M/9Q
R+hH+///S1l17YtFDIt9+It1CIPAD1DrD4t9DIt1COi9+v//V4t9EOgg+///WV9eW8nDU1VXvSxb
RgBV/3QkFOhEEgQAi/gDfCQYM9s4H1lZdAFHVVfoLhIEAAP4OB9ZWXQBR4leULuXAAAAU/+2HAIA
AOi68v7/hcBZWb1oaUYAD4SbAAAAU/+2HAIAAOif8v7/g/gCWVkPhZoAAABoYGlGAFfowPIDAIXA
WVl0c2hYaUYAV+iv8gMAhcBZWXRiaFBpRgBX6J7yAwCFwFlZdFFoSGlGAFfojfIDAIXAWVl0QGhA
aUYAV+h88gMAhcBZWXQvVVfob/IDAIXAWVl0ImgwaUYAV+he8gMAhcBZWXQRaCBpRgBX6E3yAwCF
wFlZdRaDTlABaPBoRgD/tuQAAADokOoCAFlZu5gAAABT/7YcAgAA6Onx/v+FwFlZdDFT/7YcAgAA
6Nfx/v+D+AJZWXU0VVfoAPIDAIXAWVl0EWgwaUYAV+jv8QMAhcBZWXUWg05QBGi4aEYA/7bkAAAA
6DLqAgBZWbuZAAAAU/+2HAIAAOiL8f7/hcBZWXQgU/+2HAIAAOh58f7/g/gCWVl1I1VX6KLxAwCF
wFlZdRaDTlAIaHhoRgD/tuQAAADo5ekCAFlZu5oAAABT/7YcAgAA6D7x/v+FwFlZvWhoRgB0dVP/
thwCAADoJ/H+/4P4AllZdXhXVeiRngIAhcBZWXVrV2hgaEYA6ICeAgCFwFlZdURXaFhoRgDob54C
AIXAWVl1M1doUGhGAOhengIAhcBZWXUiV2hIaEYA6E2eAgCFwFlZdRFXaEBoRgDoPJ4CAIXAWVl0
FoNOUAJoEGhGAP+25AAAAOg+6QIAWVm7mwAAAFP/thwCAADol/D+/4XAWVl0QlP/thwCAADohfD+
/4P4AllZdUVXVejvnQIAhcBZWXU4V2gIaEYA6N6dAgCFwFlZdRFXaABoRgDozZ0CAIXAWVl0FoNO
UCBoyGdGAP+25AAAAOjP6AIAWVm7nAAAAFP/thwCAADoKPD+/4XAWVl0V1P/thwCAADoFvD+/4P4
AllZdVpXaLRnRgDofJ0CAIXAWVl1M1dooGdGAOhrnQIAhcBZWXUiV2iMZ0YA6FqdAgCFwFlZdRFX
aHhnRgDoSZ0CAIXAWVl0FoNOUBBoRGdGAP+25AAAAOhL6AIAWVm7nQAAAFP/thwCAADopO/+/4XA
WVl0JFP/thwCAADoku/+/4P4AllZdSdXaDBnRgDo+JwCAIXAWVl0FoBOUIBo8GZGAP+25AAAAOj6
5wIAWVm7ngAAAFP/thwCAADoU+/+/4XAWVl0eVP/thwCAADoQe/+/4P4AllZdXxXaORmRgDop5wC
AIXAWVl1VVdo0GZGAOiWnAIAhcBZWXVEV2i8ZkYA6IWcAgCFwFlZdTNXaLBmRgDodJwCAIXAWVl1
IldooGZGAOhjnAIAhcBZWXURV2iUZkYA6FKcAgCFwFlZdBaDTlBAaGRmRgD/tuQAAADoVOcCAFlZ
u58AAABT/7YcAgAA6K3u/v+FwFlZdDVT/7YcAgAA6Jvu/v+D+AJZWXU4V2hMZkYA6AGcAgCFwFlZ
dRFXaDBmRgDo8JsCAIXAWVl0FoBOUQFo9GVGAP+25AAAAOjy5gIAWVlooAAAAP+2HAIAAOhM7v7/
hcBZWXUWgE5RAmjEZUYA/7bkAAAA6MbmAgBZWbuhAAAAU/+2HAIAAOgf7v7/hcBZWXQkU/+2HAIA
AOgN7v7/g/gCWVl1J1dosGVGAOhzmwIAhcBZWXQWgE5REGh8ZUYA/7bkAAAA6HXmAgBZWWiiAAAA
/7YcAgAA6M/t/v+FwFlZdRaATlEEaFBlRgD/tuQAAADoSeYCAFlZu6MAAABT/7YcAgAA6KLt/v+F
wFlZdFdT/7YcAgAA6JDt/v+D+AJZWXVaV2hAZUYA6PaaAgCFwFlZdTNXaCxlRgDo5ZoCAIXAWVl1
IldoFGVGAOjUmgIAhcBZWXURV2gAZUYA6MOaAgCFwFlZdBaATlEIaMhkRgD/tuQAAADoxeUCAFlZ
X11bw1WL7FGDu2wBAAACVle/iGRGAHUPaMinRwD/dQhoyGlGAOtIaMBpRgD/dQjoMu0DAIXAWVl0
E2hQCwAAV2ikaUYA6KTtAwCDxAy+jNVFAFb/dQzo/PL//4XAWVl/A4t1DGjIp0cAVmiYaUYA6LaN
//+DxAz/dQiJRfzoNOoDAIvwA3X8WesFPC10LUaKBoTAdfU8LXQiaDULAABXaHRpRgDoRe0DAIPE
DOsNigY8LXQEPCB1A8YGX0aAPgB17YO7bAEAAAK/gBZGAHUtV/91/OiuCwQAi/CNRgFqAVDo2ob/
/1b/dfyJQwRQ6NTwAwCLQwSDxBzGBAYAi3X8VldW6H8LBABZWVBogGlGAFPo2e7//1bom+kDAFBW
i8Po6/H//1boX4f//4PEIF9eycNW/3QkDP90JAxX/5cUAgAAi/CDxAyF9nQUVmoAagBX/5cQAgAA
g8QQ6Inx//9ew1WL7IPsDFeL+IO/NAIAAAB1cFONnzgCAABWU+idhf//hcBZdFuNRfxQjUX4UFPo
koX//4tF+It1/IPEDIO/NAIAAACJRfR1OIN9/AB+GI1F/FCNRfRQ6Hb///+DvzQCAAAAWVl04jt1
/H4MK3X8VlPo2ov//1lZg780AgAAAHSaXltfycOLRhCFwHQJiwhXUP9RGFlZib40AgAAw1WL7FNW
V4v4i0cYM/Y7xnQYVlZWVlb/dQz/dQhWav9WUOguYv//g8Qsi4eQAQAAK8a7mQwAAHQUK8N0FYPo
JXQqibeQAQAA6YwAAAA5dQx0TItFCA+2AFBX/5cYAgAA/0UI/00MO8ZZWXXhjZ84AgAAU+iqhP//
hcBZfwU5dQx+TTm3NAIAAHU2U+iShP//hcBZfhGLx+jJ/v//6xeJn5ABAADrM41FDFCNRQhQ6IP+
//9ZWYO/GAEAAAR1tOsZ/3UM/3UIU+hPiv//g8QMx4eQAQAAvgwAAF9eW13DVYvsUVNWi/Az21aJ
XfzHhhgBAAAEAAAA6I2IAgCLRhA7w1l0JIsIUP9RBDldCFmJXhB0Dv+25AAAAOg6IQMAWesHx0X8
AQAAAIuG+AAAADvDV3RsU1DoGY4CAFlZ61uLRwyD+AF0FIP4An4Yg/gEfxP/d0zojY3//+sI/3dM
6ELfAwBZV/+2+AAAAOhmlAIAg75sAQAAAllZdQqNRyBQ6HaJ//9ZV+gFhf//U/+2+AAAAOi9jQIA
g8QMi/g7+3Wfi4YUAQAAO8N0clNQ6KONAgBZWetPi0coO8N0B1DoPo3//1lX/7YUAQAA6AeUAgD/
dxDouYT///93FOixhP///3cY6KmE////dxzooYT//1fom4T//1P/thQBAADoU40CAIPEJIv4O/t1
q/+2FAEAAOjWhwIAWYmeFAEAAIHGzAAAAIsGO8NfdAlQ6Nm7AQBZiR6LRfxeW8nDVYvsgewAAQAA
V4t9CIO/yAAAAAB1elZoAAEAAI2FAP///1D/dRDooIkDAIPEDIN9DAB1Lf91EOhkigMAhcBZjYUA
////dAv/dRRQaKRARgDrHlBo1GlGAOibif//WVnrF/91GI2FAP///1BoiEBGAOiDif//g8QMi/BW
/7fkAAAA6AvhAgBW6MuD//+DxAxeX8nDVYvsg30MAHU5g30QAHQK/3UQaMxqRgDraoN9FAB0E/91
FGiUakYA/3UI6Prq//+DxAyDfRgAdFb/dRhoYGpGAOtBg30MAXUt/3UQaDhqRgD/dQjo0er//4PE
DPYFWOVHAAV0KmgIakYA/3UI6Jbt//9ZWV3Dg30MAnUT/3UQaOhpRgD/dQjonur//4PEDF3DU1aL
dCQMVzP/V4vG6HP9//+LXCQYO99ZdRI5vggBAAC7GGtGAHQhu/RqRgA5vggBAAB0FDm+DAEAAHQM
jY4EAQAAOTl9Aok5O8d0DP+25AAAAOimHgMAWTvfdA5T/7bkAAAA6AbgAgBZWTm+CAEAAHQIOb4M
AQAAdRRTaBQ5RgD/tuQAAADocRYDAIPEDF9eM8Bbw1b/dCQUi3QkDP90JBSLxuj/+///g74YAQAA
BFlZdQ5qAYvG6Mj8//9ZM8BewzPAQF7DVovwi4ZwAQAAV4v4A8GJhnABAAB5F2j9DQAAaIhkRgBo
SGtGAOip5wMAg8QMi4ZwAQAAhcB0C4X/dQNH6wqFwHULhf90BzP/6H37//9fXsONhngBAAA7OHRR
iTiLRCQEU4mGdAEAAIuG+AAAADPbO8N0N1NQ6yiLSAxJdA9JSXUWV/9wTOiaiv//6wlX/3BM6Ffc
AwBZWUNT/7b4AAAA6I6KAgCFwFlZdc1bw4tEJAhWi3QkCIO+bAEAAAFqAGr/agCJhjACAABWdQfo
uCwAAOsF6L2cAACDxBCLxl7pY/r//1WL7IPsEItFCFdqAL+oAAAAV/+wHAIAAOjT6P7/g8QMhcB1
CIPI/+lGAQAAU1aLdQyF9g+EjwAAAGogVuioCgQAhcBZWXQDjXABVuhp4wMAg/gvWbuIZEYAdBNo
mg4AAFNo0GtGAOiG5gMAg8QMgH4COnQTaJsOAABTaLhrRgDobeYDAIPEDGika0YAVuhHBQQAgDww
AFlZdBNonA4AAFNoaGtGAOhH5gMAg8QMi0UIVlf/sBwCAADo+Ob+/4PEDIXAD4WbAAAAg30UAA+E
nAAAAI1F9FD/dRSLRRD/UAyJRfCLRfSDwAJqA5lZ9/lqAYv4i/fB5gKNRgFQ6MJ///+DxBCF/4vY
fiyDZfgAiV38i030i0X4/3X8K8hRi03wA8FQ6J59//+DRfwEg0X4A4PEDE912/918MYEHgDoS4D/
/4tFCFNoqAAAAP+wHAIAAOhg5v7/g8QQhcBTdAvoKoD//1kzwEDrCOgfgP//WTPAXltfycOLRCQE
iwCLgBwCAADDU1VWi3QkEFeLvkQGAACF/72IZEYAdRNoFRMAAFVolGxGAOhI5QMAg8QMi0QkGItA
CDsHdBg7RwR0E2gXEwAAVWhgbEYA6CXlAwCDxAyLB4XAu2k9QQB+KzmchkQCAAB0E2gaEwAAVWgo
bEYA6P7kAwCDxAyLB4uOTAYAAImMhkQCAACLRwSFwH4sOZyGRAIAAHQTaB4TAABVaPBrRgDozOQD
AIPEDItHBIuOUAYAAImMhkQCAACLRxAzyTvBdFWJhkQGAAA5CH4eiwCLhIZEAgAAiYZMBgAAi4ZE
BgAAiwCJnIZEAgAAi4ZEBgAAOUgEfi6LQASLhIZEAgAAiYZQBgAAi4ZEBgAAi0AEiZyGRAIAAOsM
iY5IBgAAiY5EBgAA/3cM/3QkHFb/VwhX6Nl+//+DxBBfXl1bw2oUagHo/n3//1lZi0wkBIkIi0wk
CIlIBItMJAyJSAiLTCQQM9KJSAyJUBCLjkgGAAA7ynVQiYZEBgAAORC5aT1BAH4aV4s4i7y+RAIA
AIm+TAYAAIs4iYy+RAIAAF85UAR+JYuWRAYAAItSBIuUlkQCAACJllAGAACLUASJjJZEAgAA6wOJ
QRCJhkgGAADDi0wkCFeLfCQIi4dsAQAASPfYG8CD4EODwA45QQh1F4tEJBD/cBBo1GxGAFfoduX/
/4PEDF/DVot0JBT/dhBorGxGAFfoXuX//1b/txABAADoM40CAIPEFDvGdBdoYBMAAGiIZEYAaKBs
RgDoN+MDAIPEDItGGINgIADoAuX//15fw1ZXahxqAejrfP///3QkGIvwi0QkJINmDACDZgQAiUYU
6A+B//+LfCQYg2YQAIlGCItEJCCDxAyJBoO/EAEAAAB1MYO/bAEAAAJ0F2hxEwAAaIhkRgBo/GxG
AOjG4gMAg8QMaNglQQDoZYACAFmJhxABAABW/7cQAQAA6MaFAgA7xllZdBT/dgjoM33//1boLX3/
/1lZM8DrAzPAQF9ew4tEJAj/MP9wFP9wCP90JBjotsIBAIPEEMNW/3QkDIt0JAxoUkBBAGpSalHo
IP7//4PEEF7DVYvsUYtNDFZX6Hrr//+LdQiJRfxo4aBEAI1F/FD/tvgAAADoJYcCAIv4g8QMhf90
M4N/DAR1LWgQbUYA/7bkAAAA6N/ZAgD/d0zo84T//1f/tvgAAADo14sCAFfoi3z//4PEGF9eycNV
i+xTVlf/NehURgAz9v91DDPb6EnhAwCFwFlZdB6/6FRGAIPHDP83Rv91DOgw4QMAhcBZWXXsg/41
dEWNPHbB5wKLh/BURgCD6AB0DUh1FIt1EOib3v//6wiLdRDoY97//4vYM8CKh+xURgBQ/3UI6Bzo
//9T/3UI6BPo//+DxBBfXltdw4tEJARqG/+wHAIAAOiT4P7/hcBZWXQN6NiaAwCFwHQEM8BAwzPA
w1WL7FFRU1aLdQxXjX34jV386Lnq////dfz/dfhoOG1GAP91COgT4///g8QQX15bycODfCQEAFNW
V4vYi/F0SIX2dET/dCQQ6LjdAwBZi/g733woV1b/dCQY6BYEBACDxAyFwHUWO990BoA8Nyx1DDPA
QOsVgD4sdAZLRoXbf/WF23QES0bryDPAX15bw1WL7IN9CABWdDWF/3Qx/3UI6GHdAwCL8Dl1DFl8
IVZX/3UI6L8DBACDxAyFwHUQOXUMdAaAPD4sdQUzwEDrAjPAXl3DVYvsi4eQAAAAU1aLcBz/FvZH
UCCL2HUL/3UIU+hU6f//WVn/dgz/dQxT/1YEagGNRRBQU/9WBP+3vAAAAI2HnAAAAFBT/1YE/3UU
U/9WCIPELP8W9kdQIIvYdQv/dQhT6BDp//9ZWf92DP91DFP/VgT/dgz/dRRT/1YEi0YMA0UUUFP/
VgiDxCBeW13DaKQAAAD/thwCAADoD9/+/4XAWVl0FoO+xAAAAAB1DYO+zAAAAAB1BDPAQMMzwMNW
V4v4izdW6Hzj//+DZxQAg2cYAINnHACJRwjosf////fYG8CDZ0AAJf+//38FAEAAAIlHPIlHOIlH
NMdHSAIAAACDxyBX6IR4//9ZWV9ew1dqWl/oyOf///90JAiL+Oj25v//i0YIV+j/5f//i0Y0V+j2
5f//V7gAQAAA6Ovl//+DxBCLx1/DVmoMagHo7nj///ZHFApZWYvwdBdohxwAAGiIZEYAaFRtRgDo
/94DAIPEDItEJAiDZggAiQaLRCQMiUYEg39AAHUFiXdA6waLR0SJcAiJd0Rew1WL7PZGFAp0F2ik
HAAAaIhkRgBoVG1GAOi43gMAg8QMU1dqYl/oHef//4vYi0YEU+hd5f///3UIi8PoQeb//4N9DAAP
lcBQU+gw5f//g8QQg30MAHQP/3UQi/7/dQzoS////1lZX4vDW13Di0QkDIsIVot0JAgBTjxQ6PF4
//+DfkgBWXUHx0ZIAgAAAF7DVYvsg30QAHQY/3UQ/3UMaLhtRgD/dQjoKuD//4PEEF3D/3UMaIxt
RgD/dQjoFeD//4PEDF3DVYvsVo1FFFD/dRDotnz//4N9DABZWYvwVnQV/3UMaARuRgD/dQjo5d//
/4PEEOsQaOxtRgD/dQjo09///4PEDFboZXj//1leXcNVi+xRUVNWi3UMV419/I1d+OhD5///i87o
Gef//4XAdCRqUl/oD+b//4t1CIO+OAEAAABQdAfoL+b//+sHVujrsgAAWVlfXlvJw/90JAiLRCQI
/7BoAQAA6CLIAwBZWYtMJAyJSCCLTCQQiUgkw/90JAiLRCQI/7BoAQAA6CaHAgD/dCQQ6FvJAwCD
xAzDVYvsg+w8g2X8AINl7ABTVot1DFeNffSNXfDorOb//2pgagHo4Xb//4t9CFmL2FmLzold+Ik7
6DTm//+JRejoLOb//4lF5Ogk5v//g330A4lF4A+FxQAAAGoDaGjlRQD/dfDoCQAEAIPEDIXAD4Ux
AgAAjX3wjV306E7m//+LffCNRwFqAVDofnb//1f/dfSL2FPoeeADAIvOxgQ7AOjN5f//i3UIi/hX
U2jEb0YAVuiE3v//g8Qkg35MAHUSg77MAAAAAHUJx0X8pG9GAOtCV4t9+FNX/7ZoAQAA6HzVAwCJ
R0wzwECDxBCJRwyJR1CDvswAAAAAdAfHReyAAAAAaIhvRgD/tuQAAADo/tMCAFlZU+i8dv//Wekq
AQAAg330Dw+FQAEAAGoPaHhvRgD/dfDoOv8DAIPEDIXAD4ViAQAAjX30jV3w6H/l////dfD/dfRo
7NZFAOgYfP//i86JRczoCeX//4198I1d9IlFxOhX5f//i87o9OT//4tdCIlF8GoAjUXEUP+zEAEA
AOiigAIA/3Xwi/j/dfT/dcT/dcxoRG9GAFPojd3///91zOggdv//g8Q0hf91DMdF/CRvRgDpgQAA
AItHFIXAdB7/Nv92FP92CFDoorsBAP91+Ojwdf//g8QU6b0BAACLRxj/cCSLdfj/sxwCAACNRkxW
/3cE/3cMUOhag////3cEiUX0/3cMaPhuRgBT6Brd//+DxCiDffQAdCX/dfRo4G5GAFPoA93///91
9OiWdf//g8QQx0X8zG5GAItd+OteaKhuRgD/s+QAAADosdICAFlZx0YMAwAAAOvgg330FnU2ahZo
kG5GAP918Oj0/QMAg8QMhcB1IDlHSHUJx0X8cG5GAOsZx0MMAgAAAIlDVIlDTIlDXOsHx0X8TG5G
AItF6INjEACDffwAiUMEdG1qXF/o6OL//4v4i0MEV+go4f//V2oCWOgf4f///3X8i8foA+L//2hI
bkYAi8fo9+H//4t1CIPEEIO+OAEAAABXdAfo2+L//+sHVuiXrwAAWVn/dfxoLG5GAFboH9z//1Po
tHT//4PEEOmBAAAAi8PoW/r//4tF5IlDLItF4IlDMItF7IXAdAmJQzyJQziJQzSLRQhT/7D4AAAA
6P98AgBqW1/oSeL//4v4i0MEV+iJ4P//i0MIV+iA4P//i0M0V+h34P//V7gAQAAA6Gzg//+LdQiD
xBiDvjgBAAAAV3QH6D7i///rB1bo+q4AAFlZX15bycNVi+z/dSyLRQj/dSiLTQz/dSTHQAwFAAAA
/3UgiUhM/3Uc/3UY/3UU/3A0/3Aw/3As/3AE/3AI/3UQUehUtwEAg8Q4XcNVi+xRUVaLdQhqIv+2
HAIAAOhx2P7/hcBZWXRIjYZMAQAAUIlF+OhKcv//PQAAAgBZfzGLdQyDZQgAg2X8AFNXjX38jV0I
6I7i//+DfQgAX1t0Ef91/P91CP91+OgNeP//g8QMXsnDVYvsU1ZX/zXoVEYAM/b/dQwz2+g/2AMA
hcBZWXQev+hURgCDxwz/N0b/dQzoJtgDAIXAWVl17IP+NXRGjTx2wecCi4fwVEYAg+gAdA1IdRSL
dRDokdX//+sIi3UQ6FnV//+L2DPAiofsVEYAUP91COgS3////3UIi8PoHd///4PEDF9eW13DVYvs
i0UIU1Yz9kaDfRAAV4s4dRBqBFboDXL//4MgAFlZiUUQi10QiwOFwHRGPRshAAB1NItFDIXAdC2D
eAhjdRVoKHBGAP+35AAAAOjczwIAiXdM6xBoEHBGAP+35AAAAOjHzwIAWVlT6IVy///pgwAAAGj0
b0YA/7fkAAAA6KrPAgCLt/wAAABTaIBKQQBo7G9GAOjq+P//i9hqAFPoXd7//423ZAEAAIsG/3AM
i8PoTt///4sG/3AQi8PoQt///4uHYAEAAItADFPoRd7//4PEKIO/OAEAAABTdAmL9+gY4P//6wdX
6NSsAABZi0UQxwAbIQAAWV9eW13Di0QkBFOLXCQQVjP2RoXbV4s4dQ9qBFboEXH//1mL2IMjAFmL
A4XAdEQ9OyEAAHU1i0QkFIXAdC2DeAhjdRVopHBGAP+35AAAAOjjzgIAiXdI6xBoiHBGAP+35AAA
AOjOzgIAWVlT6Ixx///rSWhccEYA/7fkAAAA6LTOAgCLt/wAAABTaHxLQQBoQHBGAOj09///g8QU
g784AQAAAFB0CYv36Fnf///rB1foFawAAFnHAzshAABZX15bw1WL7ItFCFOLGFYz9kaDfRAAV3UQ
agRW6FZw//+DIABZWYlFEIt9EIsHhcB0Wj1sIQAAdUiLRQyFwHRBg3gIY3Ui/7PsAAAA/7PoAAAA
aPRwRgBT6EnY//+DxBCJsygBAADrGWjQcEYAU+gR2///WVmJs9wAAACJs+AAAABX6Lpw///pDgEA
AI2L7AAAAFGNg+gAAABQaMhwRgC6AJYAAGov/7McAgAAiRCJEeg21v7/WVlQ6MT1AwCLs/wAAABX
aDdMQQBowHBGAOj+9v//ai7/sxwCAACL+Il9COgG1v7/UIvH6GTd//+Lg/AAAABX6Grc//+Lg/QA
AABX6F7c//9XM8DoVtz//1czwOhO3P//i/foetz//1do+UlBAIvz6KnX//+DxEBogAAAAFfoF9z/
/4uD7AAAAFfoINz//2iBAAAAV+gA3P//i4PoAAAAV+gJ3P//i3UIM/9oLFRGAEfomNz//4PEHIO7
OAEAAABWdAmL8+jM3f//6wdT6IiqAABZi0UQx4MYAQAAAgAAAMcAbCEAAFlfXltdw1WL7ItFCFOL
GFZXi30QM/Y7/nUPahBqAei6bv//WYv4WYk3iwc7xnQnPaghAAAPhTQBAACLRQw7xg+EKQEAAIN4
CGN1A/9HDP9PCOmtAAAAjUUIUFaJdwRqMf+zHAIAAOgP1v7/g8QQO8aJRRB0a4uz/AAAAFdo0k1B
AGi89UUA6Kz1////dQiL8Ogi3P///3UQi8boGNz//4PEFIO7OAEAAABWdAmL8+j93P//6wdT6Lmp
AABZ/0cEWY1FCFD/dQhqMf+zHAIAAOim1f7/g8QQhcCJRRB1lzP2i0cEO8Z0D1Bo+HFGAFPoGdb/
/4PEDItHBDvGdHGJdwyJRwg5dwh+CMcHqCEAAOtli08Mi0cEO8h1FGjMcUYA/7PkAAAA6LfLAgBZ
WetAO851IGiocUYA/7PkAAAA6J/LAgBoeHFGAFPondj//4PEEOscK8FQaFRxRgBT6KzV//9oIHFG
AFPof9j//4PEFFfoM27//1lfXltdw/90JAhqAGoA/3QkEOiXXgAAg8QQwzPAOUQkCHQU/3QkCFBQ
i0QkEP8w6HpeAACDxBDDVYvsUVFTVot1DFeLzui+3P//jX34jV386Nbc////dfz/dfhoOG1GAP91
COgw1f//g8QQX15bycNWi3QkCIO+GAEAAAR0Q4O+aAYAAAB1OoO+xAAAAAB1MWoY/7YcAgAA6DzS
/v+FwFlZdB6LRCQMO4ZsBgAAdRJqAGr/aBhyRgBW6JuIAACDxBBew1VXi3wkDItHWDPtO8V0CItP
VFD/UQRZi0doO8V0CItPYFD/UQRZi0dsO8V0CItPZFD/UQRZi0d4O8V0CItPcFD/UQRZi0d8O8V0
CItPdFD/UQRZi4+IAAAAO810FouHgAAAADvFUXQF/1AM6wXoyMwBAFmLj4wAAAA7zXQWi4eEAAAA
O8VRdAX/UBjrBejy0AEAWYuHwAAAADvFdAdQ6GApAQBZVv+30AAAAOjAbP//Wesa/48wAQAAi4cw
AQAAi48sAQAAizSB6AHX//85rzABAAB/3v+PMAEAAP+3LAEAAOsQi4dEBgAAi0gQiY9EBgAAUOh4
bP//Oa9EBgAAWXXii4f4AAAAO8WJr0gGAACJr0QGAAAPhKwAAABVUOhpewIAi/A79VlZD4SHAAAA
U4tGDIP4AXQZg/gCfiKD+AR/HYtGTDvFdBZQ6Hh0///rDYtGTDvFdAdQ6CjGAwBZg79sAQAAAnUu
i15AO910HesCM+3/cwRVVv8Ti2sIU+jua///g8QQhe2L3XXljUYgUOhGcP//WVbo1Wv//1X/t/gA
AADo5HoCAIvwg8QMO/UPhXv///9b/7f4AAAA6AtvAgBZia/4AAAAi4fMAAAAO8V0B1DoEaMBAFmL
hxABAAA7xXQvVVDrDovw6MLS//9V/7cQAQAA6JJ6AgA7xVlZdef/txABAADowW4CAFmJrxABAAD/
tzwBAADoVGv//4uHYAEAADvFWV50B1DoXcADAFlV/7doAQAA6FB6AgBZWesVUOivvAMAVf+3aAEA
AOg6egIAg8QMO8V15/+3aAEAAOhobgIA/7eYAQAA6AJr////t5wBAADo92r///+3oAEAAOjsav//
/7ekAQAA6OFq////dwTo2Wr///93COjRav///7d4BgAA6MZq////t5gAAADou2r//4tHXIPEJDvF
dApQ6MQEAQBZiW9cOW8QdApqAYvH6Onk//9ZV+iMbQIAi4dUBgAAO8VZdAdQ6Bty//9ZjYc4AgAA
UOjebv///7ckAgAA6Glq////txwCAADoyc3+/4uHfAYAAIPEDDvFdAdQ6IxEAwBZV+hEav//WV9d
6fdeAQCLRCQEM9I7wlZ0STlQEHREOZAQAgAAdDwz9jmQeAEAAHQGi7B0AQAAi4hsAQAAg/kBdA+D
+QJ1HIuA/AAAADvCdQSLxl7Dg8AgUOiBaP//WQPGXsMzwF7DU1ZXi3wkEIuHbAEAADPbQzP2O8N1
JIRfUA+FCwEAAGoIaOhXRgBoULRHAOjx0gMAg8QMi/PpswAAAIP4Ag+F5wAAAIRHUXUWagho8FdG
AGhQtEcA6MjSAwCDxAyL8/ZHUEB1QYO/xAAAAAB1OI1eAYP7FHYXaEQrAABoiGRGAGiQckYA6MDO
AwCDxAxqCI0E9VC0RwBo+FdGAFDogdIDAIPEDIvzg7/8AAAAAHQ7jX4Rg/8UdhdoRisAAGiIZEYA
aFRyRgDof84DAIPEDGiIAAAAjQT1ULRHAGgAWEYAUOg90gMAg8QMi/eF9nQ9jUYBg/gUdhdoSisA
AGiIZEYAaCByRgDoQM4DAIPEDGoIjQT1ULRHAGiIWEYAUOgB0gMAg8QMuFC0RwDrAjPAX15bw1ZX
amBqAejfZ///i3wkFIvwiT7oUu7//4tEJBjHRhABAAAAx0YMBAAAAIlGTFb/t/gAAADoAHECAIPE
EF+Lxl7DVldqYGoB6J5n//+LfCQUi/CJPugR7v//i0QkGMdGDAUAAACJRkxW/7f4AAAA6MZwAgCL
RgiDxBBfXsOLTCQEM8A5QRAPlcDDi0QkBIuA2AAAAMODfCQIAXULi0QkBIuA3AAAAMODfCQIAHUL
i0QkBIuA4AAAAMMzwMOLRCQIi0wkBIlBFMOLRCQIi0wkBIlBGMOLRCQEg3gQAHQEg8j/w4uABAEA
AIXAfQW4////f8OLTCQEi4FsAQAAhcB1AcODucQAAAAAdAODyP/DVmoAi/Do7eH///90JAyBxuQA
AAD/NujGxAIA/3QkFGgUOUYA/zboRPsCAIPEGF7pc2f//1WL7IPsPDPSVovwi0UIiVYYOZAgAgAA
iVX8dFGLRgiD+BF0CoP4EnQFg/gXdT+D+Bd1B4vO6NXV//+LRhhTV4PABI199I1d+IlFxMdFzAIA
AADoFNb//zPSOVX4X1t0DYtF9IlFyMdF/AEAAACLTghSUlKNRcRQ/3X8i8H/Nv92FOj9yf//UItF
CFFS/3AY6KZC//+DxCxeycNVi+yD7ERTVovwi04QK04UM8ABDotNCIlGGDmBIAIAAFeJRfx0R4tG
CIP4EHQFg/gXdTqD+Bd1B4vO6DbV//+LRhiDwASNffSNXfiJRbzHRcQCAAAA6HfV//+DffgAdA2L
RfSJRcDHRfwBAAAAi0YIg/gJdAqD+Cl0BYP4SHU4i0UIanb/sBwCAADo8Mr+/4XAWVl0IotN/IsW
jQRJweACg2QFvABBiVQFwMdEBcQBAAAAiU3862iDfggidWKLRQhqdv+wHAIAAOiyyv7/hcBZWXRM
g2YYAI199I1d+Ojv1P//i0X8i1YYjQRAweACjUwFvIlF7IlN8IkRx0QFxAEAAADoytT//4N9+AB0
EotN8ItGGCsBi03s/0X8iUQNwItGEA+2SAwzwFBQUI1FvFD/dfyLwf82/3YU6KvI//9Qi0UIUWoB
/3AY6FNB//+LRhQrRhCDxCwBBl9eW8nDVYvsUVOLXRBWi3UMV4t9CIuHhAEAAIPoAHQVLRcFAAB0
OYPoGA+EFQEAAOk1AwAA6LbP//8z0o2P0AEAAIkBiVAIiwGJEImXrAEAAImXyAEAAIO/yAEAAAR9
NoM7AHQiiw4PtgmLh6wBAADB4AgDwYmHrAEAAP8G/wv/h8gBAADr0MeHhAEAABcFAADpJwIAAIuP
rAEAAIvBmWoIW/f7U1grwomHsAEAAAPBiYe0AQAAi4fQAQAAg8H7iQiLh7QBAACFwH0raEhzRgDo
TWr//1CLx+j9/P//i7fQAQAAWVno9c7//4OnhAEAAADpxwEAAIuP0AEAAIlBHGoB/7e0AQAA6Ktj
//+LXRBZWYuP0AEAAIlBEIuHtAEAAImHuAEAAIuH0AEAAItAEImHxAEAAIuHuAEAAIXAfmOJh8wB
AACLA4XAdEg5h8wBAAB+BomHzAEAAP+3zAEAAP82/7fEAQAA6FLNAwCLh8wBAAABBouHzAEAACkD
i4fMAQAAAYfEAQAAg8QMKYe4AQAA66LHh4QBAAAvBQAA6RsBAACDf1QAdCqLh9ABAABqAP+3tAEA
AP9wEP93XOiQ/gAAg8QQhcB0CmgYc0YA6f7+//+LR1SFwHQY/7e0AQAAi4/QAQAA/3EQ/3dY/1AQ
g8QMi4e0AQAAg+gEUIuH0AEAAP9wEOho/QAAi5fQAQAAi/CJt7wBAACLQhBZWYuPtAEAAAPID7ZZ
/jPAimH8ikH9weAIC8MPtln/weAIi8gLyzvOiY/AAQAAdApo9HJGAOl8/v//i0IQi4+wAQAAjUQI
ATPbiUIUOV88D4TQAAAAi4fQAQAAjU0IUY1N/FGLCItAFEFRSFD/t4wAAADo/scBAIPEFIXAdSxo
yHJGAOiAaP//UIvH6DD7//+Lt9ABAABZWegozf//iZ+EAQAAM8DpswAAAItNCIuHsAEAAAPBi4/Q
AQAAOUEcfTiJQRyLh9ABAABqAf9wHP9wEOgmYv//i4/QAQAAiUEQi4fQAQAAi0gQi5ewAQAAjUwR
AYPEDIlIFP91CIuH0AEAAItAFP91/EhQ6JbLAwD/dfzoUWL//4tFCIuP0AEAAIPEEEiJAYuH0AEA
AItIFA+2Sf+JSAg5Xxh0DYuH0AEAAFforvr//1mLh9ABAACJWBiDp4QBAAAAi4fQAQAAX15bycNV
i+yD7DxTVovwM8BXi30IiUYYOYcgAgAAiUX8dFCLRgiD+F50BYP4X3VDi87ob9D//4N+CF91Behk
0P//i0YYg8AEjX30jV34iUXEx0XMAgAAAOil0P//g334AIt9CHQNi0X0iUXIx0X8AQAAAIteCIuP
XAEAAIuXWAEAAGoAagCNRgxQjUXEUP91/IvD/zb/dhToRcb//1BTagD/dxjoKD3//4PELF9eW8nD
VYvsg+xEU1aL8ItOECtOFDPAAQ5Xi30IiUYYOYcgAgAAiUX0dFCLRgiD+F50BYP4X3VDi87ou8//
/4N+CF91Beiwz///i0YYg8AEjX34jV38iUW8x0XEAgAAAOjxz///g338AIt9CHQNi0X4iUXAx0X0
AQAAAIN+CDIPhcQAAABqdv+3HAIAAOhyxf7/hcBZWQ+ErQAAAINmGACNffiNXfzoq8///+imz///
6KHP//+DffgID4WOAQAAagholHNGAP91/Ogt6QMAg8QMhcAPhXQBAACLzuhTz///i0X0i1YYjQRA
weACjUwFvIlF7IlN8IkRx0QFxAEAAADoUc///4N9/AAPhD4BAACLRhiLTfArAYtN7P9F9IlEDcDo
MM///4N9/AAPhB0BAACLRfSLThiNBEDB4AIrTAW8iUwFtOkEAQAAg79cAQAABHVag34IPXVUanb/
txwCAADon8T+/4XAWVl0QYNmGACLzuiEzv//i0X0i1YYjQRAweACjUwFvIlF7IlN8IkRx0QFxAEA
AACNffiNXfzotc7//4N9/AB17+mPAAAAg34IYg+FmgAAAGp2/7ccAgAA6EHE/v+FwFlZD4SDAAAA
g2YYAIvO6CLO//+NffiNXfzoc87//4N9+Ad1ZGoAaOxvRgD/dfzoA+gDAIPEDIXAdU6Lzugtzv//
6CjO///oRs7//4tF9ItWGI0EQMHgAo1MBbyJReyJTfCJEcdEBcQBAAAA6CHO//+DffwAdBKLTfCL
RhgrAYtN7P9F9IlEDcCLfQj/diiLRhD/diQPtlgFi49cAQAAi5dYAQAAjYeAAQAAUI1FvFD/dfSL
w/82/3YU6LPD//9QU2oB/3cY6JY6//+LRhQrRhCDxCwBBl9eW8nDU4tcJBBWi3QkDIuGjAEAAIPo
AFeLfCQUufgGAAB0EivBdB6D6BcPhOIAAADpWAEAAIOmAAIAAACDvgACAAAEfS2DOwB0HYsHi5YA
AgAAigCIhBb4AQAA/wf/C/+GAAIAAOvViY6MAQAA6UUBAAAPto76AQAAM8CKpvgBAACKhvkBAADB
4AgLwQ+2jvsBAADB4AgLwVDoR1v//4XAWYmG/AEAAA+O7wAAAD0AkAAAD4PkAAAA6HXI//9qAf+2
/AEAAImGCAIAAOgpXf//WVmLjggCAACJQRCLhggCAACLjvwBAACJSCCLjggCAACNhgQCAACLEIlR
DP8Ag6YAAgAAAIuGAAIAADuG/AEAAH0zgzsAdCKLB4uOCAIAAItJEIuWAAIAAIoAiAQR/wf/C/+G
AAIAAOvLx4aMAQAADwcAAOtyi4YIAgAAi0gQD7YJiUgIi4YIAgAAi0gQQYlIFIuG/AEAAIuOCAIA
AEiJAYN+GAB0DYuGCAIAAFboPPv//1mLhggCAACDYBgAg6aMAQAAAIuGCAIAAOsdaKBzRgDovmL/
/1CLxuhu9f//g6aMAQAAAFlZM8BfXlvDVYvsUVFWV4t9CIN/GACL8HQHV+gV9v//WYN/PAB0UI1F
/FCNRfhQiwaD6AxQi0YQg8AMUP+3iAAAAOjZvAEAi0X8g8AC6GrI////dfyLRhD/dfiDwAxQ6OfF
AwD/dfjoolz//4tF/IPEJIPADIkGiwZTg8AE6DrI//+DBgSLHoPD9GoIX4vDmYvP9/mLxyvCK/gD
w4P/DIlF+Il9/H0X6AVTAQCLVfyLThD/RfyDffwMiAQKfOmLRfiDwPxQi0YQjUQ4BFDoLPYAAItV
+IlF/MHoGFlZi04QA8qIBDmLThCLRfzB6BADyohEOQGLThCLRfzB6AgDyohEOQKLRhCKTfwDwohM
OAOLThCLw8H4GIgED4tOEIvDwfgQiEQ5AYtOEIvDwfgIiEQ5AotGEItNCIhcOAOLQVSFwFt0FVKL
VhCNVDoEUv9xWP9QDItV+IPEDItFDIXAdAKJOF+NQgReycNVi+xRVovwjUX8UFaLw+iM/v//UItD
EANF/FCLxugJxv//g8QQPQCAAAB+DFcz/1BH6FHZ//9ZX4vz6MTF//9eycNVi+xRU1aNRfxQi0UI
V+hK/v//i/CLh0ABAABZWQPGjY9EAQAAOwF+HAWAAAAAagFQjZ88AQAA/zOJAei4Wv//g8QMiQOL
XQiLQxADRfxWUIuHPAEAAAOHQAEAAFDoPsQDAAG3QAEAAIPEDIvz6E/F//9eW8nDVYvsg+wMU1ZX
i/mL8OiEyP//agRbA/OJRfyDxvzpiwAAAEh0eUh0ZEh0Tkh0PUh1egPziz5X6BvlAABqAVCJRfTo
3Vn//1dQiUX46KTlAAD/dfiLffSLRfzoecb///91+OiHWv//g8Qc60CLRfwD8/826IbH///rMQPz
iwYD84s+UItF/OhNxv//6x4D8zPAigZQ/3X86F/G//9Z6wz/dfwD84sG6GXG//9ZA/OLBoXAD4Vr
////i0X8X15bycOLTCQIU41EJBDoM////4vYi0QkCOhw/v//W8OLTCQEjUQkCOgZ////UOid/v//
WcNVi+xRUVOLXQiDexgAVovwdAdT6I34//9Zg7vEAAAAAHRJiwaLThCD6AXB+BiIQQGLBotOEIPo
BcH4EIhBAosGi04Qg+gFwfgIiEEDigaLThAsBYhBBItGEECJRhT/g4ABAACLBkjpcwEAAIuDgAAA
AIXAV3Q/jU34UY1N/FGLDmoFXyvPUYtOEAPPUf+ziAAAAP9QEIPEFIXAdBn/dfyJPot9+IvG6D3F
////dfzoS1n//1lZi1tghdt0BYt7HOsDaghfg/8IfQNqCF+LBotOBI1QBDvRagRbfQQryIvZA8OZ
9/+LxyvCmff/A9qB+/8AAAB+F2iWCAAAaIhkRgBowHNGAOhavgMAg8QMi30Ii0dwhcB0CItAKIlF
/OsEg2X8AIsGA0X8A8PofsT//4tGEINlCACF24hYBH4Y6GBPAQCLDgNNCP9FCDldCItWEIgEEXzo
iwaLThCNRBj8wfgYiAGLBotOEI1EGPzB+BCIQQGLBotOEI1EGPzB+AiIQQKKBotOEALDLASIQQOL
R3CFwHQX/7eAAQAAiw4Dy1H/dhD/d3j/UAyDxBCLR2D/h4ABAACFwHQRiw4Dy1H/dhD/d2j/UBCD
xAyLBo0MGIlOIItOEIlOFItN/APBA8NfXlvJw1OLXCQIi0NghcBWV3Q39kAkAXQxg7tAAQAAAHUo
g3wkGAB1IfZDUQJ1G2oCX+jBxf//i/DoOMT//2oBVlPovv///4PEDIt8JBRTi8fozf3//4vwi4NA
AQAAWQPGjYtEAQAAOwF+IAWAAAAAagFQjbs8AQAA/zeJAeg0V///iQeLfCQgg8QMi4M8AQAAA4NA
AQAAVv93FFDovcADAAGzQAEAAItHIAGDYAYAAIPEDIv36MXB//9fXlvDVovwg744AQAAAHQM/3Qk
COhXxf//WV7DagD/dCQMVugj////g8QMXsNTVVaL8FeNvkABAAD/N/+2PAEAAOinwf///7Y8AQAA
M+2L2ImuRAEAAIkv6ApX//+DxAyB+wCAAACJrjwBAAB+CjP/U0fo0tT//1mLjmAGAACNhlwGAAAB
CDmuaAYAAIsAdSc5rsQAAAB1H4uOZAYAADvNdBU7wXYRVWr/aNBzRgBW6NlxAACDxBBfia5gBgAA
Xl1bw1WL7FFWi3UI/3UMi8boMP///4N+YABZdHP2RlECdW2LRmCLSBxTi9krnkABAABXgcP/AAAA
i8OZ9/mLhoAAAAAr2oXAdAz/togAAAD/UCBZK9hqAl/oIsT//4vw6JnC//+F234Y6N5MAQCIRf+N
Rf8z/1BH6O3C//9LWXXoi0UIVui8/v//i3UIWV9bi8bo2P7//17Jw4O+OAEAAAB0F2ilCQAAaIhk
RgBo5HNGAOhXuwMAg8QMVzP/Ob4wAQAAfh2LhiwBAABqAP80uFbot/3//4PEDEc7vjABAAB844Om
MAEAAACLxl/pfv7//4F8JAgAgAAAfRRWi3QkCFf/dCQQM//of9P//1lfXsNVi+xRUzPbO8NXdQeL
RQg7w3QOUGgEdEYA6Bxb//9Z6wpo9HNGAOjiWP//M/9HOV0IWYlF/HRTi4ZsAQAAO8d1ElP/dQhq
BFdW6B37//+DxBTrN4P4AnUy6BPD//+L2ItFDFPoU8H///91CIvD6DfC//9oSG5GAIvD6CvC//9T
VujhjwAAg8QUM9uLRRBTU/91/Im+CAEAAFaJhgwBAADowdH///91/OjtVP//g8QUX1vJw1WNbCSY
gezgAAAAU1ZXi31wM/Y5t5wBAAB1Fmj8AAAAagHo9VP//1mJh5wBAABZiTCLn5wBAACLA7nCEAAA
O8GJXVy6lREAAA+PsQsAAA+EGAsAALngDwAAO8EPjw4HAAAPhGEGAAArxrnnDgAAD4S6AAAAK8EP
hLIAAACD6GB0b4PoVg+FeBUAADl1fHQZaECARgDo7ln//1CLx+ie7P//WVnptA8AADl1eA+PuwQA
AIuHMAIAAImDrAAAAIt1cDP/6HvN//85u6wAAAAPhaQEAAC4IIBGAIt1cDP/agFXV+hn/v//g8QM
iTvpnBgAADl1fHQHaNh/RgDrmDl1eA+PrwIAAIuHMAIAAImDrAAAAIt1cDP/6CfN//85u6wAAAAP
haMCAAC4rH9GAOuqi3V8hfZ1B4kL6VAYAACDfggCdApojH9GAOljCwAAaHR/RgD/t+QAAADoxLAC
AItGGFlZiw4ryIP5CHwRi04Ug8AIiUYYjUQB+IXAdQpoPH9GAOkqCwAAaghQjUVIUOiSvAMAjUMM
jYu0AAAAUFHolcL//4PEFIXAD4QSBQAAjUMQjYvYAAAAUFHoesL//4XAWVkPhPgEAABoIH9GAP+3
5AAAAOhKsAIAjUX4aBh/RgBQ6P/RAwCDo/gAAAAAg8QQjYPYAAAAUI1F+FDoFbUDAFlqUFkryFGN
RfhQ6AW1AwBZjUQF+FDoYlABAI1F+FD/t+QAAADo+K8CAIPEFIvO6FDB//+JR0DoSMH//4lDFOhA
wf//iUMY9kdQCHQGg+D7iUMYjUWIUMdHRAEAAADojS8BAP+z3AAAAI1FiP9zEFDopi8BAP+zuAAA
AI1FiP9zDFDolC8BAGoIjUVIUI1FiFDohS8BAI1FiFCNQyxQ6EUwAQCDxDAz9ujeSAEAiEQ3HEaD
/iB88YuD3AAAAMHgA42z2AAAADkGD4/oAwAAi4O4AAAAi8jB4QM5i7QAAAAPj9EDAACLi9wAAAA7
yH4Ci8FqAVCJQwToIlH//1aJQwjoTU4BAGoBUOgRUf//VlCJRWDodU4BAFaNReRqZFDoWk8BAGoA
agCNReRQV+gr0P//g8Q4hcCJg6wAAAB1ImjkfkYA6EFX//9Qi8fo8en///91YOiQUf//g8QM6WAJ
AAB9X4t1cDP/R+jXyv//i8ZQaLE7QQCNTeRR/3VgaEhJRgD/sNQAAAD/sNAAAAD/sOQAAADo/a8C
AP91YImDrAAAAOhCUf//g8Qkg7usAAAAAA+NXf3//8cDRw8AAOnNFQAA/3Vg6B9R//9Z6wOLfXAz
wIP4EItLCIpUBxyIFAh9DItLCI00AYpMGCwwDkCD+CB834uD3AAAADuDuAAAAH4njYO0AAAAUGog
/3MI6PNIAQCDxAyFwHRDjYPYAAAAUP+zuAAAAOsljYPYAAAAUGog/3MI6MxIAQCDxAyFwHQcjYO0
AAAAUP+z3AAAAP9zCOiwSAEAg8QMhcB1CmiofkYA6UwIAABokH5GAP+35AAAAOitrQIAM/ZZWYl1
WIl1ZIl1YIP+Bg+NhgAAAFZqHf+3HAIAAOh0tf7/g8QMhcB1CcdFZAEAAADrXWoDWTvBdRRoaH5G
AP+35AAAAOhirQIAWVnrQkh0I0h0EGoCWSvBdSPHRWBcfkYA6xfHQzwGAAAAx0Vg+NtFAOsKx0Vg
BNxFAIlLPItLPDPAQIvQ0+KFUxR0A4lFWEaDfVgAD4Rx////g31YAHUa9kMUCHUKaBh+RgDpigcA
AGj8fUYA6YAHAACDfWQAdEWLdXAz/0foAsn//4vGUGixO0EA/3VgaPR9RgD/sOQAAADoWa8CAIPE
FIXAiYOsAAAAD41R+///xwOdDwAA6RUUAACLfXCLQzwz9khIdBZIdAyD6AN1IGjYfUYA6wxowH1G
AOsFaKR9RgD/t+QAAADod6wCAFlZi0sEVv93RIvBagFR/3MIweADagOLyIHh/wAAAFFqAsH4CFBq
AmoIjUVIUGoD/3M8agJqA1fo0/T//2iEfUYA/7fkAAAA6CusAgCDxEz/cwjo5k7//4tDPIP4Bll1
B7jg00YA6w+D+AK4bOVGAHQFuFDlRgCJR1T/EItPVI1XHFJQiUdY/1EIi0dU/3AYaGh9RgBX6Ai2
///ooegAAGg8fUYA/7fkAAAAiUdc6MWrAgCNu7wAAACLB4PEHDvGdAlQ6HZO//9ZiTeNu8AAAACL
BzvGdAlQ6GFO//9ZiTeNu+AAAACLBzvGdAlQ6ExO//9ZiTeNu+QAAACLBzvGdCZQ6DdO//9ZiTfr
G2gUfUYA6fEFAABo3HxGAOnnBQAAi0V8O8Z1C8cD4A8AAOmyEgAAg3gIDnQKaLh8RgDpxQUAAGiY
fEYA/7fkAAAA6CarAgBosKlHAOj3wAMA/7ccAgAA6EuE//+DxBCFwImHJAIAAA+F4QMAAP+35AAA
AOjYT///M/aJQ1BGiTDHBCSIfEYA6BtR//9Zi0tQVmh8fEYAiUEE6AlR//9ZUP9zUOjYT///agBq
AP9zUOgF4AIAg8QY6TkDAAAt9A8AAA+EDgMAAIPoHQ+EuAEAAIPoRg+EhAEAAIPoRg+FbQ4AAIt1
fIX2D4SECwAAg34IB3QXaHB8RgD/t+QAAADoaqoCAFlZ6Q0LAABoWHxGAP+35AAAAOhTqgIAWVno
rrz//4XAiYOgAAAAD4TIBAAA/7OIAAAA6GLXAAD/s4QAAACL8IPGBehS1wAA/7OgAAAAA/DoRdcA
AI1EBhSJRVyDwARqAVCJRVDo/Uv//4tNXIvRwfoYiBCL0cH6EIhQAYvRwfoIjXAEiFACiEgDxgYD
/7OEAAAAiUVYRujU1gAAwfgYiAb/s4QAAADoxNYAAMH4EIhGAf+zhAAAAOiz1gAAwfgIiEYC/7OE
AAAA6KLWAACIRgP/s4gAAACDxgRW6FjXAAD/s4QAAAAD8FboStcAAP+zoAAAAAPwVug81wAAA/Bq
EI1DLFBW6GS1AwCDxEhXaP2YQQCNRVRQjUVkUP91UIPGEP91WMYGAMZGAQDGRgIAxkYDAegDawMA
g8QY/3VYhcB1C+jqS///Wel+AgAA6N9L//+LdWRZ6Y0CAAA5dXwPhVgCAAA5dXgPjy8IAACLhygC
AACLjywCAACNc2yJRWCJDukkCAAAOXV8D4QdAgAA9kMYBHULM8BAiUMgiUMc6waJcyCJcxyJcyiJ
cyRqHv+3HAIAAOh1s/7/UImDsAAAAOhoPwMAg8QMhcAPhfsAAAD/s7AAAADoMj8DAFBoNHxGAFfo
r7L///+zsAAAAOjhPQEAi/CDxBSD/gIPhYAAAACNRWRQjUNIUI1DRFCNc0BW/7OwAAAA6K8wAQCD
xBSFwHQUagD/s7AAAADoMjABAFlZiUNM60P/dWRoFHxGAFfoUrL//4PEDP91ZP+zsAAAAOi4PgMA
WVBo5HtGAOhxUP//UFeJRVDoCbX///91UOi+Sv//g8QYgyYAM/bpjQYAAFboMT4BAFBowHtGAFfo
BLL//1boHz4BAIPEFFD/s7AAAADoZj4DAFlQaJh7RgDoH1D//4vwVlfouLT//1bob0r//4PEGINj
QADrrolzQOk6BgAAOXV8dSX/dXj/dXT/c1Do0dwCAIOn2AAAAAAz9oPEDEaFwH0RibfYAAAAxwP0
DwAA6c8OAAB1Iv9zUOgxTf//agFqAGoAuIB7RgCL9+h09P//g8QQ6d0BAACLQ1CLQBiLAP9wCOhp
Tf//iYckAgAA/3NQ6PlM//9ZWWoA/7ckAgAAagRqBFfope////+3JAIAAGhse0YA6GRP//+L8Fb/
t+QAAADo76YCAKBY5UcAg8QkqAR0HagCdASoAXUVVlfo3bP//2iAFkYAV+jSs///g8QQVuiGSf//
WccDERAAAOkgDgAAOXV8dApoLHtGAOkZ9f//OXV4fgvHA8IQAADpAQ4AAIu3KAIAAIuHLAIAAIl1
ZIlFVIX2dFSAfgQEdTBoEHtGAP+35AAAAOhppgIAagBqEI1GBVBqA2oIV+jv7v//VugXSf//g8Qk
6cEBAABo7HpGAP+35AAAAOg5pgIAVuj5SP//g8QM6RUCAABozHpGAOn+AQAAO8IPj98DAAAPhFIC
AAAt1hAAAA+EeQEAAIPoSQ+ESwEAAIPoNXRDg+gmD4XTCQAAi0V8O8YPhCcBAACLQAiD+A91FPYF
WOVHAAEPhHMEAABonHpGAOsrg/gOD4R4CQAAaGx6RgDpK/T//4tFfDvGD4RYCQAAi0AIg/gPdRBo
SHpGAFfoorL//+muAwAAg/gHdApoIHpGAOn58///i3V86N+3//+FwIlFZHUcaPR5RgDo003//1CL
x+iD4P//WVmDIwDpxgwAAI1DfFD/dWTob0QBAP+zjAAAAIlFWOi2xAAAg8QMM/bHRXAfAAAA/3Vw
/3VY6IXSAACIRDUoRv9NcIN9cP9ZWX/ljUWIUOjeJAEAaiCNRShQjUWIUOj6JAEAahCNQyxQjUWI
UOjrJAEAjUWIUI1FKFDoqyUBAGoAahCNRShQagNqCFfoa+3///91ZOhBxAAAg8RA/3VY6DbEAABZ
xwN6EQAA6SAMAAA5dXwPhWsHAAD/dXj/dXT/c1Do6dkCAIPEDIm32AAAAOmIBgAAi0V8O8Z1C8cD
1hAAAOnpCwAAg3gIDnVPaNh5RgD/t+QAAADoZ6QCAPYFWOVHAAFZWXQraLh5RgBX6Fqx////s6gA
AAD/s6QAAABX6Bex//9oqHlGAFfoPbH//4PEHMdDeAEAAADrEmiIeUYA/7fkAAAA6BikAgBZWf+z
iAAAAOiBwwAA/7OEAAAA6HbDAAD/s6AAAADoa8MAAIPEDIN7eAAPhJIEAAD/c2Topkb//4N7QABZ
D4T2BAAAg3scAA+F7AQAAGhkeUYA6dUEAACLRXw7xg+ERwcAAIN4CCh0NGhIeUYA/7fkAAAA6KCj
AgD2BVjlRwAEWVl0DWgoeUYAV+iTsP//WVnHQyQBAAAA6R4CAACLdXyNfWSNXWDoLLX//4N9YAB1
CmgAeUYA6WMHAACLRXBo6HhGAP+w5AAAAOhLowIAi3Vci0ZQM/9HaNB4RgCJOOhwSf///3Vki05Q
agr/dWCJQQToZrIDAIPEGIXAu2/XRQB0G1PoS0n///91YIlFWP91ZGjs1kUA6GVL///rHf91YP91
ZGjs1kUA6FNL//9oxHhGAIlFWOgZSf//iUVki0VYg8QQgDgAdAW7wHhGAP91WFNooHhGAOglS///
i05QiUEMi0ZQagD/dWSJeBD/dlDouEf///91WOhjRf//i11ci31wg8QcM/ZqI/+3HAIAAOjxqf7/
hcBZWQ+EbgcAAPZDGgEPhGQHAAA5cygPhVsHAADHQ1hIAAAAaHx4RgD/t+QAAADoUaICAFZqRlfo
4Or//4PEFMcDwBEAAOmmCQAALcARAAAPhJcAAACD6Dt0bS2NAAAAD4UBBgAAi0V8O8YPhHoJAACL
QAiD+A91LfYFWOVHAAF0DWhseEYAV+gBr///WVloVHhGAP+35AAAAOjmoQIAWVnpgQAAAIP4DnR8
UGgweEYA6DZK//9Qi8fo5tz//4PEDIkz6SkJAAA5dXwPhSkHAAD/dXj/dXT/c1Do8tYCAIPEDIm3
2AAAAOn/BgAAi0V8O8YPhEj///+DeAhHD4RvBQAAaAx4RgD/t+QAAADoc6ECAGjkd0YAV+hxrv//
g8QQx0MoAQAAAItFfIN4CA8PhQgFAADHQ1gJAAAAahr/txwCAADoqaj+/4XAWVkPhF4CAADo6mID
AIXAD4RRAgAAOXMgD4VIAgAAg2N4AMdDIAEAAABovHdGAP+35AAAAOgCoQIAV2j9mEEAjXNsVo1N
YFGNQ1xqBVDGAADGQ10AxkNeAMZDXwHGQ2AB6KZiAwCDxCCFwHULxwNXEAAA6TAIAACLRWCFwIlD
ZA+ExQEAAIM+BQ+MvAEAAIB4BAIPhbIBAACDwAUzyYlDaIooD7ZQAopIAQ+2QAPB4QgLysHhCAvI
UehmQP//hcBZiUN0fRNQaJR3RgBX6JWq//+DxAyDY3QA/3N0g0NoBGh4d0YAV+h8qv//g8QMg2Nw
AItDcDtDdA+NVvz//4tDaI2LiAAAAFGLS2SJRVSDwAQryANLbIlDaFHoBUD//1lQ/3No6L7MAACD
xAyFwA+MugAAAAFDaItDaI2LhAAAAFGLS2QryANLbFHo1T///1lQ/3No6I7MAACDxAyFwA+MigAA
AAFDaItDaItLZCvIA0tsg/kEfHcPtkgBiigPtlACD7ZAA8HhCAvKweEIC8hR6I8///+DQ2gEhcCL
U2hZjYuoAAAAiQF8RYvwi0NkK8IDQ2xQ6Gs///87xll8MItDaImDpAAAAAPGiUNoi0NAhcB0Sv9z
RFD/dVTowMoDAIPEDIXAdB//Q3DpBP///2hQd0YA/7fkAAAA6D6fAgBZWelP+////3NwaCR3RgBX
6FSp//+DxAzHQxwBAAAA/3NwaAx3RgBX6Dyp//9qAP+zhAAAAGoFagZX6Jfn//+DxCDHA50QAADp
XQYAAGjodkYA/7fkAAAA6OGeAgBZWYN7eAAPhYwCAAAz9jlzQA+E+gEAADlzHA+F8QEAAPYFWOVH
AAF0DWjEdkYAV+i2q///WVlqHv+3HAIAAOhhqf7/UImDsAAAAOg0NQMAUGisdkYAV+ixqP//g8QY
x0McAQAAADPAO8YPhQoCAAA5c0x1G/YFWOVHAAF0DWiQdkYAV+hiq///WVmJdVzreP+35AAAAOgq
Q///iUNQiTDHBCR8dkYA6HBE//9Zi0tQVolBBP9zSGhcdkYA6IhG//9ZWVD/c1DoKUP//1ZW/3NQ
6FjTAgCDxBgz9jvGD4y1AAAAD4TEAAAAi0NQi0AYiwD/cAjoI0T///9zUIlFXOi2Q///WVkz9moe
/7ccAgAA6JCo/v+NTVRR/3VcjUt8UVCJg7AAAADoFiUBAIPEGDl1XIlFZHQc/3Vc6JaiAwBQ/3Vc
6OA0AwD/dVzoWED//4PEEDPAQDlFZA+ECf///zl1ZHRvg31k/3USaEh2RgBX6Haq//9ZWenq/v//
aEcRAABoiGRGAGgcdkYA6H2lAwCDxAzpzv7//8eH2AAAAAEAAADHAx8RAADpoQQAAP9zUOgFQ///
agFqAGgEdkYAM8CL9+hI6v//g8QQM8Az9un0AAAAaOR1RgBX6A2q////s7AAAADomzMDAFBX6Pup
//9o4HVGAFfo8Kn///91VFfo56n//2jYdUYAV+jcqf//g8Qs/7fkAAAA6KhB//+JQ1BqI/+3HAIA
AOghpP7/g8QMhcAPhBj6///2QxggD4QO+v//OXMkD4UF+v//x0NYKQAAAGi4dUYA/7fkAAAA6ICc
AgBWaidX6A/l//+DxBS6lREAAIkT6dQDAABW/7OEAAAAagVqBlfo7+T//4PEFMcDVBEAAOm1AwAA
i0NAhcB0EFDoAj////9zSOj6Pv//WVlonHVGAP+35AAAAOginAIAWVkz9jPAQIkz6YIDAACLdXyN
fWSNXVjoxK3//4N9WAB1IGhsdUYA6F1E//9Qi0Vw6AzX//+LRVyDIABZWelMAwAAi0VwaEx1RgD/
sOQAAADozZsCAIt1XItGUDP/R2gsdUYAiTjo8kH///91ZItOUIlBBItGUINgCABqCv91WOjhqgMA
g8QYhcC7b9dFAHQbU+jGQf///3VYiUVg/3VkaOzWRQDo4EP//+sd/3VY/3VkaOzWRQDozkP//2jE
eEYAiUVg6JRB//+JRWSLRWCDxBCAOAB0BbvAeEYA/3VgU2gEdUYA6KBD//+LTlCJQQyLRlBqAP91
ZIl4EP92UOgzQP///3Vg6N49//+LXVyLfXCDxBwz9oN7WAl1X/ZDGAh1GWjUdEYA6F5D//9Qi8fo
Dtb//1lZ6dD9//+LQ1BoxHRGAMcAAQAAAOgPQf//WYtLUFaJQQT/t9AAAAD/tyQCAABosHRGAOge
Q///g8QMUP9zUOi+P///g8QMVlb/c1Do6s8CAIPEDDP2O8Z9FceH2AAAAAEAAADHA/sRAADp7AEA
AHUI/3NQ6UT9//+LQ1iD+AkPhZ0BAACLR1CoBQ+F5wAAAItDUItAGIsA/3AI6EKfAwCD+BBZiUVU
fQsz/8dFYA8AAADrC4v4g+f4jU8HiU1gO8d8BTtFYH4XaEMSAABoiGRGAGiQdEYA6D6iAwCDxAyL
RWBAagFQ6AA8//87fWBZWYvwiX1cf1iLRVw7RVR1FItDUItAGIsAagD/cAhqBP9zWOsmM/+FwH4S
6DozAQCEwIgEN3T0Rzt9XHzui0VcagBWagTGBDAAaiCLfXDoYeL//4PEEP9FXItFXDtFYH6oi31w
aGR0RgD/t+QAAADojZkCAIvH6BLl//9W6EY8//+DxAzpwwAAAKgEi0NQi0AYiwD/cAh1c+hXngMA
i/CD/kBZcy+NRQiJRXCLQ1CLQBiLAP9wCI1FCFDoBbsDAFlZ6wnoojIBAIhENQhGg/5AcvHrDotD
UItAGIsAi0AIiUVwaER0RgD/t+QAAADoD5kCAGoAVv91cGoDVmoB/3NYV+iT4f//g8Qo60Ho5J0D
AMcEJCh0RgD/t+QAAACL8OjdmAIAi0NQi0AYiwBqAFb/cAjrxItLUItJGIsJVv9xCGoEUFfoUOH/
/4PEFGgYdEYA/7fkAAAA6KWYAgD/c1DodT7//4PEDMcDiBIAADPAX15bg8VoycNVi+yD7CBTVleL
fQiLhxQBAAAz2zvDdRNoMyZBAOg/PgIAWYmHFAEAAOsbUzP2UOsKRlaJGP+3FAEAAOjUQwIAO8NZ
WXXrjUXsUFNolgAAAP91DOjLof7/i/iDxBA7+w+EMAIAAIt17IoGPEHGRf5BxkX/THQIPDR0BDw2
dQSIRf5GigY8THQEPFJ1BIhF/0ZqOlbonDf//4vYhdtZWXQnVivGUGjs1kUA6ENA//+L8FboTED/
/1aJRfTokTr//4PEFI1zAesEg2X0AFaJdeToTJ8DAINl6ACFwFmJRfB1JlbHRegBAAAA6AtKAwCF
wFmJRfB1EVZoJIJGAP91COiyof//g8QMgH3/THUiaCTXRQBX6BafAwCFwFlZdREz/4l9+Il94IPL
/8ZF/0TrXGgggkYAV+jWNv//i/AD94vGVyvHUGjs1kUA6KQ///+DxBSAPgCJRfh0AUZWiXXg6L6e
AwCL2DP/hdtZdR9WR+iGSQMAi9iF21l1EVZo8IFGAP91COguof//g8QMg33wAA+EzgAAAIXbD4TG
AAAAaixqAejhOP//g33oAIvwD75F/4lGBItF9FlZiUYQdAv/deToAD3//1nrAjPAhf+JRhiLRfCJ
RgiLRfiJRhR0C/914OjgPP//WesCM8CJRhyKRf4z/zw0iV4MiX4oiX4gdQQzwOsKLDb22BvAg+D+
QECJRiSLRQhW/7AUAQAA6LZBAgA7xllZdDU5OHUGxwABAAAA/3YQ6Bk5////dhToETn///92GOgJ
Of///3Yc6AE5//9W6Ps4//+DxBTrGscGAgAAAOsS/3X06OY4////dfjo3jj//1lZjUXsUP917GiW
AAAA/3UM6Juf/v+L+IPEEIX/D4XQ/f//g2X4AIt9CGoA6YoBAACDOwAPhXsBAACLQxCFwLoggkYA
dRa6b9dFAIvKi0MEg/hMdQu46IFGAOsTi8jr7YP4UrjggUYAdAW42IFGAP9zCFJRUGi4gUYA6AA+
//+DxBSDewREi/B0If9zDP9zFFZorIFGAOjkPf//Vov46Ds4//+L94t9CIPEFFZonIFGAFfojJ//
/1boITj//4tDIIPEEIXAiUXgD4SfAAAAg79sAQAAAXR4alBf6Nal//9ohIFGAIvw6AOl//9qAFbo
+KP//4tDEIPEDIXAdANQ6x9olQAAAP91DOh3nP7/hcBZWXQHaG/XRQDrBWh4gUYAi8boyKT//4tD
CFlW6NCj//+LRQiDuDgBAAAAWVZ0CYvw6KKl///rB1DoXnIAAFlZi3Xgi0UIVv+wEAEAAOjDRgIA
WVnotZ7//4t9COsOi0MohcB0B1Do1D///1n/dfj/txQBAADocEYCAP9zEOhNN////3MU6EU3////
cxjoPTf///9zHOg1N///U+gvN///g8Qc/034/0X4/3X4/7cUAQAA6Nw/AgCL2IXbWVkPhV/+//8h
RfhQ6TADAACDPgIPhSEDAACLRhiFwMdF4HSBRgB1VMdF4G/XRQC7b9dFAIXAv2/XRQCL0HUCi9eL
RhCFwLkggkYAdQSLz4vH/3Xg/3YIU1JRUGhkgUYA6FA8//+DxByDfgREiUX0v2/XRQB1DYNl8ADr
NrtggUYA67GLRhyFwLp0gUYAdWuL14vPhcB1AovHUv92DFFQ/3YUaFSBRgDoCTz//4PEGIlF8ItG
BIP4TA+FgwAAAP92JI1GKFD/dQz/dQj/dgj/dhD/dgz/dhToP0X//4vYg8QghduL03Uai9eLz4t2
JIP+AXUVuEyBRgDrGrlggUYA65K5QIFGAOvjg/4CuDiBRgB0AovHUlH/dfD/dfRQaBCBRgD/dQjo
T53//4PEHIXbD4TxAQAAU+jZNf//WenlAQAAg/hEdWX/diSNRihQ/3UM/3UI/3YI/3YQav9qAOi5
RP//i9iDxCCF24vTdROL14vPi3Ykg/4BdQ64TIFGAOsTuUCBRgDr6oP+Arg4gUYAdAKLx1JR/3X0
UGjggEYA/3UI6NOc//+DxBjrgot9CIO/EAEAAAB1IYO/bAEAAAF1B2iaJUEA6wVo2CVBAOhUOAIA
WYmHEAEAAGocagHoaTT//4vYg2MUAP92FOiZOP//iUMMi0YMiUMEi0YQg8QMhcB0A1DrH2iVAAAA
/3UM6KiZ/v+FwFlZdAdob9dFAOsFaHiBRgDoXzj//4t9CFmJQwiLRgiJA1P/txABAADoWD0CADvD
WVl0H/92DP92FGi0gEYAV+ghnP//U+i2NP//g8QU6cAAAAD/dfD/dfRojIBGAFfoApz//4tF9INl
9ACJQxCJXiCDxBCJcxiDv2wBAAABdS9qAP92DGoB/3YUagT/dghqAWocV+g62v//U2gxP0EAag9q
Dov36Ia1//+DxDTrZGpQX+ghov//aHyARgCL8OhOof//agFW6EOg////cwiLxug8of//iwNW6Eag
//+LRQiDxBSDuDgBAAAAVnQJi/DoFqL//+sHUOjSbgAAWYt1CFlTaDE/QQBqUmpR6CC1//+DxBD/
dfTo5jP///918OjeM///i30IWVn/Rfj/dfj/txQBAADojDwCAIvwhfZZWQ+Fufz//19eW8nDVYvs
UVFTVot1DFeNffiNXfzomaL//4N9/AB1F2hQgkYA6DI5//9Qi0UI6OHL//9ZWes//3X4M8CDfggS
/3X8i3UID5TAUP+25AAAAOi6xQIAjZZ8AQAAg8QQgzoAdRM9AIAAAH4MM8lBi8aJCujXsP//X15b
ycNVi+xRi00MU1fozqH//4t9CGiggkYA/7fkAAAAiUX86FaQAgAz2zlfTFlZdSNT/3X8agFqFlfo
19j//2iAgkYA/7fkAAAA6C+QAgCDxBzrd1ZqYGoB6Bwy//9q/4vwU4k+Vv+3aAEAAOhckQMAiUZM
i0X8V4lGBIleEOj/m///iUYIiV4UiV4YiV4cx0YMAQAAAFb/t/gAAADoJzsCAFP/dghqAf92BGoB
ahVX6GHY//+DxEBoiG9GAP+35AAAAOi2jwIAWVleX1vJw1WL7FGLTQxTV+gDof//i30IM9s5X0iJ
Rfx1EVNQagFqFlfoINj//4PEFOtcVmpgagHodTH//4vwi0X8V4k+iUYEiV4Q6Gqb//+JRgiJXhSJ
XhiJXhzHRgwCAAAAiV5UiV5MiV5cVv+3+AAAAOiJOgIAU/92CGoB/3YEagFqFVfow9f//4PEMF5f
W8nDVYvsg+woU1aLdQxXi87ocqD//4199I1d+IlF/OjAoP//i87oXaD///91+IvY/3X0aOzWRQDo
UDf//4t9CIlF5GoAjUXYUP+3EAEAAIld3Oj2OwIAg8QYhcCJRQh1JlP/deRo7IJGAFfo4Zj//2oA
/3X8agFqFlfoP9f//4PEJOnFAAAAamBqAeiSMP//i/BTiT7/deRowIJGAFforpj//4tFCItAGP9w
JI1GTP+3HAIAAFZT/3XkUOi9Pv//i9iDxDCF23QsU2jgbkYAV+h8mP//U+gRMf//VugLMf//agD/
dfxqAWoWV+jO1v//g8Qo61eLRfyDZhAAV4lGBOglmv//M9uJRgiJXhSJXhiJXhzHRgwDAAAAVv+3
+AAAAOhLOQIAU/92CGoB/3YEagFqFVfohdb//2iobkYA/7fkAAAA6N2NAgCDxDD/deTomDD//1lf
XlvJw4tMJAhW6CSf//+LdCQIUGgYg0YAVomGBAEAAOjXl///agBqIVboOtb//2oBagBqADPA6MLa
//+DxCRew1WL7FFRU1aLdQxXjX34jV386Dif////dfz/dfhoPINGAOjRNf//UItFCOiAyP//g8QQ
X15bycNVi+xR9kMUBlaLM4l1/A+F3QAAAFcz/0c5ewx1CoN7UAAPhckAAACLTlD2xQF0DbgAQAAA
OUUIdgOJRQiLRQiZK8LR+DtDNA+MowAAAItFCDtDOHVU9sUEdU9qBFfo8y7//4tNCCtLNFBobkRB
AGhkg0YAi/OJCOgztv//i3X8g8QUg744AQAAAFB0B+iXnf//6wdW6FNqAABZg3tIAot1/Fl0DIl7
SOsHg2NIAIlDPGpdX+g+nf//i/iLQwRX6H6b//+LRQgrQzRX6HKb//+DvjgBAAAAWVlXdAfoSJ3/
/+sHVugEagAAWYtFCFmJQzRfXsnDVYvsUVZXi/iL8YvP6Lad//+JRfxo4aBEAI1F/FD/tvgAAADo
ZDkCAIPEDIXAdCCDeAwFdFuDeBAAdFWLTwiD+Vt0TYP5XHRIuLSDRgDrBbiog0YA/3X8i45cAQAA
i5ZYAQAAUItHCOiXk///UGiIg0YA6FU0//9qAIv4agJXM8DoDdn//1fooC7//4PEIDPAX17Jw1aL
8IO+bAEAAAJ1UGor/7YcAgAA6CST/v+FwFlZdT2LhvgAAACFwHQzUOgDMgIAhcBZdSiLhswAAACF
wHQLUOg1gwEAhcBZfxNqAWoAagC4wINGAOil2P//g8QMXsP/dCQIaNSDRgD/dCQM6IyV//+LRCQQ
g8QM6YT///+LRgyD6ABXiz50SUh0JUh0GEh1U4tGTIXAdAdQ6FA2//9ZaEiERgDrHf92TOjqLf//
6zOLRkyFwHQHUOjwhwMAWWgkhEYA/7fkAAAA6ASLAgBZ6xL/t+QAAACDp/wAAAAA6EKSAgBZVv+3
+AAAAOjuPAIAg79sAQAAAllZdSeNRiBQ6P4x//+DfkAAWXQXaBMeAABoiGRGAGgEhEYA6N6SAwCD
xAxW6HAt//9Zi8df6dD+//+DexAAVoszdXyLQxSLyPfR9sEFdAaDewwGdT2De0AAdTeoAnUzV2ph
X+gQm///i/iLQwRX6FCZ//+DvjgBAAAAWVd0B+gnm///6wdW6ONnAABZg0sUA1lfi0MU99CoCnUk
g3tAAHQXaD0eAABoiGRGAGgEhEYA6FGSAwCDxAyL8+jH/v//XsNVi+yD7BCLTQhWi3UMV4vG6KD9
//+L+IX/iX34D4TEAAAAg38MBXUY/zb/dhT/dgj/d0zoUnIBAIPEEOmmAAAAg38QAFO7iGRGAHUT
aBMfAABTaMyERgDo6ZEDAIPEDItHDIP4BHVOi87oDpv//4P4BYlF/HIEg2X8AI198I1d9OhTm///
/3X0i0X8/3Xw/zSF1FdGAGiYhEYA/3UI6KOT//+LRfj/cEzoiTT//4t9+IPEGOsYg/gGdBNoMB8A
AFNoYIRGAOh7kQMAg8QMi0UIV/+w+AAAAOhKOwIAV+j+K///g8QMW19eycNVi+yD7CyLTQhWi3UM
i8bHRfhkAAAA6LD8//+FwIlF2A+EWQQAAIN4DAV1GP82/3YU/3YI/3BM6GRxAQCDxBDpOwQAAFNX
jX3gjV3o6J2a//+Lzuhzmv//iUXci0XY9kAUAnQEg2XcAItdCDuD/AAAAA+FxwMAAIN94AsPhcQD
AABqC2hQhUYA/3Xo6AO0AwCDxAyFwHUoi87o9Jn//1BoGINGAFOJgwQBAADoq5L//4PEDMdF+GMA
AADphgMAAGoLaESFRgD/dejoxbMDAIPEDIXAD4VsAwAAIUX8i34Uix64b9dFAIlF+IlF6ItGGAP4
D7ZPAoNl7AAr2DPAiifHReABAAAAikcBweAIC8EPtk8DweAIC8GJRdR1CYNl/ADpNAEAAINl5ACD
ZfAAagXo5Cf//4XAWYlF9Hx2jUgEO8t/b40MOA+2QQGKIQ+2UQIPtkkDweAIC8LB4AgLwYtN9I1E
CARQ6K0n//+FwFmJRfR8P41IBDvLfziNDDgPtkEBiiEPtlECD7ZJA8HgCAvCweAIC8GLTfSNRAgE
UOh2J///hcBZdAs7w3UHx0XkAQAAAItF1IPABVDoWif//4XAWYlF1HxxjUgEO8t/ao0MOA+2UQIz
wIohikEBD7ZJA8HgCAvCweAIC8GLTdSNRAgEUOgiJ///hcBZfDyNSAQ7y381M8kD+IovD7ZXAopP
AcHhCAvKD7ZXA8HhCAvKjUQBBFDo8Sb//4XAWXQLO8N1B8dF8AEAAAAzwDlF5HQOOUXwdRPHRfwB
AAAA6w05RfB0BYlF/OsDiUXgg33gAItdCMeDBAEAAIAAAAAPhIgBAACDffwAdCqLzugVmP//i/hX
aECFRgDoDS///1mBx4AAAABZiUX4ibsEAQAA6RwBAACNfdSNXeDoQ5j//4t91IX/i13gdBJTV2g4
hUYA6NYu//+DxAyJRfiD/wR1KVdoMIVGAFPou7EDAIPEDIXAD4WGAAAAi0UIx4AEAQAAlgAAAOnH
AAAAg/8DD4WxAAAAV2gshUYAU+iJsQMAg8QMhcB1EotFCMeABAEAAIgAAADpmQAAAGoDaCiFRgBT
6GOxAwCDxAyFwHUPi0UIx4AEAQAAhAAAAOt2agNoJIVGAFPoQLEDAIPEDIXAdVWLRQjHgAQBAACC
AAAA61NqBGgchUYAU+gdsQMAg8QMhcB1D4tFCMeABAEAAIsAAADrMGoEaBSFRgBT6PqwAwCDxAyF
wHUPi0UIx4AEAQAAjwAAAOsNi0UIx4AEAQAAgAAAAIvO6AiX//+NfeyNXdSJReDoHZf//4N97AB0
Fv911P917GgIhUYA6LAt//+DxAyJReiDfeAAuPiERgB1Bbhv10UA/3XoUP91+GjYhEYA/3UI6EqP
//+LRfiDxBSAOAB0B1Do1Cf//1mLReiAOAB0B1DoxSf//1mLXQjHRfhjAAAA6wfHRfhkAAAAg33c
AHQyi3346HqV//+L8ItF2ItABFbot5P//4O7OAEAAABZVnQJi/PojJX//+sHU+hIYgAAWVlfW17J
w1OLXCQIg2NQAFaLM+jqrP//99gbwCX/v/9/BQBAAABQ6DD3//9ZXlvDVYvsg+wMU1aLdQxXi87o
1JX//419+I1d/IlF9Ogilv//i330hf9+E4P/EHMO/zS9qFRGAGjkhUYA6wZXaLSFRgDopiz//4t1
CFlZi9hT/7bkAAAA6CyEAgBT6Owm////dfz/dfhokIVGAOh9LP//i9hT/7bkAAAA6AiEAgCDxCCF
/34Og/8QcwmLBL2oVEYA6wW4iBdGAP91/P91+FBXaFyFRgDoQyz//1CLxujzvv//U+iUJv//g8Qc
X15bycOLRCQIi0AIVot0JAiLjlwBAACLllgBAABX6EaL//9QaAiGRgDoBCz//2oAi/hqAlczwOi8
0P//V+hPJv//g8QYX17DVot0JAiF9nQog34QAHQii4YQAgAAhcB0GGoA/3QkFP90JBRW/9BW6OG7
//+DxBRewzPAXsOLRCQIVleLfCQMiYfwAAAAi0QkFImH9AAAAIuHGAEAAEhID4SsAAAASA+FrwAA
AGoV/7ccAgAA6H6K/v+FwFlZD4WYAAAAQDmHbAEAAHUjagBqAFBqAFD/t/AAAABQ/7f0AAAAUGoL
V+h5y///g8Qs62yLt/wAAACF9nRiagBqAGg4hkYA6Bqs//+L8IuH8AAAAFbonpH//4uH9AAAAFbo
kpH//1YzwOiKkf//VjPA6IKR//+DxByDvzgBAAAAVnQKi/foVZP//1nrE1foEGAAAFnr9MeHHAEA
AAEAAABfXsNo4aBEAI1EJAxQi0QkDP+w+AAAAOh7LwIAg8QMhcB0CVaL8Ojw9v//XsNVi+xWi3UI
g75sAQAAAXUjjYZ8AQAAgzgAdG+BfQwAgAAAfWaDIACDyf+Lxuhqov//61dTi578AAAAhdt0S4tD
ODlFDH0FK0UM6wIzwFDol/T//1noN6r//4XAdAQzyesJi4b8AAAAi0g4i4b8AAAAg3gcAHQTOU0M
fw6DYBwAg8n/i8boEqL//1uLxl5d6U2d//+LRCQEg7hsAQAAAYtMJAhqAGr/iYgoAgAAi0wkFGoA
iYgsAgAAUHUH6GPP///rBei9FAAAg8QQw1NVi9gz7TlrGFaLM3UXaKESAABoiGRGAGhIhkYA6IGJ
AwCDxAw5axB1cYO+bAEAAAJ1Do1DIFDoliL//4XAWX9aiWsYg75sAQAAAXUXVf9zBGoBahhW6LXJ
//+DxBSDSxQB6zdXamBf6KiR//+L+ItDBFfo6I///zmuOAEAAFlXdAfowJH//+sHVuh8XgAAWYNL
FAFZ6D32//9fXl1bw4tEJASLCIO5GAEAAAR0EDPJQYRIFHUIiUgY6UL////DU4tcJAhWizODvhgB
AAAEdE+LQwyD+AF0HYP4An4yg/gEfy3/c0zoqiv///90JBRolIZGAOsR/3NM6FZ9AwD/dCQUaFiG
RgBW6JeK//+DxBCDYxgAx0MMBgAAAOi49f//XlvDU4tcJAhXizuDvxgBAAAEdEmDv2wBAAABVnUH
vgCAAADrGotzODl0JBR9CIvGK0QkFOsCM8BQ6MLy//9Zg3scAHQXOXQkFH8Rg2McAF6Lx1+Dyf9b
6VWg//9eX1vDVYvsUYtNDFZX6E2R//+JRfzoRZH//4v4aOGgRACNRfxQi0UI/7D4AAAA6PEsAgCL
8IPEDIX2dC6DfgwEdRv/dkyDZhAAg2YcAIl+BMdGDAMAAADocyv//1mDfhgAdAeLxugb/v//X17J
w1WL7FFTVleLfQyLz+jgkP//i10IiUX8aOGgRACNRfxQ/7P4AAAA6IssAgCL8IPEDIX2D4TSAAAA
g34QAA+FwQAAADPbQ4N/CBh1U4tOFPbBBHVLi0YMg8kESIlOFHQVSHQiSHU5i0ZMhcB0GFDo4Cr/
/+sNi0ZMhcB0CVDomX0DAFnrGoTLdRZqAP92BFNqGP91COiPx///g8QUCV4Ug38IGXUoi0YUqAh1
IYTDdRn/dfxoAIdGAOg6J///UItFCOjpuf//g8QMg04UCItGFIvI99H2wQV1G6gCdRdqAP92BFNq
Gf91COg7x///g8QUg04UAotGFPfQqAp1Peg58///6za5tINGAOsFuaiDRgCDfwgYuG/XRQB0Bbjw
hkYA/3X8UVBoxIZGAOjIJv//UIvD6Hi5//+DxBRfXlvJw1WL7IPsDIN7LACLA1aJRfQPhpwAAABX
jXMgVuiLH///hcBZD46IAAAAjUX8UI1F+FBW6Hwf//+LQyyDxAw5Rfx2A4lF/ItDMDlF/HYDiUX8
al5f6JaO//+L8ItDBFbo1oz//+gEjf///3X4i3386GWN//+LRfSDuDgBAAAAWVlWdAmL8OiXjv//
6wdQ6FNbAABZWf91/I1DIFDoniX//4tF/ClDLIN7LABZWQ+HZv///1+NQyBQ6PAe//+L8IX2WXUM
OUMYdAeLw+gL/P//i8ZeycNTi9j2QxQBdSboH////4XAdR2LQwxIdA5ISHUT/3NM6LUo///rCP9z
TOhtegMAWVvDi0wkBFNXi3wkEIvH6Nfw//+L2IXbdE2DewwFdRX/N/93FP93CP9zTOiQZQEAg8QQ
6zJWi3NAhfZ1Dlf/dCQU6EP5//9ZWesb/3YEV1P/FotGCFaJQ0DouB///4PEEOhJ8v//Xl9bw4tM
JARWV4t8JBCLx+hw8P//i/CF9nQZg34MBXUW/zf/dxT/dwj/dkzoKWUBAIPEEF9ew/ZGFAF194vP
6AiO//8BRixfi8Ze6Rz///9Ti9iLQxSoBHV5g8gEiUMUi0MMg/gBdQv/c0zoBXsDAFnrW4P4AnUO
g3tcAHVQU+iN+///6+qD+AN1Cv9zTOgaKP//69uFwHU1VoszOYYkAQAAdR//tuQAAADoG28DAIXA
WXUIOYYoAQAAdAdT6E/7//9Zx4YkAQAAAQAAAF7odvH//1vDi0wkBFaLdCQMi8booO///4XAdBmD
eAwFdRX/Nv92FP92CP9wTOhbZAEAg8QQXsNe6Ub///+LTCQEU1aLdCQQV4vG6Gnv//+L2DP/O98P
hKoAAACDewwFdRj/Nv92FP92CP9zTOgcZAEAg8QQ6YwAAACLw+gD////i0QkEPZAUQh1IOsZi3NA
/3YEV1P/FotGCFaJQ0DoQR7//4PEEDl7QHXi9kMUAXVDi0MMK8d0IUh0EkhIdSRqAf9zTOjRJv//
WVnrFmoB/3NM6It4AwDr8ItEJBCJuNgAAACNQyBQ6GIi//9T6FP6//9ZWYtDFKgIdQuDyAiJQxTo
d/D//19eW8OLTCQEU1aLdCQQi8bonu7//4vYhdt0GYN7DAV1Fv82/3YU/3YI/3NM6FdjAQCDxBBe
W8ODexAAV7+IZEYAdRNo1x4AAFdozIRGAOjwggMAg8QMi87oHYz//4NjEACJQwToEYz//4lDLOgJ
jP//iUMwi0MMg/gEdReLQ0yFwMdDDAMAAAB0KFDoWib//1nrH4P4BnUH6Nrv///rE2j2HgAAV2hc
h0YA6JSCAwCDxAyDexgAXw+Ed////16Lw1vp2vj//1WL7ItFDIP4DFZ1Yot1CIO+GAEAAAN0D8eG
IAEAAAEAAADpZwIAAIO+bAEAAAF1D2oAahNW6LDC//+DxAzrGIuG/AAAAIXAdA5Q6Cr5//+DptgA
AAAAWWgYiEYA/7bkAAAA6Ot5AgBZWekgAgAAg/gPU1cPhL4BAACD+AYPhLUBAACD+BF1QItFCDPJ
OYhoBgAAD4X0AQAAOYjEAAAAD4XoAQAAg7hsAQAAAg+F2wEAAFFq/2gIiEYAUOh/NwAAg8QQ6cUB
AACD+AF1fIt9CIuHGAEAAIP4BA+ErgEAADPbO8MPhKQBAACDv2wBAAABdRVo4IdGAP+35AAAAOhR
eQIA6YQBAACLt/wAAAA78w+EeAEAAFNTaNiHRgDoiKL//4vwVjPA6BCI//+DxBA5nzgBAABWdAyL
9+jkif//6UkBAABX6T0BAAAz24P4EnUFuzCFRgCD+BN1BbvQh0YAg/gUdQW7LIVGAIP4FXUFu8yH
RgCD+BZ1BbsohUYAg/gXdQW7JIVGAIP4GHUFuyhJRgCD+Bl1BbvEh0YAg/gadQW7OElGAIP4G3UF
uxyFRgCD+Bx1BbsUhUYAg/gddQW7vIdGAIP4HnUFu7SHRgCF2w+EuAAAAIt9CIO/bAEAAAIPhagA
AACLt/wAAACF9g+EmgAAAGoAagBorIdGAOioof//U4vw6CCI//+DxBCDvzgBAAAAVnQJi/foBYn/
/+sHV+jBVQAAWVlTaJiHRgBX6EuC//+DxAzrVYtdCIuDGAEAAIP4BHRHhcB0Q4O7bAEAAAF1HPZD
UAF1NGoAaG/XRQBqBGogU+iBwP//g8QU6x72Q1ECdRhqAl/oc4j//4vw6OqG//9WU+hbVQAAWVlf
W15dw1OLXCQI/0tciwNWi3QkEIX2i9Z1CmoFuiyIRgBZ6wSLTCQUg7hsAQAAAnUVUVKNQyBQ6N0e
//+DxAzoMfn//+sZagBRUmoDUWoB/3MEagFqF1DoAsD//4PEKIX2dAdW6CMa//9Zg3tcAHUN9kMU
BHQHU+hx9v//WV5bw1WL7FOLXQiLA4O4GAEAAAR1BDPA60GDuGwBAAABdSFqAP91EP91DGoD/3UQ
agH/cwRqAWoXUOijv///g8Qo69L/dRCNQyD/dQxQ6Eoe//+DxAzonvj//1tdw1WL7IPsEFNWi3UM
V4vO6DuI//+NffiNXfyJRfToiYj//2jhoEQAjUX0UItFCP+w+AAAAOjbIwIAi/CDxAyF9g+ESQEA
AItODDPASQ+EEQEAAEl0GkkPhRgBAAD/dfj/dfz/dkzoKCL//+kCAQAAi1346eAAAACLRlRqBF87
x3MhK/g7+3ICi/tX/3X8jUQwUFDoWYIDAAF9/IPEDCvfAX5Ug35UBHU5D7ZOUjPAjX5QiidqAYpG
UcHgCAvBD7ZOU8HgCAvBg8AEUIlGWOgXGP//agRXUIlGTOgSggMAg8QUi0ZUg/gEcimF234li35Y
K/g7+3ICi/uLTkxX/3X8A8hR6OmBAwABffyDxAwr3wF+VItGWDlGVHU9/0ZcVmjsokEAjU34UY1N
8FFQ/3ZM6Ik3AwCDxBiFwHQP/3X4/3XwVujl/f//g8QM/3ZM6GEY//+DZlQAWYXbD48Y////M8Dr
Ef91+P91/P92TOgodwMAg8QMg34cAHUVPQCAAAB+DotFCDPJQYlOHOi2lf//X15bycNVi+xTVleL
8IuGlAEAADPSK8JqAVu/TRYAAA+EPwQAACvHD4R2AwAAg+gqD4QaAgAAg+gpD4R7AQAAg+gVD4SK
AAAAg+g5dAuJlpQBAADpqgUAADvKdDeLSQiD+Q4PhJAFAACD+Q8PhIcFAABRaDiJRgDoSR3//1CL
xuj5r///g8QMg6aUAQAAAOlvBQAAOVUMD45cBQAAM9tDvwACAAA5fQx9A4t9DGoAV/91CGoDV1Nq
EFboOL3//yl9DAF9CIPEIIN9DAB/0ukmBQAAO8oPhEIBAACLSQiD+Q50CoP5D3QK6cwCAACD+Q91
DWgYiUYAVuhrgf//WVloBIlGAP+25AAAAOhQdAIAM9tDiV486Ed2AQBo3IhGAP+25AAAAImGiAAA
AOgvdAIA6Fx6AQBosIhGAP+25AAAAImGjAAAAOgUdAIAg8QYahP/thwCAADodHz+/2op/7YcAgAA
i/joYXv+/4PEEIXAdCpqFP+2HAIAAOhRfP7/hcBZWXQXahT/thwCAADoPnz+/1lZi/iJnkgBAACA
PwAPhNIDAABqAFdqBGoNVuhGvP//g8QUM//pyQMAADvKD4TSAQAAi0kIg/kOdAqD+Q90CunkAQAA
g/kPdVJo0HBGAFbog4D//1kz21lDiZ7cAAAAiZ7gAAAAahb/thwCAADoyHr+/4XAWVkPhEH///9q
AGoGU2olVujdu///g8QUx4aUAQAAtRYAAOnXAwAA/7bsAAAA/7boAAAAaPRwRgBW6Ed9//8z24PE
EEOJnigBAADrpTvKD4QOAwAAi0kIg/kOdAqD+Q90CulOAQAAg/kPdQpoEHBGAOm4AQAAaChwRgD/
tuQAAADo1XICAFlZiV5Mx4awAgAAM4pBAP+2HAIAAFboMNr//2oV/7YcAgAAx4a4AgAAiotBAOgP
ev7/g8QQhcAPhSP///+NhuwAAABQjZ7oAAAAU2jIcEYAuQCWAABqL/+2HAIAAIkLiQjo33r+/1lZ
UOhtmgMAagpf6M6C//9qLv+2HAIAAIv46MB6/v9Qi8foHoL//4uG9AAAAFfoJIH//4uG8AAAAFfo
GIH//1czwOgQgf//VzPA6AiB//9XaO9AQQDobHz//2jAAAAAV+jdgP//i4bsAAAAV+jmgP//g8RA
aMEAAABX6MOA//+LA1fo0ID//2oAV+izgP//g8QUi9+Lxuj1uP//x4YYAQAAAgAAAMeGlAEAAKAW
AADpXwIAADvKD4QvAQAAi0kIg/kOdB6D+Q90HmiciEYA6AMa//9Qi8bos6z//1lZ6bb8//+D+Q91
bWiIcEYA/7bkAAAA6HhxAgBZWWiQAAAA/7YcAgAA6NJ4/v+FwFlZD4SW/v//i4YcAgAAUGiRAAAA
UOi6ef7/WVlQ6GlmAwCFwFlZiYZgAQAAD4W5AAAAaGCIRgD/tuQAAADoInECAFlZ6VX+//9opHBG
AP+25AAAAOgLcQIAWVmJXkjHhsACAAD+ikEA64S4vIlBAImGjAIAAImGiAIAALgem0EAVseGmAIA
ALSaQQDHhpwCAACHQEEAiYaoAgAAiYakAgAAx4agAgAAwaNBAMeGlAIAAOGMQQDocpf//4XAWQ+E
K////2hEiEYA/7bkAAAA6JFwAgBqAGoeVugfuf//g8QUib6UAQAA6R0BAABokgAAAP+2HAIAAOjV
d/7/UP+2aAEAAOhBYwMAi45gAQAAiYZkAQAAiUgcaPRvRgD/tuQAAADoPnACAIuGZAEAAIPEGIRe
RGoAdCGLjmABAAD/cQxT/3AQagT/cAxqBGoiVuiquP//g8Qk6xX/cBBqBP9wDGoEaiJW6JO4//+D
xBzHhpQBAAB3FgAA6Y0AAAAz/1dqDFbodrj//4PEDGg0iEYA/7bkAAAA6MtvAgA5vhwBAABZWceG
GAEAAAMAAAB0Ff+29AAAAP+28AAAAFboV+z//4PEDDm+IAEAAHQKagxW6ED1//9ZWYtGFDvHdAxX
V1dQ6HTf/v+DxBBofyVBAIme2AAAAOhEFQIAWYmG+AAAAMeGlAEAAO4WAABfXltdw1WL7FaLdQiD
vhgBAAAEdFVXi30Uhf90FItHCIuEhkQCAACFwHQGV1b/0Os2g74MAgAAAHUeV/91EP91DFbo9bz/
/4PEEIXAdBvHhgwCAAABAAAA/3UQi8//dQyLxuic+f//WVlfXl3DVYvsg+wQi00IVot1DIvG6Hbi
//+FwIlF8A+EDgIAAIN4DAV1GP82/3YU/3YI/3BM6CpXAQCDxBDp8AEAAIN+CF91EIvO6AeA//+D
+AEPhdoBAABTV4199I1d/OhNgP//i038hckPhMABAACLXfCLffSLQwyDZfgAKXs0KXs8g+gAD4Qk
AQAASA+EDgEAAEgPhPkAAABID4UvAQAAV1H/c0zo7hn//+n7AAAAi0NUagReO8ZzISvwO/dyAov3
Vv91/I1EGFBQ6Cd6AwABdfyDxAwr/gFzVIN7VAR1OA+2Q1EPtktSjXNQiiZqAcHgCAvBD7ZLU8Hg
CAvBg8AEUIlDWOjmD///agRWUIlDTOjheQMAg8QUi0NUg/gEcimF/34li3NYK/A793ICi/eLS0xW
/3X8A8hR6Lh5AwABdfyDxAwr/gFzVItDWDlDVHVB/0NcU2jsokEAjU3wUY1N9FFQ/3NM6FgvAwCD
xBiFwHQP/3Xw/3X0U+i09f//g8QM/3NM6DAQ//+DY0wAg2NUAFmF/w+PFf///4Nl+ADrL1dR/3NM
6PVuAwCDxAzrHTPAg34IX1cPlMBRUItFCP+w5AAAAOhEogIAg8QQiUX4g3s8AH8Yg3tIAnUSi0M4
PQAAAEB9CAUAQAAAiUM4i0M4OUX4fQUrRfjrAjPAUOiY3///i334O3s4WX8Qi3UI6C2V//+FwHQY
hf9+FIN7HAB1DotFCDPJQYlLHOgcjf//X1teycNVi+yD7CRTVot1CFcz/zm+pAEAAHUWaOgAAABq
AeiZDv//WYmGpAEAAFmJOIuepAEAAIsDM9K5uCUAAEI7wYld/A+PRRMAAA+EHhAAALlSIwAAO8EP
j0EGAAAPhC0GAAArxw+E8QAAAC0sIgAAD4SRAAAAg+gLdF6D6Fh0MC2EAAAAD4XpFQAAOX0UD4XF
HQAA/3UQ/3UM/3M86GyhAgCDxAyJvtgAAADpJBwAADl9FA+FJQsAADl9EA+PQwMAAIuGKAIAAIuO
LAIAAIlF7IlLdOk6AwAAi0UUO8cPhGMBAACDeAgGD4RkAQAAaACSRgDoMRT//1CLxujhpv//WVnp
bRUAAItFFDvHD4QiAQAAg3gIBnUDiVMIOXsID4UxAQAAagVf6DN8//+Nu7gAAABo8JFGAIkH6Fp7
//+DvjgBAAAAiz9ZVw+E8AAAAIt1COg6fP//6eoAAAC4Rk9BAImGXAIAAImGDAMAAImGEAMAAImG
FAMAAImGGAMAAImGNAMAAImGOAMAAImGhAMAAImGiAMAAImGjAMAAImGrAMAAImGsAMAAImGtAMA
AImGuAMAAImGvAMAAImGwAMAAImGxAMAAImGyAMAAIl7CIl7OIl7NIl7bIl7LDm+xAAAAHVuaiH/
thwCAADoPXL+/4XAWVkPhSD///9qBV/oXHv//427uAAAAGjgkUYAiQfog3r//4O+OAEAAACLP1lX
dAqLdQjoZ3v//+sHVugjSAAAWVnHAywiAADpMigAAFboEEgAAFlZxwM3IgAA6R8oAACJUzSNhkwB
AABQ6KwL///HhhgDAACSSUEAOXs0WYl7UA+FEAQAAGoe/7YcAgAA6AB1/v9QiYO8AAAA6PMAAwCD
xAyFwA+F9gAAAP+zvAAAAOi9AAMAUGg0fEYAVug6dP///7O8AAAA6Gz/AACDxBSD+AOJRex1eo1F
7FCNQ2BQjUNUUI1DXFD/s7wAAADoAPwAAIPEFDvHiUNQdBZX/7O8AAAA6P/9AABZWYlDWOmOAAAA
/3XsaBR8RgBW6Ntz//+DxAz/dez/s7wAAADoQQADAFlQaOR7RgDo+hH//1BWiUXo6JJ2////dejo
Rwz//+tM/3Xs6MP/AABQaMB7RgBW6JZz////dezor/8AAIPEFFD/s7wAAADo9v8CAFlQaJh7RgDo
rxH//1BWiUXo6Ed2////dejo/Av//4l7UIPEGIm7gAAAAIl7bIl7eGoa/7YcAgAA6INw/v+FwFlZ
D4TTAgAA6MQqAwCFwA+ExgIAAGi8d0YA/7bkAAAA6PBoAgBWaP2YQQCNS3RRjU3sUY1DZGoFUMYA
AMZDZQDGQ2YAxkNnAcZDaAvolCoDAIPEIIXAdQvHA48iAADpYSYAAItF7DvHiUNsD4RYAgAAg3t0
BQ+MTgIAAIB4BAwPhUQCAAAPtlAHM8mDwAWKKIlF9IpIAQ+2QAPB4QgLysHhCAvIUehTCP//O8dZ
iYOAAAAAfRpQaKyRRgBW6H9y//+DxAyJu4AAAADpDAIAAItV9ItLdIPCBIPpCTvHiVXoiVXwiU30
iX34D46mAAAAg330BA+MZAEAAItF8A+2UAIzyYooikgBD7ZAA8HhCAvKweEIC8hR6OIH//8z/zvH
WQ+MXAEAADtF9A+PUwEAAGr8WSvIAU30i03wjXwBBA+2TwIzwIonikcBweAIC8EPtk8DweAIC8FQ
6KAH//+FwFkPjAYBAAA7RfQPj/0AAABq/FkryAFN9P9F+I1EBwSJRfCLRfg7g4AAAAAPjF////+L
Vegz//+zgAAAAIlV9GiQkUYAVuiXcf//g8QMOXtQD4QmAQAAObuAAAAAiX34D47oAAAAi0X0D7ZQ
AjPJiiiKSAEPtkADweEIC8rB4QgLyFHoFwf//1mLS1Q7wYmDkAAAAHUbi0X0Uf9zUIPABFDodJID
AIPEDIXAD4SAAAAAi030i4OQAAAAjUQBBA+2UAIzyYooiUX0ikgBD7ZAA8HhCAvKweEIC8hR6L8G
////RfhZi030jUQBBIlF9ItF+DuDgAAAAA+Maf///+tPaHCRRgBW6Nhw//8z/+tVaHCRRgBW6Mlw
//+Do4AAAAAAM//rV2hwkUYAVuizcP//6zL/dfhoJHdGAFboo3D//4tF+IlDfItF9IPEDIlDeDl7
eHUqaGR5RgD/tuQAAADoVGYCAIm7gAAAAOsQaOh2RgD/tuQAAADoPGYCAFlZiXtM6b8VAAA5fRQP
hBsTAADpNBQAAC0CJAAAD4QuBgAAg+hFD4QnBQAAg+hJD4SHAQAAg+gkD4RZAQAALbMAAAAPhaUP
AACLRRQ7xw+EViEAAIN4CDx0F2hIkUYA/7bkAAAA6NJlAgBZWenHEwAAjX3wjV3si/DofHf//4td
/ItV8ItF7I2L0AAAAIlN7IkRi4vIAAAAjXECO9aJg9QAAAAPhdsAAACAOAYPhdIAAAAPvlABO9EP
hcYAAABR/7PMAAAAg8ACUOjRkAMAg8QMhcAPhasAAACLdQiLg8AAAACNu+AAAABX/7Z4BgAAUP9Q
DIPEDIXAiYPkAAAAdCaD+AN1GmgYkUYA/7bkAAAA6CdlAgCLXfxZWekZEwAAaPyQRgDr5IuDwAAA
AI2LxAAAAFFQ/1AcWVkzyTvBiYPkAAAAdCNozJBGAP+25AAAAOjnZAIAi5vAAAAAV1P/UxCLXfzp
zRIAAItF7IkIiYvUAAAAiYvYAAAAiYvcAAAA6c0IAACLRQhomJBGAP+w5AAAAOl5////OX0UD4WB
AQAA/3UQ/3UM/3M86NqZAgCDxAyJvtgAAADptgAAAItFFDvHD4Q5HgAAg3gIPHQPiVMMx0MEAgAA
AOlcEgAAaHiQRgD/tuQAAADoUGQCAPYFWOVHAAFZWXQiaFSQRgBW6ENx////c2BW6Dpx//9oUJBG
AFboL3H//4PEGDv/iX30D4U3AQAAOXtYdHb/tuQAAADo6wj//4lDPIk4xwQkfHZGAOgxCv//WYtL
PFeJQQT/c2BoXHZGAOhJDP//WVlQ/3M86OoI//9XV/9zPOgZmQIAg8QYO8cPjJ0AAAAPhKwAAACL
QzyLQBiLAP9wCOjmCf///3M8iUX46HkJ//9ZWesDiX34ah7/thwCAADoUG7+/41N5FH/dfiJg7wA
AABQ6IjuAACDxBQ5ffiJRfR0HP91+OhaaAMAUP91+Oik+gIA/3X46BwG//+DxBCBffT4tEcAdAU5
ffR1ZDl9+HQ4gX30+LRHAHUvaDyQRgBW6DVw//9ZWekC////x4bYAAAAAQAAAMcDtCQAAOm/IAAA
/3M86csfAABoHJBGAFboBnD///915Fbo/W///2gYkEYAVujyb///g8QY6d0QAABqMl/odnP//4tN
CImDuAAAAP+xJAIAAOibcv//i4O4AAAAxwQk8JFGAOiJcv//i4O4AAAAxwQkDJBGAOh3cv//agH/
s7gAAADoZ3H//4t19IsG/3Awi4O4AAAA6Fdy//+LBo1N6FH/dgT/UAyLs7gAAACJRezognH///91
7It96IuzuAAAAOjdcf//i4O4AAAAiwiLRQiLkLwAAACDxBz2QFCAjUwR/4lN+HQEg234BGoB/3X4
6CME//+LdQhZM//2RlCAWYlF8HUpio6/AAAAiAiKjr4AAACISAGLjrwAAADB+QiISAKKjrwAAABq
BIhIA1//trwAAACNhpwAAABQi0XwA8dQ6NltAwCLg7gAAACLCItAEAO+vAAAAIPpBYPABVFQi0Xw
A8dQ6LVtAwCLg7gAAACLAI1EOPuDxBg7Rfh0F2gUJQAAaIhkRgBo+I9GAOi1aQMAg8QMi330iweN
TdxR/3X4/3Xw/3cE/1As/3Xci03oi1XsUP+zuAAAAIlF9IvG6Bl0////dezoFgT///919OgOBP//
/3Xw6AYE//+Lg7gAAACDxCiDvjgBAAAAUHQH6Pdx///rB1bosz4AAFlZaNyPRgD/tuQAAADoDmEC
AMdDBAEAAAD/dwSLB/9QBP93COi9A///V+i3A///g8QU6eUOAAA5fRR0Cmgse0YA6Qv1//85fRAP
jycEAACLhigCAACJReiLhiwCAACLdQiNu6AAAACJB4tF6P+zrAAAAImDsAAAAOhpA///i4OwAAAA
hcBZD4S9AAAAiz+D/wkPjP4DAACAeAQOD4X0AwAAD7ZQBzPJimgFg8f3ikgGD7ZACMHhCAvKweEI
C8g7zw+HzwMAAGgQe0YA/7bkAAAA6EpgAgCLg7AAAAAPtlAHM8mKaAWDwAmKSP3B4QgLyg+2UP/B
4QgLyouThAAAAFGLi5AAAABQ/7O4AAAAi8bozXL//4uDuAAAAIPEFIO+OAEAAABQD4RWAwAA6L9w
///pUwMAAItFFDvHD4S+GAAAg3gIPHQbiVMMg3t4AA+EWwMAADPAQIlDJIlDIOm7DQAA9gVY5UcA
AXQraFSQRgBW6LRs////s5gAAAD/s4wAAABW6HFs//9oqHlGAFbol2z//4PEHGoyX+ggcP//i00I
iYO4AAAA/7EkAgAA6EVv//+Lg7gAAADHBCTwkUYA6DNv//+Lg7gAAADHBCQMkEYA6CFv//9qAf+z
uAAAAOgRbv//i7O4AAAA6E5u////s4gAAACLu5QAAACLs7gAAADoo27//4uzuAAAAOgsbv///7OE
AAAAi7uQAAAAi7O4AAAA6IFu//+LTQiLg7gAAACLAIuRvAAAAI1EEP+DxBSJg5wAAAD2QVCAdAmD
wPyJg5wAAACLg5wAAACLi5AAAACNRAgNiYOkAAAAg8AEagFQ6KgA//+Ki6cAAACJg6wAAACICIuD
rAAAAIqLpgAAAIhIAYuDpAAAAIuLrAAAAMH4CIhBAoqLpAAAAIuDrAAAAIhIA4uDrAAAAIPABImD
qAAAAMYADf+DqAAAAIuDqAAAAIqLkwAAAIgIi4OoAAAAiouSAAAAiEgBi4OQAAAAi4uoAAAAwfgI
iEECi4OoAAAAiouQAAAAiEgD/7OQAAAAg4OoAAAABP+zhAAAAIuDqAAAAFDo/GkDAIuDkAAAAAGD
qAAAAIuDqAAAAIqLnwAAAIt1CIgIi4OoAAAAioueAAAAiEgBi4OcAAAAi4uoAAAAwfgIiEECi4Oo
AAAAioucAAAAiEgDg4OoAAAABIuDqAAAAIPEFPZGUIB1RYqOvwAAAIgIi4OoAAAAio6+AAAAiEgB
i4a8AAAAi4uoAAAAwfgIiEECi4OoAAAAio68AAAAiEgDg4OoAAAABIuDqAAAAP+2vAAAAI2OnAAA
AFFQ6EFpAwCLhrwAAAABg6gAAACLg7gAAACLEItAEIuLqAAAAIPqBVKDwAVQUegWaQMAi4O4AAAA
iwCD6AUBg6gAAACLg6gAAADGAACLg6gAAADGQAEAi4OoAAAAxkACAIuDqAAAAFbGQAMAaP2YQQCN
u6AAAABXjUXoUIuDpAAAAIPABFD/s6wAAADohR4DAIPEMIXAD4Xz+///xwNHJAAA6U4aAABW6Cw6
AABZWcdDBAEAAADptPz//2jsekYA6OgE//9Qi8bomJf//1lZ6R4aAAD/Q3yLQ3w7g4AAAAAPjFwK
AADHQyQBAAAA6VAKAACLRRQ7xw+EOwkAAIN4CD10IWiwj0YA/7bkAAAA6DNcAgBZWceD5AAAAAQA
AADpcAEAAI198I1d7Ivw6NNt//+LReyLTfyLVfCJgdQAAACNgdAAAACJReyJEIO55AAAAAEPhTkB
AACLXfyLdQiLu8AAAACNg9gAAABQ/3Xsaib/thwCAADoN2P+/1lZUP+z4AAAAI2DxAAAAFD/s8AA
AAD/VxSDxBiFwImD5AAAAHQJg/gBD4WWAAAAaIyPRgD/tuQAAADojFsCAIO72AAAAABZWXRmaj1f
6BZs//+L8ImDuAAAAOiHav///7PcAAAAi7vYAAAAi7O4AAAA6Nxq//+Lg7gAAABZi00Ig7k4AQAA
AFB0CYvx6Als///rCf91COjDOAAAWYuDwAAAAFmNi9gAAABRUP9QGFlZg7vkAAAAAQ+EigAAAItN
/OkL////aGCPRgD/tuQAAADo9loCAIuDwAAAAI2LyAAAAFH/s8QAAABQ/1Asg8QUhcB1I4t1/ItF
CIHGzAAAAP82/7DkAAAA6L9aAgD/Nuh+/f7/g8QMi138g7vkAAAAAHQyjYvgAAAAjbPAAAAAiwZR
UP9QEIs2jYPEAAAAUFb/ViDpfQgAAItd/Lm4JQAA6WkHAACLRQhoOI9GAP+w5AAAAOhkWgIAM//o
+mr//4mDuAAAAIsIi/CJTejoZmn//4tFCIu4vAAAAIuzuAAAAI2InAAAAFHot2n//2oy/7O4AAAA
6PZo//+LRQj/sCQCAACLg7gAAADo5Wn//4uDuAAAAGjwkUYA6NVp//+Lg7gAAABoKI9GAOjFaf//
i4O4AAAAi0gQA03ojVXgiYvMAAAAiwArRehSjYvIAAAAUf+zxAAAAIkBi4PAAAAAUP9QJGpCX+hQ
av//i/CJg7gAAADowWj///915It94IuzuAAAAOgcaf//i00Ii4O4AAAAg8Q0g7k4AQAAAFB0CYvx
6Edq///rCf91COgBNwAAWYuDwAAAAFmNTeBRUP9QKIuDwAAAAINjDACNi+AAAABRUP9QEIuDwAAA
AI2LxAAAAFFQ/1Ag6Ur2//+5BycAADvBD4+0AgAAD4SJAgAALfwlAAAPhF0BAACD6FkPhC8BAACD
6CZ0Q4PoHnQZg+gvD4WrAgAAOX0UD4RoFgAAi8LpTAQAADl9FA+FkxUAAP91EP91DP9zPOgejgIA
g8QMib7YAAAA6WkVAAA5fRQPhBECAACLdRSDfgg8D4UPAgAAjX30jV3c6GFq//+NffiNXeToVmr/
/4196I1d7OhLav//i0UI/7DkAAAA6GL9/v+Ldfwz/1mLTRSJRjxHiTjozWn//zPbO8OJRkCJXfB+
XIt1FI197I1d6OgPav//i87o5Wn//4N97AB1DsdF6OSmRwDHRewgAAAAUP916P917Gjs1kUA6IwA
//+LdfyDxAxQ/3Y86Cn9/v+DxAz/RfCLRfA7RkB8qTP/M9tHOV30dG3/ddz/dfRoFI9GAOhVAP//
i048iUEEi0Y8g8QMiXgI62M5fRQPhcUAAAD/dRD/dQz/czzoEo0CAIPEDIm+2AAAAOmbAAAAi0UU
O8cPhN0TAACDeAg8D4To/v//iVMMx0MEBwAAAIlTMOmNBQAAaPiORgDowf3+/1mLTjyJQQSLRjyJ
WAg5XkB1Ejld9HUNOV34dQ2LRjyJWBDrMTld+HQHuMB4RgDrBbhv10UA/3Xk/3X4UGjEjkYA6Kj/
/v+LTjyJQQyLRjyDxBCJeBBTU/92POh0jAIAi138i3UIg8QMM/87x30Vx4bYAAAAAQAAAMcDVSYA
AOmzFAAAD4S+EwAAaj1f6JNn//+Jg7gAAABQi0NA6M9l//8z/zl7QFl+HotDPItAGIsEuP9wCIuD
uAAAAOieZv//Rzt7QFl84v+zuAAAAFbo1qL///9zPOiF/P7/g8QMxwN7JgAA6U4UAACJUwzpkwQA
ADl9FA+FgAMAAP91EP91DP9zPOjMiwIAg8QMib7YAAAA6dMCAAAtSicAAA+EvwEAAIPoaQ+EEQEA
AC2FAAAAD4SFAAAAg+gtdAeJO+n2EwAAi0UUO8eJu7QAAAB0Df9wCGg4iUYA6VUHAACLhvwAAAA7
x3Qc/3UQg8Ag/3UMUOhn/f7/g8QMx4O0AAAAAQAAADm7tAAAAA+EUAsAAIl9CFfrEYN4DAV0Behs
2P///0UI/3UI/7b4AAAA6GMBAgA7x1lZdd7pIwsAAItFFDvHD4SbCgAAi0AIg/hjdFeD+GR0C1Bo
hI5GAOnTBgAAOb5IAQAAdTVqFP+2HAIAAOgGXv7/gDgAWVl0IWhYjkYA/7bkAAAA6H9VAgBZWceG
SAEAAAEAAADpiwkAAGgwjkYA6ZXp//9oGI5GAP+25AAAAOhUVQIAWVnpRAoAAItNFDvPD4RlCwAA
g3kIW3QKaPiNRgDpY+n//+iPZv//i5b8AAAAO0IIdApoxI1GAOlJ6f//6HVm//+LlvwAAACJQgSL
hvwAAACJeBCLhvwAAACJeAzoVWb//4uW/AAAAIlCLOhHZv//i478AAAAiUEw/7b8AAAA/7b4AAAA
6BYAAgD/tuQAAADoE1wCAGiwjUYA/7bkAAAA6LBUAgCDxBTp+AYAADl9FA+EbQIAADPAi00Ug3kI
PA+FaQIAAIl96DvHv4yNRgB1Bb9sjUYAi3UIV/+25AAAAOhwVAIAV1bocmH//2iAFkYAVuhnYf//
i3UUjX3kjV3c6A5m//+LRQj/sOQAAADoJfn+/4t1/DP/iUY8R2hYjUYAiTjoZ/r+//913ItOPP91
5IlBBGjs1kUA6H78/v+LTjyJQQyLRjyJeBCDxCwz/1doHI1GAOg1+v7/WVD/djzoBPn+/4PEDFdo
BI1GAOgd+v7/WVD/djzo7Pj+/4PEDFdo7IxGAOgF+v7/WVD/djzo1Pj+/4PEDIveM8A5RegPheYA
AABQUP9zPOjziAIAi3UIg8QMM/87x3x+D4SOAAAAi0M8i0AYiwCLQAiAOAB0L/9zSOhwWAMAUP9z
SOi66gIA/3NI6DL2/v+LQzyLQBiLAP9wCOiW+f7/g8QUiUNIi0M8i0AYi0gI/3EIi0AE/3AI6OJa
AwD32BvAWUBZiUXoD4Vz////aNCMRgBW6C1g//9ZWelh////x4bYAAAAAQAAALkHJwAAiQvpthAA
AP9zPOjX+P7//3NI6OpXAwBQ/3NI6DTqAgD/c0jorPX+/4t1CGoBag1oBHZGADPA6ACg//+DxCDp
dxAAAGoyX+hgY///i3UIiYO4AAAA/7YkAgAA6IVi//+Lg7gAAADHBCTwkUYA6HNi//+Lg7gAAADH
BCSUc0YA6GFi//9qAf+zuAAAAOhRYf///3NIi4O4AAAA6EZi//+LQzyLQBiLQAT/cAiLg7gAAADo
L2L///9zPOgp+P7//7O4AAAAVuhmnv//aLyMRgD/tuQAAADoNVICAIPEKMcDSicAAOnWDwAA/3NI
x0MMAQAAAOgLVwMAUP9zSOhV6QIA/3NI6M30/v+DxBAz/zl7DIl99Il9+A+EBgMAAIt1CI2GTAEA
AFDoPvP+/zvHWYlF8HRV9gVY5UcABXRMagFQ6Mfz/v//dfCJRexQjYZMAQAAUOg48/7/g8QU9gVY
5UcAAv918P917HQIV+g8Xv//6wv/tuQAAADoyIYCAIPEDP917OhO9P7/WY2GTAEAAFDoq/j+/4tF
FItACIP4NFl1IGisjEYA/7bkAAAA6F9RAgAzwEBZWYlDOIlDNOncAAAAg/gzdAqDewQFD4VdAgAA
i0UUiXsMg3gIMw+FbAgAAI19+I1d9Ivw6OFi//+Lzui3Yv//hcAPhW4HAACLdfyLRgSFwA+EhAcA
AIP4Ag+EKwcAAIP4Aw+EIgcAAIP4AQ+EKAIAAIP4Bw+EQgIAAIP4BQ+EVwcAAIP4Bg+EOgIAAIP4
BHQXaLIjAABoiGRGAGiMjEYA6OJYAwCDxAyLfQhobIxGAP+35AAAAOihUAIAaGx4RgBX6J9d//9q
HP+3HAIAAOj1V/7/g8QYhcAPhPwGAACDZjQAi138i/cz/zl7NA+FLwIAADl7THQXahz/thwCAADo
xFf+/4XAWVkPhLYAAAD/thwCAADofSn//zvHWYmGJAIAAHV6/7bkAAAA6BD1/v+JQzzHAAEAAADH
BCSIfEYA6FL2/v9Zi0s8agFofHxGAIlBBOg/9v7/WVD/czzoDvX+/1dX/3M86D2FAgCDxBg7xw+M
cwEAAA+EggEAAItDPItAGIsA/3AI6Ar2/v+JhiQCAAD/czzomvX+/1lZ6yb2BVjlRwAFdB1QaFSM
RgDoEfj+/4v4V1boqlz//1foYfL+/4PEFGoyx0NMAQAAAIOmXAEAAABf6B9g//+Jg7gAAAD/tiQC
AADoR1///4uDuAAAAMcEJPCRRgDoNV///4uDuAAAAMcEJNRZRgDoI1///4O+OAEAAACLg7gAAABZ
UHQKi3UI6ANg///rB1bovywAAFkzwFmLS2w7yIlDBIlDDIlDNIlDIIlDMIlDJA+EB/3//4tDeIXA
dAiJQ3Dp+Pz//4PBCYNjfACJS3Dp6fz//7lSIwAA6dX7//+LRRT/cAhoHIxGAOg69/7/UIvG6OqJ
//+DxAzpdfj//4t9CGjci0YAV+i+W///aKCLRgD/t+QAAADopU4CAOkbBQAAaGyLRgDp3gQAAIt9
CGhAi0YA/7fkAAAA6INOAgBobHhGAFfogVv//+nuBAAAx4bYAAAAAQAAAMcDEyMAAOkNDAAA/3M8
6C70/v+LdQhqATP/V1e4gHtGAOhwm///g8QQ6e33//+JvhgDAACLQ1A7x3QQUOju8P7//3Ng6Obw
/v9ZWYtDbDvHdAdQ6Nfw/v9ZOXs4dBk5vsQAAAB1EVdq/mggi0YAVujhCwAAg8QQaH8lQQDov/MB
AGor/7YcAgAAiYb4AAAAx4a4AwAAx51BAMeGhAMAABJFQQDoLVX+/4PEDIXAD4QWAwAAib78AAAA
uL6rQQCJhsADAACJhrwDAAC4YJ1BAImG0AMAAImG1AMAAIuGzAAAADvHx4bEAwAAmJ5BAMeGyAMA
AM2eQQDHhrADAACZn0EAx4a0AwAAk5BBAMeGzAMAAH2RQQDHhqwDAACgRUEAdAv/dghQ6PVEAQBZ
WTm+/AAAAIt9CHQ/i/foeHX//4XAdDSLt/wAAABqAGoAaPyKRgDoaXb//4PEDDP2iYO4AAAAObc4
AQAAUA+EgAAAAIv36MNd//9ZM/b/txwCAABX6Fu0//85t/wAAABZWQ+EugEAADm3AAEAAA+FrgEA
AGiQAAAA/7ccAgAA6CdU/v+FwFlZdH+LhxwCAABQaJEAAABQ6BNV/v9ZWVDowkEDADvGWVmJh2AB
AAB1HmhgiEYA/7fkAAAA6H9MAgBZWetFV+gIKgAAWVnrgGiSAAAA/7ccAgAA6M1T/v9Q/7doAQAA
6Dk/AwCLj2ABAABWiYdkAQAAiUgcVv+3/AAAAOgMfP//g8QcV+j4cv//hcBZdBBWVv+3/AAAAOjt
fP//g8QMahX/txwCAADoelP+/4XAWVl1EFZW/7f8AAAA6IV9//+DxAxWVv+3/AAAAOgQf///i3UI
g8QMM/85vkgBAAB0EWoq/7YcAgAA6DpT/v9qFOsPain/thwCAADoKVP+/2oT/7YcAgAAiUXo6B1U
/v+DxBA5fehqAIlF8GhbT0EAdCaLRQiLsPwAAABo8IpGAOjedP///3XwiYO4AAAA6FBb//+DxBDr
K4tF8IA4AItFCIuw/AAAAHQHaOiKRgDr0GjgikYA6Kl0//+DxAyJg7gAAACLdQiDvjgBAAAAi4O4
AAAAUHQH6AFc///rB1bovSgAAFlZxwM4KAAA6cwIAACLdQgzwECJh9wAAACJh+AAAAAz/zm+HAEA
AMeGGAEAAAMAAAB0Ff+29AAAAP+28AAAAFbol8f//4PEDDm+IAEAAHQKagxW6IDQ//9ZWYtGFDvH
dAxXV1dQ6LS6/v+DxBA5vvwAAAB0CseG2AAAAAEAAADHA2UoAADpTwgAADP/amBHV+iR7P7/iYb8
AAAAiTCLhvwAAADo/nL//2os/7YcAgAA6OVS/v+DxBCAOAB0O2jQikYAai3/thwCAADox1H+/1lZ
UGos/7YcAgAA6LtS/v9ZWVD/tvwAAADobSoAAIPEEIm+AAEAAOtVi30Ii7f8AAAAaMiKRgDo63L/
/4mDuAAAAMcEJKiKRgD/t+QAAADoB0oCAIO/OAEAAACLg7gAAABZWVB0CYv36L1a///rB1foeScA
AFmDpwABAAAAWccDsycAAOmBBwAAg34EAnUPaIyKRgD/dQjoyFb//1lZaHSKRgCLRQj/sOQAAADo
qkkCAFlZ6ySLdQhoUIpGAFbooVb//2gwikYA/7bkAAAA6IhJAgCLdfyDxBCLffiLXfRoDJBGAIvH
i8vojnD//4lGFIvHi8vHBCSUc0YA6Htw//+JRhiLRQhqJP+wHAIAAOi0UP7/g8QMhcB0GGgYikYA
i8eLy+hTcP//hcBZdAUzwEDrAjPAiUYci0UIaiX/sBwCAADogFD+/4XAWVl0Pmgoj0YAi8eLy+gg
cP//hcBZdCuLRQiNuHwGAACDPwB1Dv+wHAIAAOifyQIAWYkHiwczyTlIBA+fwYlOKOsEg2YoAItd
/It1CDP/ib5cAQAAi0MUO8cPhIICAAA5eyQPhZMBAAA5u4AAAAAPhIcBAACLdQjHhlwBAAABAAAA
/3N8aAx3RgBW6K5S//+LQ3APtlACM8mKKIpIAQ+2QAPB4QgLysHhCAvIUehJ6P7/i0twg8EEiYOQ
AAAAA8GJi4QAAACJQ3CLwQ+2SAGKKA+2UAIPtkADweEIC8rB4QgLyFHoEuj+/4mDlAAAAIuDhAAA
AIPABImDiAAAAItDcA+2UAIzyYooikgBD7ZAA8HhCAvKweEIC8hR6Nvn/v+LS3CDwQSJg5gAAAAD
wWoyX4mLjAAAAIlDcOhxWP//iYO4AAAA/7YkAgAA6JlX//+Lg7gAAABo8JFGAOiJV///i4O4AAAA
aAyQRgDoeVf//2oA/7O4AAAA6GlW//+Ls7gAAADoplb///+ziAAAAIu7lAAAAIuzuAAAAOj7Vv//
i7O4AAAA6IRW////s4QAAACLu5AAAACLs7gAAADo2Vb//4tNCIuDuAAAAIPENIO5OAEAAABQdAmL
8egEWP//6wn/dQjoviQAAFlZx0MEAwAAAMcDAiQAAOnGBAAAO8cPhN4AAAA5e1APhNUAAAA5eyAP
hcwAAACLdQgzwEBqMomGXAEAAF+JQyDog1f//4mDuAAAAP+2JAIAAOirVv//i4O4AAAAxwQk8JFG
AOiZVv//i4O4AAAAxwQkDJBGAOiHVv//agD/s7gAAADod1X///9zXIuDuAAAAOhsVv//i7O4AAAA
6KZV////c1CLe1SLs7gAAADoAVb//4tNCIuDuAAAAIPEFIO5OAEAAABQdAmL8egsV///6wn/dQjo
5iMAAFmLRQhZaASKRgD/sOQAAADoPkYCAFlZxwOQJAAA6eADAAA5eygPhKEBAAA5eywPhZgBAAAz
wEDHQwQFAAAAiUMsiUMMx4ZcAQAAAwAAAIm7wAAAADk9HDNHAIl98H5W/3Xwaif/thwCAADoz03+
/4uWfAYAAIPEDDPJOXoEiUXcfhiLEotF3DkCi4Z8BgAAdBlBg8JUO0gEfOr/RfCLRfA7BRwzRwB8
t+sLa8lUAwiJi8AAAAA5u8AAAAB1F2hKJQAAaIhkRgBo+IlGAOitTQMAg8QMi4PAAAAAi0AEO8d0
DlD/tuQAAADoZkUCAFlZajJf6PlV//+Jg7gAAAD/tiQCAADoIVX//4uDuAAAAMcEJPCRRgDoD1X/
/4uDuAAAAMcEJCiPRgDo/VT//8cEJNSJRgD/tuQAAADoFUUCAIuDwAAAAI27yAAAAFdQ/1AI/7O4
AAAAM8BA6N5T//+LB/+zuAAAAEBA6M9T//9qBv+zuAAAAOitU///M8CKB1D/s7gAAADonVP///+z
zAAAAIs/i4O4AAAA6GdT//+Lg7gAAACDxCyDvjgBAAAAUHQKi3UI6GtV///rB1boJyIAAFlZxwNn
JQAA6TYCAAA5exwPhLkAAAA5ezAPhbAAAABqMsdDBAYAAABfx4ZcAQAABAAAAOj5VP//iYO4AAAA
/7YkAgAA6CFU//+Lg7gAAADHBCTwkUYA6A9U//+Lg7gAAADHBCQYikYA6P1T//+Lg7gAAAC/b9dF
AFfo7FP//4uDuAAAAFfo4FP//4uDuAAAAIPEDIO+OAEAAABQdAqLdQjovlT//+sHVuh6IQAAWYtF
CFlopIlGAP+w5AAAAOjSQwIAWVnHA/wlAADpdAEAADl7GA+EPAEAAP+25AAAAMeGXAEAAAIAAADo
iuj+/4lDPMcAAQAAAMcEJMR0RgDozOn+/1mLSzxXiUEE/7bQAAAA/7YkAgAAaLB0RgDo2+v+/4PE
DFD/czzoe+j+/1dX/3M86Kp4AgCDxBg7x30Vx4bYAAAAAQAAAMcDmSYAAOnxAAAAdSP/czzoEOn+
/4t1CGoBag1oBHZGADPA6FKQ//+DxBDpyQAAAItDPItAGIsA/3AI6Efp/v//czyJQ0jo2uj+/2oy
X+iXU///iYO4AAAA/7YkAgAA6L9S//+Lg7gAAABo8JFGAOivUv//i4O4AAAAaJRzRgDon1L//2oA
/7O4AAAA6I9R////c0iLg7gAAADohFL///+zuAAAAFbow47//2gYdEYA/7bkAAAA6JJCAgCDxDDH
QwQEAAAAxwPIJgAA6y//dfT/dfhoYIlGAOjX6v7/i3UIagBqDmjUdEYAi/joio///1foHeX+/4PE
HIMjAF9eW8nDi0QkBIO4GAEAAAR0KotMJBCFyXQPi1EIUVD/lJBEAgAAWVnDagD/dCQQ/3QkEFDo
WdX//4PEEMNVi+yD7FhTVleLfQgz9jm3oAEAAHUWaPwAAABqAeju4/7/WYmHoAEAAFmJMDm3xAAA
AIufoAEAAIld/HQXaMYXAABoiGRGAGjkmkYA6O5JAwCDxAyLA7nvGQAAO8EPj9MCAAAPhGgCAAAr
xg+EBwIAAC2iGAAAD4TsAQAALdkAAAAPhKMBAACD6BkPhB8BAACD6BkPhNIAAACD6BIPhcgCAAA5
dRQPhLgRAACLdQiLhpAAAACDeAgAD4XWEgAAi0NEi0tIi0Agi0kgO8F+AovIiUsEi4aQAAAAi0Ac
i0AMweADO8h+A4lDBIuGkAAAAIN4DAAPhckRAABowJpGAP+25AAAAOgLQQIAWceGWAEAAAIAAACL
QwRIWZlqQFn3+boAAgAAi8jT4rgABAAAO9CJUwh9A4lDCLgAIAAAOUMIfgOJQwj2RlEQD4QgEQAA
ah5f6FtR//+Jg+wAAABQi0MI6JdP//9Z6T0RAAA5dRR0CmhAgEYA6RAZAAA5dRAPj5wAAACLhzAC
AACJg/AAAACLdQgz/+idXP//ObvwAAAAD4WxEAAAuCCARgDpRxIAADl1FHW8OXUQD4+OEAAAi4cw
AgAAiYPwAAAAi3UIM//oY1z//zm78AAAAHTKg3sUAA+EcRAAAIt1CDP/R+hGXP//i0tIi8ZQaLE7
QQD/cRhoqJpGAP+w5AAAAOiaQgIAg8QUhcCJg/AAAAAPjXD////HA60ZAADpDRsAADl1FA+FPf//
/zl1EA+PvQ8AAIuHMAIAAImD8AAAAIt1CDP/6ORb//85u/AAAAAPhakPAAC4jJpGAOmOEQAAi00U
O84PhGoJAADpcwkAAIlzSIlzRIlzUIlzTIlzWIlzVImz6AAAAImz5AAAAImz3AAAAImz4AAAAPZH
UAKLfQh0E8dDPNCmRwDHQ0ADAAAA6SsEAADHQzzApkcAx0NABAAAAOkYBAAAi0UUO8YPhN8PAACD
eAgfdApoXJpGAOmeFwAAi3UU6LBR//+JQxjoqFH//4tLGIXJiUMcdCaFwHQiUFHoLJ4AAFmJh8AA
AABZx0M0IAAAAMdDOCEAAADp0Q8AAGgomkYA6e8ZAAAtEhoAAA+EmRMAAIPoPw+EHhEAAIPoWg+E
uBAAAIPoOw+EWxAAAIPodXQQg+hpD4RxAgAAiTPpxhkAAItFFDvGD4ScGQAAg3gIFXQKaACaRgDp
/hYAAItHbDvGibdYBgAAdAiLT2RQ/1EEWYtDSIlHZP8QiUdsi0d8O8Z0CItPdFD/UQRZi0NQiUd0
/xCJR3yLh4wAAAA7xnQLi4+EAAAAUP9RGFmLQ1iJh4QAAAD/UBSJh4wAAACLh5AAAACLQByLQAzR
4IP4QHYXaHsbAABoiGRGAGjEmUYA6CtGAwCDxAyLfQiNRahQakSNs4QAAABW/3Mo6KVl//+LR2SL
QCCDxBCDwAdqCJlZ9/mLj5AAAACLSRyLSQzR4TvBfhdofhsAAGiIZEYAaHiZRgDo2EUDAIPEDItH
ZI1NqFH/d2z/UAyNRahQakJW/3Mo6E5l//+Lh5AAAACLQByLQAyLT2TR4IPEGDlBHH4XaIIbAABo
iGRGAGgwmUYA6IxFAwCDxAyLR2SNTahR/3ds/1AIjUWoUGpGVv9zKOgCZf//i4eQAAAAi0Aci0AM
i0900eCDxBg5QSh+F2iGGwAAaIhkRgBo9JhGAOhARQMAg8QMi0d0jU2oUf93fP9QCI1FqGpAUOhA
1AIAi0dk/3AoaMSYRgBX6BRH//+LR3T/cCxolJhGAFfoA0f//4uHhAAAAItAJIPEKIXAdA9QaHSY
RgBX6OdG//+DxAz/cyjoJ1wAAI23dAYAAIsGhcBZdBpQ/7fkAAAA6Jg8AgCDZRQAgyYAWVnpXwEA
AIOnaAYAAAD/FejSRQCJh3AGAACBxxwCAABqGP836NRD/v+FwFlZdCmLdQhWaLBPQQBqGP836LxD
/v9pwGDqAABZWVDo0OABAIPEDImGbAYAAItFFDP2O8Z0DoN4CBR0DYt9COm/AAAAOXUQffM7xnQa
i0UIaFCYRgD/sOQAAADoBjwCAFlZ6dEAAACDfRD+dTONu9wAAAA5N3QXaNwbAABoiGRGAGg4mEYA
6AZEAwCDxAyNg+AAAAA5MMcHAQAAAHSeiTCLfQj2R1BA/3UMdH5oDJhGAFfo2kX//4OnXAYAAACD
p1gGAAAAjbccAgAAahj/Nuj+Qv7/g8QUhcB0JldosE9BAGoY/zbo6EL+/2nAYOoAAFlZUOj83wEA
g8QMiYdsBgAAM/aNhwwCAAA5MHUSVlZWV8cAAQAAAOiLzv//g8QQxwPEGwAA6V8WAABo7JdGAFfo
XEX//4PEDIt9CDP2ibdYAQAAibOkAAAAVmoX/7ccAgAA6PpC/v+DxAyD6AB0WEh0Qkh0LEh0Fkh1
ZYuDpAAAAMeEg6gAAACM7UYA60yLg6QAAADHhIOoAAAANOhGAOs5i4OkAAAAx4SDqAAAAOTnRgDr
JouDpAAAAMeEg6gAAAC450YA6xOD/gR9FIuDpAAAAIOkg6gAAAAA/4OkAAAARoP+BQ+Mb////zP2
ibO8AAAAVmod/7ccAgAA6GFC/v+DxAyD6AAPhIUAAABIdG9IdFlIdENIdBpID4WLAAAAi4O8AAAA
x4SDwAAAAEDDRgDrcmog/7ccAgAA6KNB/v+FwFlZdGWLg7wAAADHhIPAAAAASOVGAOtMi4O8AAAA
x4SDwAAAAKDBRgDrOYuDvAAAAMeEg8AAAABc1EYA6yaLg7wAAADHhIPAAAAAOOVGAOsTg/4FfRSL
g7wAAACDpIPAAAAAAP+DvAAAAEaD/gYPjD7///9qFv+3HAIAAOghQf7/hcBZWXQMx4PYAAAA1PxG
AOsKx4PYAAAAZFdGADPAQImHOAEAAImHaAYAAGoUX+gfSv//ahCJg+wAAABe6N3SAABQ/7PsAAAA
6DtI//9OWVl16ouz7AAAAOhzSP//M8A5g6QAAACJRfR+Zo2LqAAAAIlN+ItN+Is5hf90QoNlDACD
PwB+OYXAdBGLs+wAAABo7ElGAOhGSP//WYtHBItNDIsEiP8wi7PsAAAA6C9I//8zwED/RQxZi00M
Ow98x/9F9ItN9INF+AQ7i6QAAAB8ozP/ObvkAAAAdUCLs+wAAADo60f//4uHuKZHAP9wMIuz7AAA
AOjmR///g/8EWXMRi7PsAAAAaOxJRgDo0Ef//1mDxwSD/whyzes3i3UIOb6QAAAAdRdoWhgAAGiI
ZEYAaOCXRgDop0ADAIPEDIuGlAAAAP9wMIuD7AAAAOg7SP//WcdF7AIAAACLs+wAAADobUf//zPA
OYO8AAAAiUX0fmeNi8AAAACJTfiLTfiLOYX/dEODZQwAgz8AfjqFwHQRi7PsAAAAaOxJRgDoQEf/
/1mLRwSLTQyLBIj/cBiLs+wAAADoKEf//zPAQP9FDFmLTQw7D3zG/0X0i030g0X4BDuLvAAAAHyi
/03sD4V4////x0UMAgAAAIuz7AAAAOjeRv//M/85e0B+NItDPIsEuP9wJIuz7AAAAOjSRv//i0NA
SDv4WX0Ri7PsAAAAaOxJRgDouUb//1lHO3tAfMz/TQx1tcdF7AIAAACLs+wAAADojEb//4uD2AAA
AP8wi7PsAAAA6IhG//8z/zm73AAAAFl0MYuD2AAAADl4BHQmi7PsAAAAaOxJRgDoYkb//4uD2AAA
AP9wBIuz7AAAAOhORv//WVmJfQyLRQyLuNymRwA7u9gAAAB0Touz7AAAAGjsSUYA6ChG////N4uz
7AAAAOgbRv//g7vcAAAAAFlZdCaDfwQAdCCLs+wAAABo7ElGAOj6Rf///3cEi7PsAAAA6OxF//9Z
WYNFDASDfQwIcpf/TewPhTH///+Ls+wAAADovUX//4uz7AAAAOiyRf//agD/s+wAAADoXUX///+z
7AAAADPA6GVF//+Lg+wAAACLAIPA+2oBUIlDMOhj2P7/i4vsAAAA/3MwiUMsi0kQg8EFUVDoUUID
AP+z7AAAAP91COjTEwAAg8Qog30UAHULxwOiGAAA6U8RAACLTRSDeQgUdBNotJdGAOiA3v7/UItF
COkpEQAAi1UIM8CJgpAAAACJgpQAAACJQ0SJQ0iJQ0yJQ1CJQ1SJQ1iJQxSJQxCJQwyDQRgQjX34
jV0Mi/HokUf//4N9DAB1CmiUl0YA6SoLAACLXfwz/zm7pAAAAIl97Il99H59jYOoAAAAiUXwi0Xw
izA793UJx0MMAQAAAOtDOT5+P4N97AB1C4tGBIsEuIsAiUXsi0YEiwS4/zCLRfiLTQzojVz//4XA
WXUHRzs+fNLrD4tGBIsEuItNCImBkAAAAItFCDP/ObiQAAAAdRL/RfSLRfSDRfAEO4OkAAAAfIyL
dQg5vpAAAAB1I/91DP91+GhYl0YA6H/d/v9Qi8boL3D//4PEEIMjAOkoEAAA/3X4i30M/3Xs6HNc
//+LdRRZiYP0AAAAWY19+I1dDOifRv//i30MM9s7+3UdaJSXRgDoNd3+/1CLRQjo5G///4tF/IkY
6dwPAAAz9osEtbimRwD/cDCLRfiLz+jFW///hcBZdQtGg/4CcuGLdQjrEIsEtbimRwCLdQiJhpQA
AAA5npQAAAB1I1f/dfhoIJdGAOjW3P7/UIvG6IZv//+LRfyDxBCJGOl9DwAAi3X8OZ70AAAAdBv/
dfihuKZHAP9wMOi7W///hcBZWXQFM8BA6wIzwImG9AAAAIt1FI19+I1dDOjcRf//g30MAA+ER/7/
/4t1/DPbOZ68AAAAiV30fmGNhsAAAACJReyLReyLODv7dQnHRhABAAAA6y05H34pi0cEiwSY/3AY
i0X4i00M6PFa//+FwFl1B0M7H3zi6wmLRwSLBJiJRkQz2zleRHU4/0X0i0X0g0XsBDuGvAAAAHyo
OV5EdSH/dQz/dfho5JZGAOj12/7/UItFCOikbv//g8QQ6S0JAACLdRSNffiNXQzoLUX//4N9DAAP
hJj9//+Ldfwz2zmevAAAAIld9H5hjYbAAAAAiUXsi0Xsizg7+3UJx0YUAQAAAOstOR9+KYtHBIsE
mP9wGItF+ItNDOhCWv//hcBZdQdDOx984usJi0cEiwSYiUZIM9s5Xkh1J/9F9ItF9INF7AQ7hrwA
AAB8qDleSHUQ/3UM/3X4aKiWRgDpTP///4t1FI19+I1dDOiPRP//M/85fQx0R4t1/Dl+QH4qi0Y8
iwS4/3Aki0X4i00M6M5Z//+FwFl1CEc7fkB84esJi0Y8iwS4iUZMi3UUjX34jV0M6EhE//8z/zl9
DHUdaJSXRgDo4Nr+/1CLRQjoj23//4tF/Ik46YcNAACLdfw5fkB+KotGPIsEuP9wJItF+ItNDOhq
Wf//hcBZdQhHO35AfOHrCYtGPIsEuIlGUIt1FI19+I1dDOjkQ///g30MAA+ET/z//zPbhduLffx1
CIu32AAAAOsHizSd2KZHAP82i0X4i00M6BdZ//+FwFl1Lv92BItF+ItNDOgEWf//hcBZdBODv9wA
AAAAdRLHh+AAAAABAAAAQ4P7A3Ks6wOJd1SLdRSNffiNXQzocUP//4N9DAAPhNz7//8z24Xbi338
dQiLt9gAAADrB4s0ndimRwD/NotF+ItNDOikWP//hcBZdTH/dgSLRfiLTQzokVj//4XAWXQTg7/c
AAAAAHUVx4fgAAAAAQAAAEOD+wNyrIt9/OsDiXdYg7/gAAAAAHQVi0UIaGyWRgD/sOQAAADoLzEC
AFlZi3UUjX34jV0M6N1C///o2EL//4vO6K5C//+FwHQRi0X8g7j0AAAAAHUFM8BA6wIzwItN/It9
CImB+AAAAIuHkAAAAItAHP8Q/3cEiUcM6M01AwD/dwSLj5AAAAD/dwyLcRyL2OjLPv///3cI6K81
AwD/dwiLj5AAAAD/dwyLcRyL2OitPv//i0X8/3Asi4+QAAAA/3cMi1gwi3Ec6JM+//+LRfz/cCzo
R9P+/4tFFIsYi0AUQ0hQi4eQAAAA/3cMi3Ac6Gw+//+LRfyDxCyDeAwAi/d0RzP/R+hxTP//i4aQ
AAAAVmixO0EA/zBoVJZGAP+25AAAAOjFMgIAi038g8QUhcCJgfAAAACL2Q+NT/D//8cDexkAAOkz
CwAAi138g3sQAA+Eyu///4t1CDP/R+gaTP//i0tEi8ZQaLE7QQD/cRhoPJZGAP+w5AAAAOhuMgIA
g8QUhcCJg/AAAAAPjX7v///HA5QZAADp4QoAAIO7+AAAAAAPhEvu///HA78ZAADpyQoAAGoiX+g7
QP//iYPsAAAAULgABAAA6HU+////s+wAAACLQwjoZz7///+z7AAAALgAIAAA6Fc+//+DxAz/s+wA
AABW6PMMAABZWbnvGQAAiQvpdQoAAFDHhlgBAAABAAAA6DGOAACJhsAAAADHQzQeAAAAx0M4HwAA
AIuGkAAAAP9wBGgMlkYAVuhFOf//g8QQi3UIi4aQAAAAi0Ac/3AQaNyVRgBW6Cg5//9qAv+25AAA
AOhQOAIAi0ME0eBQ/7bAAAAA6HeOAACLezSJQyDocT///4vwi0MgjU3sUVCJs+wAAADoqT7//4lF
DOjSPf///3UMi33s6DM+////dQzoatH+//+z7AAAAIt1CFboKAwAAGoB/7bkAAAA6Og3AgCDxDzp
TQMAAItAHP9wEGi4lUYAVuiaOP//g8QMx4ZYAQAAAwAAAOm4AAAAOXUUdApo2H9GAOnEBgAAOXUQ
D4+DBgAAi4cwAgAAiYPwAAAAi3UIM//oUUr//zm78AAAAA+FbwYAALiUlUYAM/9qAVdX6EB7//+D
xAyJO+ksCQAAi0UUO8YPhLkCAACDeAggdBT/c2TottD+/8cEJGyVRgDpWgYAAI17dIPDYIvwiX3w
iV306I8///+Lw4M4AHUKaEiVRgDpJwMAAItd/P9zZOh70P7/i30IWemTBAAAi0UUO8Z1C8cDURoA
AOm9CAAAg3gIHnQKaByVRgDpAAYAAI17cIPDXIvwiV0M6Dg///+Lw4sAhcB1Cmj0lEYA6c8CAACL
H1CLRQj/cAyLgJAAAACLcBzoWDv///83i00Mi0UI/zGLgJQAAAD/EItN/It1FI15eIPEEI1dDIlB
fIl97OjjPv//g30MAHStagGL9/826BDP/v//Not9/P91DIlHZFDoBjkDAP82/3dk6H/eAACDxByF
wP93ZImHgAAAAHUi6KrP/v/HBCTIlEYA6D/V/v9Qi0UI6O5n//+DJwDp6AcAAItFCP9wDIuAkAAA
AItN7IsZi3Ac6LU6////t4AAAADoBdsAAIvwi0UIi4CQAAAAi0Aci0AMweAEiXX0K/CD7jGNRv8z
21CJXezolWEAAIPEEDvziUcofi6JXQyDZQwHdQjoysUAAIlF7ItNDItF7NP4g+ABUFP/dyjo11kA
AIPEDEM73nzSjUUMUP93KOgfPP//i10MiUXwjUMEagFQiUX46B3O/v+L8IvDwfgYiAaLw8H4EIhG
AYvDwfgIU/918IhGAo1GBFCJdeiIXgPo+DcDAItF9IPAB2oIWZn3+WoBUIlFDOjazf7//7eAAAAA
iUXs/3UMUP91+ItFCIuAkAAAAFb/cBzo39oAAGofX+hRPP//i138gcPsAAAAi/CJA+i9Ov///3Xs
i30MizPoHDv//4t1CIPEQP8zVugaCQAA/3Xsi4aQAAAA/3YMi3Aci9/oeDn///916Ogvzv7//3Xw
6CfO/v//dezoH87+/4tF/P+wgAAAAOio2QAAg8Qgi138xwOrGgAA6V0GAACLRRQ7xnULxwMSGgAA
6UsGAACLQAg7Qzh0CmiYlEYA6YwDAACLRQhqAv+w5AAAAOhmNAIAi3UUjXtwWYPDXFmJfeyJXQzo
rjz//4vDiwCFwHRKi1Xs/zKLfQiLj5QAAABQ/xGLXfxZWYlDfOhaPf//hcCJQyR1CmhslEYA6coF
AACLdRSNe3SDw2CJffCJXfToYzz//4vDgzgAdR5obJRGAOj70v7/UItFCOiqZf//i0X8gyAA6aEF
AACLdfz/diSLfQj/t8AAAADoE4sAAIXAWVl0HlBoQJRGAOjC0v7/UIvH6HJl//+DxAyDJgDpawUA
AIt1/P92JP+3wAAAAOgziwAAiUYoagD/t+QAAADohzMCAItFDP8wi4eQAAAAi03s/3cMixmLcBzo
Ezj//4uHkAAAAIPEGIN4DAB1f74AEAAAhXdQdRL/dwz/cBy4AAQAAOgkOP//WVn/dwyLh5AAAAD/
cByLXfyLQwjoCzj//4V3UFlZdRj/dwyLh5AAAAD/cBy4ACAAAOjuN///WVn/cxiLh5AAAAD/dwyL
cBzozDr///9zHIuHkAAAAP93DItwHOi4Ov//g8QQ6wOLXfz/cyCLh5AAAAD/dwyLcBzonDr///9z
JIuHkAAAAP93DItwHOiIOv///7fAAAAA6KGIAAD/cyTotkgAAIuHkAAAAIPEGIN4DAB1FYt1/P92
HOicSAAA/3YY6JRIAABZWYtd/P9zKIuHkAAAAP93DItwHOg6Ov//i4eQAAAAi0Acg3gMIFlZdhdo
vBoAAGiIZEYAaAyURgDoCzEDAIPEDIuHkAAAAItAHI2zhAAAAFb/dwz/UAiDp8AAAAAAi0N8hcBZ
WQ+EvwMAAIuXkAAAAItSHP9yDItV8IuPlAAAAFb/MotV9P8yUP9RKIPEFIXAD4STAwAA/3N8i4eU
AAAA/1AIM/Y5s+QAAABZiUNoD4XIAAAA/3N8i4eUAAAA/1AkiUNsxwQkIH9GAP+35AAAAOhIKAIA
/3Ns/7fkAAAA6DooAgD/c3z/t5QAAAD/c2xX6GJJ//+DxCA7xomD8AAAAHUKaOR+RgDphwAAAIt1
CH1VM/9H6CZE//+LffyLhpQAAABWaLE7QQD/d2z/d2j/cDT/ttQAAAD/ttAAAAD/tuQAAADoSCkC
AIPEIIXAiYfwAAAAi98PjYn5///HA+YaAADp2gIAAItd/P9zbOhyyv7/i0NoiYaYAAAA6zlQ/7eY
AAAA6DgvAwCFwFlZdBlo3JNGAOjsz/7/UIvH6Jxi//+JM+mXAgAA/3No6DTK/v+LXfyLdQiLhpQA
AABZ/3N8/1AEg7vkAAAAAFl1UGogjYOEAAAAUI2GnAAAAFDoPzMDAIuGkAAAAItAHItADIPEDIP4
IImGvAAAAHYXaBUbAABoiGRGAGikk0YA6DkvAwCDxAzHg+QAAAABAAAAahVf6JY3//9QVomD7AAA
AOh/BAAAi0Zog6ZcBgAAAIXAWVl0CItOYFD/UQRZi0NEiUZg/xCJRmiLRniFwHQIi05wUP9RBFmL
Q0yJRnD/EIlGeIuGiAAAAIXAdAuLjoAAAABQ/1EMWYtDVImGgAAAAP9QCImGiAAAAIuGkAAAAItA
HItADNHgg/hAdhdoORsAAGiIZEYAaMSZRgDojC4DAIPEDI1NqFGNg4QAAABqQ1D/cyiL/ugHTv//
i0Zgi0Agg8QQg8AHagiZWff5i46QAAAAi0kci0kM0eE7wX4XaDwbAABoiGRGAGhYk0YA6DouAwCD
xAyLRmCNTahR/3Zo/1AMjUWoUGpBjYOEAAAAUP9zKIv+6KhN//+LhpAAAACLQByLQAyLTmDR4IPE
GDlBHH4XaEAbAABoiGRGAGgQk0YA6OYtAwCDxAyLRmCNTahR/3Zo/1AIjUWoUGpFjYOEAAAAUP9z
KIv+6FRN//+LhpAAAACLQByLQAyLTnDR4IPEGDlBKH4XaEQbAABoiGRGAGjUkkYA6JItAwCDxAyL
RnCNTahR/3Z4/1AIjUWoakBQ6JK8AgCLRmD/cChopJJGAFboZi///4tGcP9wLGh0kkYAVuhVL///
i4aAAAAAi0Akg8QohcB0D1BoWJJGAFboOS///4PEDIt1CIOmOAEAAADos3H//8cDWxsAAOsXaCCS
RgDoUc3+/1CLx+gBYP//gyMAWVlfXlvJw/90JAhqAGoA/3QkEOiz4v//g8QQw1WL7FaLdQiDvhgB
AAAEdG5Xi30UM9I7+nREi08gjYZYBgAAAQg5lmgGAACLAHUfi45kBgAAO8p0FTvBdhFSav9o/JpG
AFboZOL//4PEEItHCFdW/5SGRAIAAFlZ6x85lgwCAABS/3UQ/3UMVnUH6Dzi///rBeiKt///g8QQ
X15dw1WL7FFRg2X4AFb/dQyLdQj/thwCAADGRf8A/7ZUBgAA6E7O/v+DxAyDvhQBAAAAdAv/dQxW
6H6L//9ZWVNXahj/dQzoZiv+/2oY/7YcAgAAi9joVyv+/4PEEDvDdESF23RAi75wBgAAadtg6gAA
A/v/FejSRQCLyCuOcAYAADvLdgnHRfhcm0YA6xdWK/hosE9BAFfoN8gBAIPEDImGbAYAAGoZ/7Yc
AgAAjb5kBgAAix/o+yv+/1DorMH+/4PEDDvYiQd0G4XAdBc5hlwGAAB3CDmGWAYAAHYHx0X4SJtG
AGoW/7YcAgAA6MAq/v9qFv91DIv46LQq/v+DxBA7+HQLx0X4LJtGAMZF/wGDZQgAvxSbRgD/dQhq
Hf+2HAIAAOgIK/7//3UIi9hqHf91DOj5Kv7/g8QYO9h0B4l9+MZF/wH/RQiDfQgGfMpqIP+2HAIA
AOhWKv7/aiD/dQyL2OhKKv7/g8QQO9h0B4l9+MZF/wH/thwCAADo9ij+//91DOgRKv7/andQiYYc
AgAA6Bsq/v+DxBCJhiACAAAzwDmGxAAAAF9bdSqLTfg7yHQjOYZoBgAAdQ9Qav9RVuht4P//g8QQ
6wyAff8AdAaJjnQGAABeycNWi3QkCItGYIXAdB32QCQBdBdqAP90JBBW6Pls//+DxAyLxl7p0G3/
/1OLXCQQVovD6P9q//9Q/3MUi8boeC///4PEDD0AgAAAfgxXM/9QR+jAQv//WV+LSyCNhlwGAAAB
CIsAM9I5lmgGAAB1JzmWxAAAAHUfi45kBgAAO8p0FTvBdhFSav9o0HNGAFbox9///4PEEIvz6PUu
//9bXsNW/3QkCIvwg744AQAAAHQH6Igy///rB1boRP///1lZXsNWV2oDX+hAMv//i/CLRCQQi0AM
Vuh8MP//Vv90JBToHf///4PEDF9ew1e4APlBAI26RAIAALkAAQAA86u455ZBALnV9UEAiYJQAgAA
iYJYAgAAiYJcAgAAiYqUAgAAiYqYAgAAiYq8AgAAiYrAAgAAiYrEAgAAiYrIAgAAiYIMAwAAiYIQ
AwAAiYIUAwAAiYIYAwAAiYI0AwAAiYI4AwAAiYKEAwAAiYKIAwAAiYKMAwAAiYKsAwAAiYKwAwAA
iYK0AwAAiYK4AwAAiYK8AwAAiYLAAwAAiYLEAwAAiYLIAwAAiYLMAwAAiYLQAwAAiYLUAwAAx4JI
AgAAKJZBAMeCTAIAAMvuRADHglQCAAB4T0EAX8NXuAD5QQCNukQCAAC5AAEAAPOruOeWQQCJgoQD
AACJgogDAACJgowDAACJgqwDAACJgrADAACJgrQDAACJgrgDAACJgrwDAACJgsADAACJgsQDAACJ
gsgDAACJgswDAACJgtADAACJgtQDAACJglACAADHgkgCAAAolkEAx4JMAgAAy+5EAMeCVAIAAHhP
QQBfw1WL7FZXi30Q6Jcw////dRSLfRiL8ItFDIlGJItFHIlGKIvG6I8u//+LRQhW6Aj+//9ZWV9e
XcNVi+xWi3UIV/91FIs+/3UQ/3UMaIibRgBX6N0p//+DxBSDv2wBAAABdR5qAP91EGoB/3UMagT/
dghqAWodV+glaP//g8Qk605TaHibRgDoSUj///91DIvw6OvH/v+L2FOLxug/L///U+gpwv7/i0UQ
VuhCLv//aHCbRgCLxugkL///VjPA6C4u//9Wi8focP3//4PEIFtfXl3DVYvsUVOLXRBWi3UMV4t9
CIuHiAEAAIPoAHQrLTEGAAAPhMAAAACD6BEPhEkBAACD6CUPhPcDAACD6CwPhO4EAADp4wUAAOgg
LP//iYf0AQAAM9KJUAiLh/QBAACJEItHZDvCaghZdAuLQByJh+wBAADrBomP7AEAADmP7AEAAH0G
iY/sAQAAi0d0O8J0BYtAKOsCM8CJh+QBAACLT2Q7yg+EVQMAAPZBJAEPhEsDAAA5V3QPhEIDAAAF
AJAAAGoBUOhswP7/WVmLj/QBAACJQRCDp+gBAAAAi4foAQAAO4fkAQAAfTaDOwB0IosGi4/0AQAA
i0kQi5foAQAAigCIBBH/Bv8L/4foAQAA68vHh4gBAAAxBgAA6UkFAACDp+ABAAAA/3d8i0d0/1AU
i4fwAQAAi8jB6RiITQiLyMHpEMHoCIhNCYhFCoqH8AEAAGoEjU0IUf93fIhFC4tHdP9QGIPEEIOn
6AEAAACLh+gBAAA7h+wBAAB9N4M7AA+E7wAAAIuP9AEAAIuX5AEAAANREIsGA5foAQAAigCLj+AB
AACIBAr/Bv8L/4foAQAA67uLj/QBAACLSRD/t+wBAAADj+ABAACLR2RR/3ds/1AUi4/0AQAAi0kQ
/7fsAQAAA4/gAQAAi0d0Uf93fP9QGIuH7AEAAAGH4AEAAIuX9AEAAIuH4AEAAItSEItPdAPQUv93
fP9RIIPEIIXAdDuLh/QBAACLQBAPtkgBiigPtlACD7ZAA8HhCAvKweEIC8hR6Ny8/v9Zi4/gAQAA
g+kEO8GJh9QBAAB0KYG/4AEAAACQAAAPgv3+//9oQJxGAOnUAwAAx4eIAQAAQgYAAOnmAwAAi4fk
AQAAA4fgAQAAi4/0AQAAiUEci4f0AQAAagH/cBz/cBDo6r7+/4uP9AEAAIPEDIlBEIuP9AEAAItB
EA+2UASD+gSJl9gBAAAPjGkDAACLh9QBAAArwoP4AQ+MWAMAAEiJh9wBAACDwAWJAYuH9AEAAI2P
4AEAAIsRiVAgi5f0AQAAjYfwAQAAizCJcgz/AIsBK4fYAQAAi4/0AQAAiQGLh/QBAACDOAC7KJxG
AH0TaLoGAABoiGRGAFPoISQDAIPEDIuPhAAAAIXJagVeD4SLAAAAi4f0AQAAjVUIUo1V/FKLEItA
ECvWUgPGUP+3jAAAAP9RHIPEFIXAdGKLTQiLh/QBAAADzjlIHH0iiUgci4f0AQAAagH/cBz/cBDo
7r3+/4uP9AEAAIPEDIlBEItFCIuP9AEAAIPABYkB/3UIi4f0AQAAi0AQ/3X8A8ZQ6GUnAwD/dfzo
IL7+/4PEEIuH9AEAADkwD4/fAQAAUFfolfn//1lZ6WMCAABqAf+37AEAAOgqvf7/WVmLj/QBAACJ
QRCDp9QBAAAAg6foAQAAAIuH6AEAADuH7AEAAH02gzsAdCKLBouP9AEAAItJEIuX6AEAAIoAiAQR
/wb/C/+H6AEAAOvLx4eIAQAAZwYAAOkAAgAAi0dkhcB0GP+37AEAAIuP9AEAAP9xEP93bP9QFIPE
DIuH9AEAAItAEA+2SAGKKA+2UAIPtkADweEIC8rB4QgLyFHoc7r+/4XAWYmH1AEAAA+MhQEAAD0A
kAAAD4d6AQAAjUgEi8GZ97/sAQAAhdIPhWYBAACLh+QBAACJj+ABAAADwYuP9AEAAIlBHIuH9AEA
AGoB/3Ac/3AQ6I68/v+Lj/QBAACJQRCLh+wBAACDxAyJh+gBAACLh+QBAAADh+ABAAA5h+gBAAB9
NoM7AHQiiwaLj/QBAACLSRCLl+gBAACKAIgEEf8G/wv/h+gBAADrxceHiAEAAJMGAADpAAEAAItH
ZIXAdCSLj+wBAACLl+ABAAAr0VKLl/QBAACLUhAD0VL/d2z/UBSDxAyLR3SFwA+EGP3///+38AEA
AIuP1AEAAIPBBFGLj/QBAAD/cRD/d3z/UBCDxBCFwA+F7vz//2gEnEYA63iLSBAPtkkFiUgIi4f0
AQAAi0gQg8EGiUgUi4f0AQAAgwD6i4f0AQAAgzgAfRNo4gYAAGiIZEYAU+hYIQMAg8QMg38YAHQN
i4f0AQAAV+jZWf//WYuH9AEAAINgGACDp4gBAAAAi4f0AQAA6y9o2JtGAOsFaKybRgDoVMH+/1CL
x+gEVP//i7f0AQAAWVno/CX//4OniAEAAAAzwF9eW8nDU1VWi3QkEDPbOZ6YAQAAV3UTaihqAeir
uv7/WYmGmAEAAFmJGIuumAEAAItFACvDuYALAAB0GyvBdBKD6AV0KEh0D4PoFnRz6d0CAAD/RRzr
A4ldHItFHIqAjFdGADrDdC04RCQYdCIzwECAfCQYCnQMx0UAhQsAAOmNAAAAx0UAhgsAAOmBAAAA
iU0A63lqFVhqAVCJRRjoKbr+/7+MV0YAV1CJRRTo4TkDAFfoCx0DAIPEFIlFBIldHItFGI1I/zlN
BHwXg8AQagFQ/3UUiUUY6E66/v+DxAyJRRSLRRSLVQSKTCQYiAwQi0Uc/0UEO8N8KoD5LXUXiFwo
CINNHP/HRQCcCwAAM8BAX15dW8OD+Alz7IhMKAj/RRzr44D5CnXeiV5IiZ7wAQAAi0UUi00EiBwI
aIAWRgD/dRToSz4DAItNFIgcCP91FGgonUYAVuifIf///3UU6Nkr//+NfQhoJJ1GAFfo8iT//zPJ
hcAPnMFoHJ1GAFeJTSDo3ST//zPJhcAPncFqH4lNJP+2HAIAAOieHv7/g8QwhcB1HjldIHUZaNCc
RgDog7/+/1CLxugzUv//WVnpbQEAAGof/7YcAgAA6Gwe/v+D+ANZWXUMOV0kdQxogJxGAOvMOV0k
dCNqH/+2HAIAAOhHHv7/WVlqAlk7wX0FOV0gdQiJjmwBAADrCseGbAEAAAEAAAD/tmwBAABoYJxG
AFbo1SD//2of/7YcAgAA6Ake/v+DxBSD+AN0EVdojFdGAIve6Mkw//9ZWTPbg75sAQAAAnVNaIAW
RgD/dRToMT0DAIv4jUcBagFQ6F24/v9XiUYI/3UUUOhXIgMAi0YIiBwHg8Qci9bHhhACAADq9UEA
6Lb0///HhhQCAAB3+0EA60GNvkQCAAC5AAEAADPAx4YQAgAAVqtBAPOrx4ZIAgAAHY1BAMeGxAIA
AMvuRADHhtQCAACcQUEAx4YUAgAA91dBAIO+bAEAAAJ1DVNq/1NW6MbT//+DxBD/tuQAAADoHx0C
AFZoCKdHAP+2HAIAAMeGGAEAAAEAAADoqr/+/4mGVAYAAP91FOhpuP7/g8QUiV0AM8Dp1/3//1NW
i3QkDDPbOZ6oAQAAV3UTaiBqAeh4t/7/WYmGqAEAAFmJGIu+qAEAAIsHK8O7lFdGALkJDAAAdBsr
wXQSg+gFdClIdA+D6BZ0aunRAQAA/0cc6wSDZxwAi0ccioCUV0YAhMB0JzhEJBR0HTPAQIB8JBQK
dAvHBw4MAADphAAAAMcHDwwAAOt8iQ/rdWo7WGoBUIlHGOj3tv7/U1CJRxTotDYDAFPo3hkDAIPE
FINnHACJRwSLRxiNSP85TwR8F4PAEGoBUP93FIlHGOggt/7/g8QMiUcUi0cUi1cEikwkFIgMEItH
HP9HBIXAfCmA+S11FsZEOAgAg08c/8cHJQwAADPAQF9eW8OD+Alz7ohMOAj/Rxzr5YD5CnXgg2ZI
AIOmBAIAAACLRxSLTwTGBAgAaIAWRgD/dxToGzsDAItPFMYECAD/dxRoKJ1GAFbobh7///93FOio
KP//jUcIaCSdRgBQ6MEh//+DxCCFwH0ZaKCdRgDog7z+/1CLxugzT///WVnpmAAAAGof/7YcAgAA
6Gwb/v+FwFlZdQdoYJ1GAOvSaDydRgBWx4ZsAQAAAgAAAOgJHv//jUcIUFOL3ugTLv//i9bHhhAC
AABh2EEA6Cjz////tuQAAADHhhQCAAC0XkEA6P8aAgBWaAinRwD/thwCAADHhhgBAAABAAAA6Iq9
/v+JhlQGAAAzwFBQUFbowab///93FOg+tv7/g8Q0gycAM8Dp2v7//1WL7IPsDFNWi/BqCf+2HAIA
AOjEG/7/gDgAWVmJRfR0ZFDofrn+/2o6UIlF/MeG1AAAABYAAADo+LL+/4vYg8QMhdt0Jmo6/3X8
6May/v872FlZdRbGAwBDgDsAdA1T6J0aAwBZiYbUAAAA/3X86HC7/v//dfyJhtAAAADosLX+/1lZ
6yX/dQjoVrv+/4N9DABZiYbQAAAAfQfHRQwWAAAAi0UMiYbUAAAAjYbMAAAAgyAAUFb/thwCAAAz
2/+21AAAAEP/ttAAAADHBsBXRgCJnsgAAADoBgwBAIOmyAAAAACDxBSFwIlGEA+EggAAAP91CIOm
eAYAAACJnsQAAADHhhgCAAAXBUIA6Ja4/v9ZiQdqH/+2HAIAAOi4Gf7/hcBZWXUGiZ5sAQAAg/gD
dSODvsQAAAAAdRpqAGjAaUYAi97HhmwBAAACAAAA6Fss//9ZWYt19IA+AHQR/zfoz7T+/1boPbj+
/1lZiQczwF5bycNqA/+2HAIAAMeGGAIAAOMBQgDoThn+/zvDWVmJRfh1B7jgQEYA6w+D+AK42EBG
AHQFuG/XRQBQ/3UIaMBARgBW6N8b////dfj/thwCAABX/3UM/3UI6BTK/v9QiUX46H5//v+DxCiF
wIlF/HQK/3X46BS9AgDrUP836LW3/v//thwCAACJhngGAABW/3UU/3UQU2oA/3UM/zf/dfjoINz+
/4lGEIsIUP9RHIPELIXAiUX8D4To/v///7bkAAAAg2YQAOjBTwIAi0X8Weks////VYvsU1ZXaIAG
AABqAegTs/7//3UQi/DoYRj+/2p3UImGHAIAAOhrGP7/M9uDjgQBAAD/aG0PRQCJhiACAACJnmwB
AACJXhCJXlSJXliJXlyJXmCJXmiJXmSJXmyJXnCJXniJXnSJXnyJnoAAAACJnogAAACJnoQAAACJ
nowAAACJnpAAAACJnsAAAACJnpQAAACJnpgAAACJnggBAACJngwBAACJnhgBAACJnhwBAACJniAB
AACJXhSJXhiJnjwBAACJnkABAACJnkQBAACJnkgBAACJnlgBAACJnlwBAACJnmABAACJnmQBAADo
D7YBAImGaAEAAI2GOAIAAIlePImegAEAAImehAEAAImeiAEAAImejAEAAImekAEAAImelAEAAIme
mAEAAImeqAEAAImenAEAAImeoAEAAImepAEAAIleBIleCIme/AAAAImeeAEAAImefAEAAImeLAEA
AImeNAEAAImeMAEAAImeOAEAAImeSAYAAImeRAYAAImedAYAAFDo6rD+/4tFDImeNAIAAImeJAIA
AImeJAEAAImeKAEAAImexAAAAIleTImezAAAAImeyAAAAIkwi0UIam7/thwCAACJhuQAAADowxb+
/2pv/7YcAgAAiYbwAAAA6LAW/v9qGf+2HAIAAImG9AAAAIme+AAAAImeEAEAAImeFAEAAIme2AAA
AIme4AAAAIme3AAAAImecAEAAImedAEAAImeSAEAAImeEAIAAImeDAIAAImeVAYAAImeYAYAAIme
XAYAAImeWAYAAOhHF/7/UOj4rP7/iYZkBgAAiZ5oBgAAiZ58BgAA6NinAAD/dSSLfRz/dSCLxv91
GP91FOg5+///i/CDxEg783QJ6BemAACLxusCM8BfXltdw1WL7IPsFItNCINl/ACLgewDAABTVldI
agSFwItFDF++/wAAAA+O/gAAAIsRMRADz4sRMVAEA8+LETFQCAPPixExUAyLUAwDzw+2eAkPtlgH
I9aLFJXwq0YAMxS98KdGAA+2eAYzFL3wo0YAD7Z4AzMUvfCfRgAPtngKizy98KNGADM8nfCfRgAP
tlgNMzyd8KdGAIsYI94zPJ3wq0YAD7ZYAYl98It4BCP+izy98KtGADM8nfCnRgAPtlgOMzyd8KNG
AA+2WAszPJ3wn0YAD7ZYAol99It4CCP+izy98KtGADM8nfCjRgAPtlgPMzyd8J9GAA+2WAUzPJ3w
p0YA/0X8iRCLVfCJUASLVfSJUAiLVQiJeAyLkuwDAABKOVX8agRfD4wC////ixExEDPbA8+LETFQ
BAPPixExUAgDz4sRMVAMD7ZQA4q68J1GAA+2UAYDz4qa8J1GAA+2UAkPtpLwnUYAweMIC9qLUAwj
1g+2kvCdRgDB4wgL2g+2UAeJXewz24q68J1GAA+2UAqKmvCdRgAPtlAND7aS8J1GAMHjCAvaixAj
1g+2kvCdRgDB4wgL2g+2UAuJXfAz24q68J1GAA+2UA6KmvCdRgAPtlABD7aS8J1GAMHjCAvai1AE
I9YPtpLwnUYAweMIC9oPtlAPiV30M9uKuvCdRgAPtlACiprwnUYAD7ZQBQ+2kvCdRgDB4wgL2otQ
CCPWD7aS8J1GAIt17MHjCAvTi13wiVgEi130iTCJWAiJUAyLGTPeiRgDz4sxM3XwA8+JcASLMTN1
9F+JcAiLSQQzyl6JSAxbycNVi+yD7ByLTQiDZfwAi4HsAwAAU1ZXSGoEhcCLRQxfvv8AAAAPjngB
AACLETEQA8+LETFQBAPPixExUAgDz4sRMVAMA8+LETFQEAPPixExUBSLUAwDzw+2eAkPtlgKI9aL
FJXwq0YAMxS98KdGAA+2eAYzFL3wo0YAD7Z4AzMUvfCfRgCLeBAj/os8vfCrRgAzPJ3wo0YAD7ZY
BzM8nfCfRgAPtlgNMzyd8KdGAA+2WBGJfeiLeBQj/os8vfCrRgAzPJ3wp0YAD7ZYDjM8nfCjRgAP
tlgLMzyd8J9GAA+2WA+JfewPtngSizy98KNGADM8nfCfRgAPtlgVMzyd8KdGAIsYI94zPJ3wq0YA
D7ZYAYl98It4BCP+izy98KtGADM8nfCnRgAPtlgWMzyd8KNGAA+2WBMzPJ3wn0YAD7ZYAol99It4
CCP+izy98KtGADM8nfCjRgAPtlgXMzyd8J9GAA+2WAUzPJ3wp0YAiRCLVeiJUASLVeyJUAiLVfD/
RfyJUAyLVfSJUBCLVQiJeBSLkuwDAABKOVX8agRfD4yI/v//ixExEDPbA8+LETFQBAPPixExUAgD
z4sRMVAMA8+LETFQEAPPixExUBQPtlADirrwnUYAD7ZQBgPPiprwnUYAD7ZQCQ+2kvCdRgDB4wgL
2otQDCPWD7aS8J1GAMHjCAvaD7ZQB4ld5DPbirrwnUYAD7ZQCoqa8J1GAA+2UA0PtpLwnUYAweMI
C9qLUBAj1g+2kvCdRgDB4wgL2g+2UAuJXegz24q68J1GAA+2UA6KmvCdRgAPtlARD7aS8J1GAMHj
CAvai1AUI9YPtpLwnUYAweMIC9oPtlAPiV3sM9uKuvCdRgAPtlASiprwnUYAD7ZQFQ+2kvCdRgDB
4wgL2osQI9YPtpLwnUYAweMIC9oPtlATiV3wM9uKuvCdRgAPtlAWiprwnUYAD7ZQAQ+2kvCdRgDB
4wgL2otQBCPWD7aS8J1GAMHjCAvaD7ZQF4ld9DPbirrwnUYAD7ZQAoqa8J1GAA+2UAUPtpLwnUYA
weMIC9qLUAgj1g+2kvCdRgCLdeTB4wgL04td6IlYBItd7IlYCItd8IlYDItd9IkwiVgQiVAUixkz
3gPPiRiLMTN16APPiXAEizEzdewDz4lwCIsxM3XwA8+JcAyLMTN19F+JcBCLSQQzyl6JSBRbycNV
i+yD7CSLTQiDZfwAi4HsAwAAU1ZXSGoEhcCLRQxfvv8AAAAPjvIBAACLETEQA8+LETFQBAPPixEx
UAgDz4sRMVAMA8+LETFQEAPPixExUBQDz4sRMVAYA8+LETFQHItQEAPPD7Z4DQ+2WAoj1osUlfCr
RgAzFL3wp0YAD7Z4BjMUvfCjRgAPtngDMxS98J9GAIt4FCP+izy98KtGADM8nfCjRgAPtlgHMzyd
8J9GAA+2WBEzPJ3wp0YAD7ZYFYl94It4GCP+izy98KtGADM8nfCnRgAPtlgOMzyd8KNGAA+2WAsz
PJ3wn0YAD7ZYEol95It4HCP+izy98KtGADM8nfCjRgAPtlgPMzyd8J9GAA+2WBkzPJ3wp0YAD7ZY
Fol96A+2eB2LPL3wp0YAMzyd8KNGAIsYI94zPJ3wq0YAD7ZYEzM8nfCfRgAPtlgBiX3si3gEI/6L
PL3wq0YAMzyd8KdGAA+2WBczPJ3wn0YAD7ZYGjM8nfCjRgAPtlgbiX3wi3gII/6LPL3wq0YAMzyd
8J9GAA+2WAUzPJ3wp0YAD7ZYHjM8nfCjRgAPtlgCiX30i3gMI/6LPL3wq0YAMzyd8KNGAA+2WB8z
PJ3wn0YAD7ZYCTM8nfCnRgD/RfyJEItV4IlQBItV5IlQCItV6IlQDItV7IlQEItV8IlQFItV9IlQ
GItVCIl4HIuS7AMAAEo5VfxqBF8PjA7+//+LETEQA8+LETFQBAPPixExUAgz2wPPixExUAwDz4sR
MVAQA8+LETFQFAPPixExUBgDz4sRMVAcD7ZQA4q68J1GAA+2UAYDz4qa8J1GAA+2UA0PtpLwnUYA
weMIC9qLUBAj1g+2kvCdRgDB4wgL2g+2UAeJXdwz24q68J1GAA+2UAqKmvCdRgAPtlARD7aS8J1G
AMHjCAvai1AUI9YPtpLwnUYAweMIC9oPtlALiV3gM9uKuvCdRgAPtlAOiprwnUYAD7ZQFQ+2kvCd
RgDB4wgL2otQGCPWD7aS8J1GAMHjCAvaD7ZQD4ld5DPbirrwnUYAD7ZQEoqa8J1GAA+2UBkPtpLw
nUYAweMIC9qLUBzB4wgj1g+2kvCdRgAL2g+2UBOJXegz24q68J1GAA+2UBaKmvCdRgAPtlAdD7aS
8J1GAMHjCAvaixDB4wgj1g+2kvCdRgAL2g+2UBeJXewz24q68J1GAA+2UBqKmvCdRgAPtlABD7aS
8J1GAMHjCAvai1AEweMII9YPtpLwnUYAC9oPtlAbiV3wM9uKuvCdRgAPtlAeiprwnUYAD7ZQBQ+2
kvCdRgDB4wgL2otQCMHjCCPWD7aS8J1GAAvaD7ZQH4ld9DPbirrwnUYAD7ZQAoqa8J1GAA+2UAkP
tpLwnUYAweMIC9qLUAzB4wgj1g+2kvCdRgCLddwL04td4IlYBItd5IlYCItd6IlYDItd7IlYEItd
8IlYFItd9IkwiVgYiVAcixkz3okYA8+LMTN14APPiXAEizEzdeQDz4lwCIsxM3XoA8+JcAyLMTN1
7APPiXAQizEzdfADz4lwFIsxM3X0X4lwGItJBDPKXolIHFvJw1WL7IPsFItFCINl/ABTVo2I4AEA
AIuA7AMAAFdIagSFwItFDF++/wAAAA+O/gAAAIsRMRADz4sRMVAEA8+LETFQCAPPixExUAwPtlAJ
ixSV8LdGAAPPD7Z4AzMUvfCvRgCLeASLWAgj/jMUvfC7RgAPtngOMxS98LNGAA+2eA2LPL3wt0YA
I94zPJ3wu0YAD7ZYAjM8nfCzRgAPtlgHMzyd8K9GAA+2WAaJffAPtngBizy98LdGADM8nfCzRgAP
tlgLMzyd8K9GAItYDCPeMzyd8LtGAA+2WAqJffQPtngPizy98K9GADM8nfCzRgCLGCPeMzyd8LtG
AA+2WAUzPJ3wt0YA/0X8iRCLVfCJUASLVfSJUAiLVQiJeAyLkuwDAABKOVX8agRfD4wC////ixEx
EDPbA8+LETFQBAPPixExUAgDz4sRMVAMD7ZQA4q68J5GAA+2UA4Dz4qa8J5GAA+2UAkPtpLwnkYA
weMIC9qLUAQj1g+2kvCeRgDB4wgL2g+2UAeJXewz24q68J5GAA+2UAKKmvCeRgAPtlAND7aS8J5G
AMHjCAvai1AII9YPtpLwnkYAweMIC9oPtlALiV3wM9uKuvCeRgAPtlAGiprwnkYAD7ZQAQ+2kvCe
RgDB4wgL2otQDCPWD7aS8J5GAMHjCAvaD7ZQD4ld9DPbirrwnkYAD7ZQCoqa8J5GAA+2UAUPtpLw
nkYAweMIC9qLECPWD7aS8J5GAIt17MHjCAvTi13wiVgEi130iTCJWAiJUAyLGTPeiRgDz4sxM3Xw
A8+JcASLMTN19F+JcAiLSQQzyl6JSAxbycNVi+yD7ByLRQiDZfwAU1aNiOABAACLgOwDAABXSGoE
hcCLRQxfvv8AAAAPjngBAACLETEQA8+LETFQBAPPixExUAgDz4sRMVAMA8+LETFQEAPPixExUBQP
tlARixSV8LdGAAPPD7Z4AzMUvfCvRgCLeAwj/jMUvfC7RgAPtngWMxS98LNGAA+2eBWLPL3wt0YA
i1gQI94zPJ3wu0YAD7ZYAjM8nfCzRgAPtlgHMzyd8K9GAA+2WAaJfegPtngBizy98LdGADM8nfCz
RgAPtlgLMzyd8K9GAItYFCPeMzyd8LtGAA+2WAqJfewPtngPizy98K9GADM8nfCzRgCLGCPeMzyd
8LtGAA+2WAUzPJ3wt0YAD7ZYCYl98A+2eA6LPL3ws0YAMzyd8LdGAA+2WBMzPJ3wr0YAi1gEI94z
PJ3wu0YAD7ZYEol99A+2eBeLPL3wr0YAMzyd8LNGAItYCCPeMzyd8LtGAA+2WA0zPJ3wt0YAiRCL
VeiJUASLVeyJUAiLVfD/RfyJUAyLVfSJUBCLVQiJeBSLkuwDAABKOVX8agRfD4yI/v//ixExEDPb
A8+LETFQBAPPixExUAgDz4sRMVAMA8+LETFQEAPPixExUBQPtlADirrwnkYAD7ZQFgPPiprwnkYA
D7ZQEQ+2kvCeRgDB4wgL2otQDCPWD7aS8J5GAMHjCAvaD7ZQB4ld5DPbirrwnkYAD7ZQAoqa8J5G
AA+2UBUPtpLwnkYAweMIC9qLUBAj1g+2kvCeRgDB4wgL2g+2UAuJXegz24q68J5GAA+2UAaKmvCe
RgAPtlABD7aS8J5GAMHjCAvai1AUI9YPtpLwnkYAweMIC9oPtlAPiV3sM9uKuvCeRgAPtlAKiprw
nkYAD7ZQBQ+2kvCeRgDB4wgL2osQI9YPtpLwnkYAweMIC9oPtlATiV3wM9uKuvCeRgAPtlAOiprw
nkYAD7ZQCQ+2kvCeRgDB4wgL2otQBCPWD7aS8J5GAMHjCAvaD7ZQF4ld9DPbirrwnkYAD7ZQEoqa
8J5GAA+2UA0PtpLwnkYAweMIC9qLUAgj1g+2kvCeRgCLdeTB4wgL04td6IlYBItd7IlYCItd8IlY
DItd9IkwiVgQiVAUixkz3gPPiRiLMTN16APPiXAEizEzdewDz4lwCIsxM3XwA8+JcAyLMTN19F+J
cBCLSQQzyl6JSBRbycNVi+yD7CSLRQiDZfwAU1aNiOABAACLgOwDAABXSGoEhcCLRQxfvv8AAAAP
jvIBAACLETEQA8+LETFQBAPPixExUAgDz4sRMVAMA8+LETFQEAPPixExUBQDz4sRMVAYA8+LETFQ
HA+2UBWLFJXwt0YAA88PtngDMxS98K9GAIt4ECP+MxS98LtGAA+2eB4zFL3ws0YAD7Z4GYs8vfC3
RgAPtlgCMzyd8LNGAItYFCPeMzyd8LtGAA+2WAczPJ3wr0YAD7ZYBol94A+2eAuLPL3wr0YAMzyd
8LNGAA+2WB0zPJ3wt0YAi1gYI94zPJ3wu0YAD7ZYAYl95A+2eA+LPL3wr0YAMzyd8LdGAA+2WAoz
PJ3ws0YAi1gcI94zPJ3wu0YAD7ZYBYl96A+2eA6LPL3ws0YAMzyd8LdGAA+2WBMzPJ3wr0YAixgj
3jM8nfC7RgAPtlgSiX3sD7Z4F4s8vfCvRgAzPJ3ws0YAi1gEI94zPJ3wu0YAD7ZYCTM8nfC3RgAP
tlgNiX3wD7Z4Fos8vfCzRgAzPJ3wt0YAD7ZYGzM8nfCvRgCLWAgj3jM8nfC7RgAPtlgaiX30D7Z4
H4s8vfCvRgAzPJ3ws0YAi1gMI94zPJ3wu0YAD7ZYETM8nfC3RgD/RfyJEItV4IlQBItV5IlQCItV
6IlQDItV7IlQEItV8IlQFItV9IlQGItVCIl4HIuS7AMAAEo5VfxqBF8PjA7+//+LETEQA8+LETFQ
BAPPixExUAgz2wPPixExUAwDz4sRMVAQA8+LETFQFAPPixExUBgDz4sRMVAcD7ZQA4q68J5GAA+2
UB4Dz4qa8J5GAA+2UBUPtpLwnkYAweMIC9qLUBAj1g+2kvCeRgDB4wgL2g+2UAeJXdwz24q68J5G
AA+2UAKKmvCeRgAPtlAZD7aS8J5GAMHjCAvai1AUI9YPtpLwnkYAweMIC9oPtlALiV3gM9uKuvCe
RgAPtlAGiprwnkYAD7ZQHQ+2kvCeRgDB4wgL2otQGCPWD7aS8J5GAMHjCAvaD7ZQD4ld5DPbirrw
nkYAD7ZQCoqa8J5GAA+2UAEPtpLwnkYAweMIC9qLUBzB4wgj1g+2kvCeRgAL2g+2UBOJXegz24q6
8J5GAA+2UA6KmvCeRgAPtlAFD7aS8J5GAMHjCAvaixDB4wgj1g+2kvCeRgAL2g+2UBeJXewz24q6
8J5GAA+2UBKKmvCeRgAPtlAJD7aS8J5GAMHjCAvai1AEweMII9YPtpLwnkYAC9oPtlAbiV3wM9uK
uvCeRgAPtlAWiprwnkYAD7ZQDQ+2kvCeRgDB4wgL2otQCMHjCCPWD7aS8J5GAAvaD7ZQH4ld9DPb
irrwnkYAD7ZQGoqa8J5GAA+2UBEPtpLwnkYAweMIC9qLUAzB4wgj1g+2kvCeRgCLddwL04td4IlY
BItd5IlYCItd6IlYDItd7IlYEItd8IlYFItd9IkwiVgYiVAcixkz3okYA8+LMTN14APPiXAEizEz
deQDz4lwCIsxM3XoA8+JcAyLMTN17APPiXAQizEzdfADz4lwFIsxM3X0X4lwGItJBDPKXolIHFvJ
w1WL7IPsEFNXi/mD/xCL2HQhg/8YdByD/yB0F2imAwAAaMTCRgBokMJGAOiBAQMAg8QMg/sQdCGD
+xh0HIP7IHQXaKcDAABoxMJGAGhgwkYA6FsBAwCDxAyLw5lqBFn3+YvYi8eZ9/mJXfg7w4mG6AMA
AIvIfwKLy4PBBoP4CImO7AMAAHUWx4bAAwAAAhJCAMeGxAMAAIgcQgDrNIP4BnUWx4bAAwAAhA5C
AMeGxAMAAAQZQgDrGYP4BHUUx4bAAwAAIgxCAMeGxAMAAJwWQgAz/0EPr8iFycdF/AEAAAAPjg0B
AACLw4tdCMHgAovIi8YrwYlF9IPDAjt9+H0eD7YLM8CKY/6KQ//B4AgLwQ+2SwHB4AgLwem1AAAA
i8eZ9334i0y+/IlN8IXSdVsPtkXyD7aA8J1GADNF/A+21Q+2kvCdRgDB4AgLwovRgeL/AAAAD7aS
8J1GAMHgCAvCi1X8wekYD7aJ8J1GAMHgCAvIi0X8JID22BvAg+J/g+Ab0eIzwolF/OtCg/oEdT2D
ffgGfjcPtkXyD7aA8J1GAIvRweoYiqLwnUYAD7bVD7aS8J1GAMHgCIHh/wAAAA+2ifCdRgALwsHg
CAvIi0X0iwAzwYNF9ASJBL6LhuwDAABHg8MEQA+vhugDAAA7+A+MB////4Nl/ACDvuwDAAAAD4yt
AAAAM9I5lugDAAAPjo0AAACLvuwDAACLhugDAACLzytN/A+vyAPKg338AIsMjolN8HRROX38dEwP
tn3yD7a/8J1GAIs8vfCzRgAPtt0PtpvwnUYAMzyd8LdGAIvZwesYD7ab8J1GADM8nfCvRgCB4f8A
AAAPtonwnUYAMzyN8LtGAIvPD69F/APCQomMhuABAAA7lugDAAAPjHP/////RfyLRfw7huwDAAAP
jlP///9fW8nDVYvsg+wcU4vY9sMPV4t9DHQXaAkEAABoxMJGAGjQwkYA6Nb+AgCDxAyNh8gDAABq
EFCJRfSNReRQ6JYCAwCDxAyF2w+OigAAAItFCIPAAolF/I1D/8HoBEBWiUX46wOLfQyLdfwzwA+2
FjPJim7+g8YEik77weEIC8oPtlb9weEIC8oxTIXkQIP4BHzajUXkUFf/l8ADAACLRfxZWTPSjUyV
5Is5igmL38HrGIhY/ovfwesQiFj/i9/B6wiIGIhIAUKDwASD+gR81f9N+Il1/HWNXmoQjUXkUP91
9OjzAQMAg8QMX1vJw1WL7IPsPFOL2PbDD1aLdQx0F2gfBAAAaMTCRgBo0MJGAOju/QIAg8QMjYbI
AwAAahBQiUX0jUXUUOiuAQMAg8QMhdsPjrMAAABXi30IjUP/wegEg8cCQIlF/OsDi3UMi8czyQ+2
GDPSinD+g8EEg8AEilD7weIIC9MPtlj9weIIC9OD+RCJVA3AiVQN4HzUiUX4jUXkUFb/lsQDAABZ
i8dZM/+NTD3kixGNdD3Uix7B6hjB6xgy2osWiFj+ixnB6hDB6xAy04sZigkyDohQ/4sWweoIwesI
MtOISAGLTD3EiBCDxwSDwASD/xCJDny0/038i334D4Vh////X2oQjUXUUP919OjiAAMAg8QMXlvJ
w1WL7IPsLFOL2PbDD1aLdQx0F2g3BAAAaMTCRgBo0MJGAOjd/AIAg8QMjYbIAwAAahBQiUX0jUXk
UOidAAMAg8QMhdsPjrEAAABXi30IjUP/wegEg8cCQIlF+OsDi3UMahCNReRQjUXUUOhtAAMAjUXU
UFb/lsADAACDxBQzyYvHD7YwM9KKcP6KUP/B4ggL1g+2cAHB4ggL1olV/Itd/I10jdSLPsHrGIvX
weoYMtOLXfyIUP7B6xCL18HqEDLTi138iFD/i9fB6gjB6wgy04gQihYyVfxBiFABg8AEg/kEfJ5q
A1n/RI3kdQNJeff/TfiL+A+FY////19qEI1F5FD/dfTo0/8CAIPEDF5bycNo8AMAAGoB6LmV/v9Z
WcNW/3QkDIt0JAxqEFmLwegi+v//WV7DVv90JAyLdCQMahhYahBZ6Av6//9ZXsNW/3QkDIt0JAxq
IFhqEFno9Pn//1lew4tMJASLRCQIVldqBIHByAMAAIPAAl4Ptjgz0opw/oPABIpQ+8HiCAvXD7Z4
/cHiCAvXiRGDwQROddxfXsP/dCQEi0QkEP90JAzoV/z//1lZw/90JASLRCQQ/3QkDOgr/f//WVnD
/3QkBItEJBD/dCQM6Cj+//9ZWcNVi+yB7PADAABW/3UIjbUQ/P//aiBYahBZ6Fr5//9qII1F2GoA
UOg1BAMAi8ZQ/3UMi0UQ6Nv8//+LxmjwAwAAUOj9iQIAg8QgXsnDVYvsUVGLRQiKCINl+ACDfRAA
iE0LikgBiE3/fkdTVlf+RQsPtk0LjXQBAooWAFX/D7ZN/4t9DI1MAQKKGYgeiBGLTfgz24oeA/kD
2oHj/wAAAIpUAwIwF0E7TRCJTfh8v19eW4pNC4gIik3/iEgBycNVi+yB7AgBAABTVleL+L4AAQAA
OXUMjV8CiV34dhRqJmiIw0YAaHjDRgDoPPoCAIPEDDPJjYX4/v//iE8BiA8r2DPSi8H3dQyLRQiN
vA34/v//iAw7QTvOigQCiAdy4otF+INlDACNvfj+//8r+Il1/IoIi3X4M9sz0ooUB4rZA10MA9OB
4v8AAAAD8olVDIoWiBBA/038iA511l9eW8nDaAIBAABqAeiQk/7/WVnD6VKU/v9WV2oBvgAGAABW
6HmT/v9Wi/hqAFfo1QIDAFZX/3QkKOi2/v//VlfopogCAFfoIJT+/4PELF9ew4tEJARqEP90JAzo
Bf////90JAzosP///4PEDMOLRCQEaiD/dCQM6On+////dCQM6JT///+DxAzDVYvsUYtVCDOQABAA
AFOJVQgPtk0Ki4yIAAQAAIvaVovywe4YAwywD7b2M4ywAAgAAL7/AAAAI9YDjJAADAAAM00MiV0M
M4gEEAAAiU0ID7ZVCouUkAAEAACL2YlN/MHrGAMUmA+23TOUmAAIAAAjzgOUiAAMAACLTfwzVQyJ
TQwzkAgQAACJVQgPtk0Ki4yIAAQAAIvawesYAwyYD7beM4yYAAgAAIlV/CPWA4yQAAwAAItV/DNN
DIlVDDOIDBAAAIlNCA+2VQqLlJAABAAAi9nB6xgDFJgPtt0zlJgACAAAiU38I84DlIgADAAAi038
M1UMiU0MM5AQEAAAiVUID7ZNCouMiAAEAACL2sHrGAMMmA+23jOMmAAIAACJVfwj1gOMkAAMAACL
VfwzTQyJVQwziBQQAACJTQiJTfwPtlUKi5SQAAQAAIvZwesYAxSYD7bdM5SYAAgAACPOA5SIAAwA
AItN/DNVDIlNDDOQGBAAAIlVCA+2TQqLjIgABAAAi9rB6xgDDJgPtt4zjJgACAAAiVX8I9YDjJAA
DAAAi1X8M00MiVUMM4gcEAAAiU0ID7ZVCouUkAAEAACL2cHrGAMUmA+23TOUmAAIAACJTfwjzgOU
iAAMAACLTfwzVQyJTQwzkCAQAACJVQgPtk0Ki4yIAAQAAIvawesYAwyYD7beM4yYAAgAAIlV/CPW
A4yQAAwAAItV/DNNDIlVDDOIJBAAAIlNCA+2VQqLlJAABAAAi9nB6xgDFJgPtt0zlJgACAAAiU38
I84DlIgADAAAi038M1UMiU0MM5AoEAAAiVUID7ZNCouMiAAEAACL2sHrGAMMmIlV/A+23jOMmAAI
AAAj1gOMkAAMAACLVfwzTQyJVQwziCwQAACJTQgPtlUKi5SQAAQAAIvZwesYAxSYD7bdM5SYAAgA
AIlN/CPOA5SIAAwAAItN/DNVDIlNDDOQMBAAAIlVCA+2TQqLjIgABAAAi9qJVfzB6xgDDJgPtt4z
jJgACAAAI9YDjJAADAAAi1X8M00MiVUMM4g0EAAAiU0ID7ZVCouUkAAEAACL2cHrGAMUmA+23TOU
mAAIAACJTfwjzgOUiAAMAACLTfwzVQyJTQwzkDgQAACJVQgPtk0Ki4yIAAQAAIvawesYAwyYD7be
M4yYAAgAAIlV/CPWA4yQAAwAAItV/DNNDIlVDDOIPBAAAIlNCA+2VQqLlJAABAAAi9nB6xgDFJgP
tt0zlJgACAAAiU38I84DlIgADAAAM1UMM5BAEAAAi4BEEAAAM0X8XokHiVcEW8nDVYvsUYtVCDOQ
RBAAAFOJVQgPtk0Ki4yIAAQAAIvaVovywe4YAwywD7b2M4ywAAgAAL7/AAAAI9YDjJAADAAAM00M
iV0MM4hAEAAAiU0ID7ZVCouUkAAEAACL2YlN/MHrGAMUmA+23TOUmAAIAAAjzgOUiAAMAACLTfwz
VQyJTQwzkDwQAACJVQgPtk0Ki4yIAAQAAIvawesYAwyYD7beM4yYAAgAAIlV/CPWA4yQAAwAAItV
/DNNDIlVDDOIOBAAAIlNCA+2VQqLlJAABAAAi9nB6xgDFJgPtt0zlJgACAAAiU38I84DlIgADAAA
i038M1UMiU0MM5A0EAAAiVUID7ZNCouMiAAEAACL2sHrGAMMmA+23jOMmAAIAACJVfwj1gOMkAAM
AACLVfwzTQyJVQwziDAQAACJTQiJTfwPtlUKi5SQAAQAAIvZwesYAxSYD7bdM5SYAAgAACPOA5SI
AAwAAItN/DNVDIlNDDOQLBAAAIlVCA+2TQqLjIgABAAAi9rB6xgDDJgPtt4zjJgACAAAiVX8I9YD
jJAADAAAi1X8M00MiVUMM4goEAAAiU0ID7ZVCouUkAAEAACL2cHrGAMUmA+23TOUmAAIAACJTfwj
zgOUiAAMAACLTfwzVQyJTQwzkCQQAACJVQgPtk0Ki4yIAAQAAIvawesYAwyYD7beM4yYAAgAAIlV
/CPWA4yQAAwAAItV/DNNDIlVDDOIIBAAAIlNCA+2VQqLlJAABAAAi9nB6xgDFJgPtt0zlJgACAAA
iU38I84DlIgADAAAi038M1UMiU0MM5AcEAAAiVUID7ZNCouMiAAEAACL2sHrGAMMmIlV/A+23jOM
mAAIAAAj1gOMkAAMAACLVfwzTQyJVQwziBgQAACJTQgPtlUKi5SQAAQAAIvZwesYAxSYD7bdM5SY
AAgAAIlN/CPOA5SIAAwAAItN/DNVDIlNDDOQFBAAAIlVCA+2TQqLjIgABAAAi9qJVfzB6xgDDJgP
tt4zjJgACAAAI9YDjJAADAAAi1X8M00MiVUMM4gQEAAAiU0ID7ZVCouUkAAEAACL2cHrGAMUmA+2
3TOUmAAIAACJTfwjzgOUiAAMAACLTfwzVQyJTQwzkAwQAACJVQgPtk0Ki4yIAAQAAIvawesYAwyY
D7beM4yYAAgAAIlV/CPWA4yQAAwAAItV/DNNDIlVDDOICBAAAIlNCA+2VQqLlJAABAAAi9nB6xgD
FJgPtt0zlJgACAAAiU38I84DlIgADAAAM1UMM5AEEAAAi4AAEAAAM0X8XokHiVcEW8nDVYvsg+wM
9kUIB1ZXi/B0F2gyAQAAaLzURgBorNRGAOiL8QIAg8QMi00IhcmLu0gQAACLg0wQAAAPjpgAAABJ
wekDQYlNCA+2VgUzyYpuB4pOBsHhCAvKD7ZWBMHhCAvKM8gzwIpmA1EPtk4BikYCweAIC8EPtg7B
4AgLwTPHUIvDjX306N/3//+LRfSL0IgGweoIi/iIVgGL0MHoGIhGA1lZi034i8HB6AiIRgWLwYlN
/IhOBMHoEMHqEMHpGIhGBotF/IhWAohOB4PGCP9NCA+FcP///4m7SBAAAF+Jg0wQAABeycNVi+yD
7BT2RQgHU1aL8HQXaE4BAABovNRGAGis1EYA6KXwAgCDxAyLRQyLiEwQAACLmEgQAACJTfyLTQiF
yQ+OowAAAEnB6QNBV4lN9A+2VgEzyYpuA4197IpOAsHhCAvKD7YWweEIC8oPtlYFiU0IM8mKbgeK
TgbB4QgLyg+2VgTB4QgLylH/dQiJTfjovPr//zNd7ItF/DNF8FlZi8vB6QiITgGLy8HpEIhOAovI
wekIiEYEiE4Fi8jB6BiIHsHrGMHpEIhGB4tF+IheA4tdCIhOBoPGCP9N9IlF/ItFDA+FZ////1+L
TfxeiZhIEAAAiYhMEAAAW8nDVYvsg+wM9kUIB1ZXi/B0F2hqAQAAaLzURgBorNRGAOir7wIAg8QM
i00IhcmLu0gQAACLg0wQAAAPjpsAAABJwekDQYlNCA+2VgYzyYpuBIpOBcHhCAvKD7ZWB8HhCAvK
M8gzwIomUQ+2TgKKRgHB4AgLwQ+2TgPB4AgLwTPHUIvDjX306P/1//+LRfSL0MHqGIgWi9CIRgOL
+MHqEFmIVgGL0FmLTfiLwcHoGIhGBIvBwegQiEYFi8HB6AjB6giIRgaIVgKITgeDxgj/TQiJTfyL
wQ+Fbf///4m7SBAAAF+Jg0wQAABeycNVi+yD7BT2RQgHU1aL8HQXaIYBAABovNRGAGis1EYA6MLu
AgCDxAyLRQyLiEwQAACLmEgQAACJTfyLTQiFyQ+OpwAAAEnB6QNBV4lN9A+2VgIzyYoujX3sik4B
weEIC8oPtlYDweEIC8oPtlYGiU0IM8mKbgSKTgXB4QgLyg+2VgfB4QgLylH/dQiJTfjo2fj//zNd
7ItF/DNF8FlZi8vB6RiIDovLwekQiE4Bi8vB6QiITgKLyMHpGIhOBIvIwekQiE4Fi8jB6QiIRgeL
RfiIXgOLXQiITgaDxgj/TfSJRfyLRQwPhWP///9fi038XomYSBAAAImITBAAAFvJw1WL7IPsFPZF
CAdWi/B0F2iiAQAAaLzURgBorNRGAOjF7QIAg8QMi4NIEAAAiUX8i4NMEAAAiUX4i0UIhcAPjtQA
AABIwegDQIlF9Ff/dfiLw/91/I197OhF9P//M8CKJllZD7ZOAopGAcHgCAvBD7ZOA8HgCAvBi03s
wekYi9DB6hgyyogOi03swekQi9DB6hAyyovQMkXsiE4Bi03siEYDM8CKZgTB6QjB6ggyyohOAg+2
TgaKRgXB4AgLwQ+2TgfB4AgLwYlFCItF8ItVCMHqGIvIwekYMsqLVQiITgSLyMHpEMHqEDLKi1UI
iE4Fi8gyRQjB6QjB6ggyyv9F+IhOBohGB3UD/0X8g8YI/030D4U2////X4tF/ImDSBAAAItF+ImD
TBAAAF7Jw1WL7IPsIINl/ABTM9vHRfiYw0YA/034jY4AEAAAQyvZV4ld6ItF+A+/fQwD2YsEA4kB
iUXki0X8mff/i0UIg0X8BA+2PAKLww+/XQyZ9/uLRQjB5xgzfeSJOQ+2HAKLReiNRAgBmcHjEDPf
D799DPf/i30IM8CJGYokOg+/fQwzw4td6IkBiUXkjUQLApn3/4tFCA+2BAIzReSJAYPBBIN9/EgP
jHv///+NlgAEAACJVfwpdfyNlgAIAACJVfApdfCNlgAMAAC54MNGAMdF+ODHRgApdfjHRfTgy0YA
KXX0x0Xs4M9GACl17IlV6LsAAQAAK84pdeiLxold5IsUAYt9/IkQi1X4ixQCiRQHi1X0ixQCi33w
iRQHi1XsixQCi33oiRQHg8AE/03kdc8zwDPJiU3kiUXgiUX8UVCLxo194Ogv8v//i1X8g0X8AotF
4FnB4gKDffwSWYtN5I2+ABAAAIkEOolMOgR8z4Nl/ABRUIvGjX3g6Prx//+LVfyDRfwCi0XgWcHi
Ajld/FmLTeSJBDKJTDIEfNaDZfwAUVCLxo194OjM8f//i1X8g0X8AotF4FnB4gI5XfxZi03kjb4A
BAAAiQQ6iUw6BHzQg2X8AFFQi8aNfeDomPH//4tV/INF/AKLReBZweICOV38WYtN5I2+AAgAAIkE
OolMOgR80INl/ABRUIvGjX3g6GTx//+LVfyDRfwCi0XgWcHiAjld/FmLTeSNvgAMAACJBDqJTDoE
fNBfW8nDaFAQAABqAehIhP7/WVnDaFAQAABqAug5hP7/WVnDVot0JAhqEP90JBDomf3//1lZXsNW
i3QkCGog/3QkEOiF/f//WVlew4tEJAgPtkgCM9KKMFaKUAHB4ggL0Q+2SAPB4ggL0YtMJAiJkUgQ
AAAPtnAGM9KKcASKUAUPtkAHweIIC9bB4ggL0ImRTBAAAF7DVot0JAhXaiD/dCQU6Cb9//+DpkgQ
AAAAg6ZMEAAAAFlZjb5QEAAAuRQEAADzpV9ew4tEJAhT/3QkEItcJAzoAfj//1lbw4tEJAQFUBAA
AFD/dCQQi0QkEOjN+P//WVnDi0QkCFP/dCQQi1wkDOiy+f//WVvD/3QkBItEJAz/dCQQ6If6//9Z
WcOLRCQIU/90JBCLXCQM6HD7//9ZW8OF9nwIgf7///8DfBRqK2gA1UYAaMzURgDoOOkCAIPEDFeN
RgFqBFDo+oL+/4v4hf9ZWXUF6UENAwCNBLUEAAAAUGoAV+hE8gIAg8QMiTeLx1/Di0QkBOsLiwiD
PIgAdQhJiQiDOAF38MNWi3QkCIsGV0BqBFDorIL+/4v4hf9ZWXUF6fMMAwCLBo0EhQQAAABQVlfo
lewCAIPEDIvHX17DVot0JAiLBo0EhQQAAABQVui7dwIAVug1g/7/g8QMXsNVi+yD7BCDZfAAg2X0
AEpWi/F4QFNXi30IK8aNDJYr/kKJRfiJVfyLAYsUDzP2M9sD0ItF8BPzA8KLVfQT1ot1+CFd9IkE
DoPpBP9N/IlV8HXVX1uLRfBeycNVi+yD7BCDZfQAScdF8AEAAAB4SVNWi3UIV4t9DCv6jQSKK/JB
iX34iU38iwwG99GL0YsIM/8z2wPRi03wE/sDyotV9BPXi334IV30iQwHg+gE/038iVXwddFfXlvJ
w1aL8DPJg/4yfhiLxpkrwovQ0fqLxivCQIP4Mo0MgYvwf+iLwV7DVYvsg+woU4tdFIP7MlZXD46i
AQAAi3UYi8OZK8KL+FbR/1f/dRAr3/91DIld/P91CEPoyf///4tFEItNDItVCFb/dfyNBPiNDLlQ
jRS6UVKJRdyJTeCJVejoov///zPJjUSeBIPEKDv5iQiJDJ6JReSJTgSJDn5Ji1UMi00IjQQbK8eN
BIaJRfiLwyvHK8qJVfSNBIaJTeyJffDrA4tN7IsMEYkIiwqLVfiDRfgEiQqLVfSDwgSDwAT/TfCJ
VfR13ItV/ItN6I1GBFDoUf7//4tV/ItN4IkGi0XkUOhA/v//i9PB4gSNDJ4D1lKJAVONBN5QUVbo
Bv///zPSjQw/g8QcO8qNRgiJVgyJEIlWBIkWiVX4fiSL0yvXjRTWiVX0i334i1UQixS6i330/0X4
g0X0BDlN+IkXfOaLVfyLTdwD0lDo2f3//4083o0MG1dWi9eJRgSJTdzoHv7//4t1FItV3Cvzi10Q
0eYrdfyLz40Es1Doqf3//4PEEIv46yqF9n0XaDsBAABoANVGAGgM1UYA6B/mAgCDxAyLBLMD+INV
3ACJPLOLfdyDZdwAi8dOC0XcdcrrcotVEI0MG4XJfgYzwIv686uNBNqLVQjB4wKNDBM7ynZSi1UM
A9qDwPyJXdyJRRSLddyD6QSJTfSLTRQz0usei0X0iwCLOYPuBPcmM9sDxxPTM/8DRfAT14kBg+kE
O3UMiVXwd9qDbRQEiRGLTfQ7TQh3vF9eW8nDVYvsg+wMU4tdFIP7MlZXD46wAAAAi30Yi8OZK8KL
8I0E31DR/oldFCl1FP91FIlF/I0E91CLRQyL3sHjAgPDUItFCAPDUOiH/f///3X8i00UjQQ7VlCJ
RfiLRQyNBIhQ/3UI6Jj/////dfyLTRSLRQhWV/91DI0EiFDogf///4tNFIPEPIXJfhiLRRAD2I0E
cY0Eh4sQiRODwASDwwRJdfOLTfhXi9aLx+hF/P//i0UUA8aNDIeLRRBXi9boMvz//1lZ63CF234J
i30Qi8szwPOri00Qi8PB4AIDyIlN/ItNCI08CDv5dkyLTQyNRAj8iUX0i0X0i038g+8Eg2X4AIlF
FOsii0UUiwD3J4PpBIsxM9sDxhPTM/YDRfgT1oNtFASJAYlV+DtNEHfZg238BDt9CHe+X15bycNV
i+yD7AxXi/iNBHaNBIdQVlf/dQyNDLNRiUX4iU386KL+////dfiNBLdWUP91CIlF9FfoYPz//4tN
9I0UNlOLw+hz+///g8QsM8mF9n4Ui1X8izyLiTqDJIsAQYPCBDvOfO+FwHUqhfZ+JotV/Is6i00I
OzyBdQhAg8IEO8Z87jvGfRCNFDCLFJM7FIF2E+sDi00Ii1X8UlGLzuhz+///WVlfycNVi+yD7DRT
Vot1EFeLPrgAAACAi88jyDvIiX3sdBdoKQIAAGgA1UYAaCjVRgDod+MCAIPEDIN9FAF+CItGBIlF
6OsEg2XoAItFDDPbK0UUiV3kiUXcD4jXAQAA6wOLfewzyTvZdQWJTfDrDotFCI1EmPyLEIlV8IkI
i0UMSDvYdQWJTfTrCotFCItEmASJRfQ5ffByCYNN/P/pgQAAAItFCIsEmIlF4ItV8ItF4Pd17IlV
+IlF/DPAUP916FH/dfzoTAcDAGoBagBqAP91+Iv4i/LoOgcDAANF9GoAWRPRO/JyPHcEO/h2NotF
7P9N/AFF+DlF+HIoagFqAGoA/3X46AwHAwADRfRqAFkT0St96BvxO/JyCXcEO/h2A/9N/INl9ACL
fRRPhf98OotNCI0EH400gTPAUP91/FCLRRD/NLjoywYDADPJA0X0E9GLDjvBiVX0dgP/RfQryIkO
T4PuBIX/fc+LRfA5RfR0SYNl1ACDZdgAi00USYXJfDaLVQiNBBmNBIKLVRCLNIqLEDPbM/8D8otV
1BP7A9aLddgT9yFd2IkQSYPoBIXJiXXUfdaLXeT/TfyDfRgAdGmLRQwrwytFFGogweAFA0UcWZn3
+YvKjXABi0X8M9LoEgYDAIv4C8KJVdB0PYtFGDswdhdoDwIAAGgA1UYAaBTVRgDopuECAIPEDItF
GI0EsIsIA/mDVdAAiTiLfdCDZdAAi8dGC0XQdcNDO13ciV3kD44r/v//X15bycNVi+yD7CRTVot1
EIsGM9s5HIZXdRdomwMAAGgA1UYAaEjVRgDoSeECAIPEDIs+agRXiX346Ap7/v9ZWTPJO/uJRfR+
D4sWK9GLFJaJFIhBO8988YsQiV38i/KLy9PmhfZ4CUOD+x+JXfx87YXbdD6NT/8z9oXJfizHRRAg
AAAAKV0Qi3ywBItNENPvi038jRSwixrT4wv7iTqLffhGjU//O/F83otN/I1EuPzTIIt1CIt9DIsG
ix87w3YCi9iLRfiNDBs7yH8ImSvCi9jR+0NqBFPobHr+/4vTKxZZhdJZiUUIfgyLfQiLyjPA86uL
fQyLBoNlEACFwH4bi00IjRSRK0UQ/0UQiwSGiQKLBoPCBDlFEHzragRT6CZ6/v+L0ysXWYXSi/BZ
iXXsfguLyjPAi/7zq4t9DIsHM8mFwH4UjRSWK8GLBIeJAosHQYPCBDvIfO+NNBtqBFaJdeDo4nn+
/4v4i8PoLPj//2oEUIlF3OjOef7/UFNX/3XsiUXk/3UI6Db4//9qAGoA/3X4/3X0VlfoMvz//4tV
/IPEPIXSD4SoAAAAi8YrRfiNSP+JReiNRv87yIlNDH04x0UQIAAAAClVEItFDItNEMHgAo0UOItE
OATT6ItN/IlV8IsS0+KLTfALwv9FDIkBjUb/OUUMfNKLTfzTZN/8agBqAP91+P919FZX6L/7//+N
Rv+DxBg7ReiJRQx8NWogWStN/IlNEItNEMHgAo0UOItEOPzT4ItN/IlV8IsS0+qLTfALwokBi0UM
SDtF6IlFDH3Ui0X4O8aJRRB8A4l1EIt1EOi79f//g2UMAIN9EACL8H4ui0XgK0UQjQSHiw4rTQyL
EP9FDIkUjotNDIPABDtNEHzo6wuLBoM8hgB1CEiJBoM+AXfwi0XcweACUP915OjdbQIA/3Xk6FV5
/v+Lw8HgA1BX6MltAgBX6EN5/v+LRfjB4AJQ/3X06LRtAgD/dfToLHn+/8HjAlP/dQjooG0CAP91
COgYef7/U/917OiPbQIA/3Xs6Ad5/v+DxDxfi8ZeW8nDVYvsg+wUU1aL8IsGgzyGAFd1F2gEBAAA
aADVRgBoSNVGAOg73gIAg8QMix5qBFOJXfTo/Hf+/4v4WTPAhdtZiX3wfg+LDivIiwyOiQyHQDvD
fPGLBzPJiU38i9DT4oXSeAlBg/kfiU38fO+FyXQ+jUP/M9KFwH4sx0X4IAAAAClN+It0lwSLTfiN
BJeLGNPui0380+ML84td9IkwQo1D/zvQfN6LTfyNRJ/80yCLRQiLGItF9DvYfwONWAFqBFPob3f+
/4XbWVmL8H4Li8szwIv+86uLffCLVQgzwEA5AnwUjUye/IsUgokRi1UIQIPpBDsCfvD/dfz/dRD/
dfRXU1bos/n//4PEGIN9/AAPhJ4AAACLwytF9I17/4lF7Eg7x4lFCH0xaiBYK0X8iUX4i00IweEC
i1QxBI0EMYtN+Is40+qLTfzT5wvX/0UIjXv/OX0IiRB82ItN/NNknvxqAP91EP919P918FNW6En5
//+Lx4PEGDtF7IlFCHwxaiBZK038iU34i8jB4QKLVDH8jQQxi034izjT4otN/NPvC9eJEItFCEg7
ReyJRQh92It98ItFDIXAdDIzyUE5CHwrjVP/iVUMjVSe/IlVCIN9DAB8B4tVCIsS6wIz0oNtCASJ
FIhB/00MOwh+4otF9MHgAlBX6IZrAgBX6AB3/v+Lw8HgAlBW6HRrAgBW6O52/v+DxBhfXlvJw4tM
JAQzwEA5AX4PgzyBAHUJgwyB/0A7AXzxjQSB/wjDVYvsUVOLXQyF21ZXfAiB+////w98F2hPBAAA
aADVRgBoXNVGAOgB3AIAg8QMjUMDmWoEWff5i/iL9+iX8v//g/8Bi/B8C41WBIvPM8CL+vOrhdt0
SovDweADiUUMi0UIighLi8OZagRf9/+DbQwIiV38aiBb/0UIjXyGBItFDJn3+4td/A+2wYvK0+AJ
B4XbdcvrC4sGgzyGAHUISIkGgz4Bd/Bfi8ZeW8nDVYvsU4tdCGoCWTlNDH0Fg8j/60MzwA+2E8Hg
CAPCQ0l19FaDwAeZaghZ9/mL8I1GAjlFDH0Fg8j/6xtXi30Qhf90ElZT6Av///+JB4vGK0UIWVkD
w19eW13DVleLfCQMizfB5gXrFIvGmWogWff5i0SHBIvK0+iFwHUDTnnpX41GAV7D/3QkBOjN////
g8AHWZlqCFn3+UBAw/90JATot////1mDwAiZaghZ9/mDwATDi0QkCIXAVnwli3QkCIsOweECO8F9
GJlqBFn3+YtEhgSLysHhA9PoXiX/AAAAwzPAXsOLRCQIhcBXfDGLfCQIiw/B4QU7wX0kVplqIFn3
+TP2RovK0+aDfCQUAI1EhwR0BQkwXl/D99YhMOv36YP+AgBTVlf/dCQU6Fb/////dCQYi9joIf//
/1mL0FmLTCQQwfoIiBGNcQGNe/7rDU9X/3QkGOhY////WVmIBkaF/3XsX16Lw1vDVYvsU1aLdQyL
BleLfQiLH4P7AYlFCHUIg38EAHUCM9uD+AF1CoN+BAB1BINlCACF23QdgzyfAHUXaOEEAABoANVG
AGic1UYA6MvZAgCDxAyLRQiFwHQdgzyGAHUXaOIEAABoANVGAGiA1UYA6KfZAgCDxAyLTQg72X4C
i8uFyXQrjQSOK/47y34EM/brA4s0BztNCH4EM9LrBosQO/JyEzvydxRJg+gEhcl12jPAX15bXcOD
yP/r9jPAQOvxVYvsg+wMg30MAH0XaPoEAABoANVGAGi41UYA6DvZAgCDxAxTi10IVldT6Ab+//8r
RQxZg8AfaiBfmYvP9/mL8OjB7///i/CF9nRii0UMi8+Z9/mLTIMEK/qJVfQz0kI5FolNDHxHjUgC
jQSLiU34iUX86wOLXQg7C4tFDH8Ki038iwmJTQzrBINlDACLTfSLXQyDRfwE0+iLz9Pji034C8OJ
BJZCQTsWiU34fsdfi8ZeW8nDVYvsg+wgi0UIi00MiwBTVleLOTvHiUXkiX3sfgKL+Iv3i8fB5gLo
oPD//wPGagRQiUXg6EBy/v+DZfQAhf9ZWYvYfluLTQyNFA6JVfyLVQgr0Yl9+I0EHolV8ItNCItV
+DsRfwuLTfCLVfyLDBHrAjPJi1X0iQyTi00Mi1X4OxF/B4tN/IsJ6wIzyf9F9INt/ASJCIPABP9N
+Dl99Hy8i8fB4AQDw1CJRfBXjQT7UAPzVlPoOfD//4tF7ItN5I1MCAGLRRCDxBSFwIlNDHQKiwA7
yH8EQIlFDIt1DOhx7v//g2UIAIvwM8BAOQZ8JY0MP4t98IPH/DvBfwSLF+sCM9KF0okUhnQDiUUI
QIPvBDsGfuSLRQgz/zl9EIkGdF8zyUE5TQyJfex8VItVECvWjUYEiVXkOw5/BIsQ6wIz0gP6i1UQ
g1XsADsKfwiLVeSLFALrAjPSA/pqAFoRVeyJODkQiX3oi33siVXsdAg7TQh+A4lNCEGDwAQ7TQx+
t4tFCIkGi0XgweACUFPoMmYCAFPorHH+/4PEDF+Lxl5bycNqAP90JAz/dCQM6FH+//+DxAzDVYvs
g+wUi0UIiwBTVleLfQyLDzvBfwKLwY1YAYvz6Hzt//8z0jP2QjvaiUX4iXXwiXX8fF6NSASLRQgr
x4lF9IvHK0X4i30IOxd/Cot99AP4izwP6wIz/wP3i30Mg1XwADsXfwWLPAjrAjP/A/eDVfAAiTGL
dfCDZfAAgzkAdAg7Vfx+A4lV/EKDwQQ70361i0X4i038X16JCFvJw1WL7IPsFFOLXQyLC1ZXi30I
iwc7wYlF/H8DiU38i3X86N3s//+DZfAAg2X0ADPSQjlV/IvyfFqJffgpXfiNSAQr2It9CDs3fwqL
ffgD+4s8D+sCM/8D14t9DINV8AA7N38HizwL99frA4PP/wPXg1XwAIkRi1Xwg2XwAIM5AHQIO3X0
fgOJdfRGg8EEO3X8frELVfCLTfRfXokIW3UJUOj+7P//WTPAycNWi3QkCFbot+z//1mLCOsFhcl+
K0mDPI4AdPWFyX4gizSOM9JCO/J2CI1UEgE71nL4iRSI6wSDDIj/SYXJf/dew1ZXi3wkEIs36Avs
//+L8GoAVv90JBSLx+ju9v//g8QM6wuLBoM8hgB1CEiJBoM+AXfwX4vGXsNVi+yD7BBTVleLfQxX
6Djs//+LdQhWiUX86Czs////NVynRwCL2Ogf7P///zVgp0cAiUX46BHs//+JRQiLBoPEEIM8hgDH
RfQBAAAAdRdoLAYAAGgA1UYAaODVRgDo1NQCAIPEDIsHgzyHAHUXaC0GAABoANVGAGjE1UYA6LXU
AgCDxAz/NWCnRwBT6I76//+FwFlZD4SpAAAA/zVcp0cAU+h4+v//hcBZWQ+E6gAAAIsz6Crr//+L
+ItF/Isw6B7r//+L8FZX/3X8i8PoA/b//zPJg8QMQesLiweDPIcAdRRIiQc5D3fx6wuLBoM8hgB1
B0iJBjkOd/H/dfzogOv//4tFCIld/Ivfi334V1BWiUX46Hj7///3XfRXiUUI6F7r//9W6Fjr////
NWCnRwBT6On5//+DxCCFwA+FWv///4t9DFPoOOv///91/Ogw6////3X46Cjr//+DxAyDffQAD425
AAAAizfodOr//4vwM8BAM8k5BolF+IlF/A+MjAAAAItdCIvXK1UIK96JXfSLXfyNRgSJVfDrK1Po
4er///91/OjZ6v///3X46NHq////dQjoyer//4PEEDPA62OLfQyLVfA7H38Ki330A/qLFAfrAjPS
i30IOx9/CIt99Is8B+sCM/8r1yvRhcmJEPfXdAc71xvJQesGO/obyffZhdJ0A4ld+EODwAQ7Hn6x
i0X4/3UIiQboZur//1mJdQiLRQhfXlvJw1ZXi3wkDIX/fRRqUWgA1UYAaPjVRgDo9NICAIPEDIvH
mWogWff5i/BG6Izp//9qAYvwV1boOfj//4PEDF+Lxl7DVYvsg+wsU1ZXi30QiweDPIcAdRdojAIA
AGgA1UYAaEjVRgDoptICAIPEDFf/dQjoLf3//4s3i9hqBFaJXdyJddjoWWz+/4PEEDPJhfaJRex+
D4sXK9GLFJeJFIhBO8588YNl+ACLEItN+Iv60+eF/3gJ/0X4g334H3zsg334AHRIg2X8AI1O/4XJ
fjRqIFkrTfiJTfSLTfzB4QKLfAEEjRQBi030ixrT74tN+NPjjU7/C/v/Rfw5TfyJOnzYi13ci034
jUSw/NMgagRW6M5r/v+L1isTWYXSi/hZiX3kfgaLyjPA86uLAzPJhcB+F4t95I0UlyvBiwSDiQKL
A0GDwgQ7yHzvjTw2agRX6I9r/v9qBFeL2OiFa/7/g8QQhf+JRfB+CIvPM8CL+/Ori8bB4AOJReDH
RBj8AQAAAIvG6K/p//9qBFCJRdToUWv+/4t9DINl/ACJReiLB4XAWVnHRfQfAAAAfi2NDIeJTQyL
TfQz0kLT4otNDIURdRj/TfR5Dv9F/INtDATHRfQfAAAAOUX8fNk5RfwPjY0AAACDffQAfHL/deiN
BLNW/3XwUFDoZOn//2oAagBW/3XsjQQ2UP918Ohd7f//i030iwcrRfwz0kLT4oPELIUUh3Qr/3Xo
i0XwVlP/deSNBLBQ6Cfp//9qAGoAVv917I0ENlBT6CLt//+DxCzrCIvDi13wiUXw/030eY7/RfyL
Rfw7B8dF9B8AAAAPjHP///+DffgAD4SeAAAAjUb/jUw2/zvBiUX8iU0MfTFqIFgrRfiJRfSLTfzB
4QKLVBkEjQQZi030izjT6otN+NPnC9f/RfyJEItF/DtFDHzYi0Xgi334agBqAI1EGPxW/3Xsi8/T
II0ENlBT6I/s//+LRQyDxBg7xolF/Hwvx0X0IAAAACl99ItN/MHhAotUGfyNBBmLTfSLONPii034
0+8L1/9N/Dl1/IkQfduLRRCLMOid5v//i33Yg2X8AIX/i/B+JY0Eu4sOK038ixD/RfyDwAQ5ffyJ
FI586+sLiwaDPIYAdQhIiQaDPgF38P914FPozV4CAFPoR2r+/4tF1MHgAlD/dejouF4CAP916Ogw
av7//3Xg/3Xw6KVeAgD/dfDoHWr+/8HnAlf/dezokV4CAP917OgJav7/V/915OiAXgIA/3Xk6Php
/v//ddzooOb//4PEQF+Lxl5bycNVi+yD7CxXi30QiweDPIcAdRdoBwMAAGgA1UYAaEjVRgDoJc8C
AIPEDI1HBPYAAYlF7HUUV/91DP91COg9/P//g8QM6VUDAABTVlf/dQjoi/n//4s3iUXYi8bB4AVQ
iXXg6Nb7//+L2FNX6Kb5//+DxBSFwIlF3HUXaB4DAABoANVGAGgA1kYA6L7OAgCDxAxXU/912Og/
7f///3XYiUXo6PHl//9XU+gy+f//U4lF2Ojh5f//agRbU1boXWj+/4PEJIX2iUXkfhSLTeyNRLD8
i9aLOYk4A8srw0p19VNW6Dho/v+DZfwAhfaLfdxZWYlF7H4ijVcEjUSw/ItN/DsPfQSLCusCM8n/
RfyJCAPTK8M5dfx85VfoeuX//1NW6Pln/v+DxAyF9ovQiVXcfgiLzjPAi/rzq/917IvO/3Xs6Mzl
//+DZfwAhfaLfehZWX4li0XcjVcEjUSw/ItN/DsPfQSLCusCM8n/RfyJCAPTK8M5dfx85VfoGuX/
/408NlNX6JZn/v9TV4lF+OiMZ/7/g2X8AIt92IPEFIX2iUXofiWLRfiNVwSNRPD8i038Ow99BIsK
6wIzyf9F/IkIA9Mrwzl1/HzlV+jK5P//i8bonOX//40MdgPBU1CJRdToOmf+/4t9DINl9ACJRfCL
B4PEDIXAx0X8HwAAAH4sjQyHiU3Yi038M9JC0+KLTdiFEXUX/038eQ3/RfQpXdjHRfwfAAAAOUX0
fNo5RfQPjaAAAACDffwAD4yBAAAAi8bB4AKJRdj/dfCLTdiLRfiLXehWA8FTUFDoO+X///917ItF
8P915OiV6P//i038iwcrRfQz0kLT4oPEHIvLhRSHdCz/dfCLdeCLXfiLRdhWU/913APBUOj95P//
/3Xsi0Xw/3Xk6Ffo//+DxBzrCYtF+IlN+IlF6P9N/It14HmH/0X0i0X0OwfHRfwfAAAAD4xg////
/3Xsi0Xw/3Xki1346Bvo//+LRRCLMFlZ6Ajj//+LfeAzyYX/i/B+I4vDjQS4ixaLGCvRQYPABDvP
iRyWfO/rC4sGgzyGAHUISIkGgz4Bd/CLRdTB4AJQ/3Xw6DZbAgD/dfDormb+/4vfweMDU/91+Ogg
WwIA/3X46Jhm/v9T/3Xo6A9bAgD/dejoh2b+/8HnAlf/dezo+1oCAP917OhzZv7/V/915OjqWgIA
/3Xk6GJm/v9X/3Xc6NlaAgCDxET/ddzoTmb+/1mLxl5bX8nDVYvsi1UQhdKLRQx0JFYPtgiLdQiB
5v8AAAAz8YtNCMHpCDMMtQjWRgBASolNCHXeXotFCF3D/3QkCP90JAhqAOi7////g8QMw2oIagHo
KmX+/4MgAFlZx0AEABAAAMNWi3QkCIX2dBL/NujXZf7/gyYAVujOZf7/WVlew1WL7FNWM9s5XRRX
v2SnRwC+9LRHAHQragj/dRT/dQjoQ+4CAIPEDIXAdRdqBFdQ6FD///9qBFZQ6Ef///+DxBiL2ItF
DItNEAPIO8GJRRSJTQxzOmoI/3UU/3UI6AbuAgCDxAyFwGoEdQNX6wFWU+gQ////agRWUOgH////
g0UUCIvYi0UUg8QYO0UMcsZfM8CF214PlMBbXcNVi+xRU4tdEIH7AAAEAFZXdwX2wwd0FGpyaFDa
RgBoCNpGAOhtygIAg8QMi3UIi1YEi8PB6AONBECLytHo6wPB4QI7yHL5iwaFwHUPagJRiU4E6A9k
/v9ZWesTO8p2EWoCUVCJTgToWmT+/4PEDIkGg/s4D4eFAAAAi30MjQQfO/iL94lF/HIKM8BfXlvJ
w4tdEIN9FAB0EmoI/3UUVugq7QIAg8QMhcB0PTv+i99zLWoIU1boFO0CAIPEDIXAdAmDwwg73nLp
6xT/dRT/dRBXVuiQ/v//g8QQhcB1HIPGCDt1/HKq66H/dRRTV1bodP7//4PEEIXAdI8zwEDrjItG
BNHgUGj/AAAA/zbovdICAItFFIPEDIXAdCcPtlACM8mKKIpIAQ+2QAPB4QgLysHhCAvIi0YESCPI
iwZmxwRI/v+LfQyDZQgAA987+4ld/A+DM////w+2RwIz24o/il8BweMIC9gPtkcDweMIC9iLRgRI
6y+LBmaLBFhmPf7/agh1Bf91FOsKi00MD7fAjQTBUFfoNuwCAIPEDIXAdBOLRgRIQyPYiwZmgTxY
//91xesa/3UU/3UQ/3UMV+im/f//g8QQhcAPhS7///9mi00IiwaDxwj/RQg7ffxmiQxYD4Jx////
6Z/+//9TVovYM/aF21eL+XQkiweDxwTR5oXAfBaZaiBZ9/mLyotUJBCLBILT6IPgAQvwS3XcX4vG
XlvDVYvsg+wQU4lF8ItFCFaJRfRXjUXwUGocWLlg2kYA6Kb///+L2I1F8FBqHFi50NpGAOiT////
iUUIi0UMvkDcRgBZK8ZZiUX4v////w+LDmocWCsGi9PT4ovI0+uLDgvTI9eL2otVCNPii00IiU0I
i8iLRQjT6LlA20YAiV30C9Aj14vCiUUIiUXwi0X4A8aJRfyNRfBQaiBY6Cv///+LTfyJAY1F8FBq
IFi5wNtGAOgV////WVmLTfyDxgSB/oDcRgCJQUB8hotFDIOghAAAAACDoIAAAAAAX15bycNVi+xR
UYtFDFNWi/DB7gQz8oHmDw8PDzPWV4v+wecEM8eL8MHuEDPygeb//wAAM9aL/ovywe4CwecQM8cz
8IHmMzMzMzPGi/7B5wIz14vywe4IM/CB5v8A/wAzxov+i/DB5wgz19HuM/KB5lVVVVUz1o08Novy
M8eLeUCJRQyNBBLB7h8L8IsBM8aL0MHiHMHoBAvQiVX8M/6L18HqGGo/WCPQixSVgN1GAIvfwesQ
I9gLFJ2A30YAi9/B6wgj2AsUnYDhRgCLXfzB6xgj2AsUnYDcRgCLXfzB6xAj2AsUnYDeRgCLXfzB
6wgj2AsUnYDgRgAj+AsUvYDjRgCLffwj+AsUvYDiRgCLfQyL38HrHwP/C98z04tZRDPaiV0Mi3kE
M/qL38HjHMHvBAvfi30MiV38i10MwesQI9jB7xgj+Is8vYDdRgALPJ2A30YAi10MwesII9gLPJ2A
4UYAi138wesYI9gLPJ2A3EYAi138wesQI9gLPJ2A3kYAi138wesII9gLPJ2A4EYAi9+LfQwj+Asc
vYDjRgCLffwj+AscvYDiRgCLeQgz84tZSDPeiV0MM/6L38HjHMHvBAvfi30MiV38i10Mwe8YwesQ
I9gj+Is8vYDdRgALPJ2A30YAi10MwesII9gLPJ2A4UYAi138wesYI9gLPJ2A3EYAi138wesQI9gL
PJ2A3kYAi138wesII9gLPJ2A4EYAi9+LfQwj+AscvYDjRgCLffwj+AscvYDiRgCLeQwz04tZTDPa
iV0MM/qL38HjHMHvBAvfi30MiV38i10MwesQI9jB7xgj+Is8vYDdRgALPJ2A30YAi10MwesII9gL
PJ2A4UYAi138wesYI9gLPJ2A3EYAi138wesQI9gLPJ2A3kYAi138wesII9gLPJ2A4EYAi9+LfQwj
+AscvYDjRgCLffwj+AscvYDiRgCLeRAz84tZUDPeM/6JXQyL38HvBMHjHAvfi30MiV38i10Mwe8Y
I/iLPL2A3UYAwesQI9gLPJ2A30YAi10MwesII9gLPJ2A4UYAi138wesYI9gLPJ2A3EYAi138wesQ
I9gLPJ2A3kYAi138wesII9gLPJ2A4EYAi9+LfQwj+AscvYDjRgCLffwj+AscvYDiRgCLeRQz04tZ
VDPaiV0MM/qL38HjHMHvBAvfi30MiV38i10MwesQI9jB7xgj+Is8vYDdRgALPJ2A30YAi10MwesI
I9gLPJ2A4UYAi138wesYI9gLPJ2A3EYAi138wesQI9gLPJ2A3kYAi138wesII9gLPJ2A4EYAi9+L
fQwj+AscvYDjRgCLffwj+AscvYDiRgCLeRgz84tZWDPeM/6JXQyL38HvBMHjHAvfi30MiV38i10M
we8YI/jB6xCLPL2A3UYAI9gLPJ2A30YAi10MwesII9gLPJ2A4UYAi138wesYI9gLPJ2A3EYAi138
wesQI9gLPJ2A3kYAi138wesII9gLPJ2A4EYAi9+LfQwj+AscvYDjRgCLffwj+AscvYDiRgCLeRwz
04tZXDPaiV0MM/qL38HjHMHvBAvfi30MiV38i10MwesQI9jB7xgj+Is8vYDdRgALPJ2A30YAi10M
wesII9gLPJ2A4UYAi138wesYI9gLPJ2A3EYAi138wesQI9gLPJ2A3kYAi138wesII9gLPJ2A4EYA
i9+LfQwj+AscvYDjRgCLffwj+AscvYDiRgCLeSAz84tZYDPeM/6JXQyL38HjHMHvBAvfiV38i30M
i10MwesQI9jB7xgj+Is8vYDdRgALPJ2A30YAi10MwesII9gLPJ2A4UYAi138wesYI9gLPJ2A3EYA
i138wesQI9gLPJ2A3kYAi138wesII9gLPJ2A4EYAi9+LfQwj+AscvYDjRgCLffwj+AscvYDiRgCL
eSQz04tZZDPaiV0MM/qL38HjHMHvBAvfi30MiV38i10MwesQwe8YI9gj+Is8vYDdRgALPJ2A30YA
i10MwesII9gLPJ2A4UYAi138wesYI9gLPJ2A3EYAi138wesQI9gLPJ2A3kYAi138wesII9gLPJ2A
4EYAi9+LfQwj+AscvYDjRgCLffwj+AscvYDiRgCLeSgz84tZaDP+M96JXQyL38HjHMHvBAvfiV38
i30Mi10MwesQI9jB7xgj+Is8vYDdRgALPJ2A30YAi10MwesII9gLPJ2A4UYAi138wesYI9gLPJ2A
3EYAi138wesQI9gLPJ2A3kYAi138wesII9gLPJ2A4EYAi9+LfQwj+AscvYDjRgCLffwj+AscvYDi
RgCLeSwz04tZbDPaiV0MM/qL38HjHMHvBAvfi30MiV38i10MwesQI9jB7xgj+Is8vYDdRgALPJ2A
30YAi10MwesII9gLPJ2A4UYAi138wesYI9gLPJ2A3EYAi138wesQI9gLPJ2A3kYAi138wesII9gL
PJ2A4EYAi9+LfQwj+AscvYDjRgCLffwj+AscvYDiRgAz84tZcDPeiV0Mi3kwM/6L38HjHMHvBAvf
iV38i30Mi10MwesQI9jB7xgj+Is8vYDdRgALPJ2A30YAi10MwesII9gLPJ2A4UYAi138wesYI9gL
PJ2A3EYAi138wesQI9gLPJ2A3kYAi138wesII9gLPJ2A4EYAi9+LfQwj+AscvYDjRgCLffwj+Asc
vYDiRgCLeTQz04tZdDPaiV0MM/qL38HjHMHvBAvfi30MiV38i10MwesQI9jB7xgj+Is8vYDdRgAL
PJ2A30YAi10MwesII9gLPJ2A4UYAi138wesYI9gLPJ2A3EYAi138wesQI9gLPJ2A3kYAi138wesI
I9gLPJ2A4EYAi9+LfQwj+AscvYDjRgCLffwj+AscvYDiRgCLeTgz84tZeDPeiV0MM/6L38HjHMHv
BAvfiV38i30Mi10MwesQI9jB7xgj+Is8vYDdRgALPJ2A30YAi10MwesII9gLPJ2A4UYAi138wesY
I9gLPJ2A3EYAi138wesQI9gLPJ2A3kYAi138wesII9gLPJ2A4EYAi9+LfQwj+AscvYDjRgCLffwj
+AscvYDiRgCLeTyLSXwz0zP6i9/B4xzB7wQL34ld/DPKi/nB7xgj+Is8vYDdRgCL2cHrECPYCzyd
gN9GAIvZwesII9gLPJ2A4UYAi138wesYI9gLPJ2A3EYAi138wesQI9gLPJ2A3kYAi138wesII9gL
PJ2A4EYAI8gLPI2A40YAi038I8gLPI2A4kYAM/eLztHuweEfC86L+tHqi8HR6MHnHwv6M8clVVVV
VY00ADPOi9cz0IvCwegIM8El/wD/AIvwM8jB5ggz1ovCwegCM8ElMzMzMzPIi/DB5gIz1ovBwegQ
M8Il//8AAIvwweYQM84z0IvBwegEM8IlDw8PD4vwweYEM/GLTQhfiTEzwl6JQQRbycNVi+xRUYtF
DFNWi/DB7gQz8oHmDw8PDzPWV4v+wecEM8eL8MHuEDPygeb//wAAM9aL/ovywe4CwecQM8cz8IHm
MzMzMzPGi/7B5wIz14vywe4IM/CB5v8A/wAzxov+i/DB5wgz19HuM/KB5lVVVVUz1o08NovyM8eL
eXyJRQyNBBLB7h8L8ItBPDPGi9DB4hzB6AQL0IlV/DP+i9fB6hhqP1gj0IsUlYDdRgCL38HrECPY
CxSdgN9GAIvfwesII9gLFJ2A4UYAi138wesYI9gLFJ2A3EYAi138wesQI9gLFJ2A3kYAi138wesI
I9gLFJ2A4EYAI/gLFL2A40YAi338I/gLFL2A4kYAi30Mi9/B6x8D/wvfM9OLWXgz2oldDIt5ODP6
i9/B4xzB7wQL34t9DIld/ItdDMHrECPYwe8YI/iLPL2A3UYACzydgN9GAItdDMHrCCPYCzydgOFG
AItd/MHrGCPYCzydgNxGAItd/MHrECPYCzydgN5GAItd/MHrCCPYCzydgOBGAIvfi30MI/gLHL2A
40YAi338I/gLHL2A4kYAi3k0M/OLWXQz3oldDDP+i9/B4xzB7wQL34t9DIld/ItdDMHvGMHrECPY
I/iLPL2A3UYACzydgN9GAItdDMHrCCPYCzydgOFGAItd/MHrGCPYCzydgNxGAItd/MHrECPYCzyd
gN5GAItd/MHrCCPYCzydgOBGAIvfi30MI/gLHL2A40YAi338I/gLHL2A4kYAi3kwM9OLWXAz2old
DDP6i9/B4xzB7wQL34t9DIld/ItdDMHrECPYwe8YI/iLPL2A3UYACzydgN9GAItdDMHrCCPYCzyd
gOFGAItd/MHrGCPYCzydgNxGAItd/MHrECPYCzydgN5GAItd/MHrCCPYCzydgOBGAIvfi30MI/gL
HL2A40YAi338I/gLHL2A4kYAi3ksM/OLWWwz3jP+iV0Mi9/B7wTB4xwL34t9DIld/ItdDMHvGCP4
izy9gN1GAMHrECPYCzydgN9GAItdDMHrCCPYCzydgOFGAItd/MHrGCPYCzydgNxGAItd/MHrECPY
CzydgN5GAItd/MHrCCPYCzydgOBGAIvfi30MI/gLHL2A40YAi338I/gLHL2A4kYAi3koM9OLWWgz
2oldDDP6i9/B4xzB7wQL34t9DIld/ItdDMHrECPYwe8YI/iLPL2A3UYACzydgN9GAItdDMHrCCPY
CzydgOFGAItd/MHrGCPYCzydgNxGAItd/MHrECPYCzydgN5GAItd/MHrCCPYCzydgOBGAIvfi30M
I/gLHL2A40YAi338I/gLHL2A4kYAi3kkM/OLWWQz3jP+iV0Mi9/B7wTB4xwL34t9DIld/ItdDMHv
GCP4wesQizy9gN1GACPYCzydgN9GAItdDMHrCCPYCzydgOFGAItd/MHrGCPYCzydgNxGAItd/MHr
ECPYCzydgN5GAItd/MHrCCPYCzydgOBGAIvfi30MI/gLHL2A40YAi338I/gLHL2A4kYAi3kgM9OL
WWAz2oldDDP6i9/B4xzB7wQL34t9DIld/ItdDMHrECPYwe8YI/iLPL2A3UYACzydgN9GAItdDMHr
CCPYCzydgOFGAItd/MHrGCPYCzydgNxGAItd/MHrECPYCzydgN5GAItd/MHrCCPYCzydgOBGAIvf
i30MI/gLHL2A40YAi338I/gLHL2A4kYAi3kcM/OLWVwz3jP+iV0Mi9/B4xzB7wQL34ld/It9DItd
DMHrECPYwe8YI/iLPL2A3UYACzydgN9GAItdDMHrCCPYCzydgOFGAItd/MHrGCPYCzydgNxGAItd
/MHrECPYCzydgN5GAItd/MHrCCPYCzydgOBGAIvfi30MI/gLHL2A40YAi338I/gLHL2A4kYAi3kY
M9OLWVgz2oldDDP6i9/B4xzB7wQL34t9DIld/ItdDMHrEMHvGCPYI/iLPL2A3UYACzydgN9GAItd
DMHrCCPYCzydgOFGAItd/MHrGCPYCzydgNxGAItd/MHrECPYCzydgN5GAItd/MHrCCPYCzydgOBG
AIvfi30MI/gLHL2A40YAi338I/gLHL2A4kYAi3kUM/OLWVQz/jPeiV0Mi9/B4xzB7wQL34ld/It9
DItdDMHrECPYwe8YI/iLPL2A3UYACzydgN9GAItdDMHrCCPYCzydgOFGAItd/MHrGCPYCzydgNxG
AItd/MHrECPYCzydgN5GAItd/MHrCCPYCzydgOBGAIvfi30MI/gLHL2A40YAi338I/gLHL2A4kYA
i3kQM9OLWVAz2oldDDP6i9/B4xzB7wQL34t9DIld/ItdDMHrECPYwe8YI/iLPL2A3UYACzydgN9G
AItdDMHrCCPYCzydgOFGAItd/MHrGCPYCzydgNxGAItd/MHrECPYCzydgN5GAItd/MHrCCPYCzyd
gOBGAIvfi30MI/gLHL2A40YAi338I/gLHL2A4kYAM/OLWUwz3oldDIt5DDP+i9/B4xzB7wQL34ld
/It9DItdDMHrECPYwe8YI/iLPL2A3UYACzydgN9GAItdDMHrCCPYCzydgOFGAItd/MHrGCPYCzyd
gNxGAItd/MHrECPYCzydgN5GAItd/MHrCCPYCzydgOBGAIvfi30MI/gLHL2A40YAi338I/gLHL2A
4kYAi3kIM9OLWUgz2oldDDP6i9/B4xzB7wQL34t9DIld/ItdDMHrECPYwe8YI/iLPL2A3UYACzyd
gN9GAItdDMHrCCPYCzydgOFGAItd/MHrGCPYCzydgNxGAItd/MHrECPYCzydgN5GAItd/MHrCCPY
CzydgOBGAIvfi30MI/gLHL2A40YAi338I/gLHL2A4kYAi3kEM/OLWUQz3oldDDP+i9/B4xzB7wQL
34ld/It9DItdDMHrECPYwe8YI/iLPL2A3UYACzydgN9GAItdDMHrCCPYCzydgOFGAItd/MHrGCPY
CzydgNxGAItd/MHrECPYCzydgN5GAItd/MHrCCPYCzydgOBGAIvfi30MI/gLHL2A40YAi338I/gL
HL2A4kYAizmLSUAz0zP6i9/B4xzB7wQL34ld/DPKi/nB7xgj+Is8vYDdRgCL2cHrECPYCzydgN9G
AIvZwesII9gLPJ2A4UYAi138wesYI9gLPJ2A3EYAi138wesQI9gLPJ2A3kYAi138wesII9gLPJ2A
4EYAI8gLPI2A40YAi038I8gLPI2A4kYAM/eLztHuweEfC86L+tHqi8HR6MHnHwv6M8clVVVVVY00
ADPOi9cz0IvCwegIM8El/wD/AIvwM8jB5ggz1ovCwegCM8ElMzMzMzPIi/DB5gIz1ovBwegQM8Il
//8AAIvwweYQM84z0IvBwegEM8IlDw8PD4vwweYEM/GLTQhfiTEzwl6JQQRbycNVi+yD7BBTi9j2
wwdWi/F0F2hhAgAAaATmRgBorNRGAOhvswIAg8QMhduLh4AAAACLj4QAAAAPhpkAAACNU//B6gNC
iVX8D7ZeBjPSinYEilYFweIIC9MPtl4HweIIC9MPtl4CM9EzyYouik4BweEIC8sPtl4DweEIC8sz
yFGNRfBQi8/oc+v//4tF8IvQweoYiBaL0MHqEIhWAVmL0MHqCIhWAlmLTfSL0cHqGIhWBIvRweoQ
iFYFi9HB6giIRgOIVgaITgeDxgj/TfyJTfgPhXH///9eiYeAAAAAiY+EAAAAW8nDVYvsg+wU9kUI
B1NWi/B0F2h5AgAAaATmRgBorNRGAOiLsgIAg8QMi4eEAAAAi5+AAAAAiUX8i0UIhcAPhqQAAABI
wegDQIlF+A+2TgIzwIomM9KKdgSKRgGKVgXB4AgLwQ+2TgPB4AgLwYlFCA+2Rgb/dQjB4ggL0A+2
RgfB4ggL0I1F7FCLz4lV9OiJ9P//M13si0X8M0XwWVmLy8HpGIgOi8vB6RCITgGLy8HpCIhOAovI
wekYiE4Ei8jB6RCITgWLyMHpCIheA4tdCIhGB4tF9IhOBoPGCP9N+IlF/A+FZP///4tF/F6Jn4AA
AACJh4QAAABbycNVi+yLRQyLTQhXi/7oEv7///91DItFCI2+iAAAAOjm/v//i0UMWYtNCI2+EAEA
AOjv/f//X13DVYvsg+wQU4vY9sMHVovxdBdomwIAAGgE5kYAaKzURgDoW7ECAIPEDIXbi4eAAAAA
iUX8i4eEAAAAD4bDAAAAS8HrA0MPtk4GM9KKdgSKVgXB4ggL0Q+2TgfB4ggL0Q+2TgIz0DPAiiaK
RgHB4AgLwQ+2TgPB4AgLwTNF/IvPUI1F8FDoYOn///918ItV9I1F8FCNj4gAAADoTfP///918ItV
9I1F8FCNjxABAADoNun//4tF8ItN9IvQweoYiBaL0IhGA4lF/MHqEIhWAYvQi8HB6BiIRgSLwcHo
EIhGBYvBwegIweoIiEYGiFYCiE4Hg8QYg8YIS4lN+IvBD4VC////i038XomPgAAAAImHhAAAAFvJ
w1WL7ItFCFf/dQyNvhABAADop/3//4tFDItNCI2+iAAAAOix/P///3UMi0UIi/7oif3//1lZX13D
VYvsg+wU9kUIB1NWi/B0F2i9AgAAaATmRgBorNRGAOgPsAIAg8QMi4eEAAAAi5+AAAAAiUX8i0UI
hcAPhs8AAABIwegDQIlF+A+2TgIzwIomM9KKdgSKRgGKVgXB4AgLwQ+2TgPB4AgLwYlFCA+2Rgb/
dQjB4ggL0A+2RgfB4ggL0I1F7FCNjxABAACJVfToCfL///917ItV8I1F7FCNj4gAAADo8uf///91
7ItV8I1F7FCLz+jj8f//M13si0X8M0Xwi8vB6RiIDovLwekQiE4Bi8vB6QiITgKLyMHpGIhOBIvI
wekQiE4Fi8jB6QiIXgOLXQiIRgeLRfSITgaDxBiDxgj/TfiJRfwPhTn///+LRfxeiZ+AAAAAiYeE
AAAAW8nDVYvsg+wUU4vY9sMHVovxdBdo2QIAAGgE5kYAaKzURgDo664CAIPEDIXbi4eAAAAAi5eE
AAAAiUX8iVX4D4b6AAAAjUP/wegDQIlF9P91/I1F7FCLz+ge5////3Xsi1XwjUXsUI2PiAAAAOgL
8f///3Xsi1XwjUXsUI2PEAEAAOj05v//D7ZGAjPJii6DxBiKTgHB4QgLyA+2RgPB4QgLyItF7IvR
weoYi9jB6xgy04gWi9HB6hCL2MHrEDLTiFYBi9HB6giL2DLBwesIMtOIVgKIRgMPtkYGg8YEM8mK
LopOAcHhCAvID7ZGA8HhCAvIi0Xwi9jB6xiL0cHqGDLTiBaL2MHrEIvRweoQMtOIVgGL2IvRweoI
wesIMtMywYhWAotV+IhGA4PGBEKJVfh1A/9F/P9N9A+FEP///4tF/F6Jh4AAAACJl4QAAABbycNo
iAAAAGoD6IZH/v9ZWcNoiAAAAGoG6HdH/v9ZWcNoiAAAAGoB6GhH/v9ZWcNoiAAAAGoC6FlH/v9Z
WcMzwFaLdCQMimYED7ZOBg+2VgKKRgVXi3wkDFfB4AgLwQ+2TgfB4AgLwTPJii6KTgHB4QgLyg+2
VgPB4QgLylHozOT//w+2Tg6Nh4gAAABQM8CKZgwPtlYKikYNweAIC8EPtk4PweAIC8EzyYpuCIpO
CcHhCAvKD7ZWC8HhCAvKUeiL5P//D7ZOFjPAimYUD7ZWEoHHEAEAAFeKRhXB4AgLwQ+2ThfB4AgL
wTPJim4Qik4RweEIC8oPtlYTweEIC8pR6Erk//+DxBhfXsOLRCQID7ZIAjPSijBWilABweIIC9EP
tkgDweIIC9GLTCQIiZGAAAAAD7ZwBjPSinAEilAFD7ZAB8HiCAvWweIIC9CJkYQAAABew4tEJAgP
tlAGM8mKaARWD7ZwAv90JAiKSAXB4QgLyg+2UAfB4QgLyjPSijCKUAEPtkADweIIC9bB4ggL0FKL
wei24///WVlew1b/dCQMi3QkDFbok/7///90JBSBxpgBAABW6IP+//+DxBBew1b/dCQQi3QkDP90
JBDoOvr//1lZXsNW/3QkEIt0JAz/dCQQgcaYAQAA6Gr7//9ZWV7Di0QkDItMJAhXi3wkCOg/+v//
X8OLRCQIV/90JBCLfCQM6Hj7//9ZX8OLRCQMi0wkCFeLfCQI6Ib8//9fw4tEJAyLTCQIV4t8JAjo
7vf//1/Di0QkCFf/dCQQi3wkDOi/+P//WV/DVYvsgeyYAQAAUzPAVot1CIpmBA+2TgYz24o+V4pG
BYpeAcHgCAvBD7ZOB8HgCIv4D7ZGAsHjCAvYD7ZGA8HjCAvYjYVo/v//UAv5U4vH6KPi//8Ptk4O
jYXw/v//UDPAimYMD7ZWCopGDcHgCAvBD7ZOD8HgCAvBM8mKbgiKTgnB4QgLyg+2VgvB4QgLylHo
YuL//42FeP///1BTi8foU+L///91EI21aP7///91DOhM+v//i8ZomAEAAFDoxTkCAIPEKF9eW8nD
VYvsg+wQU1ZXavkz9lqJdfwzwIv6iU34g338B30Yi034D7YJg0X8CMHmCAvxg8cIg8II/0X4g238
B4vPi97T62p/i8qD7wfQ44hcBfBb0+OD6gf30yPzQIP4CHy7D7ZF9A+2TfUPtlXxweAIC8EPtk32
/3UIweAIC8EPtk33weAIC8EzyYpt8AvKD7ZV8sHhCAvKD7ZV88HhCAvKUeiL4f//WVlfXlvJw1WL
7IHsiAAAAItNCI2FeP///1dQ6D7///+LRRBZi00Mjb14////6Dr2//9fycNVi+yB7IgAAACLTQiN
hXj///9XUOgQ/////3UQi0UMjb14////6PL2//9ZWV/Jw1b/dCQMi3QkDFboHv3///90JBSBxogA
AABW6A79//+DxBBew4tEJAhXi3wkCP90JBCBx4gAAADosfb//1lfw2oB/3YI6PjP//9QiUYM6JzT
//+DZgQAgyYAg8QMiUYQw1ZXahhqAegCQ/7/i3wkFP93FIvw/3cM6PXM//+JRgj/dxj/dxDo58z/
/4PEGIlGFOiq////X4vGXsNWahhqAejJQv7//3QkEIvw6AHA////dCQYiUYI6PW///+DxBCJRhTo
ef///4vGXsNWi3QkCP826BHA////dgToCcD///92COgBwP///3YU6Pm/////dgzo8b////92EOjp
v///VugzQ/7/g8QcXsNVi+xRUVNWi3UIV/92EOiEzf//agFQiUX46EZC/v+DxAyJRfyLBjPbO8N0
B1DorL///1k5XQx0Vf92EOgtzf//OUUMWX9H/3UM6DbV//8z/zl9DFmJBoldCH5pg30IAHUOx0UI
CAAAAOhkOQAAi9iLw4PgAVBX/zboec3//4PEDNH7/00IRzt9DHzQ6zf/dhD/dfzonc3//1lZagJf
OX34fhOLRfyNHAfoJDkAACADRzt9+HztVv91+P91/OhSzP//g8QM/zVgp0cA/zboqs3//4XAWVkP
jkn/////dgz/NuiWzf//hcBZWQ+NNf////91/Og3Qv7//3YI/zb/dhToRNj//4PEEF+JRgReW8nD
/zVgp0cA/3QkDOhdzf//hcBZWX8GuPDoRgDDi0QkBFZX/zVgp0cA/3AI6P7Q//+L8Fb/dCQc6DHN
//9Wi/jojL7//4PEFIX/X158BrjQ6EYAwzPAw4tEJAT/cAj/MP90JBDo0tf//4PEDMNVi+xRU/91
DOjmy///g8AImWoIWff5agSL2MH4GIhF/IvDwfgQiEX9i8PB+AiIRf6NRfxQ/3UIiF3/6CBxAACD
xBDrHktT/3UM6PzL//+IRfxqAY1F/FD/dQjoAHEAAIPEFIXbf96NRfxqBFDowzUCAFlZW8nDi0Qk
BIMgAIM/BHxEiwYPtlACM8mKKIpIAQ+2QAPB4QgLysHhCAvIUegzPv7/hcBZiQN8HIMH/IMGBIsP
OwuLBnwOi0wkBIkBiwMBBosDKQfDVYvsUVFTjUX8UI1d+Oid////i0X8hcBZW3QF9gCAdAQzwMnD
/3X4UOj6yf//WVnJw4M/FH0DM8DDahT/Nujlyf//gwYUgwfsWVnDVot0JAiLBoXAdAdQ6EG9//9Z
i0YEhcB0B1DoM73//1mLRgiFwHQHUOglvf//WYtGDIXAdAdQ6Be9//9Zi0YQhcB0B1DoCb3//1lW
6FJA/v9ZXsNRV4t8JAyLB4XAD4Q6AgAAU1ZQ6HbK//+NBIU8AAAAahBbmYvL9/n/dwSL8IPGDeha
yv//jQSFPAAAAJmLy/f5/3cIA/DoRMr//40EhTwAAACZi8v3+f93DAPw6C7K//+NBIU8AAAAmff7
agED8FboET/+/4vYg8QYhdsPhMcBAABobOlGAFPoOK0CAP83i/Do+cn//4PEDIPAA2oEmVn3+YP4
AX0DM8BAhcBVi+h0Pk2LxZkrwtH4UP83iWwkIOghyv//iUQkGFlZi8WZagJZ9/mLRCQQi8rB4QLT
+IPgD4qAEOlGAIgEHkaF7XXCjQQeaGjpRgBQ6MisAgD/dwQD8OiIyf//g8QMg8ADagSZWff5g/gB
fQMzwECFwIvodD9Ni8WZK8LR+FD/dwSJbCQg6LDJ//+JRCQYWVmLxZlqAln3+YtEJBCLysHhAtP4
g+APioAQ6UYAiAQeRoXtdcGNBB5oaOlGAFDoV6wCAP93CAPw6BfJ//+DxAyDwANqBJlZ9/mD+AF9
AzPAQIXAi+h0P02LxZkrwtH4UP93CIlsJCDoP8n//4lEJBhZWYvFmWoCWff5i0QkEIvKweEC0/iD
4A+KgBDpRgCIBB5Ghe11wY0EHmho6UYAUOjmqwIA/3cMA/Dopsj//4PEDIPAA2oEmVn3+YP4AX0D
M8BAhcCL6HQ/TYvFmSvC0fhQ/3cMiWwkIOjOyP//iUQkGFlZi8WZagJZ9/mLRCQQi8rB4QLT+IPg
D4qAEOlGAIgEHkaF7XXBxgQeAIvDXV5bX1nDVY1sJIyB7MgAAABTVo1FBFdQ6PMaAABqC41FBGiE
6UYAUOgOGwAAi3V8/zboEMj//2oIXwPHmYvP9/lqBIvYwfgYiEVwi8PB+BCIRXGLw8H4CIhFco1F
cFCNRQRQiF1z6NAaAACDxCDrHktT/zboJcj//4hFf2oBjUV/UI1FBFDosBoAAIPEFIXbdd7/dgTo
rcf//wPHmYvP9/lqBIvYwfgYiEVwi8PB+BCIRXGLw8H4CIhFco1FcFCNRQRQiF1z6HAaAACDxBDr
H0tT/3YE6MTH//+IRX9qAY1Ff1CNRQRQ6E8aAACDxBSF23Xd/3YI6EzH//8Dx5mLz/f5agSL2MH4
GIhFcIvDwfgQiEVxi8PB+AiIRXKNRXBQjUUEUIhdc+gPGgAAg8QQ6x9LU/92COhjx///iEV/agGN
RX9QjUUEUOjuGQAAg8QUhdt13f92DOjrxv//A8eZ9/9qBIvYwfgYiEVwi8PB+BCIRXGLw8H4CIhF
co1FcFCNRQRQiF1z6LAZAACDxBDrH0tT/3YM6ATH//+IRX9qAY1Ff1CNRQRQ6I8ZAACDxBSF23Xd
jUUEUI1FYFDoSBoAAP826IDG//9QjUWsaHjpRgBQ6KepAgCDxBgz9oX2uCCCRgB1Bbhv10UAD7ZM
NWBRUI1FrGhw6UYAUOg3ngIAWY1EBaxQ6HSpAgCDxBBGg/4QfMmNRaxqAVDoGJ4CAFlAUOgZO/7/
i/CF9llZdAyNRaxQVujOugIAWVlfi8ZeW4PFdMnDVYvsg+wwU4tdCIM7AHUHM8DptAEAAIN9EChW
V3RMjUX8UI1d+I19EI11DOhX+v//g338AFkPhIsBAACDffgHD4WBAQAAagdoYOlGAP91/OgOxAIA
g8QMhcAPhWcBAACDRQwEg20QBItdCI19EI11DOiU+v//iUUI6Iz6//8z9jl1CIv4iX3kD4QuAQAA
O/4PhB0BAAD/NVynRwBX6HHG//+FwFlZD4TzAAAA/3MEV+hAy///O8ZZWYlF9A+E3QAAAI1F0FD/
dRj/dRToQ2wAAI1F0I19+I11/IlF/MdF+BQAAADoIfr///9zBIv4/3X0V+jCvv///3MEiUX4/3X0
/3UI6LG+////M4lF/P91+P9zCOjI0P///zOJRfD/dfz/cwzouND///8ziUXsUP918OiDvv//g8RI
/3MEiUXo/zVgp0cAUOhuvv///3UIi9hT6L3F////dfSL8PfeG/ZG6BG3//9X6Au3////dfjoA7f/
//91/Oj7tv///3Xw6PO2////dezo67b///916Ojjtv//U+jdtv//i33kg8Q0/3UI6M+2//9X6Mm2
//9ZWYvG6xb/dQjou7b//1k7/nQHV+iwtv//WTPAX15bycNVi+yD7BBTVleLfQj/N+gkxP//aghe
A8aZi873+f93BIvYiV0I6A3E//8DxpmLzvf5/3cIiUX86PvD//8DxpmLzvf5/3cMiUX46OnD//8D
xpn3/otN+GoBiUX0A8EDRfyNXBgbU4ld8OjBOP7/i9hqB41zBGhg6UYAVsYDAMZDAQDGQwIAxkMD
B+inogIAi0UIg8YHi8jB+RiIDovIwfkQiE4Bi8jB+QiITgKIRgODxCSDxgSFwIlFCHQY/00I/3UI
/zfoxsP//4gGWUaDfQgAWXXoi0X8i8jB+RiIDovIwfkQiE4Bi8jB+QiITgKIRgODxgSFwIlFCHQZ
/00I/3UI/3cE6IbD//+IBllGg30IAFl154tF+IvIwfkYiA6LyMH5EIhOAYvIwfkIiE4CiEYDg8YE
hcCJRQh0Gf9NCP91CP93COhGw///iAZZRoN9CABZdeeLRfSLyMH5GIgOi8jB+RCITgGLyMH5CIhO
AohGA4PGBIXAiUUIdBn/TQj/dQj/dwzoBsP//4gGWUaDfQgAWXXni33wjQQ7O/B0F2h4AQAAaKTp
RgBokOlGAOisnQIAg8QMi0UMiThfXovDW8nDVYvsUYtFCFNWV/9wEOhlwv//g8AIagiZWff5agGL
2I1DBFCJRfzoQzf+/4vwi8PB+BiIBovDwfgQiEYBi8ODxAzB+AiIRgKIXgONfgTrEotFCEtT/3AQ
6HLC//9ZiAdZR4XbdeqLXfyNBB47+HQXaJABAABopOlGAGiQ6UYA6BqdAgCDxAyLRQyJGF+Lxl5b
ycNTVldqFGoB6NA2/v+LfCQci3QkGFlZi9jonPb//4kD6JX2//+JQwTojfb//4lDCOiF9v//iUMM
6H32//8zyTkLiUMQdD6LUwQ70XQ3OUsIdDI5Swx0LTvBdCn/NVynRwBS6I3C//+FwFlZdBf/NVyn
RwD/M+h6wv//hcBZWXQEi8PrCVPoe/b//1kzwF9eW8NVi+xWi3UIV/826IbB////dgyL+Oh8wf//
/3YEA/jocsH///92EAP46GjB////dggD+Ohewf//A/iDxBQ7fRB+B4vH6T0CAABT/zboRcH//4t9
DGoEWyvDwfgYiAf/Nugxwf//K8PB+BCIRwH/Nugiwf//K8PB+AiIRwL/NugTwf//KsOIRwP/NugH
wf//g8QUK8N0HesDi0UISFD/NolFCOgGwf//iAQ7WUODfQgAWXXl/3YE6NvA//+D6ATB+BiIBDv/
dgToysD//4PoBMH4EIhEOwH/dgTouMD//4PoBMH4CIhEOwL/dgTopsD//ywEiEQ7A/92BIPDBOiV
wP//g8QUg+gEdB7rA4tFCEhQ/3YEiUUI6JLA//+IBDtZQ4N9CABZdeT/dgjoZ8D//4PoBMH4GIgE
O/92COhWwP//g+gEwfgQiEQ7Af92COhEwP//g+gEwfgIiEQ7Av92COgywP//LASIRDsD/3YIg8ME
6CHA//+DxBSD6AR0HusDi0UISFD/dgiJRQjoHsD//4gEO1lDg30IAFl15P92DOjzv///g+gEwfgY
iAQ7/3YM6OK///+D6ATB+BCIRDsB/3YM6NC///+D6ATB+AiIRDsC/3YM6L6///8sBIhEOwP/dgyD
wwTorb///4PEFIPoBHQe6wOLRQhIUP92DIlFCOiqv///iAQ7WUODfQgAWXXk/3YQ6H+///+D6ATB
+BiIBDv/dhDobr///4PoBMH4EIhEOwH/dhDoXL///4PoBMH4CIhEOwL/dhDoSr///ywEiEQ7A/92
EIPDBOg5v///g8QUg+gEdB7rA4tFCEhQ/3YQiUUI6Da///+IBDtZQ4N9CABZdeSLw1tfXl3DVY1s
JJiB7AgCAABTVleNRUhQ/3V4/3V06L5lAACNhTT///9Q6JdfAABqHo2FNP///2i06UYAUOi+XwAA
i11w/3MQjYU0////UOgULQAAjUUIUI2FNP///1DoyGAAAI2FNP///1DoVl8AAGpAjUUIUI2FNP//
/1Dofl8AAGoUjUVIUI2FNP///1DobF8AAIPESGo1WY1FCFCNhWD+//+NtTT///+NvWD+//9Q86Xo
dGAAAI2FYP7//2jUAAAAUOhKKAIAjUUIakBQ6Pm8////cwSL+FforMP//1eL8OhcsP///3MEVujS
w///g8Qs63VW6Eiw//9qAY2FNP///2iw6UYAUOjyXgAAajVZjUUIUI2FYP7//421NP///429YP7/
/1Dzpej9XwAAjYVg/v//aNQAAABQ6NMnAgCNRQhqQFDogrz///9zBIv4V+g1w///V4vw6OWv////
cwRW6FvD//+DxDyL+IX/dIWNhTT///9o1AAAAFDokicCAI1FCGpAUOiHJwIA/zNW/3MI6BbJ////
cwSJRWRQ6OjC////dWSJRXDola///41FSGoUUOgUvP//UP91cIlFXP9zEOiJv////3MEiUVgUFfo
sbb//4PESP91YIlFZOhgr///V+har///VuhUr////3Vc6Eyv//9qAWo36Mkx/v+L8GoHjUYEaGDp
RgBQxgYAxkYBAMZGAgDGRgMH6K+bAgCDxCRqE8ZGCwDGRgwAxkYNAMZGDiiNXiNfx0VgFAAAAFf/
dXDo37z//1f/dWSIQ+zo07z//4PEEE+IA0P/TWB13/91cOjZrv///3Vk6NGu//+LRXxZWV/HADcA
AACLxl5bg8VoycNVi+yD7AxTVldqFGoB6DAx/v+JRfiNRfxQjV30jX0MjXUI6Kfw//+DxAyDffwA
D4SMAAAAg330Bw+FggAAAGoHaGDpRgD/dfzoXLoCAIPEDIXAdWzoxvD//4td+IkD6Lzw//+JQwTo
tPD//4lDCOis8P//M9I5E4lDDIlTEHQ5i0sEO8p0MjlTCHQtO8J0Kf81XKdHAFHovrz//4XAWVl0
F/81XKdHAP8z6Ku8//+FwFlZdASLw+sTU+is8P//6wj/dfjoRDH+/1kzwF9eW8nDVYvsgeyAAAAA
i0UQU/91DIlFEP91COgV////i9iF21lZiV34D4TFAAAAVleNfRSNdRDoGPD//4XAiUMQdQNT62+D
Tfz/jUX0UI1d/I19FI11EOin7///g338FFl1W41FgFDoTmAAAIt1+P82jUWAUOgT7////3YEjUWA
UOgH7////3YIjUWAUOj77v//jUXgUI1FgFDoKGEAAGoUjUXgUP919OgxuQIAg8QwhcB0DVbo5e//
/zPA6zOLdfj/Nv92EP92COiNxv///3YMi/hX6LW7//+DxBSFwHQJVui57///WTP2V+gCrf//i8ZZ
X15bycNW/3QkDP90JAzoMP7//4vwhfZZWXUFg8j/XsNX/zboZrr//1aL+Oh97///WVmLx19ew6HU
OUYAiwiLRCQIiQiLDdQ5RgCLSQSJSAQzwMNVi+yD7AxWV2oA/3UMaNTpRgDohTP+/4vwVol1+OgH
kgIAg8QQ/3UQiUX0/zUEpkcAjUX0UI1F/FCLRQj/UDxWi/jotS/+/4vHWffYG8Bfg+AEXsnDagxq
AejULv7/WVkzyYlIBIkIiUgIi0wkCIkBM8DDVYvsi0UMVoswi0UUVzP/O8d0AzPAQFeNTQxR/3Uc
g8giV/91GFdXUP811DlGAI1GCP91EFBXjUYEUItFCP9QQDvHX4kGXnUEM8Bdw0j32BvAg+ADQF3D
VYvsg+wQU1aLdRBXi30IM9uNRfhQjUUQUItFDIkeiV4E/zXUOUYAiV34agH/MI1FCFCJXfyJXfCJ
XfSJXRD/VzSFwHUvjUXwUI1FEFD/NdQ5RgCLRQxqAv9wBI1FCFCJXRD/VzSFwHQQjUX4UI1FCFD/
V0RqBFjrZ4tF+ItN8I1EAQGJBkBqAVDo2i3+//91+IlGBP91/FDo0pcCAItGBItN+MYEASD/dfCL
RgSLTfj/dfSNRAgBUOiylwIAi0YEiw6IHAiDxCCNRfhQjUUIUP9XRI1F8FCNRQhQ/1dEM8BfXlvJ
w1WL7P91DI1FCFCLRQj/UET32BvAg+AEXcNVi+yLRQxWizBXM/8793UFagRY6yWNRgg5OHQOV1CN
RQxQi0UI/1Awi/hW6AQu/v+Lx/fYG8BZg+AEX15dw1WL7P91DI1FCFCLRQj/UEz32BvAg+AEXcOL
RCQIhcB1BGoEWMP/dCQQg8AE/3QkEGoA/3AEUItEJBj/UDjD6Wb///+LRCQEx0AIW41CAMdADHeN
QgDHQBB9j0IAx0AU6o1CAMdAGCaPQgDHQBzMjUIAx0AgP49CAMdAJJaPQgDHQCi7j0IAx0AsQY5C
AMNVi+yD7BRTi1kEVotxDFeL+4sR99cj/otxCCPzC/4DOI00F42WeKRq14HGeKRq/8HmB8HqGQvW
A9OL8yPyi/r31yN5CAv+A3gEi3EMA/6Nt1a3x+iBx1a3BwDB5wzB7hQL9wPyi/731yP7i94j2gv7
A3kIi1gIA9+Nu9vw//+Bw9twICTB6w/B5xEL+wP+iXX8I/eL3/fTI9oL3gNYDItxBAPejbPuzr3B
gcPu/v//weMWwe4KC/MD94ve99MjXfyJffQj/gvfA1gQA9ONmq8PfPWBwq8PfP/B4gfB6xkL2gPe
iV3wi9P30iNV9Iv+I/sL1wNQFIt9/AP6jZcqxodHweoUgccqxgcAwecMC9cD04lV/Iv6I9P31yP+
C/oDffSLUBgD1426E0YwqIHCE8b//8HiEcHvDwv6A338i9f30iPTi138I98L0wNQHAPyjZ4BAQAA
gcYBlUb9we4KweMWC94D34vT99IjVfyL9yPzC9YDUCCLdfAD8o2W2JiAaYHG2JiA/8HmB8HqGQvW
A9OJXfgj2ovy99Yj9wvzA3Aki138A96Ns6/3BADB5gyBw6/3RIvB6xQL8wPyiXX8i13899Yjdfgj
2gvzA/eLeCgD94td/I2+sVv//4HGsdv//8HmEcHvDwv+A338I9+L9/fWI/IL8wNwLItd+APejXO+
gcO+11yJwesKweYWC/MD94l99CP+i9730yNd/AvfA1gwA9ONuiIRkGuBwiIRkP/B4gfB7xkL+gP+
i9f30iNV9IveI98L0wNQNItd/APajZOTcfj/gcOTcZj9wesUweIMC9MD14lV7PdV7Itd7CPeiVX8
I9cL2gNYOItV9APajZOOQ3mmgcOOw///weMRweoPC9MDVfyJffCJVfT3VfSLXfQj34t9/CP6C98D
WDwD841eIYHGIQi0ScHjFsHuCgveA9qLffyLdewj8iP7C/cDcASLffAD942+YiUe/old+IHGYiUe
9sHuG8HnBQv+i3X0I/MD+4vaI98L8wN1/ItYGAPejbNAs0DAgcNAs8D/weMJwe4XC/OLXfgD9/fT
I9+JdfwjdfiJffAL3gNYLAPTjbJRWl4mgcJRWv7/weIOi138we4SC/IDdfyL1/fSI1X8i/4jffAL
1wMQi334A9eNuqoHAACBwqrHtunB6gzB5xQL+otV/PfSI9YD/iPfC9MDUBSLXfAD2o2TXRAv/oHD
XRAv1sHrG8HiBQvTi94D1/fTiX34iVXwI9+L/iP6C98DXfyLeCgD3427UxTE/4HDUxREAsHrF8Hn
CQv7i134A/r30yPaiX38I33499IjVfwL3wNYPAPzjb6B5qHYgcaB5gEAweYOi138we8SC/4DffyL
9yN18AvWA1AQi3X4A9aNssj7//+Bwsj70+fB5hTB6gwL8otV/AP3I9730iPXC9MDUCSLXfAD2o2T
5s3hIYHD5s3hAcHjBYl1+MHqGwvTA9aL3/fTI96L9yPyC94DWDiLdfwD3o2z1gc3AIHD1gc3w8Hr
F8HmCQvzi134A/KJdfwjdfj30yPaC94DWAwD+423hw3V9MHuEoHHhw0BAMHnDgv3A3X8i/r31yN9
/IveI9oL+wN4IItd+APfjbvtBAAAgcPtFFpFwesMwecUC/uLXfz30yPeiV3si138A/4j34l9+It9
7Av7i1g0A9+NnBMF6eOpwesbiV3si1g0A9+LfeyNlBMF6eMBweIFC/oDffiL1vfSI1X4i94j3wvT
A1X8i1gIA9qNk/ij7/yBw/ij7//B4wnB6hcL0wPXiX3wi334i9/30yNd8IlV/CPXC9oDWBwD842W
2QL//4HG2QJvZ8HuEsHiDgvWA1X8i3Xw99YjdfyL2iNd8AvzA3AwA/eNvopMKo3B7wyLXfCBxor8
///B5hQL/gP6i3X8M/Iz9wNwFIl9+I2cHkI5+v+L88HjBMHuHAvzA/eL2jPfM94DWCCJdfCLdfwD
3o2zgfZxh4HDgfbx/8HjC8HuFQvzA3Xwi94z3zNd8ANYLAPTi1g4jboiYQAAwecQgcIiYZ1tweoQ
C/oD/ol99IvWM9eL+jN98AN9+AP7jZ8MOOX9g8cMwecXwesJC98DXfSLffAz0wNQBIld+AP6jZdE
6r4EgcdE6r6kwe8cweIEC9eLffQz+wPTM/oDeBCJVfAD942+qc/+/4HGqc/eS8HuFcHnCwv+A/qL
9zPzM/IDcByLXfQD842eYEsAAIHGYEu79sHuEIl97MHjEAveA98xXeyLdewz8gN1+ItQKAPWjbJw
vL++we4Jg8JwweIXC/KLVewD8zPWA1A0iXX4i3XwA/KNlsZ+myiBxsZ+m/jB5gTB6hwL1gNV+Ivz
M3X4M/IDMAP+jbf6J6Hqgcf6JwEAwecLwe4VC/cD8ov+M334iXX8M/oDeAwD3427hTDv1MHvEIHD
hTAAAMHjEAv7i1gYA/4z94l99Iv+M/oDffgD+42fBR2IBIHHBf///8HnF8HrCQvfA130M/MDcCSJ
XfgD1ot19I26OdDU+YHCOdDU2cHqHMHnBAv6i1AwA/sz8zP3A/KLVfwD8o2W5Zn7/4HG5Znb5sHu
FcHiCwvWA9eL8jPzi130M/cDcDwD3o2z+HyiH4HD+HwAAMHjEMHuEAvzA/KL2jPeM98DXfiJdfSL
cAgD3o2zZVasxIPDZcHjF8HuCQvzA3X0i9r30wveM130iXX4AxgD+423RCIp9IHHRCIpAMHnBsHu
Ggv3A3X4i33099eLWDgL/jN9+AN4HAPXjbqX/ypDgcKX/+r/weIKwe8WC/qLVfj30gP+C9cz1gNV
9APajZOnIwAAgcOnI5SrwesRweIPC9MD14ve99ML2jPfA1gUiVX0i1X4A9qNkzmgk/yDwznB6gvB
4xUL0wNV9Ivf99ML2jNd9IlV+ANYMAPzjZ7DWVsBgcbDWVtlwe4aweMGC94D2otV9It1+PfSC9Mz
Vfj31gNQDAP6jZeSzAwAgceSzAyPwe8WweIKC9eLeCgD0wvyM/MDdfSJVfwD942+ffTv/4HGffT/
/8HmD8HvEQv+A/qL8/fWC/cz8gNwBItV+APyjZbRXYSFgcbR/f//weYVweoLC9aLdfwD1/fWC/Iz
9wNwIIl99APejbNPfqhvgcNPfqj/weMGwe4aC/OLXfz31wPyC/4z+gN4PAPfjbvg5uz/wecKgcPg
5iz+wesWC/sD/ova99ML3zPeA130iX38i3gYA9+NuxRDAaOBwxRD///B4w/B7xEL+wN9/Ive99ML
3zNd/Il99ANYNAPTjbqhAQAAgcKhEQhOwecVweoLC/oDffSLVfz30gvXM1X0i138A1AQiX34A/KN
loJ+U/eBxoJ+U//B5gbB6hoL1ot19APX99YL8jP3A3As99cD3o2zNfI6vYHDNfL6/8HjCsHuFgvz
i1gIA/IL/jP6A330A9+Nu7vS//+Bw7vS1yrB6xHB5w8L+4va99MD/gvfM94DWCSLRfgD2I2DkdOG
64HDkQMAAMHoC8HjFQvDA8eLGQPai1EEA9CLQQgDx4lBCItBDF8Dxl6JGYlRBIlBDFvJw4tEJAQz
yccAASNFZ8dABImrze/HQAj+3LqYx0AMdlQyEIlIUIlIWIlIVMNVi+yD7ESLTQxWi3UIV4t9EAF+
WDl+WIlN/BvA99gBRlSLRlCNFDiD+kBzF1dRjUQwEFDo0osCAIPEDAF+UOmGAAAAi0ZQakBZK8hR
/3X8jUQwEFDosYsCAItGUIPEDGpAWSvIAU38g2UMAI18B8CNRhIPtlD/M8mKaAGKCIPABMHhCAvK
D7ZQ+sHhCAvKi1UM/0UMg30MEIlMlbx81I1FvIvO6L30//+DZlAAi0ZQA8eD+EBzjVf/dfyNRhBQ
6EeLAgCDxAyJflBfXsnDVYvsg+xAVot1DItGUFdqOF87x3wDanhfK/iLRlhTi15Ui8jB4ANXiUUM
jUXAwekdagDB4wNQC9noYJACAFeNRcBQVsZFwIDo5/7//4vDwegYiEXHi8PB6BCIRcaLw8HoCIhF
xYtFDIvIwekYiE3Di8jB6RCITcKLyIhFwGoIjUXAUMHpCFaIXcSITcHoov7//4tVCIPEJGoEX41O
AY1CAyvyW4oUBogQilEBiFD/ihGIUP6KUf+IUP2DwQSDwARPdeFfXsnDVYvsg+xcjUWkUOgz/v//
/3UMjUWk/3UIUOhP/v//jUWkUP91EOgQ////jUWkalxQ6IUVAgCDxCDJw2pcagPoLSD+/1lZw2gU
AQAA/3QkCOhmFQIAWVnp3yD+/1WL7IPsQFNWV2pAX1eNRcBqNlDoZI8CADPJg8QMOU0QfhuLdQyN
RcAr8DvPfQ+NRA3AihQGMBBBO00QfO2LXQhT6KH9//9XjUXAUFPowf3//1eNRcBqXFDoH48CADPJ
g8QcOU0QfhuLdQyNRcAr8DvPfQ+NRA3AihQGMBBBO00QfO2NU1xS6Fz9//9XjUXAUFLofP3//41F
wFdQ6L8UAgCDxBhfXlvJw2oQ/3QkDP90JAzoSf///4PEDMNWi3QkCFdqF1mNvrgAAADzpV9ew/90
JAyLRCQI/3QkDAW4AAAAUOgs/f//g8QMw1WL7IPsbFOLXQhWV2oXWY1FlFCNRfCNs7gAAACNfZRQ
86Xozv3//2oXWWoQjUXwUI1FlI1zXI19lFDzpejn/P//jUWUUP91DOio/f//g8QcX15bycNVi+yD
7BCNRfBQ/3UI6Jn///9qEP91DI1F8FDoaSH+/4PEFMnDVYvsVldqF1n/dQyNu7gAAAD/dQiL81Pz
pehN////g8QMg30QAF9edA//dRT/dRBT6Db///+DxAz/dRhT6EX///9ZWV3DU/90JBSLXCQMagBq
AP90JBz/dCQc6KH///+DxBRbw1WL7IPsEP91EIvI/3UMwekY/3UIiE3wi8jB6RCITfGLyIhF841F
8MHpCGoEUIhN8uhn////g8QUycOLRCQIi0wkDFOLXCQIjRQIUlFQi0QkIOiq////g8QMW8NVi+yD
7BBTi10IVot1EFeLfQyNRfBQi0UUVlfohf///2oQA/6NRfBXUOh3IP7/g8QYX15bycNVi+y4eEAA
AOiGqgIAg2X8AFNWi3UcgyYAV/91CDPbaABAAABDjYWIv///U1DodqkCAP91CIv46BWCAgCDxBSF
/w+MuAIAAIH/AEAAAA+ErAIAADv7xwZg6kYAD4ykAgAAgL2Iv///AA+FlwIAAI1H/zvDD4yMAgAA
D7aFib///4XAiUX0dAmD+AMPhXUCAACNR/6D+AQPjGkCAACAvYq///8AD4VcAgAAgL2Lv///AA+F
TwIAAIC9jL///wAPhUICAACAvY2///8AD4U1AgAAU2oA/3UMjUf6UI2Fjr///1DoyBQAAIPEFIXA
D4wUAgAAjXAGD7aMNYq///8zwIqkNYi///+KhDWJv///weAIC8EPtow1i7///8HgCAvBUOiEGv7/
i9iDxgSF21kPjNMBAACLxyvGO8MPjMcBAACNQwFqAVDocxz+/4XAWVmJRfh0GVONjDWIv///UVDo
YoYCAItF+IPEDMYEGAAD84tdFIXbdAv/dfjofiD+/1mJA4tdDIXbdAiLRfiJQyDrCf91+OjwHP7/
WTPAOUUQD4VFAQAAO9h1FTPJOUX0D5XBiU38i00ciQHpSgEAADlF9HRVjUWIUOjF+f///3UY6OJ+
AgBQ/3UYjUWIUOjb+f//jUWIUI1F5FDom/r//4vHK8aDwAeD4PhQjYQ1iL///1CNReRQ6HnW//+N
ReRqEFDo9BACAIPEMIvHK8aD+AQPjOMAAACKhDWIv///OoQ1ir///w+FugAAAIqENYm///86hDWL
v///D4WmAAAAg8YEi8crxlNQjYQ1iL///1DoKRQAAIPEDIXAD4yaAAAAA/CNQxxQi8crxlCNhDWI
v///UOjopf//g8QMhcB8ewPwjUMYUIvHK8ZQjYQ1iL///1DoyaX//4PEDIXAfFwD8I1DFFAr/o2E
NYi///9XUOispf//g8QMhcB8P1PoghoAAIXAWXUWi0UcU8cATOpGAOgXHAAAg2X8AFnrHsdF/AEA
AADrFYtFHINN/P/HADjqRgDrBscGJOpGAI2FiL///2gAQAAAUOjwDwIAi0X8WVlfXlvJw1WL7IPs
SItFCINl/ACDZfgAVldowOpGAP8w6Kx/AgCL8IX2WVl1B7+w6kYA61hWjUW4akBQ6BWgAgCDxAyF
wHQzjUW4aIzqRgBQ6PR/AgCFwFlZdR+NRfhQ/3UQagBqAP91DFbod/z//4t9+IPEGIlF/OsMVr90
6kYA6LJ+AgBZg338AXQJi0UUhcB0Aok4i0X8X17Jw1WL7IPsRItFCFZowOpGAP8w6B9/AgCL8IX2
WVl0RlaNRbxqQFDoj58CAIPEDIXAdCyNRbxojOpGAFDobn8CAIXAWVl1GI1F/FBqAP91DGoAagBW
6PL7//+DxBjrCVboOH4CAFkzwF7Jw1WL7IPsaItFEFNWi3UMM9uJHleJGItFCGjA6kYA/zCJXfyJ
XQzoon4CAIv4O/tZWXUKvrDqRgDpggAAAFeNRZhqQFDoCJ8CAIPEDIXAdF6NRZhojOpGAFDo534C
AIXAWVl1SmokjUXYU1DolYgCAI1F/FBT/3UUjUXYagFQV+he+///g8QkhcB0Mf91EI1F2FDovhkA
AIkGjUXYUOg3GgAAg8QMx0UMAQAAAOsaV7506kYA6Hp9AgBZ6wOLdfyLRRg7w3QCiTCLRQxfXlvJ
w1ZXaieL8F/rF4P4DXQhg/j/dByD+Dp0HIX/dBOIBkZP/3QkDOiQfQIAg/gKWXXaM8BfXsP/dCQM
6Hx9AgBZg/ggdewzwMYGAEDr5lWL7IPsDFNWV7+AAAAAagFXiX346GoY/v//dQiL8DPbiB7oR30C
AIPEDOtAg338CnRCg338/3RgjUMBO0X4iUX0fBMBffhqAf91+FbokRj+/4PEDIvwikX8/3UIiAQz
i130xgQzAOgDfQIAWYP4DYlF/HW4g338/3Qe/3UI6Ox8AgCD+A1ZdBCD+Ap0C/91CFDoAaUCAFlZ
X4vGXlvJw1WL7IPsEFNWjQR/weAEagFQ6M4X/v8z2zv7WVmJRfyJXfR+Y/91COg1////hcBZiUX4
dF9Q6KF6AgBZi8hqBJle9/6JTfCF0nVpg/lAf2Qz9oXJfiGLRfwDw1CLRfgDxlDoABb+/4XAWVl0
MYPGBAPYO3XwfN//dfjoMBj+//9F9Dl99Fl8nYtFDIkYi0X8XlvJw/91/OgTGP7/6xH/dfjoCRj+
//91/OgBGP7/WVkzwOvc/3X86PMX/v//dfjr6GjAZEYA/3QkCOi9fAIAhcBZWXUGuAztRgDDaGDp
RgD/dCQI6KN8AgD32BvAWffQWSUk6UYAw1WNbCSUgew8AQAAU1Yz9jl1eFd0Dv91eOjIeQIAWYlF
OOsDiXU4i0V0aMDqRgD/MIl1aIl1TIl1VIl1SIl1XIl1YIl1ROjTewIAi9g73llZdQzHRWiw6kYA
6Z8GAABTjUUM6Ln9//+FwFkPhDEGAACNRQxo0OtGAFDoF3wCAIXAWVl1BYl1UOskjUUMaLjrRgBQ
6P57AgCFwFlZD4XbBQAA6KV3AQDHRVABAAAAU8dFaGDqRgDosf3//4v4O/5ZD4TcBQAAV+j//v//
WYvwV4l1NOjhFv7/hfZ1BlnpwAUAAFONRQzoNv3//4XAWVkPhK0FAACNRQxorOtGAFDok3sCAIXA
WVkPhZUFAABT6Fn9//+FwFmJRVwPhIMFAABo0MFGAFDobHsCAIXAWVl1EMdFPAEAAADHRVgQAAAA
6yFo1FlGAP91XOhJewIAhcBZWQ+FSwUAACFFPMdFWAEAAABTjUUM6Lf8//+FwFkPhC8FAACNRQxo
pOtGAFDoFXsCAIXAWVkPhRcFAABT6Nv8//+FwFmJRUgPhAUFAABTjUUM6Hv8//+FwFkPhPMEAACN
RQxolOtGAFDo2XoCAIXAWVkPhdsEAABT6J/8//+L+IX/WQ+EygQAAFfoq3oCAFeJRWTo0hX+/4t9
ZI1FQFBT6Bf9//+DxBCFwIlFRA+EoAQAAFONRQzoFvz//4XAWQ+EjgQAAI1FDGiE60YAUOh0egIA
hcBZWQ+FdgQAAFPoOvz//4v4hf9ZD4RlBAAAV+hGegIAV4lFZOhtFf7/i31kjUVkUFPosvz//zP/
g8QQO8eJRWAPhDkEAABTjUUM6K/7//+FwFkPhCcEAACNRQxoeOtGAFDoDXoCAIXAWVl1FVPo1/v/
/zvHWYlFVA+EAQQAAEfrM41FDGho60YAUOjkeQIAhcBZWQ+F5gMAADl9UA+E3QMAAFPoofv//zvH
WYlFVA+EywMAAFPop3gCADPbOV08WQ+EoAAAADldeA+EtwMAAItFZJn3fViF0g+FqAMAAI1FhFDo
KEQAAGoEjUWEaGDrRgBQ6EpEAAD/dTiNRYT/dXhQ6DtEAACNhVz///9QjUWEUOgGRQAAjUWEUOjw
QwAAagSNRYRoWOtGAFDoEkQAAP91OI1FhP91eFDoA0QAAIPEQI2FcP///1CNRYRQ6MtEAAD/dWSN
hVz/////dWBQ6HB+//+DxBQ5XVB0EotFZItdYINlWACJRWjpPQEAAP92MOg+dgIA/3VciUVQ6DN2
AgD/dUiL2IldWOgmdgIAi01AiUVMA8MDRVBqAQNFZI1ECBRQiUVo6BIT/v+L2ItFUIvIwfkYiAuL
yMH5EIhLAYvIUMH5CIhDA4hLAv92MI1DBFDo7XwCAItFUI10GASLRViLyMH5GIgOi8jB+RBQ/3Vc
iE4Bi8iIRgONRgTB+QhQiE4C6Lx8AgCLRViNdAYEi0VMi8jB+RiIDovIwfkQUP91SIhOAYvIiEYD
jUYEwfkIUIhOAuiLfAIAi0VMjXQGBItFQIvIwfkYiA6LyMH5EIhOAVD/dUSLyIhGA41GBMH5CFCI
TgLoWnwCAItFQI10BgSLRWSLyMH5GIgOi8jB+RCITgGDxESLyFD/dWDB+QiITgKIRgODxgRW6CZ8
AgCLdTSDxAzHRVgBAAAAhf8PhI0AAABqB1m+OOtGAI29ZP////OlZqWNRYRQpOgxQgAAah6NhWT/
//9QjUWEUOhRQgAAg8QQg308AHQYg314AHQS/3U4jUWE/3V4UOgzQgAAg8QMjUXkUI1FhFDo/kIA
AI1F+FD/dWiNReRTahRQ6CtHAACNReRqFFDo2gYCAI1FhGpgUOjPBgIAi3U0g8Qs6xCNRfhQ/3Vo
U+iIQwAAg8QMM/85fVh0Ev91aFPopwYCAFPoIRL+/4PEDI2dMP///w+2RD34UGgcGEYAU+h8fwIA
g8QMR0NDg/8UfOSNhTD///9Q/3VU6Mp2AgCFwFlZdCmDfTwAdBPHRWg46kYAx0VM+LRHAOm+AAAA
g2VMAMdFaCzrRgDprgAAAP91VOi2Ef7/g2VUAGoMagHo3xD+//91ZIv4/3Vgi0VI/3VAiTf/dUSJ
Rwj/VhSDxByFwIlHBHUTV+iAEf7/g2VMAMdFaBjrRgDrYv91ROhrEf7//3Vk/3Vg6OAFAgD/dWDo
WBH+//91XOhQEf7/i0V8g8QUhcB0A4MgAIvH6ZAAAABqFI1FDGgA60YAUOjpcwIAg8QMhcDHRWjk
6kYAdAfHRWjE6kYAU+jcdAIAWTP2OXVIdAn/dUjoARH+/1k5dVx0Cf91XOjzEP7/WTl1VHQJ/3VU
6OUQ/v9ZOXVEdAn/dUTo1xD+/1k5dWB0Fv91ZP91YOhGBQIA/3Vg6L4Q/v+DxAyLRXw7xnQFi01o
iQiLRUxfXluDxWzJw1WL7IPsOItFCINl/ABTVldowOpGAP8wM9vo63QCAIvwhfZZWXUMx0X4sOpG
AOm3AQAAVo1FyOjR9v//hcBZD4RuAQAAjUXIaNDrRgBQ6C91AgCFwFlZdBiNRchouOtGAFDoG3UC
AIXAWVkPhUIBAABWx0X4YOpGAOja9v//i/iF/1kPhE8BAABX6Cj4//9XiUX06A0Q/v+DffQAWVkP
hDQBAABWjUXI6GD2//+FwFkPhCIBAACNRchorOtGAFDovnQCAIXAWVkPhQoBAABW6IT2//+FwFkP
hPsAAABQ6MIP/v9WjUXI6CH2//+FwFlZD4TiAAAAjUXIaKTrRgBQ6H50AgCFwFlZD4XKAAAAVuhE
9v//hcBZiUX8D4S4AAAAi0UUhcB0B4tN/IkI6wn/dfzobw/+/1lWjUXI6M31//+FwFkPhI8AAACN
RcholOtGAFDoK3QCAIXAWVl1e1bo9fX//4v4hf9ZdG5X6AV0AgBXi9joLQ/+/41F8FBWi/voc/b/
/4vYg8QQhdt0S1bo3XICAItFEIXAWXQFi03wiQiLRQyFwHQIi030i0kwiQiLw+teahSNRchoAOtG
AFDon3ECAIPEDIXAx0X45OpGAHQHx0X4xOpGAFboknICAIXbWXQHU+i8Dv7/WYtFGIXAdAWLTfiJ
CIN9/AB0E4t1FIX2dAz/dfzomg7+/4MmAFkzwF9eW8nDVYvsg+woU1ZXi30Mhf90A4MnAItFCGjA
6kYA/zDo0nICAIvwhfZZWQ+E/AAAAFaNRdjowPT//4XAWQ+E4wAAAI1F2GjQ60YAUOgecwIAhcBZ
WXQYjUXYaLjrRgBQ6ApzAgCFwFlZD4W3AAAAVujQ9P//hcBZD4SoAAAAUOgODv7/Vo1F2Oht9P//
hcBZWQ+EjwAAAI1F2Gis60YAUOjKcgIAhcBZWXV7VuiU9P//i9iF21lWdG6NRdjoOfT//4XAWXRV
jUXYaKTrRgBQ6JtyAgCFwFlZdUFW6GX0//+FwFl0NoX/dASJB+sHUOifDf7/WVboY3ECAMcEJNDB
RgBT6GhyAgCL8PfeG/ZZRllT6HwN/v9Zi8brFFboPHECADP2RuvpVugxcQIAWTPAX15bycNVi+yD
7GhWV2oFWb4A60YAjX3c86Wki0UIaghZvvTrRgCNfZjzpaS+6OtGAI199KWlaOTWRQD/MKXohXEC
AIvwhfZZWXUHM8DpkwAAAFZqII1FvGoBUOglmAIAVov46MZwAgCDxBSF/3zcg/8gfQUzwEDrbGog
jUW8aIzqRgBQ6HeVAgCDxAyFwHUFagJY61BqFI1F3FCNRbxQ6FyVAgCDxAyFwHUEagPr42oLjUX0
UI1FvFDoQpUCAIPEDIXAdQRqBOvJaiCNRZhQjUW8UOgolQIAg8QM99gbwIPg/IPABV9eycOLRCQE
g+gAdDNIdCpIdCFIdBhIdA9IdAa4pOxGAMO4iOxGAMO4bOxGAMO4VOxGAMO4QOxGAMO4LOxGAMO4
GOxGAMODPRi6RwAAU4tcJAgPhKgAAAChELpHAFaLdCQQakBZK8g78Xx9akBZK8hRjYDQuUcAU1Do
PXUCAKEQukcAakBZK8ho0LlHAGi8uUcAA9mNdAbA6IA5AAChuLlHAIPEFDPJipHQuUcAMJAItUcA
obi5RwBAPbAEAACjuLlHAHwHM8CjuLlHAEGD+RR81YP4FH0F6J0AAAAzwIP+QKMQukcAfYNWjYDQ
uUcAU1DoxXQCAIPEDAE1ELpHAF5bw4M9GLpHAAB+LYtEJAg7BXzlRwB1IegBIwIAaAi1RwBo97FC
AGjgkwQA6BYNAQCDxAyjfOVHAMODPRi6RwAAfxdoLgEAAGjI7EYAaLTsRgDojXACAIPEDIM9GLpH
AAF1EOhJIgIAaAi1RwDoBw4BAFn/DRi6RwDDVYvsg+xcgz0UukcAAA+FzAAAAFNWV2g7sUIAxwUU
ukcAAQAAAOhAIgIAu7y5RwDHBCTQuUcAU+hoOAAAgyUQukcAAGoUjUXkU1Do83MCAIPEFMdF+AIA
AABqQI1FpGgItUcAUOjZcwIAg8QMx0X8nAQAAIt9/I2/CLVHADPAi8+LETFUheRAg8EEg/gFcvGN
RaRQjUXkUOgIOAAAg238FFlZagVZjXXk86V5x/9N+HWojUWkUI1F5FDo5jcAAGoUXlaNReRQU+h2
cwIAg8QUgyUUukcAAF+JNbi5RwBeW8nDobi5RwBTi1wkCFaLdCQQV7+wBAAAi88ryDvxfEJVi88r
yDPthcl+GooLjYQoCLVHADAIobi5RwBDi89FK8g76Xzm6Nj+//+huLlHAI20BlD7//8zwDv3o7i5
RwB9wF0zwIX2fg6KCzCICLVHAENAO8Z88l9eo7i5RwBbw4M9GLpHAAB1O1ZoEAUAAGoAvgi1RwBW
6Cl4AgBoT7NCAOhOIgIA6Hj+//9WaPexQgBo4JMEAOg1CwEAg8Qco3zlRwBe/wUYukcAw4M9GLpH
AAB1F2g4AQAAaMjsRgBo2OxGAOilbgIAg8QMgT24uUcAsAQAAHwF6Cf+//+huLlHAIqACLVHAP8F
uLlHAA+2wMNWV2oBvlgCAABW6D4I/v+L+Oj8/f//obi5RwBWjYAItUcAUFfoK3ICAItEJCSJMItE
JCCDxBSJOF9e6dP9//9Vi+xTi10IV4t9DGoEWDv4fQiDyP/pvQAAAFaLdRCF9nQVgyYAD7YTiw7B
4QgDykNIiQ518OsDg8MEg+8Eg30YAHUei8b32I1ODBvAI8FQV1PoZ5L//4PEDIXAfHYD2Cv4i873
2Y1GCBvJI8hRV1PoSZL//4PEDIXAiUUMfFWF9nQW/3YI6I2S//+FwFl0RItFDIPA/olGBItFFIXA
dAWNSwKJCANdDIN9GAF1H4vGg8YM99gbwCt9DCPGUFdT6PqR//+DxAyFwHwJA9iLwytFCOsDg8j/
Xl9bXcOLRCQMg8AQUP90JAz/dCQM6M2R//+DxAzDVYvsU4tdDFaLdRCLRgSNSwQ7wX0HM8DpmQAA
AFeLfQhTK8MDx1dQ6LV2AgCDxAxqAljGBwCIRwGLTgQry0k7yIlFEH4d6D3+//+EwItNEIgEOXTx
i0YE/0UQK8NIOUUQfOOLRgQrw8ZEOP8A/3YEV+ipkP///3YIi9j/dgxT6Hud//+LdgSDxBSJRRDr
D05W/3UQ6OKR//9ZiAdZR4X2de1T6O2D////dRDo5YP//1lZM8BAX15bXcNVi+xRU/91DOhdkf//
g8AImWoIWff5agSL2MH4GIhF/IvDwfgQiEX9i8PB+AiIRf6NRfxQ/3UIiF3/6FkyAACDxBDrHktT
/3UM6HOR//+IRfxqAY1F/FD/dQjoOTIAAIPEFIXbf96NRfxqBFDoOvsBAFlZW8nDVYvsg+wcU1ZX
/3UU6B2D//+L2FPoto////91GOgNg///UIlF/Oilj///U/91DOh6lv///3X8iUX4/3UM6GyW////
dRSJRfT/dfj/dQjofZz///91GIvw/3X0/3UI6G2c//+L+FdW6JeR//+DxECFwH0Z/3UUiXXwVuio
lP///3Xwi/Do3YL//4PEDFdW6DGV////dRiJRfD/dRzoc5T//1f/dfCJRexQ6MaS////dRCJRehQ
6PSV//9TiUXk6KOC////dfzom4L///91+OiTgv///3X06IuC//9W6IWC//9X6H+C////dfDod4L/
/4PEQP917Ohsgv///3Xo6GSC//+LReRZWV9eW8nDVY1sJIyB7CgBAACDZWQAU1ZXi/DHRWhAAAAA
/3YI6ACC//+L+Ffovo///zPbIV1shcBZWYlFcA+EAgEAAP9NcIN9bAAPj9QAAACDfWhAx0VsCAAA
AA+CuAAAAItdZIvDwfgYiEVgi8PB+BCIRWGLw8H4CIhFYo2FTP///1CIXWPoWDAAAGoajYVM////
aLztRgBQ6H8wAABqBI1FYFCNhUz///9Q6G0wAAD/dhCNhUz///9Q6Mb9//+NRSBQjYVM////UOh6
MQAAjYVM////Q1CJXWToBDAAAGpAjUUgUI2FTP///1DoLDAAAP91fI2FTP///1Dohf3//4PERI1F
IFCNhUz///9Q6DYxAACDZWgAWVmLRWgPtlwFIP9FaIvDg+ABUP91cNH7/01sV+hAj///g8QMg31w
AA+F/v7//1fox4D///81XKdHAFfopo///4PEDIXAfiH/dghX6JaP//+FwFlZfRL/dghX6GmU//+F
wFlZiUVwdQxX6NuA//9Z6Zb+////dhz/dhj/dhT/dgj/dgxX6Fv9////dgiL2FP/dXzo9Yf///92
HIlFbP92GP92FP92CP92EFDoNf3///92CIlFZP91cFDozof//4PESP91ZIvw6H6A////dWzodoD/
//91cOhugP//U+hogP//V+higP//g8QUX4vGXluDxXTJw/90JASLRCQM6O79//9Zw4tEJASLSAhW
i3AMV1How43//4PAD2oQmVn3+VaL+Oiyjf//WVmDwA9qEJlZ9/kDx1+NBIUUAAAAXsNRi0QkDItI
CFOLWAxVVleLfCQYaGzpRgBXiUwkJIlcJBjoq3ACAFOL8Ohtjf//g8QMg8ADagSZWff5g/gBfQMz
wECFwIvYdDZLi8OZK8LR+FD/dCQU6JiN//9Zi+hZi8OZagJZ9/mLysHhAtP9g+UPioXo7EYAiAQ+
RoXbdcqNBD5oaOlGAFDoRXACAP90JCQD8OgEjf//g8QMg8ADagSZWff5g/gBfQMzwECFwIvYdDZL
i8OZK8LR+FD/dCQg6C+N//9Zi+hZi8OZagJZ9/mLysHhAtP9g+UPioXo7EYAiAQ+RoXbdcrGBD4A
X15dW1nDVY1sJJSB7MQAAABTVo1FqFdQ6Fzf//+LdXz/dgjosoz//4v4T09ZWXQjT1f/dgjozYz/
/4hFf2oBjUV/UI1FqFDoWN///4PEFIX/dd3/dgzof4z//4v4T09ZdCNPV/92DOibjP//iEV/agGN
RX9QjUWoUOgm3///g8QUhf913Y1FqFCNRVxQ6N/f////dgjoFoz//1CNRQRo2O1GAFDoPW8CAIPE
GDP/hf+4IIJGAHUFuG/XRQAPtkw9XFFQjUUEaHDpRgBQ6M1jAgBZjUQFBFDoCm8CAIPEEEeD/xB8
yYt9eItddFeNRQRQU+g4jgIA/3V0jVw7/8YDAOiZYwIAg8QQg34gAHQjjU//O8F9HItNdAPIK/hP
xgEgV/92IEFR6AOOAgCDxAzGAwBfXluDxWzJw1NWi3QkDFf/dhj/dhTohI////92CIv4V+hojP//
V4vY6MN9//+DxBSF23QHM8Dp7gAAAP92FOh2ff//i/hX6A+K//9X/3YQ/3YM6NyE//9Xi9jokX3/
//81YKdHAFPoIoz//1OL+Oh9ff//g8Qkhf91uv92GOg3ff//i/hX6NCJ//9X/3YQ/3YM6J2E//9X
i9joUn3///81YKdHAFPo44v//1OL+Og+ff//g8Qkhf8PhXf/////dhj/dhToxYv//4XAWVl/LYtG
FItOGP92HIlOFIlGGOgOff///3YU/3YY6IKQ//+DxAyFwIlGHA+EOf////92FP92GP92HOgqhP//
/zVgp0cAi/BW6HaL//9Wi/jo0Xz//zPAg8QYhf8PlMBfXlvDU1aLdCQMV/92COhtiv///3YMi/jo
Y4r//41cBwRqAVPoJP/9//92CIv46COK///B+BiIB/92COgWiv//wfgQiEcB/3YI6AiK///B+AiI
RwL/dgjo+on//4hHA/92DI1HBFDos4r///92CIPABAPHUOiliv//i0QkRIPEMIkYi8dfXlvDVot0
JAiLRgiFwHQHUOgtfP//WYtGDIXAdAdQ6B98//9Zi0YQhcB0B1DoEXz//1mLRhSFwHQHUOgDfP//
WYtGGIXAdAdQ6PV7//9Zi0YchcB0B1Do53v//1mLdiCF9nQHVugp//3/WV7DVYvsUVFTjUX8UI1d
+OjWvf//g338AFlbdQQzwMnD/3X4/3X86DeI//9ZWcnD/3QkBOhh////Wenq/v3/Vv90JAjoSvv/
/2oBUOgO/v3//3QkFIvwVuhw+///g8QUi8Zew1WL7FFRU1aLdQhX/3YM6PGI//9qCF8Dx5mLz/f5
/3YIi9jo3Yj//wPHmff/agGJRfyNRBgTUIlF+Oi9/f3/i/hqB413BGjAZEYAVsYHAMZHAQDGRwIA
xkcDB+ijZwIAg8YHi8PB+BiIBovDwfgQiEYBi8PB+AiDxByIRgKIXgODxgTrEotFCEtT/3AM6MqI
//9ZiAZZRoXbdeqLRfyLyMH5GIgOi8jB+RCITgGLyMH5CIhOAohGA4PGBIXAi9h0FotFCEtT/3AI
6I6I//+IBllGhdtZdeqLXfiNBB878HQXaIICAABo3O1GAGiQ6UYA6DZjAgCDxAyLRQyJGIvHX15b
ycNVi+yD7BBTVleLfQj/dxDo7Yf//2oIXgPGmYvO9/n/dxSL2IldCOjWh///A8aZi873+f93GIlF
/OjEh///A8aZi873+f93HIlF+Oiyh///A8aZ9/6LTfhqAYlF9APBA0X8jVwYEFOJXfDoivz9/4vY
i0UIi8jB+RiIC4vIwfkQiEsBi8jB+QiDxBiFwIhLAohDA41zBIlFCHQZ/00I/3UI/3cQ6LCH//+I
BllGg30IAFl154tF/IvIwfkYiA6LyMH5EIhOAYvIwfkIiE4CiEYDg8YEhcCJRQh0Gf9NCP91CP93
FOhwh///iAZZRoN9CABZdeeLRfiLyMH5GIgOi8jB+RCITgGLyMH5CIhOAohGA4PGBIXAiUUIdBn/
TQj/dQj/dxjoMIf//4gGWUaDfQgAWXXni0X0i8jB+RiIDovIwfkQiE4Bi8jB+QiITgKIRgODxgSF
wIlFCHQZ/00I/3UI/3cc6PCG//+IBllGg30IAFl154t98I0EOzvwdBdoqgIAAGjc7UYAaJDpRgDo
lmECAIPEDItFDIk4X16Lw1vJw1NWV2okagHoTPv9/4t8JByLdCQYWYvYg2MgAFno2/z//4lDCOjT
/P//iUMM6Mv8//+JQxDow/z//4lDHOi7/P//iUMU6LP8//8zyTlLCIlDGHQnOUsMdCI5SxB0HTlL
HHQYOUsUdBM7wXQPU+h5+v//hcBZdASLw+sJU+ip/P//WTPAX15bw1WL7FaLdQhX/3YY6AqG////
dhCL+OgAhv///3YIA/jo9oX///92HAP46OyF////dhQD+Ojihf///3YMA/jo2IX//wP4g8QYO30Q
fgeLx+m3AgAAU/92COi+hf//i30MagRbK8PB+BiIB/92COiphf//K8PB+BCIRwH/dgjomYX//yvD
wfgIiEcC/3YI6ImF//8qw4hHA/92COh8hf//g8QUK8N0HusDi0UISFD/dgiJRQjoeoX//4gEO1lD
g30IAFl15P92DOhPhf//g+gEwfgYiAQ7/3YM6D6F//+D6ATB+BCIRDsB/3YM6CyF//+D6ATB+AiI
RDsC/3YM6BqF//8sBIhEOwP/dgyDwwToCYX//4PEFIPoBHQe6wOLRQhIUP92DIlFCOgGhf//iAQ7
WUODfQgAWXXk/3YQ6NuE//+D6ATB+BiIBDv/dhDoyoT//4PoBMH4EIhEOwH/dhDouIT//4PoBMH4
CIhEOwL/dhDopoT//ywEiEQ7A/92EIPDBOiVhP//g8QUg+gEdB7rA4tFCEhQ/3YQiUUI6JKE//+I
BDtZQ4N9CABZdeT/dhzoZ4T//4PoBMH4GIgEO/92HOhWhP//g+gEwfgQiEQ7Af92HOhEhP//g+gE
wfgIiEQ7Av92HOgyhP//LASIRDsD/3Ycg8ME6CGE//+DxBSD6AR0HusDi0UISFD/dhyJRQjoHoT/
/4gEO1lDg30IAFl15P92FOjzg///g+gEwfgYiAQ7/3YU6OKD//+D6ATB+BCIRDsB/3YU6NCD//+D
6ATB+AiIRDsC/3YU6L6D//8sBIhEOwP/dhSDwwTorYP//4PEFIPoBHQe6wOLRQhIUP92FIlFCOiq
g///iAQ7WUODfQgAWXXk/3YY6H+D//+D6ATB+BiIBDv/dhjoboP//4PoBMH4EIhEOwH/dhjoXIP/
/4PoBMH4CIhEOwL/dhjoSoP//ywEiEQ7A/92GIPDBOg5g///g8QUg+gEdB7rA4tFCEhQ/3YYiUUI
6DaD//+IBDtZQ4N9CABZdeSLw1tfXl3DVY1sJIyB7MgAAABTVo1FBFdQ6H7V//9qC41FBGj07UYA
UOiZ1f//i3V8/3YM6JqC//9qCF8Dx5mLz/f5agSL2MH4GIhFcIvDwfgQiEVxi8PB+AiIRXKNRXBQ
jUUEUIhdc+ha1f//g8Qg6x9LU/92DOiugv//iEV/agGNRX9QjUUEUOg51f//g8QUhdt13f92COg2
gv//A8eZ9/9qBIvYwfgYiEVwi8PB+BCIRXGLw8H4CIhFco1FcFCNRQRQiF1z6PvU//+DxBDrH0tT
/3YI6E+C//+IRX9qAY1Ff1CNRQRQ6NrU//+DxBSF23XdjUUEUI1FYFDok9X///92COjKgf//UI1F
rGjo7UYAUOjxZAIAg8QYM/aF9rgggkYAdQW4b9dFAA+2TDVgUVCNRaxocOlGAFDogVkCAFmNRAWs
UOi+ZAIAg8QQRoP+EHzJjUWsagFQ6GJZAgBZQFDoY/b9/4vwhfZZWXQMjUWsUFboGHYCAFlZX4vG
XluDxXTJw1WL7IPsHFNWV41F/FCNXfiNfRCNdQzotrX//4N9/ABZD4QMAQAAg334Bw+FAgEAAGoH
aMBkRgD/dfzobX8CAIPEDIXAD4XoAAAA6Jr3//+L+IX/D4TZAAAAi3UI/3YI/3YMV+jBjP//V4vY
6E9z////dggz/0eJfQjo0ID//4PAB2oImVn3+YvwjUb/UFPoEoH//4PEHIXAdASDZQgAjUb+UFPo
/YD//zvHWVl0BINlCACDxv3rFVZT6OeA//89/wAAAFlZdASDZQgAToP+JH3maiNfvvzsRgBXU+jF
gP//WVkPtg47wXQEg2UIAE9Gg/8UfeWNReRQ/3UY/3UU6FonAACDxAxqE1+NdeRXU+iSgP//WVkP
tg47wXQEg2UIAE9Ghf995lPok3L//4tFCFnrAjPAX15bycNVi+yD7BxTVleNReRQ/3UQ/3UM6Awn
AACLRQj/cAjo8n///4PEEEhqCJlZ9/mL8I1+3IP/AX0XaIwDAABo3O1GAGgA7kYA6PBaAgCDxAxq
AVbotvT9/4P/AVmL2FnGAwF+GY1P/41TAYv6i9HB6QKDyP/zq4vKg+ED86qNRtyNfuw7x30Sufzs
RgAryIoUAYgUGEA7x3z1i8c7xn0QjU3kK8+KFAGIFBhAO8Z89VZT6Fx+//9Ti/DoGvX9/4tFCFbo
Z+///1aJRfjouHH///91+Og/f///g8AHaghZmff5agGL2I17D1foIPT9/4vwageNRgRowGRGAFDG
BgDGRgEAxkYCAMZGAwfoBl4CAINlCACLw8H4GIhGC4vDwfgQiEYMi8PB+AiDxCyF24hGDYheDn4l
jUP/iUX8/3X8/3X46Ch///9ZWYtNCP9FCP9N/DldCIhEDg984f91+Ogmcf//i0UUWYk4X4vGXlvJ
w+lr9f//i0QkBP9wCOiXfv//WcNVi+yD7CxTM9s5XRCJRfQPjpsAAABXi0YMi00QO8iJRfh/A4lN
+IP4IH4XaNcDAABo3O1GAGgc7kYA6HxZAgCDxAyLw8HoGIhF/IvDwegQiEX9i8PB6AiIRf6IXf//
Fv91DIv4/3UIV/9WBGoEjUX8UFf/VgSNRdRQV/9WCItF+IPEIEOFwH4Xi0X0i034jX3UK/iKFAcw
EEBJdfeLRfgpRRABRfSDfRAAD49n////X1vJw1WL7ItFHFNWi3UIi14MV/9wCOjLff//WYPAB2oI
mVn3+YN9EACL+H4NjUQbAovPK8g5TRB+F2gQBAAAaNztRgBoTO5GAOi+WAIAg8QMOX0YdBdoEwQA
AGjc7UYAaEDuRgDoolgCAIPEDIt9FINlCACF28YHAH4U6Mrp//+LTQj/RQg5XQiIRA8BfOyNRDsB
UIlFCP8WUP9WCItNGI0EGyvISVGNRDgBagBQ6JFhAgD/dRCLTRj/dQyLxytFEAPBUMZA/wHoF1wC
AItFGCvDSFCNTwGJRRCLRQhTUeht/v//U/91EI1HAf91COhe/v//i10YU1fo5Hv//4vwi0Ucg8RA
/3AI/3AMVuiwiP//g8QMiUUY6w9LU/91GOgaff//WYgHWUeF23XtVuglb////3UY6B1v//9ZWV9e
W13DVYvsg+wMU1ZXaiRqAeiK8f3/iUX4jUX8UI1d9I19DI11COgBsf//g8QMg338AHRVg330B3VP
agdowGRGAP91/Oi+egIAg8QMhcB1Oejv8v//i134iUMM6OTy//8zyTlLDIlDCIlLEIlLHIlLGIlL
FIlLIHQIO8F0BIvD6xNT6Ory///rCP91+OjZ8f3/WTPAX15bycNVi+yLRRBTVlf/dQyJRRD/dQjo
VP///419FI11EIvY6Ify//+JQxDof/L//4lDFOh38v//iUMY6G/y//9TiUMc6FTw//+DxAyFwHUL
U+iG8v//WTPA6wKLw19eW13DVv90JAz/dCQM6P/+//+L8IX2WVl1BYPI/17DV/92COiOe///Vov4
6E7y//9ZWYvHX17D6dX+//+LRCQExwBn5glqx0AEha5nu8dACHLzbjzHQAw69U+lx0AQf1IOUcdA
FIxoBZvHQBir2YMfx0AcGc3gW8NVi+yB7GQBAABTVot1DFdqEFmNvZz+///zpY2F1P7//8dF8DAA
AACLSMyLEIvxi/nB5w7B7hIL94v5i9nB5xnB6wcL+zP3wekDM/GLysHpEYv6wecPC8+L+ovawe8T
weMNC/szz8HqCjPKA/EDcMiDwAQDcOj/TfCJcAR1qotNCIsBi3EQiUX8i0EEiUXoi0EIiUXki0EM
iUXgi0EUiUX0i0EYiUX4i0EciUUIiXXwM8DrA4t18IvWweIVi/7B7wsL14v+wecai97B6wYL+zPX
i/7B7xmL3sHjBwv7M9eLXfQj3ov+i3X899cjffgz+wPXi33oM/6JfeyLfegj/gOQeO5GAIl93AOU
BZz+//+L/gNVCMHnEwFV4IvewesNC/uL3sHrFsHmCgvei3X8M/uLXfzB6wLB5h4L8zP+i3XsI3Xk
A/ozddwD94l1CIt14IvWweIVi/7B7wsL14v+wecai97B6wYL+zPXi/7B7xmL3sHjBwv7i13wM9eL
/vfXI330I94z+wPXi3UIA5B87kYAi/4DlAWg/v//i94DVfjB5xMBVeTB6w0L+4veweYKwesWC96L
dQgz+4tdCMHmHsHrAgvzM/6LdewjdQgD+jN13AP3i33kiXX4i9eL98HuC4vfweIVC9aL98HmGsHr
BgvzM9aL94vfwe4Z99cjffDB4wcL8zPWi3XgI3XkM/4D1wOQgO5GAAOUBaT+//8DVfQBVeiJVeyL
VfiL8sHmE4v6we8NC/eL+sHvFovaweMKC/sz94v6wecei9rB6wIL+zP3i/ozffwjVfwjfQgz+gN1
7AP3i33oi9eL38HrC8HiFQvTi9/B7wbB4xoL3zPTi33oi13owe8ZweMHC/sz14t96Itd5CNd6PfX
I33giXX0M/sD1wOQhO5GAIv+A5QFqP7//8HvDQNV8IveAVX8iVXsweMKi9bB4hML14v+we8WC/sz
14v+wecei97B6wIL+4td+DPXi334A1XsM/4jfQgj3jP7A/qL94t9/IvXi9/B6wvB4hUL04vfwe8G
weMaC9+Lffwz04td/MHvGcHjBwv7i13oI138M9eLffz31yN95Il18DP7A9cDkIjuRgCL/gOUBaz+
///B7w0DVeCL3gFVCIlV7MHjCovWweITC9eL/sHvFgv7M9eL/sHnHovewesCC/sz1wNV7It99Itd
9DP+I334I94z+wP6i/eLfQiL14vfweIVwesLC9OL38HvBsHjGgvfi30IM9OLXQjB7xnB4wcL+4td
CCNd/DPXi30I99cjfeiJdeAz+wPXA5CM7kYAi/4DlAWw/v//we8NA1Xki94BVfiJVeyL1sHiEwvX
weMKi/7B7xYL+zPXi/7B5x6L3sHrAgv7M9eLffAz/iN99ANV7Itd8CPeM/sD+ov3i334i9eL38Hr
C8HiFQvTi9/B7wbB4xoL3zPTi334i134we8ZweMHC/sz14t9+ItdCCNd+PfXI338iXXkM/sD1wOQ
kO5GAIv+A5QFtP7//8HvDQNV6IveAVX0iVXsweMKi9bB4hML14v+we8WC/sz14v+wecei97B6wIL
+4td4DPXi33gA1XsM/4jffAj3jP7A/qL94t99IvXi9/B6wvB4hUL04vfwe8GweMaC9+LffQz04td
9MHvGcHjBwv7iXXoM9eLffSLXfgjXfT31yN9CIPAIDP7A9cDkHTuRgCL/gOUBZj+///B7w0DVfyL
3gFV8IlV7IvWweITC9fB4wqL/sHvFgv7M9eL/sHnHovewesCC/uLXeQz14t95ANV7DP+I33gI94z
+wPXPQABAACJVfwPjF77//+LAQPCi1XkiQGLQQQDxolBBItBCAPCi1XgiUEIi0EMA8KLVfCJQQyL
QRADwotV9IlBEItBFAPCi1X4iUEUi0EYA8KLVQiJQRiLQRxfA8JeiUEcW8nDi0wkBFHoEPr//zPA
g8QEiUFgiUFoiUFkw1WL7IPsRItNDFaLdQhXi30QAX5oOX5oiU38G8D32AFGZItGYIXAD4SRAAAA
jRQ4g/pAD42FAAAAV1GNRDAgUOg1VAIAg8QMAX5g6YgAAACLRmBqQFkryFH/dfyNRDAgUOgUVAIA
i0Zgg8QMakBZK8gBTfyDZQwAjXwHwI1GIQ+2UAEzyYpo/4oIg8AEweEIC8oPtlD+weEIC8qLVQz/
RQyDfQwQiUyVvHzUjUW8UFboifn//4NmYACLRmBZWQPHg/hAfYtX/3X8jUYgUOioUwIAg8QMiX5g
X17Jw1WL7IPsQFaLdQiLRmBXajhfO8d8A2p4Xyv4i0ZoU4teZIvIweADV4lFCI1FwMHpHWoAweMD
UAvZ6MFYAgBXjUXAUFbGRcCA6Nn+//+Lw8HoGIhFwIvDwegQiEXBi8PB6AiIRcKLRQiLyMHpGIhN
xIvIwekQiE3Fi8iIRcdqCI1FwFDB6QhWiF3DiE3G6JT+//+LVQyDxCSL+moIjUYCK/5ejUoDW4pQ
AYhR/YoQiFH+ilD/iBQHilD+iBGDwASDwQROdeFfXsnDamxqAejG6P3/i9BS6DP+//+DxAyLwsPp
Qf7///90JAj/dCQI6A////9qbP90JBDo5d0BAP90JBToXOn9/4PEFMNqbGoD6IXo/f9ZWcNoRAEA
AP90JAjovt0BAFlZ6Tfp/f9Vi+yD7EBWV2pAX1eNRcBqNlDovVcCAIPEDDPJhdt+Got1DI1FwCvw
O899Do1EDcCKFAYwEEE7y3zu/3UI6KD9//9XjUXAUP91COis/f//V41FwGpcUOh5VwIAg8QcM8mF
234ai3UMjUXAK/A7z30OjUQNwIoUBjAQQTvLfO6LVQiDwmxS6Fj9//9XjUXAUFLoZv3//41FwFdQ
6BjdAQCDxBhfXsnDU/90JAz/dCQMaiBb6En///9ZWVvDVot0JAhXahtZjb7YAAAA86VfXsP/dCQM
i0QkCP90JAwF2AAAAFDoFf3//4PEDMNVi+yB7IwAAABTi10IVldqG1mNReBQjYV0////jbPYAAAA
jb10////UPOl6Lz9//9qG1lqII1F4FCNhXT///+Nc2yNvXT///9Q86Xowfz///91DI2FdP///1Do
jf3//4PEHF9eW8nDVYvsUYvIwekYiE38VovIwekQV4hN/YvIwekIahuITf5ZiEX/agSNRfxQjbvY
AAAAi/NT86XoRP////91DP91CFPoOP////91EFPoSv///4PEIF9eycOLRCQIi0wkDFOLXCQIjRQI
UlFQi0QkIOiO////g8QMW8NVi+yD7CCNReBQ/3UI6BD///9qIP91DI1F4FDoOOn9/4PEFMnDVYvs
g+wgU4tdCFaLdRBXi30MjUXgUItFFFZX6ET///9qIAP+jUXgV1DoBen9/4PEGF9eW8nDVYvsgezw
AgAAi0UIU1ZXaiBZi/KNvRD9///zpY2NgP3//8dFnEAAAACLMYtRBIveweMNi/rB7xML+4l9vIve
wesTi/rB5w0L+4l9uIvewesdi/rB5wML+4l9tIveweMDi/rB7x0L+4l9sIt9tDF9vIt9uDN9sIve
weMaweoGC9MxVbyLUZjB7gYz/otxnIl9uIve0euL+sHnHwv7iX3Ei97B4x+L+tHvC/uJfcCL3sHr
CIv6wecYC/uJfbSL3ov6we8IweMYC/uJfbCLfbQxfcSLfcAzfbCL2sHuB8HjGQvei3XEweoHM/qL
Vbwz8wPWO9Yb9vfeA/cDdbiLedyNHBc73xvS99oDUdgD1otxlI08Hjv+G/b33gNxkIl5FAPyiXEQ
g8EI/02cD4X6/v//i3AYiwiLUAyLWBSLeByJdaCLcCCJddCLcCSJddSLcCiJdbCLcCyJTciLSASJ
dbSLcDCJTcyLSAiJdbiLcDSJTeCLSBCJdbyLcDiLQDyJTagjTeCJXZwhVZyJRcSJVeSJdcCJTZgz
wItV0IvKi3XUweoOwe4OweESC86LddTB5hIL1olV8ItV0It11MHiDsHuEgvWiVX8i1XQi3XUM038
weoSweYOC9YxVfCLVdCLddTB6gnB5hcL1ot11IlV/ItV0MHiFzNN/MHuCQvWMVXwi1XQi3XU99KJ
VfiLVbz31iPWiVXsi1W4I1X4iVXoi1W0I1XUi3XoiVX8i1WwI1XQiVX4i1X8MVXsM3X4i1XsA8o7
yhvS99oD1gNV8IuwLPBGAAPOO86JTfSLdfQbyffZA4go8EYAA8qLlAUU/f//A/I78hvS99oDlAUQ
/f//A9GLTcQD8TvxG8mJddz32QNNwAPKi1XIi/LB6hzB5gSJTdiLTczB6RwLzot1zMHmBAvWi3XI
iVXwi1XMweIewe4CC9aLdcyJVfyLVcgzTfzB4h7B7gIL1jFV8ItVyIt1zMHqB8HmGQvWi3XMiVX8
i1XIM038weIZwe4HC9YxVfCLVeQjVcyJVfyJVZSLVeAjVciJVZCJVfiL0yNVzIlV7ItVqCNVyIlV
6ItV7DFV/It1/DN1nItV+DNV6APxM1WYO/GJdewb9vfeA/KLVdwDdfCNDBc7z4lN9BvJ99kDTaAD
TdiLffSJTaCLTewDyjvKi1WgiU3EG8n32QNN2Il9pAPOi/fB7g7B5xLB4hIL1ot1oMHuDgv3i32k
iXXwi3WgweYOwe8SC/eLfaSJdfyLdaAzVfzB7hLB5w4L9zF18It1oIt9pMHuCcHnFwv3i32kiXX8
i3WgweYXM1X8we8JC/cxdfCLdaCLfaT31ol1+It1tPfXI/eLfaQjfdSJdeyLdbAjdfgxfeyJdeiL
daAjddCLfegz/ol1+It17APWO9Yb9vfeA/eLuDTwRgADdfAD1zvXiVX0G9L32gOQMPBGAAPWi7QF
HP3//4t99AP+O/4b9vfeA7QFGP3//wPyi1W8A/o7+hvS99oD1gNVuIl93It9xMHnBIlV2ItVxMHq
HIvxweYEC9aL8cHuHAv3iXXwi3XEweYei/nB7wIL94t9xIl1/DNV/MHvAovxweYeC/cxdfCLfcTB
5xmL8cHuBwv3i33EiXX8M1X8we8Hi/HB5hkL9zF18It1zCN1xIt95CN9xIl1/DF9/It9/DN9lIl1
mIt1yCPxiXWciXX4i3XgI/GJdeiLdfgzdegD+jN1kDv6iX3sG//33wP+A33wi3XcjRQzO9OJVfQb
0vfaA1WoA1XYi9qLVfSJVayLVewD1jvWi3WsiV2oiVW8G9LB7g732gNV2MHjEgvei3Wowe4OA9eL
fazB5xIL94t9rIl18It1qMHmDsHvEgv3i32siXX8i3WoM138we4SwecOC/cxdfCLdaiLfazB7gnB
5xcL94t9rIl1/It1qDNd/MHmF8HvCQv3MXXwi3Wsi32o99YjddT31yN90Il17It1pCN1rIl96Il1
/It1oCN1qIl1+It1/DF17Iv3i33sM3X4A9873xv/998D/gN98IuwPPBGAAPeO94b9vfeA7A48EYA
A/eLvAUk/f//A9873xv/998DvAUg/f//A/6LdbQD3jveG/b33gN1sIld3AP3i128weMEiXXYi3W8
we4ci/rB5wQL94v6we8cC/uJffCLfbzB5x6L2sHrAgv7i128iX38M3X8wesCi/rB5x4L+zF98Itd
vMHjGYv6we8HC/uLXbyJffwzdfzB6weL+sHnGQv7MX3wi33EI328i13MI128iX38MV38i138M12Y
iX2Qi/kj+ol9lIl9+It9yCP6iX3oi334M33oM32cA96JXew73hvbi3Xc99sD3wNd8It95AP+O33k
iX3kG/aLfez33gN14AN12Il14It13AP+O/4b9ol9tIt94MHnEvfeA3XYA/OLXeTB6w4L+4td5Il9
9It94MHvDsHjEgv7i13kiX3wi33gwecOwesSC/uLXeSJffyLfeDB7xLB4w4L+4td5Il9+It9/DF9
9It9+DF98It94MHvCcHjFwv7i13kiX38i33gwecXwesJC/uLXeSJffiLffwxffSLffgxffCLfeD3
14l9+It9pPfTI/uJfeyLfaAjffiJfeiLfawjfeSJffyLfagjfeCLXfSJffiLffwxfeyLffgxfeiL
fewD3zvfG//33wN96Ild3AN98Il92Iu4RPBGAAPfO98b//ffA7hA8EYAiV30A33YiX3wi7wFLP3/
/wPfO98b//ffA7wFKP3//4ld7AN98Il96Iv7i13UA/s7+4l93Bv/998DfeiL3gN90MHjBIl92It9
tMHvHAv7i120iX30weMEi/7B7xwL+4l98It9tMHnHovewesCC/uLXbSJffzB6wKL/sHnHgv7i120
iX34i338MX30i334MX3wi/7B7wfB4xkL+4l9/Iv+wecZi120wesHC/uJffiLffwxffSLffgxffCL
fbQjfbyL2Yl9/Il9mCPei/4j+ol9+Il9nIt9xCN9tIld6DF9/Iv7MX34i32QMX38i32UMX34i330
i138A9873xv/998DffiJXewDffCLXcyJfeiLfdwD+zv7iX30G/+LXez33wN9yAN92Il9yIt99Il9
zIt93APfO98b//ffA33YiV3UA33oi13MiX3Qi33IwecSwesOC/uLXcyJffSLfcjB7w7B4xIL+4td
zIl98It9yMHnDsHrEgv7iX38i33Iwe8Si13MweMOC/uJffiLffwxffSLffgxffCLfcjB7wmLXczB
4xcL+4l9/It9yMHnF4tdzMHrCQv7iX34i338MX30i334MX3wi33Ii13M99eJffiLfaz30yP7iX3s
i32oI334i130iX3oi33kI33MiX38i33gI33IiX34i338MX3si334MX3oi33sA9873xv/998DfeiJ
XdwDffCJfdiLuEzwRgAD3zvfG//33wO4SPBGAIld9AN92Il98Iu8BTT9//8D3zvfG//33wO8BTD9
//+JXewDffCJfeiLfaQD3zvfG//33wN9oIld3AN96Il92It91MHvHItd0MHjBAv7iX30i33Qwe8c
i13UweMEC/uJffCLfdSLXdDB5x7B6wIL+4l9/It90Itd1MHnHsHrAgv7iX34i338MX30i334MX3w
i33Qi13Uwe8HweMZC/uLXdSJffyLfdDB5xnB6wcL+4l9+It9/DF99It9+DF98It9tCN91Il9/Il9
kIv+I33QiX34iX2Ui328I33UiX3si/ojfdCJfeiLfewxffyLfegxffiLfZgxffyLfZwxffiLffSL
XfwD3zvfG//33wN9+Ild7AN98Itd3Il96It9xAPfO98b//ffA/kDfdiLTdyJXcSLXewD2TvZG8mJ
fcD32QNN2IldpANN6ItdxMHrDolNoIvPwe8OweESC8uLXcTB4xIL+4tdxIl98It9wMHnDsHrEgv7
i13EiX38i33AM038we8SweMOC/sxffCLfcCLXcTB7wnB4xcL+4tdxIl9/It9wMHnFzNN/MHrCQv7
MX3wi33Ai13E99eJffiLfeT30yP7iX3si33gI334iX3oi33MI33Ei13oiX38i33II33AiX34i338
MX3si33sM134A887zxv/998D+wN98IuYVPBGAAPLO8uJTfQbyffZA4hQ8EYAi130A8+LvAU8/f//
A9873xv/998DvAU4/f//A/mLTawD2TvZG8n32QNNqIld3APPi32ki12giU3YweMEi8/B6RwLy4lN
9ItNoMHpHIvfweMEC8uLXaCJTfDB6wKLz8HhHgvLiU38i02gweEei9/B6wILy4lN+ItN/DFN9ItN
+DFN8ItNoMHpB4vfweMZC8uJTfyLTaDB4RmL38HrBwvLiU34i038MU30i034MU3wi88jTdSL3yNd
tIlNmIlN/ItNoCNN0IlNnIlN+ItNoCPOMV38i138M12QiU3oi034M03oM02UiU34i030A9k72RvJ
99kDTfiJXewDTfCLXbyJTeiLTdwDyzvLi13siU30G8n32QNN2APKi1XcA9o72hvS99oDVdiJXawD
VeiJTbiLTfSJVaiLVbjB4hKL2cHrDgvTiVX0i1W4weoOi9nB4xIL04lV8ItVuMHiDovZwesSC9OJ
VfyLVbjB6hKL2cHjDgvTiVX4i1X8MVX0i1X4MVXwi1W4weoJi9nB4xcL04lV/ItVuMHiF4vZwesJ
C9OJVfiLVfwxVfSJTbyLVfgxVfCLVbiL2ffSiVX4i1XM99Mj04tdyCNd+IlV7ItVxCPRi03AI024
iVX8M9mLVewzVfyLTfQDyjvKG9L32gPTA1Xwi5hc8EYAA8s7y4lN9BvJi13099kDiFjwRgADyouU
BUT9//8D2jvaG9L32gOUBUD9//8D0YtN5APZO9kbyffZA03giV3ci12sA8qLVaiJTdjB4gSLy8Hp
HAvKiU30i02owekci9PB4gQLyotVqIlN8MHqAovLweEeC8qJTfyLTajB4R6L08HqAgvKiU34i038
MU30i034MU3wi02owekHi9PB4hkLyolN/ItNqMHhGYvTweoHC8qJTfiLTfwxTfSLTfgxTfCLzyPL
iU38iU2Qi02gI02oi9MjVdSJTfgxVfyLVfwzVZiJTZSLTagjTdCJTeiLTfgzTegzTZyJTfiLTfQD
0TvRG8n32QNN+IlV7ANN8ItVtIlN6ItN3APKO8qLVdyJTfQbyffZA03YA86LdewD8jvyG9L32gNV
2IlNsANV6ItN9IlV4ItVsIl15MHiEovxwe4OC9aJVfSLVbDB6g6L8cHmEgvWiVXwi1WwiU20weIO
i/HB7hIL1olV/ItVsMHqEovxweYOC9aJVfiLVfwxVfSLVfgxVfCLVbDB6gmL8cHmFwvWiVX8i1Ww
weIXi/HB7gkL1olV+ItV/DFV9ItV+DFV8ItVsIvxI02899KJVfiLVcSJTfyLTbAjTbj31iPWi3XA
I3X4iVXsM1X8M/GLTfQDyjvKG9L32gPWA1Xwi7Bk8EYAA847zolN9It19BvJ99kDiGDwRgADyouU
BUz9//8D8jvyG9L32gOUBUj9//8D0YtNzAPxO/EbyffZA03IiXXcA8qLVeCJTdiLTeTB6RyL8sHq
HMHmBAvOi3XkweYEC9aJVfCLVeTB4h6LdeDB7gIL1olV/ItV4It15DNN/MHiHsHuAgvWMVXwi1Xg
i3XkweoHweYZC9aLdeSJVfyLVeAzTfzB4hnB7gcL1jFV8IvTI1XkiVX8iVWci1WoI1XgiVWYiVX4
i9cjVeSJVeyLVaAjVeCJVeiLVewxVfyLdfwzdZCLVfgzVegD8TNVlDvxG8n32QPKi1XcA03wiXXs
i3XUA/I7ddSJddSLdewb0vfaA1XYA1XQiVXQi1XcA/I78hvS99oDVdiJdcwD0YPAQD2AAgAAiVXI
D4ws8P//i0UIi0gEA847zolIBBvJ99mLEAPKA03Ii3XkiQiLSAwDzjvOiUgMG8n32YtQCAPKA03g
i1AQiUgIi0gUA8s7y4lIFBvJ99kDygNNqItQGIlIEItIHAPPO8+JSBwbyYt11PfZA8oDTaCLUCCJ
SBiLSCQDzjvOi3W0iUgkG8n32QPKA03Qi1AoiUggi0gsA847zot1vIlILBvJ99kDygNNsItQMIlI
KItINAPOO86LdcSJSDQbyffZA8oDTbiLUDiJSDCLSDwDzolIPDvOG8n32QPKA03AX16JSDhbycOL
VCQEVle56O9GAGoIi8Iryl6LPAGJOIt8AQSJeASDwAhOde6DosAAAAAAM8CNusQAAACrq6urX17D
VY1sJJSB7IQAAACLRXhTVot1dFeLfXxqBIlFaIvPjYbEAAAAWgEIOQgbyffZg8AESnXyi4bAAAAA
hcC7gAAAAA+EvgAAAI0MODvLD42zAAAAV/91eI1EMEBQ6HE9AgCDxAwBvsAAAADptwAAAIuGwAAA
AIvLK8hR/3VojUQwQFDoSz0CAIuGwAAAAIvLK8gBTWiDxAyDZXgAjXwHgI1GQQ+2UAEzyYpo/4oI
g8AIweEIC8oPtlD6weEIC8qLVXiJTNXoD7ZQ/TPJimj7ikj8weEIC8oPtlD+weEIC8qLVXj/RXiD
fXgQiUzV7HyzVo1V6OiJ7P//g6bAAAAAAIuGwAAAAFkDxzvDD41f////V/91aI1GQFDotTwCAIPE
DIm+wAAAAF9eW4PFbMnDVY1sJJCB7JAAAABTVleLfXiLh8AAAABqcF47xnwFvvAAAABqBCvwWo2P
0AAAAIsZSoPpBIXSfgSLAesCM8DB6B3B4wMLw4XSiUSVYHXgVlKNReBQ6KtBAgBWjUXgUFfGReCA
6Gz+//+DxBgz9o1FbopQAYvOweECiFQN4IoQiFQN4YpQ/4hUDeKKUP5Gg+gEg/4EiFQN43zXahCN
ReBQV+gv/v//i018iX14g8QMM/YpTXiNQQKLDPeLVXiLVBACi9nB6xiIWP6L2cHrEIhIAYhY/4vZ
i8rB6RiISAKLysHpEIhIA8HrCIvKwekIiBiISASIUAVGg8AIg/4IfLhfXluDxXDJw1WL7IHsTAEA
AFNWi3UMV2oQWY29tP7//2pA86WNjbz+//9ai0EsM0EYM0H4MwGDwQSL8MHuHwPAC/BKiXE0deOL
RQiLCItQCItwDINlCACJTfyLSASJVfiLUBCJdfSLXfyL+ffXI/6Ldfgj8Qv+i3X8weMFwe4bC/MD
/ot1CAO8tbT+//+LdfiL2cHpAsHjHgvZi038/0UIjbwXmXmCWotV9GoUiX38Xzl9CIl19Ild+Hyr
iX0Ii338i138weMFwe8bC/uL3ot1+DPeM9kD+4tdCAO8nbT+//+L2cHpAsHjHgvZi038/0UIjbwX
oevZbotV9GooiX38Xzl9CIl19Ild+HyyiX0Ii334i138C/kj/ot1+CPxC/6LdfzB4wXB7hsL8wP+
i3UIA7y1tP7//4t1+IvZwekCweMeC9mLTfz/RQiNvBfcvBuPi1X0ajyJffxfOX0IiXX0iV34fKqJ
fQiLffyLXfzB7xvB4wUL+4vei3X4M94z2QP7i10IA7ydtP7//42cF9bBYsqLVfSL+cHpAsHnHgv5
/0UIg30IUItN/Il19Il9+Ild/Hy0izgD+4k4i3gEA/mLSAiJeASLffgDz4lICItIDAPOiUgMi0gQ
XwPKXolIEFvJw4tEJAQzyccAASNFZ8dABImrze/HQAj+3LqYx0AMdlQyEMdAEPDh0sOJSFSJSFyJ
SFjDVYvsg+xEi00MVot1CFeLfRABflw5flyJTfwbwPfYAUZYi0ZUhcAPhJEAAACNFDiD+kAPjYUA
AABXUY1EMBRQ6E45AgCDxAwBflTpiAAAAItGVGpAWSvIUf91/I1EMBRQ6C05AgCLRlSDxAxqQFkr
yAFN/INlDACNfAfAjUYVD7ZQATPJimj/igiDwATB4QgLyg+2UP7B4QgLyotVDP9FDIN9DBCJTJW8
fNSNRbxQVuhA/f//g2ZUAItGVFlZA8eD+EB9i1f/dfyNRhRQ6ME4AgCDxAyJflRfXsnDVYvsg+xA
Vot1CItGVFdqOF87x3wDanhfK/iLRlxTi15Yi8jB4ANXiUUIjUXAwekdagDB4wNQC9no2j0CAFeN
RcBQVsZFwIDo2f7//4vDwegYiEXAi8PB6BCIRcGLw8HoCIhFwotFCIvIwekYiE3Ei8jB6RCITcWL
yIhFx2oIjUXAUMHpCFaIXcOITcbolP7//4tVDIPEJIv6agWNRgIr/l6NSgNbilABiFH9ihCIUf6K
UP+IFAeKUP6IEYPABIPBBE514V9eycNVi+yD7GCNRaBQ6Bz+////dQyNRaD/dQhQ6D/+////dRCN
RaBQ6A7///+NRaBqYFDo/cIBAIPEIMnDamBqAeilzf3/i9BS6OD9//+DxAyLwsPpB/7///90JAj/
dCQI6NX+//9qYP90JBDoxMIBAP90JBToO879/4PEFMNqYGoD6GTN/f9ZWcNoIAEAAP90JAjoncIB
AFlZ6RbO/f9Vi+yD7EBWV2pAX1eNRcBqNlDonDwCAIPEDDPJhdt+Got1DI1FwCvwO899Do1EDcCK
FAYwEEE7y3zu/3UI6E39//9XjUXAUP91COhy/f//V41FwGpcUOhYPAIAg8QcM8mF234ai3UMjUXA
K/A7z30OjUQNwIoUBjAQQTvLfO6LVQiDwmBS6AX9//9XjUXAUFLoLP3//41FwFdQ6PfBAQCDxBhf
XsnDU/90JAz/dCQMahRb6En///9ZWVvDU/90JAz/dCQMahBb6DT///9ZWVvDVot0JAhXahhZjb7A
AAAA86VfXsP/dCQMi0QkCP90JAwFwAAAAFDoxvz//4PEDMNVi+yD7HRTi10IVldqGFmNRexQjUWM
jbPAAAAAjX2MUPOl6Hb9//9qGFlqFI1F7FCNRYyNc2CNfYxQ86Xogfz///91DI1FjFDoUP3//4PE
HF9eW8nDVYvsUYvIwekYiE38VovIwekQV4hN/YvIwekIahiITf5ZiEX/agSNRfxQjbvAAAAAi/NT
86XoVv////91DP91CFPoSv////91EFPoXP///4PEIF9eycOLRCQIi0wkDFOLXCQIjRQIUlFQi0Qk
IOiO////g8QMW8NVi+yD7BSNRexQ/3UI6CL///9qFP91DI1F7FDoFM79/4PEFMnDVYvsg+wUU4td
CFaLdRBXi30MjUXsUItFFFZX6ET///9qFAP+jUXsV1Do4c39/4PEGF9eW8nDVYvsg+wUjUXsUP91
COjH/v//agyNRexQ/3UM6A01AgCDxBTJw1WL7IPsFFOLXQhWi3UQV4t9DI1F7FCLRRRWV+jp/v//
agyNRexQA/5X6No0AgCDxBhfXlvJw1WL7IPsFI1F7FD/dQjobP7//2oM/3UMjUXsUOhezf3/g8QU
ycNVi+yD7BRTi10IVot1EFeLfQyNRexQi0UUVlfojv7//2oMA/6NRexXUOgrzf3/g8QYX15bycNV
jWwknIHs1AAAAFP/dWyLXXCNRZBQ6An9////dXiNRZD/dXRQ6Lv6//+NRVBQjUWQUOiJ+///ahSN
RVBQjUXwUOif+v///3V8jUXwUOhu+///g8QwW4PFZMnDVYvsuFxAAADo31YCAFeLfQiNRfxQagRq
AI2FpL///1D/cwyJvai////o9NMAAIPEFIXAdQeLx+mOAAAAVv9zDIt1/OgyzgAAiUX4K8aD+AFZ
fjiLRfgDxpkrwov40f9X/3MM6DvTAABZWYvPK038A00IOUgEdQSL9+sDiX34i0X4K8aD+AF/y4t9
CCt1/GoAjYWkv///UP9zDI10PgGJtai////ol9QAAIPEDIXAdBdocQEAAGjM9EYAaJT0RgDogC8C
AIPEDIvGXl/Jw4tEJASLTCQIi0AEi0kEO8h2BIPI/8MbwPfYw1aLdCQMV/82i3wkEP836MEuAgCF
wFlZdRaLfwSLdgQ7/n0Fg8j/6wczwDv+D5/AX17D6w+LRhCLCFCJThDotcn9/1mDfhAAdetW6KjJ
/f9Zw1NWM9tT/7c0QAAA6LHYAABZWesVUOiMyf3/U/+3NEAAAOib2AAAg8QMO8N15/+3NEAAAOjJ
zAAA/7c8QAAA6L7MAABT/7c4QAAA6HLYAACDxBDrFVDoTMn9/1P/tzhAAADoW9gAAIPEDDvDdef/
tzhAAADoicwAAFP/t0BAAADoPdgAAIPEDOsVi/DoUf///1P/t0BAAADoJdgAAFlZO8N15/+3QEAA
AOhUzAAA/7dEQAAA6EnMAABT/7dIQAAA6P3XAACDxBDrFVDo18j9/1P/t0hAAADo5tcAAIPEDDvD
def/t0hAAADoFMwAAI23TEAAAOsMiwaLCFCJDuilyP3/OR5Zde+LRwheO8NbdAeLCFD/UQRZV+iK
yP3/WcNWi3QkCP92BOjT+QEAagD/dgzojNcAAIPEDIXAdBlXi/jovP7//2oA/3YM6HPXAACFwFlZ
delf/3YM6KTLAACLRgiFwFl0C4sIUP9RBINmCABZ/3YY6C7I/f//dgToJsj9/1boIMj9/4PEDF7D
VYvsUYlF/GoAjUX8UItFCP+wNEAAAOhh0gAAg8QMycP/dCQE/7A0QAAA6DLXAABZWenlx/3/VYvs
VmooagHoDsf9/4vwi0UIg04Y/4kGi0UMiUYEi0UQiUYIi0UUiUYQi0UYiUYMM8CJRhSJRhyJRiCJ
RiRW/7c4QAAA6CDQAACDxBA7xnQJVuiOx/3/Westg34QA3QrVv+3PEAAAOj+zwAAO8ZZWXQZVv+3
OEAAAOit1gAAVuhhx/3/g8QMM8DrAovGXl3DVYvsg+woiUXgagCNRdhQi0UI/7A8QAAA6JnRAACD
xAzJw1f/tjhAAADobdYAAFf/tjxAAADoYdYAAItHFIPEEIXAdA5Qi0YM/3AU6BJP/v9ZWf93HOj7
xv3/V+j1xv3/WVnDVmoYagHoHsb9/4vwi0QkEINmFACDZhAAiQaLRCQUiUYEx0YIAQAAAFb/t0BA
AADoQ88AAIPEEDvGVnQI6LHG/f9Z6yb/t0RAAADoKM8AADvGWVl0GVb/t0BAAADo19UAAFboi8b9
/4PEDDPAXsOLxl7DVYvsg+wYiUXsagCNRehQi0UI/7BEQAAA6MTQAACDxAzJw1b/dCQIi/D/tkBA
AADoktUAAP90JBD/tkRAAADog9UAAIt0JBiDxBDobPz//17DVmoMagHoW8X9//90JBSL8OiOyf3/
g2YIAIkGi0QkHIlGBItEJBRW/7BIQAAA6ILOAACDxBQ7xnQLVujwxf3/WTPAXsOLxl7DVYvsg+wM
Vv91DOhMyf3/iUX0i0UQiUX4agCNRfRQi0UI/7BIQAAA6BzQAAD/dfSL8Oixxf3/g8QUi8ZeycP/
dCQE/7BIQAAA6ODUAABZWemTxf3/VYvsg+wYU1aL8YN+CACL2A+EKQEAAIN9CF4PhdkAAAAPtksG
M8CKYwSKQwXB4AgLwQ+2SwfB4AgLwVDodcL9/4PDCIXAWYlF/Ild+HwKi00Mg8H4O8F+CYtFDIPA
+IlF/ItfDDld/H8Di138jUMJi8jB+RiITeiLyMH4CIhF6sH5EIrDBAmIReuLB4hN6YvIwekYiE3t
i8jB6AiIRe+KB4hF8IvDwfgYiEXxi8PB+BCIRfKLw8H4CMHpEIhF84tGCGoNjVXoUsZF7F6ITe6I
XfSLCFD/UQiLRgiLCFP/dfhQ/1EIKV38AV34g8QYg338AA+Pav///+tGi00MjUEBi9DB+hiIVeyL
0MH4CMH6EIhF7opFCIhV7f7BiEXwi0YIagWNVexSiE3viwhQ/1EI/3UMi3YIiwZTVv9QCIPEGF5b
ycNVi+yB7AgBAABTVot1CFdqAP+2NEAAAOj4zAAAhcBZWYlF/A+EUwEAALv080YAvxz0RgDrA4tF
/IsIigCL0cHqGIiV+P7//4vRweoQwekIU4iV+f7//4iN+v7//4iF+/7//8aF/P7//wDGhf3+//8A
xoX+/v//AMaF//7//wLo+iUCAMHoGFOIhQD////o6yUCAMHoEFOIhQH////o3CUCAMHoCFOIhQL/
///ozSUCAFOIhQP////owSUCAFCNhQT///9TUOjDLAIAU+itJQIAi/BXg8YM6KIlAgDB6BhXiIQ1
+P7//+iSJQIAwegQV4iENfn+///ogiUCAMHoCFeIhDX6/v//6HIlAgCIhDX7/v//V4PGBOhiJQIA
UI2ENfj+//9XUOhjLAIAg8REV+hKJQIAA/DHBCTc9EYAVot1CI2F+P7//1CLRgxqXP92BP9wFOgs
AP///3X8i8bo9Pr//2oA/7Y0QAAA6KbLAACDxCSFwIlF/A+Fuf7//zPb6YIAAACLRxCD+AF0eYP4
A3R0i0cIi8jB6RiIjfj+//+LyMHoCIiF+v7//4pHCGjc9EYAiIX7/v//agSNhfj+//9Qi0YMamH/
dgTB6RCIjfn+////cBToqv/+/4PEGIN/EAJ0CcdHEAEAAADrGf93BItGDP9wFOgknf7/WVnoHfv/
/4t1CEtDU/+2OEAAAOgDywAAi/iF/1lZD4Vm////IUX8UP+2SEAAAOjoygAAi/iF/1lZD4RLAQAA
uyD0RgCDfwgAD4QfAQAAagH/N+gtJAIAWQUAAQAAUOgqwf3/U4vw6BkkAgDB6BhTiAboDiQCAMHo
EFOIRgHoAiQCAMHoCFOIRgLo9iMCAFOIRgPo7SMCAFCNRgRTUOjyKgIAU+jcIwIAg8AExgQwAP83
QIlF+OjKIwIAi034wegYiAQx/zfouiMCAItN+MHoEIhEMQH/N+ipIwIAi034wegIiEQxAv836Jgj
AgCLTfiDRfgEiEQxA/836IYjAgCDxEBQ/zeLRfgDxlDohSoCAP836G4jAgCKVweLTfgDyI0EMYgQ
ilcGiFABi1cEwfoIiFACilcEiFADaNz0RgCDwQSLRQhRVmpQ/3AEi0AM/3AU6DX+/v9W6PzA/f+L
RQhX6Er7//+LdQiDxDD/Tfz/Rfz/dfz/tkhAAADonckAAIv4hf9ZWQ+Fuv7///+2NEAAAOhdxAAA
hcBZdUT/tjhAAADoTcQAAIXAWXU0/7ZIQAAA6D3EAACFwFl1JItGDFb/cAzo188AAP92BItGDP9w
FOhKkv7/g8QQi/7o0/b//19eW8nDi0YIiwhQ/1EEg2YIAFboEfz//1lZw1NVVlf/dCQY6H4iAgCL
2I2DAAEAAGoBUOh3v/3/i/AywIgGiEYBiEYCxkYDAovDwfgYiEYEi8PB+BCIRgWLw8H4CFP/dCQo
iEYGjUYIUIheB+hFKQIAvzj0RgCNawhXjRwu6CQiAgDB6BhXiAPoGSICAMHoEFeIQwHoDSICAMHo
CFeIQwLoASICAFeIQwODxQTo9SECAFCNBC5XUOj6KAIAV+jkIQIAA+iLxot0JFBVagEz/4vO6BD6
//+DxEToJ////19eXVvDg3wkCABWi3QkCHQa/3QkDItGDGgUOUYA/3YE/3AU6MhG/v+DxBDo9/7/
/zPAQF7DVleL+DPAg/8Ei/F8VYomD7ZOAopGAcHgCAvBD7ZOA8HgCAvBUOhevP3/hcBZfDGDx/w7
x38qhdt0BY1IBIkLi3wkDIX/dBSDxgRWUGjs1kUA6LHE/f+DxAyJBzPAQOsCM8BfXsNVi+xRU41F
/FCLRQgz2+iI////99hZG8AjRfxbycNVi+xRU2oAjV386G7///+FwFlbdAWLRfzJw4PI/8nDVot0
JBCNRhBqAVDo6r39/1lZjUgQiUgIi0wkDIlIBItMJAiJcAyLURSF0l50BIkC6wOJQRCDIACJQRTD
VYvsUYNl/ABTi10IVot1DIN+EAAPhJAAAABXi34QiweJRhCLTwSD+WJ1YYtHDIP4BH5Zi08I6Gr/
//+FwH5ZO0cMfVSLTwiAPAgAdEuLRgSLyMHpGIhNDIvIwegIiEUOikYEaAD1RgCIRQ9qBI1FDFCL
QwxqZP9zBMHpEIhNDf9wFOg0+/7/g8QY6wyD+WF1B8dF/AEAAABX6Oq9/f+DfhAAWQ+Fcv///1+D
ZhQAg338AHQY/zaLQwz/cBTolJj+/1aLw+hh9///g8QMXlvJw1WL7FFRVot1DIN+EAB0WVNXi30Q
i14QiwOJRhCDewwEfCSKTwOLQwiICItDCIpPAohIAYsHi0sIwegIiEECi0MIig+ISAP/cwyLQwj/
cwSLTQjozvf//1PoW739/4PEDIN+EAB1rl9bi0YEi8jB6RiITfiLyMHoCIhF+opGBIhF+4tFFMHp
EIhN+YvIKkYMK04MaCT1RgCIRf+L0WoIweoYjUX4UItFCIhV/IvRal3/cASLQAzB6hDB6QiIVf2I
Tf7/cBToIvr+/4PEGF7Jw1WL7FaLdQyLRgSLyMHpGIhNDIvIV4t9CMHoCIhFDopGBGgA9UYAiEUP
agSNRQxQi0cMamH/dwTB6RCITQ3/cBTo1/n+/4NmCABWV+gR/v//g8QgX15dw1WL7FFRU1ZX/3UU
i30I/3UQ6Ir1//+LdQyJRfiNRfxQ/3Uo/3Uk/3Yg/3Yc/3YY/3U0/3Uw/3Us6NYYAgCLXTyJRQyL
RfyNRBgIUGpe/3X46Hn9//+L+ItF/ItPCAPDwfgYiEEEi0X8i08IA8PB+BCIQQWLRfyLTwgDw8H4
CIhBBotPCIrDAkX8iEEH/3X8i0cI/3UMg8AIUOgxJQIAi0cIi038g8REU/91OI1EAQhQ6BolAgD/
dQzo1bv9/4tN/ItFIP91JAPIi0X4iUgM6OwdAgCDwBtqAVCJRQzo57r9/4vYxgMAxkMBAMZDAgDG
QwMDagONQwRoaOVFAFDozSQCAItFFIvIwekYiEsHi8jB6RCISwiLyMHpCIhLCYt9JIhDCotFGIvI
wekYiEsLi8jB6RCISwyLyMHpCIhLDYhDDotFHIvIwekYiEsPi8jB6RCISxCLyMHpCFeISxGIQxLo
Wh0CAMHoGFeIQxPoTh0CAMHoEFeIQxToQh0CAMHoCFeIQxXoNh0CAFeIQxboLR0CAFCNQxdXUOgy
JAIAi0Uog8RIwfgYV4lFFOgQHQIAi00UiEwYF4tFKMH4EFeJRRTo+hwCAItNFIhMGBiLRSjB+AhX
iUUU6OQcAgCLTRRXiEwYGejXHAIAik0o/3UMiEwYGotNCGpaM/+Lw+j/9P//U+iMuv3/g8QcOX4k
dCn/dhSLRQiLQAz/cBTogEL+//92HIl+FOhouv3/g8QMg04Y/4l+IIl+JF9eW8nDVYvsg+wsU1ZX
i30Mg/9RD4yzAgAAg/9SD441AgAAg/9aD4SjAQAAD46bAgAAg/9kD4+SAgAAg30UBH0XaMwEAABo
zPRGAGig9UYA6GsfAgCDxAyLdRAPtk4CM8CKJotdCGoAikYBweAIC8EPtk4DweAIC8GJRfyJRdiN
RdRQ/7M4QAAA6C7EAACL+IPEDIX/D4TfAAAAikcD/3UUiAaKRwL/dQyIRgGLB8HoCIhGAooHiEYD
i8aLy+gG9P//g30MW1lZdVmDfxADD4UQAgAAg30UCA+MBgIAAA+2TgYzwIpmBFeKRgXB4AgLwQ+2
TgeDZxAAweAIC8GJRwj/szxAAADo1cEAAFlZg3sIAA+FzQEAAFPo7vT//1npwQEAAIN9DFx1HP93
BItDDP9wFOjxk/7/WVmL8+jo8f//6Z8BAACDfQxhD4WVAQAAg38QAXUZ/3cEi0MM/3AU6MWT/v9Z
WYvz6Lzx///rn8dHEAIAAADpagEAAItF/IlF5GoAjUXkUP+zQEAAAOgrwwAAi/iDxAyF/w+ERgEA
AP91FP91DFfo7fn///91FFb/cAjo4iECAIPEGIN/CAAPhSEBAABXU+gJ+v//6YMAAACLXRCLRRSL
y+ic+f//i/CF9n0XaLYEAABozPRGAGiU9UYA6ModAgCDxAwzyY0EHoooD7ZQAmoEagGKSAEPtkAD
weEIC8rB4QgLyIv56HG3/f+L8ItFCIk+Vv+wNEAAAOitwAAAg8QQO8Z0B1boG7j9/1n/dRSLTQhq
WjP/i8PodvL//1npxf7//4tdCIuzTEAAAItGBIXAdRGD/1J0FotGDMdACAEAAADrFYP4AXUQg/9R
dQv/dgyLw+gl8v//WYN+CAB0Ev91FItFEFcz/4vL6CTy//9ZWYsGVomDTEAAAOint/3/M8A5g0xA
AABZdQaJg1BAAAA5QwjpRP7//2gIBQAAaMz0RgBoXPVGAOjfHAIAg8QMX15bycNVi+yD7CBWi/CL
RQiD+FpXi30MD4/gAwAAD4QbAwAAi8hJD4QGAwAASQ+E6wMAAElJD4TjAwAAg+lMD4XIBwAAV4vO
6Cn4//+FwFmJRfx1CmjI90YA6S0IAABofIBGAP91/OjoGwIAhcBZWQ+FUAEAAP91/Oj5tv3/WYvH
i87oDPj//4XAiUUIfMY7x33CjTwwD7YPiU34i00MK8iNQf+NTwGJRfDo5ff//4tNCI1ECAGFwIlF
CHyYi0UMg8D8OUUIf43/dfCNTwHoo/f//4XAWYlF/HUXaE0FAABozPRGAGi490YA6O0bAgCDxAyL
RQgzyQPGiigPtlACU4pIAQ+2QAPB4QgLysHhCAvIi0MMUf91/IlNCP9wFOiUOP7/g8QQhcB1HjlF
+A+EiwAAAFBqUjP/uG/XRQCLy+ig8P//WVnrdg+2B/fYG8D30CWY90YAUP91DMYHAYtDDFZqUP9z
BP9wFOg88/7//3UI/3X8U+jO7///i/CLQwxT/3AU6Oc4/v+DxCyF9nQvahBqAegVtf3/gyAAWVmL
i1BAAACFyXQEiQHrBomDTEAAAItN+INgBACJcAyJSAj/dfzpJAEAAGiEgUYA/3X86IEaAgCFwFlZ
/3X8D4UVAQAA6JK1/f9Zi8eLzuil9v//hcCJRQgPjFv+//87xw+NU/7//408MA+2D4lN9ItNDCvI
jUH/jU8BiUXw6Hb2//+LTQiNRAgBhcCJRQgPjCX+//+LRQyDwPw5RQgPjxb+////dfCNTwHoLPb/
/4XAWYlF+HUXaJYFAABozPRGAGi490YA6HYaAgCDxAyLRQgDxg+2UAIzyYooikgBD7ZAA8HhCAvK
weEIC8FQ/3X4U+j/7v//g8QMhcB1GjlF9HRKUGpSM/+4b9dFAIvL6Dbv//9ZWes1D7YH99gbwPfQ
JZj3RgBQ/3UMxgcBi0MMVmpQ/3ME/3AU6NLx/v+LQwxT/3AU6Is3/v+DxCD/dfjoiLT9/1npCAcA
AOh9tP3/WYvHi87okPX//4XAD4xJ/f//O8cPjUH9//+APDAAD4TfBgAAagBqUrhv10UAM/+Ly+i0
7v//Weu8i/PoyfP//+m+BgAAi8eLzuhM9f//hcAPjKQAAACDx/Q7xw+PmQAAAI08MA+2TwIzwIon
U4l98IpHAcHgCAvBD7ZPA8HgCAvBiUX4i0MM/3AU6HtL/v8PtlcKM8mKbwiJRQiKTwnB4QgLyg+2
VwvB4QgLylFqA2oAUP91+Iv76Nzr//+LTQiLRfCL0cHqGIgQagD/dQyL0cHqEIhQAYvRVsHqCIhQ
AohIA4tDDGpa/3ME/3AU6L7w/v+DxDTpCQYAAGh490YA6Y4EAACD+FsPhHsEAACD+FwPhAoEAAAP
jvcDAACD+GQPj+4DAACD+GIPhWIDAACNR/xQjU4E6EL0//+FwFmJRfwPhEoDAABoQHBGAFDoCRgC
AIXAWVkPhYYAAACLQwz/cBToGTf+/4XAWXV2iiYPtk4C/3X8ikYBweAIC8EPtk4DweAIC8GL8Ojx
sv3/U4vG6JTr//+FwFlZdCWKSAOITQiKSAKITQmLCMHpCIhNCooAagSIRQtqZI1FCOlu/v//VmhA
90YA6FS4/f+L8FZT6Ezy//9W6KSy/f+DxBTpIgUAAGjsb0YA/3X86GwXAgCFwFlZ/3X8D4WPAgAA
iiYPtk4CikYBweAIC8EPtk4DweAIC8GJRQjoY7L9/4tFCFPoBev//4XAWVmJRfh1Cv91CGgM90YA
64+D/xF9Cmjk9kYA6U0DAACLfQwzwDhGD41OEQ+VwIlF5DPAOEYQD5XAg8fvV4lF8OgS8///UIlF
/OjzDQIA/3X8iUX06P+x/f+Lx41OEegS8///i/iLRQyDxxErx40MN1CJReyJTejo2/L//4tN6IlF
/ItF7IPEEOjo8v//A/iNRwQ5RQx9Gmjk9kYA6Fi3/f//dfyL8Oitsf3/WekBBAAAA/cPtkYBiiYP
tk4CweAIC8EPtk4Di3X4weAIC8GDffQAiUXgfTWLBovIwekYiE0Ii8jB6AiIRQqKBsHpEIhNCYhF
C2oEamQz/41FCIvL6MHr////dfzpygMAAIt99I1GIFD/dfyJfhjoTA0CAP91/IlGHOgvsf3/i0MM
VlNX/3AU6Ao5/v+LTfCJRhSJTiT/cAzoPRMCAIlF/ItGFP9wEOgvEwIAi038iUXoA8GJReyDwB1q
AVCJRQzoH7D9/4v4i0UIi8jB6RiID4vIwekQiE8Bi8hqB4hHA41HCMHpCGjsb0YAUIhPAsZHBADG
RwUAxkcGAMZHBwfo5xkCAIpF5IhHD4pF8IhHEItF/IvIwfkYiE8Ri8jB+RCITxKLyFDB+QiIRxSI
TxOLRhT/cAyNRxVQ6K0ZAgCLTeiLRfyL0YPERAPHwfoYiFAVi9HB+hCIUBaL0cH6CIhQF4hIGFGL
ThT/cRCDwBlQ6HcZAgCLTeCLRewDx4vRwfoYiFAZagD/dQyL0cH6EIhQGovRV8H6CIhQG4hIHItD
DGpi/3ME/3AU6DTt/v9X6Puv/f+DxCjpeQIAAOjur/3/WYtDDGoAV1b/dQj/cwT/cBToC+3+/4PE
GIN9CGEPhVECAACD/wQPjEgCAAAPtk4CM8CKJlOKRgHB4AgLwQ+2TgPB4AgLwehO6P//i/iF/1kP
hB4CAACDfxACdRz/dwSLQwz/cBToUYr+/1lZi/PoSOj//+n8AQAAx0cQAQAAAOnwAQAA/3UIaMj2
RgDprwEAAIP/BH0HaKD2RgDrZg+2TgIzwIomU4pGAcHgCAvBD7ZOA8HgCAvBiUXw6BTn//+FwFmJ
RQh0C2oAV1ZqXOn/AAAAi0XwU+iT6P//hcBZdAxQU+ge8v//6bv6////dfBoaPZGAOlHAQAAg/8Q
fQ9oPPZGAOiHtP3/6TkBAAAPtk4GM8CKZgSDZfwAU4pGBcHgCAvBD7ZOB8HgCAvBD7ZOAolF+DPA
iiaKRgHB4AgLwQ+2TgPB4AgLwYv46ITm//+FwFmJRQhTdA+LQwz/cBToGEb+/1lZ6xWLx+gA6P//
hcBZiUX8D4TAAAAAiwCLyMHpGIhOBIvIwekQiE4Fi8jB6QiITgYzyYhGB4puDA+2Vg6KTg3B4QgL
yg+2Vg/B4QgLylFqAFdQ/3X4i/voSeb//4PEFIN9CAB0KGoA/3UMVmpb/3MEi0MM/3AU6ELr/v//
dQiLw+gK5v//g8Qc6YMAAACDffwAdH0PtlYKM8mKbgiKTgnB4QgLyg+2VgvB4QgLyoH5AAEAAFFz
B2j49UYA6x9Q/3X8U+gL8P///3X8i8PoW+f//+kQ+///V2i49UYA6Eqz/f9Zi/CF9ll1F2jVBgAA
aMz0RgBorPVGAOjyEgIAg8QMVlPoJe3//1bofa39/4PEDF9eycNVi+xTi10Ii0MQVjP2K8ZXvxBA
AAC6+AYAAHQbK8J0HYPoJA+EuAAAAIPoDQ+EEAEAAOmfAQAAibMwQAAAg30UAHQoi0UQ/00Uigj/
RRCA+Qp0II2DMEAAAIswO/cPg1cBAACITB4g/wDr0olTEOlnAQAAg7swQAAALg+CMwEAAGoujXMg
aDz0RgBW6IM1AgCDxAyFwA+FGAEAAIuDMEAAAIXAfg6AfBgfDXUHSImDMEAAAItDDFb/szBAAABo
UPhGAP9zBP9wFOj+M/7/g8QUM/aJszBAAACDuzBAAAAEfSY5dRQPhJgAAACLRRCKAIuLMEAAAP9N
FP9FEIhEGSD/gzBAAADr0Q+2SyIzwIpjIIpDIcHgCAvBD7ZLI8HgCAvBg8AEUOhuqf3/g/gFWYlD
HHxhO8d3XYuDMEAAADtDHH0iOXUUdESLRRCKAIuLMEAAAP9NFP9FEIhEGSD/gzBAAADr04uDMEAA
AA+2SySD6AVQjUMlUeiJ9P//WVnpTv///8dDEBwHAADrT8dDECkHAADrRlBoOPhGAOh4sf3/i/BW
U+hw6///VujIq/3/g8QU6yNoCPhGAOsFaOj3RgDoU7H9/4vwVlPoS+v//1boo6v9/4PEEINjEABf
M8BeQFtdw4N8JAgAVot0JAh0Fv90JAxocPhGAGoA/3YU6Moy/v+DxBCLRgiLCFD/UQSDZggAWTPA
QF7Di0YMU1dqAGiAFkYA/3AYaIj4RgDo5q79/4v4i0YIixhX6GYNAgBQV/92CP9TCFfoK6v9/4PE
JF/HRhQBAAAAW8OLRCQE/3AM6K2uAABZw1NWi3QkEFdqAl9oLFtGAFbo+C4CAAPwgD4AWVl0AUZP
dehW6Fyu/f+LfCQUM9tT/3cMiUcY6JqzAACDxAzrLoN+FAB0F2h4BwAAaMz0RgBouPhGAOgcEAIA
g8QM6FD///9DU/93DOhpswAAWVmL8IX2dcxfXlvDU1ZXaFRAAABqAejAqf3/i1wkGIvwxwZs9EYA
iV4M/3MQ6JTf//8z/4PEDDvHiUYEdQ9qAeiB3///O8dZiUYEdCuLRgRAO8eJQxB1B8dDEAEAAABW
/3QkHP9UJByJRgiLCFD/URyDxAw7x3QPVugnqv3/M8BZQOnKAAAAi0YIiwhXUP9RGItGDFb/cAzo
jbIAAIPEEIl+FDl7GHQF6Jn+//9oKu5DAIl+GIm+MEAAAIl+EOjzrAAAiYY0QAAAxwQkYfNCAOjh
rAAAiYY4QAAAxwQkfyVBAOjPrAAAiYY8QAAAxwQkKu5DAOi9rAAAiYZAQAAAxwQkYfNCAOirrAAA
iYZEQAAAxwQkfPNCAOiZrAAAiYZIQAAAi0YIib5QQAAAib5MQAAAiwhQ/1Egi/hX/3YE/3MU6H4w
/v9X6Fmp/f+DxBgzwF9eW8NVi+yD7BhWi3UQaKUAAABW6OEN/f+FwFlZD4SxAQAAVzP/OT1UKUcA
dBhopgAAAFbowQ39/4XAWVnHRfQBAAAAdQOJffQ5PVApRwB0GGinAAAAVuieDf3/hcBZWcdF+AEA
AAB1A4l9+Dl99HUMOX34dQczwOlWAQAAU1boRN/9/4N9DBZZi/B1HTv3/3UIdAhWaPD4RgDrLWgU
OUYA6E+u/f9ZWesnO/f/dQz/dQh0EFZo5PhGAOg2rv3/g8QQ6w1o3PhGAOgnrv3/g8QMVovY6Huo
/f9qHGoB6Kin/f//dfiL8P919I1F6FCNRexQjUXwUI1F/FBW/3UUxwaA9EYA/3UQiX4IU4l9/Il9
6Il97Il98Ohc1wEA/3XoiUX0/3Xs/3XwUP91FOhfJP7/g8RI/3Xw6Bio/f//dezoEKj9//916OgI
qP3/i0X0g8QMK8d0S0h0MEh1dItFGIkwi0X8aGHzQgCJRgjo9KoAAIlGDItFFIlGFIl+GIleBMdG
EAEAAADrRotFGFaJOOjAp/3/U+i6p/3/i0X8WVnrMTl9/HQXaC4IAABozPRGAGjM+EYA6P8MAgCD
xAyLRRhWiTjojKf9/1Pohqf9/1lZM8BbX17Jww+2QQIPtlEBacANAQAAD7YJadIHAQAAackBAQAA
A8IDwZm59wcAAPf5i8LDi4gAgAMAVo0MSY0MSFdmi3kCg87/Zjv+dAwPv8+NDElmiTRI6xRmi0kE
ZjvOdAsPv8lmibRIBIADAIuIAIADAI0MSWaJVEgEi4gAgAMAjQxJZol0SAKNjFAEgAMAi5AAgAMA
Zos5jRRSZok8UIuQAIADAGaLuACAAwCNFFIPvxRQZok5XzvWXnQPjQxSZouQAIADAGaJVEgCi4gA
gAMAilQkBIiUCAAAAwCLiACAAwBBgeH/fwAAiYgAgAMAw1WL7IHsIAEAAItFCFNWizCDvviPAwAD
V34XaNAAAABoYP1GAGhE/UYA6MoLAgCDxAwz/zm++I8DAA+OlwAAAI2G8o8DAIlF+I1F7IlF/IuO
+I8DAIvBK8cDRRCD+AOLx3xVi10MM9Ir2Yld8DuG+I8DAH0Ji034D7YMEesHi03wD7YMAYtd/EKI
DANAg/oDfNuNTezoff7///917IvQi8bonf7//0f/Tfz/Rfg7vviPAwBZfJnrHzu++I8DAH0XjY7y
jwMAi9GKHAGIGkBCO4b4jwMAfPEpvviPAwAzyTlNEIlN5IlN6IlN7A+OoQIAAItdCDlNFA+E4AAA
AIN9EAMPjNYAAACJTfSLTQzoBf7//w+/hEYEgAMAg/j/iUXwD4TQAQAAi44AgAMAK8G/AIAAAAPH
mYvf9/uLx4lN+CvCi/gz0vffiX38hdJ9E4tN+IHh/38AAA+2jDEAAAMA6weLTQwPtgwKg338AIlN
4H0ai44AgAMAA88DyoHh/38AAA+2jDEAAAMA6wqLTfyLXQwPtgwZOU3gdQxC/0X4/0X8g/oDfKSL
TfRqA18713UXiYTN4P7//4m8zeT+//9Bg/kgiU30fRaLRfCNBEAPvwRGg/j/iUXwD4VJ////hckP
jg4BAABqA185fRAPjpQAAACDZfQAhckPjogAAACNleD+//+LwolN4IX/fRiLjgCAAwADz4Hh/38A
AA+2jDEAAAMA6weLTQwPtgwPiU3wiwiL3yvZeRqLngCAAwAr2QPfgeP/fwAAD7aMMwAAAwDrB4tN
DA+2DAs5TfB1EIsI/0X0iQqLSASJSgSDwgiDwAj/TeB1lItN9IXJdApHO30QD4xs////i0XohcCL
XQiJveT+//9+QY1IATv5fiX/dexT/1MIi4Xg/v//iUXki8eJReiLRQwPtgCJRexZM8BZQOtiUP91
5FP/UwyLReiDxAxIg2XoAOtHi4Xg/v//iUXki4Xk/v//iUXoi0UMD7YAiUXs6yeLXQiLfeiF/34Q
V/915FP/UwyDxAyNR//rw4tFDA+2AFBT/1MIWVkzwEAzyTvBfmaL+IN9EAN8G4tNDOjk+///i00M
D7YJi9BRi8boAPz//1nrOIO++I8DAAN8F2hYAQAAaGD9RgBoKP1GAOiWCAIAg8QMi00Mi4b4jwMA
igmIjDDyjwMA/4b4jwMA/0UM/00QT3WeM8k5TRAPj2L9//9fXlvJw1eL+ItGEAPDg/ggfhdoewEA
AGhg/UYAaHD9RgDoQQgCAIPEDItOENPnjQQZiUYQCX4Mg/gIX3w5i0YEO0YIfBWDwEBqAVD/NolG
COhCov3/g8QMiQaLTgSKVgyLBogUCP9GBMFuDAiDRhD4g34QCH3Hw1WL7ItFCFNWi3AEg34YAA+2
RQx1DYB9DI93Cw+2gCj5RgBqCOsND7aA+PhGAI1EAAFqCVvoVf///15bXcNVi+yLRQhWi3AEg34Y
AHQXaA0CAABoYP1GAGiY/UYA6I8HAgCDxAyLRRCFwA+OVQEAAFNX6wOLRRA9BAEAAH4Jx0UIAgEA
AOsSPQIBAAB/BYlFCOsGjUj9iU0IK0UIah2JRRCDz/9bi8Mrx4P4An0XaCYCAABoYP1GAGiM/UYA
6C8HAgCDxAyNBDuZK8KLVQjR+I0MQMHhAjuR/PlGAH0Ei9jrwzuRAPpGAH4Ei/jrt408QI08vfj5
RgBmiwdmPRcBD7/AfwwPtgRF+PZGAGoH6wkPtoCg+EYAaghb6HD+//9mi0cCZoXAdA4Pv9iLRQgr
RwToWf7//2oeg8//W4vDK8eD+AJ9F2hKAgAAaGD9RgBojP1GAOiYBgIAg8QMjQQ7mSvCi1UM0fiN
DEDB4QI7kVz7RgB9BIvY68M7kWD7RgB+BIv467eNPECNPL1Y+0YAD78HD7YExfj4RgBqBVvo7f3/
/2aLRwJmhcB0Dg+/2ItFDCtHBOjW/f//g30QAA+Psf7//19bXl3DU1VWM+1qEEVV6Oyf/f9o/I8D
AFWL8Ojfn/3/i9Az24PEEDvTdDtXiRaNSgK/AIAAAIPI/2aJQQJmiQFmiUH+g8EGT3XvjboEgAMA
ufsDAADzq2ariZoAgAMAiZr4jwMAX2ocVcdGCOgaQwDHRgwlG0MA6IOf/f9ZiVgQiVgMiWgUiVgY
WYlGBIvGXl1bw1aLdCQI/3YE6Cmg/f//NugioP3/VugcoP3/g8QMXsOLRCQEi0AEg3gUAMdAGAEA
AAB0BWoDWOsMi0AQg8AKagiZWff5g8AEw1WL7ItFCFNWi3AEVzP/OX4UiT6JfgiJfgR0FGoQW7h4
nAAA6Mn8//+JfhQzwOsDM8BAOX4YdHg7x3QKagdbM8DorPz//zl9EA+OmAAAAL///wAAOX0QfQOL
fRBqA1szwOiM/P//i0YQhcB0DGoIWyvYM8Doefz//2oQW4vH6G/8//+LxzX//wAA6GP8//9qAFf/
dQz/dQjov/j//yl9EAF9DIPEEIN9EAB/ozP/6zc7x3ULagNbagJY6DP8//9qAf91EP91DP91COiN
+P//g8QQagdbM8DoFvz//2oKW2oCWOgL/P//agNbagJY6AD8//+LBotNFIl+GIkBi0YEi00YX4kB
M8BeQFtdw1WL7FFRU1ZXM/9qCEdX6Aae/f+LTRiL39Pji00c0+dqCIvwS1fo7539/4lGBI1H/zPS
g8QQM8k7wokGfByLRgRmg0zIAv+LRgTGBMgAi0YEiVTIBEE7Dn7kOVUQiVX8fnKLRQyLTRgDwolF
+A+2ADvBflSLRQiLBJCL0CPTO1UUdUWLPtP4I8eL0DvXfzmLRgRmi038ZolM0AKLRfiLTgQPtgAr
RRiNDNEPtjk7+H0CiAGLRfgzyYoIM8BAK00Y0+AD0DsWfseLVfxCO1UQiVX8fI4z/zk+fFeLRgSL
VRyNBPgPtgg7yn5CZoNIAv+LRgSNDPgPtgErwoP4B34DagdYUIgRi00YjQQRUIvH0+ALRRRQ/3UQ
/3UM/3UI6N/+//+LTgSDxBiJRPkERzs+fqlfi8ZeW8nDVYvsgewIBQAAVldqDzPAWY19vDP286sz
yTl1CIl1/H4aD7YEGf9Ehbg5Rfx9Bw+2BBmJRfxBO00IfOYzyTPAi1QFvAPRiYwFfP///9Hig8AE
g/g8i8p85zl1CH5FjZX4+v//D7YEHoMiAI2EhXj///+LCI15AYk4D7YEHoXAfhcz/4lF+IvBA/+D
4AEL+NH5/034dfCJOkaDwgQ7dQh8wzP2aglYOUX8fQOLRfxQVlb/dQiNhfj6//9TUOgJ/v//g8QY
X17Jw1OLXCQIhdt1BYPI/1vDVoszhfZ0N1cz/zk+fBiLRgSNRPgEgzgAdAdQ6NL///9ZRzs+fuj/
dgToqZz9/4NmBABW6J+c/f+DIwBZWV9eM8Bbw1WL7IHsIAEAAFNWaKyBAABqAeizm/3/aJAAAACL
8I2F4P7//2oIUOgFCwIAanCNhXD///9qCVDo9QoCAGoYjUXgagdQ6OgKAgBqCI1F+GoIUOjbCgIA
aCABAACNneD+///ogv7//2ogiQaLw2oFUOi9CgIAg8RIaiDoav7//4lGBDPAWYlGFIlGEIlGDIlG
CImGlAEAAImGmAEAAImGnIEAAIvGXlvJw1aLdCQIjUYIiwiFyXQLOw50B1Do7/7//1mNRgyLCIXJ
dAw7TgR0B1Do2v7//1mNRhCDOAB0B1Doy/7//1lW6MT+//+NRgRQ6Lv+//9W6Jqb/f+DxAxew4sT
Vos36xLT6ivxZoN4Av91IotABIXAdBaLCItABCPKjQTID7YIO85+3YPI/17Dav5YXsOJE4k3D79A
Al7DjYacgQAAiwhTilwkCIicDpwBAACLCEGB4f9/AACJCIuOpIEAAI2GqIEAADsIfB9XgcEAAgAA
agFRjb6ggQAA/zeJCOikmv3/g8QMiQdfi46kgQAAi4aggQAAiBwI/4akgQAAW8NVi+xRU1aLdQhX
agG/AAEAAFfoEZr9/4OmpIEAAABZiYaggQAAib6ogQAAWTPSOVUQfww5lpgBAAAPjn0BAACNvpgB
AADrIDlVEH4gi0UMD7YAiw/T4IPBCIkPCYaUAQAA/0UM/00Qgz8YfNuLRhSD+Ax3uP8khTIoQwCL
H4P7EA+MNgEAAI2WlAEAAIsKM8CK4cHpEIPD8IkfikIBiQqLyIHhAA8AAIH5AAgAAA+F2wQAAIvI
geEA8AAAgfkAcAAAD4/HBAAAqCAPhb8EAABqH5lZ9/mF0g+FsQQAAMdGFAEAAADpQ////4sHg/gD
D4zIAAAAi5aUAQAA0eqLyoPhA4PA/cHqAoXJiQeJlpQBAAB1HYvIg+EHK8HT6sdGFAoAAACJB4mW
lAEAAOn8/v//g/kBdRCLBolGCItGBIlGDOknAQAAg/kCD4Xe/v//iU4U6db+//+LD4P5Dnxfi4aU
AQAAi9iD4x+BwwEBAACJXhzB6AWL2IPjH0PB6AWJXiCL2MHoBGoTiYaUAQAAg+MPUo1GQIPB8oPD
BFCJXiSJD4lWKMdGFAMAAADo4AcCAIPEDOl1/v//gz8DfUWLhqCBAACLTRSJAYuGpIEAAItNGIkB
M8BAX15bycODPwN8KotWKA+2ksD8RgCNhpQBAACKCIDhB4hMMkD/RiiDB/3BKAOLRig7RiR80YtG
KDtGJA+FF/7//2oTjV5A6Cf7//+DZigAiUYQx0YUBAAAAOn5/f//i0Yci04gA8g5Tih8OVCNXlPo
/vr///92IIlGCItGHI1cMFPo7Pr//41+EFeJRgzop/v//4PEDIMnAMdGFAYAAADptP3//4tGEI2e
lAEAAOjX/P//g/j/D4Qt////g/j+D4T2AgAAg/gQfQ+LTiiIRA5T/0Yo6YD9//91BWoCWesPM8mD
+BEPlcGNDI0DAAAAiU4sM8mD+BIPlMGD+BCNDM0DAAAAiU4wdQ6LRiiFwH4HD7ZEMFLrAjPAiUY4
x0YUBQAAAOkx/f//ix+LTiw72Q+MtP7//4uGlAEAADPSQtPiK9mJH0oj0ANWMNPoiYaUAQAA6xiL
ThwDTiCLRig7wX0Pik44iEwwU/9GKEqF0n/kx0YUBAAAAOnd/P//i0YIjZ6UAQAA6AD8//+D+P8P
hFb+//+D+P4PhB8CAAC5AAEAADvBfQtQ6B38///pqPz//3U2jX4Iiwc7BsdGFAEAAAB0Clfocvr/
/4MnAFmNfgyLBztGBA+Ef/z//1foWvr//4MnAOlw/P//PR4BAAAPjWb8///HRhQHAAAAiUYY6Vf8
//+LRhiLDy0BAQAAjQRAjQSF+PlGAA+/UAI7yolNCA+MxP3//4pIAouWlAEAADPbQ9Pji00ISyPa
A1gEiV40D79YAivLiQ+KSALT6sdGFAgAAACJlpQBAADp+/v//4tGDI2elAEAAOge+///g/j/D4R0
/f//g/j+D4Q9AQAAg/geD400AQAAx0YUCQAAAOln////i0YYjRRAiweNFJVY+0YAD79KAjvBiUUI
D4w4/f//D79KAouGlAEAADPbQ9Pji00ISyPYA1oEiV38D79aAivLiQ+KSgLT6MdGFAYAAACJhpQB
AADrIIuGnIEAACtF/P9ONCX/fwAAD7aEMJwBAABQ6MH6//9Zg340AHXa/0406UP7//+LF4P6EA+M
yPz//42OlAEAAIsBi9iB4///AACDwvDB6BCJXjyJF4kBx0YUCwAAAOkP+///ix+D+xAPjJT8//+N
lpQBAACLCovBwekQJf//AACJCotOPIPD8DX//wAAO8iJH3VB99kbyYPhC0GJThTpz/r//4M/CA+M
Vvz//42elAEAAIsDJf8AAABQ6CL6//+DB/jBKwj/TjxZD4Wj+v//6U/7////tqCBAADoWZX9/zPA
WYtNFImGoIEAAIkBi00YiQHpJPz///wiQwBqI0MA1yNDADgkQwCzJEMAfCVDANAlQwBWJkMAsiZD
AOcmQwBqJ0MAnidDAN4nQwC5/wAAADvBD4+ZAQAAD4SNAQAAg/gaD4+4AAAAD4SsAAAAg/gZD4d7
AQAA/ySFEipDALgcAkcAw7hASEYAw7gYAkcAw7gUAkcAw7gMAkcAw7jISEYAw7gIAkcAw7gAAkcA
w7j4AUcAw7jwAUcAw7joAUcAw7jgAUcAw7jYAUcAw7jQAUcAw7jIAUcAw7jAAUcAw7i4AUcAw7iw
AUcAw7ioAUcAw7ikAUcAw7igAUcAw7iYAUcAw7iIAUcAw7iAAUcAw7h4AUcAw7h0AUcAw7hsAUcA
w7mKAAAAO8EPj6kAAAAPhJ0AAACDwOWD+BYPh7MAAAD/JIV6KkMAuGQBRwDDuFwBRwDDuFABRwDD
uEgBRwDDuEABRwDDuDgBRwDDuDABRwDDuCQBRwDDuBgBRwDDuAwBRwDDuPwARwDDuPQARwDDuOgA
RwDDuOAARwDDuNgARwDDuNAARwDDuMwARwDDuLwARwDDuLgARwDDuKwARwDDuKQARwDDuJgARwDD
uIwARwDDuHwARwDDLYsAAAB0CUh1ErhoAEcAw7hcAEcAw7hUAEcAw7hIAEcAw5goQwCeKEMApChD
AKooQwCwKEMAtihDALwoQwDCKEMAyChDAM4oQwDUKEMA2ihDAOAoQwDmKEMA7ChDAPIoQwD4KEMA
/ihDAAQpQwAKKUMAEClDABYpQwAcKUMAIilDACgpQwAuKUMAYClDAGYpQwBsKUMAcilDAHgpQwB+
KUMAhClDAIopQwCQKUMAlilDAJwpQwCiKUMAqClDAK4pQwC0KUMAuilDAMApQwDGKUMAzClDANIp
QwDYKUMA3ilDAOQpQwA9+wAAAHUHukwCRwDrLT38AAAAdQe6RAJHAOsfPf0AAAB1B7pAAkcA6xE9
/gAAALo4AkcAdAW6MAJHAItEJAxW6Ev9//9QUv90JBRoJAJHAOjpl/3/i/CLRCQYVv9wDOhz7wAA
Vugzkv3/g8QcXsNVi+xRikUIiEX9i0YEagONVfxSxkX8/4hd/osIUP9RCFOJRlCLRQhoVAJHAFbo
X////4PEGMnDU1VWM9uL8ItBEEMz7TvDV7/9AAAAdRI5OXUOM8A5bCQUD5TAiUZE6xWD+AN1EDk5
dQwzwDlsJBQPlMCJRkiLRhA7xXQMVVVVUOjXXv3/g8QQOW5MdUGDfjACdQpXiW4w6GT///9Zg340
AnURaPsAAABqA1uJbjToTf///1mDfjgCdQ1XagNbiW446Dr///9Zx0ZMAQAAAF9eXVvDVYvsg+wQ
i0ZYg/gYU1cPhFUDAACD+CAPhJcCAACD+CR0CYP4Jw+FFAQAAIt+YItOXAPPO/mJTfAPgwEEAACA
PwEPhfgDAABH6AH8//9QaEwDRwDopJb9/4vYU/92DOgy7gAAU+jykP3/g8QUg35YJHVMajX/dmzo
hfX8/1lZM8mFwHQKQYNl+ACJTfTrKYNl9ADHRfgBAAAAQesbigeEwHUJg2X4AIlN9OsLPAF1B4Nl
9ACJTfhHO33wcuDrC4Nl+ADHRfQBAAAAahRfjUX8UGoAajH/dmzoUvf8/4PEEOsu/3X86J/yAQBT
iUXw6JbyAQCLTfADx418CAKNRfxQ/3X8ajH/dmzoIvf8/4PEGIvYhdt1zP92bOiyxv3/hcBZiUXw
dAtQ6F3yAQBZjXwHBmoBV+hZj/3/i/jGB//GRwH6ikZYagSIRwJbjUX8UGoAxkcDAGox/3Zs6ND2
/P+DxBjrR4pN+IgMO4tN/IvRiglD6weIDDtDQooKhMl19YpN9IgMO4vIigBD6weIBDtDQYoBhMB1
9Y1F/FD/dfxqMf92bOiH9vz/g8QQhcB1tYtN8IXJdC+KRfiIBDuKRfRDxgQ7VUPGBDtTQ8YEO0VD
xgQ7UkOIBDtD6wWIBDtDQYoBhMB19cYEO/9DxgQ78ItGBIsIQ1NXUP9RCIlGUItGWIPEDOhH+v//
g/sGUHUHaDADRwDrdGgcA0cA6N6U/f+L2FP/dgzobOwAAFPoLI/9/41F/FBqAGox/3Zs6O/1/P+D
xCTrM1D/dfxoFANHAOiqlP3/i9hT/3YM6DjsAABT6PiO/f+NRfxQ/3X8ajH/dmzouvX8/4PEKIXA
dck5RfB0If918GgIA0cA6G+U/f+L2FP/dgzo/esAAFPovY79/4PEFFfotI79//918Oisjv3/6YkB
AACDflwBD4WhAAAAi0ZggDgBD4WVAAAAai//dmzoMfT8/1lZi9hqAVPoqPABAFmDwBRQ6KeN/f+L
+I1HBFNQxgf/xkcB+sZHAiDGRwMA6FMNAgBT6H3wAQCDwATGBDj/xkQ4AfCLTgSLEYPAAlBXUf9S
CGjwAkcA/3YMiUZQ6GDrAABTaNgCRwDovJP9/4vYU/92DOhK6wAAU+gKjv3/V+gEjv3/g8RA6eAA
AABotAJHAOnMAAAAg35cAQ+FvQAAAItGYIA4AQ+FsQAAAGou/3Zs6Hzz/P9ZWYvYagFT6PPvAQBZ
g8AUUOjyjP3/i/hZWcYH/8ZHAfrGRwIYxkcDAIoLM8DrHYD5YXwNgPl6fwgPvsmD6SDrAw++yYhM
BwRAigwDhMl1340cOIPABlDGQwT/xkMF8ItOBIsRV1H/UgiJRlDGQwQAaJwCRwD/dgzoj+oAAI1H
BFBohAJHAOjokv3/i9hT/3YM6HbqAABT6DaN/f9X6DCN/f+DxCzrD2hcAkcA/3YM6FjqAABZWV9b
ycNVi+yB7AABAABWaAABAACNhQD///9Q/3UQ6G6SAQCDxAyDfQwAjYUA////dQv/dRRQaKRARgDr
Cf91GFBoiEBGAOhzkv3/i/CLRQiDxAxW/3AM6PvpAABW6LuM/f+DxAxeycNWi3QkCItGBIXAV4t8
JBB0H4sIUP9RBINmBACF/1l0B8dGCAEAAAD/dgzoTygBAFmF/3QaV/92DOiy6QAAV2gUOUYA/3YM
6DIgAQCDxBRfM8Bew4tEJAiLTCQEiUFQw1aLdCQI/3Zg6EmM/f+DfgQAWXQKi0YEiwhQ/1EEWYtG
cIXAdAdQ6MWT/f9Z/3Zs6I3v/P9W6ByM/f9ZWV7DVv90JAyLdCQM/3Zs/3Zw6G+T/f//dmzoZ+/8
//90JBzogfD8/4PEFIlGbF7DVYvsVot1CIN+BAB1BDPA63iLRRBTV4t9DI0cB+tiiX0I6xGKBzz/
dA+DfjwBdAQ8DXQFRzv7cuuLRgSLCIvXK1UIUv91CFD/UQiDxAw7+4lGUHMwigc8/3Qyg348AXQg
PA11HLkU/0YAi0YEixBqAlFQ/1IIg8QMRzv7iUZQctQ7+3Kai0ZQX1teXcO5EP9GAOvWi0QkBItA
UMNVi+yD7BiLVQxTi10QVot1CFeLfgSF/4lWFIleGA+EoAAAAIN+HAEPhZYAAACx/8H6CDrRagSI
TejGRen6xkXqH4hV61h1BmoFiE3sWIpWFIhUBehAOEwF53UFiEwF6EDB+wiIXAXoQDhMBed1BYhM
BehAilYYiFQF6EA4TAXndQWITAXoQIhMBehAxkQF6PCLD0BQjUXoUFf/UQj/dhiJRlD/dhRoYANH
AOhCkP3/i/hX/3YM6NDnAABX6JCK/f+DxCRfXlvJw1WL7FNWi3UIi0YEhcAPhP8AAACLTQyD+RDG
RQr/D4fvAAAA/ySNATRDAMZFC/bpzQAAAMZFC/PpxAAAAMZFC/fpuwAAAMZFC/jpsgAAAMZFC/np
qQAAAMZFC+7poAAAAMZFC/XplwAAAMZFC/TpjgAAAMZFC+3phQAAAMZFC+/rf8ZFC+zreYN+PAGL
CHUJagFojBZGAOtwagJogBZGAOtnagGNVQpSxkUL8osIUP9RCIlGUItGBIsIagGNVQtSUP9RDIPE
GOtHi0Ywg/gCdAWD+AN1PWj9AAAAg2YwADPbQ+h09///Wespg34wAXUjaP4AAADr5IN+OAF1FsZF
C/GLCI1VCmoCUlD/UQiDxAyJRlBeW13DFTNDAB4zQwCMM0MAJzNDADAzQwA5M0MA5zNDAEIzQwBL
M0MAVDNDAF0zQwBmM0MAbDNDANQzQwCzM0MA4TNDAHIzQwC4GP9GAMODfCQIAXUIi0QkBItARMOD
fCQIAHUIi0QkBItASMMzwMOLRCQIi0wkBIlBEMOLRCQEg3gEAHQEg8j/w4tACPfYG8Al////f8NT
i1wkCFZXv/sAAAA5O4vwdWKDexAfdQ//dhj/dhRW6Gz9//+DxAw5O3VJi0MQg/gndAqD+CR1PIP4
J3UHvwz+RgDrBb8o/kYAi0cUi0SGHIXAdAWD+AF1EP93BItfEOhO9v//i1wkFFmLRxTHRIYcAwAA
AGoBi8uLxuhq9v//WV9eW8NVi+xTVlf/dQiL8Wh4A0cAVovY6Kf1//+h0P5GAIPEDL/Q/kYA6yCL
SBA7TQh1EzlYCHRFO00IdQk5WAwPhIEAAACDxwSLB4XAddy4+wAAADvYdAiB+/0AAAB1GDPJO9gP
lMGNjAn8AAAAUYtdCOi79f//WV9eW13Diw+LQRSNRIYcixCD6gB0KUpKdAhKdeT/cQTr1otdCMcA
AQAAAIsH/zDoh/X///83i8bozP7//+tCxwABAAAA/zeLxui7/v//67CLB4tAFI1EhhyLCIPpAHQn
SXWei10IxwACAAAAiwf/cAToRfX//4sPagCLxuhx9f//Wel5////agJZiQiLP7j7AAAAOQd1GYN/
ECd1EzlOKHUOUGokW+gQ9f//g2YoAFlqAIvPi8boN/X//+lA////g+wMVVYz0lcz/zPtO8KL8YlU
JBAPhP8BAAC5AAEAAFOJTCQQiUQkGOsGi0wkEDPSi0QkIA+2GItGaP9EJCCD+AkPh6ABAAD/JIVx
OEMAO9p1MoP4CQ+E0gAAADlWVHU4O2wkFHwSagFRV4lMJCDoS4b9/4PEDIv4iBwvRf9EJBAz0usf
gfv/AAAAdc/HRmgBAAAA6U8BAACB+/IAAAB1A4lWVIP7DQ+FgQAAAIN+QAF0e8dGaAkAAADpKQEA
AIH7/QAAAHUMx0ZoBAAAAOkVAQAAgfv+AAAAdQzHRmgFAAAA6QEBAACB+/sAAAB1DMdGaAIAAADp
7QAAAIH7/AAAAHUMx0ZoAwAAAOnZAAAAgfv6AAAAdQzHRmgGAAAA6cUAAACB+/IAAAB1C4lWVIlW
aOmyAAAAgfv/AAAAdfA7bCQUfBJqAVFXiUwkIOhuhf3/g8QMi/jGBC//Rf9EJBAz0uvLuPsAAADr
E7j8AAAA6wy4/QAAAOsFuP4AAABTi87oSf3//1nrXIleWIlWXOtGgfv/AAAAdRHHRmgIAAAA60eB
+/AAAAB0NotGZDlGXHwZBQAEAABqAVD/dmCJRmTo+4T9/4PEDIlGYItOXItGYIgcCP9GXMdGaAcA
AADrCejr8///g2ZoAP9MJBgPhTn+//+F7Vt0I1VXagD/dgzoexcBAIt2BIsOM9I9ABAAAA+fwlJW
/1EYg8QYV+gKhf3/WV9eXYPEDMOYNkMACDdDAKw3QwCzN0MAujdDAME3QwDRN0MA2TdDAOo3QwCY
NkMAg3wkCACLTCQEdAfHQVQBAAAA/3QkDItEJBTokv3//zPAWUDDVYvsU1ZXM/9qdEdX6NuD/f//
dRCL8McG/P5GAOgj6fz/i00IM9tqblCJRmyJXgSJXgiJfkSJfkiJXkyJXmCJXmSJTgzoE+n8/2pv
/3ZsiUYU6Abp/P+JRhiLRQyJXmiJXhCJXnCJMGoD/3Zs6Ovo/P+DxCQ7x4lFCHUHuOBARgDrD4P4
ArjYQEYAdAW4b9dFAFD/dRRowEBGAOi4if3/i/hX/3YM6EbhAABX6AaE/f//dQiLfRz/dmxX/3UY
/3UU6KCZ/f9QiUUI6ApP/f+DxDA7w4lFDHQR/3UI6KCMAQCLRQxZ6QABAAA5XRh9B8dFGBcAAAD/
dmxW/3Uk/3UgagFT/3UY/zf/dQjoqav9/4lGBIsIUP9RHIPEKDvDD4XGAAAAVmhop0cA/3Zs6LiK
/f9qNv92bIlGcOge6Pz/g8QUhcB0IqHQ/kYAudD+RgDrEItAFIPBBMdEhhwCAAAAiwE7w3Xs60I5
HdD+RgC/0P5GAHQriweLSBSLQBiJRI4ciweLSBQ5XI4cdQ3/MItYEOjz8P//WTPbg8cEOR911Yt9
HMdGTAEAAAD/dgyJXlToj+cAAGoJ/3Zs6KLo/P+L8IPEDDgedCD/N+jogv3/VuhWhv3/ajpQiQfo
23/9/4PEEDvDdAKIGDPAX15bXcNVi+xTVmoYagHo8IH9/4t1DGoMVovY6OOB/f8z0oPEEDvyiUMU
ficzwIvOVzlVEIt1CHQFg8ZU6wODxkiLexQD+KWlg8AMSaV14ot1DF+JcwiJcwReZokTiVMMiVMQ
i8NbXcOF9nQQ/3YU6FmC/f9W6FOC/f9ZWcNWi/CDfgwAdAXo3f///17DU1eL+IX/fAU7fgR8F2jO
AAAAaDwFRwBoHAVHAOiE5wEAg8QMg34QAHVXi14Ii8MrRgRqDJkrwtH4jUQYEFD/dhSJRgjojIH9
/4PEDDteCIlGFIleEH0qjQRbweACjUsBO04Ii1YUfQrHRBAIAQAAAOsFg2QQCABDQYPADDteCHzf
i1YUjQR/weACg3wQCAB0E4vKA3wQCI0Ef8HgAoN8AQgAde+LRhCNDEDB4QKNVBEIixqF23QHA9iJ
XhDrBINmEACDIgCLVhSLXCQMiRwRi1YUK8eNDH9fiUSKCFvDVYvsUVaL8IX2fAU7dwR8F2gAAQAA
aDwFRwBoHAVHAOij5gEAg8QMi08UjQR2weACi1QBCIXSiUX8dEMD1lOLXxCJVxCDfAEIAHQTi9ED
dAEIjQR2weACg3wCCAB174XbjQR2dAgr3olcgQjrBYNkgQgAi0cUi038g2QICABbXsnDixA7VCQE
dQ+LUAQzVCQI98L///8PdAMzwMNWi3AIhfZ1CTlxCHQhhfZ0GYtRCIXSdBKNNHaNFFKNBLCNDJGL
EDsRdNczwF7DM8BAXsNTVot0JBBXi3wkEIvYi8boHv///4t/FI0EdsHgAgP4i/OlpaWLdCQQi04U
g2QBCADrEo0EQI0cg/8zi0QkGOgR/v//WYtDCIXAdedfXlvDVleL+ItEJAwrRxRqDJlZ9/nozf7/
/4tEJAyL84v4paWli0sIhcl0ESvDmWoMXvf+K8iLRCQMiUgIg2MIAF9ew4tGBDtGCHwfjQRAmSvC
0fgFAAIAAGoBUP82iUYI6Hh//f+DxAyJBotGBIsOilQkBIgUCP9GBMNVi+yD7CBTVovxi0gUi0AE
M9tXi34EU4lN7Ild6IlF9Ild/Oih////M8A5RfRZiUX4iUXwD44RAgAAi0YE/030iUXkjUXoUP91
7Fb/VQiLRgSLVeSDRewMK8KDxAw7RfiJReAPhXYBAACLDlCNBBFQA8tR6PMHAgCDxAyFwItF4A+F
WQEAADPJQTvBfw6DffAAdQiJTfDpSAEAAP9N/IN98AB0I4N9/AB/F2ihAQAAaDwFRwBotAVHAOh1
5AEAg8QM/038K134g338AHUrjUcBO9h0F2inAQAAaDwFRwBonAVHAOhL5AEAg8QMi0X4A9iJfeSJ
XgTrTYsG/3X4A8NQQFDoxO0BAItF+I1EAwGJXeSLXfyDxAyD+wGJRgR8CIH7gAAAAH4XaLIBAABo
PAVHAGh8BUcA6PjjAQCDxAyLBv7LiBwHM9s5XfAPlcNDQ+tPgfuBAAAAfVWLReiLfgSJRfCNRehQ
/3XsVv9VCItGBCvHg8QMO0XgiX4EdSuLDlCNBDlQi0XkjUQBAVDo2gYCAIPEDIXAdRD/TfSDRewM
Q4N99AB/q+sGi0XwiUXog/sCfAiB+4EAAAB+F2jHAQAAaDwFRwBoXAVHAOhk4wEAg8QMiwaLTeSA
w36IHAHrHINl8AD/RfyBffyAAAAAi13kiUX4dR2LBsYEB3+LfgSDZfwAagDowP3//zPbWYld+Ild
8IN99AAPjx7+//+LXfyF234ogfuAAAAAfhdo9QEAAGg8BUcAaEwFRwDo9OIBAIPEDIsG/suIHAfr
A4l+BF9eW8nDVYvsU4tdEFaLdQhXi30MiweLyIPhgDsLdRUzwIoHJX////9Q6E39//9Z6dIAAAA9
AEAAAHMgwegIJT////8NgAAAAFDoLf3//zPAigdQ6CP9//9Z69M9AAAgAHMtwegQJR////8NwAAA
AFDoBv3//zPAikcBUOj7/P//M8CKB1Do8fz//4PEDOt3PQAAABBzOMHoGCUP////DeAAAABQ6NL8
//8zwIpHAlDox/z//zPAikcBUOi8/P//M8CKB1Dosvz//4PEEOs4aPAAAADoo/z//zPAikcDUOiY
/P//M8CKRwJQ6I38//8zwIpHAVDogvz//zPAigdQ6Hj8//+DxBSLB18lAP///16JA1tdw4tEJAiL
UASLwsHoBSUADwAAi8qB4fAAAAALwYvKwekEgeEA4P8PgeL/HwAAVot0JAhXC8qL+cHvBMHoBIHn
8P//D8HgFwv4g+EPC/mB/wCAAACLx3MTwegIUOgI/P//V+gC/P//WVnrLcHoGA2AAAAAUOjw+///
i8fB6BBQ6OX7//+Lx8HoCFDo2vv//1fo1Pv//4PEEF9ew1WL7IPsDFaLdQzrNo0EQI00hoM+AHUX
aHICAABoPAVHAGjABUcA6A3hAQCDxAyDZQwAjUUMUFb/dQjoGf7//4PEDItGCIXAdcMhRfQhRQyN
RQxQjUX0UP91COj5/f//g8QMXsnDVYvsg+wQM8BTiUXwiUX0iUX4i0cEu4AAAAA7w1aJRfx8GjPA
ikX8CsONdfBQ6Df7///BffwHOV38WX3m/3X8jXXw6CL7//8PtweJRfw7w+sUM8CKRfwKw1DoC/v/
/8F9/Ac5XfxZjXXwfeb/dfzo9vr//4vHi87HBCT4P0MA6B37//+Lx4vOxwQkB0FDAOgN+///i8eL
zscEJKBBQwDo/fr//2oB/3X0/3Xw6FN6/f+DxBBeW8nDVYvsg+wQVzP/iX30O34ED43QAAAAi0ME
iwuKDAhAiUXwiUMED7bBPYAAAAB8W41IgoXJdNeNBH/B4AKJRfyJTfjrA4tF/Dt+BHwaaOkCAABo
PAVHAGjgBUcA6L3fAQCLRfyDxAyLTfCJSwSNTfRRi04UVgPIUVP/VQiDRfwMg8QQR/9N+HW864ON
SAGFyQ+EeP///40Ef8HgAolF/IlN+OsDi0X8O34EfBpo8wIAAGg8BUcAaOAFRwDoXt8BAItF/IPE
DI1N9FGLThRWA8hRU/9VCINF/AyDxBBH/034dcLpJ////190F2j6AgAAaDwFRwBozAVHAOgg3wEA
g8QMycNVi+xWi3UIi0YEiw6KDAgPtslAgfmAAAAAV4t9FIlGBH0OixeLRQwL0YkQ6aUAAACB+cAA
AAB9EItFDIHhP////8HhCIkI63yB+eAAAAB9EItFDIHhH////8HhEIkI61K48AAAADvIfQWD4Q/r
KHQXaBkDAABoPAVHAGjwBUcA6JfeAQCDxAyLRgSLDooMCECJRgQPtsmLRQzB4RiJCItOBIsWihQR
QYlOBA+2ysHhEAkIi04EixaKFBFBiU4EM8mK6gkIi04EixaKFBFBiU4ED7bKCQiLACUA////iQdf
Xl3DVYvsi0UIi0gEU1aLMIoUDkGJSASKHDFXjXkBM8mK6ol4BIrLi9GB+gCAAAByKooMN4hNC41P
AYlIBIocMUGB4v9/AACJSAQPtkULweIIC9APtsPB4ggL0IvKgeL//38Ai8KD4g+D4PDB4AQLwsHp
F4Hh/wAAAIvQgeL/4f//i/HB5gUL1oHiAP7//4PhDwvRJf8fAADB4gRfC9CLRQxeiVAEW13DVYvs
g+wMi00MU1aLdRBXi8ErRhRqDF+Z9/8z/4l5CIl9DIvYjUUMUFaNRfRQ/3UI6ET+//+DxBDrIf91
9IvD6Kv1//+NRQxQVo1F9FD/dQiJfQzoIf7//4PEFDl99HXaX15bycNVi+yD7AxTM8lWV4lV9IlN
+DPbi0X4igQQ/0X4D7bAi/CD5n/T5oPBBwvehMB45DP/ahhHV+jGdv3/agxTi/DovHb9/4l+DDP/
iUYUg8QQM8A734leCIleBIl+EH4SM8mLVhSJfBEIQIPBDDtGBHzwZok+i034i0X0igQB/0X4D7bA
M9KK0IvPg8cHg+J/0+JmCRaEwHjcaL1DQwCNXfTob/z//8cEJJ9EQwDoY/z//8cEJERFQwDoV/z/
/4tFCIXAWXQFi034iQhfi8ZeW8nDVYvsUVaLcwRXi30MO/4PhOQAAACJffx9PotF/Iv76HX1////
Rfw5dfx87otDCCtDBItLFI0EQMHgAlCNBHaNBIFQi0UMjQRAjQSBUOim5QEAi30Mg8QMi8crxgFD
CItDCGoMUP9zFOgjdv3/g8QMO/6JQxSJewR+IotLCCvPjQxJweECUY0Mdo0MiFGNDH+NBIhQ6F/l
AQCDxAwzyTvxiU38fiI5ffx9HYtDFI1ECAiDOAB0BovXK9YBEP9F/IPBDDl1/Hzei0MQhcB0ByvG
A8eJQxA7930gi00IjQR2g8FIweACK/6L14t7FAP4i/GlpYPADEqldfBfXsnD/3YE6JF5AABZM8k5
jhgRAAB0EzmOpAEAAHQLOU4MdAYDhqgBAADDVYvsUVNWV4t9DDPAO/h8CIt1CIteCOtpOUUUiUX8
dBlo+gMAAGg8BUcAaPwGRwDoCNsBAIPEDDPAi3UIOYYYEQAAdBY5hqQBAAB0DjlGDHQJi4aoAQAA
iUX8i0X899g5RQx9EYteBFPoBXkAAIv4A338WesJi14Mi76oAQAAA30MO14EV1N1E+gOfgAAagCL
0Oh3/f//g8QM6wfo+30AAFlZhcCJRQh1YldT/7aoAQAA/3YM6Ll4AABZUP92DP92COiseAAAWVD/
dgj/dgTon3gAAFlQ/3YE/7YoAQAA/7YsAQAA/3UM/3UQaBAGRwDo5BEBAGggBAAAaDwFRwBoAAZH
AOg02gEAg8REi4YsAQAAi10IO0MEfglQVui9/f//WVmLRQhfXlvJw1OL2IuBLAEAADtDBHQJUFHo
nv3//1lZW8MzwDmGxAAAAHQsV42+pBAAADkHdRlWaAlxQwBowgEAAOg3dgAAg8QMiYasEAAAxwcB
AAAAX8PHhsAAAAABAAAAiYakEAAAw4O4uAAAAABWV41wSI14VKWlpV9edAyLSECB4f//AwCJSFjD
VYvsVot1CFdqf/+2lBAAAOi72Pz/an3/tpQQAACJhtQQAADoqNj8/2ph/7aUEAAAiYbgEAAA6JXY
/P9qY/+2lBAAAImG5BAAAOiC2Pz/amT/tpQQAACJhugQAADob9j8/2pm/7aUEAAAiYbsEAAA6FzY
/P9qZf+2lBAAAImG8BAAAOhJ2Pz/an7/tpQQAACJhvQQAADoNtj8/4PEQGo9/7aUEAAAiYb4EAAA
6CDY/P9qYP+2lBAAAImG/BAAAOgN2Pz/amz/tpQQAACJhgARAADo+tf8/2iNAAAA/7aUEAAAiYYE
EQAA6OTX/P9qb/+2lBAAAImGCBEAAOjR1/z/am7/tpQQAACJhgwRAADovtf8/2ixAAAA/7aUEAAA
iYYQEQAA6KjX/P9qV/+2lBAAAImGFBEAAOiV1/z/g8RAaj//tpQQAACJhhgRAADof9f8/2pe/7aU
EAAAiYYcEQAA6GzX/P9qdf+2lBAAAImGIBEAAOhZ1/z/iYYkEQAAanP/tpQQAADoRtf8/2iJAAAA
/7aUEAAAiYYoEQAA6DDX/P9qS/+2lBAAAImGLBEAAOgd1/z/akT/tpQQAACJhjARAADoCtf8/2pA
/7aUEAAAiYY0EQAA6PfW/P+DxEBqQf+2lBAAAImGOBEAAOjh1vz/akb/tpQQAACJhjwRAADoztb8
/2pC/7aUEAAAiYZAEQAA6LvW/P9qR/+2lBAAAImGRBEAAOio1vz/akP/tpQQAACJhkgRAADoldb8
/2pF/7aUEAAAiYZMEQAA6ILW/P9ohwAAAP+2lBAAAImGUBEAAOhs1vz/aIYAAAD/tpQQAACJhlQR
AADoVtb8/4PEQGpI/7aUEAAAiYZYEQAA6EDW/P9qPv+2lBAAAImGXBEAAOgt1vz/alb/tpQQAACJ
hmARAADoGtb8/2pV/7aUEAAAiYZkEQAA6AfW/P9ogAAAAP+2lBAAAImGaBEAAOjx1fz/anv/tpQQ
AACJhmwRAADo4tb8/4v4V+hd0wEAagFQ6F5w/f+DxDyDptwQAAAAiYbYEAAA60SNRQhQV+j1bP3/
g30IAFlZdBqLjtwQAACLltgQAACIBBH/htwQAACLfQjrGIoXi4bcEAAAi47YEAAAiBQI/4bcEAAA
R4A/AHW3X15dw4tMJAiFyYtEJARWi3QkEImIfBAAAImwgBAAAHQci5AsAQAAhdJ+EouAKAEAAIXA
fghQUlb/0YPEDF7DVYvsg+wMVv91DOgadAAAi/BOWYl19HhaU1dW/3UM6C95AACDZfwAWVmLSASF
yYlN+H4vi3UIi15Yi3gUg8ZUU/82i86Lx+hi7///hcBZWXQO/0X8i0X8g8cMO0X4fOCLdfSLRfg5
Rfx1Bk6JdfR5ql9bi8ZeycNWi/DoEfr//4uOKAEAAItWEFED0FIDyFH/togQAADokAwBAIPEEF7D
VYvsUTPSOVUIdQg5lqQBAAB0A4lVEItFDCtFCFNAO8pXD43EAAAA99k7yH4Ci8g7yg+O/QEAAIlN
/P91DP92COjFfgAA/7YsAQAAi9hW6KL4//8z/4PEEDm+LAEAAH4VV1ONRlTo8e7//0c7viwBAABZ
WXzr/3UIZoMjAFP/dgjoCngAAIuGVA4AAItNDIPEDDtFCHwfO8F/G0A7wYmGVA4AAH4Qg6ZYDgAA
AI1BAYmGVA4AAIuGXA4AADtFCHwdO8F/GUA7wYmGXA4AAH4OQYOmYA4AAACJjlwOAAD/TfwPhVT/
///pSQEAADvIfgKLyDvKD447AQAAiU38/3UI/3YI6AN+AACDfRAAWVmL+HReg74wAQAAAH5V/3YE
6GhyAACL2DueMAEAAFl1FmoA/3YES+jSfQAAUOixbv3/g8QM6wP/RhRT6DXz//9Q/3YE6Dp3AACL
jjABAACLRhD32YPEDDvBfgiFwH0ESIlGEP+2LAEAAIvfVuh49///M9s5niwBAABZWX4VU1eNRlTo
yO3//0M7niwBAABZWXzri10MZoMnAFNX/3YI6OB2AAAz/4PEDDl9EHQKi4YwAQAA99jrA4tFCDm+
SA4AAHRdjY5UDgAAixE70HwTO9N/D0o70IkRfQiJAYm+WA4AAI2OXA4AAIsRO9B8EzvTfw9KO9CJ
EX0IiQGJvmAOAACNjmQOAACLETvQfBM7038PSjvQiRF9CIkBib5oDgAA/038D4XI/v//X1vJw1eL
+YX/fQIz/4uILAEAADv5fAONef+DfCQIAHQwi0h8VotwbDvxfQeDfCQMAnUGO9F9AovRi4iAAAAA
O/FefgeDfCQIAnUGO9F+AovRhdJ9AjPSi4goAQAAO9F8A41R/4OgjAAAAACJeHCJUGxfw4N8JAQA
dFSLSGyJSHSLSHCJSHiLSECJSESNiJQAAACLEYsJiZCYAAAAi5DcAAAAiZCgAAAAi5CMAAAAiZCk
AAAAi4yIcAEAAImInAAAAIuI0AAAAImI1AAAAMOLSHRWV4u4LAEAAIlIbItIeDvPiUhwfAaNT/+J
SHCLiCgBAAA5SGx8BEmJSGyLSESLsJgAAACJSECLiKAAAACJiNwAAACLiKQAAACFyY2QjAAAAImw
lAAAAIkKdAlPOXhwfQODIgCLiJwAAACJjLBwAQAAi4jUAAAAX4mI0AAAAF7pGvj//4XbVovwfmw7
niwBAAB/ZFdqAWguCQAA/3QkFFbob/b//4PEEIvOi/jojff//zueLAEAAHUFgCff6ziLRxSNNFvB
5gKBPAb/3wAAdSaNQ//oser//4vD6Krq//+LRxTHRDD0INgAAItHFI08MI139KWlpV9ew1Mz2zme
PAoAAHVHi4Y0AgAAiJwwOAIAAIuGrAEAAIP4AXY/g/gCdF+D+BV0WlvD/440AgAAi4Y0AgAAD7aE
BjgCAABmi46sAQAAZomMRmwOAAA5njQCAAB11f+ONAIAAFvDOZ5QEQAAdRSNhjgCAABQ/7aIEAAA
6CHtAABZWYO+rAEAAAF0HDmeUBEAAHUUjYY4AgAAUP+2iBAAAOic7AAAWVlbw1WL7FFRVleNu/gA
AABX6M5p/f9Z6z+NRfxQjUX4UFfoxWn9/41G+4PEDDlF/H4DiUX8/3X8/3X4/7MEAQAA6KGNAQD/
dfxX6Cdw/f9X6I9p/f+DxBiL8IP+BX+6X17Jw1WL7IPsDFOL2IO77AAAAAB1DYO78AAAAAAPhIoA
AABWV+h6////jbP4AAAAVuhPaf3/WetDjUX0UI1F+FBW6EZp/f+LRfiKAIPEDDwbiEX/dC48m3Qq
agGNRf9Q/7MEAQAA6B2NAQBqAVbopG/9/1boDGn9/4PEGIv4hf9/t+sJV1bojG/9/1lZjbMEAQAA
/zboC40BAFkzwF+JBomD8AAAAImD7AAAAF5bycNWi/GLisgQAACFyXQcO4LQEAAAfRTB4AQDwYtI
BIXJdAiLVCQIORB0BDPAXsNTM9uF0ld+I4v5K/7/dgSNBDf/NovO6Bjp//+FwFlZdBFDg8YMO1wk
EHzhM8BAX1tewzPA6/hVi+xRi47IEAAAhclTV4v4dAw5vtAQAAAPj6UAAACLntAQAACNRwFqEFBR
iYbQEAAA6D1p/f9qEP+20BAAAImGyBAAAP+2zBAAAOgkaf3/g8QYO57QEAAAiYbMEAAAfWOLw8Hg
BIuWzBAAADPJiUwQBIuWyBAAAIlMEASLlswQAACDDBD/i5bIEAAAgwwQ/4uWzBAAAIlMEAiLlsgQ
AACJTBAIi5bMEAAAiUwQDIuWyBAAAIlMEAxDg8AQO57QEAAAfKKLhsgQAADB5wT/dAcE6Alp/f+L
hswQAAD/dAcE6Ppo/f+LhswQAAD/dAcI6Oto/f+LhswQAAD/dAcM6Nxo/f+LhsgQAACLXRRqDP91
GIkcB+j8Z/3/i47IEAAAiUQPBIuGzBAAAGoM/3UYiRwH6N9n/f+LjswQAABqBFOJRA8E6M1n/f+L
jswQAABqBFOJRA8I6Ltn/f+LXRiLjswQAACNHFvB4wJT/3UIiUQPDIuGyBAAAP90BwTonNEBAIuG
zBAAAFP/dQz/dAcE6InRAQCLXRSLhswQAACDxEjB4wJTagD/dAcI6M7WAQCLhswQAABTM9tT/3QH
DOi71gEAg8QYOV0UflmLRRCDwAiJRRiLRRgPtwCFwIlF/HwFO0UUfBpoyBIAAGg8BUcAaAQHRwDo
TM0BAItF/IPEDIuOzBAAAItMDwyDRRgMiQSZi47MEAAAi0wPCIkcgUM7XRR8sF9bycNVi+xRU4vY
g7v4EAAAAHQQg7vgEAAAAHQHM9vpsgIAAItFDFaLdQiLThRXi7ssAQAAV4vT6D/9//+FwFkPhX4C
AAA5u8QQAAB9NWoMjbO8EAAAV/82ibvEEAAA6O5m/f9qDP+zxBAAAIkGjbPAEAAA/zbo12b9/4kG
i3UIg8QYM8k5iywBAACJTfwPjtMAAAC//wAAAItGFIsEAYvQgeIA////gfoA2AAAdDqB+gDZAAB0
F4H6ANoAAHU6i5OQEAAAI8cPt0RCEOsrg7tUEQAAAHUSi5OQEAAAI8cPt4RCEAYAAOsQi5OQEAAA
I8cPt4RCEAIAAIvQgeIA////gfoA8AAAdBqB+gDxAAB1IouTkBAAACPHD7eEQhAEAADrEIuTkBAA
ACPHD7eEQhAIAACLk7wQAACJRAoEi5O8EAAAiQQRi0X8i5O8EAAAZolECghAg8EMO4MsAQAAiUX8
D4wy////M/85u/gQAAB1Uf+zLAEAAP+zvBAAAOimW/3/Obv4EAAAWVl1Njm74BAAAHQuM8A5uywB
AAB+JDPJi7O8EAAAi7vAEAAAA/ED+aWlQKWDwQw7gywBAAB84Yt1CIO74BAAAAB1Gv+zLAEAAP+z
wBAAAP+zvBAAAOjvRf3/g8QMi0YIjYu4EAAAOQF9GmoMUI2ztBAAAP82iQHoTmX9/4kGi3UIg8QM
i0YIjQRAweACUP92FP+ztBAAAOjWzgEAM8CDxAwz0jmDLAEAAH5ki4vAEAAAD7dMCAiLdhSLu7QQ
AACNDEmNNI4D+KWlpYuLtBAAAI1MCAiDOQB0D4uzwBAAAA+3dDAIK/IBMYuLwBAAAAPIi3EEOTF0
CYuLtBAAAIk0CIt1CEKDwAw7kywBAAB8nP92CItFDP+zLAEAAP+zwBAAAP+ztBAAAP92FIvz6Cb7
//+Lm7QQAACDxBTrEItFDIuLzBAAAMHgBItcAQRfXovDW8nDVYvsg+xsuAAEAABqAlCJRcjoAmT9
/2oM/7YsAQAAiUXw6PJj/f8zyYPEEIlFwDPAOYY4AQAAD5TBM9I5hqgAAAAPlMIzyvfZG8mB4QAA
EAA5hrAAAACJTaB0OzmGNAEAAHQeOYa8AAAAdQ05hgARAAB0BYlF5OsQx0XkAAAAQOsHx0XkAAAA
IDmGjAAAAHQJgE3nEOsDiUXki0ZsU1dqAIvYK14QaGsTAABQVoldqOhX7v//i35wU4lFtFCLxol9
xOhj/P//g8QYhcB0F4uWzBAAAIvLweEEi0wKCIs8uYl9xOsGi0W0i0AUhf9+EI0Mf4E8iP/fAAB1
BE+JfcSLRbTojOH//4tGIIXAuv//AwB8UYtN5DlOJHUJO8N1BTl+HHRAi34YiwSHi04chcmLQBSN
PEmNBLh+C4E4/98AAHUDCVD4i44sAQAASTlOHH0MgXgM/98AAHUDCVAQCVAEg2YkAINOIP+DThz/
g2X4AIO+KAEAAAAPjmUIAACLRhADRfgz/1doqxMAAFBWiX3siX28iX3QiX30iX2wiUWU6Gjt////
dfiL2FOLxoldzOh2+///g8QYO8eJRdx0FYtN+IuWzBAAAMHhBItMCgyJTbTrCYtDFIlF3Il9tDPJ
Ob4sAQAAiU38D45WAgAAi1XAg8IIg8AMiX3YiVW4iUXU6wWLTfwz/4tFtDvHdAiLBIiJRZjrA4lN
mIO+1BAAAACLRdSLePSLUPh1DIHiAAX+/4HKAAUCAIO+bBEAAAB1O4vCuf8BAAAjwYP4ELsAAQAA
fAw7w30IgeIA////C9OLwsHoCSPBg/gQfBA7w30MgeL/Bf7/gcoABAIAi8clAP///z0A2AAAdDc9
ANkAAHQaPQDaAAB1PYuGkBAAAIHn/wAAAA+3fHgQ6yqLhpAQAACB5/8AAAAPt7x4EAYAAOsUi4aQ
EAAAgef/AAAAD7e8eBACAACLhiwBAABIOUX8fRGLRdSBOP/fAAB1BoHKAABAAIuGSA4AAIP4AnQF
g/gDdWWDvkwOAAAAdTaLhlQOAACLTZQ7wXwNdU2LhlgOAAA7RZh/QouGXA4AADvIfA11NotFmDuG
YA4AAH0rM8BA6yiLRZQ5hlQOAAB/G4tNmDmOWA4AAH8QO4ZcDgAAfwg7jmAOAADr0zPA99gbwCUA
ABAAM8IzRaCL2DPAOYbEAAAAdCv3wwAAIAB0IzmGNAEAAHQVOYbAAAAAdA2LhpAQAAAPt7hQAgAA
geP//9//i034i0YYiwSIi0AUi03YA8E7OHUci0AEi8iB4f//fw872XUNuQAAgACFwXQiC9nrHvfD
AABAAHUWV/91COiu4AAAg/gCWVl1BoHLAACAAItV+DtVqItN/HUTO03EdQ6LReQL2IlGJIlOHIlW
IItFuIMgAINF2AyDRdQMiVj8iXj4QYPADDuOLAEAAIlN/IlFuA+Mvv3//zP/Ob4sAQAAiX3UiX38
D46mAAAAi0X4weACiUXYM9KJfbSLTdiLRhiLBAiLQBQDwotIBIXJeQuLffyJfdSJVbQz/4tdwIsA
A9o7A3ULgeH///8PO0sEdDGF/3Uxi038OU3UfSKLXbQrTdSLRhiLfdiLBDiLQBSNRBgEgQj//wMA
g8MMSXXkM/9Hhf90FotGGItN2IsECItAFI1EEASBCP//AwD/RfyLRfyDwgw7hiwBAAAPjGr///8z
/4tGGItN+IsEiItNzGaLCTPSZjsIZokID5XCOb4sAQAAiX38iVW4iVXUD45LBAAAi0XcM9uJXaSJ
ReiLReiLTcCLVfiLPAuJRbSLRAsEiUXYi0YYiwSQi0AUA8OJRayLQASJReAzRdiJfZypAABAAHQH
x0W4AQAAAItF2DNF7Lq6IwAAI4ZsEAAA99gbwPfYO/pyCIH/vSMAAHYUhdt+E4tMC/Q7ynILgfm9
IwAAdwMzwECJfdxmgWXcAPyBfdwA2AAAdBSLz4HhAP7//4H5APAAAHQEM8nrCIvPgeEA////O028
dAMzwECLTegz0jlRCHUJO9p+CDlR/HQDM8BAi46QEAAAOVEEdSo5Vbh1JYtNrDk5dRCLTeCB4f//
/w8z0jtN2HQWOVXUdQmDffQBdQMzwEA7wg+EpQAAADlV1HUFOVWwdE85VfR+SotFzA+3AFD/dez/
dfT/dfD/dfj/ddD/dQjowNoAAIPEHPZF72B0IYtFzA+3AFD/dez/dfT/dfD/dfj/ddD/dQjoGtwA
AIPEHDPSgX3cANgAAItF/IlF0ItF2IlV9IlF7HQTi8clAP7//z0A8AAAdAWJVbzrCovHJQD///+J
RbyLhpAQAAA5UAR0BotF1IlFsItFuIlF1ItN+ItGGIsEiP912ItAFItN6INlrABXA8PoB93//4XA
WVl1B0CJRayJRdSLRfSNSAI7Tch+HAUAAQAAagJQ/3XwiUXI6FJd/f+JRfCLRfSDxAyB/wAAAQB2
M4H/AAARAHMri03wjZcAAP//weoKgeoAKAAAZokUQYvXQIHi/wP//4HqACQAAGaJFEHrB4tN8GaJ
PEGLTehAg3kIAIlF9A+EAAEAAIvZjYgAAQAAg8ACiU3ci03wiUXgi0MIjQRAjRyDizuLxyUA////
PQDYAAB0Nz0A2QAAdBo9ANoAAHU9i4aQEAAAgef/AAAAD7d8eBDrKouGkBAAAIHn/wAAAA+3vHgQ
BgAA6xSLhpAQAACB5/8AAAAPt7x4EAIAAItF4DtFyH4Zi0XcagJQ/3XwiUXI6GVc/f+DxAyJRfCL
yIH/AAABAHY7gf8AABEAczOLRfSNlwAA///B6gqB6gAoAABmiRRBQP9F4P9F3IHn/wP//4HvACQA
AGaJPEFAiUX06wqLRfT/RfRmiTxB/0Xg/0Xcg3sIAA+FHv///4BN74CLfZyLXaSDfawAdFGLRhj/
dfyLTfj/NIiLRejos9v//4tF+FlZi04YiwyBi0kUiTwLi04YiwSBi0AUi03YiUwYBItF/DlF0HUU
i0YYi034iwSIi0AUjUQYBIBIA4D2RdpAdHz/RfyLRfyDRegMg8MMO4YsAQAAfWeLRaiDRbQMOUX4
dR+LRcQ5Rfx1F2jCFAAAaDwFRwBoGAdHAOgswQEAg8QMi034i320i0YYiwSI/3cEiUWci0AU/zcD
w4vP6MPa//+FwFlZdQfHRdQBAAAA/3X8i8f/dZzo9tr//1lZ/0X8i0X8g0XoDIPDDDuGLAEAAIld
pA+MwPv//4N91AB0S4N99AB+RYt9zA+3B1D/dez/dfT/dfD/dfj/ddD/dQjohNcAAIPEHPZF72B0
Hg+3B1D/dez/dfT/dfD/dfj/ddD/dQjo4dgAAIPEHItFzOjD2P///0X4i0X4O4YoAQAAD4yb9///
/3XA6Pla/f//dfDo8Vr9/1lZX1vJw4sGOUYEfDkFgAAAAGoCUP92CIkG6Gda/f+LTgRqBP82iUYI
/3YQjQRIiUYM6E9a/f+LTgSJRhCNBIiDxBiJRhSLRgxmi0wkBGaJCItGFINGDAKLTCQIiQiDRhQE
/0YEw1WL7IPsYFNWV74AFAAAagIz21aJdcCJXcToo1n9/2oEVolFyIlFzOiVWf3/iUXQiUXUi0UQ
g8QQiUXoi30MO30UfBIPhWIDAACLRRA7RRgPjVYDAACLdQhTaGEVAABXVold8OhM5P//i5YsAQAA
i9hmiwODxBCoEIld+Il94IlV5HV/hdJ0YIt7FItF5I0EQI0Eh4tI9IP5IHQYi/GB5gD8//+B/gDY
AAB1OYD5IHU0i3UIg3j8AHUui0UMO0XgfAp1JItFEDtF5H0cg33kAHUI/03giVXk6wP/TeSDfeQA
dajrA4t1CItF4DtFFHwKdSeLReQ7RRh9H8dF8AEAAADrFqggdBKDfeQAdQlPiVXkiX3g6wP/TeSD
fRwAdBmLRRg5ReR+A4lF5ItNFDPAOU0MD5zAiUXwi0UMO0UUfEx1CIt9EDt9GHxFM/85ffB0HTPA
ZouHiANHAGoAjXXAUOg8/v//R0eD/wRZWXLji0Uc/0UM99gbwCNF6IlFEIvD6LfW//8z2+mw/v//
i30QO0XgfAd1tDt95H2vi0sUjQR/gTyB/98AAIl99HUGR4l9EOuFi0MUjTx/wecCjQwHiwGLSQSJ
TeyLyLoA////I8qB+QDYAAB0QIH5ANkAAHQagfkA2gAAdUOLjpAQAAAl/wAAAA+3REEQ6zGDvlQR
AAAAdRWLjpAQAAAl/wAAAA+3hEEQBgAA6xOLjpAQAAAl/wAAAA+3hEEQAgAAi8gjyroA8AAAO8p0
HYH5APEAAHUoi46QEAAAJf8AAAAPt4RBEAQAAOsTi46QEAAAJf8AAAAPt4RBEAgAAIvYgeP/AAAA
PQAAAQB+MT0AABEAfSqNiAAA///B+QqByQDYAABmiU2gi8hmgeH/A2aByQDcZoNlpABmiU2i6wlm
g2WiAGaJRaAlAP7//zvCD4WgAAAAg/sgD4yXAAAAg/t/D4SOAAAAi3UIi4aQEAAAU/9wCOjDnQEA
hcBZWWoEiF38dDaLXRCLTfiLSRSNRFsDigSBiEX9jUXYUGoCjUX8UIuGkBAAAGoA/3AI6G6dAQCD
xBhDiV0Q6x2NRdhQagGNRfxQi4aQEAAAagD/cAjoS50BAIPEGIXAfhqNNABWjUXYUI1FoFDodMAB
AIPEDGaDZDWgAGaDfaAAjV2gdB2LRaD/deyNdcBQ6Cr8//9DQzPAZosDZoXAWVl15otF+ItAFIt8
BwiF/4td+It1CHQLAX30i3306Q/+////RRDpjP3//1NTjXXA6Ov7////dSCLRQj/dcT/ddD/dcj/
sIgQAADoc9sAAP91yOi0Vv3//3XQ6KxW/f+DxCRfXlvJw1NVVot0JBCLXghX6Jbg//+L+FNW998z
7ej55f//i44sAQAAagFVUVBVV1bo6fv//4PEJF9eXVvDVovwV4vWvwD///8j14H6ANgAALj/AAAA
dDGB+gDZAAB0F4H6ANoAAHUxi5GQEAAAI/APt3RyEOsii5GQEAAAI/APt7RyEAYAAOsQi5GQEAAA
I/APt7RyEAIAAIvWI9eB+gDwAAB0GoH6APEAAHUiI/CLgZAQAAAPt7RwEAQAAOsQI/CLgZAQAAAP
t7RwEAgAAI2BkBAAAIsQg3oEAHQUi8KLUAg7UAx1CjPAg/4gD5XA6y+6gAAAADvyfQoPv4RxbA4A
AOscuJADRwCLyjvxfAU7cAR+D4PADIsIhcl17moCWF9ew4tACOv4VYvsg+wUU1ZXi/DodN///zP/
V2h7FgAA/3UI99hWiUX06IXf//+L2IuGUA4AAIPEECvHiV38D4QFAgAASHQdSA+FZwIAAIN9EP8P
hOABAACLviwBAABP6dQBAACLfQyF/34Wi0sUjQR/jQSBgTj/3wAAdQWLQPTrCYtLFI0Ef4sEgYvO
6I3+//+DfRABiUX4D4W4AAAAi0UIQIlF9GaLC/bBIIuGLAEAAHQBSEg7+H1CjUcBhcCJRfB+FotL
FI0Ef40EgYF4DP/fAAB1BIsA6wqLSxSNRH8DiwSBi87oNP7//w+/Tfg7wQ+FQgEAAIt98Ouqi0X0
O4YoAQAAD40uAQAA9sEQD4QlAQAAagBooRYAAFBW6JLe//+L2ItDFIsAg8QQi87o7P3//w+/Tfg7
wQ+F8AAAAItF/DP//0UI/0X06OzR//+JXfzpT////4X/fkWNR/+FwIlF8H4Zi0MUjQx/gXyI9P/f
AAB1CY1Mf/qLBIjrCotLFI0Ef4tEgfSLzuiQ/f//D79N+DvBD4WeAAAAi33w67eLRfQ5RQgPjo0A
AACLRQhqAEhovBYAAFBWiUXs6PPd//+L2GaLC4uGLAEAAIPEEPbBIHQBSPbBEHRcjUj/hcmJTfB+
GYtLFI0UQIF8kfT/3wAAdQmNRED6iwSB6wqLSxSNBECLRIH0i87oEf3//w+/Tfg7wXUZi0Xsi33w
iUUIi0X86BTR//+JXfzpKP///4vD6AXR//+LXfyLw+j70P//i0UIi9dfXlvJw/YDEHVni44sAQAA
i3sUjQRJjQSHiUXs6ymNcPSLFoP6IIlV9HQUgeIA/P//gfoA2AAAdRKAffQgdQyDePwAdQaLxjvH
d9M7Rex1A4PoDCvHagyZXvf+i30MO/h8koN9EP91BIv464iNef/rg4t9DOl7////g75MDgAAAHV7
V42+VA4AAGr//3cEi8b/N+gt/f//iQeLhmAOAACDxAyFwIlXBF91DouGLAEAAP+OXA4AAOsBSGoB
UP+2XA4AAImGYA4AAIvG6PX8//+JhlwOAACLwoPEDDuGLAEAAImWYA4AAHUOg6ZgDgAAAP+GXA4A
AMNAiYZgDgAAw1aLdCQIi4Z0EAAAhcAPhI0AAAA5hngQAABXfWuLjngQAAAz/zvIfSWLhnAQAACN
BEhmixBHQEBmg/oNdBCLlngQAAAD1zuWdBAAAHzki4aEEAAAhcB0FouWcBAAAGoAV40MSlFQ6BIm
/f+DxBABvngQAACLjngQAACLhnQQAAA7yHwfO8h8lY2+cBAAAP836LRR/f+DJwCDpnQQAAAAWV9e
w1ZoK2tDAOgopPz/WevuVYvsi0UMM8k5iEgBAAB0Cv91EGhQB0cA6zg5iEABAAB0DTmIOBEAAHUF
M8BA6wIzwDlNFHQJM9I7wQ+UwovCO8H/dRB0B2hIB0cA6wVoQAdHAP91COizvgEAA0UIg8QMK0UI
XcOLRCQEV424dBAAAIM/AHQWVo2wcBAAAP826BVR/f+DJgCDJwBZXl/DM8mJiEgOAACJiFwOAACJ
iGAOAACJiFQOAACJiFgOAADDg3wkCAF1C4tEJASLgMgAAADDg3wkCAB1C4tEJASLgMwAAADDM8DD
i0QkCItMJASJgYwQAADDVmgwSUYA/3QkEDP26IC1AQCFwFlZdRaLRCQIObD8EAAAvlgHRwB1Bb5U
B0cAVuj1U/3/WV7DU1aLdCQM/7aIEAAAg6acEAAAAOhx0gAAi9iF21l0To2GVAEAAIsIhcl0HoO+
ZBEAAAB0CoNmEACDIAAzyUGFyXQHi8boHuD//1PoTev//4tGbCtGEFD/dnD/togQAADoZuwAAFPo
UNIAAIPEFF5bw1NWi3QkDDPbV1P/dgSJXhDoFF8AAFlZ6xJQ6O9P/f9T/3YE6AFfAACDxAw7w3Xq
M/85nigBAAB+IWoBaBQGAABXVujw2f//g8QQi87oENv//0c7vigBAAB831+JXhSJnqgBAACLxl5b
6Yrf//9Vi+yLiFwOAAA5TQh8DXUpi00MO4hgDgAAfR6LiFQOAAA7TRB8DXURi4hYDgAAO00UfQZd
6V3+//9dw1WL7FFRM8A5RQgPncCDfQgAjUQA/4lF/H0D910Ii1ZwU4ueLAEAAIvDK8I5RQhXfgOJ
RQgrRQiLjlwOAACJRfiLRmw7wXwSD4UGAQAAO5ZgDgAAD436AAAAi45UDgAAO8h8Eg+F6gAAADme
WA4AAA+N3gAAAIN9/ACLVmyLTnB+BStdCOsDA00Ii75UDgAAO9d8CnUcO45YDgAAfxSLjlwOAAA7
yHwWdQg5nmAOAAB+DIvG6KP9///plgAAAItF/A+vRQgBhlgOAACLjlgOAAABhmAOAAA7TnC7PAVH
AH0TaLYJAABTaLwHRwDo27MBAIPEDIuGWA4AADuGLAEAAHwTaLcJAABTaJwHRwDourMBAIPEDIuG
YA4AADtGcH8TaLgJAABTaHwHRwDonLMBAIPEDIuGYA4AADuGLAEAAH4TaLkJAABTaFwHRwDoe7MB
AIPEDP92bItecIvG6J/h//+DffwAWX0Ri15w/3ZsA10Ii8boiOH//1lqAWjECQAA/3ZsVugH2P//
M8mDxBA5TfyL+H1gOU34iU38fjCLRnCLTfyLVQgDwYtPFAPQjQRAjQSBjRRSUI0ckYvH6GHN////
RfyLRfw7RfhZfNCLRQiFwHR0jV5UiUUIi0ZwA0X4UFeLw+jqzP///0X4/00IWVl15+tTi0X4O8GJ
Rfx0Lv9N/ItGcItN/APBi08UjRRAjRyRi1UIA8KNBECNBIFQi8fo/Mz//4N9/ABZddKLXQjrEotG
cEsDw1BXjUZU6JHM//9ZWYXbdepfW8nDVot0JAjoE9f///fYg3wkDAB9BDPJ6weLyH8Di04Qi1Qk
EAPRO9CNThCJEX0CiQGDOQB+A4MhAIvG6Mbc//9W6Fn8//9ZXsNVi+xRUVaLdQhX6MfW//+L+Pff
g75IDgAAA3VKg30MAHQOi45cDgAAi4ZgDgAA6wyLjlQOAACLhlgOAACJRfyLhigBAACZK8LR+CvI
O899BIvP6waFyX4CM8lRav9W6Fb///+DxAxfXsnDU4tcJAxWi3QkDFcz/zPSOb6kEAAAdCU7nqwQ
AAB1HY2GwAAAADPJOTiJvqQQAAAPlMGJCOid1///M9JCjY6oEAAAOTl0IzuesBAAAHUbjYa8AAAA
M9I5OFYPlMKJOYkQ6HYAAAAz0llCjYY4AQAAOTh0DTuePAEAAHUFM9KJOEI713UQOb6cEAAAdA87
nqAQAAB1B1boUvv//1lfXlvDjYacEAAAgzgAdRxWaAlxQwBqFMcAAQAAAOh1TQAAg8QMiYagEAAA
w1aL8MeGVAEAAAEAAADoxv///17DVot0JAgzwDmGABEAAHQ3OYY0AQAAdC9Xjb6oEAAAOQd1G1Zo
CXFDAP8VlNRFAFDoI00AAIPEDImGsBAAAMcHAQAAAF9ew8eGvAAAAAEAAACJhqgQAABew4N8JAQA
dAz/FejSRQArRCQI6wIzwIP4ZH0lVmgJcUMAamRZK8hRx4Y4AQAAAQAAAOjKTAAAg8QMiYY8AQAA
w4OmOAEAAADDU1ZXi3wkEDPbiV80jXco6w2LBosIUIkO6NNK/f9ZOR517zmfaBEAAIlfLIlfMHQN
iV8Qi8dfXlvpEP///19eW8NWi3QkCFcz/zm+KAEAAH44i4YsAQAAM9KFwH4jM8mLRhiLBLiLQBSN
RAgEgQj//wMAi4YsAQAAQoPBDDvQfN9HO74oAQAAfM7ol/7//19ew1WL7IN9EAB9BINlEACLTRSF
yX0CM8lWi3UIi4YsAQAAOUUYfARIiUUYi4YoAQAAOUUcfARIiUUcO00ciU0UD4+sAAAAU1eL+cHn
Arv//wMAi0UUO4YoAQAAD42PAAAAi0YYiwQH9gADdTKLTRA7TRiL0X9ojQxJweECO5YsAQAAfVqL
RhiLBDiLQBSNRAgECRhCg8EMO1UYfuDrQItFEJkrwovIi0UYmSvC0fjR+UA7yIlFCH8mjRRJweIC
O44sAQAAfRiLRhiLBDiLQBSNRBAECRhBg8IMO00IfuD/RRSLRRSDxwQ7RRwPjmL///9fW4N9IAB0
C/91DOh/5P//WesF6I79//9eXcNVi+yD7AxWi3UIV41FCFCNRfxQ/7aIEAAA6H3WAAAz/4PEDDl9
/A+ErwEAADl9CA+OpgEAAFboK/7//4uGcBAAADvHWXQHUOgKSf3/WYtFCIPADGoCUIm+dBAAAIm+
eBAAAOglSP3/Ob5sAQAAWVmJhnAQAAB0F2oMaPAHRwBQ6A+yAQCDxAyDhnQQAAAGi038i1UIU40E
UTvIi9mJTfSJXfgPg7gAAADrKo1EUfw72HcUagRoiANHAFPoNNEBAIPEDIXAdBKLTfyLVQhDQ4ld
+I0EUTvYctKLwytF9DPJ0fg7x34ki130ZoscS4uWdBAAAIu+cBAAAGaJHFf/hnQQAABBO8h83jP/
i0X8i00Ii134jURI/DvYdzJqBGiIA0cAU+jM0AEAg8QMhcB1HouGdBAAAIuOcBAAAGbHBEENAP+G
dBAAAIPDBIld+ItN/ItVCI0EUTvYiV30D4JK////Ob5sAQAAW3Qmi4Z0EAAAi45wEAAAagyNBEFo
4AdHAFDoDrEBAIPEDIOGdBAAAAaLjnQQAACB+QABAAB9PouGhBAAADvHdBFXUf+2cBAAAFDo1Rv9
/4PEEIuGcBAAADvHdAdQ6I5H/f9Zib5wEAAAib50EAAAib54EAAAV1f/togQAADos9QAAFZoK2tD
AOjwmfz/g8QUX17Jw4tEJASLTCQIUImINAEAAOi5+///WcNVi+yD7BRTM9s5XQhWV4vwiV38iV34
iV3wdAuLfmyNRwGJXQjrD4uGKAEAADP/x0UIAQAAADldDIlF9HUJi0Zwi35siUXwOV0QdR2LRmyJ
RfSLRnA7hiwBAAB1CP9F9Ild+OsEQIlF+DldDHQFOV0QdRD/dmyLXnCLxuhg2v//WTPb/3X4i1X0
Uv918IvGV+gR9///g8QQO/t1JTld8HUgO5YoAQAAdQdW6On7//9ZOV34dQw5XQh0B8dF/AEAAAA5
nhgRAAB0Nzld/HQyi0X0O4YoAQAAdQz/dghW6NfV//9ZWUA7ww+OjgAAAI1I/2oBUVOLyOhd1v//
g8QM63tqAWh0CQAAV1boYtD//4PEEIvYO330fAp1X4tF+DlF8H1Xi8OLzuhv0f//i03wO44sAQAA
dRGDfQgAdQWAI8/rEmaDIwDrDFGNRlRT6GLF//9ZWYtF8DuGLAEAAHUWg2XwAEc7vigBAAB9qGoB
aIAJAADrk/9F8OuaM9s5Xfx0CzmepAEAAHUDiV4UX15bycOFyVeL+HUCM/+NhqQBAAA7CA+EFAIA
AIkIi04Ii0YMUVaJTgyJRgjo/dT//0CF/1mJhqgBAACLRnBZdQ2F23UJi454AQAAiU5whf+JhngB
AACLRmx1DYXbdQmLjnwBAACJTmyF/4mGfAEAAItGfHUJi46cAQAAiU58hf+JhpwBAACNhoAAAACL
CHUIi5agAQAAiRCF/42GhAAAAImOoAEAAIsIdQiLloABAACJEIX/jYaIAAAAiY6AAQAAiwh1CIuW
hAEAAIkQhf+NhowAAACJjoQBAACLCHUIi5aIAQAAiRCF/42GkAAAAImOiAEAAIsIdQiLlowBAACJ
EIX/jYaUAAAAiY6MAQAAiwh1CIuWkAEAAIkQhf+NhtwAAACJjpABAACLCHUIi5aYAQAAiRCF/42G
0AAAAImOmAEAAIsIdQiLlpQBAACJEIX/i0Z0iY6UAQAAi054dRaF23USi5YIAQAAiVZ0i5YMAQAA
iVZ4hf+JhggBAACNhpgAAACJjgwBAACLCHUMhdt1CIuWFAEAAIkQhf+NhpwAAACJjhQBAACLCHUM
hdt1CIuWGAEAAIkQhf+LRkSJjhgBAAB1DYXbdQmLjhABAACJTkSF/4mGEAEAAI2GoAAAAIsIdQyF
23UIi5YcAQAAiRCF/42GpAAAAImOHAEAAIsIdQyF23UIi5YgAQAAiRCF/42G1AAAAImOIAEAAIsI
dQyF23UIi5YkAQAAiRCJjiQBAACF/190FoN+CAB0EGoBagFqAIvG6C78//+DxAzDUzPbOVwkCFaL
8Q+EIAMAAIP4Lw+PvgEAAA+EfgEAAIP4Bg+PGwEAAA+ECgEAAEgPhPgAAABID4S8AAAASHRGSEgP
hVMDAACLhqgAAAA7w3QZO/t1Ef+2rAAAAGoB6Nf3//9ZWesUO8N1EDv7dAz/FejSRQCJhqwAAACJ
vqgAAADpogIAAIvG6Nnx//85nkwRAAB1If+2KAEAAIvH99gbwIPgNIPAUFD/togQAADoW+MAAIPE
DIuGKAEAAEiJhoAAAACJhqABAABTM9IzyYvGib60AAAAiV58iZ6cAQAA6NbU//8zwEBQUFOLxug6
+///g8QQ6aICAAAzwDv7D5TAO8OJhkgBAAB0DomexAAAAIme2AAAAOsMi4YEEQAAiYbEAAAA6LTN
///pbQIAAIm+QAEAAOliAgAAib6EAAAA6VcCAACD6Ad0Skh0NUhIdCaD6A8PhUICAABm9wYQQHUL
iZ5EDgAA6TACAACJvrAAAADpsgEAAIm+zAAAAOnzAQAAM8A7+w+UwImGTAEAAOkIAgAAib6IAAAA
6f0BAAD2RgFAdLyLxui78P//i440EQAA99kbyffRI88z2zPA6Pj7//+DvmQRAAAAD4TMAQAAg2YQ
AOnDAQAAuRcEAAA7wQ+PkwAAAHRoLegDAAB0QUhIdDKD6AR0G4PoCQ+FmwEAADPAO/sPlcCJhmQB
AADpiQEAADPAO/sPlcCJhmABAADpdwEAAIvH99gbwIPgAusHM8A7+w+VwFf/togQAACJhlwBAADo
0acAAFlZ6UwBAAD2RgFAD4QH////i8boBvD//4uONBEAAPfZG8n30TPAI89Ai9jpRf///y0YBAAA
D4SQAAAASHQdLbsDAAAPhQoBAAAzwDv7D5XAiYZsAQAA6fgAAAA7+3QTOZ40EQAAdRJXi8boctP/
/1nrB4vG6A31///2RgFAD4SV/v//i8bolO///4uONBEAAPfZG8n30TPAI88z20Do0Pr//zv7dRE5
njQRAAB1CVOLxugr0///WTmeZBEAAA+EkAAAAIleEOmIAAAAOZ40EQAAdQlXi8boBtP//1k7+3Vz
i8ZeW+md9P//g/gEdFaD+Ax0LIP4FHQfg/gidVZm9wYQQA+EEP7//zPAO/sPlMCJhlgBAADrPIm+
UAEAAOs0M8A7+w+UwImGyAAAAIu2hBAAADvzdB1TU1NW6BgN/f/pZf3///YGCA+Ey/3//4m+kAAA
AF5bw1Mz21WLbCQMi4UoAQAAg/j/VleJnXwBAACJnXgBAACJXXSJXXiJnQgBAACJnQwBAACJXXyJ
nZwBAAB0D0iJhYAAAACJhaABAADrDImdgAAAAImdoAEAAIuFLAEAAIP4/3QmM8k7w34gi8GZaghe
9/6LhUAOAAD32hrS/sKIFAFBO40sAQAAfOBqXP+1lBAAAOjko/z/al3/tZQQAACJhYQAAACJhYAB
AACJnZAAAACJnYwBAACJnSABAACJnaQAAACJnYwAAACJnYgBAADop6P8/4mFiAAAAImFhAEAALgA
2AAAiYUYAQAAiYWcAAAAiYV0AQAAiYVwAQAAuAAFAgBqSf+1lBAAAImdFAEAAImdmAAAAImdlAAA
AImdkAEAAImdHAEAAImdoAAAAImd3AAAAImdmAEAAImd4AAAAImdJAEAAImd1AAAAImd0AAAAImd
lAEAAImdqAAAAImdOAEAAMeFsAAAAAEAAACJnVgBAACJRUCJhRABAACJRUSJRTyJncgAAACJncwA
AADo56L8/2pK/7WUEAAAiYVAAQAA6NSi/P9qa/+1lBAAAImFRAEAAOjBovz/amz/tZQQAACJhbgA
AADorqL8/411SI19VKWliYXEAAAAi8WliZ2kAQAA6P/S//9T/7WIEAAAiZ1cAQAAiZ1gAQAAiZ1k
AQAA6HakAACDxDiJnWwBAAAz/421bA4AAFdoigAAAP+1lBAAAOjRovz/g8QMZokGR0ZGgf8AAQAA
fN45XQh0fzP/RzPbM8CLz4v16M/3//9XV1OLxeg29v//g8QMM8Azyei59///OVwkGHQNV1dTi8Xo
Gvb//4PEDP91CFXoxsz//1lZi40oAQAAQDvBiUVsdRVISVdRagCLz4v1iUVs6EPN//+DxAwz24v1
iV1w6I/I//9V6I7x//9ZX15dW8OJXWzr5Vb/dCQMi3QkDFboMP3//4uGhBAAAIXAWVl0D2oAagBq
AFDoGQr9/4PEEINmEACLxujS6///VuhZ7P//WV7DVYvsg+wYU1aLdQhXi30Mal1X6GOh/P9qXf+2
lBAAAIvY6FSh/P8zyTvDD5XBalxXiU306EKh/P9qXP+2lBAAAIvY6DOh/P8zyTvDD5XBamtXiU3w
6CGh/P9qa/+2lBAAAIvY6BKh/P8zyTvDD5XBamxXiU3s6ACh/P9qbP+2lBAAAIvY6PGg/P8zyYPE
QDvDD5XBg2X8AINlCACJTej/dQi7igAAAFNX6Eyh/P//dQiJRfhT/7aUEAAA6Dqh/P+LTfiDxBg7
wXQHx0X8AQAAAP9FCIF9CAABAAB8wmp9V+iWoPz/an3/tpQQAACL2OiHoPz/g8QQO8N1Hmp+V+h4
oPz/an7/tpQQAACL2OhpoPz/g8QQO8N0aDPbOZ7QEAAAiV0IfluLhsgQAAD/dAME6KA7/f+LhswQ
AAD/dAME6JE7/f+LhsgQAACDDAP/i4bIEAAAg2QDBACLhswQAACDDAP/i4bMEAAAg2QDBAD/RQiL
RQhZg8MQO4bQEAAAWXyl/7aUEAAA6LSe/P9X6NGf/P8z/zl99FlZiYaUEAAAdBZqXVDo0p/8/1lZ
iYaIAAAAiYaEAQAAOX3wdBtqXP+2lBAAAOiyn/z/WVmJhoQAAACJhoABAAA5fex0HGpr/7aUEAAA
6JKf/P9ZiYa4AAAAWYvG6JDG//85feh0FWps/7aUEAAA6HGf/P9ZWYmGxAAAADl9/HQqjZ5sDgAA
V2iKAAAA/7aUEAAA6Myf/P+DxAxmiQNHQ0OB/wABAAB83jP/akT/tpQQAADoLZ/8/4XAWVl0CzPb
M8Azyei/9P//akL/tpQQAADoD5/8/4XAWVl0FFf/togQAACJvlwBAADo+aAAAFlZakf/tpQQAADo
6J78/4XAWVl0I7gA2AAAiYZ0AQAAiYZwAQAAib6UAQAAib7QAAAAib7cAAAAanz/tpQQAADotp/8
/4XAWVl1B4vG6BLP///oZsX//1boZe7//1boxMX//1lZX15bycNTVlcz9mhwEQAARlboDDn9//90
JBiL2ItEJCSJg4gQAACLRCQgiYOQEAAA6EWe/P+Jg5QQAACNg0AKAABoAAhHADP/UIm7jBAAAMcD
//8AAOiPuAEAjUNgUIm7pBAAAIm7qBAAAIm7cBAAAIm7dBAAAOj2N/3/jYP4AAAAUOjqN/3/U4m7
8AAAAIm77AAAAIm7BAEAAIm7SAEAAIm7UAEAAIm7VAEAAIm7aAEAAIm7tAAAAIm7wAAAAIm7vAAA
AImzNAEAAIm7TAEAAIm7RA4AAIm7SA4AAIl7JOjexP//g87/i8OJewSJewyJewiJexSJu6gBAACJ
exCJexiJcyCJcxyJu0AOAADoz+f//2oBU4mzLAEAAImzKAEAAOjz+P//g8QoiXssiXsoiXswiXs4
iXs0ibNsEAAAibt8EAAAibuAEAAAibuYEAAAibu0EAAAibu4EAAAibu8EAAAibvAEAAAibvEEAAA
ibucEAAAibvQEAAAibvMEAAAibvIEAAAiXtQjXNIxwYg2AAAx0NMAAUCAI17VKWlpV9ei8Nbw1WL
7IPsFFeLfQiLhygBAAA5RQyLj6QBAACJRfiJTex1GotFEDuHLAEAAHUPi0UUO4cwAQAAD4TFBAAA
M8BAOUUMfQOJRQw5RRB9A4lFEFNWi8fo5eb//zPbM8AzyYv36Czy//+LRQxIg78oAQAA/4lffImf
nAEAAIlF9ImHgAAAAImHoAEAAHUdU+jJOgAAU4lHBOjAOgAAWVmJRwiJXxSJnygBAAD/dwToNDsA
AP93CIlF/OgpOwAAOYcoAQAAWVl0F2jfBgAAaDwFRwBovAhHAOjVnAEAg8QMi3UM6ZoAAACLRxQ7
w35pOUX8fRdo5AYAAGg8BUcAaKAIRwDoqpwBAIPEDP9N/P91/P93BOhPRgAAi9BTiVXw6F+/////
dfCL8OgfN/3/U4leDP9PFFb/dwjorz8AAIt1DIPEHP9HbP9HdP+HfAEAAP+HCAEAAOskU/91EFfo
I7T///93CIlF8Oh7OgAAUP918P93COh0PwAAg8Qc/4coAQAAObcoAQAAD4xa////fneLhygBAABI
OUdsfRRQ/3cI6MNFAABZWYvw6Dq0///rQ1P/dwjor0UAAFlZ/3X8i/CL/ugYu///i30IUP93BOga
PwAAg8QM/0X86Aq0////RxT/T2z/T3T/j3wBAAD/jwgBAAD/jygBAACLhygBAAA7RQx/jIt1DDm3
KAEAAHQXaAkHAABoPAVHAGiICEcA6I+bAQCDxAz/dwjoujkAADvGWXQXaAoHAABoPAVHAGhkCEcA
6GubAQCDxAyLRfw7RRR+HYvwK3UUKXX8U/93BOgFRQAAUOjkNf3/g8QMTnXri0X8O0cUfQOJRxT/
dwToZjkAADtFFFl+F2gUBwAAaDwFRwBoOAhHAOgWmwEAg8QM/3cE6EE5AAA7RxRZfRdoFQcAAGg8
BUcAaAgIRwDo8ZoBAIPEDGoE/3UMiV8Q6LI0/f85XQxZWYlF8H48i/CLRQyJRQhT/3UQV+iYsv//
g8QMOV0QiQZ+GItNEDPAixaLUhTHRAIE//8DAIPADEl17YPGBP9NCHXMOV8YdCE5XfiJXQh+GYtH
GItNCIs0iOi2sv///0UIi0UIO0X4fOf/dxjoCDX9/4tF8INPIP+DTxz/U4lHGOgFOAAAOV0Mi3UQ
WVmJRfiJXQh+I2oBVlfoE7L///91CFD/dfjobz0AAIPEGP9FCItFCDtFDHzdi0cMO8N0JlNQ6wuL
8OhKsv//U/93DOjBQwAAO8NZWXXq/3cM6PM3AACLdRBZi0X4agFW/7dADgAAiUcMiZ+oAQAA6A80
/f+Jh0AOAACLhywBAACDxAw7w4lFCH8jiV0I6x6LRQiZaghZ9/mLTQiLh0AOAAD32hrS/sL/RQiI
FAE5dQh83Y1HdDkYfQKJGItVDDkQi030fAKJCDl3eHwGjUb/iUd4jYcIAQAAORh9AokYORB8AokI
jYcMAQAAOTB8CI1W/4kQi1UMjUdsORh9AokYORB8AokIOXdwfAaNRv+JR3A5n3wBAAB9BomffAEA
ADmXfAEAAHwGiY98AQAAjYd4AQAAOTB8A06JMItN7IkYi0UMiYcoAQAAi0UQiYcsAQAAi0UUiZ98
AQAAiZ+IAQAAiZ+MAAAAiYcwAQAAM9szwIv36MHt//+Lx+haw///V+jt4v//i4d8EAAAhcBZXlt0
F/+3KAEAAP+3LAEAAP+3gBAAAP/Qg8QMX8nDVY1sJIyB7AgCAACDZWQAg01c/4NlWABTVleDfWQA
i3V8fxyDfVz/D4WeAAAAjUZgUOiiMf3/hcBZD44+KgAAg31c/w+FggAAAIN9ZAB1SI1FZFCNRURQ
jX5gV+iAMf3/uAABAACDxAw5RWR2A4lFZP91ZI2FbP7///91RFDo/5sBAP91ZFfo3zf9/42FbP7/
/4PEFIlFWItFWA+2CP9FWP9NZGoCWzmeKBEAAIlNcHUni4aMEAAAhcB0HVNRUOjODf3/i01wg8QM
6w2LTVyDTVz/agKJTXBbg77sAAAAAA+EpwAAADP/R1eNRXBQjYb4AAAAUOjYNv3/g8QMg77wAAAA
AA+EgAAAAItFcIP4G3UIib70AAAA6yM9mwAAAHUIiZ70AAAA6xSD+Ft1KTm+9AAAAHTrg6b0AAAA
AIO+9AAAAAQPhdH+//+LRXzoBsf//+nE/v//g/g0dRQ5nvQAAAB10seG9AAAAAMAAADrzYP4aXXB
g770AAAAA3W4x4b0AAAABAAAAOuzi01wi4ZEDgAAhcCJRWAPhfAAAAA5htwAAAAPhbUAAACLlpAQ
AACBegzp/QAAD4SiAAAAi4bQAAAAhcB0KYP5G3Qkg/kKdB+D+Q10GoP5CHQVO8N1BoHJgAAAAIHJ
ANoAAOmbAAAAi4aUAAAAi4SGcAEAALsA2AAAO8N0Q78A2QAAO8d0JD0A2gAAdBM9ANsAAHVxg/kj
dSe5fdkAAOtig/kgcmAPtsnrsoqEChAKAAA8/w+FMgIAAA+2yQvP60KKhAoQCgAAPP8PhRwCAAAP
tskLy+ssi77gAAAAhf8PhO4BAAB+H4P/BX8ai8EkwDyAdBmDpuAAAAAAiU1cuWHZAACJTXAz2+kM
AQAAjZbkAAAAiwKD4T/B4AYLwY1P/zPbO8uJAomO4AAAAA+FYf3//4vIgfmAAAAAiU1wckeB+QAI
AACLRXxzCYO46AAAAAJ9M4H5AAABAHMJg7joAAAAA30igfkAACAAcwmDuOgAAAAEfRGB+QAAAARz
EYO46AAAAAV8CLlh2QAAiU1wgfkoIAAAdAiB+SkgAAB1CLmFAAAAiU1wgfmgAAAAcwi5/f8AAIlN
cIH5ANgAAHIQgfkA4AAAcwi5YdkAAIlNcIH5//8QAHYIuWHZAACJTXCB+QAADgByDIH5fwAOAA+G
ofz//4H5//4AAA+Elfz//4H5/v8AAHQIgfn//wAAdQi5YdkAAIlNcIt1fIvBg+DgPYAAAAAPhWwB
AACDfWAFD41iAQAAOZ5IAQAAD4VWAQAA9gYQD4RNAQAAgfmaAAAAD4UoAQAAM8mJTXC/AEAAAPfB
4P///w+F4gQAAIO+RA4AAAUPjdUEAACD+QsPh2wDAAAPhGoEAACD6QUPhCgDAABJSQ+ERQIAAEkP
hP4BAABJD4R7AQAASQ+FESYAAItGbIuOgAAAADvBD4VHBAAAagFR/3Z8M8lB6AO///+DxAzpQAQA
AIH5gAAAAHMni4aQEAAAioQIEAoAADz/dAgPtsjpD/7//w+2yYHJANgAAOkB/v//i8FmJeAAPMB1
CDPAQIPhH+s8i8FmJfAAPOB1EYme4AAAAIme6AAAAIPhD+sti8FmJfgAPPB1B2oDg+EH6w+LwWYl
/AA8+HUdagSD4QNYiYbgAAAAiYboAAAAiY7kAAAA6Sz7//+LwWYl/gA8/A+Fif3//2oFg+EB69OD
4R+DwUDHhkQOAAABAAAAiZ4wAgAAiU1wg/l/D4W7/v//g75EDgAABQ+Nrv7//78AQAAAhT4PhKb+
//+LRnA7w3QMOZ6MAAAAdQRIiUZwOZ5AEQAAiZ6MAAAAD4XgJAAA/3Zsi15wi8bobMH//4tecP92
bEOLxuhewf//WVn/dnCNflRqAWiNCwAA/3ZsVujWt///g8QQUIvH6A6t///pBx0AAItebItGcGoB
aCkMAABTVolFQOivt///i44sAQAAg8QQiUVgjVH//0Zwi35wO/p9DIuGQA4AAIA8BwB06otFYPYA
A3QRi8GZK8LR+Dv4fA1IiUZw6wc7+XwDiVZw/3Zwi8b/dmz/dUBT6I/d//+DxBCLxuiD4f//6SEk
AACLTnA7y3UlOV5sdOg5nogAAAB04DvLdRSLRmw7w34Ni44sAQAASUiJRmzrD42GjAAAADkYdASJ
GOu6SYlOcOu0/xXo0kUAOV40i/h1JWoIagHoASz9/1mJeASJGDleKFl1BYlGKOsFi04siQH/RjCJ
RiyLRig7w3Qri88rjvQQAAA5SARzHosIUIlOKOiQLP3/i0YoO8NZdQOJXiz/TjA5Xih11YuG6BAA
ADvDdDI5XjR0EovPK044O47wEAAAcgWJXjTrGzvDdBc5XjR1EotOMDuO7BAAAHwHx0Y0AQAAADvD
iX44dAk5XjQPhQT///+NvuQQAAD/N/+2iBAAAOjzugAAgz8CWVkPheb+//9TU+jV4P//WenBCwAA
9gYBD4Q5AQAAi4aEEAAAO8MPhO8iAABqAP+23BAAAP+22BAAAGoAUOiTAf3/g8QU6dEiAACD6QwP
hMkAAABJdHlJdF5JdEeD6QwPhbYiAAAzwDmGSAEAAHQPx4ZEDgAACQAAAOmdIgAA9gYBdQuJhkQO
AADpjSIAAMeGRA4AAAEAAACJhjACAADpeCIAAPYGAg+EqwAAAImelAAAAOlkIgAA9gYCD4SXAAAA
x4aUAAAAAQAAAOlMIgAAi8aJXnCJnowAAADomd///zmeFBEAAA+EngAAAItGbIuOgAAAADvBdRNq
AVH/dnwzyUHoJrv//4PEDOt+i44oAQAASTvBfXNAiUZs6232RgEQdCxTM9IzyYvG6Da9//9qAVNT
6J7j//+DxBA5nmQRAAAPhNQEAACJXhDpzAQAAPYGAg+Fs/v//4meRA4AAOm5IQAAi44oAQAASTvB
fQRAiUZsOZ4gEQAAdAOJXnCLxomejAAAAOjv3v//i4aMEAAAO8MPhIQhAABqAf91cFDoxgX9/4PE
DOlxIQAAi4ZEDgAAg/gND4diIQAA/ySF0LRDAGoBaEMMAAD/dmxW6HS0//+L+ItFcCUA/P//g8QQ
M9s9ANgAAHUJx0VsAQAAAOsbOZ4IEQAA/3VwdAfo4ToAAOsF6Mc5AABZiUVsOZ6MAAAAdF05nogA
AAB0VTldbH5QgA8Qi0Zsi46AAAAAO8F1E2oBUf92fDPJQejvuf//g8QM6w+LjigBAABJO8F9BECJ
RmxqAWhUDAAA/3ZsiV5wVomejAAAAOjas///g8QQi/g5npAAAAB0DjldbH4J/3Vs6DHa//9ZOZ5I
DgAAdCaLRnA7hiwBAACLTmx1BTPAQesBQFBR/3Zwi8b/dmzoytn//4PEEItFcCUA////PQDYAAB0
BDvDdRiLhowQAAA7w3QOagH/dXBQ6I0E/f+DxAyLRWwrww+ExAEAAEgPhP0AAABID4X69f//i3V8
/3Zsi15wi8borbz//4tecP92bENDi8bonrz//4uGLAEAAFlZi05wSDvIdXNRjUZUV+hXqP//gA8w
i0ZsWVmLjoAAAAA7wXUTagFR/3Z8M8lB6Ny4//+DxAzrD4uOKAEAAEk7wX0EQIlGbINmcABqAWiE
DAAA/3ZsVujMsv///3Zsi15wi/iLxugtvP//i15w/3ZsQ0OLxugevP//g8QYi0Zw6Bin//+LRnCL
TxSLVXCNBECJFIGLRnCLTxSLVkCNBECJVIEE/0Zwi0Zw6O6m//+LRnCLTxSNBEDHBIH/3wAAi0Zw
i08Ui1ZAjQRAiVSBBOtK/3Zsi15wi8bourv//4tecP92bEOLxuisu///i0ZwWVnop6b//4tFfItI
cItXFIt1cI0MSYk0iotIcItXFItAQIt1fI0MSYlEigT/RnCLRnA7hiwBAAB1WTPJSEEz2zmeiAAA
AIlGcImOjAAAAHRCOZ5IAQAAdDqADxCLRmyLloAAAAA7wnUSUVL/dnzorrf//4t1fIPEDOsPi44o
AQAASTvBfQRAiUZsiV5wiZ6MAAAAi8bo09v//4t1fOluHgAAi3ZwO/MPjjn0//+LXXxOg7uMAAAA
AHQBRotPFI0EdoE8gf/fAAB1HIX2fxdorwwAAGg8BUcAaGwJRwDok4wBAIPEDE7/dXCLxov36N6k
//9Zi8Poc9v//+nn8///g/lcdRHoFbv//4OmRA4AAADp+x0AAIP5IHIfg/kvdxqNhjACAACDOAB0
CIMI/+neHQAAiQjp1x0AAIuGMAIAAMHgCDPbA8iB+TYjAACJnkQOAAAPh7MCAAC4MyMAADvID4Nj
AgAAg/lID4cgAQAAD4T/AAAAg+k3D4TfAAAASQ+EwgAAAIPpBQ+EoQAAAEkPhIYAAACD6QZ0Q0kP
hXAdAAD2BgIPhGD///+LRmyLjoAAAAAhXnA7wXULagFRM8lB6TkJAACLjigBAABJO8EPjTUJAABA
iUZs6SwJAAD2BgIPhGf7//+LRmyLjoAAAAA7wXUOagFR/3Z8M8lB6a0BAACLjigBAABJO8F9BECJ
RmyJnowAAADpyfj///YGAg+EKfv//4meRAEAAOniHAAA9gYCD4QV+///x4ZEAQAAAQAAAOnKHAAA
9gYCD4T9+v//U4vG6HG4///pbwUAAPYGAg+E5/r//2oBi8boWrj//+lPHAAA9gYCD4TQ+v//i4ZA
DgAAi05wxgQIAemCHAAAg+lND4T3AAAAg+kND4S/AAAASQ+EkwAAAElJdHKD6QYPhVwcAAD2BgIP
hEz+//9qAVboeOX//4uGhBAAADPbO8NZWXQMU1NTUOhi8vz/g8QQjb60AAAAOR90IDmeTBEAAHUW
/7YoAQAAalD/togQAADoqcUAAIPEDIkfOZ5kEQAAD4TO9///iV4Q6cb3//+FPg+EJ/r//8eGRA4A
AAMAAACJnqwBAADp1hsAAMeGRA4AAAIAAADHhiwCAAABAAAAiZ6sAQAAiZ4wAgAA6bEbAAD2BgIP
hOT5//+NvoQQAAA5Hw+EmhsAAI2eQAoAAGoAU+i5hgEAWVBT/zfpShoAAPYGAg+Etfn//4tGbItO
fDvBdRlqAf+2gAAAAFGDyf/ob7T//4PEDOlV/v//O8MPjk3+//9I6UT+///2BgIPhHv5//8ryHQP
SXQIM9tJdApD6wdqA+sCagJbagFoZg0AAP92bFboQq7//4PEEIvOi/joYK///2aJH+kFGwAAuEIo
AAA7yA+HjwEAAA+EZQEAAIHpOCMAAA+EswAAAIHpAAIAAA+EhAAAAIPpCHRfg+kHdHqB6ekCAAB0
LoPpEQ+FvxoAAPYGAg+Er/z//4O+SBEAAAAPhakaAADHhnABAAAA2wAA6ZoaAAD2BgIPhM34//85
nkgRAAAPhYUaAADHhnABAAAA2QAA6XYaAACFPg+Eqvj//zmeSBEAAA+FYhoAAIOm3AAAAADpVhoA
AIU+D4SK+P//OZ5IEQAAD4VCGgAAx4bcAAAAAQAAAOkzGgAA9gYCD4Rm+P//OZ4oAQAAiV1sfmFq
AWg8DQAA/3VsVug4rf//g8QQi86L+OhWrv//M9s5niwBAAB+KSFdaFNXjUZI6Fii//+LRxRZWYtN
aINFaAxDxwQBRQAAADueLAEAAHzaZoMnAP9FbItFbDuGKAEAAHyfM/85vmQRAAB0A4l+EIvG6AfX
//+LhigBAABXM8lQM9JSUYvG6PTS//+DxBDpjRkAAPYGAg+EwPf//zmeSBEAAA+FeBkAAMeGcAEA
AADYAADpaRkAAIHpVSgAAA+EqQAAAIHp2wAAAHR9g+kRdFRJdC2D6RMPhUQZAACFPg+ENfv//4O+
SBEAAAAPhS8ZAADHhnQBAAAA2gAA6SAZAAD2BgIPhFP3//85nkgRAAAPhQsZAADHhnQBAAAA2AAA
6fwYAAD2BgIPhC/3//85nkgRAAAPhecYAADHhnQBAAAA2wAA6dgYAAD2BgIPhAv3//85nkgRAAAP
hcMYAADHhnQBAAAA2QAA6bQYAACFPg+E6Pb//zmeSBEAAA+FoBgAAMeGcAEAAADaAADpkRgAADPS
iZZEDgAAgz3IqEcAAWoEW34QU1HosJMBAFlZi01wM9LrDKHAqEcAD7YESIPgBDvCdF+NliwCAACL
AoP4IH9DjYSGqAEAAIM4AHUGgyAAi01wiwKNhIaoAQAAixCB+pmZmRl3G2rPjRSSX9HiK/k713cN
ixCNFJKNTFHQiQjrA4MI/8eGRA4AAAIAAADp/hcAAIP5O3UYjYYsAgAAiwiD+SB934mUjqwBAAD/
AOvUg/lAcxyNhjACAAA5EHQFgwj/68CD+T91tMcAAQAAAOuzi4YwAgAAweAIA8G5aAEAADvBD4c2
DgAAD4TmDQAAg/haD4f2AwAAD4SXAwAAg/hID4cBAQAAD4TfBAAAg+hAg/gHD4d4FwAA/ySFCLVD
AIuWKAEAAI2GrAEAAIsIO8p2AovKhcmJCHUBQYtWbCvRagGLTnCLxuiOsv//WekS8///i5YsAQAA
jYasAQAAiwg7ynYCi8qFyYkIdQUzwEDrAovBi05wagEryOkcBAAA9kYBIA+EAfn//4uWKAEAAI2G
rAEAAIsIO8p2AovKhcmJCHUBQYtWbAPR6yr2RgEgD4TV+P//i5YoAQAAjYasAQAAiwg7ynYCi8qF
yYkIdQFBi1ZsK9FqATPJ6Wf////2BggPhKP4//+LliwBAACNhqwBAACLCDvKdgKLyoXJiQh1AUFR
6UsBAACD+FAPh0wBAAAPhA8BAACD6EoPhLcAAABID4SFAAAASHRHSA+FYBYAAPYGCA+EUPj//4uW
KAEAAI2GrAEAAIsIO8p2AovKi5aAAAAAiQiLRmw7wg+PA/L//4XJdQFBagFSUOgzr///6172BggP
hEUQAACLligBAACNhqwBAACLCDvKdgKLyouWgAAAAIkIi0ZsO8IPj8Px//+FyXUBQWoA99nrvIuG
rAEAAECD+AN2AjPAi8jR6IPhAVGD4AFQagGLxuh81///g8QM6Y3x//+LhqwBAAA7wnU3M8BAg/gD
dgIzwIvI0eiD4QFRg+ABUFKLxuhM1///g8QMg75kEQAAAA+EVfH//4NmEADpTPH//4P4A3XGVuhg
zv//Wevc9gYID4SQDwAAi5YsAQAAjYasAQAAiwg7ynYCi8qFyYkIdQUzwEDrAovB99hQ6NPO///p
7/3//4PoUw+E6wAAAEgPhLsAAAArww+FHBUAAPYGAQ+EDPf//4u+LAEAAI2GrAEAAIsIO893Aov5
hf+JOHUBR4tGcGoBaDIQAAD/dmyJRWxW6Auo//+LXnCJRWCLhiwBAAArw4PEEDv4fgKL+ItGbP92
bIlFSItGcAPHiUVMi8boTLH//4tecP92bAPfi8boPbH///91TIvG/3VI/3Zw/3Zs6PDN//+DxBiF
/w+EWfD//41eVP91bIvD/3Vg6OKc////RWxPWVl16+k88P//i5YoAQAAjYasAQAAiwg7ynYCi8r2
RgEQiQgPhEL2//+FyXUBQffZ6yWLligBAACNhqwBAACLCDvKdgKLyvZGARCJCA+EGfb//4XJdQFB
agH/toAAAAD/dnzoHK3//4PEDIOmjAAAAADpz+///4U+D4QiDgAAi5YsAQAAjYasAQAAiwg7ynYC
i8qFyYkIdQFBi1Zsi35w6x2DfnAAfhv/TnCLRnCFwH4Mi55ADgAAgDwYAHTqSYXJf9//dnD/dmxX
UukH+v//g/hpD4fVAQAAD4RNDAAAg+hgg/gID4eIEwAA/ySFKLVDAPZGASAPhHD1//+LligBAACN
hqwBAACLCDvKdgKLyoXJiQh1AUGLVmwD0ekB/P//9kYBIA+EQfX//4uWLAEAAI2GrAEAAIsIO8p2
AovKhcmJCHUFM8BA6wKLwYtOcGoBA8jrKPZGASAPhA31//+LliwBAACNhqwBAACLCDvKdgKLyoXJ
iQh1AUFqAEmLVmzpovv///ZGASAPhN30//+LligBAACNhqwBAACLCDvKdgKLyokIi4aEAAAAhcB0
BYtWfOsCM9KFyXUBQffYG8CD4AJQjVQR/+lY+///M9KDviwCAAACfQaJlrABAACLligBAACNhqwB
AACLCDvKi/p3Aov5i5YsAQAAiTiNhrABAACLCDvKdgKLyokIi4aEAAAAhcB0BYtWfOsCM9KF/3UB
R4XJdQFB99gbwIPgAlCNVBf/Senv+v//9gYCD4Qr9P//jb6EEAAAgz8A6YT2///2BgIPhBT0//+D
viwCAAABD4UOEgAAi4asAQAAhcB1EouGQA4AAItOcMYECADp8hEAAIP4Aw+F6REAADPJjYYsAQAA
OQgPjtkRAACLlkAOAADGBBEAQTsIfPHpxREAAIP4cw+HFwQAAA+EC/X//4PobA+EHQoAAEgPhAYB
AABID4SYAAAAK8MPhZcRAAD2BgIPhIfz//+DviwCAAACD4+BEQAAi74oAQAAjYasAQAAixA713YC
i9eJEI2GsAEAAIsIO8+L33cCi9mF0okYdQUzyUHrAovKSYO+LAIAAAF+BoXbi8N1AovHSDvHfAON
R/+L0CvRhdIPjigRAACDZnAAiYaAAAAAi4aEAAAA99gbwCPBiU58iUZs6drs//+LjoQQAAA7yg+E
+RAAAIuGrAEAAIP4BnU3i0ZwQFCLRmxAUI1F/GhgCUcAUOhLhwEAg8QQjUX8agBQ6PV7AQBZUI1F
/FD/toQQAADpfw8AAIP4BQ+FrhAAAGoAU2hYCUcAUeloDwAAOZYsAgAAiVVsD46KEAAAjY6wAQAA
x0VoAgAAAI2+rAEAAI2etAEAAIlNYDPSiwc7wnUEM8DrKIP4YQ+HcgIAAIP4Wg+DXAIAAIP4Fg+H
IQEAAA+ECwEAAIP4B3dvdGQrwnRYSHRDg+gDdH9IdClID4VgAgAA9kYBEA+ENwEAAIOmxAAAAACA
TkIg6H2k//+LTWDpPAIAAPYGBA+EFgEAAIBOQiDpLAIAAPYGBA+EBAEAAIBOQgTpGgIAAItGPOmO
AQAAgE5CEOkJAgAAg+gKdHVIdE1IdCWD6AkPhfUBAAD2RgFAD4TMAAAA9gYED4TDAAAAgE5CCOnZ
AQAA9kYBEA+EsAAAADmWSBEAAA+FwwEAAMeG0AAAAAIAAADptAEAAPZGARAPhIsAAAA5lkgRAAAP
hZ4BAADHhtAAAAABAAAA6Y8BAAD2RgEQdGo5lkgRAAAPhX0BAACJltAAAADpcgEAAGb3BhBAdEyA
ZkL76WIBAACD+CYPh6oAAAB0bIP4GHRXg/gZdEKD+Bt0IoP4HQ+GPwEAAIP4JQ+HNgEAAGaBZkAA
/osXg+oe6RwBAABm9wYQQHULiZZEDgAA6RQBAACAZkLv6QsBAABm9wYQQHTlgGZC3+n7AAAAZvcG
EEB01YBmQvfp6wAAAItFaDuGLAIAAA+N3AAAAIM5BQ+F0wAAAGaBZkAA/osTg0VsAoHi/wAAAIPB
CIPDCIPHCINFaALppQAAAIP4J3RrD4akAAAAg/gvdlKD+DB0G4P4MQ+FkQAAAItGQCX/Bf7/DQAE
AgCJRkDrf4tFaDuGLAIAAH10gzkFdW+BZkD/Afz/ixODRWwCgeL/AAAAg8EIg8MIg8cIg0VoAutA
gWZA/wH8/4sXg+oo6zKLRkAlAP///w0AAQAA66xmgWZAAP6LF4PqUusZg/hkch6D+Gt3GYFmQP8B
/P+LF4PqXMHiCYtGQAvQiVZAM9L/RWyLRWyDwQSDwwSDxwT/RWg7hiwCAACJTWAPjDf9///png0A
AIPodHRtSHRkg+gDD4WUDQAA9gYCD4SE7///g76EEAAAAA+Efg0AAIuGrAEAAIXAdQQz2+sLi9iD
+wEPhWUNAACNRRxoQAlHAFDoVJUBAABdHmoAahSNRRxQ/7aEEAAA6G/j/P+DxBjpOQ0AAFLpc/D/
/4uOLAIAAIP5AX9Ti4asAQAAg/gBcgWD+BhyOvZGAQEPhDwHAAA5lkwRAAB1HDvCdQNqGFhQ/7Ys
AQAA/7aIEAAA6Iq2AACDxAyLxujYxP//6d4MAACD+QEPjNUMAACLhqwBAACD+AEPgsYMAACD+BgP
g70MAACFPg+Eru7//4P4CQ+HDQEAAA+E4gAAAEgPhMkAAABID4S+AAAASA+EgwAAAEhIdG1IdGZI
dFNID4WADAAAg/kDD4x3DAAAg75MEQAAAA+FagwAAIuGsAEAAIXAdQiLjgwRAADrAovIi4a0AQAA
hcB1BouGEBEAAFFQ/7aIEAAA6Na1AADpu+r///+2iBAAAOi/pQAA6dYLAABqAOsCagH/togQAADo
eaUAAOl4BAAAg/kDD4wFDAAAg75MEQAAAA+F+AsAAIuGtAEAAIuOsAEAAFBR/7aIEAAA6AKlAADp
Yer//2oB6wJqAP+2iBAAAOi7pAAA6S4EAACD+QIPjLsLAAAzwDmGsAEAAA+VwFD/togQAADoS6UA
AOkJBAAAg+gLD4SpAQAAagJZK8EPhFABAABID4QcAQAAK8MPhNMAAAArwXRQSA+FcQsAAIO+hBAA
AAAPhGQLAACLhlwRAACFwA+EVgsAADvBdRNqAP+2iBAAAOiApQAAWVmL+OsGiz20p0cAV+hgdgEA
agBqA2g8CUcA60eDvoQQAAAAD4QbCwAAi4ZcEQAAhcAPhA0LAAA7wXUTagH/togQAADoN6UAAFlZ
i/jrBos9tKdHAFfoF3YBAGoAagNoOAlHAP+2hBAAAIvY6ALh/P9qAFNX/7aEEAAA6PPg/P9qAGoC
aDQJRwD/toQQAADo3+D8/4PENOmpCgAAg76EEAAAAA+EnAoAAP+2LAEAAI1FrP+2KAEAAGgoCUcA
UOj3gAEAagBQjUWsUP+2hBAAAOie4Pz/g8Qg6WgKAACDvoQQAAAAD4RbCgAAjUVUUI1FUFD/togQ
AADoVaQAAP91UP91VGgcCUcA6yuDvoQQAAAAD4QuCgAAjUVUUI1FUFD/togQAADoAKQAAP91VP91
UGgQCUcAjUWsUOh8gAEAagBQjUWsUP+2hBAAAOgj4Pz/g8Qs6e0JAACDvoQQAAAAD4TgCQAA/7aI
EAAA6K2jAACFwFm4CAlHAHUFuAAJRwBqAFPp+/j//zPS9gYCD4ThAwAAOZYsAgAAiVVsD46kCQAA
jZ6sAQAA/7YwAgAAi3V8iwMz/0eLzugZz////0Vsi0Vsg8MEO4YsAgAAWXzZ6XIJAAC5RD0AADvB
D4fpAgAAD4SzAgAALWkBAAAPhA0CAACD6AMPhLsBAAAtBCEAAA+EugAAAC0MAgAAdHMtAAYAAHQ2
LccSAAAPhScJAAD2RgEQD4QW6///g74sAgAAAg+MEAkAAIuGrAEAADmGsAEAABvAQOn5AgAA9gZA
D4QhAwAAg74sAgAAAQ+F5ggAAIuGrAEAAIXAD4bYCAAAg75MEQAAAA+F4fv//+nH+///9kYBAQ+E
6gIAAIO+LAIAAAEPj68IAACDvkwRAAAAD4W4+///i4asAQAAhcB1BouGEBEAAP+2KAEAAFDpjvv/
/4uOrAEAAIvBK8J0U4PoKHRGSHRLSHQ4g+gIdEmD6At0Ikh0EYP5PHY8g/lGczdmgQ7/AeswiwYl
H/7//4PIH4kG6yKLBiUP/v//g8gP6/DHBgEQAADrDoEm/wEAAOsGxwb//wAAg/kyD4UYCAAAjYZA
CgAAaPwIRwBQ6ASQAQAz/0c5viwCAABZWX5TjZ6wAQAAg/8BdBONhkAKAABo+AhHAFDo648BAFlZ
/zONhWz///9obNxFAFDoPn4BAI2FbP///1CNhkAKAABQ6MOPAQCDxBRHg8MEO74sAgAAfLONhkAK
AABo9AhHAFDoo48BAFnpQgcAAPYGAg+EtQEAADmWLAIAAIlVbA+OeAcAAI2erAEAAP+2MAIAAIt1
fIsDM/+LzujuzP///0Vsi0Vsg8MEO4YsAgAAWXza6UcHAAD2BgIPhGwBAACDviwCAAABD4UxBwAA
g76sAQAABXVXanz/tpQQAADoxXX8/4v4gD8AWVl0QTPAOYYwAgAAx4bsAAAAAQAAAA+UwIOm9AAA
AACJhvAAAACNhvgAAABQ6E4U/f9X6P4xAQBZWYmGBAEAAOnRBgAAOZ6sAQAAD4XFBgAAg77sAAAA
AA+EuAYAAIvG6MSk///prAYAAPZGARAPhNAAAACJlsQAAADoA5v//4O+rAEAAAFyCYBOQiDphQYA
AIBmQt/pfAYAAC1FPQAAD4Q0AQAASA+E6QAAAEgPhLIAAACD6AUPhIIAAACD6Bd0Ly0AAQAAD4VK
BgAAhT4PhDvo//+LhoQQAACFwA+ENAYAAGoAagto6AhHAOntBAAA9kYBEHROi4asAQAAK8J0M0h0
G0gPhQwGAAAzwECJhlgBAACJhrAAAADp+AUAAImWWAEAAMeGsAAAAAEAAADp4wUAAImWsAAAAOnY
BQAA9kYBEHULiZZEDgAA6ccFAAAzwDuGrAEAABvAQImGuAAAAOmqBQAA9kYBEHTZi46sAQAAg/kQ
D4OcBQAAi8GD4AcPvoCAA0cAg+EIC8HB4Am5/wH8/+sr9kYBEHSpi46sAQAAg/kQD4NsBQAAi8GD
4AcPvoCAA0cAg+EIC8G5AP7//4tWQCPRC9CJVkCLVjwj0QvQiVY86TYFAAD2RgEQD4Rh////g76s
AQAAARvAQImGxAAAAOiKmf//6RkFAAAz/4P5MIm+PAoAAA+CrAAAAIP5OXZxg/lMdFaD+VB0RYP5
UnQig/lXD4WPAAAAx4ZEDgAABAAAAMeGPAoAAAEAAADp0gQAAP+2iBAAAOgjkQAAVugSw///WVmJ
vkQOAADptAQAAMeGRA4AAAYAAADrVo2GrAEAAIM4AnVBxwABAAAA6ZIEAACLhqwBAAA9mZmZGXcd
as+NBIBa0eAr0TvCdw+NRAjQiYasAQAA6WgEAACDjqwBAAD/6VwEAADHhkQOAAAHAAAAib40AgAA
6UcEAACD+QoPhDfm//+D+Q0PhC7m//+B+ZwAAAAPhB3m//+D+QcPhBTm//+D+Rt1D8eGRA4AAAgA
AADpDAQAAI2GNAIAAIsQgfoACAAAD434AwAAiIwyOAIAAP8A6eoDAACLljQCAACLwvfYG8CD4PqD
wBWD+TB8CoP5OX8Fg8HQ6yiD+UF8DI14NzvPfwWDwcnrF4P5YQ+MqOX//4PAVzvID4+d5f//g8Gp
iIwyOAIAAP+GNAIAAIO+NAIAAAcPjIcDAAAPvoY9AgAAD76OPgIAAMHgBAPBD76OPAIAAFAPvoY7
AgAAweAEA8EPvo46AgAAUA++hjkCAADB4AQDwVAPvoY4AgAAUP+2iBAAAOgcjwAAVuiDwf//g8QY
6SPl//+D+TByCYP5OQ+Giv7//4OmNAIAAADHhkQOAAAHAAAA6QYDAAAz/4vGib5EDgAA6FTA//+L
RXCD+FMPhzgBAAAPhCkBAACDwMSD+BYPh9kCAAD/JIVMtUMAi1ZsagFK6W8CAACLVmxqAULpZAIA
AItOcEFqAYtWbOlZAgAAi05wSevwib6UAAAA6Rjo//+JvpQAAADpGun//zPSVzPJ6TMCAACLRmw7
x3UYi4YoAQAAagFIUFeDyf/of5v//+nvAQAAD47sAQAASIlGbOnjAQAAagFX6TYBAABqAVdqAYvG
6ADE///pyOD//4m+RAEAAOk2AgAAi4YEEQAAib5IAQAA6fz8//9XM9IzyYvG6GKd//9qAVdX6MrD
//+DxBDp9wAAAItGbIuOgAAAADvBD4/3AQAAV1GDyf9Q6P2a///pbuD//4tGbIuOgAAAADvBD4/W
AQAAagFRM8lB69yJvtgAAADHRkAABQIA6bUBAACATkII6bMBAACD+GUPh8sAAAAPhLL7//+D+Fp3
cXROg+hUdDpIdCRISHQXSEgPhYkBAADHhkQOAAAKAAAA6XoBAACAZkL36XEBAACATkIEx4bYAAAA
AQAAAOleAQAAgGZC+4m+2AAAAOlPAQAAi4aEEAAAO8cPhEEBAABXagNo5AhHAFDoYdf8/+mZ5///
g+hidDtIdClID4UfAQAAV2oBV4vG6M7C//+DxAw5vmQRAAAPhAUBAACJfhDp/QAAAMeGRA4AAA0A
AADp7gAAAMeGRA4AAAwAAADp3wAAAIPoZnRrg+gGdEuD6AN0Pkh0Mkh0JoPoBXQSSA+FvgAAAIm+
iAAAAOmzAAAAx4aIAAAAAQAAAOmkAAAAgGZC7+mbAAAAgE5CEOmSAAAAV2oB6Tv+//9qAWoBagGL
xug3wv//iX5wg8QMib6MAAAA62+JvrAAAADrZ8eGRA4AAAsAAABqAI1R4ItOcIvG6Jeb//9Z60uD
pkQOAAAAagCDweDphP3//4tGQIOmRA4AAAAlAP77/4PhDwvBiUZA6xqLRkCDpkQOAAAAg+EPweEJ
Jf8B3P8LyIlOQIvG6LOU//+DvkgOAAAAD4TJ1f//i0V8i0hwO4gsAQAAi1BsdQUzyULrAUFRUv9w
cP9wbOguuf//g8QQ6Z3V//+L3uhznf//g74kEQAAAHQM/7aMEAAA6MPe/P9ZX15bg8V0ycMYk0MA
eJZDAOKbQwBar0MASbFDAHO0QwCJsEMALLBDAGKWQwBtsUMADLRDACi0QwA5tEMAUrRDAMCdQwAC
nUMA/KBDACuhQwA0nUMAYZ1DAI2dQwBVoUMAVaFDACGhQwBztEMAOKJDAIWhQwDyoEMAzKFDAE+i
QwC1qkMAPbJDAJqXQwAyskMAc7RDAHO0QwChsUMArLFDALexQwDFsUMATrJDAMuxQwDWsUMA4bFD
AOuxQwAZskMAIbJDAGuyQwCMskMAc7RDAHO0QwBztEMAc7RDAKWyQwBVi+yD7CBTVot1CDPbVzP/
Qzm+XAEAAHQaOb5EEQAAdRI5viwRAAB0BTl9IHUFiV0I6wOJfQg5fRx9GoN9FASJfRx1ETl9CHUM
av9XVuheuv//g8QMi4YoAQAAOUUcfBpIg30UBIlFHHUQOX0IdQtTV1boObr//4PEDItdGDvffRM5
fRx+DIueLAEAAEv/TRzrAjPbi4YsAQAAO9h8A41Y/4t+EAN9HGoAaGAXAABXVug/kf//g8QQ9gAD
iUUYdAmLw5krwtH4i9j/dRyLxv91GOg8n///hcBZWXQTi0Uci47MEAAAweAEi0QBDIscmItFGOiE
hP//g30IAA+ETgEAAIuOSA4AADPAQDvID4Q9AQAAg/kCD4Q0AQAAg2UIAIO+hBAAAAAPhJYEAACL
VQyLykl0Ukl0S0l0HoPpBHQLSQ+FfAQAAGpB6wJqQDlFFF8PhWwEAADrU2oCX4tNFEl0OoPpA3Qk
SQ+FVQQAAIO+YAEAAAB1A2oDX4OmaAEAAADrKYv469Uz/+vROYZcAQAAD4QsBAAAg8cg6xCNjmgB
AAA5EQ+EGQQAAIkRM8A5RSB0A4PHBDlFJHQDg8cQi00cQUM5hmABAAB0JzPAg30UBQ+VwEiD4CCD
wE1QUVNXjUXgaIwJRwBQ6FRzAQCDxBjrPzmGZAEAAHQNUVODxyBXaIAJRwDrHrrfAAAAO9p/JDvK
fyCDwSBRg8MgU4PHIFdodAlHAI1F4FDoE3MBAIPEFIlFCGoA/3UIjUXgUP+2hBAAAOiy0vz/g8QQ
6XMDAACLjkgOAAAz0jmWWBEAAA+UwjPAOUUoD5TAM9D32hvS99qFyXUGiZZMDgAAg30QBItFFA+F
iwAAAIP4AXUvi8boLbT//4OmUA4AAADHhkgOAAABAAAAiZZMDgAAib5kDgAAiZ5oDgAA6fACAACD
+AJ0BYP4A3VIi8bo9LP//2oCWDPJOUUUiYZIDgAAD5XBjYZcDgAAib5kDgAAiZ5oDgAAiTiJWARB
iY5QDgAA6cUBAABHiTno9rH//+meAgAAg/gEdBODfRAFD4UZAgAAg/gFD4QbAgAAg/kBdRQ5vmQO
AAB1DDmeaA4AAA+EhAIAAIN9EAUPhf4AAACD+AQPhPUAAACD+QMPhewAAACDvkwOAAAAD4WQAAAA
i4YsAQAAi45UDgAAjVABi4ZcDgAAK8EPr8IDhmAOAACJVRwrhlgOAACZK8KL1yvRD69VHCuWWA4A
ANH4A9M70H00i45cDgAAjYZkDgAAiQiLjmAOAACJSASNjmgOAACLEYXSdQyLliwBAAD/CIkR62RK
iRHrX4uGVA4AAImGZA4AAIuGWA4AAImGaA4AAOtFi4ZgDgAAi45YDgAAA8iNFBs70X0DSOsGi4ZY
DgAAi45UDgAAiYZoDgAAi4ZcDgAAA8iNFD870XwGi4ZUDgAAiYZkDgAAx4ZIDgAAAgAAAIuGSA4A
AIP4AXQRg/gCdAyJvmQOAACJnmgOAACDvkwOAAAAx4ZIDgAAAgAAAHV6i4ZkDgAAO/h8L3UIO55o
DgAAfCWLhmQOAACJhlQOAACLhmgOAACJhlgOAACNhlwOAACJOIlYBOsji45kDgAAjYZcDgAAiQiL
jmgOAACJSASJvlQOAACJnlgOAACNjmAOAACLOTu+LAEAAA+FG/7//4MhAP8A6RT+//+LhmgOAAA7
w4vIfAKLyzvDiY5YDgAAfwKLw0CJhmAOAACLhmQOAAA7x4vIfAKLzzvHiY5UDgAAfwKLx4mGXA4A
AOnO/f//g30QBHVPg/gFdUqD+QJ1PDPAg75MDgAAAWoAD5TAUP+2YA4AAP+2XA4AAP+2WA4AAP+2
VA4AAFbozqf//4PEHMeGSA4AAAMAAADrKoOmSA4AAADrIYN9EAZ1G4P4AXQKg/gCdAWD+AN1DP+2
iBAAAOhJjwAAWYO+SA4AAAJ0B1bozc7//1lW6Iyx//9ZX15bycNWi3QkCIvG6O2w//9W6HSx//+D
vkgOAAACWXQHVuiezv//WV7DVv90JBSLdCQM/3QkFI1GYFDoVgb9/4PEDIO+mBAAAAB1PVcz/0eL
xom+mBAAAOgJtv//g6aoEAAAAFaJvrwAAADoCrb//4O+SA4AAAJZX3QHVuhEzv//WYOmmBAAAAAz
wF7DVYvsVjP2OXUQfjCLRQwDxooIgPkKdQlqAmiAFkYA6wj2wWB0EGoBUGoB/3UI6Gv///+DxBBG
O3UQfNAzwF5dw1WL7FNWV4t9DIt3IDPbO/MPhVkBAABqDGoB6FMA/f+L8Il3IFmJHoleBDlfCFl0
OotHBDvDdDNQ6CxjAQCL2FP/dwT/dQjodf///4tHBIPEEIB8GP8KdBJqAWjAeEYA/3UI6Fn///+D
xAyLRwyFwHQzUOjyYgEAi9hT/3cM/3UI6Dv///+LRwyDxBCAfAP/CnQSagFowHhGAP91COgf////
g8QMM9s5XxQPjsAAAACLRxhob9dFAP80mOhoA/3/QztfFFlZfOjpowAAAIN+BACLBotPGIscgXUg
/zPoiGIBAFD/M/91COjU/v//g8QQg2YIAMdGBAEAAACDfRAAdHqDfRQAdHQz0jlVFHRii0UQigj/
RRD/TRQPvsGD+A2ITQ9/anQcg/gDfHqD+AQPjhcBAACD+AgPhL4AAACD+Ap1Y2oCaIAWRgBS/3UI
6Az+//+LRghAUFPodAL9/4tDCItOCIPEGMYECAD/BoNmBACLBjtHFA+CUv///4sGO0cUD4PcAAAA
g8j/6eQAAACD+BUPhKoAAACD+BsPhKEAAACD+H90VjlTBHQTgPkgfAWA+X5+CYD5oA+CSv///4tG
CEBQU+gJAv3/i0MIilUPWVmLTgiIFAj/RgiDewQAD4Qk////agGNRQ9QagD/dQjoa/3//4PEEOkM
////OVYID4YD////OVMEdBNqA2h8FkYAUv91COhF/f//g8QQ/04I6eP+//85UwR0FWoDaHwWRgBS
/3UI6CX9//+DxBAz0v9OCDlWCHfe6bz+//9qAmiAFkYAUv91COgD/f//g8QQM9vrAzPbQ1bo0v78
/4NnIABZi8NfXltdw4sVJLpHAFaLdCQIi0YIV4t8JBCLTwgrwivKO8F9BYPI/+sffgUzwEDrGIsG
iw87wXLsd/GLdgSLfwQ7/nfgG8D32F9ew4tEJAQ5RCQIdgSDyP/DG8D32MODPRy6RwAAdSxorb5D
AOhsAQAAoxy6RwDHBCTyvkMA6FsBAABZoyC6RwD/FejSRQCjJLpHAMNX6MT/////FejSRQCLTCQI
jTwIi88ryKMkukcAdQONeAFWahBqAehD/fz/i/CLRCQYiQaLRCQciUYEoSS6RwBW/zUcukcAiX4I
iUYM6GwGAACDxBA78HQIVuja/fz/6w//dgT/NSC6RwDoTwYAAFlZagD/NRy6RwDofwYAAFlZO8Ze
dQn/cAjoU28AAFmLx1/DVlfoMv////8V6NJFAKMkukcAM//rZFf/dgT/NSC6RwDo4wcAAIPEDIXA
dRdX/zUcukcA6IoMAABW6Gn9/P+DxAzrN4tGDItOCIsVJLpHACvIK9CDwQqDwgo70XY1V/81HLpH
AOhZDAAA/3YI/3YE/xZW6DD9/P+DxBRX/zUcukcA6OUFAACL8Dv3WVl1iDPA6wyLRgiLTCQQiQEz
wEBfXsPok/7///90JAT/NSC6RwDoOAwAAFlZw2oIagHoHPz8/4MgAFlZi0wkBIlIBMNWi3QkCIX2
dCn/dgTo7/////92COjn/////3YM6N//////dhDo1////1boqvz8/4PEFF7DVot0JAj/NujA////
VuiT/Pz/WVlewzPAhdJ1AcNWagSNShReAwGDwQROdfhqA41KJFpegzkAdAFAg8EESnX0w4tEJASL
EIXSdAXpx////zPAw1WL7IPsGFNWi3UIV4v4M9s5H4l16HVNajBqAehp+/z/iQeJWCyLB4lYKIsH
iVgIiweJWASLB4lYEIsHiVgMiweJWBiLB4lYFIsHiVggiweJWByLB4kYiwdZiXAkWYvG6UYEAAAz
9jkfi8fptAAAAIswi0UMO8N8VTleBA+EnAAAAItOFDvBfwczwOmOAAAAg8r/K9GLThgDwjvBiUUM
fnqDyv8r0YtOHAPCO8GJRQx/BWoCWOtng8r/K9EDwjtGIIlFDA+P/QAAAGoD6+b/diT/dQj/VwQ7
w1lZfKwPhOsAAACLRig7w3QxUP91CP9XBDvDWVl8JA+E2QAAAItGLDvDdK5Q/3UI/1cEO8NZWXyh
dbeLRizpkAMAADPAQI1EhgQ5GIlF/A+FQ////zPbO/OJXeyJXfiJXfSJXfAPhPsCAACDfigAi00I
D4TNAQAAg34sAA+EJwIAAGowagHoJ/r8/1lZiw6NVgQ5VfyJCHVti034iUgUi00IiUgki030iUgI
i03wiUgYiVgEi04kiUgojU4IixmJWAyLXhiJWByLXiiJXQiLXgyJGoteHIleFIteLIleJIteEIkZ
i14giV4Y6cEAAAAzwOndAgAAi0Yk6dUCAACLRijpzQIAAI1OCDlN/HUuixqJWASLXhSJWBSLXiSJ
WCSLXeyJWAiLXfiJWBiLXQiJWCiLXfSJWAyLXfDriY1WDDlV/I1WBIsaiVgEi14UiVgUi14kiVgk
ixmJWAiLXhiJWBiLXiiJWCh1GYtd7IlYDItd+IlYHItd9Ikai13w6VT///+LXgyJWAyLXhyJWByL
XeyJGotd+IleFItdCIleJItd9IkZi13wiV4Yi14siV0Ig2YMADPbiV4QiVgQiV4ciV4giVggiV4o
iV4siVgsi1gEhdt0AokDi1gIhdt0AokDi1gMhdt0AokDixKF0nQCiTKLCYXJdAKJMYvYi9CJXezo
6Pz//4vWiUX4iXX06Nv8//+JRfCLBoXAdBuNSAQ5MXQRjUgIOTF0Co1IDDkxdAONSBCJTfyL8IX2
D4Ur/v//6RkBAACNRgQ5Rfx1K4tWCIlWDItWGIlWHItWJIlWKItV9IlWCItV8IlOJItN+IlWGIkY
iU4U6xiLVfSJVgyLVfCJTiiLTfiJVhyJXgiJThiLAIXAdAKJMItGCIXAdAKJMItGDOmvAAAAjUYE
OUX8dT+LRgyJRhCLRhyJRiCLRiiJRiyNRgiLEIlWDItWGIlWHItWJIlWKItV9IkQi1XwiU4ki034
iVYYiV4EiU4U60uNRgg5Rfx1K4tWDIlWEItWHIlWIItWKIlWLItV9IlWDItV8IlOKItN+IlWHIkY
iU4Y6xiLVfSJVhCLVfCJTiyLTfiJViCJXgyJThyLTgSFyXQCiTGLAIXAdAKJMItGDIXAdAKJMItG
EIXAdAKJMIX2D4WTAAAAajBqAehD9/z/iQeJWASLB1lZi034iUgUiweLTQiJSCSLB4tN9IlICIsH
i03wiUgYiwcz0olQKIsHiVAMiweJUByLB4lQLIsHiVAQiweJUCCLB4kQiweLSAQ7ynQCiQGLP4tH
CDvCdAKJOItF6F9eW8nDi9boDvv//zPJOXcEdA05dwh0Bzl3DA+VwUFBiUSPFIs2iz6F/3XZ68+L
RCQEg3gEAHUDM8DDav//dCQM6BD7//9ZWcODfCQMAHwai0QkBIN4BAB1EP90JAz/dCQM6O/6//9Z
WcMzwMOLRCQEV4s4hf91BDPAX8NWi3QkEIX2fFOL1+iO+v//O/B9SIvHi0gUO/F9BYtABOs2g8r/
K9ED8ng2i0gYO/F9BYtACOshg8r/K9ED8ngmi0gcO/F9BYtADOsMg8r/K9ED8ngWi0AQhcB1ujPA
Xl/Di0Ak6/iLQCjr84tALOvuVYvsg+wMi00IiwEz0jvCdQQzwMnDOVUQdQaLSQSJTRCDTfT/OVUM
U4vYiVX8iVX4dTAzwEA5RRR0H4N9FAN0HmgbAgAAaMwJRwBonAlHAOjOWwEAg8QM6wmJRfjrBINN
+P9WVzP/jXMkg/8DfT+LBoXAdDmDffgAdAWLRfjrCVD/dQz/VRBZWYXAfCGDfuAAdAaLTvABTfyF
wHQO/0X8R4PGBIP/BHzB6wOJffSLTfSFyX0Mi0S7BIXAdCeL2Oukg30UAXQzg30UA3QSi0UYhcB0
BYtV/IkQi0SLJOs7/0X86xmDfRQAdQQzwOssg30UAXQGg30UAnUD/038/3X8/3UI6Hr+//+FwFlZ
dAyLTRiFyXQFi1X8iRFfXlvJw2oAagD/dCQU/3QkFP90JBTozf7//4PEFMNqAP90JBT/dCQU/3Qk
FP90JBTosv7//4PEFMNVi+yD7AyLRQhTVleLOIPL/4Nl/ACF/w+ErQIAAItHFDlFDH0EM9vrRoPJ
/yvIAU0MD4iHAgAAi0cYOUUMfQUz20PrK4PJ/yvIAU0MD4hwAgAAi0ccOUUMfQRqAusQg8n/K8gB
TQwPiFsCAABqA1uLdJ8Eg34oAA+FOgIAADPSO9oPjqcAAACLDJ85USiJTfgPhJgAAAA5USx0BWoC
WOsIM8A5USgPlcCLVgiJVgyLVhiJVhyLViSJViiLVgSJVgiLVhSJVhiLVJ8giVYkjUyBCIsRiVYE
i1X4jVSCGIlV9IsSiVYUi1YEhdJ0Aokyi1X4jUSCJIsQiVSfIDPSiRGLTfSJEYkQi9boz/f//4tV
+IlEnxSNfJ8Qi10MAx/ouvf//yvYiQeJXQzpiQEAAIP7Aw+NmgAAAItEnwg7wolF+A+EiwAAADlQ
KA+EggAAAItMnySJTiiLSASJTgyLSBSJThyLTgw7ynQCiTGLSCSJTJ8kjVAIiwqJSASLSBiJSBQz
yYvCg3ggAHQai1AEiRCLUBSJUBCLUCCJUBxBg8AEg/kCfOCLRfgz0olUiAiJVIgYiVSIJIvW6CD3
//+LVfiJRJ8U6BT3//+JRJ8Y6eYAAAA72n4Pi00Mi0SfEEuNRAEBiUUMi0SfBI1MnwiLMYlN+ItO
CIlOEItOGIlOIItOJIlOLItOBIlODItOFIlOHItMnySJTiiLSAiJTgiLSBiJThiLTgg7yolF9HQC
iTGLSCSJTiSLSASJTgSLQBSJRhSLwTvCdAKJMIvW6I32////dfSJRJ8Y6BDz/P+D+wNZi8t9LotF
+DPbixA703Qlg/kCiVD8i1AQiVAMfQWLUCDrAjPSiVAcQYPABIP5A3zZ6wIz24P5A4lcjwSJXI8U
fQSJXI8kOV8kdQ6LRQiJMFeJHui18vz/WYv+6V/9//8z2+sIM9tD6wNqAlsz0jlV/HUHi0SfJIlF
/IP7/w+ERwEAADkXdQ45Vyh1CTlXBA+EOQEAADlXBHUJOVcoD4U6AQAAi3SfBDlWKHRQi8brHYtQ
EIXSdASLwusQi1AMhdJ19YtACIXAdQKLwTPSi0gEO8p13ItILDvKdASLwesKi0goO8p19YtAJIlE
nySLfJ8UT4l9DIv+6bv8//+LRJ8IOVAodB6LyOsCi86LcQQ78nX3i0kkiUyfJIv4iVUM6ZT8//+L
TJ8kiU4oi0gEiU4Mi0gUiU4ci04MO8p0Aokxi0gkiU4si0gIiU4Qi0gYiU4gi04QO8p0AokxUOit
8fz/WYvW6Bb1//+D+wKJRJ8Ui8t9Io1EnyiLEIXSdBiJUPyLUOSJUOCLUPSJUPBBg8AEg/kCfOIz
wIlEjySJRI8IiUSPGDlHJHUOi00IiTFXiQboWPH8/1mLRhiLThSNRAgBi/6JRQzp7fv//zPA61VX
6Dnx/P+LRQiDIABZ60OD+wJ9Fo1EnyiLCDvKdAyJSPxDg8AEg/sCfO6JVJ8k6xwzyTl4BHQNOXgI
dAc5eAwPlcFBQY1EiBT/CIs/iwc7wnXei0X8X15bycODfCQIAFZ8H4t0JAiLFuhD9P//OUQkDH0O
/3QkDFboV/v//1lZXsMzwF7DVYvsUY1F/FBqAGoA/3UM/3UI6Ob5//+DxBSFwHUCycP/dfz/dQjo
JPv//1lZycNTM9s7D1aL8HIpO0z3BHcjhfZ8H40EM5krwtH4O0zHBHYFjVgB6wg7DMdzDI1w/zvz
feEzwF5bwzPAQOv4i0wkBIXJdC+D+SAPgv4AAACD+X9yDIH5oAAAAA+C7QAAAFe4jQAAAL/gCUcA
6JH///+FwF90AzPAw4H5ABEAAA+CxQAAAIH5XxEAAA+GtAAAAIH5KSMAAA+EqAAAAIH5KiMAAA+E
nAAAAIH5gC4AAHIUgfnPpAAAdwyB+T8wAAAPhYAAAACB+QCsAAByCIH5o9cAAHZwgfkA+QAAcgiB
+f/6AAB2YIH5EP4AAHIIgfkZ/gAAdlCB+TD+AAByCIH5b/4AAHZAgfkA/wAAcgiB+WD/AAB2MIH5
4P8AAHIIgfnm/wAAdiCB+QAAAgByCIH5/f8CAHYQgfkAAAMAcg2B+f3/AwB3BTPAQOsCM8BAw4PI
/8OLTCQEV7ibAAAAv1AORwDonP7//4XAX3QEagJYw1Hoyv7//1nDVYvsg+wMi0UIiwiLRQyKEYTS
U4sYVleJXfQPhAIBAACA+ioPhNwAAACKA4TAD4TSAAAAgPpcdRqKUQGE0g+E0QAAADrQD4XFAAAA
QUHppQAAAID6Pw+EmwAAAID6Ww+FjgAAAINl+ACDZfwAQYA5XnVvx0X4AQAAAEHrZYD6XHUBQYoR
hNIPhJEAAACNcQGAPi11PUFBD7byihGA+l10eYD6XHUBQYoRhNJ0cQ+20kE78g+2+H4Ji96L8ovT
i130O/58HTv6fxnHRfwBAAAA6xA6wovOdQUz0kLrAjPSCVX8ihGA+l11lItF/DlF+HQg6wQ60HUa
QYoRQ4TSiV30D4Ub////ihGE0nQXgPoqdBIzwOsbg8j/6xZq/esCav5Y6w2LRQiJCItFDIkYM8BA
X15bycNVi+xWi3UIgD4qdBqNRQxQjUUIUOiz/v//hcBZWQ+OxgAAAIt1CFNXigaEwA+EqwAAADwq
dBxo4QAAAGhEE0cAaDATRwDo/VIBAIPEDIA+KnUJRoA+KnT6iXUIgD4AdHSLRQyAOAB0cYt9DI1F
DFCNRQhQi97oUv7//4XAWVl8Z38Q/0UMi00MgDkAdDuLdQjr1ot1CIA+AHWOi0UMgDgAdIZX6GdP
AQCNDD8rTQyJXQgDwYlFDI1FDFCNRQhQ6An+//+DxAzrH4XAfg2LdQjpVP///zPAQOsOM8DrCotN
DDPAOAEPlMBfW15dw4N8JBABdQ+LRCQEi0AU/zDonEcAAFnDg3wkEAF1D4tEJASLQBT/MOi7RwAA
WcNVi+yDfRQAdRv/dQzolTEAAPfYG8BAUP91DP91COj8KAAA6x+DfRQCdRz/dQz/dQjoNSkAAPfY
G8BAUP91DOhuMQAAg8QQXcNRVYtsJAxWVzP/OXwkIHVyuG/XRQBQUFBV6Aew/P//dCQoi/DoVq78
/4PEFFBofdBDAFfoR678/1lQamFoDBxHAFboq7P8/4PEGDl8JByJeAx0L/90JBjoI678/1lQaJTQ
QwBX6Bau/P9ZUGpoaAQcRwBW6Hqz/P+DxBjHQAwBAAAAU2gYBEYAaAwERgBokARGAFXoja/8/2pp
i9jo3q38/4PEFFC+jS1AAFZo6ANGAOjKrfz/WVBqaWjcG0cAU+hgtfz/i0MQg8QYM9I7x35bi3sY
iw+DOQN1BoN5FGh0CkKDxwQ70Hzr60GDwP470H06i0sYi0MQi3yB/CvCiXwkEI0Ehfj///+L+lDB
5wKNRDkEUI1EkQhQ6GBaAQCLQxiLTCQcg8QMiUw4BGi8G0cAaLAbRwBouAxGAFXo5a78/2pYi/jo
Nq38/4PEFFBWaJAbRwDoJ638/1lQanRodBtHAFfovbT8/2pZ6BGt/P+DxBxQVmhUG0cA6AKt/P9Z
UGpkaDAbRwBX6Ji0/P9oWApGAGhQCkYAaHAKRgBV6ISu/P+L0ItCEIPEKDPJhcCJVCQQu+ssQAAP
jtYAAACLUhiLOoM/AnUGg38UYXQNQYPCBDvIfOvpuQAAADlfEHQXaIkAAABoHBtHAGjsGkcA6PNP
AQCDxAyDRyQCi0ckagRQ/3co6A7q/P9o0BpHAIlHKOjg7fz/i08ki1coaLQaRwCJRIr86Mzt/P+L
TySLVyiJRIr4agT/dyT/dzDo1un8/2oDiUcw6Das/P+LTySLVzBqBIlEivzoJaz8/4tPJItXMIlE
iviLRyyDxCiFwHQkagH/dyRQ6Jzp/P+LTySJRyzGRAj/AItHLItPJIPEDMZECP4Aamfo5qv8/1lQ
aB0vQABo4AlGAOjVq/z/WVBonBpHADP/V2hsGkcAV2hEGkcA/3QkMOiJsvz/g8QkV2oC6Kyr/P9Z
UGg8GkcAagHonqv8/1lQaDAaRwBX6JGr/P9ZUGgkGkcAamLog6v8/1lQU2gEGkcA6Har/P9ZUGoD
amlo4BlHAP90JEToA7D8/2hsAUYAaGQBRgC/8AJGAFdV6PKs/P+DxEhqeYlEJBToPqv8/1lQVmhA
AUYA6DGr/P9ZUGpzaLgZRwD/dCQk6MSy/P9oUAJGAGhIAkYAV1XotKz8/2oAiUQkPOgDq/z/g8Qs
UGir0EMAvywCRgBX6O+q/P9ZUGoAaJAZRwD/dCQk6IKy/P+DxBhqAGoA6NGq/P9ZUGiIGUcAagPo
w6r8/1lQaHwZRwBqAui1qvz/WVBobBlHAGoB6Keq/P9ZUGhgGUcAanHomar8/1lQU1fokKr8/1lQ
agJqcWhQGUcA/3QkTOgdr/z/agBobP9FAL/U/0UAV1XoD6z8/4PEUGiPAAAAiUQkFOhYqvz/WVBW
aDAZRwDoS6r8/1lQanNoDBlHAP90JCTo3rH8/2jgGEcAaLD/RQBXVejOq/z/aIz/RQCJRCQ86Bqq
/P9QaHAYRwD/dCRE6Iix/P//NRDVRQBoPBhHAOid7fz/g8RAUGjY/kUAV1WJRCQg6I2r/P//dCQg
i/jo3ef8/4tHEIPEFDPJhcAPjiwBAACLVxiLOoM/AnUJgX8UiwAAAHQNQYPCBDvIfOjpDAEAADlf
EHQXaOwAAABoHBtHAGjsGkcA6PlMAQCDxAyDRyQDi0ckagRQ/3co6BTn/P9oIBhHAIlHKOjm6vz/
i08ki1coaPwXRwCJRIr06NLq/P+LTySLVyho4BdHAIlEivjovur8/4tPJItXKIlEivxqBP93JP93
MOjI5vz/agCJRzDoKKn8/4tPJItXMGoBiUSK9OgXqfz/i08ki1cwagKJRIr46Aap/P+LTySLVzCD
xDCJRIr8i0cshcBqAf93JHUg6B/m/P+JRywzwDlHJFlZfhuLTyzGBAgAQDtHJHzz6wxQ6F3m/P+D
xAyJRyyLRyyLTyTGRAj9eItHLItPJMZECP5ii0csi08kxkQI/2VowBdHAGi4F0cAv6j9RQBXVegw
qvz/aIgAAACJRCQk6Hyo/P+DxBRQVmiYF0cA6G2o/P9ZUGpmaGgXRwD/dCQk6ACw/P9okP1FAGjc
AUYAV1Xo8Kn8/4PEKGoAagGL+Og8qPz/WVBoQBdHAGoA6C6o/P9ZUGgUF0cAagLoIKj8/1lQaOQW
RwBohQAAAOgPqPz/WVBTaMQWRwDoAqj8/1lQagFqbWioFkcAV+iSrPz/i0cYi08Qi1SI/I0Mjfz/
//9RUIPABFCJVCRU6M9UAQCLRxiLTCRUg8REaOj7RQBoqA9GAGgM/EUAVYkI6Fap/P9oggAAAIv4
6KSn/P+DxBRQVmiEFkcA6JWn/P9ZUGpsaGQWRwBX6Cuv/P9ogQAAAOh8p/z/g8QcUFZoRBZHAOht
p/z/WVBqc2gwFkcAV+gDr/z/aHQERgBobARGAGiQBEYAVejvqPz/g8QoagBqAYv46Dun/P9ZUGgU
FkcAagPoLaf8/1lQaOwVRwBqAugfp/z/WVBo0BVHAGoA6BGn/P9ZUGioFUcAamroA6f8/1lQU2iE
FUcA6Pam/P9ZUGoBanpobBVHAFfohqv8/2oAaMwSRgBo4ABGAFXoeaj8/4PEUGpOi/jox6b8/1lQ
VmhMFUcA6Lqm/P9ZUGo0aDQVRwBX6FCu/P9qT+ikpvz/g8QcUFZoEBVHAOiVpvz/WVBqeWjsFEcA
V+grrvz/alDof6b8/4PEHFBWaMgURwDocKb8/1lQamxopBRHAFfoBq78/2pT6Fqm/P+DxBxQVmh4
FEcA6Eum/P9ZUGplaFgURwBX6OGt/P9qVOg1pvz/g8QcUFZoMBRHAOgmpvz/WVBqZmgUFEcAV+i8
rfz/g8QYg3wkJAAPhQMBAABqAGhA9UUAaEj1RQBV6J2n/P+L+ItHEIPEEDPShcAPjoIAAACLTxiL
MYM+AnUGg34UDXQKQoPBBDvQfOvraDleEHQXaGgBAABoHBtHAGjsGkcA6BhJAQCDxAz/RiSLRiRq
BFD/dijoNOP8/2g440UAiUYo6Abn/P+LTiSLViiJRIr8agT/diT/djDoEOP8/2oFiUYw6HCl/P+L
TiSLVjCDxCCJRIr8i0cQM8mFwH5bi38YizeDPgF1BoN+FBJ0CkGDxwQ7yHzr60GBfhAELkAAdBdo
eQEAAGgcG0cAaOgTRwDoiUgBAIPEDP92BOgZ4/z/xwQkwBNHAOiB5vz/WYlGBOsHg3wkKAR1EWoP
ah//dCQsVejgFv3/g8QQg3wkJABbdVtqA+gyGf3/hcBZdE9obOVFAGho5UUAaHzlRQBV6Gum/P9o
kwAAAIvw6Lmk/P+DxBRQaB0vQABokBNHAOimpPz/WVBoeBNHAGoAagBqdGhUE0cAVuhgq/z/g8Qk
X15dWcNVi+yD7CBWi3UIV4t9DGoAagBqMVeJPv8VjNRFAIlGBItFGIlGDI1F4FBX/xU800UAg2X0
AINl8ACNRfBQV8dF+AQAAADHRfwIAAAA/xWQ1EUAi0Xoi034weACmff5i30QiX4UiU4IK8crRRRf
g+gGiUYQXsnDVYvsVot1CItGFAFFDFeNRQxQ/zb/FZDURQCLBoXAdGRqAP81eOVHAP91LFD/dRj/
dRT/dRD/dQz/dSD/dSj/dRz/dST/FazURQBqAf92BIv4ajBX/xWM1EUAaCgcRwD/dRzoh0YBAIXA
WVl1GWgWAQAA/3UY/3UUUFBQV/8VLNNFAOsCM/+Lx19eXcOLRCQEi1QkCIXSi0gMiUgYdQiDwfyJ
SBjrBoPBCIlIDItMJAyDQAwEg0AQ8oNAFAeJSByJUCDDVYvsg+wQU4tdCINDEA6LSxCDQxT5/0MM
i0MMiU34i0sYK8GJRfyLQyCFwFZXx0XwAwAAAIlN9HUFuG/XRQD/cxyNdfBQagBoBwAAUGg4HEcA
g+wQi/ylpaVTpejd/v//g8Qog0MMBF9eW8nDVYvsg+wQg30QAFOLXQiLQxBWV8dF8AMAAACJRfh0
OP91FItDDP91EIlF9GoAaAAAAFBoMBxHAIPsEMdF/AgAAACL/I118KWlpVOl6IH+//+DxCiDQwwJ
i0MM/3UYiUX0i0UM99gbwGhv10UAaAACAACD4CANgAABUFBoQBxHAIPsEMdF/AwAAACL/I118KWl
pVOl6Dn+//+DxCiDQwwPX15bycNVi+yD7BCDfQwAU4tdCItDEFZXx0XwAwAAAIlF+HQ4/3UQi0MM
/3UMiUX0agBoAAAAUGgwHEcAg+wQx0X8CAAAAIv8jXXwpaWlU6Xo3f3//4PEKINDDAn/dRSLQwxo
b9dFAGgAAgAAaAICIVBoSBxHAIlF9IPsEMdF/HgAAACL/I118KWlpVOl6KD9//+DxCiDQwwPX15b
ycNVi+yD7CCDfQgAVld0R/91DItDDP91CItLEGoAaAAAAFBoMBxHAIlF5IlN6IPsEMdF4AMAAADH
RewIAAAAi/yNdeClpaWDwAlTiUMMpehC/f//g8QoM8A5RRjHRfgAAAIAiUUIiUX8D465AAAAi038
i0UUi3UQweEDOXUIixQBi0QBBIlV8IlF9HUWM8CD/gEPn8CNRAABA0XsAUMMg2UIAItLEI15A4vH
D69FCJn3/ovwi0UYg8YDSDlF/Il14H0Si0UIQA+vx5n3fRArxolF6OsFK86JTej/dfSLQwz/dfCJ
ReSLRfhqAA0JQAFQUGg4HEcAg+wQx0XsCAAAAIv8jXXgpaWlU6Xoh/z//4Nl+ACDxCj/RQj/RfyL
Rfw7RRgPjEf///+LReyDwAMBQwxfXsnDVYvsg+wQi0UIi0gMi1AQVlf/dRCJTfT/dQyJVfhqAGgD
QAFQaDgcRwCD7BDHRfADAAAAx0X8CAAAAIv8jXXwpaWlg8ELUIlIDKXoEvz//4PEKF9eycNVi+yD
7DRTVlf/dQz/FYTURQCL+GpYV4l9+P8VpNBFAIt1EGoBVugeQAEAWUBQ6B/d/P9ZWWoEVolF5IlF
EOgGQAEAWUBQ6Afd/P9ZWWoBV4lF8P8VoNBFAItFCItAEIlF1I1FzFD/dQwz24ld2Ild0IldzP8V
kNRFAItF1FNTajH/dQyJRezHRfQBAAAA/xWM1EUAUFf/FZTQRQCJRejpAAEAAI1F3FD/dfCNRfxQ
/3XsVuiRPwEAWVBW/3X4/xWc0EUAhcB0Dlboez8BAIt9/Dv4WXJtVv91EOg6XAEAWVn/dej/dfj/
FZTQRQD/dfiLRQj/MP8ViNRFAItFFF9eO8NbdAWLTfSJCP918OgK3fz/i0XkWcnDgz3IqEcAAQ+2
BDd+DGoIUOgpTwEAWVnrDYsNwKhHAA+2BEGD4Ag7w3UHTzv7f9HrA4l9/P91/It9EFZX6IBpAQCL
RfzGBDgKi0X8jUwHAYPEDIlNEAPw6yqDPcioRwABD7bAfgxqCFDo0U4BAFlZ6w2LDcCoRwAPtgRB
g+AIO8N0B0aKBjrDddD/RfQ4Hg+F+P7//+kw////VYvsg+wQi0UIi1AQi0gMVlf/dRSJVfj/dQyL
VRBqAGgMAABQaDAcRwCJTfTB4gOJVfyD7BDHRfADAAAAi/yNdfClpaWNTBEDUIlIDKXoCPr//4PE
KF9eycNVi+yD7BCLRQiLSAyLUBBWV/91DIlN9GoAagBoDQAAUGgwHEcAiVX4g+wQx0XwAwAAAMdF
/AwAAACL/I118KWlpYPBD1CJSAyl6LP5//+DxChfXsnDVYvsg+wUU4tdCItLEFZXagRejURJCZn3
/moDWv91EIlV7P91DMdF+AgAAABqAGgAAABQaDAcRwCD7BCL/I117FMDwivIA8qJTfyLSwyJRQgD
yolN8IPA+olF9KWlpaXoSPn//4tFCIPEKP91GIlF7P91FItDDGoAaABAAVCJRfCLRfxoOBxHAIlF
9IPsEMdF+A4AAACL/I117KWlpVOl6Aj5//+DxCiDQwwRX15bycNVi+yD7BBTi10Ii0MMVolF9ItD
EDP2OXUUV8dF8AMAAACJRfjHRfwOAAAAdBaLAzvGdBBW/3UQaAEEAABQ/xWM1EUA/3UQM8A5dRT/
dQwPlcBWjXXwDQBAAVBQaDgcRwCD7BCL/KWlpVOl6I34//+DxCiDQwwRX15bycNVi+yD7BSLSxBW
V2pkWitVFI1BAw+vwmpkXpn3/moDWv91DIlV7P91CMdF+AgAAABqAGgAAABQaDAcRwCD7BCL/I11
7FMDwivIA8qJTfyLSwxBiUUUQYlN8IPA+olF9KWlpaXoGfj//4tFFIlF7ItDDIPEKP91EIlF8ItF
/IlF9ItFGGhv10UAaAACAAANgAABUFBoQBxHAIPsEMdF+AwAAACL/I117KWlpVOl6ND3//+DxCiD
QwwPX17Jw1WL7FOLXQhqAP91GP91FP91EP91DOgq////g8QUW13DVYvsU4tdCGog/3UY/3UU/3UQ
/3UM6Ar///+DxBRbXcNVi+yD7BBTi10Ii0sQVldqZForVRiNQQMPr8JqZF6Z9/5qA1r/dRCJVfD/
dQzHRfwIAAAAagBoAAAAUGgwHEcAg+wQi/yNdfBTA8IryAPKiU0Yi0sMQYlFCEGJTfSDwPqJRfil
paWl6Bn3//+LRQiDxCj/dRSJRfCLQwxob9dFAGgAAgAAaAMCIVCJRfSLRRhoSBxHAIlF+IPsEMdF
/DAAAACL/I118KWlpVOl6NT2//+DxCiDQwwPX15bycNVi+yD7BBTi10Ii0sQVldqZForVRiNQQMP
r8JqZF6Z9/5qA1r/dRCJVfD/dQzHRfwIAAAAagBoAAAAUGgwHEcAg+wQi/yNdfBTA8IryAPKiU0Y
i0sMQYlFCEGJTfSDwPqJRfilpaWl6Fz2//+LRQiDxCj/dRSJRfCLQwxob9dFAGgAAgAAaAICIVCJ
RfSLRRhoSBxHAIlF+IPsEMdF/HgAAACL/I118KWlpVOl6Bf2//+DxCiDQwwPX15bycNVi+yD7BCD
fQwAU4tdCFZXdEX/dRCLQwz/dQyJRfSLQxBqAGgAAABQaDAcRwCJRfiD7BDHRfADAAAAx0X8CAAA
AIv8jXXwpaWlU6Xou/X//4PEKINDDAj/dRSLQwxob9dFAGgAAgAAaAMCIVCJRfSLQxBoSBxHAIlF
+IPsEMdF8AMAAADHRfwwAAAAi/yNdfClpaVTpehx9f//g8Qog0MMD19eW8nDVYvsg+wQg30MAFOL
XQhWV3RH/3UQi0MM/3UMi0sQagBoAAAAUGgwHEcAiUX0iU34g+wQx0XwAwAAAMdF/AgAAACL/I11
8KWlpYPACVOJQwyl6A/1//+DxCiLSxCLQwz/dRSJRfSJTfiLTRiNDM0DAAAAjUQIA4lDDItFHPfY
G8Bob9dFAGgAAgAAg+AIDcEAIVBQaCgcRwCJTfyD7BDHRfADAAAAi/yNdfClpaVTpeix9P//g8Qo
X15bycNVi+yD7BRTi10Ii0MMi0sQVlf/dRCJRfD/dQyJTfRqAGgAAABQaDAcRwCD7BDHRewDAAAA
x0X4CAAAAIv8jXXspaWlg8AJU4lDDKXoWfT//4tLEIPEKGoEXo1ESQmZ9/5qA1r/dRSJVexob9dF
AGgAAgAAaIAAAVBoQBxHAIPsEMdF+AwAAACL/I117FMDwivIA8qJTfyLSwyJRQhBiU3wg8D6iUX0
paWlpej68///i0UIg8Qo/3UciUXs/3UYi0MMagBoAEABUIlF8ItF/Gg4HEcAiUX0x0X4DgAAAIPs
EI117Iv8paWlpVPouvP//4PEKINDDBFfXlvJw1WL7IPsHItFEItNHI0ExQMAAACJRfiLRQhTi10M
iQiLTSBWM/Y5dRSJSASLTSRXiXX8iUgIdEj/dRiLQwz/dRSLSxBWaAAAAFBoMBxHAIlF6IlN7IPs
EMdF5AMAAADHRfAIAAAAi/yNdeSlpaWDwAlTiUMMpeg08///g8QoM/aLTfhqH1g7yH4QjUHhmSvC
0fiJTQiJRRDrBolFCIl1EIl1FItDEIt9/I1wA4vGD6/HmWpkWff5amSLyItFFAM8hRwcRwCLxg+v
x5le9/6LVRSDwQOJTQyJffwrwUqJRfQPhJEAAABKD4XPAAAA/3UgiUXsi0MMA0UQaFwcRwBqAGgA
QAFQaDgcRwCJTeSJReiD7BDHRfAOAAAAi/yNdeSlpaVTpeiG8v//i0UMi00Qg8Qo/3UkiUXki0X0
aFQcRwBqAIlF7ItDDGgAQAFQaDgcRwCD7BCNRAERiUXox0XwDgAAAIv8jXXkpaWlU6XoPfL//4PE
KOtF/3UciUXsi0MMaG/XRQBoAAIAAGjAACFQiUXoi0X4aCgcRwCJTeSJRfCD7BCL/I115KWlpVOl
6P3x//+DxChQ/xVU0EUA/0UUg30UAw+M2v7//4tFCF+DwAMBQwxeW8nDUVFVi2wkEFaLNYDURQBq
AFVoigEAAFdT/9ZAagFQ6PzS/P9ZWVBVaIkBAABXU4lEJBz/1moAVWiZAQAAV1P/1lVqAGiFAQAA
V1OJRCQg/9ZqAFVoggEAAFdT/9b/dCQIi2wkHFVogQEAAFdT/9b/dCQMVWiaAQAAV1P/1moAVWiG
AQAAV1P/1v90JAjoWNP8/1leXVlZw1WL7IPsEFb/dRSLNUjQRQD/dRD/dQz/dQj/1oP4/3UHC8Dp
hQAAAFNXM/9X/3UQ/3UM/3UI/9Yz24lF/Il99Il9+EPrAjP/OX34dAU5ffR1S4t9EItNDIvHagAr
w1BR/3UIA/v/1moAV/91DIlF8P91CP/Wg334AHULi03wO038dAOJXfiDffQAdQg7Rfx0A4ld9EOB
+wAQAAB8qYtF+DlF9F9bfQP/RfyLRfxeycNVi+xRUVMz2zldFFaLdQhXiV38D4RzAQAAiw45TRwP
hfQBAACLfSCLBy2FBAAAiV0UD4QQAQAASA+EugAAAEh0OEgPhdABAABq//93BP91GP8VTNBFAFP/
dhBoggEAAP82/3UY/xWA1EUAiV4Ux0X8AQAAAOmfAQAAOV4UdC9qAf93DP93CP93BOjD/v//iUUU
i0YQg8QQOUUUfgOJRRRq//93BP91GP8VTNBFAFP/dhBoggEAAP82/3UY/xWA1EUAOV4UdCmLTRQ7
y4leFHwYi0YMO8h+AUmLPotdGFFQ6Nb9//9ZWTPbx0X8AgAAAINN/AHpIAEAADPAQFCJRhT/dwz/
dwj/dwToRP7//4lFFItGEIPEEDlFFH4DiUUU/3UU/3cE/3UY/xVM0EUAOV0UfARqA+sCagFT/3UY
/xV41EUA6Sb///9ob9dFAFNogAEAAFH/dRj/FYDURQBqAYlGEP93DP93CP93BP8VSNBFADP/R1dT
/3UYiUYMiV4U/xV41EUAiX386YwAAAAPt0UcO0YEiUX4dAU7Rgh1e4tFHMHoEGY7w3QGZj0FAHVq
iz2A1EUAU1NoiAEAAP82/3UY/9eD+P+JRRRTdQj/FXzURQDrRVNoiwEAAP82/3UY/9eLVfg7VgSL
TRR1CTvLfgWNQf/rDTtWCHUYSDvIfRONQQGLXRiLPlBR6K38//9ZWTPbx0X8AgAAADldDHQlM/85
XRB+HlNXaJkBAAD/Nv91GP8VgNRFAItNDIkEuUc7fRB84otF/F9eW8nDVYvsUVeL+IX/dGRTVmoB
V+hxMgEAWY1EAAFQ6G/P/P+L8A+2RQhQiXX86FZMAQCDxAyK2OsshNt0GQ+2B1DoQkwBAFkPvss7
wXUIxgYmRjLb6wmAPyZ1BMYGJkaKB4gGRkeAPwB1z4tF/MYGAF5bX8nDU1ZXi3wkFGoQg8cMW4oH
hMB0NA+2wFDo90sBAA+2wFmLTCQQjXQIPIA+AHQXaLAEAABodBxHAGhgHEcA6As1AQCDxAzGBgFH
S3XCX15bw1NWV4t8JBRqEIPHDFuKB4TAdDQPtsBQ6KhLAQAPtsBZi0wkEI10CDyAPgB1F2i7BAAA
aHQcRwBojBxHAOi8NAEAg8QMxgYAR0t1wl9eW8OLRCQEi0wkCIsAiwk7yHYEg8j/wxvA99jDi0Qk
BItMJAiLQASLSQQ7wX0Eg8j/wzPSO8EPn8KLwsOLRCQIiwA7RCQEdgSDyP/DG8D32MOLRCQEiwiL
RCQIi1AEO8p9BIPI/8OLQAgDwjPSO8gPncKLwsNWaCruQwDo3dH//4t0JAyJBscEJEPuQwDoy9H/
/1mJRgRew1NWi3QkEIM+AFe7dBxHAL+gHEcAdCGLRCQQVv8w6BfX//87xllZdA9oBgUAAFNX6OUz
AQCDxAyLRCQQVv9wBOj11v//O8ZZWXQPaAkFAABTV+jDMwEAg8QMX15bw1b/dCQMi3QkDP826I3d
////dCQU/3YE6IHd//+DxBA7RCQMXnQXaBEFAABodBxHAGigHEcA6IIzAQCDxAzDi0QkBGhj7kMA
/3QkDP8w6GbY//+DxAzDaHjuQwCNRCQMUItEJAz/cAToTNj//4PEDMP/dCQIi0QkCP9wBOib1v//
WVnDVYvsgewsBQAAi0UYU4tdFFZXiziLQwSFwIl95HRJgDgAdERqIGoB6N7M/P+L8DPAahBQiQaJ
RhyNRgxQiX4Ex0YIAQAAAOgmPAEAVv91DOjM/v//V/9zCP91EOjv6///g8QoR4l95IN7BAB1T4N7
CAB0SWogagHojsz8/4vwgyYAiX4Ex0YIAQAAAP9zCOi10Pz/ahCJRhyNRgxqAFDozjsBAFb/dQzo
dP7//1f/dRDoDfH//4PEKEeJfeSLdRAzwDlDEGoJWY29FP3//8dF8AEAAADzpYlF3IlF0A+OXwcA
AItFFItAGItN0IsciIsDg/gGiV30D4UgAQAAi3XwM/8zwEc5exwPlMAzyTv3D5TBM8F1F2hoBQAA
aHQcRwBoWB1HAOgQMgEAg8QMO/cPhakAAACLcxyD/hCJdfB2F2hxBQAAaHQcRwBoQB1HAOjmMQEA
g8QMO/d+HYtV8I2FOP3//0pqCYv4WY21FP3//4PAJErzpXXtM9I5VfAPjq0GAACLWyCLRfCNjST9
//+JXdiJReyLM4sBjVgDi8MPr8ID8plqZF/3/2pki/iLww+vxplb9/sDeQSLXdiDwwSL1old2ANB
BIl5BCvHg+gDiQGDwST/Tex1vOlSBgAAO/eLlSD9//9+FY2FRP3//06LCDvRfQKL0YPAJE518ot1
EGoJWY29FP3///Olx0XwAQAAAImVIP3//+kTBgAAg/gJdXYz9jlzCHQXaJIFAABodBxHAGgoHUcA
6P0wAQCDxAw5ddyLWxyJXfR+FDmctVT///90BkY7ddx88Tt13HwXaJgFAABodBxHAGgYHUcA6Mcw
AQCDxAyDTdj/g028/4td9I009moJjbS11Pr//1mNfZjzpem3AAAAi0sMi8HB+RC6//8AACPKI8JB
iU3YjRTAweICagmNtBUU/f//WY19mPOli03YjTQBjQz2weECi7wNAP3//wO8DQT9//+JRbwrvBUo
/f//O8aJfah9GY2MFSD9//8r8IsBOUWkfQOJRaSDwSROdfCDewgAdEOLRdyD+BByGmi3BQAAaHQc
RwBo+BxHAOgSMAEAi0Xcg8QMjTzAagmNvL3U+v//WY11mImchVT///9A86WDZZgAiUXcM/9qEI1F
wFdQiX3U6BI5AQCLA4t15IPEDIP4CIl17A+HHQQAAP8khSn4QwCNRZRQ/3MEi0UQ/zCNRZhQx0X8
AQAAAOgi7P//agCL+Ojc+f//Vv91lIlF6FCNRZhQ6Lnt////dejoHMr8/1foFsr8/4PELOnkAwAA
M8CKQxzHRfwCAAAAUItDBOig+f//i/iKQxyIRcCLQyCD+GRZdSWDeygAjUYBUFaNRZhXdAtQ6JXp
//+DxBDrQ/9zJFDo4+j//+s1g3soAHQSUI1GAVBWjUWYV1Do1PD//+sdg3skALm940MAdQW5neND
AFCNRgFQVo1FmFdQ/9GDxBRX6ZACAACLQyRAiUX8M8CKQxxQi0ME6Bf5//+JReCKQxyIRcBqCP9z
JMdF+AEAAADojMj8/zP/g8QMOXskiUXofmOLQyyFwHQGD74EOOsCM8BQi0MoiwS46NX4//9Zi03o
iQT5jUQ+AYlE+QSDeywAdC2DffgQfBdoBwYAAGh0HEcAaNQcRwDoZC4BAIPEDItDLItN+IoEB/9F
+IhEDcBHO3skfJ3/cySLfehX/3MgjV2YVv914Ogr6f//i3X0M9uDxBQ5XiR+D/803+i7yPz/Qzte
JFl88Vforsj8//914OimyPz/i3Xki130WVnpbwIAADPAikMcx0X8AQAAAFCLQwToK/j//4v4ikMc
VohFwI1FmFdQ6P/p///rOzPAikMcUItDBOgI+P//i/iKQxyIRcCDeyQAWXQHx0XsAgAAAP9zII1F
mP917MdF/AEAAABXUOgn7f//V+guyPz/g8QU6fwBAAAzwIpDHMdF/AIAAABQi0ME6Lj3//+L+IpD
HIhFwIN7JABZiX3gdD1qGGoB6CzH/P+NTgNRiUXUjU4CUY1GAVBWV/9zII1FmFD/ddTHRfwEAAAA
6BDy//+DxCjGRcF1xkXCZOtIi0sghcmNRgF1K4tLLIP5ZHURUFaNRZhXUOiI7///g8QQ6yVRUFaN
RZhXUOj87f//g8QU6xP/cyhRUFaNRZhXUOgH8P//g8QYi0MwhcB0e4t7LItNEA+veRBIagRQ6JbG
/P9ZWYtLMIlF9DPASYXJiUX4fjHrA4tF6ItLNItV+AMEkbkQJwAAiUXoD6/Hmff5i1X4i030/0X4
iQSRi0MwSDlF+HzR/3X0i0MwSFBokgEAAI1GAVCLRRD/MP8VgNRFAP919Oj5xvz/Wf914Ojwxvz/
WenAAAAAM8CKQxzHRfwDAAAAUItDBOh89v//i/iKQxyIRcCNRgJQaMgcRwCNRgFQVo1FmFdQ6Pvv
//9XxkXBd+irxvz/g8Qg63wzwIpDHMdF/AMAAABQi0ME6Dj2//+KSxxWagFQiUXgjUWYUIhNwOgQ
6v//jUYCUGi8HEcAjUYBUL9v10UAjUWYV1Doour//zPAUFBQV+iLvAAA/3XgiUXU6EnG/P+DxDzr
GmhwBgAAaHQcRwBorBxHAOiVKwEAg8QMiX38g32YAHRPaiBqAehRxfz/i/iLRfyJRwiLRdSJRxxq
EI1FwFCJH4td7I1HDFCJXwToMy8BAFf/dQzoOff//1f/dQjo/fX//4PEJDvedREDdfyJdeTrCf91
1OjNxfz/WYtNvIXJfCCLRdgDwTvIfReNFMmNlJUg/f//K8GLTaSJCoPCJEh19f9F0ItFFItN0DtI
EA+Mofj//4t98IX/fh2LdRCLTgyNhSD9//+LEDvKfQKLyoPAJE918olODItF5ItNGIkBi0UUi0AE
hcBfXlt0DoA4AHQJ/3UQ6P/j//9ZycMZ80MAZfNDAO7zQwDa9EMABPVDAE31QwAv90MAifZDAM32
QwCDfCQEAItINHQLhcl0A4lIOIlQNMM7ynUHg2A0AIlIOMOLTCQIi0E0O0QkBHUDi0E4w1NWV4t8
JBAz2zlfJH4djXcE/3QkGP826Nf2//+FwFlZdQ9Dg8YEO18kfOYzwF9eW8OLAIXAdPSLQBiFwHTt
UP90JBjoPq4AAFlZM8BA695TM9s5XiRXfh2NfgT/dCQM/zfodfb//4XAWVl1C0ODxwQ7XiR85jPA
X1vDVot0JAxX/3QkDOjG////i/iF/1l0B4sHgzgCdBdoDQgAAGh0HEcAaIQdRwDorikBAIPEDItH
BItMJBSNTAgBUYsPi0kkA8hRQFD/Nv8VdNRFAF9ew1NWi3QkEFf/dCQQ6HD///+L+DPbO/tZdAeL
B4M4AnQXaBkIAABodBxHAGiEHUcA6FYpAQCDxAyLBzlYJH4ci0cEjUQYAVD/Nv8VcNRFAIXAdSWL
B0M7WCR85GgdCAAAaHQcRwBosB1HAOgcKQEAg8QMM8BfXlvDi8Pr+FaLdCQMV/90JAzo9v7//4v4
hf9ZdAeLB4M4A3QXaCUIAABodBxHAGjUHUcA6N4oAQCDxAwzwDlEJBQPlcBQ/3cE/zb/FWzURQBf
XsNWi3QkDFf/dCQM6Kr+//+L+IX/WXQHiweDOAN0F2gtCAAAaHQcRwBo1B1HAOiSKAEAg8QM/3cE
/zb/FXDURQD32BvAX/fYXsNWi3QkDFf/dCQM6GL+//+L+IX/WXQHiweDOAF0F2g1CAAAaHQcRwBo
AB5HAOhKKAEAg8QM/3QkFItHBEBQ/zb/FWjURQBfXsNWi3QkDFf/dCQM6Br+//+L+IX/WXQHiweD
OAF0F2g9CAAAaHQcRwBoAB5HAOgCKAEAg8QMi0cEQFD/NuhHDwEAWVlfXsNWi3QkDFf/dCQM6NX9
//+L+IX/WXQUiweLCIP5BXQig/kBdQaDeCgAdRdoSggAAGh0HEcAaDAeRwDosCcBAIPEDIsHgzgF
dQuDeCAAuIQBAAB1BbhLAQAAagBqAFCLRwRAUP82/xWA1EUAX17DVot0JAxX/3QkDOho/f//i/iF
/1l0FIsHiwiD+QV0IoP5AXUGg3goAHUXaGYIAABodBxHAGgwHkcA6EMnAQCDxAyLB4M4BXULg3gg
ALiAAQAAdQW4QwEAAP90JBRqAFCLRwRAUP82/xWA1EUAX17DVYvsU1aLdQxX/3UI6Pf8//+L+DPb
O/tZdBOLB4sIg/kFdCGD+QF1BTlYKHUXaHwIAABodBxHAGgwHkcA6NEmAQCDxAyLB4sIg/kFdQo5
WCC6gAEAAHUFukMBAACD+QV1DDlYIMdFDJoBAAB1B8dFDFEBAAD/dRCLRwRTix2A1EUAUkBQ/zb/
0/91FFD/dQyLRwRAUP82/9NfXltdw1aLdCQMV/90JAzoXPz//4v4hf9ZdAeLB4M4BXQXaIoIAABo
dBxHAGioHkcA6EQmAQCDxAyLB4tAIPfYG8BqAP90JBiD4EkFUAEAAFCLRwRAUP82/xWA1EUAX17D
U1VWi3QkFFf/dCQU6P77//+L+DPtO/1ZdAeLB4M4BXQXaJYIAABodBxHAGioHkcA6OQlAQCDxAyL
BzloKIsdgNRFAHQ2OWggdRdomAgAAGh0HEcAaNQeRwDouyUBAIPEDItHBFVVaJABAABAUP82/9OD
+P90J4P4AX8iiweLQCD32BvAVYPgQQVHAQAAVVCLRwRAUP82/9OD+P91A4PI/19eXVvDVot0JAxX
/3QkDOhb+///i/iF/1l0E4sHgzgFdQyDeCgAdAaDeCAAdRdoqwgAAGh0HEcAaPgeRwDoNyUBAIPE
DItHBGoA/3QkGEBohwEAAFD/Nv8VgNRFAF9ew1aLdCQMV/90JAzoAPv//4v4hf9ZdA2LB4M4BXUG
g3goAHQXaLYIAABodBxHAGhgH0cA6OIkAQCDxAyLB4tAIPfYG8BqAP90JBiD4DgFTgEAAFCLRwRA
UP82/xWA1EUAX17DVYvsU4tdCFaLdQxXU+ib+v//i/iF/1m+dBxHAHUTaMoIAABWaPQIRwDoiSQB
AIPEDIsHiwhJdC9JdCxJdCJJdB9JdBxJSXQYSXQVaOkIAABWaKwcRwDoXCQBAIPEDOsyM8CKQxzr
BA++QBxQi0UQ6IXu//+LfwSL2IXbWXQUi0UMU1f/MP8VaNRFAFPowb78/1lfXltdw1aLdCQMV/90
JAzoB/r//4v4hf9ZdAeLB4M4B3QXaPYIAABodBxHAGisH0cA6O8jAQCDxAyLRCQU/zCLRwRAUP82
/xVo1EUAX17DVot0JAxX/3QkDOi9+f//i/iF/1l0B4sHgzgHdBdoAAkAAGh0HEcAaKwfRwDopSMB
AIPEDItHBEBQ/zbo6goBAIvwVujasQAAVov46CG+/P+DxBCLx19ew1b/dCQIi3QkEOhm+f//i/CF
9ll0B4sGgzgIdBdoIgkAAGh0HEcAaNwfRwDoTiMBAIPEDP92HOhItAAAWV7DVv90JAiLdCQQ6Cj5
//+FwFl0GosIgzkFdROLQARqAGoAagtAUP82/xWA1EUAXsNW/3QkCIt0JBDo+fj//4XAWXQuiwiD
OQV1J4tABEBQ/zb/FWTURQBqAGoBi/BqC1b/FYzURQBqAWoAVv8VKNNFAF7DU4tcJAhWi3QkEFPo
tPj//4XAWXRXiwtJV3Q8SXQcSXQUSXQRSYt4BHQwSUl0LEl1KkdH6yaLeATrIYt4BAN7JOsOV/82
/xVw1EUAhcB1DE+D/wF/7esEi3gER1f/Nv8VZNRFAFD/FWDURQBfXlvDagD/FXzURQDDi0QkBItI
LGoQUf90JBD/MP8VXNRFAMOLRCQEi0wkCMeAyAAAAAEAAACJiMwAAADDVYvsi1UIUzPbO9NWdVGL
dQw5XiSJXQh+W1eNfgSJXQxT6x6LADvDdBKLSBA7y3QLU/92MFZQ/9GDxBD/RQz/dQz/N+iS7v//
O8NZWXXV/0UIi0UIg8cEO0YkfMFf6xWLShA7y3QOi0UMU/9wMFBS/9GDxBBeW13Di0QkCIpMJAyI
iMAAAACKTCQQiIjBAAAAikwkFMeAvAAAAAEAAACIiMIAAADDi0QkCIC4wwAAAAB0Kw+2iMAAAACL
VCQMiQoPtojBAAAAi1QkEIkKD7aAwgAAAItMJBSJATPAQMMzwMNVi+yD7DyLRQhTVotwMFdqcVbo
cCD8/2pwVov46Dwk/P8z2zP2g8QQQzv+dQQzyesVO/t1BWoEWesMM8mD/wIPlcGNTAkD/zBTUVZW
U1ZWVlZWVlZW/xWs0EUAVolF/P8VhNRFAIv4O/50Jv91/Ff/FZTQRQCFwHQYjUXEUFf/FajQRQCF
wHQJM8CKRfcj2OsCM9s7/nQIV1b/FYjURQA5dfx0Cf91/P8VeNBFADvedAmLRQiJsNAAAABfXlvJ
w4tEJASLgNAAAADDi0QkCItMJASJgdAAAADDVot0JAhXM/9ogAAAAI1GPFdQiX4kiX4wib7IAAAA
iX44iX406HwpAQCDxAyJPol+LIl+KF/HhtAAAAABAAAAXsNWi3QkCIN+JAhyF2j1CQAAaHQcRwBo
DCBHAOgNIAEAg8QMi0Yki0wkDIlMhgT/RiRew1aLdCQI/3Yo6Ii6/P//dizogLr8/1lZXsNWi3Qk
CFdqAP92BOgww///WVnrIldW6Ars////dxzoWbr8/1foU7r8/2oA/3YE6A3D//+DxBiL+IX/ddj/
NuiUvf///3YE6Iy9//8hfgQhPllZX17DU1aLdCQQV/90JBDocvX//4vYhdtZdAeLA4M4CHQXaAwJ
AABodBxHAGjcH0cA6FofAQCDxAz/cxzobLAAAIt8JBxX6EqwAABZiUMcg38EAFm6eCBHAHUFum/X
RQCLRwiFwHUSUv83aFwgRwDoWL/8/4PEDOskuVQgRwB8BblMIEcAhcB9AvfYUVBS/zdoOCBHAOgy
v/z/g8QUi/iLQwRXQFD/Nv8VaNRFAFfoeLn8/1bokf3//1lZX15bw1WNbCSYgeysAQAAoUy6RwCF
wHUQaJggRwD/FUzURQCjTLpHADlFdHQTgX10EQEAAHQKg310K3QEM8DrP4NlZABTVot1cIN+JABX
fioPt0V4iUVgjX4E/3Vg/zfoC+v//4vYhdtZWXUY/0Vki0Vkg8cEO0YkfOAzwF9eW4PFaMnDg310
Kw+FjAAAAItFfItIGI1wHI19SKWlpWoBUYlNdKX/FaDQRQCNRVhQ/3Mc6OcaAQBZUP9zHP91dP8V
cNBFAGgPIAAAagaNRUhQ/3V0/xVQ1EUA/3Mc6L0aAQBZUItFVCtFXP9zHCtFTJkrwtH4A0VMUItF
UCtFWCtFSJkrwtH4A0VIUP91dP8VfNBFADPAQOli////i01gK0sEizsz0jv6iU1kD4RL////OVcQ
D4RC////iZa8AAAAiwdIiVVcD4TUBAAASA+EcwQAAEgPhCEEAABID4TRAwAASA+EvQIAAEhID4Rv
AQAASA+F2AUAAIF9dBEBAAB1L4P5Ag+FxgUAAItFeMHoEGY9BgB0BmY9BwB1LTPJZj0GAA+UwYvG
i9dR6J7y//9Zg31kAg+FlgUAAIF9dBEBAAAPhYkFAAAz0otFeMHoEGY7wnQKZj0FAA+FcgUAAItb
HGoA/xWE1EUAakhqWlCJRXT/FaTQRQBQ/3MI/xXk0kUA/3V099hqAIlFDP8ViNRFADPAiUUYiUUU
iUUQiEUiiEUhiEUgi0ME99gbwCW8AgAAiUUcikMMiEUjah/GRSQAxkUlAMZFJgDGRScB/zONRShQ
6NlDAQCLBolF1I1FDIlF3IuG0AAAAIPEDPfYG8AlAEAAAA1BAAEAiUXkjUXQUMZFRwDHRdA8AAAA
/xXs1EUAhcAPhLcEAAAPtkUjUItF4JlqCln3+VAzwIF9HLwCAAAPlMBQjUUoUOjsrAAAi9hTVlfo
hPz//1PoJ60AAGoC/3YwVlf/VxCDxDDpcAQAAIF9dBEBAAB1eoP5AXUmi0V4wegQZj0AAXQGZj0A
AnVGM8lmPQABD5TBi8aL11HoOvH//1mDfWQCdSaLRXjB6BBmPQYAdAZmPQcAdU4zyWY9BgAPlMGL
xovXUegO8f//WYN9ZAF1HYtFeMHoEGY9AAMPhfoDAABqAv92MFZX/1cQg8QQg31kAg+F4wMAAIF9
dBEBAAAPhdYDAACLRXjB6BBmhcB0CmY9BQAPhcEDAABqTI1FwGoAUOh0JAEAi08giwaDxAyFyYlF
xIlNzHUHx0XMgCBHAINl0ABoBAEAAI2NvP7//1GJTdyLSwRBUVDHRdgBAAAA/xVU1EUA/3cki08o
M8CJTfBQjU3AUVDGRb8Ax0XgBAEAAIlF5IlF9OjPAAEAg8QQhcAPhEMDAACNhbz+//9Qi0MEQFD/
Nv8VaNRFAOkTAwAAgX10EQEAAA+FgwAAADlXIHQmi0V4wegQZj0EAHQGZj0FAHUUM8lmPQQAD5TB
i8aL11Ho8O///1mDfyAAdSaLRXjB6BBmPQMAdAZmPQQAdRQzyWY9AwAPlMGLxovXUejE7///WYN9
ZAJ8JotFeMHoEGY9BgB0BmY9BwB1FDPJZj0GAA+UwYvGi9dR6Jjv//9Zg38kAHRD/3V8M8CBfXQR
AQAA/3V4D5XA/zZQagBqAP9zHOjz4f//i9iDxBz2wwJ0DWoC/3YwVlf/VxCDxBCD4wGJXVzpUQIA
AIF9dBEBAAAPhUQCAACLRXjB6BBmPQIAdQr/Nv8VWNRFAOtTZj0BAA+FJAIAAGoD6RICAACBfXQR
AQAAD4UQAgAAi114wesQZoP7BnQGZoP7B3UUM8Bmg/sGD5TAi9dQi8bo6O7//1lmhdt0CmaD+wUP
hdsBAABqAenJAQAAgX10EQEAAA+FxwEAAItdeMHrEGaD+wZ0BmaD+wd1FDPAZoP7Bg+UwIvXUIvG
6J/u//9ZZoXbD4SBAQAAZoP7BQ+FjgEAAOlyAQAAgX10EQEAAA+FfAEAAItdeMHrEGaD+wZ0BmaD
+wd1FDPAZoP7Bg+UwIvXUIvG6FTu//9ZZoXbdApmg/sFD4VHAQAA/3Vg/zb/FXDURQCFwA+ENAEA
AOkYAQAAgX10EQEAAA+FIgEAADlXKHUmi0V4wegQZj0AAXQGZj0AAnUUM8lmPQABD5TBi8aL11Ho
9e3//1mDfygAdCyLRXjB6BBmPQMAdAZmPQQAdRQzyWY9AwAPlMGLxovXUejJ7f//WYN/KAB1I4tF
eMHoEGY9AAN1DWoC/3YwVlf/VxCDxBCDfygAD4SiAAAAi0V4wegQZj0BAHV5i0MEagBqAGhHAQAA
QFD/Nv8VgNRFAGoAUIlFYItDBGhJAQAAQFD/Nv8VgNRFAEBqAVDouLH8/1lZUP91YIlFdItDBGhI
AQAAQFD/Nv8VgNRFAP91dItDBEBQ/zb/FWjURQD/dXToT7L8/2oC/3YwVlf/VxCDxBTrHWY9BQB1
BGoC6whmPQQAdQ1qAP92MFZX/1cQg8QQg768AAAAAA+EngAAAMcFKLpHACQAAACLBqMsukcAoXjl
RwCjMLpHADPAxwU4ukcAULpHAIqmwgAAAA+2jsAAAABoKLpHAIqGwQAAAMcFPLpHAAMAAADB4AgL
waM0ukcA/xXo1EUAhcB0LaA0ukcAiIbAAAAAoTS6RwDB6AiIhsEAAACgNrpHAIiGwgAAAMaGwwAA
AAHrB8aGwwAAAABqBP92MFZX/1cQg8QQi0Vc6Xz4//9otE1GAP90JAjoPxYBAIXAWVl1C1BqClBo
sCBHAOsKM8BQUFBob9dFAOh5pwAAg8QQw2h4U0YA/3QkCOgNFgEAhcBZWXUHaLwgRwDrBWhv10UA
6MqkAABZw2iwSkYA/3QkCOjmFQEAhcBZWXUMaMggRwDobbT8/1nDM8DDi0QkCMNVi+yD7CyDPYS7
RwAAdUBWjUXUUP91CDP2Rok1hLtHAMdF1CwAAAD/FUTURQCFwHQWg33cA3UQjUXUUP91CIl13P8V
SNRFAIMlhLtHAABeycNVi+yD7BCLRQyD6BBTVlcPhPYBAAAtAAEAAA+EewEAAEgPhQQCAAAPt0UQ
M8k7wQ+O9gEAAIP4Ag+OVQEAAD3qAwAAD4XiAQAAi0UQwegQZjvBdApmPQUAD4XNAQAAix2A1EUA
UVFokAEAAL7pAwAAVv91CP/Ti/iF/3UDUOsuagRX6E2v/P+FwFlZiUUMD4SXAQAAUFdokQEAAFb/
dQj/04v4M9s7+4l9+HUMU/8VfNRFAOlzAQAAhf+JXRB+JItFDIsEmIsNeLtHAP80gej4EQEAWYtN
EEM7341EAQKJRRB83GoB/3UQ6Oeu/P+L2DP/O99ZWYld8HRiOX34iV38fkSLRQyLBLiLDXi7RwCL
HIFT6LQRAQBQU4td/FOJRfTothgBAANd9GoCaOynRwBT6KYYAQCDxBxDQ0c7ffiJXfx8v4td8GoB
/3UQU2oA6FkzAABT6EWv/P+DxBT/dQzoOq/8/zPbOR18u0cAWQ+OuAAAAFNqAGiFAQAAVv91CP8V
gNRFAEM7HXy7RwB85emYAAAAiQ1I5UcA63f/NRDVRQBo9CdHAOiUtPz/WVmL8Fb/dQj/FUTTRQBW
6N+u/P+LPYDURQDHBCTcp0cAagJokgEAAL7pAwAAVv91CP/XM9s5HXy7RwB+HqF4u0cA/zSYagBo
gAEAAFb/dQj/10M7HXy7RwB84jPAQOsigyVI5UcAAP91CP8VPNRFAFD/FUDURQD/dQj/FZjURQAz
wF9eW8nCEABVi+yLRQyD6BB0Fy0AAQAAdCFIdRgPt0UQhcB+EIP4An8LagH/dQj/FTjURQAzwF3C
EABW/zUQ1UUAaAQoRwDox7P8/1lZi/BW/3UI/xVE00UAVugSrvz/WTPAQF7r0FWL7ItFDIPoEFYP
hNoAAAAtAAEAAA+EgAAAAEgPhdMAAAAPt0UQhcAPjscAAACD+AIPjrMAAAA97QMAAHQpPe4DAAAP
hawAAABqCmoAagBoJChHAGgcKEcA/3UI/xXw0kUA6Y4AAACLNTDURQBXi30IagBX/9ZqAGgJD0QA
V2px/zV45UcA/xU01EUAagFX/9ZX/xVA1EUAX+ta/zUQ1UUAaBAoRwDoAbP8/1lZi/BW/3UI/xVE
00UAVuhMrfz/izVo1EUAWf81ENVFAGjqAwAA/3UI/9ZouKdHAGjrAwAA/3UI/9YzwEDrDWoB/3UI
/xU41EUAM8BeXcIQAFWL7IPsTFNWV4v4oRDURQAz9mgAfwAAVsdFtAgoAACJRbiJdbzHRcAmAAAA
iX3EiXXI/xUU1EUAiUXMjUW0UMdF0AIAAACJddTHRdhYKEcA/xWc1EUAVv91EP91DP91CFf/FRjU
RQCLPXjURQBWi9hqHlP/11ZqIlP/14s9HNRFAOswah5T/xUg1EUAiUX8g2X8AXUZjUXcUFP/FSTU
RQCFwHUKjUXcUP8VKNRFADl1/HUQVlaNRdxWUP/XO8aJRfh/wDl1+HUJ/3Xk/xUs1EUAaiJT/xUg
1EUAU4vw/xWY1EUAX4vGXlvJw1b/dCQMizV41EUAaiL/dCQQ/9ZqAWoe/3QkEP/WXsMzwMIQAFWL
7IPsNFZXi/mF/4vyfgiLDL6JTczrB8dFzAAA//+LTL4EU1CJTdDHRdQFAAAAiUXk6PcNAQCLHYzU
RQBAiUXoi0UIWYlF+I1FzFBqAGgAEQAA/zb/04X/iUUIfhb/NL4zwIP/AQ+ewEBQaAIRAAD/Nv/T
i1UIagRZjUcBO8GJVL4EW30MjXSGBCvIM8CL/vOrX4vCXsnDVYvsg+wogD8AU1aNRdh1IGjrAAAA
agNqA/91CFDowMj//7tku0cAx0X88QMAAOsbag1qA2pk/3UIUOijyP//u3C7RwDHRfwRBAAAg8QU
av9X/zVsu0cA6NBt/P+DxAzrLo1F/FChbLtHAItACP80sI1F2FBTaJC6RwDoFt3//1ZX/zVsu0cA
6KBt/P+DxCCL8IX2fcxeW8nDVYvsgeyoAAAAU1aLdQyD/gVXD4RbBQAAg/4QD4Q7BQAAg/5OD4T5
AwAAg/5TD4TGAwAAgf4QAQAAD4SSAAAAgf4CAgAAdFxq6/91CP8VINRFAIP4AXVD/3UU/3UQVmiQ
ukcA6Pzw//8z24PEEDkdWLtHAIvwdCX/FfzTRQA7RQh0GjPAOR1cu0cAD5XAUP91COgV/v//WVnr
AjP2i8bp4QQAAP8VANRFADPbOR1Yu0cAD4TLBAAAM8A5HVy7RwAPlcBQ/3UI6OD9//9Z6bAEAACL
dQhWv2/XRQCJNZC6RwDogv7//1n/Nbi6RwBW/xVE00UAiz141EUAM9tTautW/9foRpMAAIXAdBZq
7Fb/FSDURQANAAQAAFBq7Fb/1+sXaO0DAABW/xVk1EUAO8N0B1D/FZjURQBoyQAAAP81eOVHAP8V
BNRFAFBqAWiAAAAAVos1jNRFAP/W/xUI1EUAiz2o1EUAjU3UUVD/14XAdEqNRfBQ/3UI/9eFwHQ9
i0X8K0X0agFQi0X4K0XwUItF2CtF/ANF4ANF9JkrwtH4UItF1CtF+ANF3ANF8JkrwtH4UP91CP8V
DNRFAGoDX41F8FD/dQiJffDHRfhiAAAAiX30x0X8DQAAAP8VkNRFAItF/CtF9FP/NXjlRwBo7wMA
AP91CFCLRfgrRfBQ/3X0/3XwaAAAAFBouChHAGgwHEcAU/8VrNRFAFNTajH/dQiJRRT/1moBUGow
/3UU/9aNRfBQ/3UIiX3wx0X4YgAAAMdF9A0AAADHRfzoAAAA/xWQ1EUAi0X8K0X0U/81eOVHAGjw
AwAA/3UIUItF+CtF8FD/dfT/dfBoNwABUGhv10UAaKgoRwBoAAIAAP8VrNRFAFNTajH/dQiL+P/W
agFQajBX/9ZqEI1FnFNQiX2Y6LwWAQCDxAyhbLtHADkYiV3oiV3siV3kiV0MD461AAAAi0AIi00M
iwyIiwE4GIlNFA+EjAAAADld7HQT/3XsUOj6afz/WVmLTRSJRRDrA4ldEIF9EP///390aP8x6MZp
/P9IOUUQWXQXaOEBAABolChHAGhoKEcA6AwNAQCDxAyLRRRqL/8w6PUwAQA7w1lZdQeLRRSLAOsB
QItNFP8xi00QjVWY6Hn7//85XehZdQuJReiLRRSLAIlF5ItFFIsAiUXs/0UMoWy7RwCLTQw7CA+M
S/////916GoJaAsRAABX/9b/dQiLfeTozfv//76QukcAVlPoaer//1O/cLtHAFeJXRToNNn//4PE
FOsSORh1FP9FFP91FFfoH9n//1lZO8N16usKVv8w6I3p//9ZWWoB/3UI/xWw1EUAagFq6/91CP8V
eNRFAOmJAQAAi0UU/3AI/3UIaJC6RwDo0OH//4PEDIXAD4VrAQAAUP8VfNRFAOlfAQAAZoF9EPAD
D4VTAQAAi30UgX8Ibv7//w+FQwEAAGrr/3UI/xUg1EUAg/gBD4UvAQAAizWM1EUAM9tTagloChEA
AP83/9ZTU2oL/3UIiUUQ/9aLRRCJRbCNhVj///+JRbyNRaxQU2gMEQAA/zfHRcBAAAAAx0WsBQAA
AP/WU79wu0cAV+g/2P//WVnraotFEDlYCIldDH4si0UQi0AEA0UMUP91CP8VZNRFADvDdAdQ/xWY
1EUA/0UMi0UQi00MO0gIfNT/dRBokLpHAOhG1v///3UQV+h+1///i0UQ/3Ac6Mql/P//dRDowqX8
/1NX6NTX//+DxCA7w4lFEHWP/3UIi33Q6D36///HBCSQukcAU+jY6P//WVlTagFqC/91CP/WagFT
/3UI/xUo00UAi0UU/zD/FWDURQDrJv91COjnjwAAagD/dQjoPfn//4PEDOsPg30QAnUJ/3UI6GD0
//9ZM8BfXlvJwhAAVot0JAhXiz0w1EUAagBW/9dqAGhoD0QAVmpv/zV45UcA/xU01EUAagFW/9dW
/xVA1EUAX17DagD/dCQI6JaOAABZWcNWagBobRFEAGoAam//NXjlRwD/FRjURQCL8GoAVv8VsNRF
AFb/FUDURQBW/xWY1EUAXsNTVVZX6Btn/P8z7VVVVVCjbLtHAOh3MPz/g8QQVVXoJ44AAFC+kLpH
AFb/NWy7RwDoGbj//1boi+n//7tku0cAU+ix1f//v3C7RwBX6KbV//9TVuiv6f//V1boqOn///81
ENVFAGjQKEcA6ACq/P//NRDVRQCjuLpHAGjEKEcA6Oup/P+jvLpHAKE85UcAg8RAVqPAukcA6FHo
//+heOVHAMcEJKMSRABVambGBTO7RwAB6Aj3////NWy7RwCL6Oinbvz/V+iI6f//U+iC6f//Vuhj
6f//g8QcX16LxV1bw1FTVVZX/zU85UcA6GwI/P+JRCQU6Ctm/P9qAv81POVHAKNsu0cA6GkI/P//
dCQoi/BWagH/NWy7RwDocS/8/4PEHFZqAeggjQAAUL6QukcAVv81bLtHAOgSt///VuiE6P//u2S7
RwBT6KrU//+/cLtHAFfon9T//1NW6Kjo//9XVuih6P///zUQ1UUAaOQoRwDo+aj8//81ENVFAKO4
ukcAaMQoRwDo5Kj8/6O8ukcAoTzlRwCDxEBWo8C6RwDoSuf//6F45UcAxwQkoxJEAGoAambGBTO7
RwAB6AD2////NWy7RwCL6Oifbfz/U+iA6P//V+h66P//Vuhb6P//g8Qche11Ef90JBD/NTzlRwDo
qgb8/1lZ/3QkEOg6Bvz/WV9ei8VdW1nDVYvsg+xw/3UM/zVE5UcA6B9+/P+hgLtHADkFfLtHAFlZ
fB6DwEBqBFD/NXi7RwCjgLtHAOgiovz/g8QMo3i7RwBWjUW4V1DoGOMAAGoJWYvwjUXcUGj4KEcA
jUWQaiiNfdxQ86XobR4BAIPEFGoB/3UM6HwEAQCL8I1FkFDocQQBAFlZjUQGAVDobqH8/4sNeLtH
AIsVfLtHAIkEkY1NkFFQ6BwhAQD/dQyhfLtHAIsNeLtHAP80gegWIQEAoUjlRwCDxBiFwHRJiw18
u0cAixV4u0cA/zSKizWA1EUAagBogAEAAL/pAwAAV1D/1moAagBoiwEAAFf/NUjlRwD/1moASFBo
lwEAAFf/NUjlRwD/1v8FfLtHAF9eycODPUjlRwAAdSdqAGjVDEQA/3QkDGpu/zV45UcA/xUY1EUA
agFQo0jlRwD/FbDURQD/NUjlRwD/FUDURQDDagBoaA9EAP90JAxqb/81eOVHAP8VNNRFAMNVi+z/
dRj/dRT/dRD/dQzoq9gAAIPEEIXAdQNAXcOD+AJTVlcPhZAAAAChENVFAFD/dRz/dRRQaHAiRwDo
s6b8//81ENVFAIv4aMwkRwDooab8/2oCi9hoMwIAAFNX6DXtAACL8IPELIP+BnQhg/4HdByD/gJ0
F2hBAwAAaJQoRwBoDClHAOgtBgEAg8QMV+i/oPz/U+i5oPz/g/4GWVl1dP91GP91FP91EP91DOgw
2gAAg8QQM8BA62KD+AF1W/81ENVFAP91HP91FGjQIEcA6B+m/P//NRDVRQCL+GjMJEcA6A2m/P9q
AYvYaDMCAABTV+ih7AAAi/CDxCiD/gZ0jYP+B3SIg/4CdINoUAMAAOln////g/4HdJszwF9eW13D
U1ZX/3QkGP90JBho+CRHAOi+pfz//zUQ1UUAi/Bo4CRHAOispfz/g8QUaDQBAACL+FdWagD/FVzU
RQCL2OhrrwAAVujqn/z/V+jkn/z/WVlfM8CD+wZeD5TAW8OLRCQIU1ZX/zBoBAEAAGiIJUcA6F+l
/P//NRDVRQCL8Gg8KUcA6E2l/P+DxBRoIwIAAIv4V1ZqAP8VXNRFAIvY6AyvAABW6Iuf/P9X6IWf
/P+D+wZZWXUFagJY6wgzwIP7Bw+UwF9eW8NWV/81ENVFAGiYJkcA6Pyk/P//NRDVRQCL8GiEJkcA
6Oqk/P+DxBBqAIv4V1ZqAP8VXNRFAOiurgAAVugtn/z/V+gnn/z/WVlfXsNVi+yB7JQAAABXaiRZ
M8CNvXD////zq42FbP///1DHhWz///+UAAAA/xXg0kUAM8CDvXz///8CXw+UwMnDUzPbOR0E0UcA
dA0zwDkd+NBHAFsPlcDDVlfopP///2hkKkcAowjRRwD/FdjSRQCL+Dv7D4SHAAAAizXc0kUAaFAq
RwBX/9Y7w6Po0EcAdHBoPCpHAFf/1jvDo+zQRwB0X2gsKkcAV//WO8Oj8NBHAHROaBgqRwBX/9Y7
w6P00EcAdD1oBCpHAFf/1jvDo/zQRwB0LGj0KUcAV//WO8Oj+NBHAHQbaOApRwBX/9Y7w6MA0UcA
dAozwECjBNFHAOs2iR3o0EcAiR3s0EcAiR3w0EcAiR300EcAiR340EcAiR380EcAiR0A0UcAxwUE
0UcAAQAAADPAX15bw1WL7Oj+/v//hcB0Ef91EP91DP91CP8V9NBHAOs19kUQA1Z1KIN9CAB8Hos1
+NNFAGoA/9Y5RQh9D4N9DAB8CWoB/9Y5RQx8BDPA6wW4QgA0El5dwgwA6Kv+//+FwHQG/yXw0EcA
9kQkCANWV3Uqi3QkDDPAOUYIfhs5Rgx+Fos9+NNFAFD/1zkGfQlqAf/XOUYEfAQzwOsFuEIANBJf
XsIIAFWL7IPsLOhZ/v//hcB0Dv91DP91CP8V7NBHAOtK9kUMA3QHuEIANBLrPf91CP8V9NNFAIXA
dA+NRdRQ/3UI/xVE1EUA6w2NRfBQ/3UI/xWo1EUAhcB0Dv91DI1F8FDoUf///+sCM8DJwggAVYvs
g+wQ6O79//+FwHQO/3UM/3UI/xX40EcA63SBfQhCADQSU1Z1ZYtdDDP2O950XIM7KHJXVo1F8FBW
ajD/FaTURQCFwHRFV4lzBIlzCFaLNfjTRQD/1moBiUMM/9aNexSNdfClpaWlM/ZGgztIiUMQiXMk
X3IRaiBobCpHAIPDKFP/FdTSRQCLxusCM8BeW8nCCAD/dCQI/zVQ5UcA6IZL//9ZWcODfCQIAHQK
aj+6BYAAAFnrBDPJM9KhXOVHAIXAdQa4pCpHAMNRUlD/dCQQ/xVM5UcAg/j/dRn/FTjlRwA9QicA
AHQGuIQqRwDDuHQqRwDDM8DDaAAEAABqAP81vMxHAP8V7NNFAIXAdelTVjP2V4s98NNFAEa7ABAA
AKFwzEcAuQEEAAA7wX8Ci8g78X0ZoXTMRwD/NLBTagD/NbzMRwD/10aDwxDr04P4AX8UaNAqRwBo
ABAAAGoB/zW8zEcA/9dfXlvDoTTBRwCD7AxTVTPtO8VWV3QM/zUAvkcA/1AcWesCM8A7xaMU0UcA
D4TbAAAAix3k00UAx0QkEAEAAAD/04s18NNFAIv4iWwkFMdEJBgABAAAgXwkGAAIAAB8F2gGBAAA
aDArRwBoACtHAOhpAAEAg8QMi0wkFKEU0UcAjQTIi0gEg+kfdFZJdBlJdAr/MP90JBxqAOtP/0wk
EHRMi/0z7etGg3wkEAJ8F2gMBAAAaDArRwBo9CpHAOgbAAEAg8QM/0QkEIvv/9OLTCQUi/ihFNFH
AP80yFdqEFXrCmoAagBoAAgAAFf/1v9EJBSDRCQYEIN8JBAAD49V////i0QkFEijHNFHAOsIM/+J
LRzRRwCLLejTRQAz9qEY0UcAhcB0IGoAUI2e+L1HAP8z/xXs00UAagBoAAIAAP8z/xXs00UAhf90
KGjgKkcAV2oQahD/tvi9RwD/1WoAaAACAABoAAgAAGoQ/7b4vUcA/9WDxgSD/ghyo4k9GNFHAF9e
XVuDxAzDUaEo0UcAVjP2K8Z0NEh0Kkh0HWhNBAAAaDArRwBoRCtHAOgu/wAAi0QkEIPEDOsfuAJ/
AAAz9kbrFbiKfwAA6/ShINFHAPfYG8AFAX8AAFdQagD/FRTURQCL+Fdq9P81XOVHAP8V2NNFAFf/
FdzTRQA7NTDRRwBfdA1W/xXg00UAiTUw0UcAXlnDi0QkCKMo0UcA6Wj///+DfCQIAHQWakL/NTzl
RwDo6v37/4XAWVl1A0DrAjPAoyDRRwDpP////1WL7IPsZFaNRQxQ/3UI6Ded/P//NRDVRQCL8I1F
nGhIK0cAUOh7BgEAg8QUahCNRZxQVv81XOVHAP8VXNRFAFbo6pj8/1lqAegpKAEAzFaLdCQI/3YE
/zboxqwAAFbozJj8/4PEDF7DU1Yz9v+2sClHAP8VoNRFAIuOuClHAIuWtClHAI0MSYiBEr5HAI0U
UoiCEr5HAGaL2GbB6wiImRG+RwDB6BCImhG+RwCDxgyD/jCIgRC+RwCIghC+RwByrF5bw1NVVlf/
NVzlRwD/FYTURQCL+IX/uxG+RwC9I8FHAA+EpwAAAGiCAAAA/zU85UcA6N78+/+FwFlZD4SAAAAA
aiZX/xWk0EUA9sQBdHJqAWgcBAAA6EqX/P9ZWaP0vUcAZscAAANmx0ACBgGL841IBYpWAYhR/4oW
iBGKVv+IUQHGQQIEg8YDg8EEO/V84lD/FbjQRQCFwKOkzEcAdCGLNbTQRQBqAFBX/9ZX/xWw0EUA
agBqD/8VkNBFAFBX/9ZX/zVc5UcA/xWI1EUAgz2kzEcAAIvDucjMRwB0KQ+2UP8PtjCBygACAADB
4ggL1g+2cAHB4ggL1okRg8ADg8EEO8V82escD7ZwATPSinD/ihCDwAPB4ggL1okRg8EEO8V85F9e
XVvDVYvsg+woU1aL8I1EPwJqAVDoZ5b8/2oBV4vY6F2W/P9qJIlF/I1F2GoAUOi0BQEAjUQ/AlBq
AFPopwUBAFdqA/91/OicBQEAi0X8g8Q0aDsRCACJReyNRdhQagBX/3UYx0XYJAAAAP91CIld8Il9
9P8VwNBFAP91HPfeV1P/dRQb9oPmAoPOFFb/dRD/dQz/dQj/FbzQRQBeW8nDVYvsg+wYU1ZXM9s5
XRiL+YvwiX34D477AAAAi0UUjQRYiUXsD7cAUOgsdvz/iUX0i0UcWY0MmAM5jUMBO0UYiU3oiX3w
iUX8fTPrA4tF/ItNFA+3BEFQ6P11/P85RfRZdRWLRfyLTRwDPIFAO0UYiX3wiUX8fNWLRfyLTeiD
ffQAixWczEcAdCv32hvS99Ij0VL/deyL+P91ECv7/3UMi8b/dfj/dQjouP7//4t98IPEGOss99ob
0vfSI9FSK8NQ/3Xs997/dRAb9oPmAoPOBFb/dQz/dfj/dQj/FczQRQD/dQiLXfyJffj/FcjQRQBq
Af91CIlF6P8VxNBFAItFGDP2O9gPjBH/////dej/dQj/FcTQRQBfXlvJw1WL7IPseFaL8DPAQIRG
M1d1BYt+FOtNo5zMRwCjsMxHAI1FiFBqOWow/3UI/xXQ0EUAhcB0K1NqCjP/jXWMW9lG/NhGBNgG
3AVoK0cA6GMDAQA7+H0Ci/iDxgxLdeFb6wOLfhiLx19eycNVjWwkkIHsjAAAAFNWV2pAWb6DAAAA
Vv81POVHADPAv+i8RwDzq+ih+fv/M9tDI8NW/zU85UcA0eCjCL5HAOiJ+fv/0ehqcP81POVHACPD
o6jMRwCJHXzMRwDoQ/37/4v4M/aDxBg5dwR0EMdFZLwCAADHRWCEAwAA6wqJdWTHRWC8AgAA/zVc
5UcA/xWE1EUAiUVsi0V8O8Z1KItHCDvGo6DMRwB+IWpIalr/dWz/FaTQRQBQ/zWgzEcA/xXk0kUA
99ijoMxHAItFeGpx/zU85UcAo0DBRwDo7/j7/zvGWVmJRWh1BDPA6xc7w3UFagRY6w4zyYP4Ag+V
wY1MCQOLwf83U1BWix2s0EUAVv93DFZWVv91ZFZW/zVAwUcA/zWgzEcA/9NQ/3Vso+i8RwD/FZTQ
RQCNRRhQ/3Vs/xWo0EUAaJC8RwBqPP816LxHAP8V5NBFADPA9kVLAXURi00sO00wiTWczEcAD5XA
6wZAo5zMRwA5dXijsMxHAHQFOXV8dRmLRRj/dWyjoMxHAI1FGOgA/v//WaNAwUcAD7ZFTGogiUV4
jUXkaP8AAABQ6BACAQCDxAyBfXj/AAAAdQj/FczSRQDrG2oBjUXkUP91eP8V4NBFAIXAdAWLRejr
A4PI/41NBFFQo1jBRwD/FdDSRQAzyUGLwTtFBBvA99g5dWijVMFHAHUEM8DrFzlNaHUFagRY6w0z
wIN9aAIPlcCNRAAD/zdRUFZW/3cMVlFW/3VkVlb/NUDBRwD/NaDMRwD/0/91bKPwvEcA/xV00EUA
/zWgzEcAi9j/NUDBRwD/dWz/FdzQRQBQU4lFXP8VlNBFAP818LxHAIlFZFP/FZTQRQBWU/8V2NBF
AGj///8AU/8VhNBFAFZT/xWA0EUAagJT/xXE0EUAVmoBaHArRwBWagJWVlP/FbzQRQA5NaDMRwCJ
dXyJdXh+LqFAwUcA/3V4mSvC0fhQU/8V1NBFAIXAdAfHRXwBAAAA/0V4i0V4OwWgzEcAfNL/dWRT
/xWU0EUA/3Vc/xV40EUAU/8VbNBFADl1fHUY/zXwvEcAiTV8zEcA/xV40EUAiTXwvEcAgz0IvkcA
AnVKOXVodQQzwOsYg31oAXUFagRY6w0zwIN9aAIPlcCNRAAD/zdqAVBWVv93DFZWVv91YFZW/zVA
wUcA/zWgzEcA/xWs0EUAo+y8RwCLRRyLDaDMRwBAO8Gj1LxHAHwHSYkN1LxHADPbM/+Lh+i8RwA7
xnQ5UP91bP8VlNBFAIXAdCuNRRhQ/3Vs/xWo0EUAhcB0Gv91bI1FGOjD+///WYtNGMHhCAPBiUQ9
UOsEiVw9UEuDxwSD+/1/sP91bP81XOVHAP8ViNRFAIt9UDl9WHQY/zXwvEcAiTV8zEcA/xV40EUA
iTXwvEcAgz0IvkcAAnUiOX1UdB3/Ney8RwAz/0eJPQi+RwD/FXjQRQCJNey8RwDrAzP/R2hQwUcA
/zU85UcAiT2Yu0cAiT2Uu0cAiT2Qu0cA6NbXAABZWV9eW4PFcMnDVYvsg+wUU4tdCFYz9jveD4wi
AQAAg/tAD40ZAQAAV4v7wecCObeQu0cAD4UGAQAAi8OD4Pw7w3QQOTSFkLtHAHUHUOi4////WWpw
/zU85UcA6NT4+/85cARZWXQOurwCAADHRfyEAwAA6wkz0sdF/LwCAAD2wwSLSAyLAIlF7KFAwUcA
iU34iVXwiXX0iUUIdAUDwIlFCPbDEHQMi0UIQJkrwtH4iUUI9sMgdAfHRfj/AAAA9sMBdAaLRfyJ
RfD2wwJ0B8dF9AEAAABqcf81POVHAOh89Pv/O8ZZWXUEM8DrGIP4AXUFagRY6w4zyYP4Ag+VwY1M
CQOLwf917MHrA1ZQVlb/dfiD4wFW/3X0Qw+vHaDMRwBW/3XwVlb/dQhT/xWs0EUAiYfovEcAx4eQ
u0cAAQAAAF9eW8nDVlcz/4236LxHAIsGhcB0B1D/FXjQRQCDp5C7RwAAgyYAg8cEgf8AAQAAfNhf
XsNVi+yD7BRqFI1F7FAPt0UIaAQQAABQ/xXI0kUAjUXsUOjv8wAAWaPYvEcAycOD+AF1BGoEWMOD
+AJ1G2iFAAAA/zU85UcA6J/z+/9I99hZG8BZg8AGw4P4A3UdaIUAAAD/NTzlRwDof/P7/0j32BvA
WffYWYPABcMzwMNWanj/NTzlRwCL8Ohf8/v/hcBZWXUDM/ZGgz0AqEcAAHQHhfZ1D1brBoX2dAhq
Af8V4NNFAIk1AKhHAF7DVYvsgewAAQAAjYUA////UP8V1NNFAIXAdQLJw/aFEv///4B0BTPAQMnD
D7ZFpcHoB8nDU1ZX/xXo0kUAi1wkEIvIK8uB+f///39zBDP26wSL8yvwv9IEAABX/zVc5UcA/xXM
00UAagBWV/81XOVHAP8V0NNFAF9eiR3ovUcAW8NqX/81POVHAOil8vv/aIsAAAD/NTzlRwCjdOVH
AOiQ8vv/g8QQo2DlRwDDVYvsg+wcoVDlRwCDuDQBAAAAdG6LDfCnRwCFyXxkofSnRwCFwHxbUFH/
FcjTRQChsORHAIXAdEqD+AF1CYM9qORHAAB0PFb/NVzlRwDocO8AAIvwofCnRwCJReih9KdHAIlF
7I1F5FBWx0XkAgAAAOhH7wAAVv81XOVHAOg17wAAXsnDVYvsg+xIVjP2g2UgA1dWWA+VwIl11Il1
9Il12EAPrwVAwUcA9kUeQIlF8HQGjQwAiU3wOXUgi1UMiw1Q5UcAdA+NPBI7uSwBAAAPjUsJAAAP
r8IDBWTMRwBTiUUMoaDMRwCL2A+vXRADHeTQRwAz/0f2RR9AiV0QdCU5NXTlRwB0CDmxWAEAAHQV
i00cgeEEC87/gckECwIAiU0ciX3Ygz1g5UcAA4l1+HUKOXUgdAWJfSDrGItNICvOdBFJx0X4DAAA
AHUHx0X4BAAAAPZFHoB0BINN+BCLdRRmiw5mgfm6I3JaZoH5vSN3Uw+2yYHpugAAAHQRSXQKSXQP
SXUVA8DrCGr76wb32NHgagWZWff5iUX0g30gAnQGg30gA3UIi0X0A8CJRfT2RR4IZqFCyEcAZokG
dAeAZR73iX3UZosGD7fQgeIA/P//uQDYAAA70XU6g30YAnwbZjvBchZmPf/bdxBmi0YCZj0A3HIG
Zj3/33YZg30YAH4Ti00Y0em4/f/9/4v+86sTyWbzqw+3BiUA////PQDwAAB1BINN+CCLTRyL+bj/
AQAAwe8Ji/Ej8CP4gz0IvkcAAnUM98EAAAQAdASDTfgBgz18zEcAAXUM98EAAAgAdASDTfgC/3X4
6Mr6//+LRfiDPIXovEcAAFl1D6gCdAfHRdQBAAAAg2X4/P91+Oil+v//i0X4gzyF6LxHAABZdQSD
ZfgA9kUeEHQGi8aL94v4gz2ozEcAAHQ59kUeBLgAAQAAdBeDfdgAdRGD/hB9BYPOCOsHO/B8A4PO
AfZFHiB0EYP/EH0Fg88I6wc7+HwDg88Bi0X4/zSF6LxHAIs0tcjMRwD/dQiLPL3IzEcAiXXI/xWU
0EUAVv91CP8VhNBFAFf/dQj/FYDQRQCLRRwlAAAAgIlF0HQEagHrAmoC/3UI/xXE0EUAi0UMi30Y
iUW4oaDMRwADw4ldvIlFxDPbM8CF/w+OhAAAAIt1FMdF5AEAAAA5feR9SmaLFEZmgfpA23UZZotM
RgJmgfkA3XINZoH57913BkD/ReTrSWaB+gDYch9mgfr/23cYZotMRgJmgfkA3HIMZoH5/993BQNd
8OvUZosMRmaB+QsYcgdmgfkNGHYRZoH5AP5yB2aB+Q/+dgMDXfBA/0XkO8d8hotFDIsVZMxHAI0M
A6FQ5UcAiU3Ai4AsAQAAD68FQMFHAAPCO8h+A4lFwDP2OTWczEcAdCiLRfCZK8JqBv91CNH4iUXg
/xXY0EUAiw1c0UcAiXXox0XcAQAAAOsZVv91CIl14P8V2NBFAIsNXNFHAIlN6Il93DP2RoX/iX3Y
D446BQAA6waLDVzRRwCLVdg5VdyLXdx8Aovag33cAYldzHV1g/oBfCOLfRRmiwdmPQDYchdmPf/b
dxFmi0cCZj0A3HIHZj3/33cBQyvTg/oBfCKLRRRmiwRYZj0LGHIGZj0NGHYMZj0A/nIJZj0P/ncD
Q+skg/oCfB+LRRSNBFhmgThA23USZotAAmY9AN1yCGY97913AkNDOx1g0UcAfi5qCI0E25lf9/9q
BIPAEFBRo2DRRwDoVoj8/4PEDIN96ACLyIkNXNFHAHQDiU3oM8CF2w+OrAAAAMdF7AEAAAA5XeyL
VfCJFIGLVRR9WmaBPEJA23UgZotUQgJmgfoA3XIUZoH67913DYN97AF+L4NkgfwA6yiLVRRmizxC
ZoH/ANhyJGaB///bdx1mi3xCAmaB/wDcchFmgf//33cKgySBAED/RezrK2aLFEJmgfoLGHIHZoH6
DRh2DmaB+gD+chhmgfoP/ncRg33sAX4Fg2SB/ACLVfCJFIFA/0XsO8MPjFv///8z/zk9VMFHAA+E
pAEAAItFFA+3ACUA////PQDxAAAPhY4BAAA7HWjRRwB+If81ZNFHAOjAh/z/agJTiR1o0UcA6OiG
/P+DxAyjZNFHADvfiX3kiX3sD47ZAwAAiw1k0UcAi0XsZscEQf3/i0UUi03kjTxIM8CKB1D/NVjB
RwD/FcDSRQCFwIoHagF0QotN5ItV8IhF+otFFIpESAKLTeyIRfuhXNFHAI0EiAEQoWTRRwCNBEhQ
agKNRfpQagT/NVjBRwD/FcTSRQD/ReTrI4tN7IhF/6Fk0UcAjQRIUGoBjUX/UGoE/zVYwUcA/xXE
0kUA/0Xs/0XkOV3kD4xb////g33sAA+OKgMAAP916DPAg30gA/917A+UwP81ZNFHAItN9It9DPfe
G/aD5gKJReSNRbhQoaDMRwAPr0XkK8gDTRCLReCDzgRWizXM0EUAUQPHUP91CP/Wgz0IvkcAAXVC
9kUeBHQ8agH/dQj/FcTQRQD/deiLTfT/deyNRbj/NWTRRwBQoaDMRwAPr0XkK8gDTRCLReBqBFGN
RDj/UP91CP/WoVzRRwCDCP+LfQzp2wEAAItFFA+3ACUA/v//PQDwAAAPhdgAAAA7HXDRRwB+HmoB
U/81bNFHAIkdcNFHAOiohfz/g8QMo2zRRwDrBaFs0UcAO99+DotNFIoMeYgMB0c7+3zy/3XoM8mD
fSADi30MD5TBU1CNRbhQoaDMRwD33hv2D6/BiU3ki030K8gDTRCLReCD5gKDzgRWizW80EUAUQPH
UP91CP/Wgz0IvkcAAQ+FNgEAAPZFHgQPhCwBAABqAf91CP8VxNBFAP916ItN9FP/NWzRRwCNRbhQ
oaDMRwAPr0XkK8gDTRCLReBqBFGNRDj/UP91CP/W6e0AAAA5HXjRRwB9LP81dNFHAOhEhfz/agJT
iR140UcA6GyE/P+LDVzRRwCL+IPEDIk9dNFHAOsGiz100UcAhdt+IItVFCvXi8eJVeyJXeTrA4tV
7GaLFAJmiRBAQP9N5HXvM8A78HQGOUXQdQFAM9KDfSADUYt14A+UwlNXi30MjU24UYsNoMxHAA+v
yolV5ItV9CvRA1UQjQw+Uv91COgM7v//g8QYgz0IvkcAAXVB9kUeBHQ7agH/dQj/FcTQRQD/deiL
TfRT/zV00UcAjUW4UKGgzEcAD69F5CvIA00QagRRjUQ+/1D/dQj/FczQRQBqAf91CP8VxNBFAItF
FCld2I0EWIlFFItFzA+vRfAz9gP4OXXYiX0MD4/I+v//g30gAnRzM8A5RdR1DjkFfMxHAHVk9kUe
CHReg30gA4s11LxHAHUIA/YrNaDMRwD/dchQUP8V8NBFAItdCIs9lNBFAFBT/9eJRQiLRbxqAAPG
UP91uFP/FezQRQCLRbwD8Fb/dcBT/xXo0EUA/3UIU//XUP8VeNBFAFtfXsnDVYvsUfZFH4BTVlcP
hE4BAACLXRiLdRQzyTPAQYP7AnwmZosWZoH6ANhyHGaB+v/bdxVmi1YCZoH6ANxyCmaB+v/fdwNq
AlmL+yv5g/8BfFGNFE6JVfxmixJmgfoLGHIHZoH6DRh2DmaB+gD+cjNmgfoP/ncs/3UggGUff/91
HEFRVv91EP91DP91COjR9f//i0X8jXACjV//g8Qc6bMAAACD/wJ8QGaBPE5A23U4ZotUTgJmgfoA
3XIsZoH67913Jf91IIBlH3//dRyNWQJTVv91EP91DP91COiD9f//jTRejV/+67OAZR9/621Lg/sB
fEVmiw5mgfkA2HI7ZoH5/9t3NI1+AmaLD2aB+QDccidmgfn/33cg/3UgC0UcUGoCVv91EP91DP91
COgy9f//g8QcS4v36xv/dSALRRxQagFW/3UQ/3UM/3UI6BL1//+DxBxGRrgAAACAhdt1j+sd/3Ug
/3Uc/3UY/3UU/3UQ/3UM/3UI6Oj0//+DxBxfXlvJw1WL7IPsMKF05UcAg2UgA1cz//ZFH0CJRfx0
RjvHdA2hUOVHADm4WAEAAHQ1i0UUZoE4/990IP91IP91HP91GFD/dRD/dQz/dQjoMf7//4PEHOmd
AQAAgE0fEMdF/AIAAAAzwDl9IFYPlcBAD68FQMFHAPZFHkCL8IvOdAID9osVoMxHAA+vTQwDDWTM
RwCLwg+vRRADBeTQRwD2RR8gU3R2OX38dA6LHVDlRwA5u1gBAAB0Y/813NBHAIlN8IlN2IlN0I1M
Dv+JRfSJReyJRdSNRAL/V1eJTeiJTeCJReSJRdz/FfDQRQCLNZTQRQBQ/3UI/9aL+GoFjUXQUP91
CP8V+NBFAFf/dQj/1lD/FXjQRQDp2gAAAPZFH2APhNAAAAA5ffwPhMcAAACDffwBdRmL2YsN1LxH
AAPIiU0gx0X8AQAAAIl9+OseM9v2RR8QdAONXv8D2TP/iUUgiX38x0X4AQAAAIvy9kUfQHRT/zXc
0EcAV1f/FfDQRQCLPZTQRQBQ/3UI/9dqAP91IIlFHFP/dQj/FezQRQCLxg+vdfwPr0X4A0UgA/NQ
Vv91CP8V6NBFAP91HP91CP/X6Uv///87934ti8dqAplZ9/mF0nUT/zXc0EcA/3UgU/91CP8V9NBF
AItF+ANd/AFFIEc7/nzTW15fycNVi+xRg2X8AIM9sMxHAAB1BTPAQMnDVot1DIvOugD///8jyoH5
ANgAALj/AAAAdCiB+QDZAAB0FIH5ANoAAHUiI/APtzR1YMFHAOsWI/APtzR1YMdHAOsKI/APtzR1
YMNHAFeL/oHnAP7//7kA8AAAO/l1e4M9VMFHAAB0BTPAQOtpi/4j+IP/IHIFg/9+du0j8oH+APEA
AHUI/zXovEcA6xY78XVDaiDo7O7//6FovUcAhcBZdDJQ/3UI/xWU0EUAjUX8UFdX/3UI/xUI0UUA
g/gBdFiNRfxQV1f/dQj/FQTRRQCD+AF0RDPAX17Jw4P+IHwFg/5+foT/Nei8RwD/dQj/FZTQRQCN
RfxQVlb/dQj/FQDRRQCD+AF0EY1F/FBWVv91CP8V/NBFAOu3iw1AwUcAi8GZK8KLVfzR+I1EEP+Z
9/nrpVZXaJArRwDotnMAAIs93NJFAIvwhfZZdA9ogCtHAFb/16NgzEcA6weDJWDMRwAAhfZ0D2h0
K0cAVv/Xo+DQRwDrB4Ml4NBHAABfXsNW/zWszEcA6Kl+/P+LdCQQWWoBVujJ4AAAWUBQ6Mp9/P9W
UKOszEcA6IX9AABqbf81POVHAOgh4/v/g8QYhcB1EP81XOVHAP8V9NNFAIXAdQ1W/zVc5UcA/xVE
00UAXsNW/zVszEcA6El+/P+LdCQQWWoBVuhp4AAAWUBQ6Gp9/P9WUKNszEcA6CX9AABqbf81POVH
AOjB4vv/g8QYhcB1Hf81XOVHAP8V9NNFAIXAdA1W/zVc5UcA/xVE00UAXsOhXOVHAIXAdCVWUP8V
hNRFAIvwhfZ0E6GkzEcAhcB0CmoAUFb/FbTQRQCLxl7DM8DDagBqD/8VkNBFAFD/dCQM/xW00EUA
/3QkBP81XOVHAP8ViNRFAMNVi+yKVRBTil0IV4s9pMxHAIX/dFOLDfS9RwBWi/DB5gKNBA6IWASK
XQyIUAaIWAXGQAcED7bCDQACAADB4AgPttMLwg+2VQiDwQRRaAYBAADB4AhqAAvCV4mGyMxHAP8V
DNFFAF7rFjPJiuoPttOKTQzB4QgLyokMhcjMRwBfW13DVYvsVot1DIP+EHwGgcbwAAAAgf4GAQAA
fVv/dRiLxv91FP91EOhU////g8QMgz2kzEcAAHQn/3UI6On+//9Z/zWkzEcAi/D/FRDRRQBW/xWw
0EUAVuj+/v//WesYgf4CAQAAdRBqAWoA/zVc5UcA/xUo00UAXl3DVYstpMxHAFZXiz30vUcAvsjM
RwC4Eb5HAI1PBVOF7XQoilABiFH/ihCIEYpQ/4hRAcZBAgAPtlD/D7YYgcoAAgAAweIIC9PrBzPS
inD/ihAPtlgBweIIC9OJFoPAA4PBBIPGBD0jwUcAfLKF7Vt0LoPHBFdoBgEAAGoAVf8VDNFFAP90
JBDoJP7//1mL8Fb/FbDQRQBW6EX+//9Z6xBqAWoA/zVc5UcA/xUo00UAX15dw1NVV4t8JBiNRwFQ
aAIgAAD/FbDSRQCL6DPbO+sPhIMAAABWVf8VtNJFAIvwO/N0dFf/dCQcVuj05AAAg8QMVYgcPv8V
uNJFADlcJCCLNYzURQC/AoAAAHUMU2oBV/81XOVHAP/W/zVc5UcA/xW400UAhcB0F/8VvNNFAFVq
Af8VwNNFAP8VxNNFAOsHVf8VvNJFADlcJCB1C1NTV/81XOVHAP/WXl9dW8NVi+yB7GwGAABTVot1
FFcz/1dXV1dW/3UMV1f/FazSRQCLHbDSRQAD9lZoAiAAAIlF5P/T/3XkiUXoaAIgAAD/0zl96Isd
vNJFAIlF7A+E5wYAADvH/3XoD4TaBgAAix200kUA/9M7x4lF0HUV/3XoizW80kUA/9b/dez/1unC
BgAA/3Xs/9M7x4lF2HUL/3Xo/xW40kUA69RW/3UM/3XQ6OHjAACDxAxXV/915P912P91FP91DFdX
/xWs0kUAaIgAAAD/NTzlRwDoId/7/4XAWVkPhMQFAABqcP81POVHAIl94Il98Il9wIl9xIl9vIl9
yOjO4vv/i/BXjYWU+f//UFfoasAAAP826GjcAACDwGRqAVCJRdzoY3n8/4vYi0YI0eBQ/zZoVCxH
AFPojecAAIPEMDl9EIvwD4ROAQAAaBgEAACNhZT7//9XUOiV6AAAi0UUg8QMSDvHiX30iUXUD46M
AAAAvv8BAACLTfSLRRCNBIiLEIlF/IvCwegJi8ojziPG98IAABAAdAaL0YvIi8I5PajMRwB0HItV
/PZCAgR0E4P5CH0Fg8EI6wmB+QABAAB8AUGLVfz2QgIgdBKD+Ah9BYPACOsIPQABAAB8AUCNjI2U
+////wGNhIWU+////wD/RfSLRfQ7RdQPjHn///8zwDPSjYyVlPv//zk5dANAiQFCgfoGAQAAfOlr
wBkDRdxqAVBT6MJ4/P+L2GhELEcAU+gt+AAAU+hH2wAAi/CNhZT7//+DxBi/Eb5HAIlF/ItF/IM4
AHQhD7ZH/1APtgdQD7ZHAVCNBB5oLCxHAFDoWOYAAIPEFAPwg0X8BIPHA4H/I8FHAHzIjQQeaCgs
RwBQ6L73AABZRlkz/zl95A+OvAMAAI2FlPn//4lF9ItN4DtNFItF8A+NpAMAAItV2IA8EAAPhJcD
AACLVdBmOTxKD4SKAwAAjVABO1XkfRqLTdiAPAgNdRGAfAgBCnUK/0Xgg0X0AolV8Dl9EA+ElwEA
AI1GQDlF3H0XjYYAAgAAagFQU4lF3OjRd/z/g8QMi9iLRRCLTfCNDIiLEYv6we8Ji8Il/wEAAIHn
/wEAAPfCAAAQAHQGi9CLx4v6gz2ozEcAAHQY9kECBHQSg/gIfQWDwAjrCD0AAQAAfAFAixH3wgAA
IAB0E4P/CH0Fg8cI6wmB/wABAAB8AUeDPQi+RwAAdAuB4gAABACJVfzrBINl/ACLCYvRgeIAAAgA
98EAABAAiVX4dSy5AAEAADv5fAODz/87wXwcgz2ozEcAAHQQqAF0DIP//3UHx0X8AAAEAIPI/zlF
wHQphcCJRcB8CYuEhZT7///rAjPAUI0EHmggLEcAUOjE5AAAi1X4g8QMA/A5fcR0KYX/iX3EfAmL
vL2U+///6wIz/1eNBB5oECxHAFDoluQAAItV+IPEDAPwi0X8OUW8dCiJRbyFwLgMLEcAdQW4BCxH
AFCNBB5oFDlGAFDoZuQAAItV+IPEDAPwOVXIdCWF0olVyLj8K0cAdQW48CtHAFCNBB5oFDlGAFDo
OeQAAIPEDAPwi03Yi0Xwi1XgA8GLTdCJRdQPtgBmi4RFlPn//408UWY7B3USM//HRfgBAAAAxkWs
AIl9/OtgM8BQUFBQagH/dfRQUP8VrNJFAIlF+IP4AQ+3B1CNRax0Kv91+GjkK0cAUOjO4wAAi/iN
RcxoKCxHAFDHRfwBAAAA6D/1AACDxBjrGGjcK0cAUOin4wAAg8QMg2X8AIv4xkXMAItF8ItN+APB
O0XkiUXwfhdoPxQAAGgwK0cAaMArRwDoZtsAAIPEDItF/DPSOVX4jQw4fjeLRdSKBAI8XHQlPHt0
ITx9dB08DXQUPAp0EDx+dwc8IHIDQesMg8EE6weDwQbrAkFBQjtV+HzJjQQxjUgDOU3cfRYFAAIA
AGoBUFOJRdzoM3X8/4PEDIvYjUWsUI0EHlDoifQAAAP3M/85ffhZWX5gi0XUjQwHigE8XHRDPHt0
Pzx9dDs8DXQjPAp0Hzx+dwQ8IHMyD7bAUI0EHmi4K0cAUOjA4gAAg8QM6xCNBB5osCtHAFDoreIA
AFlZA/DrC8YEHlyKAUaIBB5GRzt9+HygjUXMUI0EHlDoEfQAAAN1/ItF8P9F4INF9AJZM/87ReRZ
iUXwD4xN/P//xgQefUbGBB4ARsYEHgBGVmgCIAAA/xWw0kUAO8eJRRR0H1D/FbTSRQA7x3QUVlNQ
6P/dAACDxAz/dRT/FbjSRQBT6LB0/P9Z6wOJfRT/deiLNbjSRQD/1v917P/WOX0Yix2M1EUAdRBX
agFoAoAAAP81XOVHAP/T/zVc5UcA/xW400UAhcB0OP8VvNNFAP916Is1wNNFAGoN/9b/dexqAf/W
OX0UdBH/dRRonCtHAP8VtNNFAFD/1v8VxNNFAOsQ/3XoizW80kUA/9b/dez/1jl9GHUdV1doAoAA
AP81XOVHAP/T6wz/0zl97HQF/3Xs/9NfXlvJw2oA/xW400UAhcB0NVaLNbTURQBqDf/WhcB0BVBq
AesLagH/1oXAdBJQagBoBoAAAP90JBT/FYzURQD/FcTTRQBeM8DCBABVi+xWV/818L1HAOiqc/z/
Wf91CDP2iTXwvUcAiTUEvkcA/xW00kUAOXUMi/h0Ujv+D4SlAAAAZjk3dAdAQGY5MHX5K8fR+KME
vkcAQGoCUOibcvz/iw0EvkcAA8lRV1Cj8L1HAOiN3AAAofC9RwCLDQS+RwBmiTRIM8CDxBRA6107
/ol9DHRUU1ZWV+hW1QAAWUBQV4s9xNJFAFZW/9eL2GoCU+hHcvz/WVlTUP91DKPwvUcA6C3VAABZ
QFD/dQxWVv/Xiw3wvUcAjUP/owS+RwBmiTRBM8BAW+sCM8BfXl3DUY0EJFAzwFD/NVzlRwBoc0lE
AFBQ/xWo0kUAWcOLRCQIhcB0FIsN8L1HAIkIi0QkDIsNBL5HAIkIw1WL7IPsZFaNRQxQ/3UI6KZ2
/P//NRDVRQCL8I1FnGiILEcAUOjq3wAAg8QUahCNRZxQVv81XOVHAP8VXNRFAFboWXL8/1leycNV
i+yD7BShYMxHAIXAdCqLDVzlRwCJTfCLTQiJTfSLTQyJTfiLTRCJTfyNTexRx0XsFAAAAP/QycMz
wMnDgz2I0UcAAHQUi0QkCDsF3LxHAHUIagHoAgAAAFnDVmpi/zU85UcA6JLW+/9ZWYtMJAgz9jvO
D4SIAAAAO8YPhIAAAACD+QJ1Xjk1iNFHAA+FlgAAADPSQjk1YMxHAIkViNFHAHQVSPfYG8BWI8FQ
agfoTf///4PEDF7DUv81XOVHAP8VsNNFAP81XOVHAGhbS0QAaMIBAADoQ3P//4PEDKPcvEcAXsMz
0kI7ynU9O8J1OTk1iNFHAHQxOTVgzEcAdSnrtzk1iNFHAHQfOTVgzEcAiTWI0UcAVnQEVlbrkv81
XOVHAP8VsNNFAF7DVYvsgey4AAAAg30MAVZ1LYs16NJFAP/WKwWM0UcAeAmD+DIPjPEAAABqAP8V
fNRFAP/Wo4zRRwDpxwAAAIN9DAN1f2pn/zU85UcA6NjY+/9ZWWgBAAIAi/BqAP82/xW81EUAhcAP
hZkAAAD/No1FrGioLEcAUOgl3gAA/zUQ1UUAjYVI////aJQsRwBQ6A7eAACDxBhqMI2FSP///1CN
RaxQ/zVc5UcA/xVc1EUAagFqYf81POVHAOhp2fv/g8QM60KDfQwEdTyLNejSRQD/1isFkNFHAHgF
g/gyfD2DPbDkRwACdQ9qZGggAwAA/xWk0kUA6whq//8VfNRFAP/Wo5DRRwChUOVHAIO4NAEAAAB1
CGoC6Bj+//9ZXsnD/zVc5UcA/xX000UAhcB0C4N8JAgAdRlqCesJg3wkCAB0DmoG/zVc5UcA/xWw
1EUAw2pq/zU85UcA6HbU+/+D+AFZWXQug/gCdCn/NVzlRwD/FazTRQCFwHUZagVQUP90JBj/dCQY
UP81XOVHAP8VLNNFAMNqU/81POVHAOgz1Pv/hcBZWXUcagMzyTlEJAxQUA+UwVBQUf81XOVHAP8V
LNNFAMNqAWoA/zVc5UcA/xUo00UAw/81XOVHAP8VrNNFAIXAdAuDfCQIAHUZagnrCYN8JAgAdA5q
A/81XOVHAP8VsNRFAMP/NVzlRwD/FfTTRQDDVYvsg+wQjUXwUP81XOVHAP8VqNRFAItFDItN8IkI
i0UQi030iQjJw1WL7IPsEI1F8FD/NVzlRwD/FajURQCLRfgrRfCLTQyJAYtF/CtF9ItNEIkBycOD
fCQIAKFszEcAdQWhrMxHAMP/NVzlRwD/FazTRQCFwHUBw2rw/zVc5UcA/xUg1EUAJQAAwAD32BvA
QMNVi+yD7ChWV2oC/zVc5UcA6CvR//+NTdhRUMdF2CgAAADohdH//4t9CI113KWlpaUzwF9AXsnD
U1ZXavD/NVzlRwD/FSDURQCL2Gpq/zU85UcAi/OBzgAAwADo0NL7/4P4AVlZdQiB5v//+//rBoHO
AAAEAGpo/zU85UcA6K7S+/+FwFlZdAiBzgAAIADrBoHm///f/zP/O/N0IlZq8P81XOVHAP8VeNRF
AGonV1dXV1f/NVzlRwD/FSzTRQAz9ldogAEAAP+2+L1HAP8VqNNFAIPGBIP+CHLmX15bw/90JBD/
dCQQ/3QkEP81UOVHAOi2a///g8QQw/90JAz/dCQM/zVQ5UcA6AJs//+DxAzDVYvs/3UQ/3UM/3UI
6OnA+/+DxAyD+P91F/91EP91DP91CP81UOVHAOgRbP//g8QQXcNVi+yD7GRTVlf/NRDVRQCNRZxo
+CxHAFDHBZjMRwABAAAA6JbaAACNRZxQM9tT6MDu//+NRZxQU+hW7v//oUjBRwCDxBw7w3QNUOjt
Ofz/WYkdSMFHAKE0wUcAO8N0K/81AL5HAP9QBFNT/zVQ5UcAiR0AvkcAiR00wUcA6P77/v9T6E7R
//+DxBQz/1NqQI23+L1HAP82/xXs00UAaOQsRwBqQFNqMP82/xXo00UAg8cEg/8IctVfXlvJw+gU
3f///zX0vUcA6Hxs/P+hpMxHAIXAWXQHUP8VeNBFAOi7agAAagL/NTzlRwDo/9D7/4P4A1lZdQXo
f4MAAOignQAA/xX81EUA/3QkBOiA+wAAzFWL7IPsZFaNRRBQ/3UM6EBw/P//NRDVRQCL8I1FnGgM
LUcAUOiE2QAAg8QUahCNRZxQVv81XOVHAP8VXNRFAFbo82v8/2oE/zU85UcA6IzQ+/+DxAyFwF51
CmoB/xUs1EUAycNqAGgrUEQA6FW++/9ZWcnDg+wMU1VWV2oCX71YKUcAu4QAAACLRQCNNECNR/5Q
U/81POVHAOi/0Pv/iIYSvkcAjUf/UFP/NTzlRwDoqdD7/1dT/zU85UcAiIYRvkcA6JbQ+/+DxQSD
xCSDxwOB/bApRwCIhhC+RwB8qriY9///M/a5Qb5HAIlEJBiD+Ah9bmoki8aZX/f/agZfi9iLxpn3
/4lUJBSZ9/8zwIrDiVQkELIo9uoEN4XbD5TC/soj0DPAikQkEIhRAbIo9uoEN4N8JBAAD5TC/soj
0DPAikQkFIgRsij26gQ3g3wkFAAPlML+yiPQi0QkGIhR/+sIiEH/iAGIQQGDwApGg8EDPfgAAACJ
RCQYD4xv////aIEAAAD/NTzlRwDoT8/7/4XAWVlfXl1bdAiDxAzp0NH//4PEDMNVi+yD7CxTVleN
RdRQ/zVc5UcA/xWo1EUAjUXkUP81XOVHAP8VPNNFAIt98Ct96Itd7Ctd5Gpq/zU85UcAiX306PTO
+/9qev81POVHAIlF/Ojkzvv/g8QQg338AYvwdQfHRQgCAAAAg30IAX4Q6K7a//9qAGoA6PLU//9Z
WYXbD4TQBAAAhf8PhMgEAACDfQgAdXiLDVDlRwCLkSwBAAAPrxVAwUcAi8MrwpkrwtH4OQVkzEcA
iUX4dSGLkSgBAAAPrxWgzEcAi8crwpkrwtH4OQXk0EcAdDOLRfiLiSgBAAAPrw2gzEcAo2TMRwCL
xyvBmWoBK8JqAP81XOVHANH4o+TQRwD/FSjTRQD/NVzlRwD/FazTRQCFwA+EIAEAAItF3CtF1DP2
K0XsA0Xko+y9RwCLReArRdgrRfADReg5dfyjlMxHAA+EkwAAAIsNUOVHAIvDmfe5LAEAADkFQMFH
AHUVi8eZ97koAQAAOQWgzEcAD4TdAwAA6KPZ//+LDVDlRwCLx5n3uSgBAABQi8OZ97ksAQAAUOjR
0///WVmLDVDlRwCLkSwBAAAPrxVAwUcAi4koAQAAD68NoMxHAIvDK8KZK8LR+KNkzEcAi8crwZkr
wtH4o+TQRwDpmgIAAKFQ5UcAi4gsAQAAD68NQMFHADvLdRWLgCgBAAAPrwWgzEcAO8cPhEsDAABq
W/81POVHAOgizfv/UIvDmfc9QMFHAFCLx5n3PaDMRwBQ/zVQ5UcA6BUw//+DxBjpX////zPAOUUI
D46WAAAAjTw2iTXk0EcAiTVkzEcAizVQ5UcAi5YsAQAAD68VQMFHAIvHK0XUi88rTdgrRewrTfAD
RdwDTeADReQDTeiJfQgD+jvfo+y9RwCJDZTMRwB1GYu+KAEAAA+vPaDMRwADfQg5ffQPhJACAACL
tigBAAAPrzWgzEcAagYD8VYD0FIzwFBQUP81XOVHAP8VLNNFAOllAgAAOUX8dBODffwDD4WSAQAA
OUUID42JAQAAjQw2i8ErRdSJNeTQRwArReyJNWTMRwADRdwDReSj7L1HAIvBK0XYK0XwA0XgA0Xo
o5TMRwChUOVHAIuQLAEAAA+vFUDBRwAD0TvadReLgCgBAAAPrwWgzEcAA8E7+A+E+QEAAGiAzEcA
6KT4//9Ziw2IzEcAKw2AzEcAizWMzEcAKw3svUcAKzWEzEcAi8GZ9z1AwUcAKzWUzEcAi9iLxpn3
PaDMRwCJRQihUOVHAIu4KAEAADt9CH8MOZgsAQAAD46AAAAAg338A3VBi4AsAQAAO8OJRfR+C4vB
mfd99KNAwUcAO30IfgqLxpn3/6OgzEcA6DDX////NaDMRwD/NUDBRwDobNH//1lZ6zQ5fQh+A4l9
CIuALAEAADvYfgKL2Gpb/zU85UcA6BPL+/9QU/91CP81UOVHAOgWLv//g8QYoVDlRwCLiCgBAACL
gCwBAAAPrw2gzEcAD68FQMFHAAMNlMxHAAMF7L1HAGoGUVAz9lZWVv81XOVHAP8VLNNFAGoBVunI
AAAAiw1Q5UcAA/aLwyvGiUUImfe5LAEAADkFQMFHAHUXi8crxpn3uSgBAAA5BaDMRwAPhJ8AAADo
Zdb//4sNUOVHAIvHK8aZ97koAQAAUItFCJn3uSwBAABQ6JDQ//+LNVDlRwBZWYuOLAEAAA+vDUDB
RwCLwyvBmSvCi5YoAQAAD68VoMxHAIvIi8crwpnR+SvC0fiJDWTMRwCj5NBHAAPJK03UA8ArRdgr
TewrRfADTdwDReADTeQDReiJDey9RwCjlMxHAGoBagD/NVzlRwD/FSjTRQBfXlvJw1WL7Ff/FaDT
RQCDPSDRRwAAi/h0UIN9EAB0FmiJAAAA/zU85UcA6LTJ+/+FwFlZdTT/dRiDJUTBRwAA/3UUi8b/
dRD/dQz/dQhqAejS1f//UFb/NVDlRwDoEV3//4PEJOmaAAAAOTVEwUcAdUeLxysFOMFHADsFkMxH
AH03oYi7RwCD+AF1DMcFiLtHAAIAAADrOoP4AnUMxwWIu0cAAwAAAOspM8mD+AMPlMGJDYi7RwDr
EIk1RMFHAMcFiLtHAAEAAACDPYi7RwAAdCz/dRiLxv91FP91EP91DP91CP81iLtHAOg51f//UFb/
NVDlRwDoeFz//4PEJIk9OMFHAF9dw4M9mMxHAAB1eaE0wUcAV/81AL5HAP9QJIv4hf9ZfGJWagT/
NTzlRwDosMj7/4XAWVl0RYP4Ar7///9/dQQ7/nU3agBoK1BEAOh3tvv/O/5ZWccFmMxHAAEAAAB0
I2pA/zUQ1UUAaCAtRwD/NVzlRwD/FVzURQDrCGoA/xUs1EUAXl/DoVDlRwCDuDQBAAAAdEGhQMFH
AA+vRCQIiw2gzEcAD69MJAwDBWTMRwADDeTQRwA7BfCnRwB1CDsN9KdHAHQQo/CnRwCJDfSnRwDp
hNX//8NVi+yD7BzopvT///fYG8D32IPAaFD/NTzlRwDo6sf7/4XAWVl0PYNl7ACLRQxIiUXwi0UU
iUX0i0UQiUX4oVzlRwCFwMdF5BwAAADHRegfAAAAdA9qAY1N5FFqAVD/FZzTRQDJw1WL7IPsZFaN
RQxQ/3UI6Adn/P//NRDVRQCL8I1FnGgMLUcAUOhL0AAAg8QUahCNRZxQVv81XOVHAP8VXNRFAFbo
umL8/1lqAegm9v//zFWL7IPsZFaNRQxQ/3UI6Llm/P//NRDVRQCL8I1FnGgMLUcAUOj9zwAAg8QU
aBAQAACNRZxQVv81XOVHAP8VXNRFAFboaWL8/1lqAejV9f//zFWL7IPsEP81XOVHAP8VrNNFAIXA
dRdoRxYAAGgwK0cAaEQtRwDom8cAAIPEDOh78///hcAPhZkAAABWavD/NVzlRwD/FSDURQBqaf81
POVHAIvwgeb//zv/6KjG+/+FwFlZdAiBzgAAIADrBoHm///f/1Zq8P81XOVHAP8VeNRFAI1F8FDo
TfP//4tF/CtF9FlqIFCLRfgrRfAz9lD/dfT/dfBW/zVc5UcA/xUs00UAVugX9///WWoIaIABAAD/
tvi9RwD/FajTRQCDxgSD/ghy5V7Jw+jT8v//hcB0BGoJ6yz/NVzlRwD/FazTRQCFwHQF6Qn///9q
AGoAaAOAAAD/NVzlRwD/FYzURQBqA/81XOVHAP8VsNRFAMNVi+yB7AQEAABTVmoC/zU85UcA6NPF
+/9Q6HmX/P8z24PEDDvDozTBRwB1Mf81ENVFAGioLUcA6Kpm/P9ZWWowi/BWaIQtRwBT/xVc1EUA
VujwYPz/WWoB6Fz0//9Xagj/NTzlRwDogMX7/1lZUGoH/zU85UcA6HDF+/9ZWVCNRfxQagH/NTzl
RwDoXMX7/1lZUFP/NTzlRwDoUcb7/1lZUP81POVHAKE0wUcAaAC+RwBT/xD/NUTlRwCL+P81AL5H
AKE0wUcA/1A0g8QoO/t0VP81ENVFAGjEKEcA6AVm/P9ZWVf/NTzlRwCL8OiOYPz/WVCNhfz7//9o
XC1HAFDots0AAIPEEGoQVo2F/Pv//1BT/xVc1EUAVugnYPz/WVPoZ+8AAGpa/zU85UcAiR1szEcA
iR2szEcA6LHF+/9Zi/A4HllfdSP/NRDVRQCNhfz7////dfxoVC1HAFDoWc0AAIPEEI21/Pv///91
/OjTX/z/VlPoF+H//1ZT6HDh////NQC+RwChNMFHAP9wFP81UOVHAOjj7v7/U/81AL5HAP81NMFH
AP81UOVHAP81POVHAOhiM/z/g8Q0o0jBRwAz9lNqQP+2+L1HAP8V7NNFAIPGBIP+CHLpXokdmMxH
AFvJw/81XOVHAP8VrNNFAIXAdBdqav81POVHAOjsw/v/hcBZWQ+EQAEAAGpq/zU85UcA6NXD+/+D
+AFZWQ+EKAEAAKFQ5UcAVot0JBA7sCgBAABXi3wkEHUMO7gsAQAAD4QDAQAAofynRwBTM9srw3Qe
SHVpaCTBRwDoX/D//4XAWXUMxwX8p0cAAgAAAOtOoSzBRwArBey9RwBqBCsFJMFHAFmZ9/k7+A+P
uQAAAKEwwUcAKwWUzEcAagYrBSjBRwBZmff5O/APj5oAAACD/w99A2oPX4P+AX0DM/ZGalv/NTzl
RwDoIsP7/1BXVv81UOVHAOgnJv//amr/NTzlRwDoB8P7/4PEIIP4AnRE/zVc5UcA/xWs00UAhcB1
NKGgzEcAD6/GAwWUzEcAaBYBAABQoUDBRwAPr8cDBey9RwBQU1NT/zVc5UcA/xUs00UA6wdT6Hzz
//9ZagFT/zVc5UcA/xUo00UAW19ew1WL7IHsYAEAAINl/ABTVleLfQxqP/81POVHAIvwiX346HzC
+/9qQf81POVHAIlF7Ohswvv/aln/NTzlRwCJRejoXML7/2pL/zU85UcAi9joTcL7/4PEIGoAiUXw
/xWQ00UAiUXgjYXU/v//UP8V1NNFAIXAdRdoAAEAAFCNhdT+//9Q6BDMAACDxAzrc4N9CBJ1FovG
wegQ9sQBdAyKheb+//+IhXn///+DfewDdBqDfewBfz6hUOVHAIO4RAEAAAB0MIN96AB1KoF9CJAA
AAB1IfaF5P7//4B1GIvGwegQ9sTAx0UIKwAAAHUHgLVk////AY2F1P7//1D/FZTTRQChUOVHADPS
OZBMAQAAdBOLxsHoEGYlAMBmPQBAD4RXDQAAwe4QZvfGACCJdeR0EPaFef///4B1B8dF/AEAAAAP
t8aLyMHpD/fRg+EBOVX8iU3UdCD2heX+//+AdBc72nQJxoXm/v//AOsKxoV5////gIlV/A+2jeT+
//8l/4EAAIlF3A+2heX+///B6AfB6Qc5FSzRRwCNNEGJdfR1PWpY/zU85UcAxwWE0UcAAAEAAOjs
wPv/hcBZWXQTahJYOUUIdQv2ReUBdBKjhNFHAGpdWDlFCHUFo4TRRwCLRQhqAjPbOwWE0UcAWnUv
iw0s0UcAO8t1EvZF5cB1PccFLNFHAAEAAADrN4P5AXUs9kXlgHQmiRUs0UcA6xmDPSzRRwABdQ6D
+BF0FokdLNFHAIP7AX4LOV38dAuJHSzRRwA5Xfx1K4sNUOVHADmZRAEAAHQKOV3odQU5Vex1E4N9
7AN0DTld8HUIOR0s0UcAdHD2ReUBdWqD+CV3LXQng+gMdB6D6BV0FUh0Dkh0B0h1UGpn6zlqYes1
amPrMWpp6y1qZespamTrJYPoJnQeSHQXSHQQg+gFdAdIdSVqbusOamDrCmpi6wZqZusCamj2hWT/
//8BWHQGg84BiXX0iUUIOV3UD4RSCAAA9oV5////gA+FRQgAAIM9LNFHAAAPhTgIAACLXfyF23QK
i30MxgcbR4l9+ItFCIP4IXUqg/4BdRpqAGoCaBUBAAD/NVzlRwD/FYzURQDpQAsAAIP+AnUhagBq
AOvfg/gidTeD/gF1BmoAagPrz4P+AnUGagBqAevEg/4DdRwzwIN9CCEPlcBQ/zVQ5UcA6K4N//9Z
Wen5CgAAg/gtdQ6D/gF1CWoA6JLn///r54XbD4SWAAAAg/hzdR9qTv81POVHAOj0vvv/hcBZWQ+E
lQAAAIPI/19eW8nDg/ggdS1qT/81POVHAOjQvvv/hcBZWXR1agBoAPEAAGgSAQAA/zVc5UcA/xWM
1EUA68aD+A11O2pU/zU85UcA6J6++/+FwFlZdENqav81POVHAOiLvvv/g/gBWVl0L4tF5GYlAMBm
PQBAdI3oQfj//+uGg/gTdRaD/gJ1EaFQ5UcAg7BEAQAAAektCgAAg33wAHR/hdsPhd8BAACLRQiD
wJ+D+Ah3dP8khfhtRACD5gOKhmguRwCIB+niAgAAg+YDioZgLkcA6+6D5gOKhlguRwDr44PmA4qG
UC5HAOvYxgcu6bkCAACD5gOKhkguRwDrxYPmA4qGQC5HAOu6g+YDioY4LkcA66+D5gOKhjAuRwDr
pIXbD4VgAQAAi1XsM9szyYP6A3QXg/oBfzehUOVHADmYRAEAAHQqOV3odSWLRQiD6Ct0GoPoP3QR
g+gDdAhISHUPalHrCmpT6wZqUusCalBZoVDlRwA5mEQBAAAPhNAAAAA5XegPhccAAACLRQiD+Gd3
YnRcg/hjdz10N4PoDXQkg+hTdBhIdA5ID4WiAAAAanLplQAAAGpx6Y4AAABqcOmHAAAA9kXlAQ+E
gwAAAGpN635qc+t1i0UIg+hkdA5IdAdIdW1qdutjanXrX2p061tqd+tXi0UIg+hodFJIdEpIdD5I
dCBISHQTSHQMSHVCg/oCdT1qb+s4am7rL4P6AnUwam3rKzPJg/oCdQo78w+VwYPBa+sfO/MPlcGD
wWzrFYP6AnUMamrrB2p5WesHanhZO8t0M6FQ5UcAOZhIAQAAdCCD+VB8EIP5U38LUWhQB0cA6S8E
AABRaCguRwDpJAQAAFHpGQQAAItFCIP4CHVChfZ1Hmo9/zU85UcA6E+8+//32BrAJHcECFlZiAfp
oAQAAIP+AQ+FhAAAAGo9/zU85UcA6Ci8+//32BrAJIkEf+vXg/gJdRWD/gF1Y8YHG0fGB1tHxgda
6cEAAACD+CB1GoP+AnUIxgcA6a8AAACD/gN1PMYHoOmiAAAAg/gDdSKD/gJ1aqE0wUcAhcAPhKYH
AABqAf81AL5HAP9QGOmW/P//g/gTdQjGBxrpEwQAAIP+AnU7g/gychCD+Dh3C4qA7i1HAOlr/f//
Pb0AAAB0Bz2/AAAAdQXGBx/rQT3fAAAAdAc93AAAAHU+xgcc6y6D/gN1DD3eAAAAdS3GBx7rHYX2
dSSD+A11H6FQ5UcAObBQAQAAdBLGBw1HxgcKi8crRQxA6VH8//+LTQiNQZAz24P4E2oLiUXwXg+H
DgEAAP8khRxuRACKneT+//+A44D22xvbg+MMA97p8AAAAIqd5P7//4DjgPbbG9uD4wyDwwzp2AAA
AIqd5P7//4DjgPbbG9uD4wyDww3pwAAAAIqd5P7//4DjgPbbG9uD4wyDww7pqAAAAIqd5P7//4Dj
gPbbG9uD4w2Dww/pkAAAAIqd5P7//4DjgPbbG9uD4wyDwxHre4qd5P7//4DjgPbbG9uD4w2DwxLr
Zoqd5P7//4DjgPbbG9uD4w2DwxPrUYqd5P7//4DjgPbbG9uD4w2DwxTrPIqd5P7//4DjgPbbG9uD
4w2DwxXrJ2oX6yJqGOseahnrGmoa6xZqHOsSah3rDmof6wpqIOsGaiHrAmoiW/ZF9AJqBlp1MIvB
g+ghdCZIdB9IdBhIdBCD6Al0B0h1GGoD6xNqAusPM9tD6wtqBOsGi9rrA2oFW4N97AN1CzvafwcP
vpsYLkcAoVDlRwCLiEgBAACFyXQjhdt+HzvafxsPvoMQLkcAUGhQB0cAV+huwgAAg8QM6egBAACL
ReyD+AUPheIAAAA73g+MlwAAAIP7Ig+PjgAAAGoMWb7cLUcAjb2g/v//86WLTfAzwIP5C6R3N/8k
jWxuRAAzwOssM8BA6ydqAusiagPrHmoE6xpqBesWi8LrE2oH6w5qCOsKagnrBmoK6wJqC1j2heT+
//+AdAODwAz2heX+//+AdAODwBgPvoQFoP7//4t1+FBoQAdHAFboyMEAACt1DIPEDAPG6QX6//+D
+wF8PjvafzqD+wO+1C1HAI191KVmpaR1C4tF+P9F+MYAf+sZD75EHdNQaEAHRwD/dfjog8EAAIPE
DAFF+ItF+Otshcl1BYP4BHUbO958F4P7GH8SM8CD+w9+AUCD+xV+AUAr2Osqg/gBdRc73nxHg/sP
f0KDwzZTaMwtRwDpxP7//4P4AnUvO958K4P7Dn8mg8NFhclTD4XM+///aEgHRwBX6BPBAACDxAwD
+IvHK0UM6U75//+D+wF0BYP7BHUtaj7/NTzlRwDoHrj7/4XAWVl0GoP7AbjILUcAdAW4xC1HAFBX
6NHAAABZWetPhdt0C1NovC1HAOlK/v//i00Ii8GD6Ax0HoPoGXQVSHQOSHQHSHUysELrDrBD6wqw
QesGsETrArBH/3X0D77AUP81UOVHAFfodAH//4PEECt9DAPH6b74//+D+Q11DogPav7GRwEAWOmr
+P//g338AHQdg/lgchiD+Wl3E6F80UcAjQSAjURBoKN80UcA6weDJXzRRwAAg2XwAIC96P7//wB0
KGiPAAAA/zU85UcA6Eu3+/+FwFlZdBIzwDlF/MaF6P7//wAPlMCJRfCDPbDkRwACdSmh4NBHAIXA
dCD/deAz/1dqA2i0zEcAjY3U/v//Uf913P91CP/Qi/DrWP914I2F1P7//2oAaOC8RwBQ/3Xc/3UI
/xWY00UAi/CF9g+OSwIAADPAhfZ+EooMReC8RwCIiNC8RwBAO8Z87moDaLTMRwBWaNC8RwBqAGoA
/xXE0kUAM/879w+OEgIAADPbO/cPjvUBAACLDSzRRwAzwIP5AmaLBF20zEcAiUXodSdmPSAAD4KA
AAAAZj2AAHN6D7fAo4DRRwDHBSzRRwADAAAA6a0BAACD+QN1XmY9IAByWGY9gABzUg+3wFD/NYDR
RwCJPSzRRwDoj5MAAIP4/1lZD4SOAQAA/zVQ5UcAiUX06IMG//+hSMFHADvHWQ+EYAEAAGoBagGN
TfRRUOiLJfz/g8QQ6UoBAAA5fdSJPSzRRwAPhaUAAACLDXzRRwA7z3R2oVDlRwA5uNwAAAB1OouQ
kBAAAIF6DOn9AAB0Kzk9VMFHAHUjUIhND+gZBv//oUjBRwA7x1l0NGoBagGNTQ9RUOgfHvz/6yFQ
iU306PYF//+hSMFHADvHWXQRagFqAY1N9FFQ6AIl/P+DxBCJPXzRRwDptAAAAP81UOVHAOjFBf//
oUjBRwA7x1kPhJsAAABqAWoBjU3o6YUAAAA5ffB0SWY9gABzQw+3wFBmx0XcGwDo4pEAAP81UOVH
AGaJRd7oggX//6FIwUcAO8dZWXRbM8k5ffxqAQ+VwUFRM8k5ffwPlMGNTE3c6zf/NVDlRwBmx0Xg
GwBmiUXi6EgF//+hSMFHADvHWXQiM8k5ffxqAQ+VwUFRM8k5ffwPlMGNTE3gUVDoQyT8/4PEEDPA
6DzB//9DO94PjAv+//9miT20zEcA63FqEP8VfNRFAOtnM8k5Tfx1CWaJDbTMRwDrNmY5DbTMRwB0
LaFQ5UcAOYjcAAAAdReLgJAQAACBeAzp/QAAdAg5DVTBRwB0CWbHBbTMRwAKAIN9CBIPhVX1//9q
UP81POVHAOgytPv/hcBZWQ+FPvX//zPA6Tr1///kY0QA9GNEAP9jRAAKZEQAFWREAB1kRAAoZEQA
M2READ5kRAD/ZkQAFmdEAC5nRABGZ0QAXmdEAHZnRACLZ0QAoGdEALVnRADKZ0QA32dEAONnRADn
Z0QA62dEAO9nRADzZ0QA92dEAPtnRAD/Z0QAA2hEAMFoRADFaEQAymhEAM5oRADSaEQA1mhEANpo
RADeaEQA4mhEAOZoRADqaEQA7mhEAFWNbCSYgey8CQAAU4tddFa4EwEAADvYV4t9cA+HtREAAA+E
cREAAIP7UQ+HAQYAAA+E6AUAAIP7Bw+HMgMAAA+E3wIAAIvDSA+EtRoAAEgPhLoCAABID4TLBQAA
SEgPhY4aAABqav81POVHAOgMs/v/i114iz1E00UAM/ZGO95ZWYlFZHUjam3/NTzlRwDo6rL7/1mF
wKGszEcAWXUFoWzMRwBQ/3Vw/9eF23QFg/sCdQv/NazMRwD/dXD/14XbdRghHUDRRwDoud///zkd
QNFHAHQy6S0cAACD+wJ1KIM9PNFHAAB0HzP/iT080UcAiT1A0UcA6H3r//85PUDRRwAPhQAcAAA5
dWSJNUDRRwB1B2r/6UsBAABqev81POVHAOhYsvv/i/iLRXwPt9jB6BCDfXgCWVmJRXAPhawAAACD
PQzRRwAAD4UrAQAAg31kAKFQ5UcAi4goAQAAi4AsAQAAiTUM0UcAiQ1ozEcAozzBRwAPhRQBAACL
w5n3PUDBRwCL2DvefQKL3otFcJn3PaDMRwCL+Dv+fQKL/oM9zLxHAAB0JFdqb/81POVHAIk1ONFH
AOgatvv/U2pu/zU85UcA6Ay2+//rG2pb/zU85UcA6Kix+/9QU1f/NVDlRwDorRT//4PEGOmhAAAA
g314AHV9gz0M0UcAAHR9gyUM0UcAAIN9ZAB1VIvDjQw/K8GZ9z1AwUcAi9g73n0Ci96LRXArwZn3
PaDMRwCL+Dv+fQKL/mpb/zU85UcA6D+x+/9QU1f/NVDlRwDoRBT//2oC6PHh//+DxBzpqgAAAIN9
ZAJ0K2oC6Nzh//9Z6ZcAAAA5dXgPhI4AAACDfWQAdBODfWQDdQnow73//4XAdARqAOvTi8ONDD8r
wZn3PUDBRwCL2DvefQKL3otFcCvBmfc9oMxHAIv4O/59Aov+gz3MvEcAAHQkV2pv/zU85UcAiTU4
0UcA6Pu0+/9Tam7/NTzlRwDo7bT7/+sbalv/NTzlRwDoibD7/1BTV/81UOVHAOiOE///g8QY6Oy9
///p9xkAADPAQOj3vP//agD/FSzURQDp4hkAAGoB/zVQ5UcA6EoE//9ZWf81oMxHAP81QMFHAP81
wMxHAFf/FWTTRQBX/xVo00UAagDog9n///81UOVHAIMlLNFHAADo7fr+/+mSCgAAi8OD6AgPhGcC
AACD6AcPhKIAAABIdD2D6AUPhWEXAABogQAAAP81POVHAOjcr/v/hcBZWQ+EWBcAAOhgsv//6Lay
////NVDlRwDoaAD//+k/CgAAM8BA6EG8////NRDVRQBo3C5HAOibUPz/gz2YzEcAAFlZi/B1KWoF
/zU85UcA6Iav+/+FwFlZdBZqMVZorC5HAP91cP8VXNRFAIP4AXUJ/3Vw/xWY1EUAVui1Svz/6aQY
AAD/dXD/FWzTRQCNRRBQ/3Vw/xVA00UAi/ihpMxHAIXAdBFqAVBX/xW00EUAV/8VsNBFAIsNUOVH
ADPAOYGcEAAAizXk0EcAD5TAix1AwUcAUItFJCvGSJn3PaDMRwBQi0UgKwVkzEcASJn3+1CLRRwr
xpn3PaDMRwBQi0UYKwVkzEcAmff7UFdR6MT//v+LNZTQRQCDxByDfRQAdUeLDWTMRwA5TRh8PIsV
5NBHADlVHHwxoVDlRwCLmCwBAAAPrx1AwUcAA9k5XSB9GIuAKAEAAA+vBaDMRwADwjlFJA+MqAAA
AP810NBHAP8VjNBFAIvYU1f/1v810NBHAIlFeGoAagD/FfDQRQBQV4lFdP/W/3UkiUV8/3Ug/3Uc
/3UYV/8VYNBFAKFQ5UcAi5AoAQAAD68VoMxHAIsN5NBHAAPRUouQLAEAAA+vFUDBRwChZMxHAAPQ
UlFQV/8VZNBFAP91JP91IP91HP91GFf/FYjQRQD/dXhX/9ZTix140EUA/9P/dXxX/9b/dXT/04sd
kNBFAGoN/9NQV//Wagb/01BX/9aNRRBQ/3Vw/xUw00UA/3Vw/xVo00UA6SMXAAAzwEDoI7r//2oA
/zVQ5UcA6IMB//9ZWf8VcNNFAP81UOVHAIMN9KdHAP+DDfCnRwD/6ED4/v/p5gcAAP91fOhtuf//
WejKuv//6dUUAAC4BgEAADvYD4fIAQAAD4QxAQAAvqAAAAA73g+E3QAAAIH7/wAAAA+GlRQAAIH7
AQEAAHYkgfsCAQAAD4QEAQAAgfsDAQAAD4Z1FAAAgfsFAQAAD4dpFAAAi3V8VujLYAAAi314gf/l
AAAAWXRfgf/nAAAAdFeNRfBQV4vG6Crq//+L8IP+/1lZdQn/dXxX6UgUAACF9g+EOhYAAP81UOVH
AOgQ/f7/oUjBRwCFwFl0EGoBVo1N8FFQ6BcV/P+DxBAzwOgWuf//6QkWAAC4AAEAADvYD4X8EwAA
i01wiUU4jUU0geb/3wAAUIlNNIl9PIl1QP8VdNNFAOnYFQAAi314Oz1Q0UcAdROLRXw7BVTRRwB1
CDk1RNFHAHQcM8BA6Lq4//+LRXyJPVDRRwCjVNFHAIk1RNFHAP91fOjtXwAA6Y8GAACLTXi6ANgA
AGY7yolNeHITZoH5/9t3DGaJDVjRRwDpbhUAAGahWNFHAGY7wnIwZj3/23cqZoH5ANxyI2aB+f/f
dxz/NVDlRwBmiUVwZolNcugd/P7/agFqAo1FcOsiZjvKcgtmgfn/3w+GIxUAAP81UOVHAOj5+/7/
agFqAY1FeFD/NUjBRwDoChv8/+nZEQAAgfsNAQAAD4RnCQAAgfsPAQAAD4RWCAAAgfsQAQAAD4bI
EgAAuhIBAAA72g+HuxIAAIt9eIvHg+DwuUABAAA7wQ+HvgUAAA+EpwUAAIP4EA+ElAUAAIP4IA+E
twYAAIP4MA+ErgYAAIP4QA+ERwUAAIP4UHRNg/hgdDiD+HAPhcAFAABqAf81UOVHAOgvCf//oUjB
RwBZWTPJO8EPhFwSAABRUVFQ6FUT/P+DxBDpThIAAP81UOVHAOgG9v7/6TwFAAAz2zkdENFHAMdF
WAEAAAAPhSYSAAD/NazMRwDHBRDRRwABAAAAalr/NTzlRwDosa/7//81POVHAOhgqvv/iUVUoTTB
RwCDxBA7w3QM/zUAvkcA/1A8WesCM8BQ/3Vw6L6h//87w1lZiR0Q0UcAdQ3/dVToA6n7/+kdBwAA
6IK3//9qav81POVHAOgnqvv/WVkzyYP4AQ+UwYlFZDP2i/lXaIABAAD/tvi9RwD/FXjTRQCDxgSD
/ghy5v91cIs1rNNFAP/WhcB0EYN9ZAF1C2oJ/3Vw/xWw1EUA/zU85UcA/zVE5UcA6N4j/P//NfS9
RwDoGkX8/6FIwUcAg8QMO8N0Hf81POVHAFDorxH8/1NTU/81SMFHAOgiEvz/g8QYoaTMRwA7w3QH
UP8VeNBFAIkd9L1HAIkdpMxHAOgM2f//6F+s////NTzlRwD/NVDlRwDo5gf//6E0wUcAO8NZWXQR
/zU85UcA/zUAvkcA/1AIWVlqb/91VOg6qfv/am//NTzlRwCL+Ogrqfv/g8QQO8d1W2pu/3VU6Bqp
+/9qbv81POVHAIv46Aup+/+DxBA7x3U7alv/dVTo+qj7/2pb/zU85UcAi/jo66j7/4PEEDvHdRuD
fWQCdBWDfWQDdQn/dXD/1oXAdQaDfWQBdT5qW/81POVHAOi8qPv/WVlQam7/NTzlRwDorKj7/1lZ
UGpv/zU85UcA6Jyo+/9ZWVD/NVDlRwDooQv//4PEEIs1INRFAGrw/3Vw/9Zq7P91cIlFUP/WalP/
dVSL8Il1YOhlqPv/alP/NTzlRwCL+OhWqPv/g8QQO8eLPSzTRQB0MmpT/zU85UcA6Dyo+/+FwFlZ
agN0DYPOCDPAUFBQUGr/6wuD5vczwFBQUFBq/v91cP/Xann/NTzlRwDoCqj7/4XAWVl0CIHOAAIA
AOsGgeb//f//6JjU///32BvA99iDwGhQ/zU85UcA6Nyn+/+FwItdUFlZdAiBywAAIADrBoHj///f
/4N9ZAF0Eehh1P//hcB1CIHLAAAEAOsGgeP///v/g31kAXUIgeP///7/6waBywAAAQA7XVB1Bzt1
YHQ36wxTavD/dXD/FXjURQA7dWB0DFZq7P91cP8VeNRFAGg3AQAAM8BQUFBQUP91cP/Xx0VYAgAA
AIN9ZAF1Hf91cP8VrNNFAIXAdBD/dXDoo5H//1nHRVgCAAAAalr/NTzlRwDoJ6j7/1BqAOjAw///
g8QQ/3Vw/xX000UAhcB0J2pt/zU85UcA6P6m+/9ZhcChrMxHAFl1BaFszEcAUP91cP8VRNNFAGpw
/zU85UcA6K2q+/9qcP91VIvw6KGq+/+L+P83/zbo96YAAIPEGIXAD4TLAAAAu4wAAABT/3VU6Kun
+/9ZWVBT/zU85UcA6Jyn+/9ZWVDox6YAAIXAWVkPhJwAAACLRgQ7RwQPhZAAAACLRgg7RwgPhYQA
AACLRgw7Rwx1fIt9VGpxV+hbpvv/anH/NTzlRwCL8OhMpvv/g8QQO8Z1W76LAAAAVlfoOab7/1b/
NTzlRwCL2Ogrpvv/g8QQO8N1OoPG+FZX6Bqm+/9W/zU85UcAi9joDKb7/4PEEDvDdRuDfWQBdBWD
fWQDdA9qalfo8aX7/zlFZFlZdAfHRVgCAAAAagFqAP91cP8VKNNFAP91WOiV1v///3VU6Iuk+/9Z
6aQCAAAz9jk1NMFHAA+FOA0AAGiMLkcAVug7nv//Vv81UOVHAOjjA///g8QQ6Kjf///pFw0AAP91
cOg2n///6wtqAP91cOhmKgAAWVnp/AwAAC1QAQAAD4RSAgAAg+gQD4T9AAAAg+gQD4TkAAAAg+gQ
D4TRAAAAg+gQD4S8AAAALQDvAAAPhKQAAACD6HB0doH/ABAAAHIYgf8AUAAAcxBXaGABAABS/3Vw
/xWM1EUAgf8ABAAAD4KODAAAgX14AAgAAA+HgQwAAItFeAUA/P//wegEOwUc0UcAD41qDAAAiw00
wUcAhckPhFwMAACLFRTRRwD/dMIE/zUAvkcA/1EY6UT///8zwEDoR7H//4N9fAAPhTIMAABqAGog
aAIBAAD/dXD/FaTTRQDpHgwAADPAQOgesf//6REMAABqAOgDzf//6QP////oRt7//+n7CwAA/zVQ
5UcA6B3p/v/p6f7//zP2g/8wiXVgiXVYdX//NTzlRwDov6v7/1lWi9hTVmoEjUUEM/9QR2r/x0UE
DAAAAIl1CIl9DP8VjNJFADvGiUVYdC+D+P90KlNWVmoCUP8VkNJFADvGiUVQdBdQ/zU85UcA6P6r
+/9ZWf91UP8VlNJFAFP/dViNRTBofC5HAFDorawAAIPEEI1dMOtHgf9gAQAAdTuLRXwFAPD//5lq
EFn3+UA7BXDMRwAPgzkLAACLDXTMRwD/NIFocC5HAOibRPz/WVmL2MdFYAEAAADrAjPbM/9o/wcA
AI2FrPb//1BW/xWY0kUAjUX0UI1FrFBWVmogV1ZWU42FrPb//1DHRaxEAAAAiXWwiXW0iXW4iXXY
Zol13ol14P8VnNJFAP919Is9oNJFAP/X/3X4/9c5dVh0Bf91WP/XOXVgD4SoCgAAU+h2Pvz/Wemc
CgAA/3Vw6Puc///pkP3//6Gw5EcAg/gBD4SBCgAAM9s7ww+EdwoAAL4ACAAAhXV8D4RpCgAA/3Vw
6BagAABTU1ZQiUVg6BagAACL+Dv7iX10D46rAAAAagFX6Eo9/P9ZWVdQVv91YIlFfOjxnwAA/zVQ
5UcA6Anz/v85HUjBRwBZdHaF/35yi318agLHRXgCAAAAXmaLB2Y9ANhyPWY9/9t3N4tFdDlFeH0v
i0V8ZotEAwJmPQDcciFmPf/fdxtqAVZX/zVIwUcA6NkR/P8BdXiDxBAD3gP+6xNqAWoBV/81SMFH
AOi9Efz/g8QQAXV4A94D/jtddHyb/3V86CjBAABZ/3Vg/3Vw6DufAAAzwEDpjwsAAFfoOZ8AAIvw
aJC8RwBW6DKfAABWV+gZnwAA6W4JAAC40gQAADlFeA+FYAsAAFD/dXD/FczTRQCNRXBQ/zXovUcA
6HE///+FwFlZD4Q9CwAA/3Vw6K2u///p9QoAALiGAgAAO9gPhwQIAAAPhJwHAACB+wUCAAC4BAIA
AA+HSAIAADvYczOB+xUBAAAPhKIBAACB+xcBAAAPhGUBAAC/AAIAADvfdHAPhs0IAACB+wICAAAP
h8EIAABqAjvYi114Xg+FYQUAAPbDCHUaaIUAAAD/NTzlRwDoKaH7/zvGWVkPhUIFAAAzwEDoqK3/
/41FXFD/FXzTRQBqAP91cGoA/3Vg/3VcVv81/L1HAP8VgNNFAOl0CAAAi114Ox1I0UcAi3V8dRA7
NUzRRwB1CDk9RNFHAHQaM8BA6Fmt//+JHUjRRwCJNUzRRwCJPUTRRwBW6JBUAAD2wxNZD4QvCgAA
/xX800UAO0VwD4UgCgAA9sMBdAnHRXABAAAA6xOKw/bQD7bAg+AQg8ggwegEiUVwi8bB6BBmhcAP
v/h9Bys9oMxHAEdmhfYPv/Z9Bys1QMFHAEboHK3//1CLw4PgCFCLxysF5NBHAIPjBJn3PaDMRwBT
UIvGKwVkzEcAmfc9QMFHAFCLRXBqBOhcrP//UP91cP81UOVHAOiZM///g8Qk6YsJAACLRXg7BbzM
RwAPhXkHAABqAL5wzEcAVuhWmPz/agFW6E6Y/P+DxBDoS5///+laCQAAD7dFeIP4Bw+HSgcAAP8k
ha6LRABqAGr//zVQ5UcA6O3t/v+DxAzpLwcAAGoA62NqAesCav9qAOvfiw1Q5UcAi4EoAQAAmSvC
0fjrEosNUOVHAIuBKAEAAGr+mV73/lBqAFHruo1FNFBqAVfHRTQcAAAAx0U4EAAAAP8VhNNFAIXA
dQuLRXjB6BCJRUzrA4tFTFBqAeuCgfsHAgAAD4KkBgAAgfsIAgAAD4bX/f//gfsUAgAAD4SYAAAA
gfsxAgAAdHSB+zICAAAPhXgGAAAz9lbob5z8/zk1ONFHAFmJNcy8RwAPhG4GAABqW/81POVHAOjb
nvv/WVlQam7/NTzlRwDoy577/1lZUGpv/zU85UcA6Lue+/9ZWVD/NVDlRwDowAH//4PEEGoBVlf/
FSjTRQDpJAYAADP2RlboBpz8/4MlONFHAABZiTXMvEcA6QgGAABqav81POVHAOhynvv/i/gz9jv+
WVkPhDABAACD/wN1Degoq///hcAPhB4BAABqev81POVHAIl1dOhCnvv/ixXsvUcAi3V8i34IWVmL
yCsF5NBHACsNZMxHAI0MSolNcIsNlMxHAI0EQYsNUOVHAIuZLAEAAIlFYIvDmSvC0fgrBitFcAPH
mff7i5koAQAAiUV8i0YMiUVQi8OZK8LR+CtGBCtFYANFUJn3+4tdfA+vmSwBAACLFgPaA11wO/t0
B8dFdAEAAACDfXgBdCCDfXgHdBqDfXgEdBSLiSwBAAAPr018A8oDTXCJTgjrEYuJLAEAAA+vTXwr
+St9cIk+iw1Q5UcAi4koAQAAi31gD6/Ii0YEA8eNFAiLRVA7wnQHx0V0AQAAAIN9eAN0EYN9eAV0
C4N9eAR0BYlWDOsHK8crwYlGBItFdOm/BgAAM9tDOTU40UcAdX6D/wN1eWpv/zU85UcA6Bed+/9Z
WYsNUOVHADuBKAEAAHUdam7/NTzlRwDo+pz7/1lZiw1Q5UcAO4EsAQAAdD//sSgBAABqb/81POVH
AOgsofv/oVDlRwD/sCwBAABqbv81POVHAOgUofv/g8QYU1b/dXD/FSjTRQCJHTjRRwCLRXyLeAiL
cAwrcAQrPey9RwCLDUDBRwArOIvBmSvC0fgDx5n3+Ss1lMxHADvDiUV0fQOJXXSLDaDMRwCLwZkr
wtH4A8aZ9/mL2IP7AX0DM9tDU/91dP91cOg+mPz/D68doMxHAItFdA+vBUDBRwCLTXgr+IPEDCvz
hf90HoP5AXQSg/kHdA2D+QR0CItFfCl4COsKi0V8ATjrA4tFfIX2dBeD+QN0D4P5BXQKg/kEdAUp
cAzrAwFwBIX/D4Xe+f//hfYPhGsFAADp0fn//4tFdC0BAgAAagFfdElIdD4rxnQvSHQeK8Z0Ekh0
BzP2iXV06ziJdXSD4+/rEol1dIPLEOsmx0V0AwAAAIPj/TP26xrHRXQDAAAAC97rDYl9dIPj/uvp
iX10C9+L94vH6Aqo//+NRVxQxkV7AP8VfNNFAGoA/3Vg/3Vc6M2Y//+FwHQljU0oUVDHRSgoAAAA
6MWZ//+LRSw7RVx1DItFMDtFYHUExkV7AejXx///hcB0OYX2D4SkAAAAOX10dSyAfXsAdCYPt0Vg
D7dNXMHgEAvBUGiQ8AAAaBIBAAD/dXD/FYzURQDpfAQAAIX2dG+LTXyLwcHoEGaFwA+/8H0HKzWg
zEcARmaFyQ+/+X0HKz1AwUcAR+iSp///UIvDg+AIUIvGKwXk0EcAg+MEmfc9oMxHAFOLdXRQi8cr
BWTMRwCZ9z1AwUcAUOiy0P//g8QU/3Vw/xVY1EUA6QkEAACLTXyLwcHoEGaFwA+/8H0HKzWgzEcA
RmaFyQ+/+X0HKz1AwUcAR+gjp///UIvDg+AIUIvDg+AEUIvGKwXk0EcAmfc9oMxHAFCLxysFZMxH
AJn3PUDBRwBQi0V0agXoYab//1D/dXT/NVDlRwDoni3//4PEJPbDEw+FjAMAAP8VANRFAOmBAwAA
i0V49sT//zVQ5UcAiEVzdCLB6AiIRXLoRur+/6FIwUcAhcBZD4RXAwAAagFqAo1Ncusa6Crq/v+h
SMFHAIXAWQ+EOwMAAGoBagGNTXNR/zXYvEcAUOiyCvz/g8QU6R8DAAC4A4AAADvYD4fjAAAAD4TR
AAAAi8MtBwMAAA+EowAAAIPoCHRhSEh0GC3xfAAAD4XXAAAAi0V4ozTRRwDp3gAAADl9eA+E0gAA
AIM9pMxHAAAPhMUAAABqAOidtv//i/CF9lkPhLMAAABW/xWw0EUAhcB2B1b/FWjQRQBW6Ku2///p
l/P//4M9pMxHAAAPhIwCAABqAOhhtv//i/CF9lkPhHoCAABW/xWw0EUAhcB2B1b/FWjQRQBW6G+2
//9Z6cf2//+DPTTRRwAAdQz/NVDlRwDoFTL//1mDJTTRRwAA6TsCAADHBTzRRwABAAAA6y+Lwy0E
gAAAD4QLAgAASA+E4wEAAEgPhL0BAAA7HfinRwC4CgIAAHQcO9h0GItddP91fP91eFP/dXD/FYjT
RQDp7QEAADP/M/Y72ItFeIl9dHUgwegQD7/AAQUk0UcAD7dFeIvwg+YEg+AIiUV06U8BAAABBSTR
RwCNhaz+//9Q/xXU00UAhcAPhDQBAAAzyYqNvP7//7iAAAAAI8iL8TPJio29/v//I8iJTXTpEQEA
ADk9JNFHAH4Qgy0k0UcAeMdFeAcAAADrFA+NYQEAAIMFJNFHAHjHRXgIAAAAOT0g0UcAD4SwAAAA
aIkAAAD/NTzlRwDorpf7/4XAWVl0CDv3D4WSAAAAD79FfIlFXItFfMHoEA+/wIlFYI1FXFD/dXD/
FYzTRQCFwA+EkwAAAItFYDvHfQcrBaDMRwBAi9iLRVyFwH0HKwVAwUcAQIv46CGk//9Qi8MrBeTQ
RwD/dXSZ9z2gzEcAVlCLxysFZMxHAJn3PUDBRwBQi0V4agHoZ6P//1D/dXj/NVDlRwDopCr//4PE
JDP/6ymDfXgHiw1Q5UcAi4EoAQAAmXUHav5b9/vrBCvC0fhQV1HoJ+X+/4PEDP81JNFHAOgVwAAA
g/h4WQ+N2v7//+tX/3V4/3V86GO+//+FwFlZdEb/NVDlRwDotuj+/1nrOGoIagHoNjH8/4tNeIkI
i018UGiSJEQAiUgE6HeE+//rFIt1fP92DP92CP92BP8WVujUMfz/g8QQM8BfXluDxWjJwhAAe4JE
AHeCRACUgkQAgYJEAKyCRACsgkQAc4JEAFyCRABVi+yD7GiLRQhTM9tWo3jlRwCJHVzlRwDHBVjl
RwAFAAAA6K0qAAD/FVDQRQDocoz//+gGJgAAhcB1Hv81ENVFAGgMM0cA6Ps2/P9ZWWowi/BWaOgy
RwDrZaGk5EcAg/gEcgt1GYM9sORHAAJ0EGjYMkcA/xVM1EUAo/inRwDoOBkAAOgcsv//6DyU+/9T
ozzlRwD/FQDVRQA7w3Q4g/gBdDP/NRDVRQBoDDNHAOiUNvz/WVlqMIvwVmi0MkcAU/8VXNRFAFbo
2jD8/1kzwF5AW8nCEAChFNVFAFCJXfiJXfSjNOVHAOgMZ/z/O8NZiR1A5UcAdAiLQEijQOVHAFNq
c/81POVHAOiUmfv//zU85UcAU+huj/z/i30Qg8QUOB+L93Qugz3IqEcAAQ++Bn4MaghQ6KeiAABZ
WesNiw3AqEcAD7YEQYPgCDvDdAVGOB510ooGPEAPhS8BAABW6HCSAABZi/jrLIM9yKhHAAEPvkQ3
/34MaghQ6GKiAABZWesNiw3AqEcAD7YEQYPgCDvDdAZPg/8Bf8+IHDf/NTzlRwBGVujejvz//zU8
5UcA6P8v/P+DxAyFwHUP6BiL//+FwHUGU+kXCgAAx0X0AQAAAP81POVHAOgRkvv/OR1s5UcAWXUF
OV34dAfHRfQBAAAAOV30dBD/NTzlRwDosi/8/4XAWXUJ6M2K//+FwHS1U/81POVHAOg1lfv/UOj5
Mvz/aIQ5RgBQiUUQ6MSzAACL8AN1EIPEFDgedCZqQFbowLgAAIv4O/tZWXQWVogfajL/NTzlRwDo
H5n7/4PEDI13AWo6VughLPz/i/g7+1lZdBONRwFqOlDoDiz8/4XAWVl1Aogfi00Q6QMDAAA8JnVh
jUUQUI1F9FBorDJHAEZW6EK0AACDxBCD+AIPhQv/////dRBTU2oE/3X0/xWQ0kUAi/A78w+E8f7/
//91EFb/NTzlRwDonJz7/4PEDFb/FZTSRQD/dfT/FaDSRQDp2f7//1ONRexQjUXwUFforXsAAItN
8IPEEDvLiV0QD47A/v//x0X8AQAAADlN/ItF7ItVEI0EkIswfQWLQATrAjPA/zU85UcAagFQVuh+
gvv/g8QQg/j+dQtWaIgyRwDpiwEAAIP4AnUL/0UQ/0X86YIBAACD+AEPhHkBAABofDJHAFboDpMA
AIXAWVkPhIQBAABoYDJHAFbo+ZIAAIXAWVkPhG8BAABoWDJHAFbo5JIAAIXAWVkPhFEBAACAPi0P
hCQBAAA5XfiL/nQ7/zU85UcAagFWaLzWRQDo8IH7/4PEEIP4Ag+ECwEAAGgdAgAAaDArRwBoTDJH
AOgfkwAAg8QM6e8AAABqB2hEMkcAVuhikAAAg8QMhcB1fYPGB4A+L3UIgH4BL3UCRkYz/0dXagL/
NTzlRwDoeJb7/2hAMkcAVugxKvz/A8aKCIPEFDrLdAOIGECA+Tp1GFDoKZIAAFBX/zU85UcA6EeW
+/+DxBDrEWr/V/81POVHAOg0lvv/g8QMVlP/NTzlRwDo/Zb7/4PEDIl9+OteOB50NIM9yKhHAAEP
vgZ+DGoIUOhDnwAAWVnrDYsNwKhHAA+2BEGD4Ag7w3UFRjgeddI4HnQCiB5XU/81POVHAOiwlvv/
g8QMx0X4AQAAAOsNVmgsMkcA6JaT//9ZWf9FEItN8P9F/DlNEA+MI/7//+nX/P//6El5AABqAet5
aGAyRwBW6HWRAACFwFlZ/zUQ1UUAdRdo0DBHAOgjMvz//zUQ1UUAaLwwRwDrFWjAL0cA6Awy/P//
NRDVRQBosC9HAIvw6Pox/P+DxBBqBIv4aDQBAABXVuiLeAAAg8QQg/gGdQXoJGwAAFboMyz8/1fo
LSz8/1lZU+hsuwAAigY8IHQHPAl0A4gBQUY4HnXu/3UQiBlT/zU85UcA6NaV+///dRDo+iv8/4PE
EDldDHVXi0UIaMgAAABQiV20x0W4nG5EAIldvIldwIlFxP8VBNRFAGgBfwAAU4lFyP8VFNRFAP81
ENVFAIlFzFNTiV3QiV3U6FUy/P+JRdiDxAyNRbRQ/xUE00UAaBALAABTv1DBRwBX6CeaAADoeZ3/
/+i8v///am7/NTzlRwDHBUDBRwAKAAAAxwWgzEcAFAAAAMcF7L1HABkAAADHBZTMRwAcAAAA6PGP
+/+L8A+vNUDBRwADNey9RwBqb/81POVHAOjVj/v/D68FoMxHAAMFlMxHAIlF9I1F3FDojbz//4tF
5CtF3IPEIDvwfgKL8ItF6CtF4DlF9H4DiUX0/zUQ1UUAx0UQAADvAFNTiV0M6Iwx/P9qaP81POVH
AIlF+Oh4j/v/g8QUhcB1B8dFEAAAzwBqav81POVHAOhdj/v/g/gBWVl1BIBlEvpqU/81POVHAOhF
j/v/hcBZWXQHx0UMCAAAAGp5/zU85UcA6CuP+/+FwFlZdASATQ0CU/91CLgAAACAU1P/dfRWUFD/
dRD/dfj/dfj/dQz/FQDTRQD/dfijXOVHAOhLKvz/U1PoHpX//1NX/zU85UcA6FDw/v//NTzlRwCj
UOVHAFPocQD8/1D/NVDlRwCjROVHAOhS2f7/alv/NTzlRwDoro77/4PEMFBqbv81POVHAOidjvv/
WVlQam//NTzlRwDojY77/1lZUP81UOVHAOiS8f7/g8QQjUXMUP81XOVHAP8VqNRFAI1F3FD/NVzl
RwD/FTzTRQBqev81POVHAOhPjvv/jRQAo+TQRwCjZMxHAItF3CtF5FkrRcxZi03gK03oA0XUK03Q
A8IDTdij7L1HAAPKiQ2UzEcAag6LFVDlRwCLsigBAAAPrzWgzEcAA/GLiiwBAAAPrw1AwUcAVgPI
UVNTU/81XOVHAP8VLNNFAKFAwUcAg8APahBZmff5agGL8A+vNaDMRwDR5lboUSj8/1aL+FNX6K6X
AACDxBRXagFqAf81oMxHAP81QMFHAP8VXNBFAFejwMxHAOjsKPz/Wf81oMxHAP81QMFHAP81wMxH
AP81XOVHAP8VZNNFAKFQ5UcABSgBAADHRcAcAAAAx0XEHwAAAIldyIsISYlNzIsAU4lF0I1FwFBq
Af81XOVHAIld1P8VnNNFAIkdiLtHAIkdRMFHAP8V/NJFAFP/NVzlRwCjkMxHAP8V+NJFAKP4vUcA
/xXk00UAizXw00UAaKgvRwBokAEAAFNQo/y9RwD/1v8VCNNFAGoBaHDMRwCjvMxHAOhIhfz/WVno
Roz//4ldEL8ACAAAi0UQi4D4vUcAU1NXUIlFCP/WaJwvRwBqEFP/dQj/1lNTV/91CP/WaIwvRwBq
IFP/dQj/1mh4L0cAajBT/3UI/9ZoaC9HAP81vMxHAGoQ/3UI/9ZoVC9HAGpQU/91CP/WU1NX/3UI
/9ZoPC9HAGhwAQAAU/91CP/WaCgvRwBqYFP/dQj/1mgYL0cAanBT/3UI/9ZTU1f/dQj/1mgIL0cA
aIABAABqav81POVHAOgYjPv/SPfYWRvAWUBQ/3UI/9ZTU1f/dQj/1ujTEAAAhcB0EGgAL0cAaEAB
AABT/3UI/9b/NRDVRQBo9C5HAOjULPz/WVlQaFABAABT/3UIiUUM/9b/dQzoGif8/4NFEASDfRAI
WQ+C6P7//+jBxf//U/8VkNNFAFDotZf//1n/dRT/NVzlRwD/FbDURQD/NVzlRwD/FSDTRQCJHaTM
RwCJHfS9RwDoYI7///8VSNNFACsFXOVHAPfYG8BAUP81UOVHAOhT3/7/WVn/NVzlRwD/FUzTRQDo
sHn7/4XAdTZTU1NTjUWYUP8VUNNFAIXAdSSDz///FUjTRQArBVzlRwD32BvAQFD/NVDlRwDoCt/+
/1lZ6wIz/41FCFDoKQwAAFlo/wAAAFdTi/BW/3UI/xVU00UAO0UIcxH/NIboBw0AAFboMCb8/1nr
BlboJyb8/4s1WNNFAFnrPYN9nBJ0UP81SOVHAP8VXNNFAIXAdBSNRZhQ/zVI5UcA/xUk1EUAhcB1
Co1FmFD/FWDTRQCBfZwFgAAAdQ9qAVNTjUWYU1D/1oXAdbTor3j7/+kn/////3Wg6DS5///MU1aL
dCQMM9s5XgR+K1cz/4sG/3QHUP8ViNJFAIsGA8eDOAJ1Cf9wBOiSJfz/WUODx1Q7XgR82V//NuiA
Jfz/Vuh6Jfz/WVleW8OLDVwzRwCLRCQIiQiLDWAzRwCJSAQzwMODfCQIAHUEagRYw2oA/3QkDGjU
M0cA6OIo/P+LTCQYiQGDxAwzwMNWV2okagHoYST8/2okM/+L8FdW6LuTAACDxBSNRhxQjUYIUFdX
V1dqAmjcM0cAV4l+BIk+iX4Y/xWk0UcAO8eJBnQFagRY6wiLRCQQiTAzwF9ew1WL7IPsMItFDFaL
MFeLfRyLB4lF9ItHBIlF/ItFGIsQi0AEiUXwM8BAagJZiUXgiUXUiU34iU3sM8k5TRSNReiJVeiN
VfSJRdiJTdyJVeSJTdC4FgEAAIlNDHQBQFONVhxSjVUMUo1V3FKNXhBTUY1V0FJqEFFQ/3UQjUYI
/3YYUP8VmNFHAIleGIkGi0X8iUcEi0X0iQeLNoX2W3UEM8DrEjPAgf4SAwkAD5XASIPg/YPABF9e
ycNWi3QkDIX2dQVqBFhew/92BP8VlNFHAIMmAINmBAAzwF7DVleLfCQQizeF9nUFagRY6yCNRghQ
/xWg0UcAjUYQUP8VnNFHAFbo3iP8/4MnAFkzwF9ew1aLdCQMiwaFwHUFagRYXsNQ6L8j/P+DJgBZ
M8Bew4tEJAiFwHUEagRYw4sAuQQDCYA7wXc+dDWFwHQqPQADCYB0HD0BAwmAdA49AwMJgHU/uAg3
RwDrWbjYNkcA61K4cDZHAOtLuGA2RwDrRLgsNkcA6z09CAMJgHQxPQwDCYB0Iz0OAwmAdBU9EQMJ
gHQHuBg2RwDrGrhQNUcA6xO4FDVHAOsMuAA1RwDrBbjoM0cAVlDokib8/4t0JBRQiUYE6D6FAABZ
WYkGM8Bew1WL7IPsNFaLdQxXM/8793UIagRY6YwAAABqEI1F5FdQiT7of5EAAIPEDI1N5FGNRhBX
UP8VqNFHADvHiQZ1ZotV6DvXdF9TagJZjUXMiUX8i0UQixiLQARqAVKJTfiJffTHRdABAAAAiV3M
iUXUiU3ciVXY6MYh/P9ZWYlF4FeNRfRQV41GEFD/FazRRwA7x4kGW3UOi0UUi03YiQiLTeCJSASL
Bl9eycOLRCQI/3AE6FQi/P9ZM8DDx0AI/pdEAMdADBaYRADHQBCemUQAx0AUkJhEAMdAGEiZRADH
QBw9mEQAx0AgaplEAMdAJGqaRADHQCgTm0QAx0AsvJlEAMOD7AxTVVZXaghqAegvIfz/alRqA4vo
6CQh/P+DxBCJRQCNRCQUUGgAOUcAM9toAgAAgIldBP8VCNBFAIXAizXc0kUAD4UFAQAAjUQkGFBT
jUQkGFBTaPQ4RwD/dCQo/xUE0EUAhcB1XYN8JBABdVaLRCQYg8AUagFQ6MEg/P9ZWYv4jUQkGFBX
jUQkGFBTaPQ4RwD/dCQo/xUE0EUAhcB1HYN8JBABdRZo4DhHAFfoY6AAAFlZV/8VhNJFAIvYV+hF
Ifz/Wf90JBT/FQDQRQCF23R7i0UEi/hr/1QDfQBAiUUEgycAaMg4RwBTx0cEqDhHAIlfUP/WaJQ4
RwBTiUcw/9ZoiDhHAFOJRzT/1mh4OEcAU4lHOP/WaGA4RwBTiUc8/9ZoTDhHAFOJR0D/1mg4OEcA
U4lHRP/WaCQ4RwBTiUdI/9ZXiUdM6Anz/f9ZaBg4RwDochUAAIv4hf9ZD4SBAAAAi0UEi9hr21QD
XQBAiUUEaPw3RwBXxwMBAAAAx0ME4DdHAIl7UP/WaMQ3RwBXo6TRRwD/1miwN0cAV6OY0UcA/9Zo
mDdHAFejlNFHAP/WaIA3RwBXo6DRRwD/1mhoN0cAV6Oc0UcA/9ZoWDdHAFejqNFHAP/Wo6zRRwCL
w+jV/f//aij/dCQk6BeI+/+LAIA4AFlZiUQkGA+EmwAAAFD/FYTSRQCL2IXbD4SKAAAAi0UE/3Qk
GIv4a/9UA30AQIlFBGgoN0cAxwcCAAAA6HYl/P9ZWWjIOEcAU4lHBIlfUP/WaJQ4RwBTiUcw/9Zo
iDhHAFOJRzT/1mh4OEcAU4lHOP/WaGA4RwBTiUc8/9ZoTDhHAFOJR0D/1mg4OEcAU4lHRP/WaCQ4
RwBTiUdI/9ZXiUdM6Lzx/f9ZX16LxV1bg8QMw4PsGFNVVot0JCj2RiABV3QXM8BQUGoBUI18JCT/
FWzSRQCJRCQs6wIz/4pGICQE9tiNriQQAAAbwCUB8P//BQAQAACJRCQQhf90FGoUagBX6KyNAACL
RCQ4g8QMiUcQV1X/dCQYjUYkUP82/xVw0kUAi9iF23UO/xV00kUAiYYoEAAA6weDpigQAAAAhf90
QYXbdVeBvigQAADlAwAAdTVq//93EP8VeNJFAFNVV/82/xV80kUAi9iF23UO/xV00kUAiYYoEAAA
6wuDpigQAAAAhdt1FoO+KBAAAG11B4OmKBAAAACDZQAA6xCDfQAAdQr2RiACD4VM/////3YEM9s5
XQAPlMP/FYDSRQCF23Udav//dgj/FXjSRQA5XhAPhCP/////dgT/FYDSRQCF/19eXVt0Cv90JBz/
FaDSRQAzwIPEGMIEAIN+FAB1IIN+GAB1GoF8JAQAgAAAfRD/dgj/FYDSRQDHRhgBAAAAw4PsFFNV
Vot0JCQz7fZGIAFXdBhVVWoBVY1cJCD/FWzSRQCJRCQo6YoAAAAz2+mDAAAAO910E2oUVVPoVIwA
AItEJDSDxAyJQxBTjUYsUP92KP92JP82/xVo0kUAi/g7/XUL/xV00kUAiUYw6wOJbjA73XQ0O/11
MP8VdNJFAD3lAwAAdSNqAY1GLFBT/zb/FXzSRQCL+Dv9dQv/FXTSRQCJRjDrA4luMP92BP8VgNJF
ADv9dB1q//92CP8VeNJFADluEA+Eaf////92BP8VgNJFAF9eO91dW3QK/3QkGP8VoNJFADPAg8QU
wgQAVYvsUVGDfhgAV3VpjX40V+iJG/z/hcBZdC+NRfhQjUX8UFfofhv8/4tF/IPEDP92CIlGJItF
+IlGKP8VgNJFAMdGGAEAAADrLIN+GAB1Jo1GNFDoRhv8/4XAWXUYg35AAXUS/zb/FaDSRQCDDv/H
RkACAAAAX8nDi0QkBItMJAiLAItJCDvIdgSDyP/DG8D32MNVi+xRU1ZXaDQQAABqAeibG/z/ix1s
0kUAWVkz/1dXi/CLRQhXV4k+iUYE/9NXV1dXiUYI/9OJRgyLRQyJhjAQAACLRRCJRiCLRRSJRiSh
tNFHADvHiX4YiX4QiX4UdRBofyVBAOgfH///WaO00UcAVlDohiT//1lZjUX8UFeNRgRQaA+eRABX
V/8VqNJFAF/HRhwBAAAAi8ZeW8nDVYvsUVNWVzP/aDQQAABHV+j8Gvz/ix1s0kUAWYvwi0UIWYk+
M/9XV1dXiUYE/9NXV1dXiUYI/9OJRgyLRRCJRiCNRjhQiX4ciX4YiX4QiX4U6Aoa/P+LRQyJRkiL
RRSJRiShtNFHADvHWYl+RHUQaH8lQQDocx7//1mjtNFHAFZQ6Noj//9ZWY1F/FBXjUYEUGh9n0QA
V1f/FajSRQBfi8ZeW8nDVlcz/2g0EAAAR1foXBr8/4vwi0QkFINOBP+DTgz/iUYIi0QkGIlGJItE
JBxZWTPJiUYoobTRRwA7wccGAgAAAIl+GIlOEIlOFIlOIIl+HHUQaH8lQQDo7B3//1mjtNFHAFZQ
6FMj//9ZWV+Lxl7DVot0JAiDPgFXv1A5RwB0E2gHAgAAV2g4OUcA6AyAAACDxAyDfkQAdBNoCAIA
AFdoGDlHAOjzfwAAg8QM/3QkFI1+OP90JBRX6Acf/P+DxgToaP3//1foABn8/4PEEF9ew1aLdCQI
gz4BdBdoFwIAAGhQOUcAaDg5RwDorX8AAIPEDIN+RAB0D8dGRAEAAACDxgToJv3//17DVYvsUVGh
tNFHAFNXM/8z2zvHiX38dEhWV4l9+FDrMoN+HAB0IDt9/HwUg0X8IGoE/3X8U+iKGfz/g8QMi9iL
RgiJBLtH/0X4/3X4/zW00UcA6Jwi//+L8IX2WVl1wV6LRQiJOF+Lw1vJw4M+AXUKjUY4UOggHvz/
WVf/dgyLPaDSRQD/1/92CP/XVv81tNFHAOjeKP//VuiSGfz/g8QMX8NWi3QkCIX2dAaDfhAAdBdo
RgIAAGhQOUcAaGg5RwDoz34AAIPEDIN+HAB0DoM+AnQJx0YQAQAAAF7Dg34YAHQH6IT///9ew/92
DDPAQIlGEIlGFIlGHP8VgNJFAF7DVlcz/zk9tNFHAHUXaGsCAABoUDlHAGiAOUcA6HR+AACDxAxo
4aBEAI1EJBBQ/zW00UcA6Fgj//+L8IPEDDv3D4TFAAAAOX4QdCY5fhR0CugX////6bEAAAD/dgwz
wECJRhSJRhz/FYDSRQDpmgAAAIsGK8d0Ukh0D0gPhYoAAAD/dij/ViTrGYtGNDvHiX4cdBL32FBW
x0YYAQAAAP9WSFlZ62b/djCNfjhX6KUd/P9X6A0X/P9QVv9WSIPEFIPGBOhf+///60KLhigQAAA7
x4l+HHUdi4YsEAAA99hQV1bHRhgBAAAA/5YwEAAAg8QM6xhQjUYoUFb/ljAQAABQg8YE6Av6//+D
xBBfXsNWi3QkCIM+AHQXaMECAABoUDlHAGiUOUcA6Gl9AACDxAz/dCQMg8YE6Nj5//9ZXsOLRCQE
i0Agw1WL7IHsAAgAAFNWV2j/BwAAjYUA+P//UGoA/xWY0kUAjb0A+P//i8dqXFDoF6EAAIXAWVl0
CYvPO8FyA414AY2FAPj//2o6UOj6oAAAhcBZWXQHO8dyA414AWjYOUcAV+iClgAAvuTWRQCNhQD4
//9WUOjYewAAi9iDxBCF23QbjYUA+P//UOjSGvz/U6O40UcA6B57AABZWesHgyW40UcAAGjMOUcA
V+g6lgAAjYUA+P//VlDolXsAADPbg8QQO8N0E1DHBcTRRwABAAAA6OJ6AABZ6waJHcTRRwBowDlH
AFfoAJYAAI2FAPj//1ZQ6Ft7AACL8IPEEDvzdBuNhQD4//9Q6FUa/P9Wo7zRRwDooXoAAFlZ6waJ
HbzRRwA5HbzRRwB0O2i0OUcA6HsLAACL8DvzWXQOaKg5RwBW/xXc0kUA6wIzwDvDo8DRRwB1ETvz
iR280UcAdAdW/xWI0kUAX15bycMzwDkFuNFHAHUIOQW80UcAdAMzwEDDVYvsU1aLdQwz2zvzD4SL
AAAAaCCCRgBW6E6aAAA5HbzRRwBZWXRGA/A4HnUUamNoIDpHAGgIOkcA6JV7AACDxAxGVv81vNFH
AGj0OUcA6Lwb/P+DxAxTU4vwVv91CP8VwNFHAFboBBb8/1nrbjkduNFHAHRmVlBo5DlHAOiOG/z/
g8QMi/BWaAIBAAD/NbjRRwD/dQj/FRzTRQDrx6G80UcAO8N0DlNTUP91CP8VwNFHAOsnobjRRwA7
w3QeM8k5HcTRRwBTD5XBjQzNAwAAAFFQ/3UI/xUc00UAXscFyNFHAAEAAABbXcNWM/Y5NcjRRwB0
Mjk1vNFHAHQNVmoSVlb/FcDRRwDrF6G40UcAO8Z0DlZqAlD/dCQU/xUc00UAiTXI0UcAXsNTVlf/
dCQQ6Ej9//+LXCQcM/8731mL8H0JV1dopDpHAOsFdQ5XV1eLdiiLBlb/UATrSYtGFIP4AXQFg/gD
dRRqOWiMOkcAaFw6RwDoW3oAAIPEDIN+FAFT/3QkGHUTg8YYVuhsGfz/g8QMuP///3/rDYt2KIsG
V1b/UAiDxBBfXlvD/3QkBOjJ/P//i0Ao/3QkDIsIUP9RDIPEDMOLVCQIhdKLTCQEi0EodAOJUSjD
Vot0JAhX/3YM6Pz6////dhDo9Pr//4s9oNJFAFlZ/3YE/9eLRgg7RgR0A1D/141GGFDoyhj8/1bo
WhT8/1lZX17D/3QkDItEJAj/dCQM/3AM6Hr5//+DxAzD6eP///+LRCQE/3AM6Mb5//9Zw1WL7FFW
i3UIg34UA3VxU1eNRQhQjUX8UI1+GFfopRL8/4PEDIN9CAB/F2iaAAAAaIw6RwBoODtGAOhReQAA
g8QM/3UIi0Yo/3X8iwhqAFD/UQhXi9joZBL8/4PEFIXAfg1WaEmpRADoS2b7/+sNg2YUAFP/dhDo
jfv//1lZX1teycODfCQIAHQli0wkBItBFIXAdBJ+a2oCWjvCfmSD+AN1X4lRFMPHQRQBAAAAw1aL
dCQIi0YUg+gAdEVIdBlIdT9WaEmpRADHRhQDAAAA6ORl+/9ZWV7DjUYYUOjeEfz/hcBZdBdo2AAA
AGiMOkcAaLw6RwDolngAAIPEDINmFABew4tEJASLQCTDVYvsUYM90NFHAAB1LmgMO0cA6MoHAACF
wFmj0NFHAHQTaPA6RwBQ/xXc0kUAo8zRRwDrB4MlzNFHAAChzNFHAIXAdCGNTfxRi00I/3EE/9CF
wHQR/3X8aOA6RwDoYBj8/1lZycMzwMnDM8A5RCQQVg+VwFdqLGoBi/jo1xH8/4vwi0QkHINmJACD
ZhQAiUYojUYYUMcGODpHAOgGEfz/i0QkHFdWaC2oRABQiUYI6PX1//9XVolGEItEJDBor6hEAFCJ
RgToe/b//4PELIlGDF+Lxl7DVYvsg+wcgD3Y0UcAAFNWV77Y0UcAdQ5o/wcAAFZqAP8VmNJFADPb
OV0IdFdqXFaL/uhymwAAO8NZWXQDjXgBajpX6GGbAAA7w1lZdAONeAH/dQgr/lZXaAQ8RwDoixf8
/2jk1kUAUIlF/OhBdgAAg8QYO8N1Bf91/OtJUOiVdQAA6wlW6DYV/P+JRfyLdQw781l0Elbo0UQA
ADvDWXTXUOi9RwAAWY1F+FBoXDtHAGoBU2gsO0cA/xUE1UUAhcD/dfx9DOiCEfz/M8DpaAEAAItF
+IsIUP9RUDvzdBFTVmgAPEcA6AIV/P+DxAzrC2hv10UA6McU/P9Zi/CLRfiLCFZQ/1EsVuhAEfz/
M8A5RQxZu/w7RwC/8DtHAHQYUGjsO0cA/3UMaNA7RwDouxT8/4PEEOs0OUUIdRdovwEAAGi4O0cA
aLA7RwDoYnYAAIPEDP91CFP/dQjo65QAAFlZUFfohhb8/4PEDIvwi0X4iwhWUP9RHFbo0BD8/4tF
+FmLCDP2Vv91/FD/UUSLRfiLCI1V9FJojDtHAFD/EYXAD4yJAAAAahCNReRWUOg4fwAAg8QMOXUM
ZsdF5B4AdAv/dQzo+RP8/1nrNDl1CHUXaM8BAABouDtHAGiwO0cA6M51AACDxAz/dQhT/3UI6FeU
AABZWVBX6PIV/P+DxAyNVeRSiUXsi0X0iwhonDtHAFD/URj/dezoMRD8/4tF9FmLCFD/URyLRfSL
CFD/UQj/dfzoFhD8/4tF+FlfXlvJw1WL7Lg0EAAA6A2cAABTVos1BNVFAFeNRfBQM9tobDtHADP/
R1dTaBw7RwCJXfCJXfyJXfSJXfiJXeyJXdj/1oXAD4xzAgAAi0XwiwiNVexSaHw7RwCNVcxSUP9R
EIXAD4xVAgAAi0XsiwiNVeRSUIl92P9RDIXAfQOJXeSNRfxQaEw7RwBXU2g8O0cA/9aFwA+MJAIA
AOjETgAAiUXQiV3o6e0AAACLRcyD+B5+A2oeWDlF6A+N5AAAAP914FPo//z//4v4O/tZWYl9+A+E
swAAADld5Ild+Ild3A+GjgAAADld3A+FkgAAAItF7IsIjVXUUmhcO0cA/3X4UP9REIXAfFiLB2j/
BwAAjY3M7///UVf/UBiFwHw5i0XUiwho/wcAAI2VzPf//1JQ/1EYhcB8II2FzPf//1CNhczv//9Q
6KVzAACFwFlZdQfHRdwBAAAAi0XUiwhQ/1EI/0X4i0X4O0XkD4J3////OV3cdQ2LRfyLCFdQ/1EU
/0XoiwdX/1AIiV34i33gV+iscAAAWY1EBwE4GIlF4A+FCP////910OhnDvz/i0X8WYsIjVX0Umh8
O0cAUP8RhcAPjPoAAAD/dfSLRfCLCGgoPEcAUP9RFI1F/FBoTDtHAGoBU2g8O0cA/9aFwA+MzgAA
AL8MPEcAU1foyvv//zvDWVmJRfh0GItF/P91+IsIUP9RFItF+IsIUP9RCIld+FfoG3AAAI18BwE4
H1l1yYtF/IsIjVX0Ur98O0cAV1D/EYXAfHyLRfD/dfSLCFD/URyLRfSLCFD/UQiLRfyJXfSLCFD/
UQiNRfxQaEw7RwBqAVNoPDtHAIld/P/WhcB8QYtF/IsIjVX0UldQ/xGFwHwwi0Xw/3X0iwhQ/1Ec
i0X0iwhQ/1EIi0X8iV30iwhQ/1EIi0XwiV38iwhQ/1EgiV3Yi0XsO8N0BosIUP9RCItF8DvDdBg5
Xdh0CYsIUP9RLItF8DvDdAaLCFD/UQiLRfw7w3QGiwhQ/1EIi0X0O8N0BosIUP9RCItF+DvDdAaL
CFD/UQhT6PoM/P9ZX15bycNVi+xRjUX8UGhsO0cAagFqAGgcO0cA/xUE1UUAhcB1FItF/IsIagBQ
/1Eoi0X8iwhQ/1EIycOhpORHAIP4BnIjdQmDPajkRwABchj/dCQE6M5LAACFwFl1BemJ/P//6Z3/
///DoaTkRwCD+AZyI3UJgz2o5EcAAXIY/3QkBOizSwAAhcBZdQXpW/z//+lv////w2hsKkcA6N+b
AABQ6MYP/P9ZWcNWagRqAeh7C/z//3QkEIvw6K4P/P+JBoPEDIvGXsOLRCQE/zDo1////1nDi0Qk
BIsAw4tEJAj/MItEJAj/MOjpcAAA99hZG8BZQMOLRCQEiwAzyTgID5TBi8HDVleLfCQM/zfoFG4A
AIvwRoN8JBQAWXQN/zf/dCQU6M6KAABZWV+Lxl7DVYvs/3UMagD/dQjoN3gAAIPEDIXAdQJdwytF
CItNEP91CECJAehR////WV3DD75EJARQaEg8RwDomm4AAFmFwFmwLnUEikQkBMOLRCQEhcB0D4tM
JAiFyXYHxgAAQEl1+cNWaJQAAABqAL6g5EcAVujyeQAAg8QMVscFoORHAJQAAAD/FeDSRQBew4M9
4NlHAABWV3UzM/aNBHaZK8LR+AUAAgAAi/BqAVb/NeDZRwDoqgr8/4PEDFZQo+DZRwD/FWTSRQA7
xn3PagD/dCQQaFQ8RwD/NeDZRwDoiw78/4PEEIvwVv8VhNJFAFaL+OjXCvz/WYvHX17Di0QkBItM
JAiLAIsJO8F9BIPI/8Mz0jvBD5/Ci8LD6d3///9Vi+y4AAABAOiulgAAoeTZRwCFwHUQaMCyRADo
nw3//1mj5NlHAFZoorJEAI1NCFFQ6NkU//+L8IPEDIX2D4WcAAAAaghqAeiYCfz/WVlqAIvwi0UI
aP//AACJBo2FAAD//1BoAAQAAP91CGoAaAASAAD/FWDSRQCFwHUd/xV00kUAUI2FAAD//2hoPEcA
UOiPdwAAg8QM6yCNhQAA//9Q6DZsAACFwFl+D42EBf///v+AOAp1A8YAAI2FAAD//1D/dQhoWDxH
AOiCD/z/Vv815NlHAIlGBOhXEv//g8QUi0YEXsnDVmoQagHo9Qj8//90JBCL8OgoDfz/iQaLRCQY
iUYEi0QkHIlGCItEJCCJRgyDxAyLxl7Di0QkBP9wDP9wCP9wBP8w6Ln///+DxBDDVot0JAj/Nuhy
Cfz/VuhsCfz/WVlew1NWi3QkDFf/NuiHawAAi1wkGIv4R4XbWXRd/zZT6EOIAACNBB9ZWYpOB4gI
ik4GiEgBi04EwfkIiEgCik4EiEgDik4LiEgEik4KiEgFi04IwfkIiEgGik4IiEgHik4PiEgIik4O
iEgJi04MwfkIiEgKik4MiEgLjUcMX15bw1WL7ItFDIP4DXwVg8D0UGoA/3UI6E51AACDxAyFwHUE
M8Bdw4tVEECLyCtNCIPBDIkKM8mKaAgPtlAKikgJweEIC8oPtlALweEIC8oPtlAGUTPJimgEikgF
weEIC8oPtlAHweEIC8oPtlACUTPJiiiKSAEPtkADweEIC8rB4QgLyFH/dQjol/7//4PEEF3DVYvs
UVMz2zkd3NlHAFZXdTJoGDhHAOgB/f//O8NZdBNomDxHAFD/FdzSRQCj2NlHAOsGiR3Y2UcAxwXc
2UcAAQAAAKHY2UcAO8N0S41N/FFTagiJXfz/0GoB/3X86C8H/P9ZWYv4jUX8UFdqCP8V2NlHAA+2
8DvzdBJqQFfo5moAADvDWVl0C4gY6wdX6MkH/P9ZO/N1PYs1DNBFAI1F/FBTiV38/9aFwHUHx0X8
AAEAAGoB/3X86NUG/P9Zi/hZjUX8UFf/1ovwO/N1B1foiAf8/1mLxvfYG8Ajx19eW8nDi0QkBDPJ
ZjkIdTBmOUgCdSpmOUgEdSRmOUgGdR5mOUgIdRhmOUgKdRJmOUgMdQxmgXgOAAF1BDPAQMMzwMOL
VCQEi0IIVot0JAyLTgg7wXMFg8j/XsN2BTPAQF7DO/J38BvA99hew4tEJAiLQAg7RCQEdgSDyP/D
G8D32MNTM9uKfCQMaCDaRwCKXCQMU/8V9NlHAIXAdAQzwFvDM8A4HSDaRwBbD5TAw1NoND9HAOiH
+///M9s7w1mjvOBHAKPA4EcAdSRoKD9HAOhs+///O8NZo7zgRwB1EGgEP0cA6Jij//+hvOBHAFlW
izXc0kUAV7/4PkcAV1D/1oXAdGehvOBHADvDdBBXUP/Wo5jgRwChvOBHAOsGiR2Y4EcAO8N0FGjo
PkcAUP/Wo/DZRwChvOBHAOsGiR3w2UcAO8N0FGjcPkcAUP/Wo4DgRwChvOBHAOsGiR2A4EcAO8N1
aokdiOBHAOt8aNA+RwDozPr//zvDWaPE4EcAdGNXUP/Wo5jgRwChxOBHADvDdBRo6D5HAFD/1qPw
2UcAocTgRwDrBokd8NlHADvDdBRo3D5HAFD/1qOA4EcAocTgRwDrBokdgOBHADvDdA9owD5HAFD/
1qOI4EcA6waJHYjgRwChvOBHAIsNwOBHADvLdBRorD5HAFH/1qOo4EcAobzgRwDrBokdqOBHADvD
dBRonD5HAFD/1qNM5UcAobzgRwDrBokdTOVHADvDdBRojD5HAFD/1qNw5UcAobzgRwDrBokdcOVH
ADvDdBRohD5HAFD/1qNU5UcAobzgRwDrBokdVOVHADvDdBRodD5HAFD/1qM45UcAobzgRwDrBokd
OOVHADvDdBRoXD5HAFD/1qNo5UcAobzgRwDrBokdaOVHADvDdBRoUD5HAFD/1qP02UcAobzgRwDr
Bokd9NlHADvDdBRoRD5HAFD/1qOs4EcAobzgRwDrBokdrOBHADvDdBRoOD5HAFD/1qOk4EcAobzg
RwDrBokdpOBHADvDdBRoMD5HAFD/1qMU2kcAobzgRwDrBokdFNpHADvDdBRoKD5HAFD/1qOg4EcA
obzgRwDrBokdoOBHADvDdBRoID5HAFD/1qOM4EcAobzgRwDrBokdjOBHADvDdBRoGD5HAFD/1qMQ
2kcAobzgRwDrBokdENpHADvDdBRoDD5HAFD/1qOU4EcAobzgRwDrBokdlOBHADvDdBRo/D1HAFD/
1qP42UcAobzgRwDrBokd+NlHADvDdBRo7D1HAFD/1qOc4EcAobzgRwDrBokdnOBHADvDdBRo4D1H
AFD/1qMI2kcAobzgRwDrBokdCNpHADvDdBRo1D1HAFD/1qO020cAobzgRwDrBokdtNtHADvDdBRo
yD1HAFD/1qO420cAobzgRwDrBokduNtHADvDdBRowD1HAFD/1qME2kcAobzgRwDrBokdBNpHADvD
dBRouD1HAFD/1qPo2UcAobzgRwDrBokd6NlHADvDdBRorD1HAFD/1qOw20cAobzgRwDrBokdsNtH
ADvDdBRopD1HAFD/1qO04EcAobzgRwDrBokdtOBHADvDdBRonD1HAFD/1qMY2kcAobzgRwDrBokd
GNpHADvDdBRolD1HAFD/1qP82UcAobzgRwDrBokd/NlHADvDdBRoiD1HAFD/1qPs2UcAobzgRwDr
Bokd7NlHADvDdBRofD1HAFD/1qOw4EcAobzgRwDrBokdsOBHADvDdBRodD1HAFD/1qMc2kcAobzg
RwDrBokdHNpHADvDdBRoaD1HAFD/1qOQ4EcAobzgRwDrBokdkOBHADvDdBRoYD1HAFD/1qMA2kcA
obzgRwDrBokdANpHADvDdA9oVD1HAFD/1qMM2kcA6waJHQzaRwBqAmoC6PD6//+FwFlZX151KFNq
Aujg+v//hcBZWXUaagFqAejR+v//hcBZWXULaDQ9RwDov57//1loN7ZEAOjEBP//WaO44EcAW8Oh
uOBHAIXAVnQ1M/ZWUOsR/3AI/xWk4EcARlb/NbjgRwDoSQr//4XAWVl15P81uOBHAOjPBP//gyW4
4EcAAFmhrOBHAIXAdAL/0KG84EcAhcCLNYjSRQB0A1D/1qHE4EcAhcB0A1D/1l7D6Wv2//9Vi+yD
7BCLRQhWV74oRUcAjX3wpaWlBezY//+D+GGlD4dsAQAAD7aAU79EAP8khcO+RAC4BEVHAOlLAgAA
uNxERwDpQQIAALisREcA6TcCAAC4bERHAOktAgAAuDxERwDpIwIAALgMREcA6RkCAAC46ENHAOkP
AgAAuMBDRwDpBQIAALiUQ0cA6fsBAAC4eENHAOnxAQAAuFxDRwDp5wEAALg8Q0cA6d0BAAC4EENH
AOnTAQAAuORCRwDpyQEAALjEQkcA6b8BAAC4mEJHAOm1AQAAuHRCRwDpqwEAALhUQkcA6aEBAAC4
NEJHAOmXAQAAuABCRwDpjQEAALjYQUcA6YMBAAC4rEFHAOl5AQAAuIhBRwDpbwEAALhgQUcA6WUB
AAC4MEFHAOlbAQAAuAhBRwDpUQEAALjYQEcA6UcBAAC4tEBHAOk9AQAAuIxARwDpMwEAALhcQEcA
6SkBAAC4KEBHAOkfAQAAuPw/RwDpFQEAALjYP0cA6QsBAAC4qD9HAOkBAQAAuHg/RwDp9wAAAKHI
4EcAhcB1EGgyvEQA6KkC//9Zo8jgRwBoorJEAI1NCFFQ6OQJ//+L8IPEDIX2D4W/AAAAU2oIagHo
ov77/4vwi0UIagG/DwABAFeJBuiO/vv/jU3wUVCJRgToSH4AAP92BOhwYQAAg8QcagCL2ItGBCv7
VwPDUGgABAAA/3UIagBoABIAAP8VYNJFAIXAdR//FXTSRQBQ/3UIi0YEA8NoQD9HAFDodWwAAIPE
EOsc/3YE6CBhAACFwFl+D4tOBI1EAf+AOAp1A8YAAGoB/3YE6AJhAABZQFD/dgToX/77/1b/Ncjg
RwCJRgToQAf//4PEFFuLRgRfXsnD7LxEAGq8RADEvEQA9rxEAAq9RAC0vUQA4rxEAJK8RABavUQA
urxEABS9RACMvUQARr1EAIK9RACgvUQAZL1EAG69RACIvEQAdLxEAH68RAAevUQAMr1EACi9RACc
vEQAsLxEADy9RAAAvUQAUL1EAJa9RACqvUQAprxEAM68RADYvEQAeL1EAL69RADIvUQAACMjIyMj
IyMjAQIjIyMjIyMjAyMEIyMjIyMjIyMjIwUGBwgJCgsMDQ4PEBESExQVFhcYGRobHCMdHiMjHyAj
ISMjIyMjIyMjIyMjIyMjIyMjIyMjIyMjIyMjIyMjIyMjIyJVi+y4LCAAAOi+iQAAU1ZXvxwCAABX
agHo1/z7/1kz24N9EAFZi/B1CcdF/AIAAADrEIN9EALHRfwXAAAAdAOJXfxXU1boEWwAAIPEDP91
CI1+EIkfiV4MiV4UiV4IxwYBAAAAiJ3U3////xUI2kcAg/j/iUX4D4WGAQAAOR2Y4EcAiV0QdE5q
II1F1FNQ6MhrAACLRfz/dQiJRdjHRdQCAAAA6MgC/P+DxBBXjU3UUVNQiUX0/xWY4EcA/3X0iUX8
6Pj8+/85XfxZdSLHRggBAAAA6xn/dQj/FfjZRwA7w4lFEHXn/xU45UcAiUX8OV4IdVOLTfyB+UIn
AAB1B7h0KkcA6zmB+fkqAAB1B7hoRUcA6yqB+foqAAB1B7hYRUcA6xs5HZjgRwB0DqGI4EcAO8N0
BVH/0OsFuDhFRwCJRgTp9wAAAIsHO8OJXgR0M4N4BAJ1FYtAGIPABGoEUI1F+FDolGUAAIPEDIsH
i0AUO8NoACAAAA+ErwAAAFDprAAAAItFEItADDP/6wRHg8AEORh1+GoEV+hY+/v/iX4YWTP/OV4Y
WYlGFH4si0UQi0AMagT/NLiNRfhQ6DxlAACDxAz/dfj/FRTaRwCLThSJBLlHO34YfNSLfRCLRwxq
BP8wjUX4UOgRZQAAaAAgAAD/N42F1N///1DofogAAIPEGOs7M/9qBEdX6Of6+/9ZWYlGFIl+GP91
+P8VFNpHAItOFIkBiX4IaAAgAAD/dQiNhdTf//9Q6EGIAACDxAyNhdTf//9qAVCIXdPonV0AAFlA
UOie+vv/i00MiQGNjdTf//9RUOhTegAAg8QQX4vGXlvJw1NWaBwCAABqAeh0+vv/i/Az22gAAgAA
/3QkGI1GHFCJXgSJXgiJXhCJXgyJXhSJXhjHBgEAAADozYcAAIPEFIieGwIAAIvGXlvDU1ZXM/9o
HAIAAEdX6Cf6+/+L8GgAAgAA/3QkHDPbjUYcUIleBIleCIleEIl+DIleFIleGIk+6ISHAACDxBRf
iJ4bAgAAi8ZeW8OLRCQIiwiFyXQLi0kchcl0GIkI6xCLSASLVCQEQTtKGH0HiUgEM8BAwzPAw1WL
7FNWi3UIi0YQM9I7wld0WIsNqOBHADvKi30Qi10MdBSNVQhSU2oA/3AQiX0I/3AY/9HrA4PI/4XA
D4SPAAAAV4PGHFZT6P2GAACDxAyAOwB1D1doSABHAFPo6YYAAIPEDMZEO/8A62Y5Vgh0SDlWFHQF
OVYYfxdouQIAAGiwRUcAaHxFRwDoZF8AAIPEDItGFP8w/xWg4EcAi3UQVlD/FbTbRwCLfQxQV+iZ
hgAAxkQ3/wDrFot9EIPGHFdWi3UMVuiBhgAAxkQ+/wCDxAxfXltdw4tMJAQzwDlBDA+UwMNWi3Qk
CGh4gUYAVuh3XgAAhcBZWXQpaMxFRwBW6GZeAACFwFlZdBhqBGjERUcAVugzXAAAg8QMhcB0BDPA
XsMzwEBew1WL7FFXi30IV/8VFNpHACUAAAD/PQAAAH91CDPAQOmAAAAAoYTgRwBWM/Y7xnVYVmoC
agL/FbTgRwCLDQzaRwA7znQvVlaNVfxSaMAEAABowNtHAFZWaH90BEBQ/9GFwHURi0X8akwz0ln3
8aOE4EcA6xJo0EVHAFboIlb//6GE4EcAWVk7xn4XM9I7xn4RucjbRwA5OXQOQoPBTDvQfPQzwF5f
ycMzwEDr91aLdCQIi0YQM9I5VggPhIAAAAA7wnQFi0gE6wNqAlmD+Rd1D4tAGIPACFDoEfH//1le
w4P5AnVAO8J0CItAGP9wBOstOVYUdAU5Vhh/F2gDAwAAaLBFRwBofEVHAOi+XQAAg8QMi0YU/zD/
FaDgRwBQ6N/+///ruDvKdBdoCAMAAGiwRUcAaPxFRwDokF0AAIPEDDPAXsOLRCQEg3gIAItIEHUN
M8kzwIP5Fw+VwEBAw4XJdAWLSQTrA2oCWYP5AnXkM8BAw1WL7FNWi3UIg34IAFeLfhB1BDPb6xCF
/3QFi18E6wNqAluF23UXaCcDAABosEVHAGgYRkcA6CBdAACDxAyF/3Qyg/sCdQiLRxiDwATrXoP7
F3UKi0cYahCDwAjrUWgxAwAAaLBFRwBoEEZHAOjpXAAA60SD+wJ1QoN+FAB0BoN+GAB/F2g2AwAA
aLBFRwBofEVHAOjCXAAAg8QMi0YU/zD/FaDgRwCJRQiNRQhqBFD/dQzoe2AAAIPEDF9eW13DVot0
JAj/DosGhcB/KYtGEIXAdA2LDfDZRwCFyXQDUP/Ri0YUhcB0B1DoCPf7/1lW6AH3+/9ZXsOLRCQE
/wDDi1QkCIXSi0wkBItBDHQDiVEMw1WL7IPsOItDCIP4/3QTagBQ6Jda//9ZWf9zCP8VpOBHAItD
DIsIVlcz9lZW/3NY/3NMVlD/EYtDTIPEGDlwCHUFiXX86xaLQ1A7xnQIi0AEiUX86wfHRfwCAAAA
U/81uOBHAOjCBf//WVlWagH/dfz/FbTgRwCD+P+JRfiJQwh1Df8VOOVHAIv46e8BAAAz/0eDezgA
vv//AAB0FmoEjU30UWgAAQAAVlCJffT/FbDbRwCDezwAdBVqBI1F9FBXagb/dfiJffT/FbDbRwCD
e0AAdBVqBI1F9FBqCFb/dfiJffT/FbDbRwCLc0T33hv2M8CB5v8DAACDffwXD5XASIPgDIPAEIlF
9IN9/Bd1JmocjUXIagBQ6GZkAACDxAxWZsdFyBcA/xWM4EcAZolFyo1FyOsfagBmx0XkAgD/FaDg
RwBWiUXo/xWM4EcAZolF5o1F5P919FD/dfj/FejZRwCD+P91JP8VOOVHAIv4gf9AJwAAdRZmhfYP
hP8AAABOZoX2dYTp9AAAADP/hf8PheoAAACLQ1CFwHRPg338F3U7M8Bmi0NYZsdFyBcAUP8VjOBH
AGaJRcqLQ1CLcBiDxgiNfdClpaWli0gYi0kEiU3Mi0AYi0AYiUXg62Jmx0XkAgCLQBiLQATrQItD
TIN4FAB0CItLVDtIGHwXaCgEAABosEVHAGgwRkcA6DtaAACDxAyLS0yLQ1Rmx0XkAgCLSRT/NIH/
FaDgRwCJRegzwGaLQ1hQ/xWM4EcAZolF5jP/R1f/dfjoZFj//4XAWVl1NYN9/BeNRch0A41F5P91
9FD/dfj/FQTaRwCD+P91HP8VOOVHAIv4gf8zJwAAdA9X6CXz//9ZiUME6wWJeyAz/1P/NbjgRwDo
z/z+/4X/WVl0F4tDDIsIV/9zBP9zWP9zTGoBUP8Rg8QYi8dfXsnDVot0JAiLRmSFwHQHUOju////
WVb/NbjgRwDoTgP//2oA/3YI6MdX//+DxBD/dgj/FaTgRwCLRkyFwHQHUOiv/P//WVbo3vP7/1le
w1aLdCQIagBW/zW44EcA6Cn+/v+DxAyFwHQkg35cAHQei0Zci04MU4sZagBQUOht8v//WVD/dgz/
UwSDxBBbXsNVi+xRU1aLdQhXi0Y0hcB1GY1eEFPoFfL7/4XAWQ+O+QAAAItGNIXAdA6JRQgz/41G
MEeJRfzrE41FCFCNRfxQUzP/6O/x+/+DxAxX/3UI/3X8/3YI/xX82UcAi/hX6L4LAAAz2zv7WX9t
fQj/FTjlRwCL2IH7ECcAAHMIhf8PjLIAAACB+zMnAAAPhKYAAACF/w+EpAAAAIH7RScAAA+EmAAA
AIH7RicAAA+EjAAAAFPoqfH//1BqAOgXUP//U+ib8f//UGgUOUYA6M2P//+DxBjpM////zleNHQv
i0UIO/h9ICvHjU4wUI0EOVBR6KVhAACLRQiDxAwrx4lGNOkH////iV406f/+//+NRhBXUOis9/v/
WVnp7v7//4N+SAF1KmoB/3YI/xXs2UcAx0ZIAgAAAOsWg2YgAOsQVmiYyUQAiV5c6N5E+/9ZWV9e
W8nDVot0JAiDfkgAV3QXaN0FAABosEVHAGh4RkcA6I9XAACDxAz/dCQUjX4Q/3QkFFfoo/b7/4PE
DIN+IAB0B1bobP7//1lX6JTw+/9ZX17DU1aLdCQMg35IAFe7sEVHAHQTaPEFAABTaHhGRwDoP1cA
AIPEDI1GEFDoOPb7/4t8JByD/wFZdhNo9wUAAFNolEZHAOgZVwAAg8QMV/90JBiNRjBQ6OBaAACD
xAyDfiAAiX40dAdW6Pb9//9Zi0Y0X15bw1aLdCQIg35IAHQXaAgGAABosEVHAGh4RkcA6M9WAACD
xAyDfiAAx0ZIAQAAAHQHVui5/f//WV7DVY1sJIyB7MgAAACNRXBQjUXwUItFfP9wCMdFcIAAAAD/
FZDgRwCFwHxbZoN98AJ1Jv918v8VENpHAA+3wFD/dfT/FbTbRwBQaNz4RgDooPb7/4PEDOswZoN9
8Bd1J/918v8VENpHAA+3wFBqQY1FrFCNRfhQahf/FbjbRwBQaLBGRwDryDPAg8V0ycNVi+yLRQxW
i3UIOUYkdC6FwIlGJHUjagH/dgjoblT//4N+KABZWXQRagJqAY1FC1D/dgj/FQDaRwCDZigAXl3D
VjP2VusUg3gkAHUMagH/cAjoOFT//1lZRlb/NbjgRwDoJPn+/4XAWVl1217DagD/dCQI/xWc4EcA
hcB0Dw+3QAhQ/xUQ2kcAD7fAwzPAw1ZXvoAAAAAz/2oBA/ZWV+i37/v/g8QMi/hWV/8VlOBHAIXA
V3wP6DhSAABZjU7/O8Fz1usI6Pzv+/9ZM/+Lx19ew1ZXvxwCAABXagHoG+/7/1eL8GoAVuh3XgAA
g8QUX8dGBLhGRwDHBgEAAACLxl7DU1ZXM9tqaENT6O3u+/+L8ItEJByJRgyNRhAz/1DHBsg8RwCJ
fgToH+77/4tEJByDxAyD+P+JXiCJfjSJfkiJXiSJfiiJfiyJflyJfmSJfmCJfkyJRgh1Ef8VOOVH
AFDoJe7//4lGBOsiU1CJfjjoG1P//zvHWVl0BYlGBOsOVv81uOBHAOjA9/7/WVlfi8ZeW8NVi+xT
VldqaGoB6Fru+/+L2ItFIIlDDI1DEDP2UMcD7DxHAIlzBOiN7fv/i0UUiUM4i0UYiUM8i0UciUNA
i0UQiUNEi0UMiUNYi0UIiXMciXMgiXM0iXNIiXMkiXMoiXMsiXNciXNkiXNgiUNMi0AQjXtQg8QM
g0sI/4kHiXNU6Mv3//+FwHQPV/9zTOjq8///hcBZWXXoX16Lw1tdw1WL7IPsZFNWVzP/R2poV4l9
+Oi07fv/i9iLRRCJQwyNQxAz9lDHAxA9RwCJcwTo5+z7/4tFFIPEDDl9GIlzIIlzNIlzSIlzJIlz
KIlDLIlzXIlzZIlzYIlzTHUJx0X8AgAAAOsSM8CDfRgCD5XASIPgFUBAiUX8Vlf/dfz/FbTgRwCL
+IP//4l96Il7CA+EdwEAAGoEjUX4UGoEaP//AABXiXM4/xWw20cAg338Fw+FqgAAAGocjUW8VlDo
clwAAIPEDDl1FGbHRbwXAI19xL64PEcAdQW+qDxHAKWlpaUz/zl9CHRhOT2Y4EcAdFlqII1FnFdQ
6DhcAABqF17/dQiJdaCJfZzoPPP7/4PEEI1N7FGNTZxRV1CJRfT/FZjgRwD/dfSJRfDoae37/zl9
8Fl1FYtF7DlwBHUNi3AYg8YIjX3EpaWlpf91DP8VjOBHAIt96GaJRb6NRbwz9utdOXUIZsdF2AIA
dCz/dQj/FQjaRwCD+P+JRdx0G1D/FRTaRwAlAAAA/y0AAAB/99gbwECJQyzrFjl1FHQHaAEAAH/r
AVb/FaDgRwCJRdz/dQz/FYzgRwBmiUXajUXYM8mDffwXD5XBSYPhDIPBEFFQV/8V6NlHAIP4/3UZ
/xU45UcAO8aJReh0DFf/FaTgRwD/dejrH2j///9/V/8VGNpHAIP4/3UYV/8VpOBHAP8VOOVHAFDo
Q+v//4lDBOtmagFX6DtQ//87xllZiUXodA9X/xWk4EcAi0XoiUME60dT/zW44EcA6NP0/v+DffwC
WVl1Mzl1GHUuagL/dRT/dRD/dQz/dQjomf3//4PEFDvGdBQ5cAR1CIlYYIlDZOsHUOgU7Pv/WV9e
i8NbycNVi+y4hFAAAOgMeAAAVjP2OXUIdQgzwEDpHgMAAFNoYLZEAP91CP81uOBHAOg89v7/i9iD
xAw73nUIM8BA6fgCAACLRQzB6BBXiUUIdFo5c0x0RYtLDIs5UFDocer//1lQ/3NY/3NMagH/cwz/
F4PEGDlzTHQfjXtQV/9zTOjS8P//hcBZWXQN6Jv0//85c0yJRQh15ItFCDvGD4VVAgAAM8BA6ZEC
AAD/dQzo4gMAAA+3RQxIWQ+E1gEAAEgPhI8BAABISA+EIgEAAIPoBA+EkgAAAIPoCHRqg+gQdcLH
RQgBAAAAVmgAUAAAjYV8r///UP9zCP8VANpHAIv4O/58KYtDDIsIdA9XjZV8r///UlZQ/1EI6wdW
VlZQ/1EEIUUIg8QQO/5/vesR/xU45UcAPTMnAAAPhboBAACLRQjp9gEAADPAQIlDIIlDHItDTDvG
D4RJ////UOh58///WYlzTOk6////uIAAAABQiUUIjYV8////VlDoLVkAAIPEDI1FCFCNhXz///9Q
/3MI/xUc2kcAi/iD//91Ef8VOOVHAD36KgAAD4T1/v//ZoO9fP///wJ1EjlzLHQN/3WA6OTw//+F
wFl0GotbDIsDV2iuzUQAU/9QEIPEDIXAD4S//v//V/8VpOBHAOmz/v//agFoAFAAAI2FfK///1D/
cwj/FQDaRwCL+FfohgIAADv+WX8ydQe/5EZHAOsP/xU45UcAUOiq6P//WYv4V1boFkf//1doFDlG
AOjShv//g8QQ6V3+//9XjY18r///UWoC6dsAAACNexBXx0MgAQAAAOg+6Pv/i/ADczRT6AT2//9X
6C3o+/8DQzSDxAw7xg+NH/7//4tbDIsLUFP/UQxZWekO/v//OXMkdAzHQygBAAAA6f39//85czjH
RfwBAAAAdBKNRfxQaAdzBED/cwj/FbDgRwBWaABQAACNhXyv//9Q/3MI/xUA2kcAi/hX6LMBAAA7
/ll9KP8VOOVHAD0zJwAAD4Sr/f//i0sMizlWUFDozuf//1lQ/3MM/1cE6yp1DotbDIsDVlZWU/9Q
BOsaV42NfK///1EzyTl1/A+UwVGLWwyLA1P/UAiDxBBfW17Jw1WL7FFRgz0YukcAAHQjjUX4UI1F
/FDonN/9//91+P91/OiuJQAA/3X86KDo+/+DxBTJw1WL7IPsHI1F5FD/FVjSRQCNReRqEFD/VQhZ
WY1F/FCNRfhQjUX0UP8VXNJFAI1F9GoIUP9VCFlZycNVi+yD7FD/FUjTRQCJRfyNRfxqBFDoD9z9
/1lZ/xX800UAiUX8jUX8agRQ6Pnb/f9ZWf8VENNFAIlF/I1F/GoEUOjj2/3/WVlovwAAAP8VDNNF
AIlF+I1F+GoEUOjI2/3/WVmNRfBQ/xV800UAjUXwaghQ6LHb/f9ZWY1FsFD/FUTSRQCNRbBqIFDo
mtv9/1lZjUXoUI1F4FCNRdhQjUXQUP8VSNJFAFD/FUzSRQCNRdBqIFDocNv9/1lZjUXoUI1F4FCN
RdhQjUXQUP8VUNJFAFD/FVTSRQBqII1F0FDoRtv9/1lZycNVi+yD7AyNRQhqBFDoMdv9/1lZ/xXo
0kUAiUX8jUX8agRQ6Bvb/f9ZWY1F9FD/FUDSRQCFwHQNjUX0aghQ6ADb/f9ZWcnDVYvsgexwAgAA
U1ZXaAcBAACNhdD+//9Q/xUs0kUAjYXQ/v//aExHRwBQ6BJmAABZWY2FkP3//1CNhdD+//9Q/xUw
0kUAi10Ii/CD/v90KY2FkP3//2hAAQAAUP/TWVmNhZD9//9QVv8VNNJFAIXAdd5W/xU40kUA/xU8
0kUAiUX4jUX4agRQ/9Mz/zk92OBHAFlZdXRoPEdHAOhW2///O8eLNdzSRQBZo9jgRwB0FGgkR0cA
UP/Wo9DgRwCh2OBHAOsGiT3Q4EcAO8d0FGgUR0cAUP/Wo8zgRwCh2OBHAOsGiT3M4EcAO8d0FGgA
R0cAUP/Wo9TgRwCh2OBHAOsGiT3U4EcAO8d0U6HQ4EcAO8d0Sjk9zOBHAHRCOT3U4EcAdDpoAAAA
8GoBV1eNTfxR/9CFwHQnjUXYUGog/3X8/xXM4EcAhcB0Co1F2GogUP/TWVlX/3X8/xXU4EcAU+h6
IgAAWej+/P//X15bycNVi+yD7AxTVot1CFdqCWhwSEcAVuhrSAAAg8QMhcC/XEhHAHQQah5XaDBI
RwDo+koAAIPEDI1GCWpcUOiUSAAAhcBZWXQQah9XaAxIRwDo2UoAAIPEDDPAULsAAABAU2oDUFC/
AAAAwFdWizUg0kUA6zD/FXTSRQA95wAAAA+FJgEAAGoA/3UI/xUk0kUAhcAPhCoBAAAzwFBTagNQ
UFf/dQj/1oP4/4lF/HTG6NwKAACL2DPAO9h1Lv91/P8VoNJFAGj0R0cA6Jzq+///dQyL8FboGrD7
/1aL+Ojo5Pv/g8QQ6QkBAACLdfyNTfhRUFBQjUX0UGoBagZW/xWM5EcAhcB0N/8VdNJFAFDoCdr/
/1BowEdHAOhN6vv//3UMi/hX6Muv+/9XiUUI6Jjk+/+DxBhW/xWg0kUA60JT/3X0/xUQ0EUAhcB1
QP91CGicR0cA6BLq+///dQyL+FfokK/7/1eJRQjoXeT7/4PEFFb/FaDSRQD/dfj/FSjSRQBT6ETk
+/+LRQhZ62n/dfj/FSjSRQBT6C/k+/9qAf91DFZW6GzR//+DxBTrSf8VdNJFAFDoZNn//1D/dQho
eEdHAOsV/xV00kUAUOhN2f//UP91CGhQR0cA6I7p+///dQyL8FboDK/7/1aL+Oja4/v/g8Qci8df
XlvJw4tUJAiF0otMJASLQSx0A4lRLMNWi3QkCItGKIXAV3QHUOgdyv//Wf92EIs9oNJFAP/X/3Yk
/9f/djDokeP7//92DOiJ4/v/i0YIhcCLPSjSRQBZWXQDUP/Xi0YEhcB0A1D/11boZ+P7/1lfXsOL
RCQEi0Aww1WL7IPsDFZqDIvwjUX0agBQ6OJRAACLRwSDZfwAg8QMiUX4jUX0UGoAuAAQAABQUPfe
G/Zo/wAAAGoAgeYAAAgAgc4DAABAVv93DMdF9AwAAAD/FRzSRQAzyYP4/w+VwYlHEF6LwcnDagH/
dCQM/3QkDP90JBDoKdD//4PEEMNTVYstdNJFAFZXi/iDfCQUAHQHg2QkFADrKY1HFFD/dxD/FRjS
RQCFwHUY/9WL2IH75QMAAHR0hdt0CIH7FwIAAHUvi3cQi0csiwhWaIDaRABQ/1EQg8QMhcB0B1b/
FaDSRQAzwOgX////hcB1nv/Vi9hT6LbX//9QaKBIRwDo+uf7/4PEDIvoi0csizBTVWoA/3cM6EHn
//9ZUGoB/3cs/xZV6DTi+/+DxBxfXl1bw4tEJARqAehF////WcNVi+xTVldqNGoB6Ebh+///dQiL
+ItFDI13MIMmAI1fBIMjAMcHfEhHAIlHLOhi5fv/g2cIAINnKABqCWhwSEcA/3UIiUcM6JFEAACD
xBiFwHQXaOoAAABo8EhHAGgwSEcA6B5HAACDxAyLRQiDwAlqXFDotUQAAIXAWVl0F2jrAAAAaPBI
RwBoDEhHAOjzRgAAg8QMVo1HCFBTaAAAAMDoOggAAIPEEIXAdGMzwEDoEf7//4XAdR7/FXTSRQBQ
6K7W//9Q/3UIaMhIRwDo7+b7/4kG6zZqFDP2jUcUVlDo2U8AAIPEDFZWagFW/xVs0kUAV2hH20QA
UIlHJOjpxf//iUcoVovH6Dj+//+DxBCLx19eW13DuARJRwBQUP8VFNNFAPfYG8D32MNVi+yD7CyL
RRBXM/+JOItFFIk4uARJRwBQUIl9/Il99P8VFNNFADvHiUXwD4RqAQAAU1b/FRDSRQBQaAxJRwDo
U+b7/1lZiUX4M9vo/gQAAIXAdFvoYwYAADvHiUX0dE9qFGpA/xUU0kUAO8eJRfx0PmoBi/BW/xWY
5EcAhcB0JVf/dfRW/xWI5EcAhcB0FsdF4AwAAADHRegBAAAAiXXkjV3g6wpW/xUo0kUAiX38/3X4
aAAgAABXagRTav//FYzSRQA7x4lF7A+EwgAAAIP4/w+EuQAAAFdXV2oCUP8VkNJFAP91DIvw/3UI
VuhCSQAAi134U8dF1LpQToDoIkIAAIPEEECJRdiNRdRQV2pK/3XwiV3c/xWM1EUAhcB+RQ+2TgIz
wIomagGKRgHB4AgLwQ+2TgPB4AgLwYPABIv4V+jn3vv/i9iF21lZdBVXVlPo3kgAAItFEIkYi0UU
g8QMiTgz/1b/FZTSRQD/dez/FaDSRQD/dfjoet/7/zl9/Fl0Cf91/P8VKNJFAP919OsD/3X46F7f
+/9ZXlszwEBfycNVi+xRUYNl/ACDZfgAU2oBjYYAAgAAUP836Mze+/+DxAyNTfhRjU38UYkHuwAC
AABTA8ZQ/3UMagD/dQjoB0EAADld/HMDiV38i0X8agEDxlD/N+iS3vv/g8QMjU34UY1N/FH/dfyJ
BwPGUP91DGoA/3UI6NBAAACFwFt1AsnDi0UQi034AQgzwEDJw1WL7FFTVmoMagHo8N37/4t1CIMm
AGoBaAACAACL2Ojc3fv/g8QQgz2w5EcAAolF/HQJx0MEBQAAAOsHx0MEBAAAAFdW/3MEM/ZqBo19
/Ogh////g8QMhcBfdRn/dfzoZt77/1PoYN77/4tFCCEwWVkzwOsai0MEg+gEdANIdQaLRfyJQwiL
RQiLAIkDi8NeW8nDi0wkBIXJdCaLRCQIhcB8HjsBfRqLUQSD6gR0CEp1D40EgOsDjQRAi0kIiwSB
wzPAw1aLdCQIhfZ0G4tGBIPoBHQDSHUJ/3YI6Ord+/9ZVujj3fv/WV7DVYvsg+wMVmoEagHoBt37
/1lZi/CDJgBqAFb/dQjozz8AAIXAdDWDZfgAjUX0UGoBx0X0JElHAMdF/CBJRwD/NuimPwAAhcB0
Ev826JU/AACFwHUe/zbohD8AAIsGhcB0BlDocj8AAFboc937/1kzwOsCi8ZeycNVi+yLRQiFwHQR
jU0IUf91EP91DP8w6GU/AABdw1aLdCQIhfZ0HP826Fk/AAD/Nug0PwAA/zboJz8AAFboKN37/1le
w1WL7IPsdGoN/3Uo6LtB+/+D+AVZWXQEM8DJw1NWV/91KP91EP91COiM/vv//3UIiUX86Ljl////
dfxobElHAOiC4vv/i/hXM/ZW6BA6//9X6NDc+/+LPQjSRQCDxCRWjUXgUI1F+FAz241F9ENQx0Xg
DAAAAIl15Ild6P/XhcB1If91JGhASUcA6MGn+///dfyL8OiN3Pv/g8QMi8bp1gAAAFaNReBQjUXs
UI1F8FD/14XAdTH/dSRoQElHAOiNp/v//3X8i/joWdz7/4s1oNJFAIPEDP919P/W/3X4/9aLx+mS
AAAAiz0M0kUAVlP/dez/11ZT/3X0/9eLRfCJRcSLRfiJRciNRdBQjUWMUFZWaCAAAAhTVlb/dfzH
RYxEAAAAVol1kIl1lIl1mMdFuAABAABmiXW+iXXAiXXM/xWc0kUA/3XQiz2g0kUA/9f/ddT/1/91
/OjK2/v/Wf918P/X/3X4/9dW/3Uk/3X0/3Xs6PnI//+DxBBfXlvJw1Mz2zkd+OBHAA+FBgEAAFZX
M/9HaDxHRwCJPfjgRwDoRdD//zvDWaPg4EcAD4TbAAAAizXc0kUAaAhKRwBQ/9Y7w6OM5EcAD4TA
AAAAoeDgRwA7w3QUaPRJRwBQ/9ajkORHAKHg4EcA6waJHZDkRwA5HZDkRwAPhJEAAAA7w3QUaOBJ
RwBQ/9ajlORHAKHg4EcA6waJHZTkRwA5HZTkRwB0azvDdBRowElHAFD/1qOY5EcAoeDgRwDrBokd
mORHADkdmORHAHRFO8N0FGikSUcAUP/Wo4jkRwCh4OBHAOsGiR2I5EcAOR2I5EcAdB87w3QKaJBJ
RwBQ/9brAjPAO8OjhORHAIk95OBHAHUGiR3k4EcAX16h5OBHAFvDgz384EcAAHVDVjP2RmgsSkcA
iTX84EcA6DDP//+FwFmj6OBHAHQdaBhKRwBQ/xXc0kUAhcCjnORHAHQIiTX04EcA6weDJfTgRwAA
XqH04EcAw1WL7IPsEFNWVzP/iX38M/Yz24l99Oh4/v//hcAPhKsAAAD/FTzSRQBQV2gAAAAC/xUE
0kUAO8eJRfAPhI0AAACNTfxRaghQ/xWQ5EcAhcB0cY1F+FBXV2oB/3X8/xWU5EcAhcB1C/8VdNJF
AIP4enVR/3X4akD/FRTSRQCL8Dv3dECNRfhQ/3X4VmoB/3X8/xWU5EcAhcB0Kf82/xUY0EUAi/hq
AVfoxdj7/1lZ/zaL2FNX/xUU0EUAhcB0BYld9DPb/3Xw/xWg0kUAM/85ffx0Cf91/P8VoNJFADv3
dAdW/xUo0kUAO990B1PoStn7/1mLRfRfXlvJw1WL7IPsdItFEFMz21aLdQxXi30UiR6JGIhd9Ihd
9Yhd9ohd94hd+MZF+QGIXeyIXe2IXe6IXe+IXfDGRfEFiV38iR/oUf3//4XAdRBopEtHAOiM3vv/
WenkAQAAOR3c4EcAdSXonv7//zvDo9zgRwB1F/8VdNJFAFDoFc7//1BodEtHAOmvAQAAOR3s4EcA
dTRo7OBHAFNTU1NTU1NTagGNRfRQ/xUo0EUAhcB1F/8VdNJFAFDo2c3//1BoTEtHAOlzAQAAOR3w
4EcAdTVo8OBHAFNTU1NTU1NqAmoBjUXsUP8VKNBFAIXAdRf/FXTSRQBQ6JzN//9QaBBLRwDpNgEA
AGpgjUWMU1Do0EYAAItFCIsV7OBHAIPEDGoEWf91EIlFjIlFrIlFzKHw4EcAiUXoU41FjIlVqIsV
3OBHAFBqA4lNkIldlIldoMdFsAEAAACJXbSJXcCJVciJTdCJXdSJXeD/FYTkRwA7ww+FuwAAAItN
EDkZD4SwAAAAahRqQP8VFNJFADvDiQZ1F/8VdNJFAFDo+8z//1Bo5EpHAOmVAAAAagFQ/xUk0EUA
hcB1FP8VdNJFAFDo18z//1BotEpHAOt0U/813OBHAP82/xUg0EUAhcB1FP8VdNJFAFDosMz//1Bo
hEpHAOtNi0UQU/8wagH/Nv8VHNBFAIXAdRT/FXTSRQBQ6IjM//9QaFRKRwDrJf83x0X8AQAAAOgg
1/v/WYkfi0X8X15bycNQ6GHM//9QaDhKRwDopdz7/4PEDIkHiwY7w4s9KNJFAHQFUP/XiR6LdRCL
BjvDdMhQ/9eJHuvBi0YEhcB0C1DoRL3//4NmBABZi0YIhcB0C1DoMr3//4NmCABZiwaD+P90GIN+
GAB0B1D/FQDSRQD/Nv8VoNJFAIMO/8NVi+xW/3UI6Jy+//+L8DPAOUUQWX85V7/8S0cAdAW/2EtH
AOiU/////3YM6DNy//9X/3YM6Jsz//9XaBQ5RgD/dgzoG2r//4PEGDPAX+sS/3UQ/3UMUP92DOiQ
aP//g8QQXl3DVv90JAjoOr7//4vwi0QkEIXAWX0wV+g9/////3YM6Nxx//+/JExHAFf/dgzoPzP/
/1doFDlGAP92DOi/af//g8QYX17DiUYQXsNVi+yD7DRTV4vYjUXMUP91CP8V9NFFAIXAD4TkAQAA
i0XUJROQ//8NERAAAGo4U4lF1OhbOvv/UGhATUcAiUXQ6Ejb+/+L+Ff/dgzo1jL//1foltX7/2o5
U+g0Ovv/iEXeD7bAUGgkTUcA6B7b+/+L+Ff/dgzorDL//1fobNX7/2o6U+gKOvv/g8RASEh0Jkh0
GEh0Crj0TEcA6WYBAADGReACv2TvRQDrFMZF4AG/jNVFAOsJxkXgAL9g70UAV2jYTEcA6MTa+/9Q
/3YMiUX86FEy////dfzoD9X7/2o7U+itOfv/g8Qcg+gAdDhIdCpIdBxIdA5IdTXGRd8Ev9BMRwDr
KsZF3wO/yExHAOsfxkXfAr/ATEcA6xTGRd8Bv7xMRwDrCcZF3wC/PFtGAFdopExHAOhU2vv/UP92
DIlF/OjhMf///3X86J/U+/9qPFPoPTn7/zPbg8QcK8N0Pkh0MEh0Fkh1OotF1IPg74PIKIlF1L+E
QUYA6yeLRdQl/+///w0EIAAAiUXUv4xBRgDrEIBN1QO/lEFGAOsFvzxbRgBXaIhMRwDo4dn7/4v4
V/92DOhvMf//V+gv1Pv/g8QUjUXMUP91CP8V+NFFAIXAdQe4aExHAOstjUXoUP91CMdF6AEAAACJ
XeyJXfCJXfSJXfj/FfzRRQCFwHUHuERMRwDrAjPAX1vJw1WL7FNWV2ocagHoCtP7/4vwi0UMgw7/
M/+JfgiJfgSJfhCJfhiJMItFCGo3/3UQiUYM6FY5+/+L2FNogE1HAIldCOg92fv/UP92DOjNMP//
alxT6Jg2AACDxCiFwLhv10UAdQW4eE1HAFNQaORJRgDoD9n7/4PEDFdoAAAAQGoDV1doAAAAwFCJ
RQz/FSDSRQD/dQyL2OhI0/v/g/v/WXUHuFxNRwDrTItFEFPoRv3//zvHWXU+agFWaD3nRABTiR7o
Qrf//2oHVmjZ5kQAU4lGBOiUtv///3UIiUYI6HXW+/+LTRyJAf92DOiBN///g8QoM8BfXltdw1aL
dCQI6AL8//9W6NTV/v9W6NTS+/9ZWV7Di0QkCFaLdCQI/zbo1Pz//1lew1aLdCQIi0YEhcB1Al7D
/3QkEP90JBBQ6Nq3//+DxAyJRhBew4tEJASLQBDDi0QkCFaLdCQIO0YUdSCLBoXAdBpQ/xUA0kUA
g2YYAGicTUcA/3YM6J8v//9ZWV7DVot0JAiDPgB0O4N8JAwBdTRotE1HAP92DOh9L///WVn/Nv8V
8NFFAFZo4upEAGiQAQAA6PHT/v+DxAyJRhTHRhgBAAAAXsO4yEtHAMOLRCQEi0AIhcB0DP90JAhQ
6N25//9ZWcOLTCQEM8CDOf8PlMBIJQAAAIAF////f8NVjWwkjIHs1AAAAFNWV/91fOj7MwAAg8AQ
ahBZmff5agGL2MHjBFPo7tD7/1Mz/4vwV1boSUAAAP91fFbooFAAAIPEIOgP9///hcB0CmoBU1b/
FZzkRwCNReRQ6C/m/f+Lw8H4GIhFcIvDwfgQiEVxi8PB+AiIRXJqBI1FcFCNReRQiF1z6B7m/f9T
jUXkVlDoE+b9/41FUFCNReRQ6OHm/f9W6DzR+/+DxCiNdaAPtkQ9UFBoHBhGAFbomj4AAIPEDEdG
RoP/IHzkjUWgUOiF1Pv/WV9eW4PFdMnDVlfopsj///90JBCL8Fb/dCQUaNxNRwDojdb7/1aL+Ojk
0Pv/g8QUi8dfXsNVi+yD7BxT/3UI6On+//+L2IXbWYld8HUm/xV00kUAUOgJxv//UGiATkcA6E3W
+/+LTRyDxAyJATPA6fIBAABWV1NoZE5HAOiI////i3Uci/hWjUX0UI1F/FBoAQAfAOg39///g8QY
hcB1EFfoa9D7/1PoZdD7/1lZ625qDI1F5GoAUOjxPgAAi0X8g2XsAIPEDFeJRehqAI1F5FDHReQM
AAAA/xXo0UUAhcCJRfh1QP8VdNJFAFDocsX//1BXaERORwDotdX7/1eJBugM0Pv/U+gG0Pv/izUo
0kUAg8QY/3X8/9b/dfT/1jPA6T8BAABX6ObP+/+LPSjSRQBZ/3X8/9f/dfT/12r//3X4/xV40kUA
U2goTkcA6Lf+//+DJgCDfSwAWVmL2HRY/3UQU+ji6f//i/iLB1f/UByDxAyFwHUW/zbok8/7/4tF
GIkeM/aJOEbpuQAAAItFIP8w6HrP+/+LB1f/UBxQU2ggTkcA6AnV+/+LTSCJAYsHV/9QBIPEGIN9
KAB0Vv91FFPoLO3//4v4iwdX/1Acg8QMhcB1FP826DXP+/+LRRhZiR5qAok4Xutei0Uk/zDoHs/7
/4sHV/9QHFBTaCBORwDordT7/4tNJIkBiwdX/1AEg8QYM/85PnUli0UgOTh1HotFJDk4dRdo4QAA
AGgITkcAaOhNRwDoOzQAAIPEDFPozc77/zP2Wf918OjCzvv/Wf91+P8V7NFFAP91+P8VoNJFAIvG
X15bycPDVjP260s8IHQgPFx0HDwqdBg8P3QUPCV0EDwgfAw8fn8IPC51JIX2dSDGAiUPtgHB6ASK
gLRORwBCiAIzwIoBQoPgD4qAtE5HAIgCQjP2QUaKAYTAda+IAl7DVleL+Ivx61c8JXVJik4BhMl0
QopWAoTSdDsPvsGD6DCD+Al+BWoHWesCM8krwQ++yoPpMIP5CX4Fagda6wIz0sDgBCrCAsGIB0f/
TCQMdBeDxgPrCogHR0b/TCQMdAiKBoTAdaOIB19ew1WL7FGLRQyDIABTVot1CIX2V3QFgD4AdQW+
+NxFAGoBVujqLwAAWY1EQAFQ6OjM+/9Zi9hZi9OLzuj+/v//iz0s0EUAjUUIUL7ETkcAVmgBAACA
/9eFwHQbU+iEzfv/VmhUT0cA6BrT+/+LTQyDxAyJAeszjUX8UFP/dQj/1/91CIv4/xUA0EUAhf9T
dB1WaBxPRwDo69L7/4tNDFOJAeg/zfv/g8QQM8DrCegzzfv/i0X8WV9eW8nDVYvsg30IAHQe/3UQ
6EYvAABZQFD/dRBqAWoA/3UM/3UI/xUw0EUAXcODfCQEAHQZagSNRCQQUGoEagD/dCQY/3QkGP8V
MNBFAMNVi+xRVot1CIX2V3QFgD4AdQW++NxFAGoBVujuLgAAWY1EQAFQ6OzL+/9Zi/hZi9eLzugC
/v//izUI0EUAjUX8UGjETkcAaAEAAID/1oXAdAaDZQgA6xuNRQhQV/91/P/WhcB0BINlCAD/dfz/
FQDQRQBX6GjM+/+LRQhZX17Jw1WL7FFRM8A5RQhTVw+EgQAAAFaLNQTQRQCNTfxRUI1N+FFQ/3UM
/3UI/9aFwHVhg334AXVbi338R2oBV+hVy/v/WVmL2I1F/FBTjUX4UGoA/3UM/3UI/9aFwHUtg334
AXUnOX38chdosAAAAGicT0cAaIhPRwDoSjEAAIPEDItF/MYEAwCLw+sJU+jRy/v/WTPAXl9bycNV
i+xRUYN9CADHRfwEAAAAdC2NRfxQjUX4UI1FCFBqAP91DP91CP8VBNBFAIXAdQ+DffwEdQmDfQgE
i0X4dAOLRRDJw1WL7IPsEFOLXQhXi30MV1PoEP///4XAWVmJRfAPhKkAAABWagBoxE9HAFfo9c77
/4PO/1ZQU4lF/Oh+/////3X8iUX06DzL+/+DxBw5dfR1BDP262pqAGi8T0cAV+jDzvv/VlBTiUX8
6E//////dfyJRfjoDcv7/4PEHDl1+HTRagBotE9HAFfomM77/74AAACAi/hWV1PoIP///1eL2Ojh
yvv/g8QcO950pv91+FP/dfT/dfDoAsH//4PEEIvw/3Xw6L7K+/9Zi8ZeX1vJw1WL7FOLXQhWi3UQ
V/82i30MV1PodP3//2oAaMRPRwBX6DHO+///dgSJRRBQU+iD/f///3UQ6HzK+/9qAGi8T0cAV+gP
zvv//3YMiUUQUFPoYf3//4PEQP91EOhXyvv/agBotE9HAFfo6s37//92CIv4V1PoPf3//1foOMr7
/4PEIF9eW13DVv90JAz/dCQM6ML9//+L8IX2WVl0FldW6MS9//9Wi/joC8r7/1lZi8dfXsMzwF7D
i0QkDP8w/3QkDP90JAzow/z//4PEDMP/dCQE/xUA0EUAw1WL7FGNRfxQaMRORwBoAQAAgP8VCNBF
AIXAdUhWagH/dQjo5CsAAFmNREABUOjiyPv/WYvwWYtNCIvW6Pf6//9W/3X8/xU00EUAVuiOyfv/
Wf91/P8VANBFAP91COjsvP//WV7Jw1WL7FGNRfxQaMRORwBoAQAAgP8VCNBFAIXAdAQzwMnDaghq
AeiFyPv/hcBZWXQJi038g2AEAIkIycNTVot0JBRXjTx2agFX6GLI+/9ZWYvYi0QkEItIBFdTUf8w
jVEBiVAE/xU40EUAhcB1EVaLdCQYi8aLy+ix+v//WesCM/ZT6PPI+/9ZX4vGXlvDVot0JAj/Nv8V
ANBFAFbo2cj7/1lew/90JAxW6MlHAABo0E9HAFbozkcAAFbo6CoAAP90JBwDxmjMT0cAUOgfNgAA
VujRKgAAi0wkKIvQg8QkA9bp7fn//1WL7IPsJFNWV/91FOiwKgAAWWoB/3UIi/hH6KIqAAD/dRCL
8OiYKgAAWY1EBgVZjQRAUOiSx/v//3UQi9j/dQyL8/91CIld5Ohx////g8QUjUX4UGjUT0cAaAEA
AID/FQjQRQCFwHQPU+gmyPv/WTPAQOmnAQAAagFXiX306EjH+/+LNQTQRQBZWY1N9FFQiUX8jUXs
UGoAU/91+P/WhcCJRfAPhCYBAAA96gAAAA+EGwEAAGhISUYA/3UQ6LAsAACFwFlZD4UEAQAAaCCC
RgBT6LtLAACNRBgBiUXojUcKagFQ6OLG+/+DxBCNTfRRUIlF4I1F7FBqAP916Il99P91+P/WhcCJ
RfAPhbcAAACDfewBD4WtAAAAi3X8i33gx0XoAgAAAMYGMEZoEEFGAMYGeFdG6FhLAABZWYvIagSZ
W/f7jVH/iUXc6weD+QF+DUlKi8KD8AOAPDgwdO4z24XJfhSNVDH/i8OD8AOKBDhDiAJKO9l88ItF
3I08hwPxgD8AdAVHxgYsRv9N6MYGAHWV/3UU/3X86NUrAACFwFlZdSH/dfzoFykAAItd5FlAUP91
/GoBagBT/3X4/xUw0EUA6wOLXeT/deDoxsb7/1n/dfj/FQDQRQD/dRT/dfzojisAAP91/Ivw6KfG
+/9T6KHG+/+DxBCBffDqAAAAdByDffAAD4Vm/v//g33sAQ+FXP7//4X2dQQzwOsDagJYX15bycNV
i+xRVmoB/3UI6I8oAAD/dRCL8OiFKAAAWY1EBgVZjQRAUOh/xfv//3UQi/D/dQz/dQjoY/3//4PE
FI1F/FBo1E9HAGgBAACA/xUs0EUAhcB1Jf91FOhDKAAAWUBQ/3UUagFqAFb/dfz/FTDQRQD/dfz/
FQDQRQBW6PPF+/9ZXsnDhcl1Pf90JAT/FeTRRQCFwHUpV4s9dNJFAP/Xg/gCdBr/11DoGbv//1D/
dCQQaPxPRwDoGlP//4PEEF+DDv8zwMNqAlg7yHUHuoAAAADrAjPSagBSM9I7yA+VwgPQUovRK9D3
2hvSg+IDagBSM9I7yA+VwkqB4gAAAMCBwgAAAIBS/3QkHP8VINJFADPJg/j/D5XBiQaLwcNVi+yB
7CQCAABTVlczwDP2Zom13P3//7mEAAAAjb3e/f//86uNRfhQaGxQRwC7EgIAAGgBAACAiV30/xUI
0EUAM/9HhcB1XY1F9FCNhdz9//9QjUXwUFZoXFBHAP91+P8VBNBFAIXAdQU5ffB0B8aF3P3//wD/
dfj/FQDQRQCAvdz9//8AdB2LTQiNhdz9//9QjXX86M/+//+FwFkPhVABAAAz9jk1BOFHAHUzaFBQ
RwDoYrn//zvGWaMI4UcAdBNoPFBHAFD/FdzSRQCjAOFHAOsGiTUA4UcAiT0E4UcAoQDhRwA7xr8w
UEcAdH6Njdz9//9RVlZqHFb/0IXAfCyNhdz9//9XUOhYQwAAi00IjYXc/f//UI11/OhK/v//g8QM
hcAPhckAAAAz9o2F3P3//1BWVmoaVv8VAOFHAIXAfCqNhdz9//9XUOgWQwAAi00IjYXc/f//UI11
/OgI/v//g8QMhcAPhYcAAACLNeDRRQBTjYXc/f//UGgkUEcA/9aLyyvIUY2EBdz9//9QaBhQRwD/
1oXAdCaNhdz9//9XUOi/QgAAi00IjYXc/f//UI11/Oix/f//g8QMhcB1NFONhdz9//9Q/xUs0kUA
jYXc/f//V1Doi0IAAItNCI2F3P3//1CNdfzoff3//4PEDIXAdAWLRfzrA4PI/19eW8nDVYvsgewE
BAAAU2oB6PD9//+L2IP7/1l0QlaLNXDSRQBXvwAEAADrFYN9/AB0JP91/I2F/Pv//1D/VQhZWWoA
jUX8UFeNhfz7//9QU//WhcB11lP/FaDSRQBfXlvJw1WL7FFWagLol/3//4vwg/7/WXQaagCNRfxQ
/3UM/3UIVv8VaNJFAFb/FaDSRQBeycNVi+yD7BRTM9tTjUX8UFNoHwACAFNTU2j4TkcAaAEAAID/
FUDQRQCFwHQIagJY6cEBAABWV7jIAAAAagFQiUX06LrB+/+LNQTQRQBZWYv4jUX0UFeNRexQU2jo
TkcA/3X8/9Y96gAAAHUpV+hZwvv/agH/dfTohcH7/4PEDIv4jUX0UFeNRexQU2joTkcA/3X8/9aD
+AJ0NDvDdRiDfewHdC9o6E5HAP91/P8VPNBFAIXAdBhX6A/C+/9Z/3X8/xUA0EUAagNY6SYBAACI
H4hfAYtN9Ek7y4vHfhEz0jgYdQU4WAF0BkBCO9F88SvHO8F8BYgfiF8BOV0IdQw5XQx1EzP26cIA
AAD/dQjo5iMAAFlA6wIzwItN9APBagFQ6NzA+/85XQhZi/BZiXXwiX34dBb/dQhW6ItAAABW6LUj
AACDxAyNdDABOB90VzldDHQR/3UM/3X46EomAACFwFlZdCr/dfjof/T//zvDWXQdUP8VANBFAP91
+FboR0AAAFbocSMAAIPEDI10BgH/dfjoYiMAAFmLTfiNRAEBOBiJRfh1qYgeK3XwRlb/dfBqB1No
6E5HAP91/P8VMNBFAFeL8OgDwfv/i33wWYtFEDvDdAg783UEiTjrB1fo6sD7/1n/dfz/FQDQRQCL
xvfYG8CD4ARfXlvJw2oA/3QkCP90JAzo+v3//4PEDMNqAP90JAhqAOjp/f//g8QMw1WL7FGNRfxQ
agBqAOjU/f//g8QMhcB0FGoBagLow7/7/1nGAABZxkABAMnDi0X8ycNVi+yB7AwBAABTi10IVos1
ONBFAFe/BQEAAOs2jUX8UI2F9P7//1BT/xUI0EUAhcB1Ev91/OjG////Wf91/P8VANBFAI2F9P7/
/1BT/xU00EUAV42F9P7//1BqAFP/1oXAdLlfXlvJw1WL7IHsEAEAAFNWV2oA6Kv6//9Z6Aiz//+L
NQjQRQCNRfxQaGxQRwC/AQAAgFf/1oXAix0A0EUAdQ7/dfzoVv///1n/dfz/041F/FBooFBHAFf/
1oXAdVZoGNVFAP91/P8VNNBFAGgFAQAAjYXw/v//UGoA/3X8/xU40EUA/3X8iUX4/9ODffgAdCON
RfxQaJRQRwBX/9aFwHUTaIhQRwD/dfz/FTTQRQD/dfz/019eW8nDVYvsg+w0jUXwUP8V3NFFAA+3
RfyJRcwPt0X6iUXQD7dF+IlF1A+3RfaJRdgPt0XySIlF3LhsBwAAZjlF8HILD7dN8CvIiU3g6wSD
ZeAAD7dF9INN6P+DZewAVleJReSLRQhqCVmNdcyL+POlX17Jw1NWVzP/i0QkEI0MeGaLEQ+3wiUA
/v//PQDwAAB0KDP2i1wkFI1GICX/AAAAZjsUQ3QLRoH+AAEAAHzl6wmLVCQYA8JmiQFHgf8AAQAA
fLZfXlvDi0QkBIPgf2aLBEUYZUcAw1aLdCQMuRhmRwBXi3wkDIPI/4kNLOFHALIrD77SO9d1CA++
UQE71nRjg8EEihGE0okNLOFHAHXig3wkFAB1SmoBV1bouP///4PEDIP4/3U5agFW6D9OAABZUFfo
N04AAFlQ6Jn///+DxAyD+P91GmoBV+ggTgAAWVBW6BhOAABZUOh6////g8QMX17DD7dBAuv3agD/
dCQM/3QkDOhf////g8QMw4PsHFNVVleLfCQwg8v/hf+JXCQQD4T/AQAAgD8AD4T2AQAAgz24YUcA
AL64YUcAD4TrAAAAiy67BwEAAOstgz3IqEcAAQ++wH4LU1Do0y8AAFlZ6wyLDcCoRwAPtwRBI8OF
wHU8gD86dDdHigeEwHXN6y6DPcioRwABD77AfgtTUOieLwAAWVnrDIsNwKhHAA+3BEEjw4XAdQ6A
fQA6dAhFikUAhMB1y4A/AHU4i14Egfvp/QAAiVwkEA+EDQEAAIP7/w+EBAEAAIXbD4SrAAAAjUQk
GFBT/xXQ0kUAhcAPhagAAAAPtkUAD7YfUOgkOQAAU4lEJBzoGjkAAFlZi0wkFEVHO8EPhCv///+L
fCQwg8YQgz4AD4UZ////i1wkEA+2B1CL9+jrOAAAg/hjWXUTD7ZHAVDo2zgAAIP4cFl1A413Ag+2
BlDoyTgAAIP4aVl1Iw+2RgFQ6Lk4AACD+GJZdRMPtkYCUOipOAAAg/htWXUDg8YDig6Lxutdge64
YUcAwf4EgcYAAAEAi96LfCQwg/v/dC+B++n9AAB0IoH7AAABAH0ajUQkGFBT/xXQ0kUAhcB0FIN8
JBgBdgNq/VuD+/91CIA/AHQDav5bi8PrTYD5OX8IQIoIgPkwffOAOAB1DTvGdAlW6M0gAABZi9iF
23UI/xXY0UUAi9iD+wF1CP8VzNJFAIvYgfv//wAAfoBq/lvpeP///7jp/QAAX15dW4PEHMNVVot0
JAyD/v+9DOFHAHUUaBxrRwBV6B4pAABZWYvF6YgAAABTM9s781e/AAABAH4VO/d9EVZobG5HAFXo
+CgAAIPEDOsGiB0M4UcAO/e4uGFHAHw/OR24YUcAi8h0SY2WAAD//8HiBI2SuGFHADvKdAmDwRA5
GXX16y07y3Qpi0kMO0gMdAmDwBA5GHX06xiLAOsWOR24YUcAdAw7cAR074PAEDkYdfSLxV9bXl3D
i0QkBIXAfA+D+CVzCsHgBIuAuGFHAMMzwMNVi+yLRQhTi10oVzP/O98PhMIAAAA7QwwPhbkAAAA5
Ow+EsQAAADl9FH0SM8CLTRBmiwxBQGaFyXXziUUUOX0UVot1GH5wiwuFyYtFEGaLFHh0Jg+3wovY
wesIiwyZhcl0FCX/AAAAD74ECIXAdAeLXSiIBusYi10oZoH6gABzBIgW6wqLTSCFyXU3xgYuRovG
K0UYO0UcfBdoqQQAAGiIbkcAaHRuRwDosx8AAIPEDEc7fRR8kIvGK0UYXus1iAZGQYoBhMB19otF
JIXAdMDHAAEAAADruP91JP91IP91HP91GP91FP91EP91DFD/FazSRQBfW13DVYvs/3Uc/3UY/3UU
/3UQ/3UM/3UI/xXE0kUAXcP/dCQI/3QkCP8VwNJFAMNVi+xRUVNWuwABAABXM8A5RRCL+4l9/MdF
+AgAAAB0B8dF+AwAAACDfRACdQrHRfyAAAAAi338i3UIgf7p/QAAdRk7+A+OpwAAAItNDGaJBEFA
O8d89OmWAAAAO/B1CP8V2NFFAOsLg/4BdQj/FczSRQCL8IX2fjuB/gAAAQB9MzPbhf9+a4t9DGoB
V2oBjUUQUP91+IhdEFb/FcTSRQCD+AF0BWbHB/3/Q0dHO138fNjrPotVDIHm//8AAMHmBIvDK4bA
YUcAM8mF/34JZokMSkE7z3z3O8d9FzPJi57EYUcAZoscGWaJHEJAQUE7x3zrX15bycNRU1VWi3Qk
GFdojAAAAP90JBwz7YlsJBjobx77/1Do1fr//4PEDDluCIlGDH8GiW4IiW4EaIsAAAD/dCQc6EYd
+/+D+AJZWYlEJBx1FzluDMdGCLUBAACJbgR/E/8V2NFFAOsIOW4MfwaLRgiJRgw5bgR1MotGCDvF
dCtqAY2eEAQAAFNQ6ID+//+DxAyBfgi1AQAAdUNmgY4OBgAA//9mgQv//+szjYYQBAAAagJQ/3YI
6FP+//+DxAy5gAAAAI2GEAUAAI2RAPH//2aJEEFAQIH5AAEAAHzsOWwkHL+4UEcAdRJqQI2GEgQA
AFdQ6CwhAACDxAxqAY2eEAgAAFNqAegE/v//g8QMg3wkHAG9AAIAAHQZg3wkHAB0Eo1GEGoBUGi1
AQAA6N79///rC1WNRhBTUOjmIAAAi0YMi04Ig8QMO8F1VYN+BAB1C4N8JBwDdASFyXVEjZ4QAgAA
x0QkEAEAAAAzwIvLZokBQEFBg/ggfPVqIFiNjlACAACNkADx//9miRFAQUE9AAEAAHztZseGDgMA
AH8A6xJqAI2eEAIAAFNQ6GD9//+DxAxVjYYQBgAAU1DoZCAAAGpAjYbQBgAAV1DoVSAAADP/g8QY
OT5mx4bOBgAAIAB0JzPtiwaLBCg7x3QHUOj1tvv/WYPFBIH9AAQAAHzl/zbo4rb7/1mJPjl8JBAP
hakAAACJfCQQi+sPt0UAi8iB4QD8//+B+QDYAAB0eyUA/v//PQDwAAB0bzk+dR1qBGgAAQAA6NW1
+/9oAAQAAFdQiQboLiUAAIPEFA+2RQGL+IsGwecCgzwHAHUlagFoAAEAAOintfv/iw6JBA+LBmgA
AQAAagD/NAfo+CQAAIPEFIsOiwwPilQkEDPAikUAJf8AAACIFAgz//9EJBBFRYF8JBAAAQAAD4xd
////M8CL02aLCmaD+SByF2aD+X9yB2aB+aAAcgrGhAYQCgAA/+sHiIQGEAoAAEBCQj0AAQAAfM+D
fCQcAXQGOXwkHHUYaADwAACNhhAIAABQjUYQUOjj9v//g8QMvwDxAABXja4QBAAAVVPozfb//1eN
RhBVUOjC9v//V1WNvhAGAABX6LT2//+DxCSDfCQcAXQHg3wkHAB1Jr0A8AAAVY2GEAgAAFBT6JD2
//9VjYYQCAAAUFfogvb//4PEGOsFvQDwAACDfgQAdBGLRgg7Rgx0CWbHhsgCAABc8IN8JBwED4Sg
AAAAjYZQAwAAx0QkHGAAAABmiwgPt9GL2r8A/v//I9873XQhZoH5oAByGmaB+QABcxMPvorwY0cA
ugAPAAArymaJCOsFugAPAABAQP9MJBx1v2pgWY2G0AYAAA+3GCPfO910DA++mZRkRwAr2maJGEFA
QIP5f3zjuYAAAACNhhABAAAPtzAj9zv1dAwPvrGIY0cAK/JmiTBBQECB+QABAAB84F9eXVtZw1WL
7IHsBAEAAIN9EABTVleLPdDRRQC+BAEAAHQWjYX8/v//UFb/14XAdAQ7xnIEg2UQAItdCIXbi0UM
xwBMAAAAdAmAOwB0BIvL6wIzyYN9FACJSCxQdAj/FfTURQDrBv8V8NRFAIXbiUUMdA9TVv/XhcB0
BDvGcgPGAwCDfRAAX15bdA2Nhfz+//9Q/xXU0UUAi0UMycOLRCQEi0AQM8mD+AF1Bbkob0cAg/gC
dQW5/G5HAIP4A3UFudRuRwCD+AR1Bbm0bkcAg/gFdQW5nG5HAIXJdA5R/zVc5UcA6FKd//9ZWcIE
AFWL7IPsKKF45UcAg2X8AItNEIlF4KFc5UcAiUXci0UIiUXki0UMiUXoi0UUhcDHRdgoAAAAx0X4
aAlFAIlF9IlN7HQN6O6c//+FwHQEgE3tQI1F2FD/FRjTRQDJw2oFakBoYHFHAGhYb0cA6JD///+D
xBDDVlcz/zP2i8bB4AJqA1mZ9/lqAQUAAgAAi/BWV+i7svv/g8QMVov4V/90JBj/dCQY/xVU1EUA
jUb/UGoAV+iCHwAAg8QMhcB0vYvHX17DVYvsg+wgVot1CIoGhMB0NYM9yKhHAAEPvsB+DGoIUOgP
JQAAWVnrDYsNwKhHAA+2BEGD4AiFwHQHRooGhMB10IA+AHUmi0UMM8k7wXQCiQiLRRA7wXQCiQiL
RRQ7wQ+EVwIAAIkI6VACAABTV2oBVuixFAAAWUBQ6LKx+/9ZWWoEVov46J0UAABZUOifsfv/WVlq
BFaJRfDoiRQAAFlQ6Iux+/+DZfgAgD4AWVmJReCL3ol9CA+ErQEAAIt98Cv4i/CJfezrBot97It1
6IoDhMAPhJEBAACDPcioRwABD77AfgxqCFDoSCQAAFlZ6w2LDcCoRwAPtgRBg+AIhcB0B0OKA4TA
ddCAOwAPhFgBAACLRQj/RfiJBDeJHoPGBINl9ACJdejpIgEAAIN99AB1LYM9yKhHAAEPvsB+DGoI
UOjvIwAAWVnrDYsNwKhHAA+2BEGD4AiFwA+F+QAAAIoDPCJ0EjxcdA6LTQj/RQiIAUPp1wAAADP2
IXX8PFx1B0ZDgDtcdPmAOyJ1Ev9F/EOAOyJ094N9/ACJXeR1KIX2D4SoAAAAi30Ii86L0cHpArhc
XFxc86uLyoPhAwF1CPOq6YgAAACD/gJ8J4t9CIvW0eoBVQiLyovZwekCuFxcXFzzq4vLi13kg+ED
99rzqo00VoX2dAyLRQj/Tfz/RQjGACKLRfyFwH5Fg330AHUESIlF/GoDQF47xnwlM9KLzvfxi30I
i8iJTeSL0cHpArgiIiIi86uLyiPO86qLwgFFCItF/Jn3/vfaG9JCiVX0igOEwA+F1P7//4tFCP9F
CMYAAIA7AA+FX/7//2oE/3X4/3Xw6Bmw+/9qBP91+Ivw/3Xg6Aqw+/+L+ItFDIPEGIXAdAWLTfiJ
CItFEIXAdASJMOsHVuhTsPv/WYtFFIXAdASJOOsHV+hBsPv/WV9bXsnDaJMAAAD/dCQM6CoY+/+L
AIA4AFlZdAxQ/3QkCOhvBwAAWVnDi0QkBItMJAiLEFaLMTvWdgUzwEBew3MFg8j/XsNqBoPBBFGD
wARQ6Ig4AACDxAxewzPAQMNTVlcz22ooQ1PoCq/7/zlcJBxZWYvwdUlqEFhTUIkeiUYI6PGu+/+D
ZhQAWVmJRgQz/zl+CH4R6Emm/f+LTgSIBA9HO34IfO9W/3QkFOgVuP7/O8ZZWXXYg2YYAOmmAAAA
agJfOXwkFHQUanho6HFHAGjUcUcA6MwUAACDxAxqEFhTUIk+iUYI6Iuu+/9TaghbU4lGBOh+rvv/
U2oAUIlGFOjZHQAAg8QcM/85fgh+GTv7dQQzwOsF6Mil/f+LTgSIBA9HO34IfOdT/3YE/3YU6EoY
AACLRgRT/3YUg8AJUOhpav3/Vv90JCzoeLf+/4PEIDvGdbNoXA1FAOjzsf7/M9tZiUYYQ4sG/zSF
eHFHAOhBsvv/iUYMi0YIjUQAAVNQ6PKt+/8z24PEDDP/OV4IiUYQfiKLRgQPtgQ4UItGEI0EeGgc
GEYAUOgJHAAAg8QMRzt+CHzeX4leHIleJIleIIvGXlvDVot0JAiLRgSFwHQL/3YIUOjnov//WVn/
dgToXa77//92DOhVrvv//3YQ6E2u+///dhToRa77/4tGGIPEEIXAdCxqAFDoTr3+/1lZ6xNQ6Cmu
+/9qAP92GOg6vf7/g8QMhcB16f92GOhrsf7/WVboCa77/1lew1aLdCQIiwZXi3wkEIsPO8F9BYPI
/+tNfgUzwEDrRoP4AXUVi0YIi08IO8F85X/qUP93BP92BOskg/gCdBdouwAAAGjocUcAaPRxRwDo
GhMAAIPEDGoI/3cU/3YU6EI2AACDxAxfXsNVi+xRUVNWVzP/aixHV+jCrPv/i/CLRQgz2zvDWVl0
BzgYdANQ6x/oEaH//zvDiUUIdAQ4GHUY/3UI6GCt+//HBCQYckcA6Miw+/9ZiUUIi0UIgDgvdReD
Tgj/iUYQiT6JXgSJXgyJXhTp+AEAAGo6UOgsqvv/i/g7+1lZdRVW6But+///dQjoE637/zPA6SAC
AACIH0dqLleJffjoCxAAADvDWVmJRfx0BogYQIlF/FfouREAADld/FmJRgh0Dv91/OioEQAAWYlG
DOsDiV4Mi30Ii8c5RfiJXfx2GGovUOjHDwAAO8NZWXQKi8+IGIlN/I14ATgfdAlX6BSw+/9Z6wIz
wDld/IlGBHQvaOiBRgD/dfzoYxEAAIXAWVl0F2gQckcA/3X86FARAACFwFlZdAQzwOsjM8BA6x44
H3QVaBByRwBX6DIRAACFwFlZdASJHusHoXRxRwCJBjleBHUSOR51Dmh4gUYA6KWv+/9ZiUYE/3UI
iV4QiV4U6B+s+/85HlkPhd0AAACLRghT/3UMjU4cBXAXAABRUP92BIlGGOipwfv/UIlGFOgTd/v/
g8QYhcB0KP92FOistP///3YE6Nqr+///dhDo0qv7/1bozKv7/4PEEDPA6dgAAAA5Hg+FgQAAAP92
FOj3sv//hcBZdHD/dghT6LC7//9QiUUI6L12+/+DxAw7w3U4jUX4UFNTU1NT/3UIx0X4hHFHAOh+
tP//WVDoQrz//4v4iwdX/1AciUX8iwdX/1AEg8QkOV38dAr/dQjoHrT//+sU/3YU6BS0//+LRQjH
BgEAAACJRhRZOR50OTleFHUQ/3YI/3YQ6DW7//9ZWYlGFItGEDvDdAhQ6Iuu+//rDv92CGgIckcA
6Kmw+/9ZWYlGHIleGP91DIleIFaJXiSJXijos/r//4vGWVlfXlvJw1aLdCQI/3YE6Niq+///dhDo
0Kr7/4tGJIXAWVl0C/92KFDoPp///1lZ/3Yk6LSq+///dhTodrP//1bopqr7/4PEDF7DVYvsg+ws
U1ZXaMBxRwD/dRSL2Ivx6GQPAACFwFlZdQ/HRdQBAAAAiV3ciXXY6yForHFHAP91FOhCDwAAhcBZ
WQ+FpgEAAMdF1AIAAACJdehqAI1F1FD/dRDopLT+/4v4g8QMhf91CrhMc0cA6YABAACDPwIPhWkB
AACD+xh0Crggc0cA6WgBAACDfQz/dQq45HJHAOlYAQAAi0cEahiDwAlWUOiTZf3/aghW/3cE6Isy
AACDxBiFwHV+M8mNRgiKKIlF/A+2RgqKTgnB4QgLyA+2RgvB4QgLyDtNCHVaM8CKZgyKRg07RQx1
TQ+2RhAz24p+DmoSil4PweMIC9gPtkYRweMIC9hYgDwwAHUqQIP4GHz0agDoZToAAIvLK8hR6F03
AAA9sAQAAFlZfhS4tHJHAOm5AAAAuIxyRwDprwAAAGoMagHojKj7/4vwagb/dfyNRgRQiR7ogRIA
AIPEFIN/GAB1F2isAQAAaOhxRwBodHJHAOiMDgAAg8QMVv93GOigsf7/O8ZZWXQOVugPqfv/WbhQ
ckcA61dqAP93GOjBsf7/i/CF9llZdRdotQEAAGjocUcAaEByRwDoRg4AAIPEDIvDKwY9sAQAAHYV
agD/dxjo5Lf+/1Dow6j7/4PEDOu3i0UYiTgzwOsFuBxyRwBfXlvJw1WL7IPsUItFCFYz9jkwiXX0
dRT/cBTo1a///4XAWcdF+AEAAAB1A4l1+GjA6kYA/3UM6NkMAAA7xllZiUX8D4QtAgAA6Cy4//9q
AWgEAAQAiUXk6Imn+/9ZWVOJRehX/3X86GUMAACD+P9ZD4TUAQAA/3X8D7bw6FAMAACD+P9ZD4S/
AQAAi33oD7bAweYIC/CJdewz2/91/OguDAAAg/j/WQ+EnQEAAP91/A+2wI10HcCJBugTDAAAg/j/
WQ+EggEAAIsOD7bAweEIC8iJDol8HdDHRfAAAAAAfh//dfzo6AsAAIP4/1kPhFcBAACIB0f/RfCL
RfA7BnzhxgcAg8MER4P7EHyPi3UIM9s5XggPjCcBAAD/ddToXgwAADlGCFkPhRUBAAAz/0f/NL14
cUcA/3XY6E8MAACFwFlZdAZHg/8DcuWD/wMPhO4AAAA5Xex0fIN97AZ0QYF97AABAAAPhdYAAAA5
HnUJOV34D4TJAAAAOV3kD4TAAAAA/3XQ/3Xk6AEMAACFwFlZD4WrAAAAx0X0AQAAAOt5OR4PhZoA
AAD/dhTo3a7//4P4AlkPhYgAAACNRbBQ/3YU6Pau//+DfcAQWVl1dGoQjUWw6ys5HnVp/3YU6Kyu
//+D+AFZdVuNReBQ/3YU6Mmu//+DfcAEWVl1R2oEjUXgUP910OhFLwAAg8QMhcB1Mjld+A+UwIlF
9P92JIl+IOiNpvv/i33MagFX6Lil+/9X/3XciUYkUOiyDwAAg8QYiX4oOV30D4Qa/v///3X86CkK
AADHBCQEAAQA/3Xo6M+a////dejoR6b7//915Og/pvv/g8QQX1teycNW/3QkFIt0JAz/dCQU/3ZM
6BaM/P+DxAyFwH4Yg2ZAAMdGOAEAAACLdlCLBmoBVv9QGFlZM8BAXsP/dCQIi0QkCP9wTOjSgvz/
WVnDVot0JAiF9nQ3i0YYhcB0EFDo1aX7//92HOjNpfv/WVmDflAAdAqLRlCLCFD/UQRZ/3ZE6LOl
+/9W6K2l+/9ZWV7Di0QkBIXAdB6LSFCDYDgAhcl0EzPSOVA8D5XCi8KLEVBR/1IYWVnDi0QkBIXA
dCiLSFCFyYtUJAiJUDx0GoN4OAB1CIXSdQQzwOsDM8BAixFQUf9SGFlZw1WL7FFRU1b/dQj/NRDV
RQBobHNHAOjYqvv/UIlF+OhbBwAAi9iNQw1qAVCJXfzoVKT7/4vwikX8iEYBagSNRwZQjUYCg8MD
UIPj/MYGAOg7DgAAg8QkgH8EQovDdQ3B+AqIRgaLw8H4AusLwfgCiEYGi8PB+ApTiEYHjUYIagBQ
6GkTAAD/dfyNRgj/dfhQ6PoNAACDwwhTVv93TOikivz//3dM6AmB/P+DZ0AAVuiepPv//3X46Jak
+/+DxDBeW8nDVYvsg+wQg30IAHREjUX8UI1F+FCNRfRQjUXwUGiIOkYA/3UI6KYpAACDxBiD+AR1
H4tF8ItNDMHgCAtF9MHgCAtF+MHgCAtF/IkBM8BAycMzwMnDi0QkBIN4UAB0C4tAUIsIUP9REFnD
i0BMhcB0B1DoeoD8/1nDVjP2Rv80tXhxRwD/dCQM6OAIAACFwFlZdAtGg/4DcuSDyP9ew4vGXsNV
i+yD7AxTi10IVldT6AkGAACL8NHuagFW6Aaj+/+DxAwz/4X2iUX0fjiKBHuDZfgAiEX8ikR7AYhF
/Y1F+FCNRfxogHNHAFDGRf4A6N0oAACKRfiLTfSDxAyIBA9HO/58yItFDF+JMItF9F5bycNVi+yD
7ExTVot1FIsEtXhxRwBXUIlF9OiQBQAAjXgDg+f8g/4BWYlFFHULi0UYi10c6aoAAACD/gIPhZwA
AACDfRwQD4WSAAAAg2X4AI1F+FD/dSDol/7//2oYW1ONRbRqAFCJRfzosREAAIt1GGoIjUW0VlDo
QgwAAItF+IvIwekYiE28i8jB6RCITb2LyMHpCIhFv4tFJIhNvovIwfkIagCITcCIRcHosTMAAIvI
wfkYiE3Ci8jB+RCITcOLyIhFxVONRbRQwfkIg8YJVohNxOgVXv3/g8Qw6wiNRbQz24lF/I1DA4Pg
/I1EOAxqAVCJRfjovaH7//91+IvwagBW6BcRAACLRQiDxBSIBoP4QotFDHU0i8jB+QiIRgOLRRCI
TgKLyMH5CIhGBYtFFIhOBIvIiEYHwfkIi8PB+AiITgaIRgiIXgnrLIhGAsH4CIhGA4tFEIhGBMH4
CIhGBYtFFIhGBsH4CIhGB4vDwfgIiF4IiEYJ/3UUjUYM/3X0UOg4CwAAU/91/I1EPgxQ6CoLAACN
RbRqQFDoYpb//4tFKItN+IPEIF+JCIvGXlvJw1WL7IN9DAB0OleLfQiDf0AAdCBW/3UMaIRzRwDo
UKf7/4vwVuhW/P//Vuihofv/g8QQXv91DP93TOgTfvz/WVlf6xGLRQiLQEyFwHQHUOjeffz/WTPA
QF3DVYvsVmpUagHooKD7/4vwM8A5RRBZWYtNCIlOEItNDMcGmHFHAIlGGIlGNIlGIIlGPIlGOMdG
QAEAAACJTkyJRhSJRlB0Cf91EOidpPv/WYlGRItFFIlGSIvGXl3DVYvsg+wsVleLfQgz9jv+dCfr
GotHIIP4DH0Xi00Mign/TRCITDgE/0cg/0UMOXUQf+GDfyAMfQczwOmsAgAAOXcYU7NCdWGKTwQz
wDrLdQiKZwqKRwvrBopnC4pHCjrLiUckdQozyYpvDIpPDesIM8mKbw2KTwyDwAOJTyyD4PyDwQOD
4fyJRyhAagFQiU8w6Luf+/9qAf93MIlHGOiun/v/g8QQiUccOXUQflaLTyiLRyCDwQw7wX1Ei1UM
ihL/TRCLTxiIVAH0/0cg/0UMOXUQf9nrKItPKItXMItHII1UCgw7wn0ci1cc/00QK9GLTQyKCYhM
AvT/RyD/RQw5dRB/04tHMItPKI1ECAw5RyB9BzPA6dEBAAA5dzQPhbYBAACKRwQzyTrDiXX0dQiK
bwaKTwfrBopvB4pPBjrDiU38dQozwIpnCIpHCesIM8CKZwmKRwg5d1CJRQi76HFHAHQTaHADAABT
aMBzRwDoDQUAAIPEDItHJItPGMYECACNRfhQ/3dEiXX46P36//+FwFlZdAWLR0jrA4PI/41N9FH/
dxiLTxz/dxBQ/3X4i0cs6MT0//+DxBQ7xnQMUOgH+v//WelK////i3X0hfZ1E2iBAwAAU2iwc0cA
6KAEAACDxAyLRiCFwHQr/3UQD7ZPBP91DP91CP91/FH/d0j/d0T/diRQ/3dM6Ogq/P+DxCjp/v7/
//93TOiKd/z/i0Yc/3dMiUcUi/Do1x78/1lZUFczwFBQM9tDU1D/dhj/dhz/dhTo1af//1lQ6M7G
+/+JR1CLCFD/URyDxCiFwHQhUGiEc0cA6FKk+/+L8FboWPn//1boo577/4PEEOmT/v//jUXUaHCb
RgBQ6IodAACLRxSNTQhRagCNTdRR/3Ao/3Ak/3AgD7ZHBP91CP91/FDo6Pr///91CIvwi0dQiwhW
UP9RCP91CFboz5L//4PEQFboRp77/1mJXzT/dRCLf1D/dQyLB1f/UAiDxAxbX17Jw/8lGNFFAP8l
KNFFAP8lJNFFAP8lINFFAP8lHNFFAP8l2NRFAP8l1NRFAP8l0NRFAP8lzNRFAP8lyNRFAP8lxNRF
AP8l3NRFAP8l4NRFAMzMzMzMzMzMzMyLTCQE98EDAAAAdCSKAYPBAYTAdE73wQMAAAB17wUAAAAA
jaQkAAAAAI2kJAAAAACLAbr//v5+A9CD8P8zwoPBBKkAAQGBdOiLQfyEwHQyhOR0JKkAAP8AdBOp
AAAA/3QC682NQf+LTCQEK8HDjUH+i0wkBCvBw41B/YtMJAQrwcONQfyLTCQEK8HDzMzMzMxVi+xX
VlOLTRDjJ4vZi30Ii/czwPKu99kDy4v+i3UM86aKRv8zyTpH/3cFdAWD6QL30YvBW15fycPMzMzM
zMzMjUL/W8ONpCQAAAAAjWQkADPAikQkCFOL2MHgCItUJAj3wgMAAAB0FYoKg8IBONl0z4TJdFH3
wgMAAAB16wvYV4vDweMQVgvYiwq///7+fovBi/czywPwA/mD8f+D8P8zzzPGg8IEgeEAAQGBdRwl
AAEBgXTTJQABAQF1CIHmAAAAgHXEXl9bM8DDi0L8ONh0NoTAdO843HQnhOR058HoEDjYdBWEwHTc
ONx0BoTkdNTrll5fjUL/W8ONQv5eX1vDjUL9Xl9bw41C/F5fW8NWi3QkCItGDFeDz/+oQHQFg8j/
6zqog3Q0VujODgAAVov46NovAAD/dhDoHy8AAIPEDIXAfQWDz//rEotGHIXAdAtQ6KMfAACDZhwA
WYvHg2YMAF9ew4tUJAT/SgR4CYsKD7YBQYkKw1Lovi8AAFnD6P0xAACFwHULxwU84UcAGAAAAMNQ
/3QkEP90JBD/dCQQ6HQwAACDxBDDakD/dCQM/3QkDOjH////g8QMw1aLdCQI6wFGD7YGUOgmMgAA
hcBZdfEPtg5Gg/kti9F0BYP5K3UED7YORjPAg/kwfAqD+Tl/BYPpMOsDg8n/g/n/dAyNBICNBEEP
tg5G692D+i1edQL32MPpo////8zMzMzMzMzMi1QkBItMJAj3wgMAAAB1PIsCOgF1LgrAdCY6YQF1
JQrkdB3B6BA6QQJ1GQrAdBE6YQN1EIPBBIPCBArkddKL/zPAw5AbwNHgg8ABw/fCAQAAAHQYigKD
wgE6AXXng8EBCsB03PfCAgAAAHSkZosCg8ICOgF1zgrAdMY6YQF1xQrkdL2DwQLriFWL7IHsLAMA
AKEgrEcAiUX8oZThRwBTM9uD+AFWD4RzAwAAO8N1DYM9FKxHAAEPhGIDAACNheD9//9o9HRHAFDo
UxkAAP81kKhHAI2F4P3//1DoURkAAI2F4P3//2jodEcAUOhAGQAAg8QYaAQBAACNhdj8//9QU4id
3P3///8VmNJFAIXAdRONhdj8//9o0HRHAFDo/xgAAFlZjbXY/P//i8ZQ6B/8//+DwAuD+DxZdiaL
xlDoDvz//4vwjYXY/P//agP/NYioRwCD6DED8FbogyYAAIPEEFeNheD9//9WUOjCGAAA/zWMqEcA
jYXg/f//UOiwGAAAjYXg/f//aMh0RwBQ6J8YAACLfQxX6Lb7//+DxByDwAiD+DxXD4YFAQAA6KH7
//+L8IpEPv8z0kI8XFl0FI1MPv88L3QMO9ZzCEJJigE8XHXwi94r2oP7I3Yyg/oRcypqMVgrwlCN
heD9//9XUOjeMwAA/zWIqEcAjYXg/f//UOgsGAAAA99T6zuD+yNzR2oxWNHqK8JQjYXg/f//V1CJ
ldT8///opzMAAP81iKhHAI2F4P3//1Do9RcAACu11Pz//wP3Vo2F4P3//1Do4BcAAIPEHOtoaiCN
heD9//9XUOhsMwAA/zWIqEcAjYXg/f//UOi6FwAAagcD342F4P3//1NQ6EkzAAD/NYioRwCNheD9
//9Q6JcXAACNRD75UI2F4P3//1DohhcAAIPEMOsOjYXg/f//UOh1FwAAWVn/NYyoRwCNheD9//9Q
6GEXAACNheD9//9owHRHAFDoUBcAAIPEEI2F4P3//2oKUOhf+v//WY2EBeD9//9Q/3UQ6JoyAAD/
NZCoRwCNheD9//9Q6BwXAACNheD9//9osHRHAFDoCxcAAP91COgj+v//i/CNheD9//9Q6BX6//+N
hAawAAAAg8QkPRwCAABfjYXg/f//djRQ6Pf5//+5aQEAACvIUf91CI2F4P3//1DoYDIAAP81iKhH
AI2F4P3//1DorhYAAIPEGOsL/3UIUOigFgAAWVn/NZCoRwCNheD9//9Q6IwWAACNheD9//9oQHRH
AFDoexYAAP81kKhHAI2F4P3//1DoaRYAAI2F4P3//2j8c0cAUOhYFgAAaBIgAQCNheD9//9o1HNH
AFDodzAAAIPELIP4A3UPahboPy8AAFlqA+h2JgAAg/gEdQ3Mi038XlvoITMAAMnDg/gFdTzr7Wb3
BdypRwAMAb7QqUcAdQ1TagRTVugqLgAAg8QQ/3UQ/3UM/3UIaGCoRwBW6NwUAABW6OMJAACDxBjp
UCAAAMzMzFWL7FdWi3UMi00Qi30Ii8GL0QPGO/52CDv4D4J8AQAA98cDAAAAdRTB6QKD4gOD+Qhy
KfOl/ySV/CdFAIvHugMAAACD6QRyDIPgAwPI/ySFECdFAP8kjQwoRQCQ/ySNkCdFAJAgJ0UATCdF
AHAnRQAj0YoGiAeKRgGIRwGKRgLB6QKIRwKDxgODxwOD+QhyzPOl/ySV/CdFAI1JACPRigaIB4pG
AcHpAohHAYPGAoPHAoP5CHKm86X/JJX8J0UAkCPRigaIB4PGAcHpAoPHAYP5CHKI86X/JJX8J0UA
jUkA8ydFAOAnRQDYJ0UA0CdFAMgnRQDAJ0UAuCdFALAnRQCLRI7kiUSP5ItEjuiJRI/oi0SO7IlE
j+yLRI7wiUSP8ItEjvSJRI/0i0SO+IlEj/iLRI78iUSP/I0EjQAAAAAD8AP4/ySV/CdFAIv/DChF
ABQoRQAgKEUANChFAItFCF5fycOQigaIB4tFCF5fycOQigaIB4pGAYhHAYtFCF5fycONSQCKBogH
ikYBiEcBikYCiEcCi0UIXl/Jw5CNdDH8jXw5/PfHAwAAAHUkwekCg+IDg/kIcg3986X8/ySVmClF
AIv/99n/JI1IKUUAjUkAi8e6AwAAAIP5BHIMg+ADK8j/JIWcKEUA/ySNmClFAJCsKEUA0ChFAPgo
RQCKRgMj0YhHA4PuAcHpAoPvAYP5CHKy/fOl/P8klZgpRQCNSQCKRgMj0YhHA4pGAsHpAohHAoPu
AoPvAoP5CHKI/fOl/P8klZgpRQCQikYDI9GIRwOKRgKIRwKKRgHB6QKIRwGD7gOD7wOD+QgPglb/
///986X8/ySVmClFAI1JAEwpRQBUKUUAXClFAGQpRQBsKUUAdClFAHwpRQCPKUUAi0SOHIlEjxyL
RI4YiUSPGItEjhSJRI8Ui0SOEIlEjxCLRI4MiUSPDItEjgiJRI8Ii0SOBIlEjwSNBI0AAAAAA/AD
+P8klZgpRQCL/6gpRQCwKUUAwClFANQpRQCLRQheX8nDkIpGA4hHA4tFCF5fycONSQCKRgOIRwOK
RgKIRwKLRQheX8nDkIpGA4hHA4pGAohHAopGAYhHAYtFCF5fycPMzMyLRCQMU4XAdFKLVCQIM9uK
XCQM98IDAAAAdBaKCoPCATLLdHKD6AF0MvfCAwAAAHXqg+gEchJXi/vB4wgD34v7weMQA9/rG1+D
wAR0DooKg8IBMst0QIPoAXXyW8OD6ARy5YsKM8u///7+fgP5g/H/M8+DwgSB4QABAYF04ItK/DLL
dCMy63QZwekQMst0DDLrdALryF+NQv9bw41C/l9bw41C/V9bw41C/F9bw1aLdCQIgz3IqEcAAQ+2
Bn4MaghQ6PcEAABZWesNiw3AqEcAD7YEQYPgCIXAdANG69RqAGoAVujI9P//WVBW6LQuAADdQBCD
xBBew1WL7IPsIFaLdQhXjUUQUP91DI1F4FDHReT///9/x0XsQgAAAIl16Il14Oi4MAAAg8QMhfaL
+HQa/03keAiLReDGAADrDY1F4FBqAOjzLgAAWVmLx19eycO4WWdFAKMwrEcAxwU0rEcAIWRFAMcF
OKxHAIZkRQDHBTysRwDJY0UAxwVArEcAbGRFAKNErEcAw+jD////6Ho8AACDfCQEAKM04UcAdAXo
FzwAANviw8zMVYvsg+wgg+Tw2cDZVCQY33wkEN9sJBCLVCQYi0QkEIXAdDze6YXSeR7ZHCSLDCSB
8QAAAICBwf///3+D0ACLVCQUg9IA6yzZHCSLDCSBwf///3+D2ACLVCQUg9oA6xSLVCQU98L///9/
dbjZXCQY2VwkGMnDzMzMi1QkDItMJASF0nRPM8CKRCQIV4v5g/oEcjH32YPhA3QMK9GIB4PHAYPp
AXX2i8jB4AgDwYvIweAQA8GLyoPiA8HpAnQG86uF0nQKiAeDxwGD6gF19otEJAhfw4tEJATDVYvs
V1aLdQyLTRCLfQiLwYvRA8Y7/nYIO/gPgnwBAAD3xwMAAAB1FMHpAoPiA4P5CHIp86X/JJW8LUUA
i8e6AwAAAIPpBHIMg+ADA8j/JIXQLEUA/ySNzC1FAJD/JI1QLUUAkOAsRQAMLUUAMC1FACPRigaI
B4pGAYhHAYpGAsHpAohHAoPGA4PHA4P5CHLM86X/JJW8LUUAjUkAI9GKBogHikYBwekCiEcBg8YC
g8cCg/kIcqbzpf8klbwtRQCQI9GKBogHg8YBwekCg8cBg/kIcojzpf8klbwtRQCNSQCzLUUAoC1F
AJgtRQCQLUUAiC1FAIAtRQB4LUUAcC1FAItEjuSJRI/ki0SO6IlEj+iLRI7siUSP7ItEjvCJRI/w
i0SO9IlEj/SLRI74iUSP+ItEjvyJRI/8jQSNAAAAAAPwA/j/JJW8LUUAi//MLUUA1C1FAOAtRQD0
LUUAi0UIXl/Jw5CKBogHi0UIXl/Jw5CKBogHikYBiEcBi0UIXl/Jw41JAIoGiAeKRgGIRwGKRgKI
RwKLRQheX8nDkI10MfyNfDn898cDAAAAdSTB6QKD4gOD+QhyDf3zpfz/JJVYL0UAi//32f8kjQgv
RQCNSQCLx7oDAAAAg/kEcgyD4AMryP8khVwuRQD/JI1YL0UAkGwuRQCQLkUAuC5FAIpGAyPRiEcD
g+4BwekCg+8Bg/kIcrL986X8/ySVWC9FAI1JAIpGAyPRiEcDikYCwekCiEcCg+4Cg+8Cg/kIcoj9
86X8/ySVWC9FAJCKRgMj0YhHA4pGAohHAopGAcHpAohHAYPuA4PvA4P5CA+CVv////3zpfz/JJVY
L0UAjUkADC9FABQvRQAcL0UAJC9FACwvRQA0L0UAPC9FAE8vRQCLRI4ciUSPHItEjhiJRI8Yi0SO
FIlEjxSLRI4QiUSPEItEjgyJRI8Mi0SOCIlEjwiLRI4EiUSPBI0EjQAAAAAD8AP4/ySVWC9FAIv/
aC9FAHAvRQCAL0UAlC9FAItFCF5fycOQikYDiEcDi0UIXl/Jw41JAIpGA4hHA4pGAohHAotFCF5f
ycOQikYDiEcDikYCiEcCikYBiEcBi0UIXl/Jw1WL7FGLRQiNSAGB+QABAAB3DIsNwKhHAA+3BEHr
W4vIwfkIVos1wKhHAA+20fZEVgGAXnQPagKIRf2ITfzGRf4AWOsKiEX8M8DGRf0AQGoB/zX04UcA
jU0K/zUE4kcAUVCNRfxQagHoDDgAAIPEHIXAdQLJww+3RQojRQzJw1NWi3QkDItGDIvIgOEDM9uA
+QJ1OmapCAF0NItGCFeLPiv4hf9+J1dQ/3YQ6IM5AACDxAw7x3UPi0YMhMB5D4Pg/YlGDOsHg04M
IIPL/1+LRgiDZgQAiQZei8Nbw1aLdCQIhfZ1CVboLAAAAFlew1boi////4XAWXQFg8j/XsP2Rg1A
dA//dhDoFzsAAFn32BvAXsMzwF7DU1ZXM/Yz2zP/OTUg+UcAfk2hFOlHAIsEsIXAdDiLSAz2wYN0
MIN8JBABdQ9Q6JP///+D+P9ZdB1D6xqDfCQQAHUT9sECdA5Q6Hj///+D+P9ZdQIL+EY7NSD5RwB8
s4N8JBABi8N0AovHX15bw2oB6Iz///9Zw4M4AFaL8nQWV4oWhNJ0Dos5iBf/AUb/CIM4AHXsX17D
VYvsUVNWi/Iz0jlVCIlV/HQ1gzkBizd2GWoKmVv3+4DCMIgWRv8JhcCLEX4Fg/oBd+eLB4k3TooQ
ig6IFk6ICEA7xnLy6y47MXMoTo1WAYXSdBdqCplb9/uLH4DCMP9F/IgUHk6D/v916YtF/AEHKQHr
AokRXlvJw1WL7A++wIP4WlaLdQhXi/kPjx0BAAAPhM8BAACD+E1/dXRpg+gldFaD6Bx0Qkh0MIPo
BnQhSA+FHQIAAItGCJlqDFn3+YvChcAPhX8BAABRWOl4AQAA/3UQi0YIagLrZ4tWEIt1DItUlmjp
4QEAAItWGIt1DItUlhzp0gEAAIsHxgAl/wf/C+nNAQAA/3UQi0YEagLrMYPoUw+EiwAAAEhIdGJI
SHRNSHQrSA+FqAEAAItGFJlqZFn3+f91EGoEg8ATa8BkA8Jai8vouP7//1nphAEAAP91DFNXVmoC
6H4BAACDxBSFwA+FbAEAADPA6WgBAACLRhiFwHUFagZZ6wiNSP/rA4tOGDlOHH0HM8DpugAAAItG
HGoHmV73/jvRD4ypAAAA6aMAAAD/dRCLBmoC65SD+G0Pj5wAAAAPhIgAAACD6GF0dUh0Y0h0J0h0
F4PoBg+FAAEAAP91EItGHEBqA+lg/////3UQi0YMagLpU////4N9EAD/dQxTV1Z0KWoB6NkAAACD
xBSFwA+EW////4M7AA+EUv///4sHxgAg/wf/C+ks////agDr1YtWEIt1DItUljjplAAAAItWGIt1
DIsUlumGAAAAi0YQQP91EGoC6e/+//+D6HB0XIPoB3RJSHQsSHQZSHVu6Lc6AAAz0jlWIA+VwosU
leCsRwDrT/91EItGFJlqZFn3+YvC68CDfRAA/3UMU1dWdAdqAem5/v//agDpsv7///91EItGGDPS
QumP/v//g34IC4tVDH8Ii5KYAAAA6waLkpwAAACLz4vD6A79//8zwEBfXl3DajhoSHtHAOiGOwAA
i0UIM/YrxnQWSItFGHQIi4CoAAAA6xGLgKQAAADrCYtFGIuAoAAAAIlF4ItNGIO5sAAAAAEPhBYB
AACDfQgCocjRRQB1BaHM0UUAiUXQi10MZotTFGaBwmwHZolVuGaLUxBmQmaJVbpmi1MMZolVvmaL
UwhmiVXAZotTBGaJVcJmixNmiVXEZol1xlZW/3XgjVW4Ulb/sawAAAD/0IlF1DvGD4SsAAAAiXXM
iXX8g8ADg+D86IkUAACJZeiL/Il9yINN/P/rFzPAQMOLZejozTkAADP/g038/4tdDDP2O/51Fv91
1OiNCgAAWYv4O/50Y8dFzAEAAACJfdz/ddRX/3XgjUW4UFaLRRj/sKwAAAD/VdBIO8Z+IIt1FItN
EIM+AHYVixGLXdyKG4ga/wH/Rdz/DkiFwH/mg33MAHQHV+inCwAAWTPAQI1lrOhxOgAAw4tdDItF
4IoIhMl06It9FIt1EOsDi10Mgz8AdNjGRecAM9KJVdiLReBAQjgIdPqJRdwPvsmD+WQPj1YBAAAP
hBwBAACD+ScPhKIAAACD+UF0E4P5SHRbg/lNdCKD+WEPhVUCAABoPHtHAItd4FPojzgAAFlZhcB1
VoPDBetli8pJdB9JdCNJdBBJD4UqAgAAxkXnQukhAgAAxkXnYukYAgAAx0XYAQAAAMZF523pCAIA
AIvKSXQISXQM6fsBAADHRdgBAAAAxkXnSOnrAQAAaDh7RwBT6Cg4AABZWYXAdQaDwwOJXdzGRedw
6csBAAABVeD2wgEPhBoCAACLReDrTYsPhckPhAsCAAA8J3RKD7bQix3AqEcA9kRTAYB0HoP5AXYZ
i03gQYA5AA+E9wEAAIsWiAL/BovB/w/rA4tF4IsOihCIEf8GQIlF4P8PigCEwHWt6b0BAAD/ReDp
tQEAAIvKSXQfSXQjSXQQSQ+FSAEAAMZF50HpPwEAAMZF52HpNgEAAMdF2AEAAADGRedk6SYBAACD
6WgPhAgBAACD6QUPhOgAAACD6QYPhMgAAABJdCmD6QUPhf8AAACLyklJdBFJSQ+F8QAAAMZF51np
6AAAAMZF53np3wAAAItFGIN7CAt/CIuAmAAAAOsGi4CcAAAAg/oBdXiDPwB2c4oID7bRix3AqEcA
9kRTAYB0F4M/AXYSQIA4AA+ECgEAAIsWiAr/Bv8Piw6KAIgB/wb/D+mmAAAAgz8AD4adAAAAD7bR
ix3AqEcA9kRTAYB0F4M/AXYSQIA4AA+EywAAAIsWiAr/Bv8Piw6KEIgR/wZA/w+KCITJdb/rY4vK
SXQFSXQJ6znHRdgBAAAAxkXnU+ssi8pJdAVJdAnrIsdF2AEAAADGRedN6xWLykl0BUl0CesLx0XY
AQAAAMZF50mKReeEwHQe/3XY/3UY/3UMi9+Lzuhx+f//g8QMhcB0TYtF3Oszi0XgiggPttGLHcCo
RwD2RFMBgHQTgz8Bdg5AgDgAdCiLFogK/wb/D4sOihCIEf8GQP8PiUXgi0XgigiEyQ+F8/z//+nO
/P//M8Dpyvz//1WL7FGLRRiFwHUFodSoRwBXi30Mhf+JRfx1BzPA6aMAAACF/1NWiX0YD4aDAAAA
i3UQigaEwHRnPCV0N4sVwKhHAA+2yPZESgGAdBeDfRgBdhFGgD4AdFqLTQiIAf9FCP9NGIoGi00I
iAH/RQhG/00Y6yZGM8CAPiN1AkBGUP91/IoG/3UUjV0YjU0I6IX4//+DxAyFwHQaRoN9GAB3k4N9
GAB2EYtFCMYAAIvHK0UY6xGDfRgAdQP/TQiLRQjGAAAzwF5bX8nDagD/dCQU/3QkFP90JBT/dCQU
6CH///+DxBTDVYvsUVGDPfThRwAAU4tdCFZXD4SpAAAAgz1IrEcAAHQJg/t/D4aXAAAAM/a/AAEA
AEY733MiOTXIqEcAfgtWU+jJ9f//WVnrC6HAqEcAD7YEWCPGhcB0dosVwKhHAIvDwfgID7bI9kRK
AYB0D2oCiEX8iF39xkX+AFjrCYhd/MZF/QCLxlb/NQTiRwCNTfhqA1FQjUX8UFf/NfThRwDo1zYA
AIPEIIXAdCQ7xnUGD7ZF+OscD7ZN+TPAimX4C8HrD4P7QXwIg/tajUMgfgKLw19eW8nDVYvsUVGL
RQhTV4t9DA+vfRCF/4lFCIl9+IvfdQczwOnLAAAAVot1FGb3RgwMAXQIi0YYiUX86wfHRfwAEAAA
i04MgeEIAQAAdCmLRgSFwHQiO9iL+3ICi/hX/3UI/zbo2Ov//yl+BAE+g8QMK98BfQjrQjtd/HJC
hcl0C1boNfX//4XAWXVsg338AIv7dAkz0ovD93X8K/pX/3UI/3YQ6McuAACDxAyD+P90UgFFCCvY
O8dySYt9+Ospi0UID74AVlDo8B4AAIP4/1lZdCX/RQiLRhhLhcCJRfx/B8dF/AEAAACF2w+FVP//
/4tFEF5fW8nDi8crwzPS93UM6/CDTgwgi0X46+5Vi+xWV/91COhNOQAAi/CNRRBQ/3UM/3UI6DYg
AAD/dQiL+FbouTkAAIPEGIvHX15dw6Eg+UcAhcBWahRedQe4AAIAAOsGO8Z9B4vGoyD5RwBqBFDo
cDsAAIXAWVmjFOlHAHUeagRWiTUg+UcA6Fc7AACFwFlZoxTpRwB1BWoaWF7DM9K5kKlHAOsFoRTp
RwCJDAKDwSCDwgSB+RCsRwB86jPSuaCpRwCLwsH4BYsEhQDoRwCL8oPmH4sE8IP4/3QEhcB1A4MJ
/4PBIEKB+QCqRwB81DPAXsPo2PT//4A9gOFHAAB0BelZOwAAw8zMzMzMzMzMzFeLfCQI626NpCQA
AAAAi/+LTCQEV/fBAwAAAHQTigGDwQGEwHQ998EDAAAAde+L/4sBuv/+/n4D0IPw/zPCg8EEqQAB
AYF06ItB/ITAdCOE5HQaqQAA/wB0DqkAAAD/dALrzY15/+sNjXn+6wiNef3rA415/ItMJAz3wQMA
AAB0HYoRg8EBhNJ0ZogXg8cB98EDAAAAderrBYkXg8cEuv/+/n6LAQPQg/D/M8KLEYPBBKkAAQGB
dOGE0nQ0hPZ0J/fCAAD/AHQS98IAAAD/dALrx4kXi0QkCF/DZokXi0QkCMZHAgBfw2aJF4tEJAhf
w4gXi0QkCF/DVYvsUYNl/ABTVot1CIoeV41+AYM9yKhHAAEPtsN+DGoIUOge8v//WVnrDYsNwKhH
AA+2BEGD4AiFwHQFih9H69KA+y11BoNNFALrBYD7K3UDih9Hi0UQhcAPjD4BAACD+AEPhDUBAACD
+CQPjywBAACFwGoQWXUkgPswdAnHRRAKAAAA6y6KBzx4dA08WHQJx0UQCAAAAOsbiU0QOU0QdROA
+zB1DooHPHh0BDxYdQRHih9HM9KDyP/3dRCLyovQizXAqEcAD7bDZosERqgEdAgPvvOD7jDrHmap
AwF0Q4D7YXwNgPt6fwgPvvOD7iDrAw++84PGyTt1EHMmg00UCDlV/HIMdQQ78XYGg00UBOsMi0X8
D69FEAPGiUX8ih9H656LTRRP9sEIdQ+DfQwAdAOLfQiDZfwA6032wQS4////f3Ue9sEBdT6L0YPi
AnQJgX38AAAAgHcJhdJ1KjlF/HYl9sEBxwU84UcAIgAAAHQGg038/+sQitGA4gL22hvS99oD0IlV
/ItFDIXAdAKJOPbBAnQD9138i0X86wuLRQyFwHQCiTAzwF9eW8nDagD/dCQQ/3QkEP90JBDoQP7/
/4PEEMNqAf90JBD/dCQQ/3QkEOgp/v//g8QQw4M94OdHAANWi3QkCHUTOzXM50cAdwtW6EpBAACF
wFl1I4X2dQFGgz3g50cAAXQGg8YPg+bwVmoA/zXc50cA/xXE0UUAXsODfCQE4Hci/3QkBOiq////
hcBZdRY5RCQIdBD/dCQE6PhDAACFwFl13jPAw/812OJHAP90JAjoxf///1lZw1OLXCQIhdtVV3UP
/3QkFOja////WelEAQAAVot0JBiF9nUMU+g5AQAAWeksAQAAgz3g50cAAw+F6wAAADP/g/7gD4fC
AAAAU+i2OAAAi+iF7VkPhJAAAAA7NcznRwB3SFZTVeibPQAAg8QMhcB0BIv76zFW6GlAAACL+IX/
WXQoi0P8SDvGcgKLxlBTV+hX5v//U+hrOAAAi+hTVeiNOAAAg8QYhf91PIX2dQFGg8YPg+bwVmoA
/zXc50cA/xXE0UUAi/iF/3Qci0P8SDvGcgKLxlBTV+gP5v//U1XoTTgAAIPEFIXtdR2F9nUBRoPG
D4Pm8FZTagD/NdznRwD/FcDRRQCL+IX/dRqDPdjiRwAAdBFW6MZCAACFwFkPhRv////rOIvH6zYz
wIP+4HcZhfZ1AUZWU2oA/zXc50cA/xXA0UUAhcB1FoM92OJHAAB0DVboiEIAAIXAWXXMM8BeX11b
w1aLdCQIhfZ0LYM94OdHAANWdRXoiTcAAIXAWVZ0ClDoqDcAAFlZXsNqAP813OdHAP8VvNFFAF7D
zMzMzMzMzMzMzMzMzMzMVYvsVjPAUFBQUFBQUFCLVQyNSQCKAgrAdAmDwgEPqwQk6/GLdQiDyf+N
SQCDwQGKBgrAdAmDxgEPowQkc+6LwYPEIF7Jw8zMzMzMzMzMzMxVi+xWM8BQUFBQUFBQUItVDI1J
AIoCCsB0CYPCAQ+rBCTr8Yt1CIPJ/41JAIPBAYoGCsB0CYPGAQ+jBCRy7ovBg8QgXsnDVYvsg+wg
i0UMVot1CFf/dRSJReT/dRCNReBQx0XsQgAAAIl16Il14OicGQAAg8QMhfaL+HQa/03keAiLReDG
AADrDY1F4FBqAOjXFwAAWVmLx19eycNVi+yDfQwAU4tdCFeL+38EM8DrNv9NDFZ0Kot1EP9OBHgK
iw4PtgFBiQ7rB1bo3A4AAFmD+P90FogHRzwKdAX/TQx12cYHAIvDXl9bXcM7fQh18TPb6/BVi+yD
7CCLRQhQx0XsSQAAAIlF6IlF4OjR3P//iUXkjUUQUP91DI1F4FDoJkEAAIPEEMnDzMzMzMzMzMzM
i0wkBFWLbCQMV4v4O/l2WlNWjTQpO/eL2Xce6wONSQBTVv9UJCSDxAiFwH4Ci94D9Tv3duuLTCQU
O9+Lx3Qjhe10H4vLK8+L9Y2kJAAAAACKGIoUAYgcAYgQQE518otMJBQr/Tv5d6peW19dw8zMzItE
JAiB7AABAACD+AIPgmkCAABVi6wkEAEAAIXtD4RYAgAAU4ucJAwBAABWjXD/D6/1A/PHRCQUAAAA
AIlcJAyJdCQQV4vGK8Mz0vf1QIP4CHc8i4QkIAEAAFBVU4vG6Cz///+DxAyLRCQYSIlEJBgPiAIC
AACLVIQgi4SEmAAAAIlUJBCJRCQUi9qL8Ou20egPr8UDw4v4V1P/lCQoAQAAg8QIhcB+Ijvfi8d0
HIvLK8+L9YoYihQBiBwBiBBATnXyi1wkEIt0JBRWU/+UJCgBAACDxAiFwH4iO96LxnQci8srzov1
ihiKFAGIHAGIEEBOdfKLXCQQi3QkFFZX/5QkKAEAAIPECIXAfh47/ovGdBiLzyvOi/WKGIoUAYgc
AYgQQE518otcJBCLdCQUi/87+3YcA90733MWV1P/lCQoAQAAg8QIhcB+6jv7dyKL/4tEJBQD3TvY
dxZXU/+UJCgBAACDxAiFwH7mjZsAAAAAK/U793YQV1b/lCQoAQAAg8QIhcB/6jved0KLxnQvi4wk
HAEAAIvrK+6JTCQcjUkAigwoihCIFCiICItMJBxASYlMJBx16ousJBwBAAA7/g+Fa////4v76WT/
//8D9Tv+cx4r9Tv3dhhXVv+UJCgBAACDxAiFwHTqO/5yHo1kJACLRCQQK/U78HYUV1b/lCQoAQAA
g8QIhcB05otEJBCLVCQUi8qL/ivLK/g7+XwtO8ZzFItMJBiJRIwgibSMmAAAAEGJTCQYO9oPgyn+
//+LdCQUiVwkEOn6/f//O9pzFItMJBiJXIwgiZSMmAAAAEGJTCQYO8YPg/z9//+LXCQQiXQkFOnN
/f//X15bXYHEAAEAAMOLTCQI/0kEeA6LEYpEJASIAv8BD7bAw1H/dCQI6CcUAABZWcPMzMzMzMzM
zMyLRCQMhcB0SotUJARWV4vyi3wkEAvXg+IDdDipAQAAAHQRig46D3VYg8YBg8cBg+gBdB2KDooX
ONF1RYpOAYpXATjRdTuDxwKDxgKD6AJ1419ew4vIg+ADwekCdCvzp3Qni078i1f8ONF1EDj1dQzB
6RDB6hA40XUCOPW4AAAAABvAX4PY/17DhcB0xIsWiw84ynXng+gBdBw47nXeg+gBdBOB4QAA/wCB
4gAA/wA70XXJg+gBX17DzMzMzMzMzMxVi+xXi30IM8CDyf/yroPBAffZg+8BikUM/fKug8cBOAd0
BDPA6wKLx/xfycNqCuhrSwAAahbogQ4AAFlZagPotwUAAMzMzMzMzMzMzMzMzID5QHMVgPkgcwYP
pcLT4MOL0DPAgOEf0+LDM8Az0sPMi0QkCItMJBALyItMJAx1CYtEJAT34cIQAFP34YvYi0QkCPdk
JBQD2ItEJAj34QPTW8IQAMzMzMzMzMzMzMzMzFOLRCQUC8B1GItMJBCLRCQMM9L38YtEJAj38YvC
M9LrUIvIi1wkEItUJAyLRCQI0enR29Hq0dgLyXX09/OLyPdkJBSR92QkEAPRcg47VCQMdwhyDjtE
JAh2CCtEJBAbVCQUK0QkCBtUJAz32vfYg9oAW8IQAMzMzMzMzMzMzMzMVotEJBQLwHUoi0wkEItE
JAwz0vfxi9iLRCQI9/GL8IvD92QkEIvIi8b3ZCQQA9HrR4vIi1wkEItUJAyLRCQI0enR29Hq0dgL
yXX09/OL8PdkJBSLyItEJBD35gPRcg47VCQMdwhyDztEJAh2CU4rRCQQG1QkFDPbK0QkCBtUJAz3
2vfYg9oAi8qL04vZi8iLxl7CEABVi+xRUVOLXQhXi30MD699EIX/i8+JffiJTQh1BzPA6asAAABW
i3UUZvdGDAwBdAiLRhiJRfzrDMdF/AAQAADrA4tNCGb3RgwMAXQqi0YEhcB0IzvIi/lyAov4V/82
U+i33f//KX0IKX4EAT6DxAwD34t9+OtLO038ci6DffwAi8F0CTPS93X8i8ErwlBT/3YQ6PRKAACD
xAyFwHQ2g/j/dEEpRQgD2OsYVugmCAAAg/j/WXQiiAOLRhhD/00IiUX8g30IAA+Fdv///4tFEF5f
W8nDg04MEIvHK0UIM9L3dQzr64NODCDr7szMPQAQAABzDvfYA8SDwASFAJSLAFDDUY1MJAiB6QAQ
AAAtABAAAIUBPQAQAABz7CvIi8SFAYvhiwiLQARQw1OLXCQIg/v/VnRBi3QkEItGDKgBdQiEwHky
qAJ1LoN+CAB1B1boJkwAAFmLBjtGCHUJg34EAHUUQIkG/w72RgxAiwZ0DTgYdAtAiQaDyP9eW8OI
GItGDP9GBIPg74PIAYlGDIvDJf8AAADr48zMzMzMzMyLTCQMV4XJD4SSAAAAVlOL2Yt0JBT3xgMA
AACLfCQQdQvB6QIPhYUAAADrJ4oGg8YBiAeDxwGD6QF0K4TAdC/3xgMAAAB15YvZwekCdWGD4wN0
E4oGg8YBiAeDxwGEwHQ3g+sBde2LRCQQW15fw/fHAwAAAHQWiAeDxwGD6QEPhJgAAAD3xwMAAAB1
6ovZwekCdXSIB4PHAYPrAXX2W16LRCQIX8OJF4PHBIPpAXSfuv/+/n6LBgPQg/D/M8KLFoPGBKkA
AQGBdNyE0nQshPZ0HvfCAAD/AHQM98IAAAD/dcSJF+sYgeL//wAAiRfrDoHi/wAAAIkX6wQz0okX
g8cEM8CD6QF0DDPAiQeDxwSD6QF19oPjAw+Fd////4tEJBBbXl/Di0QkBIXAfQL32MNoZHtHAP8V
2NJFAIXAdBZoVHtHAFD/FdzSRQCFwHQG/3QkBP/Q/3QkBP8VuNFFAMyhqKhHAIXAdAf/dCQE/9BZ
Vle5DKBHAL8coEcAM8A7z4vxcxeFwHU/iw6FyXQC/9GDxgQ793LthcB1LGhRl0UA6P9KAAC+AKBH
AIvGvwigRwA7x1lzD4sGhcB0Av/Qg8YEO/dy8TPAX17DVYvsVjP2Rjk1iOFHAFd1EP91CP8VUNJF
AFD/FbTRRQCDfQwAikUQiTWE4UcAooDhRwB1UosNDOlHAIXJdCmhCOlHAIPoBDvB6xaLAIXAdAL/
0KEI6UcAg+gEOwUM6UcAowjpRwBz47ggoEcAviigRwA7xov4cw+LB4XAdAL/0IPHBDv+cvG4LKBH
AL4woEcAO8aL+HMPiweFwHQC/9CDxwQ7/nLxg30QAF9edRL/dQjHBYjhRwABAAAA6Kf+//9dw2oA
agD/dCQM6DL///+DxAzDagBqAf90JAzoIf///4PEDMNqAWoAagDoEv///4PEDMNqAWoBagDoA///
/4PEDMODPQTpRwAAVos1aOFHAHUEM8Bew4X2U1d1Gzk1cOFHAHRR6LNKAACFwHVIizVo4UcAhfZ0
PotcJBCF23Q2U+hj0v//WYv46yVQ6FjS//87x1l2F4sGgDw4PXUPV1NQ6DhKAACDxAyFwHQPg8YE
iwaFwHXVM8BfW17DiwaNRDgB6/RVi+xRUYM99OFHAABTi10ID4SvAAAAgz1IrEcAAHQJg/t/D4ad
AAAAgfsAAQAAcyWDPcioRwABfgxqAlPo8eH//1lZ6wyhwKhHAA+2BFiD4AKFwHR9ixXAqEcAi8PB
+AgPtsj2REoBgHQPagKIRfyIXf3GRf4AWOsKM8CIXfzGRf0AQGoB/zUE4kcAjU34agNRUI1F/FBo
AAIAAP819OFHAOj4IgAAg8QghcB0JYP4AXUGD7ZF+OscD7ZN+TPAimX4C8HrD4P7YXwIg/t6jUPg
fgKLw1vJw1WL7FFRjUX4UP8VsNFFAItF+ItN/GoABQCAwSpogJaYAIHRIU5i/lFQ6PBJAACLTQiF
yXQCiQHJw4M9lOFHAAF1BehNRQAA/3QkBOjNQwAAaP8AAAD/FRCsRwBZWcNqYGhwe0cA6AghAAC/
lAAAAIvH6Lj6//+JZeiL9Ik+Vv8V4NJFAItOEIkNSOFHAItGBKNU4UcAi1YIiRVY4UcAi3YMgeb/
fwAAiTVM4UcAg/kCdAyBzgCAAACJNUzhRwDB4AgDwqNQ4UcAM/ZWiz3Y0kUA/9dmgThNWnUfi0g8
A8iBOVBFAAB1Eg+3QRg9CwEAAHQfPQsCAAB0BYl15Osng7mEAAAADnbyM8A5sfgAAADrDoN5dA52
4jPAObHoAAAAD5XAiUXkVui0KAAAWYXAdSGDPZThRwABdQXoVkQAAGoc6NhCAABo/wAAAOi++///
WVnoZUcAAIl1/OjpJQAAhcB9CGob6ND+//9Z/xWo0UUAowDpRwDor00AAKOM4UcA6ANNAACFwH0I
agjoqv7//1nov0oAAIXAfQhqCeiZ/v//WWoB6JX7//9ZiUXYO8Z0B1Dog/7//1mJdbyNRZBQ/xWs
0UUA6C5KAACJReD2RbwBdAYPt0XA6wNqClhQ/3XgVlb/11Dokzv//4v4iX3UOXXkdQZX6G/8///o
jPz//+sri0XsiwiLCYlN3FBR6HVIAABZWcOLZeiLfdyDfeQAdQZX6FP8///obvz//4NN/P+Lx41l
hOh0HwAAw1NVVleLfCQUOz3k50cAD4OGAAAAi8fB+AWL94PmH40chQDoRwCLA8HmA/ZEMAQBdGlX
6MdPAACD+P9ZdDyD/wF0BYP/AnUWagLosE8AAGoBi+jop08AADvFWVl0HFfom08AAFlQ/xWg0kUA
hcB1Cv8VdNJFAIvo6wIz7VfoA08AAIXtiwNZxkQwBAB0CVXofk0AAFnrFTPA6xSDJUDhRwAAxwU8
4UcACQAAAIPI/19eXVvDVot0JAiLRgyog3QdqAh0Gf92COjS7///ZoFmDPf7M8BZiQaJRgiJRgRe
w1aLdCQIi0YMqIMPhMkAAACoQA+FwQAAAKgCdAuDyCCJRgzpsgAAAIPIAWapDAGJRgx1CVboakQA
AFnrBYtGCIkG/3YY/3YI/3YQ6GZCAACDxAyFwIlGBHRvg/j/dGqLVgz2woJ1N4tOEIP5/1d0FIv5
wf8Fizy9AOhHAIPhH408z+sFvwCtRwCKTwSA4YKA+YJfdQmBygAgAACJVgyBfhgAAgAAdRSLTgz2
wQh0DPbFBHUHx0YYABAAAIsOSIlGBA+2AUGJDl7D99gbwIPgEIPAEAlGDINmBACDyP9ew1WL7FFR
U1aLNfTjRwBXi30Migcz2zxhiV34iV38dBo8cnQPPHcPhRoBAAC5AQMAAOsMM8mDzgHrCLkJAQAA
g84CM9JC6dcAAAA70w+E2gAAAA++wIP4VH9xdGKD6Ct0R4PoGXQ4g+gOdB9ID4WRAAAAOV38D4WI
AAAAx0X8AQAAAIPJIOmXAAAAOV38dXTHRfwBAAAAg8kQ6YMAAAD2wUB1YIPJQOt59sECdVaD4f6D
5vyDyQKBzoAAAADrY7gAEAAAhch1PAvI61aD6GJ0Rkh0K4PoC3QSg+gGdSb2xcB1IYHJAEAAAOs3
OV34dRTHRfgBAAAAgeb/v///6yM5Xfh0BDPS6xrHRfgBAAAAgc4AQAAA6wv2xcB16IHJAIAAAEeK
BzrDD4Ue////aKQBAAD/dRBR/3UI6EJNAACLyIPEEDvLfQQzwOsai0UU/wU44UcAiXAMiVgEiRiJ
WAiJWByJSBBfXlvJw1NWV4s9IPlHADPbM/YzwDv7flmLDRTpRwCLFIE703QS9kIMg3QHQDvHfO7r
P4s0geski/hqIMHnAujH6///WYsNFOlHAIkED6EU6UcAizwHO/t0GIv3O/N0EoNOEP+JXgSJXgyJ
XgiJHoleHF+Lxl5bw1WL7FGLTQiB+f8AAAB2XmaDZfwAVzPAjX3+ZquLwcHoCIM9hOVHAACIRQqI
TQtfdQQzwMnDagH/NYDlRwCNRfz/NaTmRwBQagKNRQpQagHorxMAAIPEHIXAdNZmg33+AHXP9kX8
CHTJM8BAycODPcioRwABfgxqCFHoDdv//1lZycOhwKhHAA+2BEiD4AjJw1WL7FGDZfwAU4tdEIP7
BFeLfRR0G4P/AnIRgf////9/dwmF23QKg/tAdAWDyP/rbVaLdQhWg+f+6Dzb//9W6Er8//9mgWYM
88L2wwRZWYtODHQLagKDyQSNRhRf6yyLRQyFwHUfV+iY6v//hcBZdQz/BTjhRwCDTfz/6x1mgU4M
CATrCYHJAAUAAIlODINmBACJfhiJRgiJBotF/F5fW8nDiw0wrkcAuLCtRwBWOVAEdBGNNEmDwAyN
NLWwrUcAO8Zy6o0MSY0MjbCtRwA7wV5zBTlQBHQCM8DDVYvsVleLfQiLx0hIdFhISHRGg+gEdEGD
6AN0PIPoBHQqg+gGdBhIdAiDyP/p9AAAAIs1oOFHALig4UcA6zOLNZzhRwC4nOFHAOsmizWk4UcA
uKThRwDrGYvX6Gj///+DwAiLMOsLizWY4UcAuJjhRwCD/gEPhKkAAACF9nUHagPouvb//1NqCFk7
+XQKg/8LdAWD/wR1Josd4OJHAIMl4OJHAAA7+XVEixU0rkcAiVUIxwU0rkcAjAAAAOsDi10IO/l1
KKEorkcAiw0srkcAA8g7wX0ejRRAjRSVuK1HACvIgyIAg8IMSXX36weDIAA7+XUO/zU0rkcAagj/
1llZ6w5X/9aD/wtZdAWD/wR1E4P/CIkd4OJHAHUIi0UIozSuRwBbM8BfXl3DVYvsg+wQUzPbOR2s
4UcAVld1bWiQK0cA/xWE0kUAi/g7+w+EkwAAAIs13NJFAGjUe0cAV//WhcCjrOFHAHR8aMR7RwBX
/9ZosHtHAFejsOFHAP/Wgz1I4UcAAqO04UcAdR5olHtHAFf/1oXAo7zhRwB0DWh8e0cAV//Wo7jh
RwChuOFHAIXAdDz/0IXAdB2NTfxRagyNTfBRagFQ/xW84UcAhcB0BvZF+AF1GYM9VOFHAARyCoBN
EiDrKTPA6zWATRIE6x+hsOFHAIXAdBb/0IvYhdt0DqG04UcAhcB0BVP/0IvY/3UQ/3UM/3UIU/8V
rOFHAF9eW8nDg3wkCAB0BsYBLUH32FaL8TPS93QkCIP6CXYFgMJX6wOAwjCIEUGFwHfmxgEASYoW
igGIEUmIBkY78XLyXsNVi+yDfRAKi0UIdQqFwH0GagFqCusFagD/dRCLTQzon////4tFDFlZXcPM
zMzMzMzMzMzMi0wkDFeFyQ+EtwAAAIt8JAhW98cDAAAAU3QRigeDxwGEwHQ598cDAAAAde+LB7r/
/v5+A9CD8P8zwoPHBKkAAQGBdOiLR/yEwHQhhOR0GKkAAP8AdAypAAAA/3XPg+8B6w2D7wLrCIPv
A+sDg+8Ei3QkFPfGAwAAAHUJi9nB6QJ1XOsiihaDxgGE0nQ9iBeDxwGD6QF0KffGAwAAAHXli9nB
6QJ1OIvLg+EDdBOKFoPGAYgXg8cBhNJ0B4PpAXXtiA9bXotEJAhfw4gXi0QkEFteX8OJF4PHBIPp
AXTIuv/+/n6LBgPQg/D/M8KLFoPGBKkAAQGBdNyE0nTOhPZ0KvfCAAD/AHQS98IAAAD/dcSJF4tE
JBBbXl/DZokXM9KLRCQQiFcCW15fw2aJF4tEJBBbXl/Dagho4HtHAOhjFgAAg2X8AGoAagHodk4A
AFlZ6wczwEDDi2Xog038/2oD/xW40UUAzDsNIKxHAHUBw+nB////VYvsg+wcoSCsRwBTVlcz9lZW
Vlb/dQiJRfyNReRQjUXwUDP/6A1TAACL2IPEHPbDBHQNvwACAACJdeiJdezrLo1F6FCNRfBQ6ENS
AAD2wwJZWXUFg/gBdQW/gAAAAPbDAXUFg/gCdQaBzwABAAChJKxHAIk4i03kK00IX4lIBItN6IlI
EItN7IlIFItN/F5b6F3////Jw1WL7FNWi3UMi0YMqIKLXhAPhPMAAACoQA+F6wAAAKgBdBeDZgQA
qBAPhNsAAACLTgiD4P6JDolGDItGDINmBACDZQwAg+Dvg8gCZqkMAYlGDHUigf6wqUcAdAiB/tCp
RwB1C1PoSVcAAIXAWXUHVuhuOwAAWWb3RgwIAVd0YYtGCIs+jUgBiQ6LThgr+EmF/4lOBH4NV1BT
6BcPAACJRQzrMIP7/3QWi8PB+AWLBIUA6EcAi8uD4R+NBMjrBbgArUcA9kAEIHQNagJqAFPoVFYA
AIPEDItGCIpNCIgI6xQz/0dXjUUIUFPoxw4AAIPEDIlFDDl9DF90BoNODCDrEItFCCX/AAAA6wmD
yCCJRgyDyP9eW13D9kEMQHQGg3kIAHQk/0kEeAuLEYgC/wEPtsDrDA++wFFQ6MT+//9ZWYP4/3UD
CQbD/wbDVYvsVovw6xOLTRCKRQj/TQzot////4M+/3QGg30MAH/nXl3D9kcMQFNWi/CL2XQhg38I
AHUbi0QkDAEG6xqKA/9MJAyLz+iC////Q4M+/3QHg3wkDAB/5l5bw1WNrCQs/v//gexUAgAAoSCs
RwCJhdABAAAzwIlFuIlFtIlFoIuF4AEAAFOKGDPJhNsPhIwHAABWV4v46wOLTZBHg320AIm94AEA
AA+McAcAAID7IHwUgPt4fw8PvsMPvoDQe0cAg+AP6wIzwA++hMHwe0cAagfB+ARZO8GJRZAPhywH
AAD/JIWpY0UAM8CDTcD/iUWUiUWciUWoiUWsiUXEiUWk6QgHAAAPvsOD6CB0O4PoA3Qtg+gIdB9I
SHQSg+gDD4XpBgAAg03ECOngBgAAg03EBOnXBgAAg03EAenOBgAAgE3EgOnFBgAAg03EAum8BgAA
gPsqdSeDheQBAAAEi4XkAQAAi0D8hcCJRagPjZwGAACDTcQE912o6ZAGAACLRagPvsuNBICNREHQ
iUWo6XsGAACDZcAA6XIGAACA+yp1JIOF5AEAAASLheQBAACLQPyFwIlFwA+NUgYAAINNwP/pSQYA
AItFwA++y40EgI1EQdCJRcDpNAYAAID7SXQugPtodCCA+2x0EoD7dw+FHAYAAIBNxQjpEwYAAINN
xBDpCgYAAINNxCDpAQYAAIoHPDZ1F4B/ATR1EUdHgE3FgIm94AEAAOnkBQAAPDN1F4B/ATJ1EUdH
gGXFf4m94AEAAOnJBQAAPGQPhMEFAAA8aQ+EuQUAADxvD4SxBQAAPHUPhKkFAAA8eA+EoQUAADxY
D4SZBQAAg2WQAIsNwKhHAINlpAAPtsP2REEBgHQZi43cAQAAjXW0isPoMv3//4ofR4m94AEAAIuN
3AEAAI11tIrD6Bn9///pUwUAAA++w4P4Zw+PWAIAAIP4ZQ+NhgAAAIP4WA+P3gAAAA+EwQIAAIPo
Qw+EjgAAAEhIdGBISHRcg+gMD4UBBAAAZvdFxDAIdQSATcUIi03Ag/n/dQW5////f4OF5AEAAARm
90XEEAiLheQBAACLQPyJRbwPhEQCAACFwHUIoSysRwCJRbyLRbzHRaQBAAAA6RsCAADHRZQBAAAA
gMMgg03EQIN9wACNdciJdbwPjfkAAADHRcAGAAAA6TQBAABm90XEMAh1BIBNxQiDheQBAAAEZvdF
xBAIi4XkAQAAdGUPv0D8UI1FyFDo7VIAAIXAWVmJRbh9W8dFnAEAAADrUoPoWnRYg+gJdMFID4Uy
AwAAg03EQMdFuAoAAACLXcS+AIAAAIXeD4QzAgAAi43kAQAAiwGLUQSDwQiJjeQBAADpSAIAAIpA
/IhFyMdFuAEAAACNRciJRbzp5gIAAIOF5AEAAASLheQBAACLQPyFwHQti0gEhcl0JvZFxQgPvwCJ
Tbx0EZkrwtH4x0WkAQAAAOmrAgAAg2WkAOmiAgAAoSisRwCJRbxQ6bEAAAB1DoD7Z3VAx0XAAQAA
AOs3uAACAAA5RcB+A4lFwL+jAAAAOX3AfiCLRcAFXQEAAFDoq9///4XAWYlFoHQHiUW8i/DrA4l9
wIuF5AEAAIsI/3WUg8AI/3XAiYXkAQAAi0D8iUWED77DUI1FgFZQiU2A/xUwrEcAi33Eg8QUgeeA
AAAAdA6DfcAAdQhW/xU8rEcAWYD7Z3UMhf91CFb/FTSsRwBZgD4tdQiATcUBRol1vFboFb///1np
2AEAAIPoaQ+EoP7//4PoBQ+EtQAAAEgPhJQAAABIdF6D6AMPhMH9//9ISA+EgP7//4PoAw+FpQEA
AMdFmCcAAADrRUlmgzgAdAZAQIXJdfMrRbzR+OmCAQAAhcB1CKEorEcAiUW8i0W86wdJgDgAdAVA
hcl19StFvOleAQAAx0XACAAAAIlNmPZFxIDHRbgQAAAAD4Qf/v//ikWYBFHGRbAwiEWxx0WsAgAA
AOkH/v//9kXEgMdFuAgAAAAPhPb9//+ATcUC6e39//+DheQBAAAE9kXEIIuF5AEAAItA/HQJZotN
tGaJCOsFi020iQjHRZwBAAAA6eUBAACDheQBAAAE9sMgi4XkAQAAdBL2w0B0Bw+/QPyZ6xAPt0D8
6/f2w0CLQPx17zPS9sNAdBWF0n8RfASFwHML99iD0gD32oBNxQGFdcSL2Iv6dQIz/4N9wAB9CcdF
wAEAAADrEYNlxPe4AAIAADlFwH4DiUXAi8MLx3UEg2WsAI21xwEAAItFwP9NwIXAfwaLwwvHdCSL
RbiZUlBXU+jY5f//g8Ewg/k5iV2Mi9iL+n4DA02YiA5O68yNhccBAAArxkb2RcUCiUW4iXW8dBiL
zoA5MHUEhcB1Df9NvItNvMYBMECJRbiDfZwAD4X3AAAAi13E9sNAdCb2xwF0BsZFsC3rFPbDAXQG
xkWwK+sJ9sMCdAvGRbAgx0WsAQAAAIt1qCt1rCt1uPbDDHUU/7XcAQAAjUW0Vmog6LH4//+DxAz/
dayLvdwBAACNRbSNTbDovvj///bDCFl0FPbDBHUPV1ZqMI1FtOiD+P//g8QMg32kAHRKg324AH5E
i0W4i128iUWM/02MM8BmiwNQjYXIAQAAUOjmTgAAQ1lDhcBZfi2LvdwBAABQjUW0jY3IAQAA6F34
//+DfYwAWXXH6w//dbiLTbyNRbToRvj//1n2RcQEdBT/tdwBAACNRbRWaiDoCvj//4PEDIN9oAB0
Df91oOiu3f//g2WgAFmLveABAACKH4TbD4V8+P//X16LjdABAACLRbRb6OX1//+BxdQBAADJw+td
RQBbXEUAeFxFAMRcRQAFXUUADl1FAExdRQAtXkUAVot0JAgPvgZQ6MjV//+D+GVZdCpGgz3IqEcA
AQ++Bn4MagRQ6LvL//9ZWesNiw3AqEcAD7YEQYPgBIXAddaKBooNzKhHAIgORooOiAaKwYoORoTJ
dfNew4tEJARTih3MqEcA6wU6y3QHQIoIhMl19YoIQITJdCrrC4D5ZXQMgPlFdAdAigiEyXXvi9BI
gDgwdPo4GHUBSIoKQEKEyYgIdfZbw4tEJATdANwdaHxHAN/g9sQBdQQzwEDDM8DDVYvsUVGDfQgA
/3UQdBuNRfhQ6LNHAACLRQxZWYtN+IkIi038iUgEycONRQhQ6NVHAACLRQxZWYtNCIkIycOF/1aL
8HQUVujPuv//QFBWA/dW6JTH//+DxBBew1WL7IA93OFHAABTVld0J4tdEKHY4UcAM8mF2w+fwTPS
gzgti/APlMKL+QNVDIvC6K/////rNItFCP9wBP8w6HdOAACLXRCL8FaNQwFQM8CDPi0PlMAzyYXb
D5/BA0UMA8hR6CJNAACDxBSDPi2LRQx1BMYALUCF234RjXgBig+ICIoNzKhHAIvHiAgzyTgN3OFH
AGhwfEcAD5TBA8gDy1Ho6tb//4N9FABZWYvIdAPGAUWLRgxBgDgwdC6LRgRIeQX32MYBLUGD+GR8
CplqZF73/gABi8JBg/gKfAqZagpe9/4AAYvCAEEBi0UMX15bXcOAPdzhRwAAU4tcJAxVVld0KKHg
4UcAO0QkHIs12OFHAHVDM8mDPi0PlMEDyAPLi8HGADDGQAEA6yyLRCQU/3AE/zDogk0AAIvwi0YE
A0QkJFZQM8CDPi0PlMADw1DoNkwAAIPEFIM+LYvrdQbGAy2NawGLRgQz/0eFwH8Oi8Xob/7//8ZF
ADBF6wID6IN8JBwAfkOLxehY/v//oMyoRwCIRQCLdgRFhfZ9LPfegD3c4UcAAHUGOXQkHHwEiXQk
HIt8JByLxego/v//V2owVehrxf//g8QMX15di8Nbw1WL7FNWi3UIV/92BP826NlMAACLSASLXRBJ
iQ3g4UcAM8mDOC1QD5TBU6PY4UcAA00Mi/lX6IFLAACh2OFHAItABIPEFEg5BeDhRwCj4OFHAA+c
wYP4/IgN5OFHAHwoO8N9JITJdAqKB0eEwHX5iEf+U/91DMYF3OFHAAFW6KH+//+DxAzrF/91FMYF
3OFHAAFT/3UMVuiX/f//g8QQX17GBdzhRwAAW13DVYvsg30QZXQyg30QRXQsg30QZnUT/3UU/3UM
/3UI6Fb+//+DxAxdw/91GP91FP91DP91COgd////6xH/dRj/dRT/dQz/dQjoPP3//4PEEF3DaAAA
AwBoAAABAOixTQAAWVnDVYvsg+wY3QWIfEcA3V343QWAfEcA3V3w3UXw3HX43E343G3w3V3o3UXo
3B14fEcA3+D2xEF1BTPAQMnDM8DJw2isfEcA/xXY0kUAhcB0FWiQfEcAUP8V3NJFAIXAdAVqAP/Q
w+mX////ahxowHxHAOiTBwAAM/Y5NejhRwB1NY1F5FAz/0dXaLh8RwBX/xWg0UUAhcB0CIk96OFH
AOsV/xV00kUAg/h4dQrHBejhRwACAAAAoejhRwCD+AIPhOoAAAA7xg+E4gAAAIP4AQ+F/wAAAIl1
3Il14Dl1GHUIoQTiRwCJRRhWVv91EP91DDPAOXUgD5XAjQTFAQAAAFD/dRj/FcTSRQCL+Il92IX/
D4S+AAAAg2X8AI0cP4vDg8ADg+D86Jzg//+JZeiL9Il11FNqAFboG8P//4PEDINN/P/rFTPAQMOL
Zejo1AUAADP2g038/4t92IX2dRdXagLoJQ4AAFlZi/CF9nRnx0XgAQAAAFdW/3UQ/3UMagH/dRj/
FcTSRQCFwHQR/3UUUFb/dQj/FaDRRQCJRdyDfeAAdAdW6MfX//9Zi0Xc626LXRw73nUGix304UcA
i30Yhf91Bos9BOJHAFPo+EsAAFmD+P91BDPA60Q7x3QeagBqAI1NEFH/dQxQV+gbTAAAg8QYi/CF
9nTdiXUM/3UU/3UQ/3UM/3UIU/8VpNFFAIv4hfZ0B1boVtf//1mLx41lyOghBgAAw1WNrCRk/P//
gewcBAAAi42kAwAAOw3k50cAoSCsRwBTVomFmAMAAFcPg5gBAACLwcH4BY0chQDoRwCLA4vxg+Yf
weYDikQwBKgBiV2AD4RzAQAAM/85vawDAACJfYyJfYR1BzPA6XABAACoIHQNagJXV1HoNU0AAIPE
EIsDA8b2QASAD4THAAAAOb2sAwAAi4WoAwAAiUWQib2kAwAAD4bzAAAAi02QK42oAwAAjUWUO42s
AwAAcyWLVZD/RZCKEkGA+gp1CP9FhMYADUBHi12AiBBAR4H/AAQAAHzTi/iNRZQr+GoAjUWIUFeN
RZRQiwP/NDD/FWjSRQCFwHQfi0WIAUWMO8d8IYtFkCuFqAMAADP/O4WsAwAAconrDv8VdNJFAImF
pAMAADP/i0WMO8cPhYsAAAA5vaQDAAB0WWoFWDmFpAMAAHVAo0DhRwDrfVeNTYhR/7WsAwAA/7Wo
AwAA/zD/FWjSRQCFwHQOi0WIib2kAwAAiUWM67D/FXTSRQCJhaQDAADrov+1pAMAAOgqMwAAWetA
iwP2RDAEQHQPi4WoAwAAgDgaD4S0/v//xwU84UcAHAAAAIk9QOFHAOsWK0WE6xSDJUDhRwAAxwU8
4UcACQAAAIPI/4uNmAMAAF9eW+i/7f//gcWcAwAAycOLRCQEOwXk50cAcz2LyMH5BYsMjQDoRwCL
0IPiH/ZE0QQBdCVQ6JE0AABZUP8VnNFFAIXAdQj/FXTSRQDrAjPAhcB0EqNA4UcAxwU84UcACQAA
AIPI/8NVi+xRUYMN9KxHAP+DDeisRwD/U1ZXiz0E4kcAM9toDH1HAIld+IkdvOJHAOij4P//i/A7
81kPhB0BAAA4Hg+EFQEAAKHA4kcAO8N0IVBW6Na1//+FwFlZD4TwAQAAocDiRwA7w3QHUOiW1P//
WVboBrP//0BQ6BTT//87w1lZo8DiRwAPhMQBAABWUOi5z///agNW/zXgrEcA6Gvd//+h4KxHAIPG
A4PEFIhYA4A+LXUIx0X4AQAAAEZW6AW1//9pwBAOAABZo1CsRwCKBjwrdAg8MHwHPDl/A0br74A+
OnU+Rlbo3LT//2vAPAEFUKxHAFnrBTw5fwdGigY8MH31gD46dRtGVui5tP//AQVQrEcAWesFPDl/
B0aKBjwwffU5Xfh0BvcdUKxHAA++BjvDo1SsRwAPhAwBAABqA1b/NeSsRwDowdz//6HkrEcAg8QM
iFgD6fUAAAChwOJHADvDdA1Q6JvT//9ZiR3A4kcAaBDiRwD/FZjRRQCD+P8PhMsAAAChEOJHAIsN
ZOJHAGvAPDPSQmY5HVbiRwCJFbziRwCjUKxHAHQMi/Fr9jwDxqNQrEcAZjkdquJHAHQbobjiRwA7
w3QSK8FrwDyJFVSsRwCjWKxHAOsMiR1UrEcAiR1YrEcAizWs0kUAjUX8UFNqP/814KxHAGr/aBTi
RwBTV//WhcB0Dzld/HUKoeCsRwCIWD/rB6HgrEcAiBiNRfxQU2o//zXkrEcAav9oaOJHAFNX/9aF
wHQPOV38dQqh5KxHAIhYP+sHoeSsRwCIGF9eW8nDgz3E4kcAAHUL6J/9////BcTiRwDDzMxVi+xX
VlOLdQyLfQiw/4v/CsB0MooGg8YBiieDxwE4xHTuLEE8GhrJgOEgAsEEQYbgLEE8GhrJgOEgAsEE
QTjgdM4awBz/D77AW15fycNVi+yD7ExTVldqBFjokdr//4v0ahyNRdhQVv8ViNFFAIXAdHeLXdyN
RbRQ/xWM0UUAi024oUjhRwCNef/31yP+K/mL8E733hv2g+bxg8YRD6/xA/M7/olN+HJAg/gBdFyJ
Xfy7ABAAAGocjUXYUP91/P8ViNFFAIXAdCCLReQBRfyFXeh04vZF7QGLRdiJRfx0BTPAQOtEO/hz
BDPA6zw7xnMDiXX8agRT/3X4/3X8/xWQ0UUAoUjhRwDrA4l9/Ej32BvAJQMBAACNTfRRQFD/dfj/
dfz/FZTRRQCNZahfXlvJw8zMzGgYcEUAZKEAAAAAUItEJBCJbCQQjWwkECvgU1ZXi0X4iWXoUItF
/MdF/P////+JRfiNRfBkowAAAADDi03wZIkNAAAAAFlfXlvJUcNWQzIwWEMwMFWL7IPsCFNWV1X8
i10Mi0UI90AEBgAAAA+FqwAAAIlF+ItFEIlF/I1F+IlD/ItzDIt7CFPoyUgAAIPEBAvAdHuD/v90
fY0MdotEjwQLwHRZVlWNaxAz2zPJM9Iz9jP//9BdXotdDAvAdD94SIt7CFPon0cAAIPEBI1rEFZT
6NRHAACDxAiNDHZqAYtEjwjoV0gAAIsEj4lDDItEjwgz2zPJM9Iz9jP//9CLewiNDHaLNI/rjLgA
AAAA6yOLRQiDSAQIuAEAAADrFVWNaxBq/1PogUcAAIPECF24AQAAAF1fXluL5V3DVYtMJAiLKYtB
HFCLQRhQ6FxHAACDxAhdwgQAajhoEH1HAOif/v//M9s5HcjiRwB1OFNTM/ZGVmi4fEcAaAABAABT
/xWA0UUAhcB0CIk1yOJHAOsV/xV00kUAg/h4dQrHBcjiRwACAAAAOV0UfhuLTRSLRRBJOBh0CEA7
y3X2g8n/g8j/K8EBRRShyOJHAIP4Ag+E3AEAADvDD4TUAQAAg/gBD4X+AQAAM/+JfdSJXciJXcw5
XSB1CKEE4kcAiUUgU1P/dRT/dRAzwDldJA+VwI0ExQEAAABQ/3Ug/xXE0kUAi/CJddA78w+EuAEA
AMdF/AEAAACNBDaDwAOD4Pzof9f//4ll6IvEiUXkg038/+sbM8BAw4tl6OjD/P//M9uJXeSDTfz/
i33Ui3XQOV3kdRyNBDZQ6H3N//9ZiUXkO8MPhGABAADHRcgBAAAAVv915P91FP91EGoB/3Ug/xXE
0kUAhcAPhOYAAABTU1b/deT/dQz/dQj/FYDRRQCL+Il91Dv7D4THAAAA9kUNBHQtOV0cD4S4AAAA
O30cD4+vAAAA/3Uc/3UYVv915P91DP91CP8VgNFFAOmUAAAAx0X8AgAAAI0EP4PAA4Pg/Oix1v//
iWXoi8SJReCDTfz/6xszwEDDi2Xo6PX7//8z24ld4INN/P+LfdSLddA5XeB1GI0EP1Dor8z//1mJ
ReA7w3RAx0XMAQAAAFf/deBW/3Xk/3UM/3UI/xWA0UUAhcB0IVNTOV0cdQRTU+sG/3Uc/3UYV/91
4FP/dSD/FazSRQCL+DldzHQJ/3Xg6M7N//9ZOV3IdAn/deTowM3//1mLx+lbAQAAiV3YM/+JXcQ5
XQh1CKH04UcAiUUIOV0gdQihBOJHAIlFIP91COjlQQAAWYlFwIP4/3UHM8DpIQEAADtFIA+E7gAA
AFNTjU0UUf91EFD/dSDo/UEAAIPEGIlF2DvDdNRTU/91FFD/dQz/dQj/FYTRRQCL8Il13DvzD4Si
AAAAiV38g8ADg+D86IPV//+JZeiL/Il9vFZTV+gDuP//g8QM6xAzwEDDi2Xo6MD6//8z2zP/g038
/zv7dSP/ddzog8v//1mL+Dv7dDH/ddxTV+jNt///g8QMx0XEAQAAAP913Ff/dRT/ddj/dQz/dQj/
FYTRRQCJRdw7w3UEM/brJv91HP91GI1F3FBX/3Ug/3XA6D9BAACDxBiL8PfeG/b33usDi3W4OV3E
dCNX6IrM//9Z6xr/dRz/dRj/dRT/dRD/dQz/dQj/FYTRRQCL8Dld2HQJ/3XY6GDM//9Zi8aNZazo
K/v//8NWi3QkCP92EOj7PAAAhcBZdHKB/rCpRwB1BDPA6wuB/tCpRwB1XjPAQP8FOOFHAGb3RgwM
AXVNU1eNPIXM4kcAgz8AuwAQAAB1IFPokMr//4XAWYkHdRONRhRqAolGCIkGWIlGGIlGBOsNiz+J
fgiJPoleGIleBGaBTgwCEV8zwFtAXsMzwF7Dg3wkBABWdCGLdCQM9kYNEHQoVui2uv//gGYN7oNm
GACDJgCDZggA6xCLRCQM9kANEHQHUOiVuv//WV7Dg+xEaAABAADoD8r//4XAWXUIg8j/6Y0BAACj
AOhHAMcF5OdHACAAAACNiAABAADrGoMI/8ZABADGQAUKiw0A6EcAg8AIgcEAAQAAO8Fy4lNWV41E
JAxQ/xWs0UUAZoN8JD4AD4THAAAAi0QkQIXAD4S7AAAAizBVjWgEuAAIAAA78I0cLnwCi/A5NeTn
RwB9Ur8E6EcAaAABAADofMn//4XAWXQ4gwXk50cAIIkHjYgAAQAA6xaDCP/GQAQAxkAFCosPg8AI
gcEAAQAAO8Fy5oPHBDk15OdHAHy76waLNeTnRwAz/4X2fkaLA4P4/3Q2ik0A9sEBdC72wQh1C1D/
FXTRRQCFwHQei8fB+AWLBIUA6EcAi8+D4R+NBMiLC4kIik0AiEgER0WDwwQ7/ny6XTPboQDoRwCN
NNiDPv91TYXbxkYEgXUFavZY6wqLw0j32BvAg8D1UP8VeNFFAIv4g///dBdX/xV00UUAhcB0DCX/
AAAAg/gCiT51BoBOBEDrD4P4A3UKgE4ECOsEgE4EgEOD+wN8nP815OdHAP8VfNFFAF9eM8Bbg8RE
w1NWi3QkDA+vdCQQhfZXi951AUYz/4P+4Hc5gz3g50cAA3Ubg8YPg+bwOx3M50cAdw1T6C4JAACL
+IX/WXUrVmoI/zXc50cA/xXE0UUAi/iF/3Uigz3Y4kcAAHQZVuj/CwAAhcBZdazrDlNqAFfoWrT/
/4PEDIvHX15bw1ZXagNeM/85NSD5RwB+RKEU6UcAiwSwhcB0L/ZADIN0DVDoWKn//4P4/1l0AUeD
/hR8F6EU6UcA/zSw6CrJ//+hFOlHAIMksABZRjs1IPlHAHy8i8dfXsODPUjhRwACdQ2DPVThRwAF
cgQzwEDDagNYwzPAOUQkBGoAD5TAaAAQAABQ/xVs0UUAhcCj3OdHAHQq6MH///+D+AOj4OdHAHUe
aPgDAADoGAAAAIXAWXUP/zXc50cA/xVw0UUAM8DDM8BAw2hAAQAAagD/NdznRwD/FcTRRQCFwKPI
50cAdQHDi0wkBIMlwOdHAACDJcTnRwAAo9DnRwAzwIkNzOdHAMcF1OdHABAAAABAw6HE50cAjQyA
ocjnRwCNDIjrEotUJAQrUAyB+gAAEAByCYPAFDvBcuozwMNVi+yD7BCLTQiLQRBWi3UMV4v+K3kM
g8b8we8Pi89pyQQCAACNjAFEAQAAiU3wiw5J9sEBiU38D4XXAgAAU40cMYsTiVX0i1b8iVX4i1X0
9sIBiV0MdXTB+gRKg/o/dgNqP1qLSwQ7Swh1QoP6ILsAAACAcxmLytPrjUwCBPfTIVy4RP4JdSOL
TQghGescjUrg0+uNTAIE99MhnLjEAAAA/gl1BotNCCFZBItdDItTCItbBItN/ANN9IlaBItVDIta
BItSCIlTCIlN/IvRwfoESoP6P3YDaj9ai134g+MBiV30D4WPAAAAK3X4i134wfsEaj+JdQxLXjve
dgKL3gNN+IvRwfoESjvWiU38dgKL1jvadF6LTQyLcQQ7cQh1O4P7IL4AAACAcxeLy9Pu99YhdLhE
/kwDBHUhi00IITHrGo1L4NPu99YhtLjEAAAA/kwDBHUGi00IIXEEi00Mi3EIi0kEiU4Ei00Mi3EE
i0kIiU4Ii3UM6wOLXQiDffQAdQg72g+EgAAAAItN8I0M0YtZBIlOCIleBIlxBItOBIlxCItOBDtO
CHVgikwCBIhND/7Bg/ogiEwCBHMlgH0PAHUOi8q7AAAAgNPri00ICRm7AAAAgIvK0+uNRLhECRjr
KYB9DwB1EI1K4LsAAACA0+uLTQgJWQSNSuC6AAAAgNPqjYS4xAAAAAkQi0X8iQaJRDD8i0Xw/wgP
hfcAAAChwOdHAIXAD4TcAAAAiw3Y50cAizVo0UUAaABAAADB4Q8DSAy7AIAAAFNR/9aLDdjnRwCh
wOdHALoAAACA0+oJUAihwOdHAItAEIsN2OdHAIOkiMQAAAAAocDnRwCLQBD+SEOhwOdHAItIEIB5
QwB1CYNgBP6hwOdHAIN4CP91aVNqAP9wDP/WocDnRwD/cBBqAP813OdHAP8VvNFFAKHE50cAixXI
50cAjQSAweACi8ihwOdHACvIjUwR7FGNSBRRUOiYsP//i0UIg8QM/w3E50cAOwXA50cAdgSDbQgU
ocjnRwCj0OdHAItFCKPA50cAiT3Y50cAW19eycOhxOdHAIsN1OdHAFcz/zvBdTSNRIlQweACUP81
yOdHAFf/NdznRwD/FcDRRQA7x3UEM8Bfw4MF1OdHABCjyOdHAKHE50cAiw3I50cAVmjEQQAAagj/
NdznRwCNBICNNIH/FcTRRQA7x4lGEHUEM8DrQ2oEaAAgAABoAAAQAFf/FZDRRQA7x4lGDHUS/3YQ
V/813OdHAP8VvNFFAOvQg04I/4k+iX4E/wXE50cAi0YQgwj/i8ZeX8NVi+xRUYtNCItBCFNWi3EQ
VzPb6wPR4EOFwH35i8NpwAQCAACNhDBEAQAAaj+JRfhaiUAIiUAEg8AISnX0agSL+2gAEAAAwecP
A3kMaACAAABX/xWQ0UUAhcB1CIPI/+mdAAAAjZcAcAAAO/qJVfx3Q4vKK8/B6QyNRxBBg0j4/4OI
7A8AAP+NkPwPAACJEI2Q/O///8dA/PAPAACJUATHgOgPAADwDwAABQAQAABJdcuLVfyLRfgF+AEA
AI1PDIlIBIlBCI1KDIlICIlBBINknkQAM/9HibyexAAAAIpGQ4rI/sGEwItFCIhOQ3UDCXgEugAA
AICLy9Pq99IhUAiLw19eW8nDVYvsg+wMi00Ii0EQU1aLdRBXi30Mi9crUQyDxhfB6g+LymnJBAIA
AI2MAUQBAACJTfSLT/yD5vBJO/GNfDn8ix+JTRCJXfwPjlUBAAD2wwEPhUUBAAAD2TvzD487AQAA
i038wfkESYP5P4lN+HYGaj9ZiU34i18EO18IdUOD+SC7AAAAgHMa0+uLTfiNTAEE99MhXJBE/gl1
JotNCCEZ6x+DweDT64tN+I1MAQT30yGckMQAAAD+CXUGi00IIVkEi08Ii18EiVkEi08Ei38IiXkI
i00QK84BTfyDffwAD46lAAAAi338i00Mwf8ET4P/P41MMfx2A2o/X4td9I0c+4ldEItbBIlZBItd
EIlZCIlLBItZBIlLCItZBDtZCHVXikwHBIhNE/7Bg/8giEwHBHMcgH0TAHUOi8+7AAAAgNPri00I
CRmNRJBEi8/rIIB9EwB1EI1P4LsAAACA0+uLTQgJWQSNhJDEAAAAjU/gugAAAIDT6gkQi1UMi038
jUQy/IkIiUwB/OsDi1UMjUYBiUL8iUQy+Ok8AQAAM8DpOAEAAA+NLwEAAItdDCl1EI1OAYlL/I1c
M/yLdRDB/gROg/4/iV0MiUv8dgNqP172RfwBD4WAAAAAi3X8wf4EToP+P3YDaj9ei08EO08IdUKD
/iC7AAAAgHMZi87T6410BgT30yFckET+DnUji00IIRnrHI1O4NPrjUwGBPfTIZyQxAAAAP4JdQaL
TQghWQSLXQyLTwiLdwSJcQSLdwiLTwSJcQiLdRADdfyJdRDB/gROg/4/dgNqP16LTfSNDPGLeQSJ
SwiJewSJWQSLSwSJWQiLSwQ7Swh1V4pMBgSITQ/+wYP+IIhMBgRzHIB9DwB1DovOvwAAAIDT74tN
CAk5jUSQRIvO6yCAfQ8AdRCNTuC/AAAAgNPvi00ICXkEjYSQxAAAAI1O4LoAAACA0+oJEItFEIkD
iUQY/DPAQF9eW8nDVYvsg+wUi00IocTnRwCLFcjnRwCDwReD4fBTiU3wwfkEVo0EgFdJg/kgjTyC
iX38fQuDzv/T7oNN+P/rDYPB4IPI/zP20+iJRfih0OdHAIvYiXX0O9/rFItLBIs7I034I/4Lz3UL
g8MUO138iV0Icuc7Xfx1JIva6xGLSwSLOyNN+CP+C891CoPDFDvYiV0Icug72A+ElAAAAIkd0OdH
AItDEIsQg/r/iVX8dBSLjJDEAAAAi3yQRCNN+CP+C891NouQxAAAACNV+INl/ACNSESLMSN19AvW
i3X0dReLkYQAAAAjVfj/RfyDwQSLOSP+C9d06YtV/IvKackEAgAAjYwBRAEAAIlN9ItMkEQz/yPO
dW2LjJDEAAAAI034aiBf616DewgAdQuDwxSJXQg7Xfxy7ztd/HUmi9rrCYN7CAB1CoPDFDvYiV0I
cvA72HUO6A/6//+L2IXbiV0IdBhT6Lf6//9Zi0sQiQGLQxCDOP8PhST///8zwOl6AQAA0eFHhcl9
+YtN9ItU+QSLCitN8Ivxwf4EToP+P4lN+H4Daj9eO/cPhAEBAACLSgQ7Sgh1XIP/ILsAAACAfSaL
z9Pri038jXw4BPfTiV3sI1yIRIlciET+D3Uzi03si10IIQvrLI1P4NPri038jYyIxAAAAI18OAT3
0yEZ/g+JXex1C4tdCItN7CFLBOsDi10Ig334AItKCIt6BIl5BItKBIt6CIl5CA+EjQAAAItN9I0M
8Yt5BIlKCIl6BIlRBItKBIlRCItKBDtKCHVeikwGBIhNC/7Bg/4giEwGBH0jgH0LAHULvwAAAICL
ztPvCTuLzr8AAACA0++LTfwJfIhE6ymAfQsAdQ2NTuC/AAAAgNPvCXsEi038jbyIxAAAAI1O4L4A
AACA0+4JN4tN+IXJdAuJColMEfzrA4tN+It18APRjU4BiQqJTDL8i3X0iw6FyY15AYk+dRo7HcDn
RwB1EotN/DsN2OdHAHUHgyXA50cAAItN/IkIjUIEX15bycOh1OJHAIXAdA//dCQE/9CFwFl0BDPA
QMMzwMODPcioRwABVovwfgxqBFbo2av//1lZ6wyhwKhHAA+2BHCD4ASFwHUGg+bfg+4Hi8Zew/9K
BHgJiwoPtgFBiQrDUuhkzf//WcNozAEAAGg4fUcA6K3r//+hIKxHAIlF5DPAiYVE/v//iYUo/v//
iYVQ/v//iYVs/v//iIVr/v//iYV8/v//iYVI/v//i3UMigaEwA+E0A0AAA+2wIM9yKhHAAF+DGoI
UOhBq///WVnrDYsNwKhHAA+2BEGD4Agz/zvHdEf/jXz+////hXz+//+LVQjoW////4vwVuikNgAA
WYXAdeWD/v90C/91CFboC8X//1lZ/0UMi0UMD7YAUOiANgAAWYXAdezrgYt1DIA+JQ+FvAwAAIm9
YP7//8aFaP7//wCJvWT+//+JvUz+//+JvXT+///GhV/+//8AxoVp/v//AMaFcv7//wDGhYP+//8A
xoVq/v//AMaFe/7//wDGhXP+//8Bib04/v//Rg+2Hg+2w4M9yKhHAAF+DGoEUOhpqv//WVnrDYsN
wKhHAA+2BEGD4ASFwHQS/4VM/v//jQS/jXxD0Om/AAAAg/tOD4+FAAAAD4SwAAAAg/sqdHKD+0YP
hKIAAACD+0l0EIP7THV2/oVz/v//6Y0AAACKTgGA+TZ1II1GAoA4NHUYi/D/hTj+//+DpVT+//8A
g6VY/v//AOtlgPkzdQyNRgKAODJ1BIvw61SA+WR0T4D5aXRKgPlvdEWA+Xh0QID5WHUZ6zn+hXL+
///rMYP7aHQgg/tsdA2D+3d0Dv6Fg/7//+sa/oVz/v///oV7/v//6wz+jXP+///+jXv+//+AvYP+
//8AD4T1/v//ib10/v//iXUMgL1y/v//AHUai0UQiYUk/v//g8AEiUUQi1j8iZ1Q/v//6waLnVD+
///GhYP+//8AgL17/v//AHUYigY8U3QLPEPGhXv+////dQfGhXv+//8BD7Y+g88gib1A/v//g/9u
dESD/2N0K4P/e3Qm/4V8/v//i1UI6Dj9//+L8FbogTQAAFmFwHXlibVs/v//i3UM6xT/hXz+//+L
VQjoEv3//4mFbP7//4uNTP7//4XJdA2DvXT+//8AD4QsAwAAg/9vD4/yAgAAD4QPBwAAg/9jD4S2
AgAAg/9kD4T9BgAAD476AgAAg/9nfkSD/2l0IYP/bg+F5wIAAIuFfP7//4C9cv7//wAPhA4KAADp
NQoAAGpkX4udbP7//4P7LQ+FYwUAAMaFaf7//wHpXAUAAI21hP7//4udbP7//4P7LXUOiJ2E/v//
jbWF/v//6wWD+yt1IP+NdP7///+FfP7//4t9CIvX6Ev8//+L2ImdbP7//+sDi30Ig71M/v//AHQM
gb10/v//XQEAAH4Kx4V0/v//XQEAAIM9yKhHAAF+DGoEU+jJp///WVnrDKHAqEcAD7YEWIPgBIXA
dDCLhXT+////jXT+//+FwHQg/4Vk/v//iB5G/4V8/v//i9fo1Pv//4vYiZ1s/v//66s4HcyoRwB1
fIuFdP7///+NdP7//4XAdGz/hXz+//+L1+il+///i9igzKhHAIgGRomdbP7//4M9yKhHAAF+DGoE
U+g/p///WVnrDKHAqEcAD7YEWIPgBIXAdCqLhXT+////jXT+//+FwHQa/4Vk/v//iB5G/4V8/v//
i9foSvv//4vY66uDvWT+//8AD4S3AAAAg/tldAmD+0UPhakAAACLhXT+////jXT+//+FwA+ElQAA
AMYGZUb/hXz+//+L1+gG+///i9iJnWz+//+D+y11BYgGRusFg/srdS2LhXT+////jXT+//+FwHUI
IYV0/v//6xWL1/+FfP7//+jK+v//i9iJnWz+//+DPcioRwABfgxqBFPobKb//1lZ6wyhwKhHAA+2
BFiD4ASFwHQbi4V0/v///410/v//hcB0C/+FZP7//4geRuur/418/v//g/v/dAlXU+g7wP//WVmD
vWT+//8AD4SXCAAAgL1y/v//AA+F5gcAAP+FSP7//8YGAI2FhP7//1D/tVD+//8PvoVz/v//SFD/
FTisRwCDxAzpuQcAAIXJdRDHhUz+//8BAAAA/4V0/v//gL17/v//AA+OugEAAMaFav7//wHprgEA
AIvHg+hwD4QRBAAAg+gDdNdISA+ECwQAAIPoAw+EOf3//4PoA3Q4D7YGO4Vs/v//dAyDvWz+////
6boHAAD+jWv+//+AvXL+//8AD4U8BwAAi4Uk/v//iUUQ6S4HAACAvXv+//8AfgfGhWr+//8Bi30M
R4l9DIm9MP7//4A/XnUOR4m9MP7//8aFX/7///+LnUT+//+F23VdIV38aiBY6OW+//+JZeiL3Imd
RP7//4NN/P/rQTPAQMOLZejoJuT//2og6Pa0//9ZiYVE/v//hcB1CYNN/P/pVQcAAMeFKP7//wEA
AACDTfz/i70w/v//i51E/v//aiBqAFPoGaH//4PEDIO9QP7//3t1d4A/XXVysl1HxkMLIOtvRzwt
dUuE0nRHig+A+V10QEc60XMEisHrBIrCitE60HcrD7byKsL+wA+2wImFLP7//4vGwegDA8OLzoPh
B7IB0uIIEEb/jSz+//915TLS6x+IhWj+//8PtsiLwcHoAwPDg+EHsgHS4ggQipVo/v//igc8XXWL
hMAPhJoGAACLnVD+//+DvUD+//97dQOJfQyLvUD+//+L8/+NfP7//4O9bP7///90EP91CP+1bP7/
/+j4vf//WVmDvUz+//8AdBSLhXT+////jXT+//+FwA+E6AEAAP+FfP7//4tVCOgA+P//iYVs/v//
g/j/D4S1AQAAg/9jdE2D/3N1D4P4CXwFg/gNfgWD+CB1OYP/ew+FkwEAAIvIg+EHM9JC0+KLyMH5
A4u9RP7//w++DDkPvr1f/v//M8+F0Q+EaQEAAIu9QP7//4C9cv7//wAPhVABAACAvWr+//8AD4Q1
AQAAiIU8/v//D7bAiw3AqEcA9kRBAYB0FP+FfP7//4tVCOhh9///iIU9/v///zXIqEcAjYU8/v//
UI2FNP7//1DovC4AAIPEDGaLhTT+//9miQNDQ+nhAAAAg/srdSv/jXT+//91DYXJdAnGhYP+//8B
6xb/hXz+//+LVQjoBvf//4vYiZ1s/v//g/swD4ViAQAA/4V8/v//i1UI6Of2//+L2ImdbP7//4D7
eHRRgPtYdEzHhWT+//8BAAAAg/94dB+DvUz+//8AdA7/jXT+//91Bv6Fg/7//2pvX+kUAQAA/418
/v//g/v/dAv/dQhT6F68//9ZWWowW+nwAAAA/4V8/v//i1UI6Hv2//+L2ImdbP7//4O9TP7//wB0
FoOtdP7//wKDvXT+//8BfQb+hYP+//9qeOujiANDiZ1Q/v//6Rf+//9G6RH+////jXz+//+D+P90
C/91CFDo87v//1lZO/MPhFQEAACAvXL+//8AD4WjAwAA/4VI/v//g71A/v//Yw+EkAMAAIuFUP7/
/4C9av7//wB0CWaDIADpeAMAAMYAAOlwAwAAxoVz/v//AYudbP7//4P7LXUJxoVp/v//AesFg/sr
dSv/jXT+//91DYXJdAnGhYP+//8B6xb/hXz+//+LVQjom/X//4vYiZ1s/v//g704/v//AA+EkwEA
AIC9g/7//wAPhVUBAAC+gAAAAIP/eA+EgAAAAIP/cHR7gz3IqEcAAX4MagRT6BCh//9ZWesMocCo
RwAPtgRYg+AEhcAPhJ8AAACD/291KoP7OA+NkQAAAIuFVP7//4uNWP7//w+kwQPB4AOJhVT+//+J
jVj+///rdmoAagr/tVj+////tVT+///oR7j//4mFVP7//4mVWP7//+tTgz3IqEcAAX4LVlPolqD/
/1lZ6wuhwKhHAA+2BFgjxoXAdCqLhVT+//+LjVj+//8PpMEEweAEiYVU/v//iY1Y/v//i8PocPT/
/4vY6wb+hYP+//+AvYP+//8AdUL/hWT+//+NQ9CZAYVU/v//EZVY/v//g71M/v//AHQR/410/v//
dQnGhYP+//8B6yj/hXz+//+LVQjoUfT//4vY6xb/jXz+//+D+/90C/91CFPoBLr//1lZgL2D/v//
AA+Etv7//4mdbP7//4C9af7//wAPhEkBAACLhVT+///32IuNWP7//4PRAPfZiYVU/v//iY1Y/v//
6SUBAACAvYP+//8AD4UJAQAAvoAAAACD/3h0UIP/cHRLgz3IqEcAAX4MagRT6IGf//9ZWesMocCo
RwAPtgRYg+AEhcB0W4P/b3UOg/s4fVHBpWD+//8D606LhWD+//+NBIDR4ImFYP7//+s7gz3IqEcA
AX4LVlPoN5///1lZ6wuhwKhHAA+2BFgjxoXAdBLBpWD+//8Ei8PoKfP//4vY6wb+hYP+//+AvYP+
//8AdUL/hWT+//+LhWD+//+NRBjQiYVg/v//g71M/v//AHQR/410/v//dQnGhYP+//8B6yj/hXz+
//+LVQjoCvP//4vY6xb/jXz+//+D+/90C/91CFPovbj//1lZgL2D/v//AA+EAv///4mdbP7//4C9
af7//wB0BvedYP7//4P/RnUHg6Vk/v//AIO9ZP7//wAPhOsAAACAvXL+//8AdT7/hUj+//+LnVD+
//+LhWD+//+DvTj+//8AdBOLhVT+//+JA4uFWP7//4lDBOsQgL1z/v//AHQEiQPrA2aJA/6Fa/7/
//9FDIt1DOt3/4V8/v//i1UI6FLy//+L2ImdbP7//w+2BkaJdQw7w3U5D7bDiw3AqEcA9kRBAYB0
Rv+FfP7//4tVCOgh8v//D7YORol1DDvIdCeD+P90C/91CFDo07f//1lZg/v/dDf/dQj/tWz+///o
vrf//1lZ6yX/jXz+//+DvWz+////D4U48v//gD4ldQ2LRQyAeAFuD4Qj8v//g70o/v//AXUM/7VE
/v//6O2u//9Zi4VI/v//g71s/v///3UPhcB1CziFa/7//3UDg8j/jaUY/v//i03k6B3H///okd3/
/8NVjawkdP///4HsDAEAAKEgrEcAi42UAAAAU1aJhYgAAAAz0lczwDsMxRCtRwB0BkCD+BNy8Yvw
weYDO44QrUcAD4UVAQAAoZThRwCD+AEPhN8AAAA7wnUNgz0UrEcAAQ+EzgAAAIH5/AAAAA+E6gAA
AGgEAQAAjUWAUFKIlYQAAAD/FZjSRQCFwHUQjUWAaNB0RwBQ6Gip//9ZWY19gIvHUOiLjP//QIP4
PFl2IovHUOh8jP//i/iNRYCD6DtqAwP4aNBzRwBX6PW2//+DxBBX6FyM////thStRwCL2OhPjP//
jUQDHFmDwANZg+D86B62//+L3GjogEcAU+gBqf//V1PoCqn//2jMc0cAU+j/qP///7YUrUcAU+jz
qP//aBAgAQBo1HNHAFPoGMP//4PELOsoUo2FlAAAAFCNthStRwD/Nujpi///WVD/Nmr0/xV40UUA
UP8VaNJFAI2ldP///4uNiAAAAOirxf//X15bgcWMAAAAycOhlOFHAIP4AXQNhcB1KoM9FKxHAAF1
IWj8AAAA6Gj+//+h3OJHAIXAWXQC/9Bo/wAAAOhS/v//WcNVi+yD7BBTVot1CDs15OdHAFcPg70B
AACLxsH4BY08hQDoRwCLB4PmH8HmAwPGilAE9sIBD4SbAQAAg2X0AIN9EACLXQyLy3Ri9sICdV32
wkh0IoB4BQp0HIsHikQwBf9NEIgDiweNSwHHRfQBAAAAxkQwBQpqAI1F8FD/dRCLB1H/NDD/FXDS
RQCFwHUw/xV00kUAagVZO8F1C4kNQOFHAOk2AQAAg/htdQczwOk3AQAAUOjGCQAAWekoAQAAi0Xw
iw8BRfT2RDEEgA+E/wAAAIXAdBCAOwp1C4vBjUQwBIAIBOsJiweNRDAEgCD7i0UMi030A8g7wYlF
+IlN9A+DxgAAAItF+IoAPBoPhKkAAAA8DXQLiAND/0X46YwAAABJOU34cxSLRfhAgDgKdQaDRfgC
61mJRfjrbv9F+GoAjUXwUGoBjUX/UIsH/zQw/xVw0kUAhcB1Cv8VdNJFAIXAdUaDffAAdECLB/ZE
MARIdBKKRf88CnQWxgMNiw+IRDEF6yg7XQx1C4B9/wp1BcYDCusYagFq//91COiTGwAAg8QMgH3/
CnQExgMNQ4tN9DlN+A+CTP///+sQiwf2RDAEQHUHjXQwBIAOAitdDIld9ItF9OsUgyVA4UcAAMcF
POFHAAkAAACDyP9fXlvJw/8FOOFHAGgAEAAA6Jip//+FwFmLTCQEiUEIdA2DSQwIx0EYABAAAOsR
g0kMBI1BFIlBCMdBGAIAAACLQQiDYQQAiQHDVv81DOlHAOjXJQAAWYsNCOlHAIvwoQzpRwCL0SvQ
g8IEO/JzTrkACAAAO/FzAovOA85RUOg9qf//hcBZWXUXg8YQVv81DOlHAOgoqf//hcBZWXUCXsOL
DQjpRwArDQzpRwCjDOlHAMH5Ao0MiIkNCOlHAItEJAiJAYMFCOlHAARew/90JATodf////fYG8D3
2FlIw2iAAAAA6Mao//+FwFmjDOlHAHUEahhYw4MgAKEM6UcAowjpRwAzwMNqDGgIgUcA6KvY///H
ReRsg0cAgX3kbINHAHMig2X8AItF5IsAhcB0C//Q6wczwEDDi2Xog038/4NF5ATr1eiv2P//w2oM
aBiBRwDoZ9j//8dF5HSDRwCBfeR0g0cAcyKDZfwAi0XkiwCFwHQL/9DrBzPAQMOLZeiDTfz/g0Xk
BOvV6GvY///DVYvsg30QAHUEM8Bdw/81pOZHAP91EP91DP91EP91CGoB/zWA5UcA6MckAACDxByF
wHUHuP///39dw4PA/l3DVYvsUVFTVjP2V4s9cOFHAIl1/IsHO8Z0YosdrNJFAFZWVlZq/1BWVv/T
O8aJRfh0WlDoqqf//zvGWYlF/HRMVlb/dfhQav//N1ZW/9OFwHQxjUX8VlDoiygAAIXAWVl9ETl1
/HQM/3X86Oeo//9ZiXX8g8cEiwc7xnWkM8BfXlvJw/91/OjLqP//WYPI/+vtzMzMzMzMzMzMzMzM
U1aLRCQYC8B1GItMJBSLRCQQM9L38YvYi0QkDPfxi9PrQYvIi1wkFItUJBCLRCQM0enR29Hq0dgL
yXX09/OL8PdkJBiLyItEJBT35gPRcg47VCQQdwhyBztEJAx2AU4z0ovGXlvCEABVi+yLVQihMK5H
AFO5sK1HAFY5EXQRjTRAg8EMjTS1sK1HADvOcuuNBECNBIWwrUcAO8hzBDkRdAIzyYXJD4QhAQAA
i1kIhdsPhBYBAACD+wV1DINhCAAzwEDpDgEAAIP7AQ+E9wAAAKHg4kcAiUUIi0UMo+DiRwCLQQSD
+AgPhcsAAAChKK5HAIsVLK5HAAPQO8J9FY00QI00tbitRwAr0IMmAIPGDEp194sJgfmOAADAizU0
rkcAdQzHBTSuRwCDAAAA63aB+ZAAAMB1DMcFNK5HAIEAAADrYoH5kQAAwHUMxwU0rkcAhAAAAOtO
gfmTAADAdQzHBTSuRwCFAAAA6zqB+Y0AAMB1DMcFNK5HAIIAAADrJoH5jwAAwHUMxwU0rkcAhgAA
AOsSgfmSAADAdQrHBTSuRwCKAAAA/zU0rkcAagj/01mJNTSuRwDrB4NhCABQ/9OLRQhZo+DiRwCD
yP/rCf91DP8VZNFFAF5bXcNWVzP/OT0Q6UcAdQXoBg0AAIs1AOlHAIX2dQW+b9dFAIoGPCB3CITA
dC6F/3QkPCJ1CTPJhf8PlMGL+Q+2wFDoNSgAAIXAWXQBRkbr0zwgdwdGigaEwHX1X4vGXsNTM9s5
HRDpRwBWV3UF6KgMAACLNYzhRwAz/zvzdRLrMDw9dAFHVujPhP//WY10BgGKBjrDdeqNBL0EAAAA
UOjMpP//i/g7+1mJPWjhRwB1BYPI/+tYizWM4UcAVesqVuiWhP//i+hFgD49WXQZVeicpP//O8NZ
iQd0N1ZQ6Emh//9ZWYPHBAP1OB510v81jOFHAOjspf//iR2M4UcAiR/HBQTpRwABAAAAM8BZXV9e
W8P/NWjhRwDox6X//4kdaOFHAIPI/+vkVYvsUVOLXQwz0jlVCFeJFov5xwMBAAAAdAmLTQiDRQgE
iTmAOCJ1DjPJhdIPlMFAi9GxIust/waF/3QFigiID0eKCA+22UD2g6HlRwAEdAz/BoX/dAWKGIgf
R0CEyYtdDHQyhdJ1vID5IHQFgPkJdbKF/3QExkf/AINl/ACAOAAPhNYAAACKCID5IHQFgPkJdQZA
6/FI6+GAOAAPhLsAAACDfQgAdAmLTQiDRQgEiTn/AzPbQzPS6wJAQoA4XHT5gDgidSb2wgF1H4N9
/AB0DI1IAYA5InUEi8HrAjPbM8k5TfwPlMGJTfzR6oXSdA2F/3QExgdcR/8GSnXzigiEyXRIg338
AHUKgPkgdD2A+Ql0OIXbdC6F/3QZD7bR9oKh5UcABHQGiA9HQP8GigiID0frDw+2yfaBoeVHAAR0
A0D/Bv8GQOlo////hf90BMYHAEf/BotdDOkh////i0UIhcB0A4MgAP8DX1vJw1WL7FFRU1ZXM/85
PRDpRwB1BehwCgAAaAQBAAC+6OJHAFZXxgXs40cAAP8VmNJFAKEA6UcAO8eJNXjhRwB0B4A4AIvY
dQKL3o1F/FBXjXX4M8mLw+g7/v//i3X8i0X4weYCA8ZQ6HKi//+L+IPEDIX/dQWDyP/rJY1F/FCN
DD5XjXX4i8PoCv7//4tF/EhZo1zhRwBZiT1g4UcAM8BfXlvJw1FRofDjRwBTVVZXiz1U0UUAM9sz
9jvDagJddS3/14vwO/N0DMcF8ONHAAEAAADrHv8VdNJFAIP4eHUJi8Wj8ONHAOsFofDjRwCD+AF1
fTvzdQj/14vwO/N0eWY5HovGdA4DxWY5GHX5A8VmORh18os9rNJFAFNTUyvGU9H4QFBWU1OJRCQ0
/9eL6DvrdDJV6Kah//87w1mJRCQQdCNTU1VQ/3QkJFZTU//XhcB1Dv90JBDo96L//1mJXCQQi1wk
EFb/FVjRRQCLw+tQO8V0CDvDdAQzwOtE/xVc0UUAi/A783TwOB50CkA4GHX7QDgYdfYrxkCL6FXo
PqH//4v4O/tZdQQz/+sLVVZX6CaI//+DxAxW/xVg0UUAi8dfXl1bWVnDi0QkBKNA4UcAM8k7BM04
rkcAdBtBg/ktcvGD+BNyHYP4JHcYxwU84UcADQAAAMOLBM08rkcAozzhRwDDPbwAAAByET3KAAAA
xwU84UcACAAAAHYKxwU84UcAFgAAAMNTVVZXg8v/M/Yz0rkA6EcAvwABAACLAYXAdD2NqAABAADr
DfZABAF0DYspg8AIA+87xXLv6xGDCP8rAcH4AwPCi9iD+/91T4PBBEaDwiCB+QDpRwB8v+s+V+hb
oP//hcBZdDODBeTnRwAgjQy1AOhHAIkBjZAAAQAA6xKDCP/GQAQAxkAFCosRg8AIA9c7wnLqweYF
i95fXl2Lw1vDi0QkBDsF5OdHAFZXc1KLyMH5BYvwg+YfjTyNAOhHAIsPweYDgzwO/3U2gz0UrEcA
AVOLXCQUdR6D6AB0EEh0CEh1E1Nq9OsIU2r16wNTavb/FVDRRQCLB4kcBjPAW+sUgyVA4UcAAMcF
POFHAAkAAACDyP9fXsOLTCQEOw3k50cAVldzVYvBwfgFi/GNPIUA6EcAiweD5h/B5gMDxvZABAF0
N4M4/3Qygz0UrEcAAXUfM8AryHQQSXQISXUTUGr06whQavXrA1Bq9v8VUNFFAIsHgwwG/zPA6xSD
JUDhRwAAxwU84UcACQAAAIPI/19ew4tEJAQ7BeTnRwBzG4vIwfkFiwyNAOhHAIPgH40EwfZABAF0
A4sAw4MlQOFHAADHBTzhRwAJAAAAg8j/w1WL7IPsHItNDFMz24TJVsdF5AwAAACJXeh5CYld7MZF
/xDrC8dF7AEAAADGRf8AuACAAACFyHUR9sVAdQg5BYDkRwB0BIBN/4BqA4vBXiPGK8N0GEh0DEh1
MMdF8AAAAMDrEMdF8AAAAEDrB8dF8AAAAICLRRCD+BB0PoP4IHQwg/gwdCKD+EB0GMcFPOFHABYA
AACJHUDhRwCDyP/p3wEAAIl1+OsVx0X4AgAAAOsMx0X4AQAAAOsDiV34i8G6AAcAACPCuQAEAAA7
wVe/AAEAAH8vdCg7w3QkO8d0Fz0AAgAAdEg9AAMAAHUpx0X0AgAAAOtIx0X0BAAAAOs/iXX06zo9
AAUAAHQsPQAGAAB0HDvCdCHHBTzhRwAWAAAAiR1A4UcAg8j/6VMBAADHRfQFAAAA6wfHRfQBAAAA
i0UMhce+gAAAAHQSiw1E4UcA99EjTRSEyXgDM/ZGqEB0F4BN8gGBzgAAAASDPUjhRwACdQSDTfgE
9sQQdAIL96ggdAiBzgAAAAjrCqgQdAaBzgAAABDonvz//4vYg8//O991GIMlQOFHAADHBTzhRwAY
AAAAi8fpxwAAAGoAVv919I1F5FD/dfj/dfD/dQj/FSDSRQCL8Dv3dBJW/xV00UUAhcB1Flb/FaDS
RQD/FXTSRQBQ6OH7//9Z67mD+AJ1BoBN/0DrCYP4A3UEgE3/CFZT6L/8//+KRf9ZWYvLwfkFDAGL
84PmH408jQDoRwCLD8HmA4hF/4Bl/0iIRDEEdSuEwHkn9kUMAnQhagJq/1PoOQ4AAIPEDIP4/4lF
8HUogT1A4UcAgwAAAHVbgH3/AHUP9kUMCHQJiweNRDAEgAggi8NfXlvJw2oBjUX+UFPGRf4A6MTw
//+DxAyFwHUWgH3+GnUQ/3XwU+hiHwAAg/j/WVl0EmoAagBT6M8NAACDxAyD+P91pVPo/Kz//1np
Vf7//y2kAwAAdCKD6AR0F4PoDXQMSHQDM8DDuAQEAADDuBIEAADDuAQIAADDuBEEAADDV2pAM8BZ
v6DlRwDzq6ozwKOk5kcAo4TlRwCjgOVHAL+w5kcAq6urX8NVi+yB7BgFAAChIKxHAIlF/FaNRehQ
/zWk5kcA/xXQ0kUAg/gBvgABAAAPhQ0BAAAzwIiEBej+//9AO8Zy9IpF7oTAxoXo/v//IHQ2U41V
71cPtgoPtsA7wXcdK8hBi9nB6QKNvAXo/v//uCAgICDzq4vLg+ED86pCigJChMB10V9bagD/NYDl
RwCNhej6////NaTmRwBQVo2F6P7//1BqAeiRw///agD/NaTmRwCNhej9//9WUFaNhej+//9QVv81
gOVHAOhhzP//agD/NaTmRwCNhej8//9WUFaNhej+//9QaAACAAD/NYDlRwDoOcz//4PEXDPAZouM
Rej6///2wQF0FoCIoeVHABCKjAXo/f//iIjA5kcA6xz2wQJ0EICIoeVHACCKjAXo/P//6+PGgMDm
RwAAQDvGcrzrRDPAg/hBchmD+Fp3FICIoeVHABCKyIDBIIiIwOZHAOsfg/hhchOD+Hp3DoCIoeVH
ACCKyIDpIOvgxoDA5kcAAEA7xnK+i038XugOtP//ycNVi+yD7ByhIKxHAFNWi3UIM9uD/v6JRfxX
iR3440cAdRLHBfjjRwABAAAA/xXM0kUA6yuD/v11EscF+ONHAAEAAAD/FdjRRQDrFIP+/HUUoQTi
RwDHBfjjRwABAAAAiUUIi/A7NaTmRwAPhGMBAAA78w+EUQEAADPSM8A5sKivRwB0Z4PAMEI98AAA
AHLtjUXoUFb/FdDSRQCD+AEPhR4BAABqQDPAWb+g5UcA86uqM/9HOX3oiTWk5kcAiR2A5UcAD4bn
AAAAgH3uAA+EuAAAAI1N74oRhNIPhKsAAAAPtkH/D7bS6Y8AAABqQDPAWb+g5UcA86uNDFLB4QSJ
XeSqjZm4r0cAigOL8+spilYBhNJ0Jg+2wA+2+jvHdxSLVeSKkqCvRwAIkKHlRwBAO8d29UZGigaE
wHXT/0Xkg8MIg33kBHLBi0UIo6TmRwDHBYTlRwABAAAA6MD8//+NsayvRwC/sOZHAKWlo4DlRwCl
61yAiKHlRwAEQDvCdvRBQYB5/wAPhUv///+Lx4CIoeVHAAhAPf8AAABy8YvG6Hv8//+jgOVHAIk9
hOVHAOsGiR2E5UcAM8C/sOZHAKurq+sNOR3440cAdA7ofvz//+ii/P//M8DrA4PI/4tN/F9eW+go
sv//ycODPRDpRwAAdRJq/egK/v//WccFEOlHAAEAAAAzwMNVi+yD7BChIKxHAIXAdAc9TuZAu3VO
Vo1F+FD/FbDRRQCLdfwzdfj/FTzSRQAz8P8VENJFADPw/xXo0kUAM/CNRfBQ/xVA0kUAi0X0M0Xw
M/CJNSCsRwB1CscFIKxHAE7mQLteycNoGAEAAGjAgkcA6NHH//+hIKxHAIlF5KH840cAM8k7wXQf
iU38/3UM/3UI/9BZWYNN/P/pCAEAADPAQMOLZejr7otFCEh0Fr+cgkcAx4XY/v//6IFHAL7UAAAA
6xS/yIFHAMeF2P7//yiBRwC+uQAAAIhN4GgEAQAAjYXc/v//UFH/FZjSRQCFwHUTaNB0RwCNhdz+
//9Q6PCT//9ZWY2d3P7//4vDUOgQd///WYPAC4P4PHYli8NQ6P92//+L2I2F3P7//4PoMQPYagNo
0HNHAFPodaH//4PEEFPo3Hb//1mNRDAMg8ADg+D86Kyg//+JZeiL9FdW6JCT//+/zHNHAFdW6JST
//9o6HRHAFboiZP//1NW6IKT//9XVuh7k////7XY/v//Vuhvk///aBAgAQBo1HNHAFbolK3//4PE
PGoD6KCj///Mi0QkCGogWZn3+WofWSvKg8r/0+KLTCQE99KFFIF0CTPAw4M8gQB190CD+AN89DPA
QMOLRCQIVldqIFmZ9/mLfCQMi/CNBLdQah9ZK8oz0kLT4lL/MOipGgAAg8QMTngcjTy3hcB0FVdq
Af836JIaAACDxAxOg+8EhfZ9519ew1WL7FGDZfwAU1ZXi30MT2ogjUcBWZn3+WofXivyM9JCi87T
4ovYi0UIhRSYdCGNTwFRUOhJ////hcBZWXUOV/91COhs////WVmJRfyLRQiDyv+LztPiagNZIRSY
QzvZfQmNPJgryzPA86uLRfxfXlvJw4tEJAiLTCQEagNaK8hWizCJNAGDwARKdfVewzPAi0wkBIM8
gQB1CkCD+AN88DPAQMMzwMNVi+yD7AyLRQxTVldqIF6Zi873+YtdCIPP/4l1DIvK0+eJRfgzwClV
DPfXiUX8izSDi84jz4lN9IvK0+6LTQwLdfyJNIOLdfTT5kCD+AOJdfx822oCWIvIK034jQyLO0X4
fAeLEYkUg+sEgySDAEiD6QSFwH3oX15bycNVi+yD7BiLRQgPt0gKU1aLdRBXi/mB4QCAAACJTQiL
SAaJTfSLSAIPtwDB4BCB5/9/AACB7/8/AACB/wHA//+JRfyNRfSJTfhQdR4z2+ga////hcBZD4W9
AAAAjX30q6uragJY6bEAAACNRehQ6N/+////dgiNRfRQ6GH+//+DxBCFwHQBR4tGBIvIK04IO/l9
CjPAjX30q6ur6zw7+H88K8eL+I1F6FCNRfRQ6KD+//+NRfRXUOjK/v///3YIjUX0UOgY/v//i0YM
QFCNRfRQ6LD+//+DxCAz2+uFOz7/dgx8ITPAjX30q6urgE33gI1F9FDojf7//4teFAMeWTPAWUDr
FoteFIBl93+NRfRQA9/ob/7//1lZM8BqH1krTgyLdhDT44tNCPfZG8mB4QAAAIAL2Qtd9IP+QHUN
i00Mi1X4iVkEiRHrCoP+IHUFi00MiRlfXlvJw2iYsEcA/3QkDP90JAzolv7//4PEDMNosLBHAP90
JAz/dCQM6ID+//+DxAzDVYvsg+wUoSCsRwCJRfwzwFBQUFD/dQyNRexQjUXwUOhWAAAA/3UIjUXw
UOik////i038g8Qk6Pus///Jw1WL7IPsFKEgrEcAiUX8M8BQUFBQ/3UMjUXsUI1F8FDoGQAAAP91
CI1F8FDoff///4tN/IPEJOi+rP//ycNVi+yD7FyhIKxHAIlF/FONRdBWiUXEM8Az0leLfRBCiUWw
iVW0iUXMiUW8iUWoiUWkiUWsiUXIiUW4iX3Aig+A+SB0D4D5CXQKgPkKdAWA+Q11A0fr52oEXoof
R4P4Cw+HaAIAAP8khSGxRQCA+zF8DID7OX8HagPpCAIAADodzKhHAHUHagXpNwIAAA++w4PoK3Qf
SEh0D4PoAw+EiQAAAE/puQIAAGoCWMdFsACAAADrpoNlsABqAljrnYD7MYlVvHwFgPs5fq06Hcyo
RwAPhK4AAACA+yt0JYD7LXQggPswdEaA+0N+uID7RX4KgPtjfq6A+2V/qWoG6cQBAABPagvpvAEA
AID7MXwJgPs5D45h////Oh3MqEcAD4Rk////gPswD4VnAQAAi8LpKP///4lVvDkVyKhHAA+2w34O
VlDonYH//1kz0llC6wyLDcCoRwAPtgRBI8aFwHQeg33MGXMQi0XE/0XMgOsw/0XEiBjrA/9FyIof
R+u5Oh3MqEcAdWWLxunP/v//g33MAIlVvIlVqHUN6wb/TciKH0eA+zB09TkVyKhHAA+2w34OVlDo
LoH//1kz0llC6wyLDcCoRwAPtgRBI8aFwHQcg33MGXMR/0XMi0XEgOsw/0XE/03IiBiKH0fru4D7
Kw+EDv///4D7LQ+EBf///+nl/v//ORXIqEcAiVWoD7bDfg5WUOjPgP//WTPSWULrDIsNwKhHAA+2
BEEjxoXAdGaLxutXgPsxjU/+iU3AfAWA+zl+RA++w4PoK3R6SEh0aoPoAw+FCgEAAGoI62uJVaTr
A4ofR4D7MHT4gPsxD4wz/v//gPs5D48q/v//6wqA+zF8DoD7OX8JaglYT+nN/f//gPswdMOLfcDp
xwAAAIN9IAB0Kg++w4PoK41P/4lNwHQUSEgPhakAAACDTbT/agdY6Zj9//9qB1jpkP3//2oKWE+D
+AoPhYP9///phQAAAMdFpAEAAAAz9oM9yKhHAAEPtsN+DGoEUOjrf///WVnrDYsNwKhHAA+2BEGD
4ASFwHQcD77LjQS2jXRB0IH+UBQAAH8Fih9H68C+URQAAIl1rIM9yKhHAAEPtsN+DGoEUOijf///
WVnrDYsNwKhHAA+2BEGD4ASFwA+ESP3//4ofR+vOi/mDfbwAi0UMiTgPhJYAAABqGFg5Rcx2FYB9
5wV8A/5F54lFzItFxEj/RcjrA4tFxIN9zAAPhpMAAADrBv9NzP9FyEiAOAB09I1F7FD/dcyNRdBQ
6IgUAACLRawzyYPEDDlNtH0C99gDRcg5TaR1AwNFGDlNqHUDK0UcPVAUAAB/Lj2w6///fD7/dRRQ
jUXsUOhbFwAAi1Xsi13ui3Xyi0X2g8QM6y/HRbgEAAAA6x4z27j/fwAAvgAAAIAz0sdFuAIAAADr
D8dFuAEAAAAz0jPAM/Yz24tNCAtFsF+JcQaJWQJmiUEKi0W4ZokRi038XlvoZ6j//8nDNq1FAIat
RQDRrUUA+61FAFSuRQDJrkUA+a5FAEOvRQAir0UApa9FAJevRQBjr0UAi0QkBDsF5OdHAFNWV3Nl
i8jB+QWL8IPmH408jQDoRwCLD8HmA/ZEMQQBdEhQ6Afv//+D+P9ZdEP/dCQYagD/dCQcUP8VTNFF
AIvYg/v/dQj/FXTSRQDrAjPAhcB0CVDo6Oz//1nrHosHjUQwBIAg/YvD6xSDJUDhRwAAxwU84UcA
CQAAAIPI/19eW8OLRCQEOwXk50cAcgMzwMOLyMH5BYsMjQDoRwCD4B8PvkTBBIPgQMNVi+yLRQhW
M/Y7xnUEM8DrUjk19OFHAHUSZotNDGaB+f8AdzKICDPAQOs4jU0IUVb/NcioRwCJdQhQagGNRQxQ
Vv81BOJHAP8VrNJFADvGdAU5dQh0DccFPOFHACoAAACDyP9eXcNVi+yLVRCLSgxTi10MhdtWi3UI
V41+AcYGMIvHfh+JXQgz24oRhNJ0Bg++0kHrA2owWogQQP9NCHXpi1UQhdvGAAB8EoA5NXwN6wPG
ADBIgDg5dPf+AIA+MXUF/0IE6xJX6NBs//9AUFdW6Jd5//+DxBBfXltdw1WL7FGLVQwzwGaLQgZT
Vle//wcAAL4AAACAiXX8i8jB6QQlAIAAACPPiUUMi0IEixIPt9kl//8PAIXbdBM733QIjbkAPAAA
6yi//38AAOshM9s7w3USO9N1DotFCIlYBIkYZolYCOtNjbkBPAAAiV38i8rB6RXB4AsLyAtN/ItF
CMHiC4XOiUgEiRB1H4sIi1AEi9nR4sHrHwvTA8mBx///AACF1olQBIkIdOGLTQwLz2aJSAhfXlvJ
w1WL7IPsEKEgrEcAiUX8VleNRQhQjUXwUOgp////WVloAORHAGoAahGD7AyNdfCL/KWlZqXoyxQA
AItN/KMk5EcAD74FAuRHAKMc5EcAD78FAORHAKMg5EcAg8QYxwUo5EcABORHALgc5EcA6Hul//9f
XsnDagLodZr//1nDM8D2wwF0A2oQWPbDBHQDg8gI9sMIdAODyAT2wxB0A4PIAvbDIHQDg8gB9sMC
dAUNAAAIAFUPt9NWi8q+AAwAACPOV78AAwAAvQACAAB0IYH5AAQAAHQUgfkACAAAdAg7znUNC8fr
CQvF6wUNAAEAACPXdAs71XUMDQAAAQDrBQ0AAAIA9scQX15ddAUNAAAEAMMzwPbDEHQBQPbDCHQD
g8gE9sMEdAODyAj2wwJ0A4PIEPbDAXQDg8gg98MAAAgAdAODyAKLy7oAAwAAI8pWvgACAAB0I4H5
AAEAAHQWO850CzvKdRMNAAwAAOsMDQAIAADrBQ0ABAAAi8uB4QAAAwB0DIH5AAABAHUGC8brAgvC
98MAAAQAXnQFDQAQAADDVYvsUVOb2X38i1386M/+//+L2ItFDPfQI9iLRQgjRQwL2OhL////iUUM
2W0Mi8NbycOLRCQIJf//9/9Q/3QkCOi7////WVnDVYvsg+wMoSCsRwBqBolF/I1F9FBoBBAAAP91
CMZF+gD/FcjSRQCFwHUFg8j/6wqNRfRQ6DNs//9Zi0386MWj///Jw2o4aNCCRwDo9bn//6EgrEcA
iUXkM/+JfcyJfbyLRRSLGIldwIl9xItFCDtFDA+EcwEAAI1N0FFQizXQ0kUA/9aFwHQgg33QAXUa
jUXQUP91DP/WhcB0DYN90AF1B8dFxAEAAAA5fcR0GoP7/3QEi/PrDP91EOhjaf//WYvwRol1yOsD
i3XIOX3EdRpXV1P/dRBqAf91CP8VxNJFAIvwiXXIO/d0WIl9/I0ENoPAA4Pg/OgHk///iWXoi9yJ
XbiNBDZQV1PohHX//4PEDINN/P/rFzPAQMOLZejoPbj//zP/M9uDTfz/i3XIO991HlZqAuiMwP//
WVmL2DvfdQczwOm0AAAAx0W8AQAAAFZT/3XA/3UQagH/dQj/FcTSRQCFwA+EgwAAADl9GHQgV1f/
dRz/dRhWU1f/dQz/FazSRQCFwHRmi0UYiUXM6145fcR1FldXV1dWU1f/dQz/FazSRQCL8Dv3dENW
agHoE8D//1lZiUXMO8d0MldXVlBWU1f/dQz/FazSRQA7x3UO/3XM6NOJ//9ZiX3M6xCDfcD/dAqL
TRSJAesDi124OX28dAdT6LKJ//9Zi0XMjWWsi03k6ACi///odLj//8NVi+xRUYtFCDsF5OdHAFZX
c3KLyMH5BYvwg+YfjTyNAOhHAIsPweYD9kQxBAF0VYtNDIlN+ItNEFCJTfzovej//4P4/1l0RP91
FI1N/FH/dfhQ/xVM0UUAg/j/iUX4dRP/FXTSRQCFwHQJUOih5v//WesiiweNRDAEgCD9i0X4i1X8
6xeDJUDhRwAAxwU84UcACQAAAIPI/4PK/19eycPMVYvsU1ZXVWoAagBoRLhFAP91COj+EwAAXV9e
W4vlXcOLTCQE90EEBgAAALgBAAAAdA+LRCQIi1QkEIkCuAMAAADDU1ZXi0QkEFBq/mhMuEUAZP81
AAAAAGSJJQAAAACLRCQgi1gIi3AMg/7/dC47dCQkdCiNNHaLDLOJTCQIiUgMg3yzBAB1EmgBAQAA
i0SzCOhAAAAA/1SzCOvDZI8FAAAAAIPEDF9eW8MzwGSLDQAAAACBeQRMuEUAdRCLUQyLUgw5UQh1
BbgBAAAAw1NRuzCxRwDrClNRuzCxRwCLTQiJSwiJQwSJawxZW8IEAFWL7IPsIFNWi3UIi14I9sMD
dRtkoRgAAACJRQiLRQiLSAg72YlN/HIMO1gEcwczwOnwAQAAV4t+DIP//3UIM8BA6d4BAAAz0olV
CIvDiwiD+f90CDvKD4NFAQAAg3gEAHQD/0UIQoPADDvXduCDfQgAdBSLRvg7RfwPgiIBAAA7xg+D
GgEAAKEw5EcAi/uB5wDw//8z9oXAfhI5PLU45EcAD4T+AAAARjvwfO5qHI1F4FBT/xWI0UUAhcAP
hGABAACBffgAAAABD4VTAQAA9kX0zHRWi03kZoE5TVoPhT8BAACLQTwDwYE4UEUAAA+FLgEAAGaB
eBgLAQ+FIgEAACvZZoN4BgAPt0gUjUwBGA+GDQEAAItBDDvYcg+LUQgD0Dvacwb2QSeAdXdqAWh4
5EcA/xVE0UUAhcAPhf/+//+LDTDkRwCFyYvRfhONBI005EcAOTh0CEqD6ASF0n/0hdJ1LWoPWzvL
fwKL2TPShdt8Eo0ElTjkRwCLMEI704k4i/5+7oP5EH0HQYkNMORHAGoAaHjkRwD/FUTRRQDpnf7/
/zPA63+F9g+Okf7//4sdRNFFAGoBaHjkRwD/04XAD4V6/v//OTy1OORHAHQuoTDkRwCNcP+F9nwQ
OTy1OORHAHQDTnn0hfZ9EIP4EH0GQKMw5EcAjXD/6wJ0GDPJhfZ8Eo0EjTjkRwCLEEE7zok4i/p+
7moAaHjkRwD/0+kd/v//g8j/X15bycODPcioRwABfg5qCP90JAjoVnT//1lZw4tEJASLDcCoRwAP
tgRBg+AIw1WL7FNWi3UMM9s783QVOV0QdBCKBjrDdRCLRQg7w3QDZokYM8BeW13DOR304UcAdROL
TQg7y3QHZg+2wGaJATPAQOvhiw3AqEcAD7bA9kRBAYB0TaHIqEcAg/gBfio5RRB8KDPJOV0ID5XB
Uf91CFBWagn/NQTiRwD/FcTSRQCFwKHIqEcAdZ05RRByBTheAXWTxwU84UcAKgAAAIPI/+uEM8A5
XQgPlcBQ/3UIagFWagn/NQTiRwD/FcTSRQCFwA+Fef///+vKgz3g50cAA1Z1Got0JAhW6IK8//+F
wFl0CItG/IPoCV7DVusE/3QkCGoA/zXc50cA/xU80UUAXsOLTCQEhcl0C0mAOAB0BkCFyXX1SYtE
JAQrwUjDakBo4IJHAOgws///oSCsRwCJReQz/zP2Rjk9fORHAHUyVri4fEcAUFZQV1f/FTTRRQCF
wHQIiTV85EcA6xX/FXTSRQCD+Hh1CscFfORHAAIAAAA5fRR+D/91FItFEOiB////WYlFFItFHDvH
fg1Qi0UY6G3///9ZiUUciw185EcAagJbO8sPhDkCAAA7zw+EMQIAADvOD4VWAgAAiX3EiX28iX3A
OX0gdQmLDQTiRwCJTSA5fRR0CDvHD4WpAAAAOUUUdQeLw+mnAgAAO8YPj50CAAA5dRR+CGoDWOmS
AgAAjUXQUP91IP8V0NJFAIXAD4T8AQAAOX0Ufis5XdBy2Y1F1oB91gB00IpQAYTSdMmLTRCKCToI
cgQ6ynaoA8OAOAB15euzOX0cfj45XdAPgj0CAACNRdaAfdYAD4QwAgAAilABhNIPhCUCAACLTRiK
CToIcgg6yg+GaP///wPDgDgAdd3pCAIAAFdX/3UU/3UQagn/dSD/FcTSRQCL2IlduDvfD4RpAQAA
iX38jQQbg8ADg+D86F6L//+JZeiLxIlFzINN/P/rHDPAQMOLZejoorD//4NlzACDTfz/i124M/ZG
M/+LRcw7x3UYjQQbUOhZgf//WYlFzDvHD4QSAQAAiXXEU1D/dRT/dRBW/3Ug/xXE0kUAhcAPhLEA
AABqAGoA/3Uc/3UYagn/dSD/FcTSRQCL8Il1tIX2D4SPAAAAx0X8AQAAAI0ENoPAA4Pg/OjEiv//
iWXoi/yJfbCDTfz/6xgzwEDDi2Xo6Aiw//8z/4NN/P+LXbiLdbSF/3UXjQQ2UOjGgP//WYv4hf90
QMdFvAEAAABWV/91HP91GGoB/3Ug/xXE0kUAhcB0FVZXU/91zP91DP91CP8VNNFFAIlFwIN9vAB0
B1fo9IH//1mDfcQAdAn/dczo5YH//1mLRcDprgAAAIl9yDl9CHUIofThRwCJRQiLXSA733UGix0E
4kcA/3UI6A72//9Zi/CD/v91BDPA630783RJagBqAI1FFFD/dRBWU+gv9v//g8QYi/iF/3TdagBq
AI1FHFD/dRhWU+gU9v//g8QYiUXIhcB1CVfoaoH//1nruIl9EItFyIlFGP91HP91GP91FP91EP91
DP91CP8VONFFAIvwhf90EFfoOoH///91yOgygf//WVmLxo1lpItN5OiAmf//6PSv///DVos1aOFH
AOsiV1D/dCQQ6HXX//+DxAyFwHUNiwaKBAc8PXQchMB0GIPGBIsGhcB12IvGKwVo4UcAXsH4AvfY
w4vGKwVo4UcAXsH4AsNVi+xRM8mF/4vHdQLJw4M/AHQJg8AEQYM4AHX3U40EjQQAAABWUOgxf///
i/CF9lmJdfx1CGoJ6PaN//9ZiweL3+sRUOiLCgAAiQaDxgSDwwSLA1mFwHXrIQaLRfxeW8nDVYvs
g+wQi0UIUzPbO8NXiV3wdQWDyP/rYVaLMDvziXX8dFNqPVbocwoAADvDWVmJRfR0QjvwdD4zyThY
AaFo4UcAD5TBOwVs4UcAiU34dQyL+OhI////o2jhRwA7w3VVOV0MdBk5HXDhRwB0Eeio1v//hcB0
P4PI/15fW8nDOV34dAQzwOvyagTobX7//zvDWaNo4UcAdN6JGDkdcOFHAHUTagToUn7//zvDWaNw
4UcAdMOJGIt99Ct9/P91/Is1aOFHAOiJ/v//i/g7+1l8RjkedEKNNL7/NuiRf///OV34WXUVi0X8
iQaLRQiJGOtni0YEiQZHg8YEOR5184vHweACUP81aOFHAOj/ff//O8NZWXRD6zw5XfgPhaMAAAA7
+30C99+NBL0IAAAAUP81aOFHAOjVff//O8NZWQ+ENP///4tV/I0MuIkRiVkEi00IiRmjaOFHADld
DHRQ/3X86IJd//9AQFDoj33//4vwO/NZWXQ4/3X8Vug5ev//i8YrRfxZA0X0WYtN+IgYQPfZG8n3
0SPIUVb/FTDRRQCFwHUEg03w/1boxH7//1k5Xfh0Cf91/Oi2fv//WYtF8Om3/v///3X86KV+//+L
RQhZiRjprv7//w+2RCQEikwkDISIoeVHAHUeg3wkCAB0EIsNwKhHAA+3BEEjRCQI6wIzwIXAdQHD
M8BAw2oEagD/dCQM6MD///+DxAzDVYvsuAgQAADooIb//6EgrEcAU4tdCFYz9jsd5OdHAIlF/A+D
GwEAAIvDwfgFiwSFAOhHAIvLg+Ef9kTIBAEPhP8AAABqAVZT6DHu//+DxAyD+P+Jhfjv//8PhO4A
AABqAlZT6Bbu//+DxAyD+P8PhNkAAABXi30MK/iF/35vaAAQAACNhfzv//9WUOitaP//aACAAABT
6FEIAACDxBSJRQi4ABAAADv4fQKLx1CNhfzv//9QU+hSpv//g8QMg/j/dAgr+IX/f9nrFoM9QOFH
AAV1CscFPOFHAA0AAACDzv//dQhT6AMIAABZWetAfT5qAP91DFPohO3//1Pot9z//4PEEFD/FUDR
RQCL8PfeG/b33k6D/v91FccFPOFHAA0AAAD/FXTSRQCjQOFHAGoA/7X47///U+hD7f//g8QMi8Zf
6w3HBTzhRwAJAAAAg8j/i038XlvoWZX//8nDi1QkBFaLdCQMjQwyM8A7ynIEO85zAzPAQItUJBCJ
Cl7DVot0JAhXi3wkEFb/N/826Mv///+DxAyFwHQXjUYEUGoB/zDot////4PEDIXAdAP/RgiNRgRQ
/3cE/zDon////4PEDIXAdAP/RgiNRghQ/3cI/zDoh////4PEDF9ew4tEJARWizCLzgP2V4t4BMHp
H4kwjTQ/C/GLSAiL18HqH9HhC8pfiXAEiUgIXsOLRCQEi1AIi0gEVleL+Yvy0enB5h8LzolIBIsI
wecf0ekLz9HqX4lQCIkIXsNVi+yD7BShIKxHAFOLXRAz0olF/ItFDDvCVlfHRexOQAAAiROJUwSJ
Uwh2T4lFEIvzjX3wpaVTpeho////U+hi////jUXwUFPo+v7//1PoUv///4tFCA++AINl9ACDZfgA
iUXwjUXwUFPo2f7//4PEHP9FCP9NEHW2M9I5Uwh1L4t7CItLBIFF7PD/AACLwcHoEIv4iwOL8MHu
EMHhEAvxweAQO/qJcwSJA3TXiXsIvgCAAADrDlPo6f7//4FF7P//AABZhXMIdO1mi0Xsi038X15m
iUMKW+ihk///ycNVi+yD7CihIKxHAFOLXQyJRfwzwDPJZotLClaLdQiJReSJRfCJRfSJRfhmi0YK
V4v5uv9/AAAjyjP4I8KB5wCAAABmPf9/jRQBiVUID4O4AQAAZoH5/38Pg60BAABmgfr9vw+HogEA
AGaB+r8/dwQzwOs6ZoXAuv///391GP9FCDPAhVYIdRA5RgR1CzkGdQfpbwEAADPAZjvIdR7/RQiF
Uwh1FjlDBHUROQN1DYlGCIlGBIkG6WsBAACJReiNRfSJRezHRQwFAAAAi0XoA8CDfQwAfkkDxolF
3ItFDI1LCIlN4IlF2ItF4ItN3A+3CQ+3AA+vwYtN7IPB/FFQ/zHoRP3//4PEDIXAdAaLRexm/wCD
RdwCg23gAv9N2HXIg0XsAv9F6P9NDIN9DAB/nIFFCALAAABmg30IAH4l9kX7gHUYjUXwUOh8/f//
gUUI//8AAGaDfQgAWX/iZoN9CAB/OYFFCP//AABmg30IAH0ri0UI99gPt9gBXQj2RfABdAP/ReSN
RfBQ6Gn9//9LWXXqg33kAHQEgE3wAWaBffAAgHcPi0XwJf//AQA9AIABAHU1g33y/3Usg2XyAIN9
9v91HYNl9gBmgX36//91C/9FCGbHRfoAgOsOZv9F+usI/0X26wP/RfKLRQhmPf9/cxtmi03yZokO
i030iU4Ci034iU4GC8dmiUYK6xtm998b/4NmBACB5wAAAICBxwCA/3+DJgCJfgiLTfxfXlvob5H/
/8nDVYvsg+wQoSCsRwBTu0CxRwAzyYPrYDlNDIlF/HRdfQv3XQy7oLJHAIPrYDlNEHUGi0UIZokI
OU0MdEBWV4tFDMF9DAOD4AeDw1Q7wXQmjQRAjTSDZoE+AIByDI198KWlpf9N8o118Fb/dQjoXv3/
/1lZM8k5TQx1xF9ei038W+jpkP//ycNVi+yD7DChIKxHAIlF/ItFEFOLXRxWi8i+/38AAIHhAIAA
ACPGZoXJV8ZF5MzGReXMxkXmzMZF58zGRejMxkXpzMZF6szGRevMxkXszMZF7czGRe77xkXvP8dF
1AEAAACL0HQGxkMCLesExkMCIGaF0ot9DHUNhf91CTl9CA+E8wAAAGY71nV4uAAAAIA7+GbHAwEA
dQaDfQgAdA/3xwAAAEB1B2gQg0cA60Zmhcl0FYH/AAAAwHUNg30IAHUuaAiDRwDrDzv4dSODfQgA
dR1oAINHAI1DBFDo9HL//8ZDAwWDZdQAWVnpbAEAAGj4gkcAjUMEUOjXcv//xkMDBuvhD7fCi/Bp
wBBNAABmg2XwAIvPwekYwe4IjQxOa8lNjbQBDO287ItFCIlF8sH+EA+/xvfYagFQjUXwUGaJVfqJ
ffboNP7//4PEDGaBffr/P3IQjUXkUI1F8FBG6On7//9ZWfZFGAGLfRRmiTN0Eg+/xgP4hf9/CcZD
BDDp+gAAAIP/FX4DahVfD7d1+oHu/j8AAGaDZfoAx0UQCAAAAI1F8FDoafr///9NEFl18YX2fRf3
3oHm/wAAAH4NjUXwUOh6+v//Tll1841PAYXJjUMEiUXQflCJTRCNdfCNfdilpY1F8FCl6Cb6//+N
RfBQ6B36//+NRdhQjUXwUOiy+f//jUXwUOgH+v//ikX7i03QBDCDxBT/RdD/TRCIAcZF+wB1totF
0EiKCEiA+TWNSwR8PusJgDg5dQjGADBIO8Fz8zvBcwRAZv8D/gAqwywDiEMDD77AxkQYBACLRdSL
TfxfXlvogY7//8nDgDgwdQVIO8Fz9jvBc9PGATBmgyMAM8DGQwIgxkMDAcZDBQBA681Wi3QkCIX2
dB5W6GRU//9AUOhydP//hcBZWXQLVlDoIHH//1lZXsMzwF7DVYvsgz2E5UcAAHUGXekWVf//i00I
6zEPttD2gqHlRwAEdBxBihGE0nQ5D7fAD7bSweAIC8I5RQx1DY1B/13DD7fQOVUMdApBZg+2AWaF
wHXGD7fQi0UMK8L32BvA99AjwV3DM8Bdw4tEJAQ7BeTnRwBWc2aLyIPgH8HgA8H5BY0MjQDoRwCL
0IsBD75EEASoAXRHvgCAAAAlgAAAADl0JAx1C4sJjUwRBIAhf+sTgXwkDABAAAB1FosJjUwRBIAJ
gPfYG8AlAMD//wPGXsPHBTzhRwAWAAAA6wrHBTzhRwAJAAAAg8j/XsPM/yVI0UUAVYvsg30QAHRI
gz304UcAAHUGXemAAAAAU1aLdQhXi30MD7YGUOgtbf//i9gPtgdQRughbf//WUf/TRBZi8h0CIXb
dAQ72XTZX4vDXivBW13DM8Bdw4M99OFHAAB1Benlof//U1aLdCQMV4t8JBQPtgZQ6OBs//+L2A+2
B1BG6NRs//9ZR4XbWYvIdAQ72XTeX4vDXivBW8NVi+xXVlOLTRALyXRNi3UIi30Mt0GzWrYgjUkA
iiYK5IoHdCcKwHQjg8YBg8cBOPxyBjjcdwIC5jj4cgY42HcCAsY4xHULg+kBddEzyTjEdAm5////
/3IC99mLwVteX8nDAAAAAAAAAAAAAAAAAAAAAAAAAAAAAAAAAAAAAAAAAAAAAAAAAAAAAAAAAAAA
AAAAAAAAAAAAAAAAAAAAAAAAAAAAAAAAAAAAAAAAAAAAAAAAAAAAAAAAAAAAAAAAAAAAAAAAAAAA
AAAAAAAAAAAAAAAAAAAAAAAAAAAAAAAAAAAAAAAAAAAAAAAAAAAAAAAAAAAAAAAAAAAAAAAAAAAA
AAAAAAAAAAAAAAAAAAAAAAAAAAAAAAAAAAAAAAAAAAAAAAAAAAAAAAAAAAAAAAAAAAAAAAAAAAAA
AAAAAAAAAAAAAAAAAAAAAAAAAAAAAAAAAAAAAAAAAAAAAAAAAAAAAAAAAAAAAAAAAAAAAAAAAAAA
AAAAAAAAAAAAAAAAAAAAAAAAAAAAAAAAAAAAAAAAAAAAAAAAAAAAAAAAAAAAAAAAAAAAAAAAAAAA
AAAAAAAAAAAAAAAAAAAAAAAAAAAAAAAAAAAAAAAAAAAAAAAAAAAAAAAAAAAAAAAAAAAAAAAAAAAA
AAAAAAAAAAAAAAAAAAAAAAAAAAAAAAAAAAAAAAAAAAAAAAAAAAAAAAAAAAAAAAAAAAAAAAAAAAAA
AAAAAAAAAAAAAAAAAAAAAAAAAAAAAAAAAAAAAAAAAAAAAAAAAAAAAAAAAAAAAAAAAAAAAAAAAAAA
AAAAAAAAAAAAAAAAAAAAAAAAAAAAAAAAAAAAAAAAAAAAAAAAAAAAAAAAAAAAAAAAAAAAAAAAAAAA
AAAAAAAAAAAAAAAAAAAAAAAAAAAAAAAAAAAAAAAAAAAAAAAAAAAAAAAAAAAAAAAAAAAAAAAAAAAA
AAAAAAAAAAAAAAAAAAAAAAAAAAAAAAAAAAAAAAAAAAAAAAAAAAAAAAAAAAAAAAAAAAAAAAAAAAAA
AAAAAAAAAAAAAAAAAAAAAAAAAAAAAAAAAAAAAAAAAHSJBwCCiQcAlokHAKSJBwC0iQcAwIkHAMqJ
BwDaiQcA9okHABSKBwA0igcAUIoHAGCKBwByigcAgooHAJCKBwCiigcAAAAAAA4AAIAPAACAEQAA
gA0AAIAAAAAAFo4HAAKOBwDwjQcA4I0HACSLBwAwiwcASIsHAF6LBwBuiwcAeosHAIiLBwCYiwcA
pIsHALiLBwDKiwcA2osHAPCLBwAIjAcAFowHACaMBwA4jAcARowHAFiMBwBojAcAeIwHAIaMBwCg
jAcArIwHALiMBwDGjAcA4IwHAOyMBwD8jAcAFo0HAC6NBwA8jQcARo0HAFKNBwBejQcAao0HAHaN
BwCGjQcAmI0HAKiNBwC6jQcAzo0HAAAAAAAwjgcAiI4HAG6OBwBejgcARI4HAAAAAACingcAkJ4H
AH6eBwByngcAvJ4HAFyeBwBQngcAPp4HAC6eBwAUngcA+p0HAOKdBwDInQcArJ0HAJ6dBwCQnQcA
gp0HAHSdBwBknQcAUp0HAEKdBwAynQcAIp0HABKdBwACnQcA8JwHANacBwDCnAcAsJwHAJ6cBwCM
nAcAepwHAGCcBwBMnAcAPpwHADKcBwAknAcAGJwHAAacBwD0mwcA3JsHAMSbBwC6mwcAqpsHAJCb
BwCCmwcAcpsHAGKbBwBSmwcAQpsHADKbBwAgmwcADpsHAACbBwDymgcA2poHAMSaBwC2mgcAopoH
AI6aBwCAmgcAbpoHAGKaBwBKmgcAOJoHACiaBwAcmgcABpoHAOyZBwDWmQcAwpkHALCZBwCcmQcA
ipkHAHqZBwBgmQcATpkHADiZBwAsmQcAHJkHABCZBwAAmQcA6pgHANSYBwDImAcAuJgHAKqYBwCU
mAcAhJgHAHKYBwBcmAcASpgHADyYBwA0mAcAJJgHAA6YBwAAmAcA8pcHAOKXBwDUlwcAwJcHAKqX
BwCYlwcAjJcHAICXBwB0lwcAYJcHAE6XBwA+lwcANJcHACSXBwAAAAAA7o4HAAAAAADIlQcA2JUH
AO6VBwAAlgcAupUHAB6WBwAwlgcARJYHAFKWBwASlgcApJUHAAqPBwAcjwcALo8HAD6PBwBKjwcA
XI8HAHSPBwCEjwcAko8HAI6VBwB+lQcAbpUHAFKVBwBClQcANpUHACKVBwAUlQcACJUHAPyUBwDs
lAcA2JQHAMaUBwC2lAcApJQHAJSUBwCClAcAcJQHAFyUBwBIlAcAPJQHACyUBwAalAcACpQHAPqT
BwDukwcA4JMHALCTBwCgkwcAjpMHAHqTBwBokwcAWpMHAE6TBwBCkwcALpMHAB6TBwASkwcABJMH
APKSBwDkkgcA1pIHAMiSBwC8kgcAqJIHAJqSBwCIkgcAfJIHAGiSBwBakgcATJIHAD6SBwAokgcA
GpIHAAiSBwD0kQcA4JEHAM6RBwC+kQcArJEHAKCRBwCUkQcAgpEHAGyRBwBWkQcAPJEHADCRBwAe
kQcAEJEHAAKRBwD2kAcA6JAHANaQBwDEkAcArpAHAJqQBwCIkAcAepAHAGSQBwBckAcAUJAHAECQ
BwAwkAcAHJAHAAyQBwD6jwcA7I8HANSPBwDEjwcAso8HAKSPBwDMkwcAAAAAAHSWBwAAAAAA5JYH
ANCWBwC8lgcArJYHAJyWBwCMlgcA9JYHAASXBwAAAAAA0IoHAOCKBwDuigcAAosHAAAAAACujgcA
wI4HANCOBwAAAAAAAAAAABjVRQADAAAAUHVUVFkAAABvcHRpb24gIiVzIiBub3QgYXZhaWxhYmxl
IGluIHRoaXMgdG9vbAAALXNzaHJhd2xvZwAALXNzaGxvZwAtc2Vzc2lvbmxvZwBVbnJlY29nbmlz
ZWQgc3Vib3B0aW9uICItc2VyY2ZnICVzIgAxLjUAVW5yZWNvZ25pc2VkIHN1Ym9wdGlvbiAiLXNl
cmNmZyAlYyIAdGhlIC1zZXJjZmcgb3B0aW9uIGNhbiBvbmx5IGJlIHVzZWQgd2l0aCB0aGUgc2Vy
aWFsIHByb3RvY29sAAAAAC1zZXJjZmcALWlwdjYAAAAtNgAALWlwdjQAAAAtNAAALWkAAC0yAAAt
MQAALUMAAC1OAAAtVAAALXQAAC14AAAtWAAALWEAAC1BAAAtbm9wYWdlYW50AAAtbm9wYWdlbnQA
AAAtbm9hZ2VudAAAAAAtcGFnZWFudAAAAAAtcGFnZW50AC1hZ2VudAAAdGhlIC1wdyBvcHRpb24g
Y2FuIG9ubHkgYmUgdXNlZCB3aXRoIHRoZSBTU0ggcHJvdG9jb2wAAAAtcHcALVAAAHVuYWJsZSB0
byBvcGVuIGNvbW1hbmQgZmlsZSAiJXMiAAAAAHIAAAAtbQAAJS4qcwAAAAAtbmMgZXhwZWN0cyBh
cmd1bWVudCBvZiBmb3JtICdob3N0OnBvcnQnAAAAAC1uYwBEAAAATCVzACVjJS4qcwAALSVjIGV4
cGVjdHMgYXQgbGVhc3QgdHdvIGNvbG9ucyBpbiBpdHMgYXJndW1lbnQALVIAAC1EAAAtTAAAJyVz
JyBpcyBub3QgYSB2YWxpZCBmb3JtYXQgZm9yIGEgbWFudWFsIGhvc3Qga2V5IHNwZWNpZmljYXRp
b24AAC1ob3N0a2V5AAAAAC1sb2dob3N0AAAAAC1sAAAtdgAALXNlcmlhbAAtcmF3AAAAAC1ybG9n
aW4ALXRlbG5ldAAtc3NoAAAAAC1sb2FkAAAAb2xkZW50cnkgPT0gZW50cnkAAAAuLlxjb25mLmMA
AABlbnRyeQAAAHZhbHVldHlwZXNbcHJpbWFyeV0gPT0gVFlQRV9JTlQAc3Via2V5dHlwZXNbcHJp
bWFyeV0gPT0gVFlQRV9OT05FAAAAc3Via2V5dHlwZXNbcHJpbWFyeV0gPT0gVFlQRV9JTlQAAAAA
dmFsdWV0eXBlc1twcmltYXJ5XSA9PSBUWVBFX1NUUgBzdWJrZXl0eXBlc1twcmltYXJ5XSA9PSBU
WVBFX1NUUgAAAAByZXQAdmFsdWV0eXBlc1twcmltYXJ5XSA9PSBUWVBFX0ZJTEVOQU1FAAAAAHZh
bHVldHlwZXNbcHJpbWFyeV0gPT0gVFlQRV9GT05UAAAAAAAAAAAE3EUAAQAAAPjbRQACAAAA9NtF
AAQAAADg20UAAwAAAMjbRQAFAAAAsNtFAAAAAACY20UAAQAAAIDbRQACAAAAYNtFAAMAAABI20UA
BAAAALDbRQAAAAAANNtFABzbRQAI20UA8NpFAOTaRQDU2kUAyNpFALjaRQCs2kUAnNpFAJDaRQCA
2kUAdNpFAGDaRQBU2kUARNpFADTaRQAg2kUAFNpFAATaRQD42UUA6NlFAOTZRQDg2UUATFJEAEE0
NgBBTlNJIFdoaXRlIEJvbGQAQU5TSSBXaGl0ZQAAQU5TSSBDeWFuIEJvbGQAAEFOU0kgQ3lhbgAA
AEFOU0kgTWFnZW50YSBCb2xkAAAAQU5TSSBNYWdlbnRhAAAAAEFOU0kgQmx1ZSBCb2xkAABBTlNJ
IEJsdWUAAABBTlNJIFllbGxvdyBCb2xkAAAAAEFOU0kgWWVsbG93AEFOU0kgR3JlZW4gQm9sZABB
TlNJIEdyZWVuAABBTlNJIFJlZCBCb2xkAAAAQU5TSSBSZWQAAAAAQU5TSSBCbGFjayBCb2xkAEFO
U0kgQmxhY2sAAEN1cnNvciBDb2xvdXIAAABDdXJzb3IgVGV4dABEZWZhdWx0IEJvbGQgQmFja2dy
b3VuZABEZWZhdWx0IEJhY2tncm91bmQAAERlZmF1bHQgQm9sZCBGb3JlZ3JvdW5kAERlZmF1bHQg
Rm9yZWdyb3VuZAAAUlNBLWJhc2VkIGtleSBleGNoYW5nZQAARGlmZmllLUhlbGxtYW4gZ3JvdXAg
ZXhjaGFuZ2UAAABEaWZmaWUtSGVsbG1hbiBncm91cCAxNABEaWZmaWUtSGVsbG1hbiBncm91cCAx
AAAtLSB3YXJuIGJlbG93IGhlcmUgLS0AAABBcmNmb3VyIChTU0gtMiBvbmx5KQAAAABBRVMgKFNT
SC0yIG9ubHkpAAAAAERFUwBCbG93ZmlzaAAAAAAzREVTAAAAAGJ1dHRvbiA+PSAwICYmIGJ1dHRv
biA8IGN0cmwtPnJhZGlvLm5idXR0b25zAAAAAGJ1dHRvbiA8IGN0cmwtPnJhZGlvLm5idXR0b25z
AAAALi5cY29uZmlnLmMAJWcAACVkAABIb3N0IE5hbWUgKG9yIElQIGFkZHJlc3MpAAAAU2VyaWFs
IGxpbmUAUG9ydAAAAABTcGVlZAAAAG5iAABvYgAAaWQgPj0gMCAmJiBpZCA8IG5nc3NsaWJzAAAA
AE5vbmUgKHByaW50aW5nIGRpc2FibGVkKQAAAABPbgAAT2ZmAEF1dG8AAAAARGVmYXVsdCBTZXR0
aW5ncwAAAAAlZAkoMHglMDJYKQklYwklZAAAACVjJXMAAAAAJXMJJXMAAAAoYXV0bykAAAkAAABT
cGVjaWZpZWQgZm9yd2FyZGluZyBhbHJlYWR5IGV4aXN0cwBZb3UgbmVlZCB0byBzcGVjaWZ5IGEg
ZGVzdGluYXRpb24gYWRkcmVzcwppbiB0aGUgZm9ybSAiaG9zdC5uYW1lOnBvcnQiAABZb3UgbmVl
ZCB0byBzcGVjaWZ5IGEgc291cmNlIHBvcnQgbnVtYmVyAAAAAFIAAABMAAAANgAAADQAAAAlcwkA
U3BlY2lmaWVkIGhvc3Qga2V5IGlzIGFscmVhZHkgbGlzdGVkAAAAAEhvc3Qga2V5IGlzIG5vdCBp
biBhIHZhbGlkIGZvcm1hdAAAAFlvdSBuZWVkIHRvIHNwZWNpZnkgYSBob3N0IGtleSBvciBmaW5n
ZXJwcmludAAAAFJlcGxpZXMgdG8gcmVxdWVzdHMgb24gY2xvc2VkIGNoYW5uZWxzAABzc2guYnVn
cy53aW5hZGo6Y29uZmlnLXNzaC1idWctY2hhbnJlcQAAT25seSBzdXBwb3J0cyBwcmUtUkZDNDQx
OSBTU0gtMiBESCBHRVgAAHNzaC5idWdzLm9sZGdleDI6Y29uZmlnLXNzaC1idWctb2xkZ2V4MgBJ
Z25vcmVzIFNTSC0yIG1heGltdW0gcGFja2V0IHNpemUAAABzc2guYnVncy5tYXhwa3QyOmNvbmZp
Zy1zc2gtYnVnLW1heHBrdDIASGFuZGxlcyBTU0gtMiBrZXkgcmUtZXhjaGFuZ2UgYmFkbHkAc3No
LmJ1Z3MucmVrZXkyOmNvbmZpZy1zc2gtYnVnLXJla2V5AAAAAE1pc3VzZXMgdGhlIHNlc3Npb24g
SUQgaW4gU1NILTIgUEsgYXV0aABzc2guYnVncy5wa3Nlc3NpZDI6Y29uZmlnLXNzaC1idWctcGtz
ZXNzaWQyAFJlcXVpcmVzIHBhZGRpbmcgb24gU1NILTIgUlNBIHNpZ25hdHVyZXMAAAAAc3NoLmJ1
Z3MucnNhcGFkMjpjb25maWctc3NoLWJ1Zy1zaWcAQ29ubmVjdGlvbi9TU0gvTW9yZSBidWdzAAAA
AEZ1cnRoZXIgd29ya2Fyb3VuZHMgZm9yIFNTSCBzZXJ2ZXIgYnVncwBNaXNjb21wdXRlcyBTU0gt
MiBlbmNyeXB0aW9uIGtleXMAAABzc2guYnVncy5kZXJpdmVrZXkyOmNvbmZpZy1zc2gtYnVnLWRl
cml2ZWtleTIAAABNaXNjb21wdXRlcyBTU0gtMiBITUFDIGtleXMAc3NoLmJ1Z3MuaG1hYzI6Y29u
ZmlnLXNzaC1idWctaG1hYzIAQ2hva2VzIG9uIFB1VFRZJ3MgU1NILTIgJ3dpbmFkaicgcmVxdWVz
dHMAAABzc2guYnVncy53aW5hZGo6Y29uZmlnLXNzaC1idWctd2luYWRqAAAAQ2hva2VzIG9uIFNT
SC0yIGlnbm9yZSBtZXNzYWdlcwBzc2guYnVncy5pZ25vcmUyOmNvbmZpZy1zc2gtYnVnLWlnbm9y
ZTIAQ2hva2VzIG9uIFNTSC0xIFJTQSBhdXRoZW50aWNhdGlvbgAAc3NoLmJ1Z3MucnNhMTpjb25m
aWctc3NoLWJ1Zy1yc2ExAAAAUmVmdXNlcyBhbGwgU1NILTEgcGFzc3dvcmQgY2Ftb3VmbGFnZQAA
AHNzaC5idWdzLnBsYWlucHcxOmNvbmZpZy1zc2gtYnVnLXBsYWlucHcxAAAAQ2hva2VzIG9uIFNT
SC0xIGlnbm9yZSBtZXNzYWdlcwBzc2guYnVncy5pZ25vcmUxOmNvbmZpZy1zc2gtYnVnLWlnbm9y
ZTEARGV0ZWN0aW9uIG9mIGtub3duIGJ1Z3MgaW4gU1NIIHNlcnZlcnMAAENvbm5lY3Rpb24vU1NI
L0J1Z3MAV29ya2Fyb3VuZHMgZm9yIFNTSCBzZXJ2ZXIgYnVncwAAAAAAc3NoLnR1bm5lbHMucG9y
dGZ3ZC5pcHZlcnNpb246Y29uZmlnLXNzaC1wb3J0ZndkLWFkZHJlc3MtZmFtaWx5AExvY2FsAAAA
UmVtb3RlAABEeW5hbWljAERlc3RpbmF0aW9uAFNvdXJjZSBwb3J0AEFkZCBuZXcgZm9yd2FyZGVk
IHBvcnQ6AEZvcndhcmRlZCBwb3J0czoAAAAAc3NoLnR1bm5lbHMucG9ydGZ3ZDpjb25maWctc3No
LXBvcnRmd2QAAFJlbW90ZSBwb3J0cyBkbyB0aGUgc2FtZSAoU1NILTIgb25seSkAAABMb2NhbCBw
b3J0cyBhY2NlcHQgY29ubmVjdGlvbnMgZnJvbSBvdGhlciBob3N0cwBzc2gudHVubmVscy5wb3J0
ZndkLmxvY2FsaG9zdDpjb25maWctc3NoLXBvcnRmd2QtbG9jYWxob3N0AABwb3J0ZndkAFBvcnQg
Zm9yd2FyZGluZwBDb25uZWN0aW9uL1NTSC9UdW5uZWxzAABPcHRpb25zIGNvbnRyb2xsaW5nIFNT
SCBwb3J0IGZvcndhcmRpbmcAUmVtb3RlIFgxMSBhdXRoZW50aWNhdGlvbiBwcm90b2NvbAAAc3No
LnR1bm5lbHMueDExYXV0aDpjb25maWctc3NoLXgxMWF1dGgAAE1JVC1NYWdpYy1Db29raWUtMQAA
WERNLUF1dGhvcml6YXRpb24tMQBYIGRpc3BsYXkgbG9jYXRpb24AAEVuYWJsZSBYMTEgZm9yd2Fy
ZGluZwAAAHNzaC50dW5uZWxzLngxMTpjb25maWctc3NoLXgxMQAAeDExAFgxMSBmb3J3YXJkaW5n
AABDb25uZWN0aW9uL1NTSC9YMTEAAE9wdGlvbnMgY29udHJvbGxpbmcgU1NIIFgxMSBmb3J3YXJk
aW5nAABUaGlzOgAAAFZhbHVlOgAATW9kZToAAABUZXJtaW5hbCBtb2RlcyB0byBzZW5kOgBzc2gu
dHR5bW9kZXM6Y29uZmlnLXR0eW1vZGVzAAAAAHR0eW1vZGVzAAAAAFRlcm1pbmFsIG1vZGVzAABE
b24ndCBhbGxvY2F0ZSBhIHBzZXVkby10ZXJtaW5hbAAAAABzc2gubm9wdHk6Y29uZmlnLXNzaC1w
dHkAAAAAc3NodHR5AABDb25uZWN0aW9uL1NTSC9UVFkAAFJlbW90ZSB0ZXJtaW5hbCBzZXR0aW5n
cwAAAABVc2VyLXN1cHBsaWVkIEdTU0FQSSBsaWJyYXJ5IHBhdGg6AABEeW5hbWljIExpYnJhcnkg
RmlsZXMgKCouZGxsKQAqLmRsbABBbGwgRmlsZXMgKCouKikAKgAAAAAAAABTZWxlY3QgbGlicmFy
eSBmaWxlAFByZWZlcmVuY2Ugb3JkZXIgZm9yIEdTU0FQSSBsaWJyYXJpZXM6AABzc2guYXV0aC5n
c3NhcGkubGlicmFyaWVzOmNvbmZpZy1zc2gtYXV0aC1nc3NhcGktbGlicmFyaWVzAABBbGxvdyBH
U1NBUEkgY3JlZGVudGlhbCBkZWxlZ2F0aW9uAABzc2guYXV0aC5nc3NhcGkuZGVsZWdhdGlvbjpj
b25maWctc3NoLWF1dGgtZ3NzYXBpLWRlbGVnYXRpb24AAAAAQXR0ZW1wdCBHU1NBUEkgYXV0aGVu
dGljYXRpb24gKFNTSC0yIG9ubHkpAABzc2guYXV0aC5nc3NhcGk6Y29uZmlnLXNzaC1hdXRoLWdz
c2FwaQAAZ3NzYXBpAABDb25uZWN0aW9uL1NTSC9BdXRoL0dTU0FQSQAAT3B0aW9ucyBjb250cm9s
bGluZyBHU1NBUEkgYXV0aGVudGljYXRpb24AAABQcml2YXRlIGtleSBmaWxlIGZvciBhdXRoZW50
aWNhdGlvbjoAAAAAUHVUVFkgUHJpdmF0ZSBLZXkgRmlsZXMgKCoucHBrKQAqLnBwawBBbGwgRmls
ZXMgKCouKikAKgAAAAAAU2VsZWN0IHByaXZhdGUga2V5IGZpbGUAc3NoLmF1dGgucHJpdmtleTpj
b25maWctc3NoLXByaXZrZXkAQWxsb3cgYXR0ZW1wdGVkIGNoYW5nZXMgb2YgdXNlcm5hbWUgaW4g
U1NILTIAAAAAc3NoLmF1dGguY2hhbmdldXNlcjpjb25maWctc3NoLWNoYW5nZXVzZXIAAABBbGxv
dyBhZ2VudCBmb3J3YXJkaW5nAABzc2guYXV0aC5hZ2VudGZ3ZDpjb25maWctc3NoLWFnZW50Zndk
AAAAcGFyYW1zAABBdXRoZW50aWNhdGlvbiBwYXJhbWV0ZXJzAAAAQXR0ZW1wdCAia2V5Ym9hcmQt
aW50ZXJhY3RpdmUiIGF1dGggKFNTSC0yKQBzc2guYXV0aC5raTpjb25maWctc3NoLWtpAAAAQXR0
ZW1wdCBUSVMgb3IgQ3J5cHRvQ2FyZCBhdXRoIChTU0gtMSkAAHNzaC5hdXRoLnRpczpjb25maWct
c3NoLXRpcwBBdHRlbXB0IGF1dGhlbnRpY2F0aW9uIHVzaW5nIFBhZ2VhbnQAAAAAc3NoLmF1dGgu
cGFnZWFudDpjb25maWctc3NoLXRyeWFnZW50AAAAAG1ldGhvZHMAQXV0aGVudGljYXRpb24gbWV0
aG9kcwAARGlzcGxheSBwcmUtYXV0aGVudGljYXRpb24gYmFubmVyIChTU0gtMiBvbmx5KQAAc3No
LmF1dGguYmFubmVyOmNvbmZpZy1zc2gtYmFubmVyAAAAQnlwYXNzIGF1dGhlbnRpY2F0aW9uIGVu
dGlyZWx5IChTU0gtMiBvbmx5KQBzc2guYXV0aC5ieXBhc3M6Y29uZmlnLXNzaC1ub2F1dGgAAABD
b25uZWN0aW9uL1NTSC9BdXRoAE9wdGlvbnMgY29udHJvbGxpbmcgU1NIIGF1dGhlbnRpY2F0aW9u
AABFbmFibGUgbGVnYWN5IHVzZSBvZiBzaW5nbGUtREVTIGluIFNTSC0yAAAAAEVuY3J5cHRpb24g
Y2lwaGVyIHNlbGVjdGlvbiBwb2xpY3k6AHNzaC5jaXBoZXJzOmNvbmZpZy1zc2gtZW5jcnlwdGlv
bgAAAGVuY3J5cHRpb24AAEVuY3J5cHRpb24gb3B0aW9ucwAAQ29ubmVjdGlvbi9TU0gvQ2lwaGVy
AAAAT3B0aW9ucyBjb250cm9sbGluZyBTU0ggZW5jcnlwdGlvbgAARG9uJ3Qgc3RhcnQgYSBzaGVs
bCBvciBjb21tYW5kIGF0IGFsbAAAAHNzaC5ub3NoZWxsOmNvbmZpZy1zc2gtbm9zaGVsbAAAUmVt
b3RlIGNvbW1hbmQ6AHNzaC5jb21tYW5kOmNvbmZpZy1jb21tYW5kAABBZGQga2V5AEtleQBIb3N0
IGtleXMgb3IgZmluZ2VycHJpbnRzIHRvIGFjY2VwdDoAAAAAc3NoLmtleC5tYW51YWxob3N0a2V5
czpjb25maWctc3NoLWtleC1tYW51YWwtaG9zdGtleXMAAABob3N0a2V5cwAAAABNYW51YWxseSBj
b25maWd1cmUgaG9zdCBrZXlzIGZvciB0aGlzIGNvbm5lY3Rpb24AAAAAKFVzZSAxTSBmb3IgMSBt
ZWdhYnl0ZSwgMUcgZm9yIDEgZ2lnYWJ5dGUgZXRjKQAATWF4IGRhdGEgYmVmb3JlIHJla2V5ICgw
IGZvciBubyBsaW1pdCkAAE1heCBtaW51dGVzIGJlZm9yZSByZWtleSAoMCBmb3Igbm8gbGltaXQp
AAAAc3NoLmtleC5yZXBlYXQ6Y29uZmlnLXNzaC1rZXgtcmVrZXkAcmVwZWF0AABPcHRpb25zIGNv
bnRyb2xsaW5nIGtleSByZS1leGNoYW5nZQBBbGdvcml0aG0gc2VsZWN0aW9uIHBvbGljeToAc3No
LmtleC5vcmRlcjpjb25maWctc3NoLWtleC1vcmRlcgAAS2V5IGV4Y2hhbmdlIGFsZ29yaXRobSBv
cHRpb25zAABDb25uZWN0aW9uL1NTSC9LZXgAAE9wdGlvbnMgY29udHJvbGxpbmcgU1NIIGtleSBl
eGNoYW5nZQAAAABQcmVmZXJyZWQgU1NIIHByb3RvY29sIHZlcnNpb246AHNzaC5wcm90b2NvbDpj
b25maWctc3NoLXByb3QAAAAAMSBvbmx5AAAxAAAAMgAAADIgb25seQAARG93bnN0cmVhbSAoY29u
bmVjdGluZyB0byB0aGUgdXBzdHJlYW0gUHVUVFkpAAAAVXBzdHJlYW0gKGNvbm5lY3RpbmcgdG8g
dGhlIHJlYWwgc2VydmVyKQAAAABQZXJtaXR0ZWQgcm9sZXMgaW4gYSBzaGFyZWQgY29ubmVjdGlv
bjoAU2hhcmUgU1NIIGNvbm5lY3Rpb25zIGlmIHBvc3NpYmxlAAAAc3NoLnNoYXJpbmc6Y29uZmln
LXNzaC1zaGFyaW5nAABzaGFyaW5nAFNoYXJpbmcgYW4gU1NIIGNvbm5lY3Rpb24gYmV0d2VlbiBQ
dVRUWSB0b29scwAAAEVuYWJsZSBjb21wcmVzc2lvbgAAc3NoLmNvbXByZXNzOmNvbmZpZy1zc2gt
Y29tcAAAAABQcm90b2NvbCBvcHRpb25zAAAAAE5vdGhpbmcgb24gdGhpcyBwYW5lbCBtYXkgYmUg
cmVjb25maWd1cmVkIGluIG1pZC1zZXNzaW9uOyBpdCBpcyBvbmx5IGhlcmUgc28gdGhhdCBzdWIt
cGFuZWxzIG9mIGl0IGNhbiBleGlzdCB3aXRob3V0IGxvb2tpbmcgc3RyYW5nZS4AAABkaXNjbGFp
bWVyAABDb25uZWN0aW9uL1NTSAAAT3B0aW9ucyBjb250cm9sbGluZyBTU0ggY29ubmVjdGlvbnMA
TG9jYWwgdXNlcm5hbWU6AHJsb2dpbi5sb2NhbHVzZXI6Y29uZmlnLXJsb2dpbi1sb2NhbHVzZXIA
AAAAZGF0YQAAAABDb25uZWN0aW9uL1Jsb2dpbgAAAE9wdGlvbnMgY29udHJvbGxpbmcgUmxvZ2lu
IGNvbm5lY3Rpb25zAABSZXR1cm4ga2V5IHNlbmRzIFRlbG5ldCBOZXcgTGluZSBpbnN0ZWFkIG9m
IF5NAAB0ZWxuZXQubmV3bGluZTpjb25maWctdGVsbmV0bmwAAEtleWJvYXJkIHNlbmRzIFRlbG5l
dCBzcGVjaWFsIGNvbW1hbmRzAAB0ZWxuZXQuc3BlY2lhbGtleXM6Y29uZmlnLXRlbG5ldGtleQBU
ZWxuZXQgbmVnb3RpYXRpb24gbW9kZToAAAAAdGVsbmV0LnBhc3NpdmU6Y29uZmlnLXB0ZWxuZXQA
AABQYXNzaXZlAEFjdGl2ZQAASGFuZGxpbmcgb2YgT0xEX0VOVklST04gYW1iaWd1aXR5OgAAdGVs
bmV0Lm9sZGVudmlyb246Y29uZmlnLW9sZGVudmlyb24AQlNEIChjb21tb25wbGFjZSkAAABSRkMg
MTQwOCAodW51c3VhbCkAAHByb3RvY29sAAAAAFRlbG5ldCBwcm90b2NvbCBhZGp1c3RtZW50cwBD
b25uZWN0aW9uL1RlbG5ldAAAAE9wdGlvbnMgY29udHJvbGxpbmcgVGVsbmV0IGNvbm5lY3Rpb25z
AABUZWxuZXQgY29tbWFuZAAAcHJveHkuY29tbWFuZDpjb25maWctcHJveHktY29tbWFuZAAAUGFz
c3dvcmQAAAAAVXNlcm5hbWUAAAAAcHJveHkuYXV0aDpjb25maWctcHJveHktYXV0aAAAAABEbyBE
TlMgbmFtZSBsb29rdXAgYXQgcHJveHkgZW5kOgAAAABwcm94eS5kbnM6Y29uZmlnLXByb3h5LWRu
cwAATm8AAFllcwBDb25zaWRlciBwcm94eWluZyBsb2NhbCBob3N0IGNvbm5lY3Rpb25zAAAAAEV4
Y2x1ZGUgSG9zdHMvSVBzAAAAcHJveHkuZXhjbHVkZTpjb25maWctcHJveHktZXhjbHVkZQAAUHJv
eHkgaG9zdG5hbWUAAHByb3h5Lm1haW46Y29uZmlnLXByb3h5AFByb3h5IHR5cGU6AHByb3h5LnR5
cGU6Y29uZmlnLXByb3h5LXR5cGUAAAAAU09DS1MgNABTT0NLUyA1AEhUVFAAAAAAYmFzaWNzAABD
b25uZWN0aW9uL1Byb3h5AAAAAE9wdGlvbnMgY29udHJvbGxpbmcgcHJveHkgdXNhZ2UAUmVtb3Zl
AABBZGQAVmFsdWUAAABWYXJpYWJsZQAAAAB0ZWxuZXQuZW52aXJvbjpjb25maWctZW52aXJvbgAA
AGVudgBFbnZpcm9ubWVudCB2YXJpYWJsZXMAAABUZXJtaW5hbCBzcGVlZHMAY29ubmVjdGlvbi50
ZXJtc3BlZWQ6Y29uZmlnLXRlcm1zcGVlZAAAAFRlcm1pbmFsLXR5cGUgc3RyaW5nAAAAAGNvbm5l
Y3Rpb24udGVybXR5cGU6Y29uZmlnLXRlcm10eXBlAHRlcm0AAAAAVGVybWluYWwgZGV0YWlscwAA
AABXaGVuIHVzZXJuYW1lIGlzIG5vdCBzcGVjaWZpZWQ6AGNvbm5lY3Rpb24udXNlcm5hbWVmcm9t
ZW52OmNvbmZpZy11c2VybmFtZS1mcm9tLWVudgBQcm9tcHQAAFVzZSBzeXN0ZW0gdXNlcm5hbWUg
KCVzKQAAAABBdXRvLWxvZ2luIHVzZXJuYW1lAGNvbm5lY3Rpb24udXNlcm5hbWU6Y29uZmlnLXVz
ZXJuYW1lAGxvZ2luAAAATG9naW4gZGV0YWlscwAAAENvbm5lY3Rpb24vRGF0YQBEYXRhIHRvIHNl
bmQgdG8gdGhlIHNlcnZlcgAAY29ubmVjdGlvbi5sb2dob3N0OmNvbmZpZy1sb2dob3N0AAAAaWRl
bnRpdHkAAAAATG9naWNhbCBuYW1lIG9mIHJlbW90ZSBob3N0AExvZ2ljYWwgbmFtZSBvZiByZW1v
dGUgaG9zdDoAAAAATG9naWNhbCBuYW1lIG9mIHJlbW90ZSBob3N0IChlLmcuIGZvciBTU0gga2V5
IGxvb2t1cCk6AABjb25uZWN0aW9uLmlwdmVyc2lvbjpjb25maWctYWRkcmVzcy1mYW1pbHkAAElQ
djQAAAAASVB2NgAAAABpcHZlcnNpb24AAABJbnRlcm5ldCBwcm90b2NvbCB2ZXJzaW9uAAAARW5h
YmxlIFRDUCBrZWVwYWxpdmVzIChTT19LRUVQQUxJVkUgb3B0aW9uKQBjb25uZWN0aW9uLnRjcGtl
ZXBhbGl2ZTpjb25maWctdGNwLWtlZXBhbGl2ZXMAAABEaXNhYmxlIE5hZ2xlJ3MgYWxnb3JpdGht
IChUQ1BfTk9ERUxBWSBvcHRpb24pAABjb25uZWN0aW9uLm5vZGVsYXk6Y29uZmlnLW5vZGVsYXkA
AAB0Y3AATG93LWxldmVsIFRDUCBjb25uZWN0aW9uIG9wdGlvbnMAAAAAU2Vjb25kcyBiZXR3ZWVu
IGtlZXBhbGl2ZXMgKDAgdG8gdHVybiBvZmYpAABjb25uZWN0aW9uLmtlZXBhbGl2ZTpjb25maWct
a2VlcGFsaXZlAAAAa2VlcGFsaXZlAAAAU2VuZGluZyBvZiBudWxsIHBhY2tldHMgdG8ga2VlcCBz
ZXNzaW9uIGFjdGl2ZQAAQ29ubmVjdGlvbgAAT3B0aW9ucyBjb250cm9sbGluZyB0aGUgY29ubmVj
dGlvbgAATW9kaWZ5AABCbHVlAAAAAEdyZWVuAAAAUmVkAFJHQiB2YWx1ZToAAFNlbGVjdCBhIGNv
bG91ciB0byBhZGp1c3Q6AABTZWxlY3QgYSBjb2xvdXIgZnJvbSB0aGUgbGlzdCwgYW5kIHRoZW4g
Y2xpY2sgdGhlIE1vZGlmeSBidXR0b24gdG8gY2hhbmdlIGl0cyBhcHBlYXJhbmNlLgAAAGNvbG91
cnMuY29uZmlnOmNvbmZpZy1jb2xvdXJjZmcAYWRqdXN0AABBZGp1c3QgdGhlIHByZWNpc2UgY29s
b3VycyAlcyBkaXNwbGF5cwAASW5kaWNhdGUgYm9sZGVkIHRleHQgYnkgY2hhbmdpbmc6AAAAY29s
b3Vycy5ib2xkOmNvbmZpZy1ib2xkY29sb3VyAABUaGUgZm9udAAAAABUaGUgY29sb3VyAABCb3Ro
AAAAAEFsbG93IHRlcm1pbmFsIHRvIHVzZSB4dGVybSAyNTYtY29sb3VyIG1vZGUAY29sb3Vycy54
dGVybTI1Njpjb25maWcteHRlcm1jb2xvdXIAQWxsb3cgdGVybWluYWwgdG8gc3BlY2lmeSBBTlNJ
IGNvbG91cnMAAGNvbG91cnMuYW5zaTpjb25maWctYW5zaWNvbG91cgAAR2VuZXJhbCBvcHRpb25z
IGZvciBjb2xvdXIgdXNhZ2UAAAAAV2luZG93L0NvbG91cnMAAE9wdGlvbnMgY29udHJvbGxpbmcg
dXNlIG9mIGNvbG91cnMAAFNldABTZXQgdG8gY2xhc3MAAAAAQ2hhcmFjdGVyIGNsYXNzZXM6AABz
ZWxlY3Rpb24uY2hhcmNsYXNzZXM6Y29uZmlnLWNoYXJjbGFzc2VzAAAAAGNoYXJjbGFzcwAAAENv
bnRyb2wgdGhlIHNlbGVjdC1vbmUtd29yZC1hdC1hLXRpbWUgbW9kZQAARGVmYXVsdCBzZWxlY3Rp
b24gbW9kZSAoQWx0K2RyYWcgZG9lcyB0aGUgb3RoZXIgb25lKToAAABzZWxlY3Rpb24ucmVjdDpj
b25maWctcmVjdHNlbGVjdAAAAABSZWN0YW5ndWxhciBibG9jawAAAFNoaWZ0IG92ZXJyaWRlcyBh
cHBsaWNhdGlvbidzIHVzZSBvZiBtb3VzZQAAc2VsZWN0aW9uLnNoaWZ0ZHJhZzpjb25maWctbW91
c2VzaGlmdAAAAENvbnRyb2wgdXNlIG9mIG1vdXNlAAAAAFdpbmRvdy9TZWxlY3Rpb24AAAAAT3B0
aW9ucyBjb250cm9sbGluZyBjb3B5IGFuZCBwYXN0ZQAAQ29weSBhbmQgcGFzdGUgbGluZSBkcmF3
aW5nIGNoYXJhY3RlcnMgYXMgbHFxcWsAc2VsZWN0aW9uLmxpbmVkcmF3OmNvbmZpZy1saW5lZHJh
d3Bhc3RlAEhhbmRsaW5nIG9mIGxpbmUgZHJhd2luZyBjaGFyYWN0ZXJzOgAAAAB0cmFuc2xhdGlv
bi5saW5lZHJhdzpjb25maWctbGluZWRyYXcAAAAAVXNlIFVuaWNvZGUgbGluZSBkcmF3aW5nIGNv
ZGUgcG9pbnRzAAAAAFBvb3IgbWFuJ3MgbGluZSBkcmF3aW5nICgrLCAtIGFuZCB8KQAAAABsaW5l
ZHJhdwAAAABBZGp1c3QgaG93ICVzIGhhbmRsZXMgbGluZSBkcmF3aW5nIGNoYXJhY3RlcnMAAABU
cmVhdCBDSksgYW1iaWd1b3VzIGNoYXJhY3RlcnMgYXMgd2lkZQAAdHJhbnNsYXRpb24uY2prYW1i
aWd3aWRlOmNvbmZpZy1jamstYW1iaWctd2lkZQAAdHdlYWtzAABSZW1vdGUgY2hhcmFjdGVyIHNl
dDoAAAB0cmFuc2xhdGlvbi5jb2RlcGFnZTpjb25maWctY2hhcnNldAB0cmFucwAAAENoYXJhY3Rl
ciBzZXQgdHJhbnNsYXRpb24AAABXaW5kb3cvVHJhbnNsYXRpb24AAE9wdGlvbnMgY29udHJvbGxp
bmcgY2hhcmFjdGVyIHNldCB0cmFuc2xhdGlvbgAAAFdhcm4gYmVmb3JlIGNsb3Npbmcgd2luZG93
AABiZWhhdmlvdXIuY2xvc2V3YXJuOmNvbmZpZy13YXJub25jbG9zZQAAU2VwYXJhdGUgd2luZG93
IGFuZCBpY29uIHRpdGxlcwBXaW5kb3cgdGl0bGU6AAAAYXBwZWFyYW5jZS50aXRsZTpjb25maWct
dGl0bGUAAAB0aXRsZQAAAEFkanVzdCB0aGUgYmVoYXZpb3VyIG9mIHRoZSB3aW5kb3cgdGl0bGUA
AAAAV2luZG93L0JlaGF2aW91cgAAAABDb25maWd1cmUgdGhlIGJlaGF2aW91ciBvZiAlcydzIHdp
bmRvdwAAR2FwIGJldHdlZW4gdGV4dCBhbmQgd2luZG93IGVkZ2U6AAAAYXBwZWFyYW5jZS5ib3Jk
ZXI6Y29uZmlnLXdpbmJvcmRlcgAAYm9yZGVyAABBZGp1c3QgdGhlIHdpbmRvdyBib3JkZXIAAAAA
SGlkZSBtb3VzZSBwb2ludGVyIHdoZW4gdHlwaW5nIGluIHdpbmRvdwAAAABhcHBlYXJhbmNlLmhp
ZGVtb3VzZTpjb25maWctbW91c2VwdHIAAAAAbW91c2UAAABBZGp1c3QgdGhlIHVzZSBvZiB0aGUg
bW91c2UgcG9pbnRlcgBGb250IHVzZWQgaW4gdGhlIHRlcm1pbmFsIHdpbmRvdwAAAABhcHBlYXJh
bmNlLmZvbnQ6Y29uZmlnLWZvbnQAZm9udAAAAABGb250IHNldHRpbmdzAAAAQ3Vyc29yIGJsaW5r
cwAAAEN1cnNvciBhcHBlYXJhbmNlOgAAYXBwZWFyYW5jZS5jdXJzb3I6Y29uZmlnLWN1cnNvcgBC
bG9jawAAAFVuZGVybGluZQAAAFZlcnRpY2FsIGxpbmUAAABjdXJzb3IAAEFkanVzdCB0aGUgdXNl
IG9mIHRoZSBjdXJzb3IAAAAAV2luZG93L0FwcGVhcmFuY2UAAABDb25maWd1cmUgdGhlIGFwcGVh
cmFuY2Ugb2YgJXMncyB3aW5kb3cAUHVzaCBlcmFzZWQgdGV4dCBpbnRvIHNjcm9sbGJhY2sAAAAA
d2luZG93LmVyYXNlZDpjb25maWctZXJhc2V0b3Njcm9sbGJhY2sAAFJlc2V0IHNjcm9sbGJhY2sg
b24gZGlzcGxheSBhY3Rpdml0eQAAAABSZXNldCBzY3JvbGxiYWNrIG9uIGtleXByZXNzAAAAAERp
c3BsYXkgc2Nyb2xsYmFyAAAATGluZXMgb2Ygc2Nyb2xsYmFjawB3aW5kb3cuc2Nyb2xsYmFjazpj
b25maWctc2Nyb2xsYmFjawBzY3JvbGxiYWNrAABDb250cm9sIHRoZSBzY3JvbGxiYWNrIGluIHRo
ZSB3aW5kb3cAAAAAUm93cwAAAABDb2x1bW5zAHdpbmRvdy5zaXplOmNvbmZpZy13aW5zaXplAABz
aXplAAAAAFNldCB0aGUgc2l6ZSBvZiB0aGUgd2luZG93AABXaW5kb3cAAE9wdGlvbnMgY29udHJv
bGxpbmcgJXMncyB3aW5kb3cARGlzYWJsZSBiaWRpcmVjdGlvbmFsIHRleHQgZGlzcGxheQAAZmVh
dHVyZXMuYmlkaTpjb25maWctZmVhdHVyZXMtYmlkaQAARGlzYWJsZSBBcmFiaWMgdGV4dCBzaGFw
aW5nAGZlYXR1cmVzLmFyYWJpY3NoYXBpbmc6Y29uZmlnLWZlYXR1cmVzLXNoYXBpbmcAAERpc2Fi
bGUgcmVtb3RlLWNvbnRyb2xsZWQgY2hhcmFjdGVyIHNldCBjb25maWd1cmF0aW9uAAAAZmVhdHVy
ZXMuY2hhcnNldDpjb25maWctZmVhdHVyZXMtY2hhcnNldAAAAABEaXNhYmxlIGRlc3RydWN0aXZl
IGJhY2tzcGFjZSBvbiBzZXJ2ZXIgc2VuZGluZyBePwAAZmVhdHVyZXMuZGJhY2tzcGFjZTpjb25m
aWctZmVhdHVyZXMtZGJhY2tzcGFjZQAAUmVzcG9uc2UgdG8gcmVtb3RlIHRpdGxlIHF1ZXJ5IChT
RUNVUklUWSk6AABmZWF0dXJlcy5xdGl0bGU6Y29uZmlnLWZlYXR1cmVzLXF0aXRsZQAARW1wdHkg
c3RyaW5nAAAAAFdpbmRvdyB0aXRsZQAAAABEaXNhYmxlIHJlbW90ZS1jb250cm9sbGVkIHdpbmRv
dyB0aXRsZSBjaGFuZ2luZwBmZWF0dXJlcy5yZXRpdGxlOmNvbmZpZy1mZWF0dXJlcy1yZXRpdGxl
AAAAAERpc2FibGUgc3dpdGNoaW5nIHRvIGFsdGVybmF0ZSB0ZXJtaW5hbCBzY3JlZW4AAGZlYXR1
cmVzLmFsdHNjcmVlbjpjb25maWctZmVhdHVyZXMtYWx0c2NyZWVuAAAAAERpc2FibGUgcmVtb3Rl
LWNvbnRyb2xsZWQgdGVybWluYWwgcmVzaXppbmcAZmVhdHVyZXMucmVzaXplOmNvbmZpZy1mZWF0
dXJlcy1yZXNpemUAAERpc2FibGUgeHRlcm0tc3R5bGUgbW91c2UgcmVwb3J0aW5nAGZlYXR1cmVz
Lm1vdXNlOmNvbmZpZy1mZWF0dXJlcy1tb3VzZQAAAABEaXNhYmxlIGFwcGxpY2F0aW9uIGtleXBh
ZCBtb2RlAERpc2FibGUgYXBwbGljYXRpb24gY3Vyc29yIGtleXMgbW9kZQAAAABmZWF0dXJlcy5h
cHBsaWNhdGlvbjpjb25maWctZmVhdHVyZXMtYXBwbGljYXRpb24AAAAAVGVybWluYWwvRmVhdHVy
ZXMAAABFbmFibGluZyBhbmQgZGlzYWJsaW5nIGFkdmFuY2VkIHRlcm1pbmFsIGZlYXR1cmVzAAAA
U2Vjb25kcyBvZiBzaWxlbmNlIHJlcXVpcmVkAFRoZSBiZWxsIGlzIHJlLWVuYWJsZWQgYWZ0ZXIg
YSBmZXcgc2Vjb25kcyBvZiBzaWxlbmNlLgAALi4uIGluIHRoaXMgbWFueSBzZWNvbmRzAAAAAE92
ZXItdXNlIG1lYW5zIHRoaXMgbWFueSBiZWxscy4uLgAAAEJlbGwgaXMgdGVtcG9yYXJpbHkgZGlz
YWJsZWQgd2hlbiBvdmVyLXVzZWQAYmVsbC5vdmVybG9hZDpjb25maWctYmVsbG92bAAAAABvdmVy
bG9hZAAAAABDb250cm9sIHRoZSBiZWxsIG92ZXJsb2FkIGJlaGF2aW91cgBBY3Rpb24gdG8gaGFw
cGVuIHdoZW4gYSBiZWxsIG9jY3VyczoAAAAAYmVsbC5zdHlsZTpjb25maWctYmVsbHN0eWxlAE5v
bmUgKGJlbGwgZGlzYWJsZWQpAAAAAE1ha2UgZGVmYXVsdCBzeXN0ZW0gYWxlcnQgc291bmQAVmlz
dWFsIGJlbGwgKGZsYXNoIHdpbmRvdykAAHN0eWxlAAAAU2V0IHRoZSBzdHlsZSBvZiBiZWxsAAAA
VGVybWluYWwvQmVsbAAAAE9wdGlvbnMgY29udHJvbGxpbmcgdGhlIHRlcm1pbmFsIGJlbGwAAABJ
bml0aWFsIHN0YXRlIG9mIG51bWVyaWMga2V5cGFkOgAAAABrZXlib2FyZC5hcHBrZXlwYWQ6Y29u
ZmlnLWFwcGtleXBhZABOZXRIYWNrAEluaXRpYWwgc3RhdGUgb2YgY3Vyc29yIGtleXM6AAAAa2V5
Ym9hcmQuYXBwY3Vyc29yOmNvbmZpZy1hcHBjdXJzb3IATm9ybWFsAABBcHBsaWNhdGlvbgBhcHBr
ZXlwYWQAAABBcHBsaWNhdGlvbiBrZXlwYWQgc2V0dGluZ3M6AAAAAFRoZSBGdW5jdGlvbiBrZXlz
IGFuZCBrZXlwYWQAAAAAa2V5Ym9hcmQuZnVua2V5czpjb25maWctZnVua2V5cwBFU0Nbbn4AAExp
bnV4AAAAWHRlcm0gUjYAAAAAVlQ0MDAAAABWVDEwMCsAAFNDTwBUaGUgSG9tZSBhbmQgRW5kIGtl
eXMAAABrZXlib2FyZC5ob21lZW5kOmNvbmZpZy1ob21lZW5kAFN0YW5kYXJkAAAAAHJ4dnQAAAAA
VGhlIEJhY2tzcGFjZSBrZXkAAABrZXlib2FyZC5iYWNrc3BhY2U6Y29uZmlnLWJhY2tzcGFjZQBD
b250cm9sLUgAAABDb250cm9sLT8gKDEyNykAbWFwcGluZ3MAAAAAQ2hhbmdlIHRoZSBzZXF1ZW5j
ZXMgc2VudCBieToAAABUZXJtaW5hbC9LZXlib2FyZAAAAE9wdGlvbnMgY29udHJvbGxpbmcgdGhl
IGVmZmVjdHMgb2Yga2V5cwBQcmludGVyIHRvIHNlbmQgQU5TSSBwcmludGVyIG91dHB1dCB0bzoA
dGVybWluYWwucHJpbnRpbmc6Y29uZmlnLXByaW50aW5nAAAAcHJpbnRpbmcAAAAAUmVtb3RlLWNv
bnRyb2xsZWQgcHJpbnRpbmcAAExvY2FsIGxpbmUgZWRpdGluZzoAdGVybWluYWwubG9jYWxlZGl0
OmNvbmZpZy1sb2NhbGVkaXQATG9jYWwgZWNobzoAdGVybWluYWwubG9jYWxlY2hvOmNvbmZpZy1s
b2NhbGVjaG8ARm9yY2Ugb24AAAAARm9yY2Ugb2ZmAAAAbGRpc2MAAABMaW5lIGRpc2NpcGxpbmUg
b3B0aW9ucwBBbnN3ZXJiYWNrIHRvIF5FOgAAAHRlcm1pbmFsLmFuc3dlcmJhY2s6Y29uZmlnLWFu
c3dlcmJhY2sAAABFbmFibGUgYmxpbmtpbmcgdGV4dAAAAAB0ZXJtaW5hbC5ibGluazpjb25maWct
YmxpbmsAVXNlIGJhY2tncm91bmQgY29sb3VyIHRvIGVyYXNlIHNjcmVlbgAAAHRlcm1pbmFsLmJj
ZTpjb25maWctZXJhc2UAAABJbXBsaWNpdCBMRiBpbiBldmVyeSBDUgB0ZXJtaW5hbC5jcmhhc2xm
OmNvbmZpZy1sZmNyAAAAAEltcGxpY2l0IENSIGluIGV2ZXJ5IExGAHRlcm1pbmFsLmxmaGFzY3I6
Y29uZmlnLWNybGYAAAAAREVDIE9yaWdpbiBNb2RlIGluaXRpYWxseSBvbgAAAAB0ZXJtaW5hbC5k
ZWNvbTpjb25maWctZGVjb20AQXV0byB3cmFwIG1vZGUgaW5pdGlhbGx5IG9uAHRlcm1pbmFsLmF1
dG93cmFwOmNvbmZpZy1hdXRvd3JhcAAAAGdlbmVyYWwAU2V0IHZhcmlvdXMgdGVybWluYWwgb3B0
aW9ucwAAAABUZXJtaW5hbAAAAABPcHRpb25zIGNvbnRyb2xsaW5nIHRoZSB0ZXJtaW5hbCBlbXVs
YXRpb24AAE9taXQgc2Vzc2lvbiBkYXRhAAAAbG9nZ2luZy5zc2gub21pdGRhdGE6Y29uZmlnLWxv
Z3NzaAAAT21pdCBrbm93biBwYXNzd29yZCBmaWVsZHMAAGxvZ2dpbmcuc3NoLm9taXRwYXNzd29y
ZDpjb25maWctbG9nc3NoAABzc2gAT3B0aW9ucyBzcGVjaWZpYyB0byBTU0ggcGFja2V0IGxvZ2dp
bmcAAFNTSCBwYWNrZXRzIGFuZCByYXcgZGF0YQAAAABTU0ggcGFja2V0cwBGbHVzaCBsb2cgZmls
ZSBmcmVxdWVudGx5AAAAbG9nZ2luZy5mbHVzaDpjb25maWctbG9nZmx1c2gAAABXaGF0IHRvIGRv
IGlmIHRoZSBsb2cgZmlsZSBhbHJlYWR5IGV4aXN0czoAAGxvZ2dpbmcuZXhpc3RzOmNvbmZpZy1s
b2dmaWxlZXhpc3RzAEFsd2F5cyBvdmVyd3JpdGUgaXQAQWx3YXlzIGFwcGVuZCB0byB0aGUgZW5k
IG9mIGl0AABBc2sgdGhlIHVzZXIgZXZlcnkgdGltZQAoTG9nIGZpbGUgbmFtZSBjYW4gY29udGFp
biAmWSwgJk0sICZEIGZvciBkYXRlLCAmVCBmb3IgdGltZSwgJkggZm9yIGhvc3QgbmFtZSwgYW5k
ICZQIGZvciBwb3J0IG51bWJlcikAAExvZyBmaWxlIG5hbWU6AABTZWxlY3Qgc2Vzc2lvbiBsb2cg
ZmlsZSBuYW1lAAAAAGxvZ2dpbmcuZmlsZW5hbWU6Y29uZmlnLWxvZ2ZpbGVuYW1lAFNlc3Npb24g
bG9nZ2luZzoAAAAAbG9nZ2luZy5tYWluOmNvbmZpZy1sb2dnaW5nAE5vbmUAAAAAUHJpbnRhYmxl
IG91dHB1dAAAAABBbGwgc2Vzc2lvbiBvdXRwdXQAAG1haW4AAAAAU2Vzc2lvbi9Mb2dnaW5nAE9w
dGlvbnMgY29udHJvbGxpbmcgc2Vzc2lvbiBsb2dnaW5nAENsb3NlIHdpbmRvdyBvbiBleGl0OgAA
AHNlc3Npb24uY29lOmNvbmZpZy1jbG9zZW9uZXhpdAAAQWx3YXlzAABOZXZlcgAAAE9ubHkgb24g
Y2xlYW4gZXhpdAAAb3RoZXJvcHRzAAAARGVsZXRlAABTYXZlAAAAAFNhdmUgdGhlIGN1cnJlbnQg
c2Vzc2lvbiBzZXR0aW5ncwAAAFNTSABMb2FkAAAAAFNhdmVkIFNlc3Npb25zAABzZXNzaW9uLnNh
dmVkOmNvbmZpZy1zYXZpbmcAc2F2ZWRzZXNzaW9ucwAAAExvYWQsIHNhdmUgb3IgZGVsZXRlIGEg
c3RvcmVkIHNlc3Npb24AAABDb25uZWN0aW9uIHR5cGU6AAAAAFJhdwBUZWxuZXQAAFJsb2dpbgAA
c2Vzc2lvbi5ob3N0bmFtZTpjb25maWctaG9zdG5hbWUAAAAAaG9zdHBvcnQAAAAAU3BlY2lmeSB0
aGUgZGVzdGluYXRpb24geW91IHdhbnQgdG8gY29ubmVjdCB0bwAAU2Vzc2lvbgBCYXNpYyBvcHRp
b25zIGZvciB5b3VyICVzIHNlc3Npb24AAABDYW5jZWwAAE9wZW4AAAAAQXBwbHkAAABQcm94eSBl
cnJvcjogU09DS1MgcHJveHkgcmVmdXNlZCBDSEFQIGF1dGhlbnRpY2F0aW9uAAAAAFByb3h5IGVy
cm9yOiBTT0NLUyBwcm94eSB3b24ndCBuZWdvdGlhdGUgQ0hBUCB3aXRoIHVzAAAAUHJveHkgZXJy
b3I6IFNPQ0tTIHByb3h5IHdhbnRzIGEgZGlmZmVyZW50IENIQVAgdmVyc2lvbgBQcm94eSBlcnJv
cjogU2VydmVyIGNob3NlIENIQVAgb2Ygb3RoZXIgdGhhbiBITUFDLU1ENSBidXQgd2UgZGlkbid0
IG9mZmVyIGl0IQAAAFByb3h5IGVycm9yOiBTZXJ2ZXIgY2hvc2UgQ0hBUCBhdXRoZW50aWNhdGlv
biBidXQgd2UgZGlkbid0IG9mZmVyIGl0IQAAAHMtPm5jb2x1bW5zID09IDEgfHwgbmNvbHVtbnMg
PT0gMQAAAC4uXGRpYWxvZy5jAGuIQAB+iEAAAAAAAAAAAAAAAAAAAAAAAAAAAACViEAAOOpAADwl
MDJYPgAACCAIAA0KAABeUg0KAAAAAA0AAABsZGlzYy0+dGVybQAuLlxsZGlzYy5jAAAlbQAAJUgl
TSVTAAAlWQAARGlzYWJsZWQgd3JpdGluZyBzZXNzaW9uIGxvZyBkdWUgdG8gZXJyb3Igd2hpbGUg
d3JpdGluZwBjdHgtPmxnZnAAAAAuLlxsb2dnaW5nLmMAAAAAY3R4LT5zdGF0ZSAhPSBMX09QRU5J
TkcAJXMgc2Vzc2lvbiBsb2cgKCVzIG1vZGUpIHRvIGZpbGU6ICVzAAAAAFdyaXRpbmcgbmV3AEFw
cGVuZGluZwAAAEVycm9yIHdyaXRpbmcAAABEaXNhYmxlZCB3cml0aW5nAAAAAHVua25vd24AU1NI
IHJhdyBkYXRhAAAAAHJhdwBBU0NJSQAAAD1+PX49fj1+PX49fj1+PX49fj1+PX49IFB1VFRZIGxv
ZyAlcyA9fj1+PX49fj1+PX49fj1+PX49fj1+PQ0KAAAlWS4lbS4lZCAlSDolTTolUwAAAHdiAABh
YgAARXZlbnQgTG9nOiAlcw0KACVzCgAlMDJ4AAAAAFhYAAAgICUwOHglKnMNCgAgICglZCBieXRl
JXMgb21pdHRlZCkNCgBzAAAAJXMgcmF3IGRhdGEgYXQgJXMNCgAlWS0lbS0lZCAlSDolTTolUwAA
ACAoJXMpAAAAIG9uIGJlaGFsZiBvZiBkb3duc3RyZWFtICMldQAAAAB0eXBlICVkIC8gMHglMDJ4
ICglcykAAAAjMHglbHgsIAAAAAAlcyBwYWNrZXQgAABPdXRnb2luZwAAAABJbmNvbWluZwAAAAAD
AID+AQCB/gEAg/4BAIX+AQCH/gIAif4BAI3+AgCP/gEAk/4CAJX+AgCZ/gIAnf4CAKH+AgCl/gEA
qf4BAKv+AQCt/gEAr/4CALH+AgC1/gIAuf4CAL3+AgDB/gIAxf4CAMn+AgDN/gMAAAADAAAAAwAA
AAMAAAADAAAABAAAAAIA0f4CANX+AgDZ/gIA3f4CAOH+AgDl/gIA6f4BAO3+AQDv/gIA8f4DAAAA
AwAAAAMAAAADAAAAAwAAAAMAAAADAAAAAwAAAAMAAAADAAAAAwAAAAMAAAADAAAAAwAAAAMAAAAD
AAAAAwAAAAMAAAADAAAAAwAAAAMAAAADAAAAAwAAAAMAAAADAAAAAwAAAAMAAAADAAAAAwAAAAMA
AAADAAAAAwAAAAMAAAADAAAAAwAAAAMAAAADAAAAAwAAAAEAUPsDAAAAAwAAAAMAAAADAAAAAwAA
AAMAAAADAAAAAgBm+wIAXvsCAFL7AwAAAAMAAAACAFb7AgBi+wIAWvsDAAAAAwAAAAIAdvsCAHL7
AwAAAAIAevsCAH77AQCI+wMAAAADAAAAAwAAAAEAhPsBAIL7AQCG+wMAAAADAAAAAQCM+wMAAAAD
AAAAAwAAAAMAAAADAAAAAwAAAAEAivsDAAAAAwAAAAMAAAADAAAAAwAAAAMAAAADAAAAAwAAAAMA
AAADAAAAAwAAAAIAavsDAAAAAgBu+wMAAAADAAAAAgCO+wMAAAADAAAAAwAAAAIA0/sDAAAAAgCS
+wMAAAACAJr7AwAAAAIAlvsDAAAAAwAAAAMAAAADAAAAAwAAAAMAAAABAJ77AgCg+wMAAAADAAAA
AgCq+wMAAAABAKT7AgCm+wMAAAADAAAAAwAAAAEA4PsBANn7AQDX+wEA2/sBAOL7AwAAAAEA3vsC
APz7AwAAAAMAAAADAAAAAwAAAAMAAAABAK77AAAAAAgAAAAOAAAACQAAAAkAAAAQAAAACgAAAAoA
AAAPAAAACwAAAAsAAAAQAAAADAAAAAwAAAARAAAADQAAAA0AAAAPAAAADgAAABsAAAAOAAAAHAAA
AB4AAAAPAAAAHwAAAB8AAAAQAAAAIAAAACAAAAARAAAAIwAAACUAAAAKAAAAKwAAACsAAAAJAAAA
LAAAACwAAAAMAAAALQAAAC0AAAAJAAAALgAAAC8AAAAMAAAAMAAAADkAAAAIAAAAOgAAADoAAAAM
AAAAQQAAAFoAAAAAAAAAYQAAAHoAAAAAAAAAfwAAAIQAAAAOAAAAhQAAAIUAAAAPAAAAhgAAAJ8A
AAAOAAAAoAAAAKAAAAAMAAAAogAAAKUAAAAKAAAAqgAAAKoAAAAAAAAArQAAAK0AAAAOAAAAsAAA
ALEAAAAKAAAAsgAAALMAAAAIAAAAtQAAALUAAAAAAAAAuQAAALkAAAAIAAAAugAAALoAAAAAAAAA
wAAAANYAAAAAAAAA2AAAAPYAAAAAAAAA+AAAADYCAAAAAAAAUAIAALgCAAAAAAAAuwIAAMECAAAA
AAAA0AIAANECAAAAAAAA4AIAAOQCAAAAAAAA7gIAAO4CAAAAAAAAAAMAAFcDAAANAAAAXQMAAG8D
AAANAAAAegMAAHoDAAAAAAAAhgMAAIYDAAAAAAAAiAMAAIoDAAAAAAAAjAMAAIwDAAAAAAAAjgMA
AKEDAAAAAAAAowMAAM4DAAAAAAAA0AMAAPUDAAAAAAAA9wMAAPsDAAAAAAAAAAQAAIIEAAAAAAAA
gwQAAIYEAAANAAAAiAQAAIkEAAANAAAAigQAAM4EAAAAAAAA0AQAAPUEAAAAAAAA+AQAAPkEAAAA
AAAAAAUAAA8FAAAAAAAAMQUAAFYFAAAAAAAAWQUAAF8FAAAAAAAAYQUAAIcFAAAAAAAAiQUAAIkF
AAAAAAAAkQUAAKEFAAANAAAAowUAALkFAAANAAAAuwUAAL0FAAANAAAAvgUAAL4FAAADAAAAvwUA
AL8FAAANAAAAwAUAAMAFAAADAAAAwQUAAMIFAAANAAAAwwUAAMMFAAADAAAAxAUAAMQFAAANAAAA
0AUAAOoFAAADAAAA8AUAAPQFAAADAAAAAAYAAAMGAAAEAAAADAYAAAwGAAAMAAAADQYAAA0GAAAE
AAAAEAYAABUGAAANAAAAGwYAABsGAAAEAAAAHwYAAB8GAAAEAAAAIQYAADoGAAAEAAAAQAYAAEoG
AAAEAAAASwYAAFgGAAANAAAAYAYAAGkGAAALAAAAagYAAGoGAAAKAAAAawYAAGwGAAALAAAAbQYA
AG8GAAAEAAAAcAYAAHAGAAANAAAAcQYAANUGAAAEAAAA1gYAANwGAAANAAAA3QYAAN0GAAAEAAAA
3gYAAOQGAAANAAAA5QYAAOYGAAAEAAAA5wYAAOgGAAANAAAA6gYAAO0GAAANAAAA7gYAAO8GAAAE
AAAA8AYAAPkGAAAIAAAA+gYAAA0HAAAEAAAADwcAAA8HAAAOAAAAEAcAABAHAAAEAAAAEQcAABEH
AAANAAAAEgcAAC8HAAAEAAAAMAcAAEoHAAANAAAATQcAAE8HAAAEAAAAgAcAAKUHAAAEAAAApgcA
ALAHAAANAAAAsQcAALEHAAAEAAAAAQkAAAIJAAANAAAAAwkAADkJAAAAAAAAPAkAADwJAAANAAAA
PQkAAEAJAAAAAAAAQQkAAEgJAAANAAAASQkAAEwJAAAAAAAATQkAAE0JAAANAAAAUAkAAFAJAAAA
AAAAUQkAAFQJAAANAAAAWAkAAGEJAAAAAAAAYgkAAGMJAAANAAAAZAkAAHAJAAAAAAAAgQkAAIEJ
AAANAAAAggkAAIMJAAAAAAAAhQkAAIwJAAAAAAAAjwkAAJAJAAAAAAAAkwkAAKgJAAAAAAAAqgkA
ALAJAAAAAAAAsgkAALIJAAAAAAAAtgkAALkJAAAAAAAAvAkAALwJAAANAAAAvQkAAMAJAAAAAAAA
wQkAAMQJAAANAAAAxwkAAMgJAAAAAAAAywkAAMwJAAAAAAAAzQkAAM0JAAANAAAA1wkAANcJAAAA
AAAA3AkAAN0JAAAAAAAA3wkAAOEJAAAAAAAA4gkAAOMJAAANAAAA5gkAAPEJAAAAAAAA8gkAAPMJ
AAAKAAAA9AkAAPoJAAAAAAAAAQoAAAIKAAANAAAAAwoAAAMKAAAAAAAABQoAAAoKAAAAAAAADwoA
ABAKAAAAAAAAEwoAACgKAAAAAAAAKgoAADAKAAAAAAAAMgoAADMKAAAAAAAANQoAADYKAAAAAAAA
OAoAADkKAAAAAAAAPAoAADwKAAANAAAAPgoAAEAKAAAAAAAAQQoAAEIKAAANAAAARwoAAEgKAAAN
AAAASwoAAE0KAAANAAAAWQoAAFwKAAAAAAAAXgoAAF4KAAAAAAAAZgoAAG8KAAAAAAAAcAoAAHEK
AAANAAAAcgoAAHQKAAAAAAAAgQoAAIIKAAANAAAAgwoAAIMKAAAAAAAAhQoAAI0KAAAAAAAAjwoA
AJEKAAAAAAAAkwoAAKgKAAAAAAAAqgoAALAKAAAAAAAAsgoAALMKAAAAAAAAtQoAALkKAAAAAAAA
vAoAALwKAAANAAAAvQoAAMAKAAAAAAAAwQoAAMUKAAANAAAAxwoAAMgKAAANAAAAyQoAAMkKAAAA
AAAAywoAAMwKAAAAAAAAzQoAAM0KAAANAAAA0AoAANAKAAAAAAAA4AoAAOEKAAAAAAAA4goAAOMK
AAANAAAA5goAAO8KAAAAAAAA8QoAAPEKAAAKAAAAAQsAAAELAAANAAAAAgsAAAMLAAAAAAAABQsA
AAwLAAAAAAAADwsAABALAAAAAAAAEwsAACgLAAAAAAAAKgsAADALAAAAAAAAMgsAADMLAAAAAAAA
NQsAADkLAAAAAAAAPAsAADwLAAANAAAAPQsAAD4LAAAAAAAAPwsAAD8LAAANAAAAQAsAAEALAAAA
AAAAQQsAAEMLAAANAAAARwsAAEgLAAAAAAAASwsAAEwLAAAAAAAATQsAAE0LAAANAAAAVgsAAFYL
AAANAAAAVwsAAFcLAAAAAAAAXAsAAF0LAAAAAAAAXwsAAGELAAAAAAAAZgsAAHELAAAAAAAAggsA
AIILAAANAAAAgwsAAIMLAAAAAAAAhQsAAIoLAAAAAAAAjgsAAJALAAAAAAAAkgsAAJULAAAAAAAA
mQsAAJoLAAAAAAAAnAsAAJwLAAAAAAAAngsAAJ8LAAAAAAAAowsAAKQLAAAAAAAAqAsAAKoLAAAA
AAAArgsAALULAAAAAAAAtwsAALkLAAAAAAAAvgsAAL8LAAAAAAAAwAsAAMALAAANAAAAwQsAAMIL
AAAAAAAAxgsAAMgLAAAAAAAAygsAAMwLAAAAAAAAzQsAAM0LAAANAAAA1wsAANcLAAAAAAAA5wsA
APILAAAAAAAA+QsAAPkLAAAKAAAAAQwAAAMMAAAAAAAABQwAAAwMAAAAAAAADgwAABAMAAAAAAAA
EgwAACgMAAAAAAAAKgwAADMMAAAAAAAANQwAADkMAAAAAAAAPgwAAEAMAAANAAAAQQwAAEQMAAAA
AAAARgwAAEgMAAANAAAASgwAAE0MAAANAAAAVQwAAFYMAAANAAAAYAwAAGEMAAAAAAAAZgwAAG8M
AAAAAAAAggwAAIMMAAAAAAAAhQwAAIwMAAAAAAAAjgwAAJAMAAAAAAAAkgwAAKgMAAAAAAAAqgwA
ALMMAAAAAAAAtQwAALkMAAAAAAAAvAwAALwMAAANAAAAvQwAAMQMAAAAAAAAxgwAAMgMAAAAAAAA
ygwAAMsMAAAAAAAAzAwAAM0MAAANAAAA1QwAANYMAAAAAAAA3gwAAN4MAAAAAAAA4AwAAOEMAAAA
AAAA5gwAAO8MAAAAAAAAAg0AAAMNAAAAAAAABQ0AAAwNAAAAAAAADg0AABANAAAAAAAAEg0AACgN
AAAAAAAAKg0AADkNAAAAAAAAPg0AAEANAAAAAAAAQQ0AAEMNAAANAAAARg0AAEgNAAAAAAAASg0A
AEwNAAAAAAAATQ0AAE0NAAANAAAAVw0AAFcNAAAAAAAAYA0AAGENAAAAAAAAZg0AAG8NAAAAAAAA
gg0AAIMNAAAAAAAAhQ0AAJYNAAAAAAAAmg0AALENAAAAAAAAsw0AALsNAAAAAAAAvQ0AAL0NAAAA
AAAAwA0AAMYNAAAAAAAAyg0AAMoNAAANAAAAzw0AANENAAAAAAAA0g0AANQNAAANAAAA1g0AANYN
AAANAAAA2A0AAN8NAAAAAAAA8g0AAPQNAAAAAAAAAQ4AADAOAAAAAAAAMQ4AADEOAAANAAAAMg4A
ADMOAAAAAAAANA4AADoOAAANAAAAPw4AAD8OAAAKAAAAQA4AAEYOAAAAAAAARw4AAE4OAAANAAAA
Tw4AAFsOAAAAAAAAgQ4AAIIOAAAAAAAAhA4AAIQOAAAAAAAAhw4AAIgOAAAAAAAAig4AAIoOAAAA
AAAAjQ4AAI0OAAAAAAAAlA4AAJcOAAAAAAAAmQ4AAJ8OAAAAAAAAoQ4AAKMOAAAAAAAApQ4AAKUO
AAAAAAAApw4AAKcOAAAAAAAAqg4AAKsOAAAAAAAArQ4AALAOAAAAAAAAsQ4AALEOAAANAAAAsg4A
ALMOAAAAAAAAtA4AALkOAAANAAAAuw4AALwOAAANAAAAvQ4AAL0OAAAAAAAAwA4AAMQOAAAAAAAA
xg4AAMYOAAAAAAAAyA4AAM0OAAANAAAA0A4AANkOAAAAAAAA3A4AAN0OAAAAAAAAAA8AABcPAAAA
AAAAGA8AABkPAAANAAAAGg8AADQPAAAAAAAANQ8AADUPAAANAAAANg8AADYPAAAAAAAANw8AADcP
AAANAAAAOA8AADgPAAAAAAAAOQ8AADkPAAANAAAAPg8AAEcPAAAAAAAASQ8AAGoPAAAAAAAAcQ8A
AH4PAAANAAAAfw8AAH8PAAAAAAAAgA8AAIQPAAANAAAAhQ8AAIUPAAAAAAAAhg8AAIcPAAANAAAA
iA8AAIsPAAAAAAAAkA8AAJcPAAANAAAAmQ8AALwPAAANAAAAvg8AAMUPAAAAAAAAxg8AAMYPAAAN
AAAAxw8AAMwPAAAAAAAAzw8AAM8PAAAAAAAAABAAACEQAAAAAAAAIxAAACcQAAAAAAAAKRAAACoQ
AAAAAAAALBAAACwQAAAAAAAALRAAADAQAAANAAAAMRAAADEQAAAAAAAAMhAAADIQAAANAAAANhAA
ADcQAAANAAAAOBAAADgQAAAAAAAAORAAADkQAAANAAAAQBAAAFcQAAAAAAAAWBAAAFkQAAANAAAA
oBAAAMUQAAAAAAAA0BAAAPgQAAAAAAAA+xAAAPsQAAAAAAAAABEAAFkRAAAAAAAAXxEAAKIRAAAA
AAAAqBEAAPkRAAAAAAAAABIAAAYSAAAAAAAACBIAAEYSAAAAAAAASBIAAEgSAAAAAAAAShIAAE0S
AAAAAAAAUBIAAFYSAAAAAAAAWBIAAFgSAAAAAAAAWhIAAF0SAAAAAAAAYBIAAIYSAAAAAAAAiBIA
AIgSAAAAAAAAihIAAI0SAAAAAAAAkBIAAK4SAAAAAAAAsBIAALASAAAAAAAAshIAALUSAAAAAAAA
uBIAAL4SAAAAAAAAwBIAAMASAAAAAAAAwhIAAMUSAAAAAAAAyBIAAM4SAAAAAAAA0BIAANYSAAAA
AAAA2BIAAO4SAAAAAAAA8BIAAA4TAAAAAAAAEBMAABATAAAAAAAAEhMAABUTAAAAAAAAGBMAAB4T
AAAAAAAAIBMAAEYTAAAAAAAASBMAAFoTAAAAAAAAYRMAAHwTAAAAAAAAoBMAAPQTAAAAAAAAARQA
AHYWAAAAAAAAgBYAAIAWAAARAAAAgRYAAJoWAAAAAAAAoBYAAPAWAAAAAAAAABcAAAwXAAAAAAAA
DhcAABEXAAAAAAAAEhcAABQXAAANAAAAIBcAADEXAAAAAAAAMhcAADQXAAANAAAANRcAADYXAAAA
AAAAQBcAAFEXAAAAAAAAUhcAAFMXAAANAAAAYBcAAGwXAAAAAAAAbhcAAHAXAAAAAAAAchcAAHMX
AAANAAAAgBcAALYXAAAAAAAAtxcAAL0XAAANAAAAvhcAAMUXAAAAAAAAxhcAAMYXAAANAAAAxxcA
AMgXAAAAAAAAyRcAANMXAAANAAAA1BcAANoXAAAAAAAA2xcAANsXAAAKAAAA3BcAANwXAAAAAAAA
3RcAAN0XAAANAAAA4BcAAOkXAAAAAAAACxgAAA0YAAANAAAADhgAAA4YAAARAAAAEBgAABkYAAAA
AAAAIBgAAHcYAAAAAAAAgBgAAKgYAAAAAAAAqRgAAKkYAAANAAAAABkAABwZAAAAAAAAIBkAACIZ
AAANAAAAIxkAACYZAAAAAAAAJxkAACsZAAANAAAAMBkAADEZAAAAAAAAMhkAADIZAAANAAAAMxkA
ADgZAAAAAAAAORkAADsZAAANAAAARhkAAG0ZAAAAAAAAcBkAAHQZAAAAAAAAAB0AAGsdAAAAAAAA
AB4AAJseAAAAAAAAoB4AAPkeAAAAAAAAAB8AABUfAAAAAAAAGB8AAB0fAAAAAAAAIB8AAEUfAAAA
AAAASB8AAE0fAAAAAAAAUB8AAFcfAAAAAAAAWR8AAFkfAAAAAAAAWx8AAFsfAAAAAAAAXR8AAF0f
AAAAAAAAXx8AAH0fAAAAAAAAgB8AALQfAAAAAAAAth8AALwfAAAAAAAAvh8AAL4fAAAAAAAAwh8A
AMQfAAAAAAAAxh8AAMwfAAAAAAAA0B8AANMfAAAAAAAA1h8AANsfAAAAAAAA4B8AAOwfAAAAAAAA
8h8AAPQfAAAAAAAA9h8AAPwfAAAAAAAAACAAAAogAAARAAAACyAAAA0gAAAOAAAADiAAAA4gAAAA
AAAADyAAAA8gAAADAAAAKCAAACggAAARAAAAKSAAACkgAAAPAAAAKiAAACogAAABAAAAKyAAACsg
AAAFAAAALCAAACwgAAAHAAAALSAAAC0gAAACAAAALiAAAC4gAAAGAAAALyAAAC8gAAARAAAAMCAA
ADQgAAAKAAAARCAAAEQgAAAMAAAAXyAAAF8gAAARAAAAYCAAAGMgAAAOAAAAaiAAAG8gAAAOAAAA
cCAAAHAgAAAIAAAAcSAAAHEgAAAAAAAAdCAAAHkgAAAIAAAAeiAAAHsgAAAKAAAAfyAAAH8gAAAA
AAAAgCAAAIkgAAAIAAAAiiAAAIsgAAAKAAAAoCAAALEgAAAKAAAA0CAAAOogAAANAAAAAiEAAAIh
AAAAAAAAByEAAAchAAAAAAAACiEAABMhAAAAAAAAFSEAABUhAAAAAAAAGSEAAB0hAAAAAAAAJCEA
ACQhAAAAAAAAJiEAACYhAAAAAAAAKCEAACghAAAAAAAAKiEAAC0hAAAAAAAALiEAAC4hAAAKAAAA
LyEAADEhAAAAAAAAMyEAADkhAAAAAAAAPSEAAD8hAAAAAAAARSEAAEkhAAAAAAAAYCEAAIMhAAAA
AAAAEiIAABMiAAAKAAAANiMAAHojAAAAAAAAlSMAAJUjAAAAAAAAiCQAAJskAAAIAAAAnCQAAOkk
AAAAAAAAACgAAP8oAAAAAAAAADAAAAAwAAARAAAABTAAAAcwAAAAAAAAITAAACkwAAAAAAAAKjAA
AC8wAAANAAAAMTAAADUwAAAAAAAAODAAADwwAAAAAAAAQTAAAJYwAAAAAAAAmTAAAJowAAANAAAA
nTAAAJ8wAAAAAAAAoTAAAPowAAAAAAAA/DAAAP8wAAAAAAAABTEAACwxAAAAAAAAMTEAAI4xAAAA
AAAAkDEAALcxAAAAAAAA8DEAABwyAAAAAAAAIDIAAEMyAAAAAAAAYDIAAHsyAAAAAAAAfzIAALAy
AAAAAAAAwDIAAMsyAAAAAAAA0DIAAP4yAAAAAAAAADMAAHYzAAAAAAAAezMAAN0zAAAAAAAA4DMA
AP4zAAAAAAAAADQAALVNAAAAAAAAAE4AAKWfAAAAAAAAAKAAAIykAAAAAAAAAKwAAKPXAAAAAAAA
ANgAAC36AAAAAAAAMPoAAGr6AAAAAAAAAPsAAAb7AAAAAAAAE/sAABf7AAAAAAAAHfsAAB37AAAD
AAAAHvsAAB77AAANAAAAH/sAACj7AAADAAAAKfsAACn7AAAKAAAAKvsAADb7AAADAAAAOPsAADz7
AAADAAAAPvsAAD77AAADAAAAQPsAAEH7AAADAAAAQ/sAAET7AAADAAAARvsAAE/7AAADAAAAUPsA
ALH7AAAEAAAA0/sAAD39AAAEAAAAUP0AAI/9AAAEAAAAkv0AAMf9AAAEAAAA8P0AAPz9AAAEAAAA
AP4AAA/+AAANAAAAIP4AACP+AAANAAAAUP4AAFD+AAAMAAAAUv4AAFL+AAAMAAAAVf4AAFX+AAAM
AAAAX/4AAF/+AAAKAAAAYv4AAGP+AAAKAAAAaf4AAGr+AAAKAAAAcP4AAHT+AAAEAAAAdv4AAPz+
AAAEAAAA//4AAP/+AAAOAAAAA/8AAAX/AAAKAAAAC/8AAAv/AAAKAAAADP8AAAz/AAAMAAAADf8A
AA3/AAAKAAAADv8AAA7/AAAMAAAAD/8AAA//AAAJAAAAEP8AABn/AAAIAAAAGv8AABr/AAAMAAAA
If8AADr/AAAAAAAAQf8AAFr/AAAAAAAAZv8AAL7/AAAAAAAAwv8AAMf/AAAAAAAAyv8AAM//AAAA
AAAA0v8AANf/AAAAAAAA2v8AANz/AAAAAAAA4P8AAOH/AAAKAAAA5f8AAOb/AAAKAAAAAAABAAsA
AQAAAAAADQABACYAAQAAAAAAKAABADoAAQAAAAAAPAABAD0AAQAAAAAAPwABAE0AAQAAAAAAUAAB
AF0AAQAAAAAAgAABAPoAAQAAAAAAAAEBAAABAQAAAAAAAgEBAAIBAQAAAAAABwEBADMBAQAAAAAA
NwEBAD8BAQAAAAAAAAMBAB4DAQAAAAAAIAMBACMDAQAAAAAAMAMBAEoDAQAAAAAAgAMBAJ0DAQAA
AAAAnwMBAJ8DAQAAAAAAAAQBAJ0EAQAAAAAAoAQBAKkEAQAAAAAAAAgBAAUIAQADAAAACAgBAAgI
AQADAAAACggBADUIAQADAAAANwgBADgIAQADAAAAPAgBADwIAQADAAAAPwgBAD8IAQADAAAAANAB
APXQAQAAAAAAANEBACbRAQAAAAAAKtEBAGbRAQAAAAAAZ9EBAGnRAQANAAAAatEBAHLRAQAAAAAA
c9EBAHrRAQAOAAAAe9EBAILRAQANAAAAg9EBAITRAQAAAAAAhdEBAIvRAQANAAAAjNEBAKnRAQAA
AAAAqtEBAK3RAQANAAAArtEBAN3RAQAAAAAAANQBAFTUAQAAAAAAVtQBAJzUAQAAAAAAntQBAJ/U
AQAAAAAAotQBAKLUAQAAAAAApdQBAKbUAQAAAAAAqdQBAKzUAQAAAAAArtQBALnUAQAAAAAAu9QB
ALvUAQAAAAAAvdQBAMPUAQAAAAAAxdQBAAXVAQAAAAAAB9UBAArVAQAAAAAADdUBABTVAQAAAAAA
FtUBABzVAQAAAAAAHtUBADnVAQAAAAAAO9UBAD7VAQAAAAAAQNUBAETVAQAAAAAARtUBAEbVAQAA
AAAAStUBAFDVAQAAAAAAUtUBAKPWAQAAAAAAqNYBAMnXAQAAAAAAztcBAP/XAQAIAAAAAAACANam
AgAAAAAAAPgCAB36AgAAAAAAAQAOAAEADgAOAAAAIAAOAH8ADgAOAAAAAAEOAO8BDgANAAAAAAAP
AP3/DwAAAAAAAAAQAP3/EAAAAAAAAAAAAEFCQ0RFRkdISUpLTE1OT1BRUlNUVVZXWFlaYWJjZGVm
Z2hpamtsbW5vcHFyc3R1dnd4eXowMTIzNDU2Nzg5Ky8AAAAAdG1wICE9IE5VTEwAY2gtPmJ1ZmZl
cnNpemUgPj0gbGVuAAAALi5cbWlzYy5jAAAAJXMAAE91dCBvZiBtZW1vcnkhAAAwMTIzNDU2Nzg5
QUJDREVGR0hJSktMTU5PUFFSU1RVVldYWVphYmNkZWZnaGlqa2xtbm9wcXJzdHV2d3h5eisvPQAA
ADAxMjM0NTY3ODlhYmNkZWZBQkNERUY6ACAJAABjaC0+aGVhZCAhPSBOVUxMAAAAAAoAAAAgOkYA
CgAAABQ6RgAKAAAACDpGAAYAAAAAOkYACgAAAPQ5RgAGAAAA7DlGAAYAAADkOUYAEKZHACqGSIb3
EgECAgAAACsGAQUGBAAAKwYBBQYDAAAqhkiG9xIBAgEEAAArBgEFBgIAACqGSIb3EgECAQMAACqG
SIb3EgECAQIAACqGSIb3EgECAQEAAMvuRADOxkAAGcdAALHFQAAAAAAAy+5EAM7GQAAZx0AAscVA
AAAAAADL7kQAC8dAAAAAAAAAAAAA1MtAAGZvcndhcmRpbmcAAGZvcndhcmRpbmcgZnJvbSAlcwAA
JWQuJWQuJWQuJWQAfMZEACnOQABKzkAAhs5AAM7OQADrzkAACM9AALzPQAAAAAAA189AAPzPQAA+
0EAAktBAAL7QQABQcm94eSBlcnJvcjogdW5leHBlY3RlZCBwcm94eSBlcnJvcgBQcm94eSBlcnJv
cjogSFRUUCByZXNwb25zZSB3YXMgYWJzZW50AAAAUHJveHkgZXJyb3I6ICVzAEhUVFAvJWkuJWkg
JW4AAABsZW4gPiAwAC4uXHByb3h5LmMAAFByb3h5LUF1dGhvcml6YXRpb246IEJhc2ljIAAlczol
cwAAAENPTk5FQ1QgJXM6JWkgSFRUUC8xLjENCkhvc3Q6ICVzOiVpDQoAAABQcm94eSBlcnJvcjog
U09DS1Mgc2VydmVyIHdhbnRlZCBJREVOVEQgb24gY2xpZW50AAAAUHJveHkgZXJyb3I6IFVzZXJu
YW1lIGFuZCBJREVOVEQgb24gY2xpZW50IGRvbid0IGFncmVlAABQcm94eSBlcnJvcjogRXJyb3Ig
d2hpbGUgY29tbXVuaWNhdGluZyB3aXRoIHByb3h5AAAAUHJveHkgZXJyb3I6IFNPQ0tTIHByb3h5
IHJlc3BvbmRlZCB3aXRoIHVuZXhwZWN0ZWQgcmVwbHkgY29kZSB2ZXJzaW9uAAAAdHlwZSA9PSBB
RERSVFlQRV9OQU1FAAAAUHJveHkgZXJyb3I6IFNPQ0tTIHZlcnNpb24gNCBkb2VzIG5vdCBzdXBw
b3J0IElQdjYAAFByb3h5IGVycm9yOiBVbmV4cGVjdGVkIHByb3h5IGVycm9yAFByb3h5IGVycm9y
OiBTZXJ2ZXIgY2hvc2UgdXNlcm5hbWUvcGFzc3dvcmQgYXV0aGVudGljYXRpb24gYnV0IHdlIGRp
ZG4ndCBvZmZlciBpdCEAAFByb3h5IGVycm9yOiBXZSBkb24ndCBzdXBwb3J0IEdTU0FQSSBhdXRo
ZW50aWNhdGlvbgBQcm94eSBlcnJvcjogU09DS1MgcHJveHkgcmV0dXJuZWQgdW5yZWNvZ25pc2Vk
IGFkZHJlc3MgZm9ybWF0AAAAVW5yZWNvZ25pc2VkIFNPQ0tTIGVycm9yIGNvZGUgJWQAAAAAQWRk
cmVzcyB0eXBlIG5vdCBzdXBwb3J0ZWQAAENvbW1hbmQgbm90IHN1cHBvcnRlZAAAAFRUTCBleHBp
cmVkAENvbm5lY3Rpb24gcmVmdXNlZAAASG9zdCB1bnJlYWNoYWJsZQAAAABOZXR3b3JrIHVucmVh
Y2hhYmxlAENvbm5lY3Rpb24gbm90IGFsbG93ZWQgYnkgcnVsZXNldAAAAEdlbmVyYWwgU09DS1Mg
c2VydmVyIGZhaWx1cmUAAAAAUHJveHkgZXJyb3I6IAAAAFByb3h5IGVycm9yOiBTT0NLUyBwcm94
eSByZXR1cm5lZCB3cm9uZyB2ZXJzaW9uIG51bWJlcgAAUHJveHkgZXJyb3I6IFNPQ0tTIHByb3h5
IHJlZnVzZWQgcGFzc3dvcmQgYXV0aGVudGljYXRpb24AAAAAUHJveHkgZXJyb3I6IFNPQ0tTIHBy
b3h5IGRpZCBub3QgYWNjZXB0IG91ciBhdXRoZW50aWNhdGlvbgAAAAAAAFByb3h5IGVycm9yOiBT
T0NLUyBwYXNzd29yZCBzdWJuZWdvdGlhdGlvbiBjb250YWluZWQgd3JvbmcgdmVyc2lvbiBudW1i
ZXIAAABQcm94eSBlcnJvcjogU09DS1MgcHJveHkgcmV0dXJuZWQgdW5leHBlY3RlZCB2ZXJzaW9u
AAAAAHByb3h5cG9ydAAAAHByb3h5aG9zdAAAAHBhc3MAAAAAdXNlcgAAAAAlaQAAcG9ydAAAAABo
b3N0AAAAAFByb3h5IGVycm9yOiBVbmtub3duIHByb3h5IG1ldGhvZAAAAFByb3h5IGVycm9yOiBV
bmFibGUgdG8gcmVzb2x2ZSBwcm94eSBob3N0IG5hbWUAAFXnQADg50AAa+hAAKDoQAAAAAAARmFp
bGVkIHRvIGNvbm5lY3QgdG8gJXM6ICVzAENvbm5lY3RpbmcgdG8gJXMgcG9ydCAlZAAAAABMb29r
aW5nIHVwIGhvc3QgIiVzIiVzAAAgKElQdjYpACAoSVB2NCkAcmxvZ2luAABs6kAAz+pAACHtQACg
6EAAAAAAADAxMjM0NTY3ODkAAC8AAABybG9naW4gdXNlcm5hbWU6IAAAAFJsb2dpbiBsb2dpbiBu
YW1lAAAAnBJGAAAAAAC4QUYAAQAAALBBRgACAAAAqEFGAAMAAACgQUYABAAAAJwSRgAAAAAAlEFG
AAEAAACMQUYAAgAAAIRBRgADAAAARFNSL0RUUgBSVFMvQ1RTAFhPTi9YT0ZGAAAAAFNwYWNlAAAA
TWFyawAAAABFdmVuAAAAAE9kZABGbG93IGNvbnRyb2wAAAAAc2VyaWFsLmZsb3c6Y29uZmlnLXNl
cmlhbC1mbG93AABQYXJpdHkAAHNlcmlhbC5wYXJpdHk6Y29uZmlnLXNlcmlhbC1wYXJpdHkAAFN0
b3AgYml0cwAAAHNlcmlhbC5zdG9wYml0czpjb25maWctc2VyaWFsLXN0b3BiaXRzAABEYXRhIGJp
dHMAAABzZXJpYWwuZGF0YWJpdHM6Y29uZmlnLXNlcmlhbC1kYXRhYml0cwAAU3BlZWQgKGJhdWQp
AAAAAHNlcmlhbC5zcGVlZDpjb25maWctc2VyaWFsLXNwZWVkAAAAAHNlcmNmZwAAQ29uZmlndXJl
IHRoZSBzZXJpYWwgbGluZQAAAFNlcmlhbCBsaW5lIHRvIGNvbm5lY3QgdG8AAABzZXJpYWwubGlu
ZTpjb25maWctc2VyaWFsLWxpbmUAAHNlcmxpbmUAU2VsZWN0IGEgc2VyaWFsIGxpbmUAAAAAQ29u
bmVjdGlvbi9TZXJpYWwAAABPcHRpb25zIGNvbnRyb2xsaW5nIGxvY2FsIHNlcmlhbCBsaW5lcwAA
U2VyaWFsAACgSUYAAwAAAP//////////lElGAAIAAAD//////////4xJRgABAAAA//////////+E
SUYAAAAAAP//////////fElGAAUAAAD//////////3hJRgAEAAAA//////////9sSUYAAwAAAP//
////////XElGAAIAAAD//////////0xJRgABAAAA//////////9ISUYABAAAAAAAAAD/////hElG
AAAAAAD//////////0BJRgA4SUYAMElGAChJRgAkSUYAIElGABhJRgAQSUYACElGAABJRgD4SEYA
8EhGAOhIRgDgSEYA2EhGANBIRgDISEYAwEhGALhIRgCwSEYAqEhGAKBIRgCYSEYAkEhGAIhIRgCA
SEYAeEhGAHBIRgBoSEYAYEhGAFhIRgBQSEYASEhGAEBIRgA4SEYAMEhGAChIRgAgSEYAGEhGABBI
RgAISEYAAEhGAPhHRgDwR0YA6EdGAOBHRgDYR0YA0EdGAMhHRgDER0YAwEdGALhHRgCwR0YAAAAA
AKRHRgCYR0YAkEdGAIRHRgCQR0YAfEdGAJBHRgCER0YAdEdGAGhHRgBgR0YAVEdGAEhHRgA8R0YA
NEdGAChHRgAcR0YAEEdGAARHRgD4RkYApEdGAJhHRgC4RkYAeEZGADhGRgD4RUYAuEVGALhFRgB4
RUYAeEVGADIsMiwyLDIsMiwyLDIsMiwyLDIsMiwyLDIsMiwyLDIsMiwyLDIsMiwyLDIsMiwxLDIs
MiwyLDIsMiwyLDIsMgAxLDEsMSwxLDEsMSwxLDEsMSwxLDEsMSwxLDEsMSwxLDEsMSwxLDEsMSwx
LDEsMSwxLDEsMSwxLDEsMSwxLDEAMSwyLDIsMiwyLDIsMiwyLDIsMiwyLDIsMiwyLDIsMiwyLDIs
MiwyLDIsMiwyLDIsMiwyLDIsMSwxLDEsMSwxADEsMiwyLDIsMiwyLDIsMiwyLDIsMiwyLDIsMiwy
LDIsMiwyLDIsMiwyLDIsMiwyLDIsMiwyLDEsMSwxLDEsMgAwLDEsMiwxLDEsMSwxLDEsMSwxLDEs
MSwxLDIsMiwyLDIsMiwyLDIsMiwyLDIsMiwyLDIsMSwxLDEsMSwxLDEAMCwwLDAsMCwwLDAsMCww
LDAsMCwwLDAsMCwwLDAsMCwwLDAsMCwwLDAsMCwwLDAsMCwwLDAsMCwwLDAsMCwwADg1LDI1NSwy
NTUAADAsMTg3LDE4NwAAADI1NSw4NSwyNTUAADE4NywwLDE4NwAAADg1LDg1LDI1NQAAADAsMCwx
ODcAMjU1LDI1NSw4NQAAMTg3LDE4NywwAAAAODUsMjU1LDg1AAAAMCwxODcsMAAyNTUsODUsODUA
AAAxODcsMCwwADAsMjU1LDAAODUsODUsODUAAAAAMCwwLDAAAAAyNTUsMjU1LDI1NQAxODcsMTg3
LDE4NwBQQVJPREQAAFBBUkVOQgAAQ1M4AENTNwBPTkxSRVQAAE9OT0NSAAAAT0NSTkwAAABPTkxD
UgAAAE9MQ1VDAAAAT1BPU1QAAABQRU5ESU4AAEVDSE9LRQAARUNIT0NUTABJRVhURU4AAFRPU1RP
UAAATk9GTFNIAABFQ0hPTkwAAEVDSE9LAAAARUNIT0UAAABFQ0hPAAAAAFhDQVNFAAAASUNBTk9O
AABJU0lHAAAAAElNQVhCRUwASVhPRkYAAABJWEFOWQAAAElYT04AAAAASVVDTEMAAABJQ1JOTAAA
AElHTkNSAAAASU5MQ1IAAABJU1RSSVAAAElOUENLAAAAUEFSTVJLAABJR05QQVIAAERJU0NBUkQA
U1RBVFVTAABTV1RDSAAAAEZMVVNIAAAATE5FWFQAAABXRVJBU0UAAFJFUFJJTlQARFNVU1AAAABT
VVNQAAAAAFNUT1AAAAAAU1RBUlQAAABFT0wyAAAAAEVPTABFT0YAS0lMTAAAAABFUkFTRQAAAFFV
SVQAAAAASU5UUgAAAAByc2EAZGgtZ3JvdXAxLXNoYTEAAGRoLWdyb3VwMTQtc2hhMQBkaC1nZXgt
c2hhMQBkZXMAYXJjZm91cgBXQVJOAAAAADNkZXMAAAAAYmxvd2Zpc2gAAAAAYWVzAGogPCBuAAAA
bWFwcGluZ1tpXS52IDwgMzIAAAAuLlxzZXR0aW5ncy5jAAAAcCAtIGJ1ZiA9PSBtYXhsZW4AAAAl
cyVzAAAAACwAAABTU0hNYW51YWxIb3N0S2V5cwAAAENvbm5lY3Rpb25TaGFyaW5nRG93bnN0cmVh
bQBDb25uZWN0aW9uU2hhcmluZ1Vwc3RyZWFtAAAAQ29ubmVjdGlvblNoYXJpbmcAAABXaW5kb3dD
bGFzcwBTZXJpYWxGbG93Q29udHJvbAAAAFNlcmlhbFBhcml0eQAAAABTZXJpYWxTdG9wSGFsZmJp
dHMAAFNlcmlhbERhdGFCaXRzAABTZXJpYWxTcGVlZABTZXJpYWxMaW5lAABTaGFkb3dCb2xkT2Zm
c2V0AAAAAFNoYWRvd0JvbGQAAFdpZGVCb2xkRm9udAAAAABXaWRlRm9udAAAAABCb2xkRm9udAAA
AABTY3JvbGxiYXJPbkxlZnQATG9naW5TaGVsbAAAU3RhbXBVdG1wAAAAQnVnQ2hhblJlcQAAQnVn
V2luYWRqAAAAQnVnT2xkR2V4MgAAQnVnTWF4UGt0MgAAQnVnUmVrZXkyAAAAQnVnUEtTZXNzSUQy
AAAAAEJ1Z1JTQVBhZDIAAEJ1Z0Rlcml2ZUtleTIAAABCdWdITUFDMgAAAABCdWdJZ25vcmUyAABC
dWdSU0ExAEJ1Z1BsYWluUFcxAEJ1Z0lnbm9yZTEAAFBvcnRGb3J3YXJkaW5ncwBSZW1vdGVQb3J0
QWNjZXB0QWxsAExvY2FsUG9ydEFjY2VwdEFsbAAAWDExQXV0aEZpbGUAWDExQXV0aFR5cGUAWDEx
RGlzcGxheQAAWDExRm9yd2FyZAAAQmxpbmtUZXh0AAAAQkNFAExvY2tTaXplAAAAAEVyYXNlVG9T
Y3JvbGxiYWNrAAAAU2Nyb2xsT25EaXNwAAAAAFNjcm9sbE9uS2V5AFNjcm9sbEJhckZ1bGxTY3Jl
ZW4AU2Nyb2xsQmFyAAAAQ2Fwc0xvY2tDeXIAUHJpbnRlcgBVVEY4T3ZlcnJpZGUAAAAAQ0pLQW1i
aWdXaWRlAAAAAExpbmVDb2RlUGFnZQAAAAAlcyVkAAAAAFdvcmRuZXNzJWQAAE1vdXNlT3ZlcnJp
ZGUAAABSZWN0U2VsZWN0AABNb3VzZUlzWHRlcm0AAAAAUGFzdGVSVEYAAAAAUmF3Q05QAAAlZCwl
ZCwlZAAAAABDb2xvdXIlZAAAAABCb2xkQXNDb2xvdXIAAAAAWHRlcm0yNTZDb2xvdXIAAEFOU0lD
b2xvdXIAAFRyeVBhbGV0dGUAAFVzZVN5c3RlbUNvbG91cnMAAAAARm9udFZUTW9kZQAARm9udFF1
YWxpdHkARm9udAAAAABUZXJtSGVpZ2h0AABUZXJtV2lkdGgAAABXaW5UaXRsZQAAAABXaW5OYW1l
QWx3YXlzAAAARGlzYWJsZUJpZGkARGlzYWJsZUFyYWJpY1NoYXBpbmcAAAAAQ1JJbXBsaWVzTEYA
TEZJbXBsaWVzQ1IAQXV0b1dyYXBNb2RlAAAAAERFQ09yaWdpbk1vZGUAAABTY3JvbGxiYWNrTGlu
ZXMAQmVsbE92ZXJsb2FkUwAAAEJlbGxPdmVybG9hZFQAAABCZWxsT3ZlcmxvYWROAAAAQmVsbE92
ZXJsb2FkAAAAAEJlbGxXYXZlRmlsZQAAAABCZWVwSW5kAEJlZXAAAAAAQmxpbmtDdXIAAAAAQ3Vy
VHlwZQBXaW5kb3dCb3JkZXIAAAAAU3Vua2VuRWRnZQAASGlkZU1vdXNlUHRyAAAAAEZ1bGxTY3Jl
ZW5PbkFsdEVudGVyAAAAAEFsd2F5c09uVG9wAEFuc3dlcmJhY2sAAExvY2FsRWRpdAAAAExvY2Fs
RWNobwAAAFRlbG5ldFJldAAAAFRlbG5ldEtleQAAAEN0cmxBbHRLZXlzAENvbXBvc2VLZXkAAEFs
dE9ubHkAQWx0U3BhY2UAAAAAQWx0RjQAAABOZXRIYWNrS2V5cGFkAAAAQXBwbGljYXRpb25LZXlw
YWQAAABBcHBsaWNhdGlvbkN1cnNvcktleXMAAABOb1JlbW90ZUNoYXJzZXQATm9EQmFja3NwYWNl
AAAAAFJlbW90ZVFUaXRsZUFjdGlvbgAATm9SZW1vdGVXaW5UaXRsZQAAAABOb0FsdFNjcmVlbgBO
b1JlbW90ZVJlc2l6ZQAATm9Nb3VzZVJlcG9ydGluZwAAAABOb0FwcGxpY2F0aW9uQ3Vyc29ycwAA
AABOb0FwcGxpY2F0aW9uS2V5cwAAAExpbnV4RnVuY3Rpb25LZXlzAAAAUlhWVEhvbWVFbmQAQmFj
a3NwYWNlSXNEZWxldGUAAABQYXNzaXZlVGVsbmV0AAAAUkZDRW52aXJvbgAAUmVtb3RlQ29tbWFu
ZAAAAFB1YmxpY0tleUZpbGUAAABTU0gyREVTAExvZ0hvc3QAU3NoUHJvdABTc2hOb1NoZWxsAABH
U1NDdXN0b20AAABHU1NMaWJzAEF1dGhHU1NBUEkAAEF1dGhLSQAAQXV0aFRJUwBTc2hCYW5uZXIA
AABTc2hOb0F1dGgAAABSZWtleUJ5dGVzAABSZWtleVRpbWUAAABLRVgAQ2lwaGVyAABDaGFuZ2VV
c2VybmFtZQAAR3NzYXBpRndkAAAAQWdlbnRGd2QAAAAAVHJ5QWdlbnQAAAAAQ29tcHJlc3Npb24A
Tm9QVFkAAABMb2NhbFVzZXJOYW1lAAAAVXNlck5hbWVGcm9tRW52aXJvbm1lbnQAVXNlck5hbWUA
AAAARW52aXJvbm1lbnQAUHJveHlUZWxuZXRDb21tYW5kAABQcm94eVBhc3N3b3JkAAAAUHJveHlV
c2VybmFtZQAAAFByb3h5UG9ydAAAAFByb3h5SG9zdAAAAFByb3h5TWV0aG9kAFByb3h5TG9jYWxo
b3N0AABQcm94eUROUwAAAABQcm94eUV4Y2x1ZGVMaXN0AAAAAEFkZHJlc3NGYW1pbHkAAABUZXJt
aW5hbE1vZGVzAAAAVGVybWluYWxTcGVlZAAAAFRlcm1pbmFsVHlwZQAAAABUQ1BLZWVwYWxpdmVz
AAAAVENQTm9EZWxheQAAUGluZ0ludGVydmFsU2VjcwAAAABQaW5nSW50ZXJ2YWwAAAAAV2Fybk9u
Q2xvc2UAQ2xvc2VPbkV4aXQAUG9ydE51bWJlcgAAUHJvdG9jb2wAAAAAU1NITG9nT21pdERhdGEA
AFNTSExvZ09taXRQYXNzd29yZHMATG9nRmx1c2gAAAAATG9nRmlsZUNsYXNoAAAAAExvZ1R5cGUA
TG9nRmlsZU5hbWUASG9zdE5hbWUAAAAAUHJlc2VudABCdWdneU1BQwAAAABOb1JlbW90ZVFUaXRs
ZQAAMUcAAGRoLWdleC1zaGExLGRoLWdyb3VwMTQtc2hhMSxkaC1ncm91cDEtc2hhMSxyc2EsV0FS
TgBkaC1ncm91cDE0LXNoYTEsZGgtZ3JvdXAxLXNoYTEscnNhLFdBUk4sZGgtZ2V4LXNoYTEAQnVn
REhHRXgyAAAAAAAAAGNvbm5lY3QgJWhvc3QgJXBvcnRcbgAAAHByb3h5AAAAUHJveHlTT0NLU1Zl
cnNpb24AAABQcm94eVR5cGUAAABBAAAAMzg0MDAsMzg0MDAAeHRlcm0AAABkZWZhdWx0ACVkeCVk
AAAAU2l6ZVRpcENsYXNzAAAAAAAAAAAQW0YAAFtGAOxaRgDQWkYAxFpGALBaRgCYWkYAeFpGAGBa
RgBQWkYAQFpGAChaRgAQWkYA8FlGANxZRgBASUYAAQAAAAAAAAA4SUYAAgAAAAAAAAAwSUYAAwAA
AAAAAAAoSUYABAAAAAAAAAAkSUYABQAAAAAAAAAgSUYABgAAAAAAAAAYSUYABwAAAAAAAAAQSUYA
CAAAAAAAAAAISUYACQAAAAAAAAAASUYACgAAAAAAAAD4SEYACwAAAAAAAADwSEYADAAAAAAAAADo
SEYADQAAAAAAAADgSEYADgAAAAAAAADYSEYADwAAAAAAAADQSEYAEAAAAAAAAADISEYAEQAAAAAA
AADASEYAEgAAAAAAAAC4SEYAHgAAAAEAAACwSEYAHwAAAAEAAACoSEYAIAAAAAEAAACgSEYAIQAA
AAEAAACYSEYAIgAAAAEAAACQSEYAIwAAAAEAAACISEYAJAAAAAEAAACASEYAJQAAAAEAAAB4SEYA
JgAAAAEAAABwSEYAJwAAAAEAAABoSEYAKAAAAAEAAABgSEYAKQAAAAEAAABYSEYAMgAAAAEAAABQ
SEYAMwAAAAEAAABISEYANAAAAAEAAABASEYANQAAAAEAAAA4SEYANgAAAAEAAAAwSEYANwAAAAEA
AAAoSEYAOAAAAAEAAAAgSEYAOQAAAAEAAAAYSEYAOgAAAAEAAAAQSEYAOwAAAAEAAAAISEYAPAAA
AAEAAAAASEYAPQAAAAEAAAD4R0YAPgAAAAEAAADwR0YARgAAAAEAAADoR0YARwAAAAEAAADgR0YA
SAAAAAEAAADYR0YASQAAAAEAAADQR0YASgAAAAEAAADIR0YASwAAAAEAAADER0YAWgAAAAEAAADA
R0YAWwAAAAEAAAC4R0YAXAAAAAEAAACwR0YAXQAAAAEAAADUWUYAAAAAADjqQADL7kQAOOpAADjq
QADL7kQAOOpAADjqQAAAAAAAU1NILQAAAABTU0hDT05ORUNUSU9OQHB1dHR5LnByb2plY3RzLnRh
cnRhcnVzLm9yZy0AABw5QQA/OkEA0zpBALtnQQAAAAAAvFlGAKBZRgCQWUYAeFlGAGRZRgBUWUYA
BgAAAFRZRgAGAAAAQFlGABEAAAAAAAAAHwAAADhZRgABAAAAJFlGABcAAAAQWUYAHAAAAABZRgAY
AAAA8FhGABoAAADgWEYAFQAAANBYRgAgAAAAyFhGABIAAADAWEYAEwAAALhYRgAUAAAAsFhGABYA
AACoWEYAGQAAAKBYRgAbAAAAmFhGAB0AAACQWEYAHgAAAAAAAAAhAAAAAAAAACEAAABTSUdVU1Iy
AFNJR1VTUjEAU0lHU0VHVgBTSUdQSVBFAFNJR0lMTAAAU0lHRlBFAABTSUdBTFJNAFNJR0FCUlQA
TW9yZSBzaWduYWxzAAAAAFNJR0hVUCAoSGFuZ3VwKQBTSUdRVUlUIChRdWl0KQAAU0lHS0lMTCAo
S2lsbCkAAFNJR1RFUk0gKFRlcm1pbmF0ZSkAU0lHSU5UIChJbnRlcnJ1cHQpAABCcmVhawAAAFJl
cGVhdCBrZXkgZXhjaGFuZ2UASUdOT1JFIG1lc3NhZ2UAAFJlc291cmNlIHNob3J0YWdlAAAAVW5r
bm93biBjaGFubmVsIHR5cGUAAAAAQ29ubmVjdCBmYWlsZWQAAEFkbWluaXN0cmF0aXZlbHkgcHJv
aGliaXRlZAA8dW5rbm93biByZWFzb24gY29kZT4AAABub25lAAAAAGlsbGVnYWwgdXNlciBuYW1l
AAAAbm8gbW9yZSBhdXRoIG1ldGhvZHMgYXZhaWxhYmxlAABhdXRoIGNhbmNlbGxlZCBieSB1c2Vy
AAB0b28gbWFueSBjb25uZWN0aW9ucwAAAABieSBhcHBsaWNhdGlvbgAAY29ubmVjdGlvbiBsb3N0
AGhvc3Qga2V5IG5vdCB2ZXJpZmlhYmxlAHByb3RvY29sIHZlcnNpb24gbm90IHN1cHBvcnRlZAAA
c2VydmljZSBub3QgYXZhaWxhYmxlAAAAY29tcHJlc3Npb24gZXJyb3IAAABNQUMgZXJyb3IAAABo
b3N0IGF1dGhlbnRpY2F0aW9uIGZhaWxlZAAAa2V5IGV4Y2hhbmdlIGZhaWxlZABwcm90b2NvbCBl
cnJvcgAAaG9zdCBub3QgYWxsb3dlZCB0byBjb25uZWN0AC0AAABmYWxzZQAAAG9mZgBubwAAKwAA
AHRydWUAAAAAb24AAHllcwBTU0gxX0NNU0dfQVVUSF9DQ0FSRF9SRVNQT05TRQAAAFNTSDFfU01T
R19BVVRIX0NDQVJEX0NIQUxMRU5HRQAAU1NIMV9DTVNHX0FVVEhfQ0NBUkQAAAAAU1NIMV9DTVNH
X0FVVEhfVElTX1JFU1BPTlNFAFNTSDFfU01TR19BVVRIX1RJU19DSEFMTEVOR0UAAAAAU1NIMV9D
TVNHX0FVVEhfVElTAABTU0gxX0NNU0dfUkVRVUVTVF9DT01QUkVTU0lPTgAAAFNTSDFfTVNHX0RF
QlVHAABTU0gxX0NNU0dfQVVUSF9SSE9TVFNfUlNBAAAAU1NIMV9DTVNHX1gxMV9SRVFVRVNUX0ZP
UldBUkRJTkcAAAAAU1NIMV9DTVNHX0VYSVRfQ09ORklSTUFUSU9OAFNTSDFfTVNHX0lHTk9SRQBT
U0gxX1NNU0dfQUdFTlRfT1BFTgAAAABTU0gxX0NNU0dfQUdFTlRfUkVRVUVTVF9GT1JXQVJESU5H
AABTU0gxX01TR19QT1JUX09QRU4AAFNTSDFfQ01TR19QT1JUX0ZPUldBUkRfUkVRVUVTVAAAU1NI
MV9TTVNHX1gxMV9PUEVOAABTU0gxX01TR19DSEFOTkVMX0NMT1NFX0NPTkZJUk1BVElPTgBTU0gx
X01TR19DSEFOTkVMX0NMT1NFAABTU0gxX01TR19DSEFOTkVMX0RBVEEAAABTU0gxX01TR19DSEFO
TkVMX09QRU5fRkFJTFVSRQAAAFNTSDFfTVNHX0NIQU5ORUxfT1BFTl9DT05GSVJNQVRJT04AAFNT
SDFfU01TR19FWElUX1NUQVRVUwAAAFNTSDFfQ01TR19FT0YAAABTU0gxX1NNU0dfU1RERVJSX0RB
VEEAAABTU0gxX1NNU0dfU1RET1VUX0RBVEEAAABTU0gxX0NNU0dfU1RESU5fREFUQQAAAABTU0gx
X1NNU0dfRkFJTFVSRQAAAFNTSDFfU01TR19TVUNDRVNTAAAAU1NIMV9DTVNHX0VYRUNfQ01EAABT
U0gxX0NNU0dfRVhFQ19TSEVMTAAAAABTU0gxX0NNU0dfV0lORE9XX1NJWkUAAABTU0gxX0NNU0df
UkVRVUVTVF9QVFkAAABTU0gxX0NNU0dfQVVUSF9QQVNTV09SRABTU0gxX0NNU0dfQVVUSF9SU0Ff
UkVTUE9OU0UAU1NIMV9TTVNHX0FVVEhfUlNBX0NIQUxMRU5HRQAAAABTU0gxX0NNU0dfQVVUSF9S
U0EAAFNTSDFfQ01TR19VU0VSAABTU0gxX0NNU0dfU0VTU0lPTl9LRVkAAABTU0gxX1NNU0dfUFVC
TElDX0tFWQAAAABTU0gxX01TR19ESVNDT05ORUNUAFNTSDJfTVNHX0NIQU5ORUxfRkFJTFVSRQAA
AABTU0gyX01TR19DSEFOTkVMX1NVQ0NFU1MAAAAAU1NIMl9NU0dfQ0hBTk5FTF9SRVFVRVNUAAAA
AFNTSDJfTVNHX0NIQU5ORUxfQ0xPU0UAAFNTSDJfTVNHX0NIQU5ORUxfRU9GAAAAAFNTSDJfTVNH
X0NIQU5ORUxfRVhURU5ERURfREFUQQAAU1NIMl9NU0dfQ0hBTk5FTF9EQVRBAAAAU1NIMl9NU0df
Q0hBTk5FTF9XSU5ET1dfQURKVVNUAABTU0gyX01TR19DSEFOTkVMX09QRU5fRkFJTFVSRQAAAFNT
SDJfTVNHX0NIQU5ORUxfT1BFTl9DT05GSVJNQVRJT04AAFNTSDJfTVNHX0NIQU5ORUxfT1BFTgAA
AFNTSDJfTVNHX1JFUVVFU1RfRkFJTFVSRQAAAABTU0gyX01TR19SRVFVRVNUX1NVQ0NFU1MAAAAA
U1NIMl9NU0dfR0xPQkFMX1JFUVVFU1QAU1NIMl9NU0dfVVNFUkFVVEhfSU5GT19SRVNQT05TRQBT
U0gyX01TR19VU0VSQVVUSF9JTkZPX1JFUVVFU1QAAFNTSDJfTVNHX1VTRVJBVVRIX1BBU1NXRF9D
SEFOR0VSRVEAAFNTSDJfTVNHX1VTRVJBVVRIX1BLX09LAFNTSDJfTVNHX1VTRVJBVVRIX0JBTk5F
UgAAAABTU0gyX01TR19VU0VSQVVUSF9TVUNDRVNTAAAAU1NIMl9NU0dfVVNFUkFVVEhfRkFJTFVS
RQAAAFNTSDJfTVNHX1VTRVJBVVRIX1JFUVVFU1QAAABTU0gyX01TR19LRVhSU0FfRE9ORQAAAABT
U0gyX01TR19LRVhSU0FfU0VDUkVUAABTU0gyX01TR19LRVhSU0FfUFVCS0VZAABTU0gyX01TR19L
RVhfREhfR0VYX1JFUExZAAAAU1NIMl9NU0dfS0VYX0RIX0dFWF9JTklUAAAAAFNTSDJfTVNHX0tF
WF9ESF9HRVhfR1JPVVAAAABTU0gyX01TR19LRVhfREhfR0VYX1JFUVVFU1QAU1NIMl9NU0dfS0VY
X0RIX0dFWF9SRVFVRVNUX09MRABTU0gyX01TR19LRVhESF9SRVBMWQAAAABTU0gyX01TR19LRVhE
SF9JTklUAFNTSDJfTVNHX05FV0tFWVMAAAAAU1NIMl9NU0dfS0VYSU5JVAAAAABTU0gyX01TR19T
RVJWSUNFX0FDQ0VQVABTU0gyX01TR19TRVJWSUNFX1JFUVVFU1QAAAAAU1NIMl9NU0dfREVCVUcA
AFNTSDJfTVNHX1VOSU1QTEVNRU5URUQAAFNTSDJfTVNHX0lHTk9SRQBTU0gyX01TR19ESVNDT05O
RUNUAFNTSDJfTVNHX1VTRVJBVVRIX0dTU0FQSV9NSUMAAAAAU1NIMl9NU0dfVVNFUkFVVEhfR1NT
QVBJX0VSUlRPSwBTU0gyX01TR19VU0VSQVVUSF9HU1NBUElfRVJST1IAAFNTSDJfTVNHX1VTRVJB
VVRIX0dTU0FQSV9FWENIQU5HRV9DT01QTEVURQAAU1NIMl9NU0dfVVNFUkFVVEhfR1NTQVBJX1RP
S0VOAABTU0gyX01TR19VU0VSQVVUSF9HU1NBUElfUkVTUE9OU0UAAABOVUxMID09IGZpbmQyMzQo
c3NoLT5jaGFubmVscywgJmksIHNzaF9jaGFubmVsZmluZCkALi5cc3NoLmMAAAAAc3NoLT5xdWV1
ZWluZwAAAHBrdC0+c2F2ZWRwb3MgPCBwa3QtPmxlbmd0aABzc2gtcnNhAFdlIGJlbGlldmUgcmVt
b3RlIHZlcnNpb24gaGFzIFNTSC0yIGNoYW5uZWwgcmVxdWVzdCBidWcAZHJvcGJlYXJfMC41WzAx
XSoAAABkcm9wYmVhcl8wLlsyLTRdWzAtOV0qAABPcGVuU1NIXzYuWzAtNl0qAAAAAE9wZW5TU0hf
WzItNV0uKgBXZSBiZWxpZXZlIHJlbW90ZSB2ZXJzaW9uIGhhcyB3aW5hZGogYnVnAAAAAFdlIGJl
bGlldmUgcmVtb3RlIHZlcnNpb24gaGFzIG91dGRhdGVkIFNTSC0yIEdFWAAAAABPcGVuU1NIXzIu
WzIzNV0qAAAAAFdlIGJlbGlldmUgcmVtb3RlIHZlcnNpb24gaGFzIFNTSC0yIGlnbm9yZSBidWcA
AFdlIGJlbGlldmUgcmVtb3RlIHZlcnNpb24gaWdub3JlcyBTU0gtMiBtYXhpbXVtIHBhY2tldCBz
aXplADEuMzYgc3NobGliOiBHbG9iYWxTY2FwZQAAAAAxLjM2X3NzaGxpYiBHbG9iYWxTQ0FQRQBX
ZSBiZWxpZXZlIHJlbW90ZSB2ZXJzaW9uIGhhcyBTU0gtMiByZWtleSBidWcAAABXZU9ubHlEby0q
AABTdW5fU1NIXzEuMC4xAAAAU3VuX1NTSF8xLjAAT3BlblNTSF8yLjUuWzAtM10qAABPcGVuU1NI
XzIuWzAtNF0qAAAAAERpZ2lTU0hfMi4wAFdlIGJlbGlldmUgcmVtb3RlIHZlcnNpb24gaGFzIFNT
SC0yIHB1YmxpYy1rZXktc2Vzc2lvbi1JRCBidWcAAABPcGVuU1NIXzIuWzAtMl0qAAAAAFdlIGJl
bGlldmUgcmVtb3RlIHZlcnNpb24gaGFzIFNTSC0yIFJTQSBwYWRkaW5nIGJ1ZwBtb2Rfc2Z0cC8w
LjkuWzAtOF0AAG1vZF9zZnRwLzAuWzAtOF0qAAAAT3BlblNTSF8zLlswLTJdKgAAAABPcGVuU1NI
XzIuWzUtOV0qAAAAAFdlIGJlbGlldmUgcmVtb3RlIHZlcnNpb24gaGFzIFNTSC0yIGtleS1kZXJp
dmF0aW9uIGJ1ZwAAMi4wLjEwKgAyLjAuMCoAAFdlIGJlbGlldmUgcmVtb3RlIHZlcnNpb24gaGFz
IFNTSC0yIEhNQUMgYnVnAAAAADIuMSAqAAAAMi4zLjAqAAAyLjIuMCoAADIuMC4qAAAAMi4xLjAq
AAAqIFZTaGVsbAAAAAAAAAAAV2UgYmVsaWV2ZSByZW1vdGUgdmVyc2lvbiBjYW4ndCBoYW5kbGUg
U1NILTEgUlNBIGF1dGhlbnRpY2F0aW9uAFdlIGJlbGlldmUgcmVtb3RlIHZlcnNpb24gbmVlZHMg
YSBwbGFpbiBTU0gtMSBwYXNzd29yZAAAV2UgYmVsaWV2ZSByZW1vdGUgdmVyc2lvbiBoYXMgU1NI
LTEgaWdub3JlIGJ1ZwAAT1NVXzEuNWFscGhhNAAAAE9TVV8xLjRhbHBoYTMAAAAxLjIuMjIAADEu
Mi4yMQAAMS4yLjIwAAAxLjIuMTkAADEuMi4xOAAAQ2lzY28tMS4yNQAAKnN0ciA9PSAnLScAV2Ug
Y2xhaW0gdmVyc2lvbjogJS4qcwAAU1NILSVzLSVzCgAAIXN0cmNtcChwcm90b25hbWUsICJTU0gt
IikAAFNTSC0AAAAAJXMyLjAtJXMNCgAAQ29ubmVjdGluZyB0byAlcwAAAABTaGFyaW5nIHRoaXMg
Y29ubmVjdGlvbiBhdCAlcwAAAFJldXNpbmcgYSBzaGFyZWQgY29ubmVjdGlvbiB0byB0aGlzIHNl
cnZlci4NCgAAAFVzaW5nIGV4aXN0aW5nIHNoYXJlZCBjb25uZWN0aW9uIGF0ICVzAABDb3VsZCBu
b3Qgc2V0IHVwIGNvbm5lY3Rpb24gc2hhcmluZyBhcyB1cHN0cmVhbTogJXMAQ291bGQgbm90IHNl
dCB1cCBjb25uZWN0aW9uIHNoYXJpbmcgYXMgZG93bnN0cmVhbTogJXMAAABDb3VsZCBub3Qgc2V0
IHVwIGNvbm5lY3Rpb24gc2hhcmluZzogJXMAU2VydmVyIGNsb3NlZCBuZXR3b3JrIGNvbm5lY3Rp
b24AAAAAU2VydmVyIHVuZXhwZWN0ZWRseSBjbG9zZWQgbmV0d29yayBjb25uZWN0aW9uAAAAc3No
LT5jb25uX3Rocm90dGxlX2NvdW50ID49IDAAAABmaW5nZXJwcmludFtzdHJzcG4oZmluZ2VycHJp
bnQsICIwMTIzNDU2Nzg5YWJjZGVmOiIpXSA9PSAwAAAwMTIzNDU2Nzg5YWJjZGVmOgAAAGZpbmdl
cnByaW50WzJdID09ICc6JwAAAHN0cmxlbihmaW5nZXJwcmludCkgPT0gMTYqMyAtIDEAc3NoLT5w
YWNrZXRfZGlzcGF0Y2hbcWgtPm1zZzJdID09IHNzaF9xdWV1ZWluZ19oYW5kbGVyAABzc2gtPnBh
Y2tldF9kaXNwYXRjaFtxaC0+bXNnMV0gPT0gc3NoX3F1ZXVlaW5nX2hhbmRsZXIAAHBrdGluLT50
eXBlID09IHFoLT5tc2cxIHx8IHBrdGluLT50eXBlID09IHFoLT5tc2cyAABxaCAhPSBOVUxMAABy
cGYgPT0gcGYAAABSZW1vdGUgcG9ydCBmb3J3YXJkaW5nIGZyb20gJXMgcmVmdXNlZAAAUmVtb3Rl
IHBvcnQgZm9yd2FyZGluZyBmcm9tICVzIGVuYWJsZWQAAHNzaC0+dmVyc2lvbiA9PSAyAAAARm9y
d2FyZGVkIGNvbm5lY3Rpb24gcmVmdXNlZCBieSBzZXJ2ZXIAAFJlbW90ZSBkZWJ1ZyBtZXNzYWdl
OiAlLipzAAAhKGMtPmNsb3NlcyAmIChDTE9TRVNfU0VOVF9DTE9TRSB8IENMT1NFU19SQ1ZEX0NM
T1NFKSkAAENvbm5lY3Rpb24gc2hhcmluZyBkb3duc3RyZWFtICMldSBjb25uZWN0ZWQAQ29ubmVj
dGlvbiBzaGFyaW5nIGRvd25zdHJlYW0gIyV1IGNvbm5lY3RlZCBmcm9tICVzAENvbm5lY3Rpb24g
c2hhcmluZzogJXMAAENvbm5lY3Rpb24gc2hhcmluZyBkb3duc3RyZWFtICMldTogJXMAAABSZWpl
Y3RlZCBjaGFubmVsIG9wZW46ICVzAAAAZW4AAFVuc3VwcG9ydGVkIGNoYW5uZWwgdHlwZSByZXF1
ZXN0ZWQAAEFnZW50IGZvcndhcmRpbmcgaXMgbm90IGVuYWJsZWQAYXV0aC1hZ2VudEBvcGVuc3No
LmNvbQAARm9yd2FyZGVkIHBvcnQgb3BlbmVkIHN1Y2Nlc3NmdWxseQAAUG9ydCBvcGVuIGZhaWxl
ZAAAAABQb3J0IG9wZW4gZmFpbGVkOiAlcwAAAABBdHRlbXB0aW5nIHRvIGZvcndhcmQgcmVtb3Rl
IHBvcnQgdG8gJXM6JWQAAFJlbW90ZSBwb3J0IGlzIG5vdCByZWNvZ25pc2VkAAAAUmVjZWl2ZWQg
cmVtb3RlIHBvcnQgJXM6JWQgb3BlbiByZXF1ZXN0IGZyb20gJXM6JWQAAGZvcndhcmRlZC10Y3Bp
cABPcGVuZWQgWDExIGZvcndhcmQgY2hhbm5lbAAAWDExIGZvcndhcmRpbmcgaXMgbm90IGVuYWJs
ZWQAAABSZWNlaXZlZCBYMTEgY29ubmVjdCByZXF1ZXN0IGZyb20gJXM6JWQAeDExLXJlcQBSZXF1
ZXN0aW5nIFgxMSBmb3J3YXJkaW5nAAAAWDExIGZvcndhcmRpbmcgcmVmdXNlZAAAWDExIGZvcndh
cmRpbmcgZW5hYmxlZAAAYXV0aC1hZ2VudC1yZXFAb3BlbnNzaC5jb20AAFJlcXVlc3RpbmcgT3Bl
blNTSC1zdHlsZSBhZ2VudCBmb3J3YXJkaW5nAAAAQWdlbnQgZm9yd2FyZGluZyByZWZ1c2VkAAAA
AEFnZW50IGZvcndhcmRpbmcgZW5hYmxlZAAAAABwdHktcmVxACVkLCVkAAAAU2VydmVyIHJlZnVz
ZWQgdG8gYWxsb2NhdGUgcHR5DQoAAAAAQWxsb2NhdGVkIHB0eSAob3NwZWVkICVkYnBzLCBpc3Bl
ZWQgJWRicHMpAABTZXJ2ZXIgcmVmdXNlZCB0byBzZXQgYWxsIGVudmlyb25tZW50IHZhcmlhYmxl
cw0KAAAAJWQgZW52aXJvbm1lbnQgdmFyaWFibGVzIHJlZnVzZWQAAAAAU2VydmVyIHJlZnVzZWQg
dG8gc2V0IGVudmlyb25tZW50IHZhcmlhYmxlcw0KAAAAQWxsIGVudmlyb25tZW50IHZhcmlhYmxl
cyByZWZ1c2VkAAAAQWxsIGVudmlyb25tZW50IHZhcmlhYmxlcyBzdWNjZXNzZnVsbHkgc2V0AABT
ZW50ICVkIGVudmlyb25tZW50IHZhcmlhYmxlcwAAAHRpbWVvdXQAKGkgKyBsZW5vZihzcGVjaWFs
c19lbmQpKSA8PSBsZW5vZihzc2hfc3BlY2lhbHMpAAAAAChpICsgbGVub2Yoc3NoMl9zZXNzaW9u
X3NwZWNpYWxzKSkgPD0gbGVub2Yoc3NoX3NwZWNpYWxzKQAAAChpICsgbGVub2Yoc3NoMl9yZWtl
eV9zcGVjaWFsKSkgPD0gbGVub2Yoc3NoX3NwZWNpYWxzKQAAWmxpYiBkZWNvbXByZXNzaW9uIGVu
Y291bnRlcmVkIGludmFsaWQgZGF0YQBJbmNvcnJlY3QgQ1JDIHJlY2VpdmVkIG9uIHBhY2tldAAA
AABOZXR3b3JrIGF0dGFjayAoQ1JDIGNvbXBlbnNhdGlvbikgZGV0ZWN0ZWQhAAAAAABFeHRyZW1l
bHkgbGFyZ2UgcGFja2V0IGxlbmd0aCBmcm9tIHNlcnZlciBzdWdnZXN0cyBkYXRhIHN0cmVhbSBj
b3JydXB0aW9uAAAAcGFzc3dvcmQAAAAASW52YWxpZCBwYWNrZXQgbGVuZ3RoIHJlY2VpdmVkAABw
YWRkaW5nIDw9IDI1NQAAdG9vIG11Y2ggZGF0YSBzZW50AAAhc3NoLT5xdWV1ZWluZwAARGlzY29u
bmVjdGVkAAAAAERpc2Nvbm5lY3RlZDogJXMAAAAAU2VudCBwYXNzd29yZAAAAFNlbmRpbmcgdW5w
YWRkZWQgcGFzc3dvcmQAAABTZW5kaW5nIGxlbmd0aC1wYWRkZWQgcGFzc3dvcmQAAFNlbmRpbmcg
cGFzc3dvcmQgd2l0aCBjYW1vdWZsYWdlIHBhY2tldHMAAAAAcHdsZW4gPj0gYm90dG9tICYmIHB3
bGVuIDw9IHRvcAAlc0AlcydzIHBhc3N3b3JkOiAAAFNTSCBwYXNzd29yZAAAAABObyBzdXBwb3J0
ZWQgYXV0aGVudGljYXRpb24gbWV0aG9kcyBhdmFpbGFibGUAAABVc2luZyBDcnlwdG9DYXJkIGF1
dGhlbnRpY2F0aW9uLiVzJXMAAAAAU1NIIENyeXB0b0NhcmQgYXV0aGVudGljYXRpb24AAABSZWNl
aXZlZCBDcnlwdG9DYXJkIGNoYWxsZW5nZQAAAENyeXB0b0NhcmQgY2hhbGxlbmdlIHBhY2tldCB3
YXMgYmFkbHkgZm9ybWVkAAAAAEF1dGhlbnRpY2F0aW9uIHN1Y2Nlc3NmdWwAAABSZXF1ZXN0ZWQg
VElTIGF1dGhlbnRpY2F0aW9uAAAAACkuDQoAAAAAICgAAENvdWxkbid0IGxvYWQgcHJpdmF0ZSBr
ZXkgZnJvbSAAVW5hYmxlIHRvIGF1dGhlbnRpY2F0ZQAAMCAmJiAidW5leHBlY3RlZCByZXR1cm4g
ZnJvbSBsb2FkcnNha2V5KCkiAABXcm9uZyBwYXNzcGhyYXNlLg0KAFBhc3NwaHJhc2UgZm9yIGtl
eSAiJS4xMDBzIjogAAAAU1NIIGtleSBwYXNzcGhyYXNlAABObyBwYXNzcGhyYXNlIHJlcXVpcmVk
Lg0KAAAAVHJ5aW5nIHB1YmxpYyBrZXkgIiVzIgAAVHJ5aW5nIHB1YmxpYyBrZXkgYXV0aGVudGlj
YXRpb24uDQoARmFpbGVkIHRvIGdldCByZXBseSBmcm9tIFBhZ2VhbnQAAAAAVHJ5aW5nIFBhZ2Vh
bnQga2V5ICMlZAAAUGFnZWFudCBrZXkgIyVkIG1hdGNoZXMgY29uZmlndXJlZCBrZXkgZmlsZQBQ
YWdlYW50IGtleSBsaXN0IHBhY2tldCB3YXMgdHJ1bmNhdGVkAAAAUGFnZWFudCBoYXMgJWQgU1NI
LTEga2V5cwAAAFBhZ2VhbnQgcmVwb3J0ZWQgbmVnYXRpdmUga2V5IGNvdW50ICVkAABQYWdlYW50
IGlzIHJ1bm5pbmcuIFJlcXVlc3Rpbmcga2V5cy4AAAAAQ3J5cHRvQ2FyZCBhdXRoZW50aWNhdGlv
biByZWZ1c2VkLg0KAAAAAENyeXB0b0NhcmQgYXV0aGVudGljYXRpb24gZGVjbGluZWQAAFN0cmFu
Z2UgcGFja2V0IHJlY2VpdmVkLCB0eXBlICVkAAAAAEF1dGhlbnRpY2F0aW9uIHJlZnVzZWQAAEFj
Y2VzcyBkZW5pZWQNCgBSZXF1ZXN0ZWQgQ3J5cHRvQ2FyZCBhdXRoZW50aWNhdGlvbgBVc2luZyBU
SVMgYXV0aGVudGljYXRpb24uJXMlcwAAAAoAAABSZXNwb25zZTogAABTU0ggVElTIGF1dGhlbnRp
Y2F0aW9uAABSZWNlaXZlZCBUSVMgY2hhbGxlbmdlAABUSVMgY2hhbGxlbmdlIHBhY2tldCB3YXMg
YmFkbHkgZm9ybWVkAAAAVElTIGF1dGhlbnRpY2F0aW9uIHJlZnVzZWQuDQoAAABUSVMgYXV0aGVu
dGljYXRpb24gZGVjbGluZWQAQ29uZmlndXJlZCBrZXkgZmlsZSBub3QgaW4gUGFnZWFudAAAUGFn
ZWFudCdzIHJlc3BvbnNlIG5vdCBhY2NlcHRlZAAiIGZyb20gYWdlbnQNCgAAQXV0aGVudGljYXRl
ZCB1c2luZyBSU0Ega2V5ICIAAABQYWdlYW50J3MgcmVzcG9uc2UgYWNjZXB0ZWQAU2VydmVyJ3Mg
UlNBIGNoYWxsZW5nZSB3YXMgYmFkbHkgZm9ybWF0dGVkAABCaXphcnJlIHJlc3BvbnNlIHRvIG9m
ZmVyIG9mIHB1YmxpYyBrZXkAU2VydmVyIHJlZnVzZWQgb3VyIHB1YmxpYyBrZXkuDQoAAAAAQml6
YXJyZSByZXNwb25zZSB0byBSU0EgYXV0aGVudGljYXRpb24gcmVzcG9uc2UARmFpbGVkIHRvIGF1
dGhlbnRpY2F0ZSB3aXRoIG91ciBwdWJsaWMga2V5Lg0KAAAATm8gcmVwbHkgcmVjZWl2ZWQgZnJv
bSBQYWdlYW50AABQYWdlYW50IGZhaWxlZCB0byBhbnN3ZXIgY2hhbGxlbmdlAABTZW5kaW5nIFBh
Z2VhbnQncyByZXNwb25zZQAAVW5leHBlY3RlZCBkYXRhIGZyb20gc2VydmVyIHdoaWxlIHdhaXRp
bmcgZm9yIGFnZW50IHJlc3BvbnNlAAAAAFNlbnQgdXNlcm5hbWUgIiVzIgAATm8gdXNlcm5hbWUg
cHJvdmlkZWQAAAAAVW5hYmxlIHRvIHVzZSBrZXkgZmlsZSAiJS4xNTBzIiAoJXMpDQoAAFVuYWJs
ZSB0byB1c2UgdGhpcyBrZXkgZmlsZSAoJXMpAAAAAFVuYWJsZSB0byBsb2FkIHByaXZhdGUga2V5
IGZpbGUgIiUuMTUwcyIgKCVzKQ0KAFVuYWJsZSB0byBsb2FkIHByaXZhdGUga2V5ICglcykAUmVh
ZGluZyBwcml2YXRlIGtleSBmaWxlICIlLjE1MHMiAAAAUmVjZWl2ZWQgUlNBIGNoYWxsZW5nZQAA
S2V5IHJlZnVzZWQAbG9naW4gYXM6IAAAU1NIIGxvZ2luIG5hbWUAAFN1Y2Nlc3NmdWxseSBzdGFy
dGVkIGVuY3J5cHRpb24ARW5jcnlwdGlvbiBub3Qgc3VjY2Vzc2Z1bGx5IGVuYWJsZWQARmFpbGVk
IHRvIHJlYWQgU1NILTEgcHVibGljIGtleXMgZnJvbSBwdWJsaWMga2V5IHBhY2tldABTU0gtMSBw
dWJsaWMga2V5cyB3ZXJlIGJhZGx5IGZvcm1hdHRlZAAASW5zdGFsbGluZyBDUkMgY29tcGVuc2F0
aW9uIGF0dGFjayBkZXRlY3RvcgBJbml0aWFsaXNlZCAlcyBlbmNyeXB0aW9uAAAAVHJ5aW5nIHRv
IGVuYWJsZSBlbmNyeXB0aW9uLi4uAABVc2luZyBzaW5nbGUtREVTIGVuY3J5cHRpb24AVXNpbmcg
M0RFUyBlbmNyeXB0aW9uAAAAVXNpbmcgQmxvd2Zpc2ggZW5jcnlwdGlvbgAAAGNpcGhlcgAATm8g
c3VwcG9ydGVkIGNpcGhlcnMgZm91bmQAAFNlcnZlciB2aW9sYXRlcyBTU0gtMSBwcm90b2NvbCBi
eSBub3Qgc3VwcG9ydGluZyAzREVTIGVuY3J5cHRpb24AAAAAc2luZ2xlLURFUwAAQUVTIG5vdCBz
dXBwb3J0ZWQgaW4gU1NILTEsIHNraXBwaW5nAAAAAEVuY3J5cHRlZCBzZXNzaW9uIGtleQAAAFNT
SC0xIHB1YmxpYyBrZXkgZW5jcnlwdGlvbnMgZmFpbGVkIGR1ZSB0byBiYWQgZm9ybWF0dGluZwAA
AEhvc3Qga2V5IGRpZCBub3QgYXBwZWFyIGluIG1hbnVhbGx5IGNvbmZpZ3VyZWQgbGlzdAAgICAg
ICAAAEhvc3Qga2V5IGZpbmdlcnByaW50IGlzOgAAAABTU0gtMSBwdWJsaWMga2V5IHBhY2tldCBz
dG9wcGVkIGJlZm9yZSByYW5kb20gY29va2llAAAAAFJlY2VpdmVkIHB1YmxpYyBrZXlzAAAAAFB1
YmxpYyBrZXkgcGFja2V0IG5vdCByZWNlaXZlZAAAVXNlciBhYm9ydGVkIGF0IGhvc3Qga2V5IHZl
cmlmaWNhdGlvbgAAAAAAAABVbmV4cGVjdGVkIGRhdGEgZnJvbSBzZXJ2ZXIgd2hpbGUgd2FpdGlu
ZyBmb3IgdXNlciBob3N0IGtleSByZXNwb25zZQAAAABVc2VyIGFib3J0ZWQgYXQgY2lwaGVyIHdh
cm5pbmcAAFVuZXhwZWN0ZWQgZGF0YSBmcm9tIHNlcnZlciB3aGlsZSB3YWl0aW5nIGZvciB1c2Vy
IHJlc3BvbnNlAHRjcGlwLWZvcndhcmQAAABSZXF1ZXN0aW5nIHJlbW90ZSBwb3J0ICVzIGZvcndh
cmQgdG8gJXMARHVwbGljYXRlIHJlbW90ZSBwb3J0IGZvcndhcmRpbmcgdG8gJXM6JWQAAABMb2Nh
bCAlc3BvcnQgJXMgU09DS1MgZHluYW1pYyBmb3J3YXJkaW5nJXMlcwAAAABMb2NhbCAlc3BvcnQg
JXMgZm9yd2FyZGluZyB0byAlcyVzJXMAAAAASVB2NiAAAAAgZmFpbGVkOiAAAABJUHY0IAAAACVz
OiVzJXMlZCVzACgAAAAlcyVzJXMlcyVkJXMAAAAAKQAAAGxvY2FsaG9zdAAAAGNhbmNlbC10Y3Bp
cC1mb3J3YXJkAAAAAENhbmNlbGxpbmcgJXMAAAAlcyB0byAlczolZAAlcyBwb3J0IGZvcndhcmRp
bmcgZnJvbSAlcyVzJWQAAGR5bmFtaWMAcmVtb3RlAABsb2NhbAAAAFNlcnZpY2UgbG9va3VwIGZh
aWxlZCBmb3IgZGVzdGluYXRpb24gcG9ydCAiJXMiADoAAABTZXJ2aWNlIGxvb2t1cCBmYWlsZWQg
Zm9yIHNvdXJjZSBwb3J0ICIlcyIAAEluY29taW5nIHRlcm1pbmFsIGRhdGEgcGFja2V0IHdhcyBi
YWRseSBmb3JtZWQAAFJlamVjdGVkIFgxMSBjb25uZWN0IHJlcXVlc3QAAAAAUmVjZWl2ZWQgWDEx
IGNvbm5lY3QgcmVxdWVzdAAAAABSZWNlaXZlZCByZW1vdGUgcG9ydCBvcGVuIHJlcXVlc3QgZm9y
ICVzOiVkAFJlamVjdGVkIHJlbW90ZSBwb3J0IG9wZW4gcmVxdWVzdCBmb3IgJXM6JWQAU2VydmVy
IHNlbnQgY29tbWFuZCBleGl0IHN0YXR1cyAlZAAAU2VydmVyIHNlbnQgZGlzY29ubmVjdCBtZXNz
YWdlOgoiJS4qcyIAAHdpbmFkakBwdXR0eS5wcm9qZWN0cy50YXJ0YXJ1cy5vcmcAAFJlY2VpdmVk
ICVzIGZvciAlcyBjaGFubmVsICV1AAAAbm9uZXhpc3RlbnQAaGFsZi1vcGVuAAAAQWxsIGNoYW5u
ZWxzIGNsb3NlZABDb25uZWN0aW9uIHNoYXJpbmcgZG93bnN0cmVhbSAjJXUgZGlzY29ubmVjdGVk
AABjLT52LnYyLmNoYW5yZXFfaGVhZCA9PSBOVUxMAAAAAEZvcndhcmRlZCBYMTEgY29ubmVjdGlv
biB0ZXJtaW5hdGVkAEZvcndhcmRlZCBwb3J0IGNsb3NlZAAAACEiRnVubnkgY2hhbm5lbCB0eXBl
IGluIHNzaDJfbXNnX2NoYW5uZWxfb3Blbl9mYWlsdXJlIgAARm9yd2FyZGVkIGNvbm5lY3Rpb24g
cmVmdXNlZCBieSBzZXJ2ZXI6ICVzIFslLipzXQAAAGMtPmhhbGZvcGVuAFNlcnZlciBleGl0ZWQg
b24gc2lnbmFsJXMlcyVzAAAAIChjb3JlIGR1bXBlZCkAACAoIiUuKnMiKQAAAFRFUk0AAAAAU0VH
VgAAAABJTlQASUxMAEZQRQBBQlJUAAAAACAiJS4qcyIAICVkAGV4aXQtc2lnbmFsAGV4aXQtc3Rh
dHVzAFNlcnZlciBzZW50IGRpc2Nvbm5lY3QgbWVzc2FnZQp0eXBlICVkICglcyk6CiIlLipzIgBE
aXNjb25uZWN0aW9uIG1lc3NhZ2UgdGV4dDogJS4qcwAAAABSZWNlaXZlZCBkaXNjb25uZWN0IG1l
c3NhZ2UgKHVua25vd24gdHlwZSAlZCkAAABSZWNlaXZlZCBkaXNjb25uZWN0IG1lc3NhZ2UgKCVz
KQAAAABTZXJ2ZXIgcHJvdG9jb2wgdmlvbGF0aW9uOiB1bmV4cGVjdGVkICVzIHBhY2tldAB3aW5k
b3ctY2hhbmdlAAAAYy0+cGVuZGluZ19lb2YAAEZvcndhcmRlZCBYMTEgY29ubmVjdGlvbiB0ZXJt
aW5hdGVkIGR1ZSB0byBsb2NhbCBlcnJvcjogJXMAAEZvcndhcmRlZCBwb3J0IGNsb3NlZCBkdWUg
dG8gbG9jYWwgZXJyb3I6ICVzAAAAAFJlY2VpdmVkIENIQU5ORUxfQ0xPU0UlcyBmb3IgJXMgY2hh
bm5lbCAlZAoAX0NPTkZJUk1BVElPTgAAAFJlY2VpdmVkIENIQU5ORUxfQ0xPU0VfQ09ORklSTUFU
SU9OIGZvciBjaGFubmVsICVkIGZvciB3aGljaCB3ZSBuZXZlciBzZW50IENIQU5ORUxfQ0xPU0UK
AAAAISJGdW5ueSBjaGFubmVsIHR5cGUgaW4gc3NoMl9tc2dfY2hhbm5lbF9vcGVuX2NvbmZpcm1h
dGlvbiIAU2VudCBzaWduYWwgU0lHJXMAAABzaWduYWwAAFVTUjIAAAAAVVNSMQAAAABQSVBFAAAA
AEhVUABBTFJNAAAAAGJyZWFrAAAAVW5hYmxlIHRvIHNlbmQgQlJFQUsgc2lnbmFsIGluIFNTSC0x
AAAAAGF0IHVzZXIgcmVxdWVzdABTZW50IEVPRiBtZXNzYWdlAAAAAAAAAAEFAAAAU3RhcnRlZCBz
ZXNzaW9uAFJlcXVlc3RpbmcgYWdlbnQgZm9yd2FyZGluZwBYMTEgZm9yd2FyZGluZyBub3QgZW5h
YmxlZDogdW5hYmxlIHRvIGluaXRpYWxpc2UgWCBkaXNwbGF5AABQcm90b2NvbCBjb25mdXNpb24A
AEluaXRpYWxpc2VkIHpsaWIgKFJGQzE5NTApIGRlY29tcHJlc3Npb24AAAAASW5pdGlhbGlzZWQg
emxpYiAoUkZDMTk1MCkgY29tcHJlc3Npb24AAFN0YXJ0ZWQgY29tcHJlc3Npb24AU2VydmVyIHJl
ZnVzZWQgdG8gY29tcHJlc3MNCgAAAABTdHJhbmdlIHBhY2tldCByZWNlaXZlZDogdHlwZSAlZAAA
AAAAAAAATm8gc3VwcG9ydGVkIGF1dGhlbnRpY2F0aW9uIG1ldGhvZHMgYXZhaWxhYmxlIChzZXJ2
ZXIgc2VudDogJS4qcykAAABBdHRlbXB0aW5nIGtleWJvYXJkLWludGVyYWN0aXZlIGF1dGhlbnRp
Y2F0aW9uAABBdHRlbXB0aW5nIEdTU0FQSSBhdXRoZW50aWNhdGlvbgAAAABzLT5nc3NsaWIAAABP
ZmZlcmVkIHB1YmxpYyBrZXkAAGtleWJvYXJkLWludGVyYWN0aXZlAAAAAEZ1cnRoZXIgYXV0aGVu
dGljYXRpb24gcmVxdWlyZWQARnVydGhlciBhdXRoZW50aWNhdGlvbiByZXF1aXJlZA0KAAAAU2Vy
dmVyIHJlZnVzZWQgb3VyIGtleQAAU2VydmVyIHJlZnVzZWQgb3VyIGtleQ0KAAAAAE9wZW5pbmcg
c2Vzc2lvbiBhcyBtYWluIGNoYW5uZWwAc2Vzc2lvbgBtYWluIGNoYW5uZWwAAAAAc2hlbGwAAABl
eGVjAAAAAHN1YnN5c3RlbQAAAHNpbXBsZUBwdXR0eS5wcm9qZWN0cy50YXJ0YXJ1cy5vcmcAAGVu
YWJsaW5nIGRlbGF5ZWQgY29tcHJlc3Npb24AAAAAS2V5Ym9hcmQtaW50ZXJhY3RpdmUgYXV0aGVu
dGljYXRpb24gZmFpbGVkAABTZXJ2ZXIgcmVmdXNlZCBrZXlib2FyZC1pbnRlcmFjdGl2ZSBhdXRo
ZW50aWNhdGlvbgAAU2VydmVyIHJlZnVzZWQgcHVibGljLWtleSBzaWduYXR1cmUgZGVzcGl0ZSBh
Y2NlcHRpbmcga2V5IQAAU2VydmVyIHJlZnVzZWQgcHVibGljLWtleSBzaWduYXR1cmUgZGVzcGl0
ZSBhY2NlcHRpbmcga2V5IQ0KAAAAAFN0cmFuZ2UgcGFja2V0IHJlY2VpdmVkIGR1cmluZyBhdXRo
ZW50aWNhdGlvbjogdHlwZSAlZAAAVXNpbmcgdXNlcm5hbWUgIiVzIi4NCgAAUGFzc3dvcmQgYXV0
aGVudGljYXRpb24gZmFpbGVkAABzLT50eXBlID09IEFVVEhfVFlQRV9QQVNTV09SRAAAAEFjY2Vz
cyBncmFudGVkAABTZW50IG5ldyBwYXNzd29yZAAAAFBhc3N3b3JkcyBkbyBub3QgbWF0Y2gNCgAA
AABDb25maXJtIG5ldyBwYXNzd29yZDogAABFbnRlciBuZXcgcGFzc3dvcmQ6IAAAAABDdXJyZW50
IHBhc3N3b3JkIChibGFuayBmb3IgcHJldmlvdXNseSBlbnRlcmVkIHBhc3N3b3JkKTogAABOZXcg
U1NIIHBhc3N3b3JkAAAAAFNlcnZlciByZWplY3RlZCBuZXcgcGFzc3dvcmQAAAAAU2VydmVyIHJl
cXVlc3RlZCBwYXNzd29yZCBjaGFuZ2UAAAAAT3BlbmVkIG1haW4gY2hhbm5lbABTZXJ2ZXIncyBj
aGFubmVsIGNvbmZpcm1hdGlvbiBjaXRlZCB3cm9uZyBjaGFubmVsAAAAU2VydmVyIHJlZnVzZWQg
dG8gb3BlbiBjaGFubmVsAABTdGFydGVkIGEgc2hlbGwvY29tbWFuZABTZXJ2ZXIgcmVmdXNlZCB0
byBzdGFydCBhIHNoZWxsL2NvbW1hbmQAUHJpbWFyeSBjb21tYW5kIGZhaWxlZDsgYXR0ZW1wdGlu
ZyBmYWxsYmFjawBVbmV4cGVjdGVkIHJlc3BvbnNlIHRvIHNoZWxsL2NvbW1hbmQgcmVxdWVzdDog
cGFja2V0IHR5cGUgJWQAAAAAVXNpbmcga2V5Ym9hcmQtaW50ZXJhY3RpdmUgYXV0aGVudGljYXRp
b24uJXMlLipzAAAAAFNTSCBzZXJ2ZXIgYXV0aGVudGljYXRpb24AAABTU0ggc2VydmVyOiAlLipz
AAAAAGdzc2FwaS13aXRoLW1pYwBHU1NBUEkgYXV0aGVudGljYXRpb24gbG9vcCBmaW5pc2hlZCBP
SwAAR1NTQVBJIGF1dGhlbnRpY2F0aW9uIGluaXRpYWxpc2F0aW9uIGZhaWxlZABHU1NBUEkgYXV0
aGVudGljYXRpb24gaW5pdGlhbGlzZWQAAABHU1NBUEkgYXV0aGVudGljYXRpb24gLSBiYWQgc2Vy
dmVyIHJlc3BvbnNlAFNlbnQgcHVibGljIGtleSBzaWduYXR1cmUAAABwID09IHNpZ2RhdGFfbGVu
AAAAAHB1YmxpY2tleQAAACkNCgBVbmFibGUgdG8gbG9hZCBwcml2YXRlIGtleSAoAAAAAFdyb25n
IHBhc3NwaHJhc2UNCgAAIg0KAEF1dGhlbnRpY2F0aW5nIHdpdGggcHVibGljIGtleSAiAAAAAE9m
ZmVyIG9mIHB1YmxpYyBrZXkgYWNjZXB0ZWQAAAAAR1NTQVBJIGF1dGhlbnRpY2F0aW9uIC0gd3Jv
bmcgcmVzcG9uc2UgZnJvbSBzZXJ2ZXIAAEdTU0FQSSBhdXRoZW50aWNhdGlvbiBmYWlsZWQgdG8g
Z2V0IGNyZWRlbnRpYWxzAEdTU0FQSSBpbXBvcnQgbmFtZSBmYWlsZWQAAABHU1NBUEkgaW1wb3J0
IG5hbWUgZmFpbGVkIC0gQmFkIHNlcnZpY2UgbmFtZQAAAABHU1NBUEkgYXV0aGVudGljYXRpb24g
cmVxdWVzdCByZWZ1c2VkAAAAUGFnZWFudCByZXNwb25zZSB3YXMgdHJ1bmNhdGVkAABQYWdlYW50
IGhhcyAlZCBTU0gtMiBrZXlzAAAAUGFnZWFudCByZXNwb25zZSBjb250YWluZWQgYSBuZWdhdGl2
ZSBrZXkgY291bnQgJWQAAHNzaC11c2VyYXV0aAAAAABzc2gtY29ubmVjdGlvbgAAU2VydmVyIHJl
ZnVzZWQgc2VydmljZSByZXF1ZXN0AABTZXJ2ZXIncyBob3N0IGtleSBkaWQgbm90IG1hdGNoIHRo
ZSBzaWduYXR1cmUgc3VwcGxpZWQAAEluaXRpYWxpc2VkICVzIGNvbXByZXNzaW9uAABJbml0aWFs
aXNlZCAlLjIwMHMgY2xpZW50LT5zZXJ2ZXIgTUFDIGFsZ29yaXRobQBJbml0aWFsaXNlZCAlLjIw
MHMgY2xpZW50LT5zZXJ2ZXIgZW5jcnlwdGlvbgAAAABzc2gtPmNzbWFjLT5sZW4gPD0gc3NoLT5r
ZXgtPmhhc2gtPmhsZW4gKiBTU0gyX01LS0VZX0lURVJTAABzc2gtPmNzY2lwaGVyLT5ibGtzaXpl
IDw9IHNzaC0+a2V4LT5oYXNoLT5obGVuICogU1NIMl9NS0tFWV9JVEVSUwAAAAAAAAAoc3NoLT5j
c2NpcGhlci0+a2V5bGVuKzcpIC8gOCA8PSBzc2gtPmtleC0+aGFzaC0+aGxlbiAqIFNTSDJfTUtL
RVlfSVRFUlMAAAAAc3NoLT52Ml9zZXNzaW9uX2lkX2xlbiA8PSBzaXplb2Yoc3NoLT52Ml9zZXNz
aW9uX2lkKQAAAABIb3N0IGtleSB3YXMgZGlmZmVyZW50IGluIHJlcGVhdCBrZXkgZXhjaGFuZ2UA
AABzc2gtPmtleC0+aGFzaC0+aGxlbiA8PSBzaXplb2Yocy0+ZXhjaGFuZ2VfaGFzaCkAAAAAa2V5
IGV4Y2hhbmdlIHJlcGx5IGZhaWxlZCB2YWxpZGF0aW9uOiAlcwAAAAB1bmFibGUgdG8gcGFyc2Ug
a2V5IGV4Y2hhbmdlIHJlcGx5IHBhY2tldAAAAGV4cGVjdGVkIGtleSBleGNoYW5nZSByZXBseSBw
YWNrZXQgZnJvbSBzZXJ2ZXIAAHVuYWJsZSB0byBwYXJzZSBSU0EgcHVibGljIGtleSBmcm9tIHNl
cnZlcgAAdW5hYmxlIHRvIHBhcnNlIFJTQSBwdWJsaWMga2V5IHBhY2tldAAAAGV4cGVjdGVkIFJT
QSBwdWJsaWMga2V5IHBhY2tldCBmcm9tIHNlcnZlcgAAdW5hYmxlIHRvIHBhcnNlIHNpZ25hdHVy
ZSBwYWNrZXQAAAAAZXhwZWN0ZWQgc2lnbmF0dXJlIHBhY2tldCBmcm9tIHNlcnZlcgAAAEFib3J0
ZWQgYXQgaG9zdCBrZXkgdmVyaWZpY2F0aW9uAAAAAERvaW5nIFJTQSBrZXkgZXhjaGFuZ2Ugd2l0
aCBoYXNoICVzAERvaW5nIERpZmZpZS1IZWxsbWFuIGtleSBleGNoYW5nZSB3aXRoIGhhc2ggJXMA
AFVzaW5nIERpZmZpZS1IZWxsbWFuIHdpdGggc3RhbmRhcmQgZ3JvdXAgIiVzIgAAAGNsaWVudC10
by1zZXJ2ZXIgY2lwaGVyAGtleS1leGNoYW5nZSBhbGdvcml0aG0AAFNlcnZlciBzdXBwb3J0cyBk
ZWxheWVkIGNvbXByZXNzaW9uOyB3aWxsIHRyeSB0aGlzIGxhdGVyAAAAAENvdWxkbid0IGFncmVl
IGEgc2VydmVyLXRvLWNsaWVudCBjaXBoZXIgKGF2YWlsYWJsZTogJS4qcykAAENvdWxkbid0IGFn
cmVlIGEgY2xpZW50LXRvLXNlcnZlciBjaXBoZXIgKGF2YWlsYWJsZTogJS4qcykAAENvdWxkbid0
IGFncmVlIGEgaG9zdCBrZXkgYWxnb3JpdGhtIChhdmFpbGFibGU6ICUuKnMpAAAAQ291bGRuJ3Qg
YWdyZWUgYSBrZXkgZXhjaGFuZ2UgYWxnb3JpdGhtIChhdmFpbGFibGU6ICUuKnMpAAAAS0VYSU5J
VCBwYWNrZXQgd2FzIGluY29tcGxldGUAAABleHBlY3RlZCBrZXkgZXhjaGFuZ2UgcGFja2V0IGZy
b20gc2VydmVyAAAAAHNzaC0+a2V4AAAAAEluaXRpYXRpbmcga2V5IHJlLWV4Y2hhbmdlICglcykA
U2VydmVyIGJ1ZyBwcmV2ZW50cyBrZXkgcmUtZXhjaGFuZ2UgKCVzKQAAAAAhcy0+dXNlcmF1dGhf
c3VjY2VlZGVkAABTZXJ2ZXIgaW5pdGlhdGVkIGtleSByZS1leGNoYW5nZQAAAABJbml0aWFsaXNl
ZCAlcyBkZWNvbXByZXNzaW9uAAAAAEluaXRpYWxpc2VkICUuMjAwcyBzZXJ2ZXItPmNsaWVudCBN
QUMgYWxnb3JpdGhtAEluaXRpYWxpc2VkICUuMjAwcyBzZXJ2ZXItPmNsaWVudCBlbmNyeXB0aW9u
AAAAAHNzaC0+c2NtYWMtPmxlbiA8PSBzc2gtPmtleC0+aGFzaC0+aGxlbiAqIFNTSDJfTUtLRVlf
SVRFUlMAAHNzaC0+c2NjaXBoZXItPmJsa3NpemUgPD0gc3NoLT5rZXgtPmhhc2gtPmhsZW4gKiBT
U0gyX01LS0VZX0lURVJTAAAAAAAAAChzc2gtPnNjY2lwaGVyLT5rZXlsZW4rNykgLyA4IDw9IHNz
aC0+a2V4LT5oYXNoLT5obGVuICogU1NIMl9NS0tFWV9JVEVSUwAAAABzaXplb2Yoa2V5c3BhY2Up
ID49IHNzaC0+a2V4LT5oYXNoLT5obGVuICogU1NIMl9NS0tFWV9JVEVSUwBleHBlY3RlZCBuZXct
a2V5cyBwYWNrZXQgZnJvbSBzZXJ2ZXIAAAAAdW5hYmxlIHRvIHJlYWQgbXAtaW50cyBmcm9tIGlu
Y29taW5nIGdyb3VwIHBhY2tldAAAAGV4cGVjdGVkIGtleSBleGNoYW5nZSBncm91cCBwYWNrZXQg
ZnJvbSBzZXJ2ZXIAAFVzZXIgYWJvcnRlZCBhdCBrZXggd2FybmluZwBzZXJ2ZXItdG8tY2xpZW50
IGNpcGhlcgBEb2luZyBEaWZmaWUtSGVsbG1hbiBncm91cCBleGNoYW5nZQAhc3NoLT5iYXJlX2Nv
bm5lY3Rpb24AAAB0b28gbXVjaCBkYXRhIHJlY2VpdmVkAABjaXBoZXIgc2V0dGluZ3MgY2hhbmdl
ZABjb21wcmVzc2lvbiBzZXR0aW5nIGNoYW5nZWQAZGF0YSBsaW1pdCBsb3dlcmVkAAB0aW1lb3V0
IHNob3J0ZW5lZAAAADAuMC4wLjAAZGlyZWN0LXRjcGlwAAAAAE9wZW5pbmcgY29ubmVjdGlvbiB0
byAlczolZCBmb3IgJXMAAEluY29taW5nIHBhY2tldCB3YXMgZ2FyYmxlZCBvbiBkZWNyeXB0aW9u
AAAASW52YWxpZCBwYWRkaW5nIGxlbmd0aCBvbiByZWNlaXZlZCBwYWNrZXQAAABJbmNvcnJlY3Qg
TUFDIHJlY2VpdmVkIG9uIHBhY2tldAAAAABzdC0+cGt0aW4tPmxlbmd0aCA+PSAwAABObyB2YWxp
ZCBpbmNvbWluZyBwYWNrZXQgZm91bmQAAFVzaW5nIFNTSCBwcm90b2NvbCB2ZXJzaW9uICVkAAAA
U1NIIHByb3RvY29sIHZlcnNpb24gMiByZXF1aXJlZCBieSBjb25maWd1cmF0aW9uIGJ1dCBub3Qg
cHJvdmlkZWQgYnkgc2VydmVyAAAAAABTU0ggcHJvdG9jb2wgdmVyc2lvbiAxIHJlcXVpcmVkIGJ5
IGNvbmZpZ3VyYXRpb24gYnV0IG5vdCBwcm92aWRlZCBieSBzZXJ2ZXIAMS45OQAAAAAyLjAAU2Vy
dmVyIHZlcnNpb246ICVzAABVc2luZyBiYXJlIHNzaC1jb25uZWN0aW9uIHByb3RvY29sAABCYXJl
IHNzaC1jb25uZWN0aW9uIHByb3RvY29sIGNhbm5vdCBiZSBydW4gaW4gU1NILTEtb25seSBtb2Rl
AAAAU2VydmVyIGFubm91bmNlcyBjb21wYXRpYmlsaXR5IHdpdGggU1NILTEgaW4gYmFyZSBzc2gt
Y29ubmVjdGlvbiBwcm90b2NvbAAAAAAAAABjfHd78mtvxTABZyv+16t2yoLJffpZR/Ct1KKvnKRy
wLf9kyY2P/fMNKXl8XHYMRUExyPDGJYFmgcSgOLrJ7J1CYMsGhtuWqBSO9azKeMvhFPRAO0g/LFb
asu+OUpMWM/Q76r7Q00zhUX5An9QPJ+oUaNAj5KdOPW8ttohEP/z0s0ME+xfl0QXxKd+PWRdGXNg
gU/cIiqQiEbuuBTeXgvb4DI6CkkGJFzC06xikZXkeefIN22N1U6pbFb06mV6rgi6eCUuHKa0xujd
dB9LvYuKcD61ZkgD9g5hNVe5hsEdnuH4mBFp2Y6Umx6H6c5VKN+MoYkNv+ZCaEGZLQ+wVLsWUglq
1TA2pTi/QKOegfPX+3zjOYKbL/+HNI5DRMTe6ctUe5QypsIjPe5MlQtC+sNOCC6hZijZJLJ2W6JJ
bYvRJXL49mSGaJgW1KRczF1ltpJscEhQ/e252l4VRlenjZ2EkNirAIy80wr35FgFuLNFBtAsHo/K
Pw8Cwa+9AwETims6kRFBT2fc6pfyz87wtOZzlqx0IuetNYXi+TfoHHXfbkfxGnEdKcWJb7diDqoY
vhv8Vj5LxtJ5IJrbwP54zVr0H92oM4gHxzGxEhBZJ4DsX2BRf6kZtUoNLeV6n5PJnO+g4DtNrir1
sMjruzyDU5lhFysEfrp31ibhaRRjVSEMfaVjY8aEfHz4mXd37o17e/YN8vL/vWtr1rFvb95UxcWR
UDAwYAMBAQKpZ2fOfSsrVhn+/udi19e15qurTZp2duxFysqPnYKCH0DJyYmHfX36Ffr67+tZWbLJ
R0eOC/Dw++ytrUFn1NSz/aKiX+qvr0W/nJwj96SkU5ZycuRbwMCbwre3dRz9/eGuk5M9aiYmTFo2
NmxBPz9+Avf39U/MzINcNDRo9KWlUTTl5dEI8fH5k3Fx4nPY2KtTMTFiPxUVKgwEBAhSx8eVZSMj
Rl7Dw50oGBgwoZaWNw8FBQq1mpovCQcHDjYSEiSbgIAbPeLi3ybr681pJydOzbKyf591deobCQkS
noODHXQsLFguGho0LRsbNrJubtzuWlq0+6CgW/ZSUqRNOzt2YdbWt86zs317KSlSPuPj3XEvL16X
hIQT9VNTpmjR0bkAAAAALO3twWAgIEAf/PzjyLGxee1bW7a+amrURsvLjdm+vmdLOTly3kpKlNRM
TJjoWFiwSs/PhWvQ0Lsq7+/F5aqqTxb7++3FQ0OG101NmlUzM2aUhYURz0VFihD5+ekGAgIEgX9/
/vBQUKBEPDx4up+fJeOoqEvzUVGi/qOjXcBAQICKj48FrZKSP7ydnSFIODhwBPX18d+8vGPBtrZ3
ddrar2MhIUIwEBAgGv//5Q7z8/1t0tK/TM3NgRQMDBg1ExMmL+zsw+FfX76il5c1zEREiDkXFy5X
xMST8qenVYJ+fvxHPT16rGRkyOddXborGRkylXNz5qBgYMCYgYEZ0U9Pnn/c3KNmIiJEfioqVKuQ
kDuDiIgLykZGjCnu7sfTuLhrPBQUKHne3qfiXl68HQsLFnbb26074ODbVjIyZE46OnQeCgoU20lJ
kgoGBgxsJCRI5FxcuF3Cwp9u09O976ysQ6ZiYsSokZE5pJWVMTfk5NOLeXnyMufn1UPIyItZNzdu
t21t2oyNjQFk1dWx0k5OnOCpqUm0bGzY+lZWrAf09PMl6urPr2Vlyo56evTprq5HGAgIENW6um+I
eHjwbyUlSnIuLlwkHBw48aamV8e0tHNRxsaXI+joy3zd3aGcdHToIR8fPt1LS5bcvb1hhouLDYWK
ig+QcHDgQj4+fMS1tXGqZmbM2EhIkAUDAwYB9vb3Eg4OHKNhYcJfNTVq+VdXrtC5uWmRhoYXWMHB
mScdHTq5np4nOOHh2RP4+OuzmJgrMxERIrtpadJw2dmpiY6OB6eUlDO2m5stIh4ePJKHhxUg6enJ
Sc7Oh/9VVap4KChQet/fpY+MjAP4oaFZgImJCRcNDRrav79lMebm18ZCQoS4aGjQw0FBgrCZmSl3
LS1aEQ8PHsuwsHv8VFSo1ru7bToWFixjY8alfHz4hHd37pl7e/aN8vL/DWtr1r1vb96xxcWRVDAw
YFABAQIDZ2fOqSsrVn3+/ucZ19e1YqurTeZ2duyaysqPRYKCH53JyYlAfX36h/r67xVZWbLrR0eO
yfDw+wutrUHs1NSzZ6KiX/2vr0XqnJwjv6SkU/dycuSWwMCbW7e3dcL9/eEck5M9riYmTGo2Nmxa
Pz9+Qff39QLMzINPNDRoXKWlUfTl5dE08fH5CHFx4pPY2KtzMTFiUxUVKj8EBAgMx8eVUiMjRmXD
w51eGBgwKJaWN6EFBQoPmpovtQcHDgkSEiQ2gIAbm+Li3z3r680mJydOabKyf811deqfCQkSG4OD
HZ4sLFh0Gho0LhsbNi1ubtyyWlq07qCgW/tSUqT2Ozt2TdbWt2Gzs33OKSlSe+Pj3T4vL15xhIQT
l1NTpvXR0bloAAAAAO3twSwgIEBg/PzjH7GxechbW7btamrUvsvLjUa+vmfZOTlyS0pKlN5MTJjU
WFiw6M/PhUrQ0Ltr7+/FKqqqT+X7++0WQ0OGxU1NmtczM2ZVhYURlEVFis/5+ekQAgIEBn9//oFQ
UKDwPDx4RJ+fJbqoqEvjUVGi86OjXf5AQIDAj48FipKSP62dnSG8ODhwSPX18QS8vGPftrZ3wdra
r3UhIUJjEBAgMP//5Rrz8/0O0tK/bc3NgUwMDBgUExMmNezswy9fX77hl5c1okREiMwXFy45xMST
V6enVfJ+fvyCPT16R2RkyKxdXbrnGRkyK3Nz5pVgYMCggYEZmE9PntHc3KN/IiJEZioqVH6QkDur
iIgLg0ZGjMru7scpuLhr0xQUKDze3qd5Xl684gsLFh3b26124ODbOzIyZFY6OnROCgoUHklJktsG
BgwKJCRIbFxcuOTCwp9d09O9bqysQ+9iYsSmkZE5qJWVMaTk5NM3eXnyi+fn1TLIyItDNzduWW1t
2reNjQGM1dWxZE5OnNKpqUngbGzYtFZWrPr09PMH6urPJWVlyq96evSOrq5H6QgIEBi6um/VeHjw
iCUlSm8uLlxyHBw4JKamV/G0tHPHxsaXUejoyyPd3aF8dHTonB8fPiFLS5bdvb1h3IuLDYaKig+F
cHDgkD4+fEK1tXHEZmbMqkhIkNgDAwYF9vb3AQ4OHBJhYcKjNTVqX1dXrvm5uWnQhoYXkcHBmVgd
HTonnp4nueHh2Tj4+OsTmJgrsxERIjNpadK72dmpcI6OB4mUlDOnm5stth4ePCKHhxWS6enJIM7O
h0lVVar/KChQeN/fpXqMjAOPoaFZ+ImJCYANDRoXv79l2ubm1zFCQoTGaGjQuEFBgsOZmSmwLS1a
dw8PHhGwsHvLVFSo/Lu7bdYWFiw6Y8alY3z4hHx37pl3e/aNe/L/DfJr1r1rb96xb8WRVMUwYFAw
AQIDAWfOqWcrVn0r/ucZ/te1YterTearduyadsqPRcqCH52CyYlAyX36h3367xX6WbLrWUeOyUfw
+wvwrUHsrdSzZ9SiX/2ir0Xqr5wjv5ykU/ekcuSWcsCbW8C3dcK3/eEc/ZM9rpMmTGomNmxaNj9+
QT/39QL3zINPzDRoXDSlUfSl5dE05fH5CPFx4pNx2Ktz2DFiUzEVKj8VBAgMBMeVUscjRmUjw51e
wxgwKBiWN6GWBQoPBZovtZoHDgkHEiQ2EoAbm4Di3z3i680m6ydOaSeyf82ydeqfdQkSGwmDHZ6D
LFh0LBo0LhobNi0bbtyyblq07lqgW/ugUqT2Ujt2TTvWt2HWs33OsylSeynj3T7jL15xL4QTl4RT
pvVT0blo0QAAAADtwSztIEBgIPzjH/yxecixW7btW2rUvmrLjUbLvmfZvjlySzlKlN5KTJjUTFiw
6FjPhUrP0Ltr0O/FKu+qT+Wq++0W+0OGxUNNmtdNM2ZVM4URlIVFis9F+ekQ+QIEBgJ//oF/UKDw
UDx4RDyfJbqfqEvjqFGi81GjXf6jQIDAQI8Fio+SP62SnSG8nThwSDj18QT1vGPfvLZ3wbbar3Xa
IUJjIRAgMBD/5Rr/8/0O89K/bdLNgUzNDBgUDBMmNRPswy/sX77hX5c1opdEiMxEFy45F8STV8Sn
VfKnfvyCfj16Rz1kyKxkXbrnXRkyKxlz5pVzYMCgYIEZmIFPntFP3KN/3CJEZiIqVH4qkDurkIgL
g4hGjMpG7scp7rhr07gUKDwU3qd53l684l4LFh0L26122+DbO+AyZFYyOnROOgoUHgpJkttJBgwK
BiRIbCRcuORcwp9dwtO9btOsQ++sYsSmYpE5qJGVMaSV5NM35Hnyi3nn1TLnyItDyDduWTdt2rdt
jQGMjdWxZNVOnNJOqUngqWzYtGxWrPpW9PMH9OrPJeplyq9levSOeq5H6a4IEBgIum/VunjwiHgl
Sm8lLlxyLhw4JBymV/GmtHPHtMaXUcboyyPo3aF83XTonHQfPiEfS5bdS71h3L2LDYaLig+FinDg
kHA+fEI+tXHEtWbMqmZIkNhIAwYFA/b3AfYOHBIOYcKjYTVqXzVXrvlXuWnQuYYXkYbBmVjBHTon
HZ4nuZ7h2Tjh+OsT+Jgrs5gRIjMRadK7admpcNmOB4mOlDOnlJsttpsePCIehxWSh+nJIOnOh0nO
Var/VShQeCjfpXrfjAOPjKFZ+KGJCYCJDRoXDb9l2r/m1zHmQoTGQmjQuGhBgsNBmSmwmS1ady0P
HhEPsHvLsFSo/FS7bda7Fiw6FsalY2P4hHx87pl3d/aNe3v/DfLy1r1ra96xb2+RVMXFYFAwMAID
AQHOqWdnVn0rK+cZ/v61YtfXTearq+yadnaPRcrKH52CgolAycn6h3197xX6+rLrWVmOyUdH+wvw
8EHsra2zZ9TUX/2iokXqr68jv5ycU/ekpOSWcnKbW8DAdcK3t+Ec/f09rpOTTGomJmxaNjZ+QT8/
9QL394NPzMxoXDQ0UfSlpdE05eX5CPHx4pNxcatz2NhiUzExKj8VFQgMBASVUsfHRmUjI51ew8Mw
KBgYN6GWlgoPBQUvtZqaDgkHByQ2EhIbm4CA3z3i4s0m6+tOaScnf82ysuqfdXUSGwkJHZ6Dg1h0
LCw0LhoaNi0bG9yybm607lpaW/ugoKT2UlJ2TTs7t2HW1n3Os7NSeykp3T7j415xLy8Tl4SEpvVT
U7lo0dEAAAAAwSzt7UBgICDjH/z8ecixsbbtW1vUvmpqjUbLy2fZvr5ySzk5lN5KSpjUTEyw6FhY
hUrPz7tr0NDFKu/vT+Wqqu0W+/uGxUNDmtdNTWZVMzMRlIWFis9FRekQ+fkEBgIC/oF/f6DwUFB4
RDw8Jbqfn0vjqKii81FRXf6jo4DAQEAFio+PP62SkiG8nZ1wSDg48QT19WPfvLx3wba2r3Xa2kJj
ISEgMBAQ5Rr///0O8/O/bdLSgUzNzRgUDAwmNRMTwy/s7L7hX181opeXiMxERC45FxeTV8TEVfKn
p/yCfn56Rz09yKxkZLrnXV0yKxkZ5pVzc8CgYGAZmIGBntFPT6N/3NxEZiIiVH4qKjurkJALg4iI
jMpGRscp7u5r07i4KDwUFKd53t684l5eFh0LC61229vbO+DgZFYyMnROOjoUHgoKkttJSQwKBgZI
bCQkuORcXJ9dwsK9btPTQ++srMSmYmI5qJGRMaSVldM35OTyi3l51TLn54tDyMhuWTc32rdtbQGM
jY2xZNXVnNJOTkngqanYtGxsrPpWVvMH9PTPJerqyq9lZfSOenpH6a6uEBgICG/VurrwiHh4Sm8l
JVxyLi44JBwcV/GmpnPHtLSXUcbGyyPo6KF83d3onHR0PiEfH5bdS0th3L29DYaLiw+FiorgkHBw
fEI+PnHEtbXMqmZmkNhISAYFAwP3Afb2HBIODsKjYWFqXzU1rvlXV2nQubkXkYaGmVjBwTonHR0n
uZ6e2Tjh4esT+Pgrs5iYIjMREdK7aWmpcNnZB4mOjjOnlJQttpubPCIeHhWSh4fJIOnph0nOzqr/
VVVQeCgopXrf3wOPjIxZ+KGhCYCJiRoXDQ1l2r+/1zHm5oTGQkLQuGhogsNBQSmwmZlady0tHhEP
D3vLsLCo/FRUbda7uyw6FhZQp/RRU2VBfsOkFxqWXic6y2urO/FFnR+rWPqskwPjS1X6MCD2bXat
kXbMiCVMAvX81+VP18sqxYBENSaPo2K1SVqx3mcbuiWYDupF4cD+XQJ1L8MS8EyBo5dGjcb502vn
X48DlZySFet6bb/aWVKVLYO+1NMhdFgpaeBJRMjJjmqJwnV4eY70az5Ymd1xuSe2T+G+F62I8Gas
IMm0Os59GErfY4IxGuVgM1GXRX9TYuB3ZLGErmu7HKCB/pQrCPlYaEhwGf1Fj4ds3pS3+HtSI9Nz
q+ICS3JXjx/jKqtVZgco67IDwrUvmnvFhqUIN9PyhygwsqW/I7pqAwJcghbtKxzPipK0eafw8gfz
oeJpTs302mXVvgUGH2I00Yr+psSdUy40oFXzojLhigV16/akOeyDC6rvYEAGn3FeURBuvfmKIT49
Bt2WrgU+3Ua95k21jVSRBV3EcW/UBgT/FVBgJPuYGZfpvdbMQ0CJd57ZZ71C6LCIi4kHOFsZ59vu
yHlHCnyh6Q9CfMkehPgAAAAAg4aACUjtKzKscBEeTnJabPv/Dv1WOIUPHtWuPSc5LTZk2Q8KIaZc
aNFUW5s6LjYksWcKDA/nV5PSlu60npGbG0/FwICiINxhaUt3WhYaEhwKupPi5SqgwEPgIjwdFxsS
Cw0JDq3Hi/K5qLYtyKkeFIUZ8VdMB3Wvu92Z7v1gf6OfJgH3vPVyXMU7ZkQ0fvtbdilDi9zGI8to
/O22Y/HkuMrcMdcQhWNCQCKXEyARxoR9JEqF+D270hEy+a5toSnHSy+eHfMwstzsUoYN0OPBd2wW
syuZuXCp+kiUESJk6UfEjPyoGj/woNgsfVbvkDMix05Jh8HRONn+osqMNgvUmM+B9aYo3nqlJo63
2qS/rT/knTosDZJ4UJvMX2piRn5UwhON9ui42JBe9zku9a/Dgr6AXZ98k9BpqS3Vb7MSJc87mazI
p30YEG5jnOh7uzvbCXgmzfQYWW4Bt5rsqJpPg2VuleZ+5v+qCM+8IeboFe/Zm+e6zjZvStQJn+rW
fLApr7KkMTEjPyowlKXGwGaiNTe8TnSmyoL8sNCQ4BXYpzNKmATx99rsQQ5QzX8v9pEXjdZNdk2w
70NUTarM3wSW5OO10Z4biGpMuB8swX9RZUYE6l6dXTWMAXN0h/ouQQv7Wh1ns1LS25IzVhDpE0fW
bYxh15p6DKE3jhT4WYk8E+vuJ6nONclht+3lHOE8sUd6Wd/SnD9z8lV5zhQYvzfHc+rN91Nbqv1f
FG8934bbRHiB86/KPsRouSw0JDhfQKPCcsMdFgwl4ryLSTwoQZUN/3EBqDneswwInOS02JDBVmRh
hMt7cLYy1XRcbEhCV7jQp/RRUGVBflOkFxrDXic6lmurO8tFnR/xWPqsqwPjS5P6MCBVbXat9nbM
iJFMAvUl1+VP/MsqxddENSaAo2K1j1qx3kkbuiVnDupFmMD+XeF1L8MC8EyBEpdGjaP502vGX48D
55ySFZV6bb/rWVKV2oO+1C0hdFjTaeBJKcjJjkSJwnVqeY70eD5YmWtxuSfdT+G+tq2I8BesIMlm
Os59tErfYxgxGuWCM1GXYH9TYkV3ZLHgrmu7hKCB/hwrCPmUaEhwWP1Fjxls3pSH+HtSt9NzqyMC
S3Lijx/jV6tVZioo67IHwrUvA3vFhpoIN9Olhygw8qW/I7JqAwK6ghbtXBzPiiu0eaeS8gfz8OJp
TqH02mXNvgUG1WI00R/+psSKUy40nVXzoqDhigUy6/akdeyDCznvYECqn3FeBhBuvVGKIT75Bt2W
PQU+3a695k1GjVSRtV3EcQXUBgRvFVBg//uYGSTpvdaXQ0CJzJ7ZZ3dC6LC9i4kHiFsZ5zjuyHnb
CnyhRw9CfOkehPjJAAAAAIaACYPtKzJIcBEerHJabE7/Dv37OIUPVtWuPR45LTYn2Q8KZKZcaCFU
W5vRLjYkOmcKDLHnV5MPlu600pGbG57FwIBPINxhokt3WmkaEhwWupPiCiqgwOXgIjxDFxsSHQ0J
DgvHi/KtqLYtuakeFMgZ8VeFB3WvTN2Z7rtgf6P9JgH3n/VyXLw7ZkTFfvtbNClDi3bGI8vc/O22
aPHkuGPcMdfKhWNCECKXE0ARxoQgJEqFfT270vgy+a4RoSnHbS+eHUswstzzUoYN7OPBd9AWsyts
uXCpmUiUEfpk6UcijPyoxD/woBosfVbYkDMi705Jh8fRONnBosqM/gvUmDaB9abP3nqlKI632ia/
rT+knTos5JJ4UA3MX2qbRn5UYhON9sK42JDo9zkuXq/DgvWAXZ++k9BpfC3Vb6kSJc+zmazIO30Y
EKdjnOhuuzvbe3gmzQkYWW70t5rsAZpPg6huleZl5v+qfs+8IQjoFe/mm+e62TZvSs4Jn+rUfLAp
1rKkMa8jPyoxlKXGMGaiNcC8TnQ3yoL8ptCQ4LDYpzMVmATxStrsQfdQzX8O9pEXL9ZNdo2w70NN
TarMVASW5N+10Z7jiGpMGx8swbhRZUZ/6l6dBDWMAV10h/pzQQv7Lh1ns1rS25JSVhDpM0fWbRNh
15qMDKE3ehT4WY48E+uJJ6nO7slhtzXlHOHtsUd6PN/SnFlz8lU/zhQYeTfHc7/N91Pqqv1fW289
3xTbRHiG86/KgcRouT40JDgsQKPCX8MdFnIl4rwMSTwoi5UN/0EBqDlxswwI3uS02JzBVmSQhMt7
YbYy1XBcbEh0V7jQQvRRUKdBflNlFxrDpCc6ll6rO8trnR/xRfqsq1jjS5MDMCBV+nat9m3MiJF2
AvUlTOVP/NcqxdfLNSaARGK1j6Ox3klauiVnG+pFmA7+XeHAL8MCdUyBEvBGjaOX02vG+Y8D51+S
FZWcbb/relKV2lm+1C2DdFjTIeBJKWnJjkTIwnVqiY70eHlYmWs+uSfdceG+tk+I8BetIMlmrM59
tDrfYxhKGuWCMVGXYDNTYkV/ZLHgd2u7hK6B/hygCPmUK0hwWGhFjxn93pSHbHtSt/hzqyPTS3Li
Ah/jV49VZiqr67IHKLUvA8LFhpp7N9OlCCgw8oe/I7KlAwK6ahbtXILPiisceaeStAfz8PJpTqHi
2mXN9AUG1b400R9ipsSK/i40nVPzoqBVigUy4fakdeuDCznsYECq73FeBp9uvVEQIT75it2WPQY+
3a4F5k1GvVSRtY3EcQVdBgRv1FBg/xWYGST7vdaX6UCJzEPZZ3ee6LC9QokHiIsZ5zhbyHnb7nyh
RwpCfOkPhPjJHgAAAACACYOGKzJI7REerHBabE5yDv37/4UPVjiuPR7VLTYnOQ8KZNlcaCGmW5vR
VDYkOi4KDLFnV5MP5+600pabG56RwIBPxdxhoiB3WmlLEhwWGpPiCrqgwOUqIjxD4BsSHRcJDgsN
i/Ktx7YtuageFMip8VeFGXWvTAeZ7rvdf6P9YAH3nyZyXLz1ZkTFO/tbNH5Di3YpI8vcxu22aPzk
uGPxMdfK3GNCEIWXE0AixoQgEUqFfSS70vg9+a4RMinHbaGeHUsvstzzMIYN7FLBd9DjsytsFnCp
mbmUEfpI6UciZPyoxIzwoBo/fVbYLDMi75BJh8dOONnB0cqM/qLUmDYL9abPgXqlKN632iaOrT+k
vzos5J14UA2SX2qbzH5UYkaN9sIT2JDouDkuXvfDgvWvXZ++gNBpfJPVb6ktJc+zEqzIO5kYEKd9
nOhuYzvbe7smzQl4WW70GJrsAbdPg6ialeZlbv+qfua8IQjPFe/m6Oe62ZtvSs42n+rUCbAp1nyk
Ma+yPyoxI6XGMJSiNcBmTnQ3vIL8psqQ4LDQpzMV2ATxSpjsQffazX8OUJEXL/ZNdo3W70NNsKrM
VE2W5N8E0Z7jtWpMG4gswbgfZUZ/UV6dBOqMAV01h/pzdAv7LkFns1od25JS0hDpM1bWbRNH15qM
YaE3egz4WY4UE+uJPKnO7idhtzXJHOHt5Ud6PLHSnFnf8lU/cxQYec7Hc78391Pqzf1fW6o93xRv
RHiG26/KgfNouT7EJDgsNKPCX0AdFnLD4rwMJTwoi0kN/0GVqDlxAQwI3rO02JzkVmSQwct7YYQy
1XC2bEh0XLjQQldRUKf0flNlQRrDpBc6ll4nO8trqx/xRZ2sq1j6S5MD4yBV+jCt9m12iJF2zPUl
TAJP/NflxdfLKiaARDW1j6Ni3klasSVnG7pFmA7qXeHA/sMCdS+BEvBMjaOXRmvG+dMD51+PFZWc
kr/rem2V2llS1C2DvljTIXRJKWngjkTIyXVqicL0eHmOmWs+WCfdcbm+tk/h8BetiMlmrCB9tDrO
YxhK3+WCMRqXYDNRYkV/U7Hgd2S7hK5r/hyggfmUKwhwWGhIjxn9RZSHbN5St/h7qyPTc3LiAkvj
V48fZiqrVbIHKOsvA8K1hpp7xdOlCDcw8ocoI7KlvwK6agPtXIIWiiscz6eStHnz8PIHTqHiaWXN
9NoG1b4F0R9iNMSK/qY0nVMuoqBV8wUy4Yqkdev2Cznsg0Cq72BeBp9xvVEQbj75iiGWPQbd3a4F
Pk1GveaRtY1UcQVdxARv1AZg/xVQGST7mNaX6b2JzENAZ3ee2bC9QugHiIuJ5zhbGXnb7sihRwp8
fOkPQvjJHoQAAAAACYOGgDJI7SserHARbE5yWv37/w4PVjiFPR7VrjYnOS0KZNkPaCGmXJvRVFsk
Oi42DLFnCpMP51e00pbuG56Rm4BPxcBhoiDcWmlLdxwWGhLiCrqTwOUqoDxD4CISHRcbDgsNCfKt
x4stuai2FMipHleFGfGvTAd17rvdmaP9YH/3nyYBXLz1ckTFO2ZbNH77i3YpQ8vcxiO2aPztuGPx
5NfK3DFCEIVjE0Ail4QgEcaFfSRK0vg9u64RMvnHbaEpHUsvntzzMLIN7FKGd9DjwStsFrOpmblw
EfpIlEciZOmoxIz8oBo/8FbYLH0i75Azh8dOSdnB0TiM/qLKmDYL1KbPgfWlKN562iaOtz+kv60s
5J06UA2SeGqbzF9UYkZ+9sITjZDouNguXvc5gvWvw5++gF1pfJPQb6kt1c+zEiXIO5msEKd9GOhu
Y5zbe7s7zQl4Jm70GFnsAbeag6iaT+ZlbpWqfub/IQjPvO/m6BW62ZvnSs42b+rUCZ8p1nywMa+y
pCoxIz/GMJSlNcBmonQ3vE78psqC4LDQkDMV2KfxSpgEQffa7H8OUM0XL/aRdo3WTUNNsO/MVE2q
5N8Elp7jtdFMG4hqwbgfLEZ/UWWdBOpeAV01jPpzdIf7LkELs1odZ5JS0tvpM1YQbRNH1pqMYdc3
egyhWY4U+OuJPBPO7ieptzXJYeHt5Rx6PLFHnFnf0lU/c/IYec4Uc783x1PqzfdfW6r93xRvPXiG
20TKgfOvuT7EaDgsNCTCX0CjFnLDHbwMJeIoi0k8/0GVDTlxAagI3rMM2JzktGSQwVZ7YYTL1XC2
Mkh0XGzQQle4AQAAAAIAAAADAAAABAAAAAEAAAACAAAAAwAAAAYAAAABAAAAAwAAAAQAAAAIAAAA
AwAAAAIAAAABAAAABAAAAAUAAAAEAAAAAwAAAAYAAAAHAAAABQAAAAQAAAAIAAAA5CZCABwpQgA3
J0IA8yZCAJwnQgCcJ0IAVMJGABAAAACAAAAAAAAAAETCRgDkJkIAHClCADcnQgAJJ0IAnCdCAJwn
QgA4wkYAEAAAAMAAAAAAAAAAKMJGAOQmQgAcKUIANydCACAnQgCcJ0IAnCdCABzCRgAQAAAAAAEA
AAAAAAAMwkYA5CZCABwpQgA3J0IA8yZCAHQnQgCIJ0IAAMJGABAAAACAAAAAAQAAAPTBRgDkJkIA
HClCADcnQgAJJ0IAdCdCAIgnQgDowUYAEAAAAMAAAAABAAAA3MFGAOQmQgAcKUIANydCACAnQgB0
J0IAiCdCANDBRgAQAAAAAAEAAAEAAADEwUYA5CZCABwpQgA3J0IAICdCAHQnQgCIJ0IAqMFGABAA
AAAAAQAAAQAAAMTBRgCowEYALMFGAFjBRgB8wEYAAMFGAFDARgDUwEYABwAAAITBRgByaWpuZGFl
bC1jYmNAbHlzYXRvci5saXUuc2UAQUVTLTI1NiBDQkMAYWVzMjU2LWNiYwAAQUVTLTE5MiBDQkMA
YWVzMTkyLWNiYwAAQUVTLTEyOCBDQkMAYWVzMTI4LWNiYwAAQUVTLTI1NiBTRENUUgAAAGFlczI1
Ni1jdHIAAEFFUy0xOTIgU0RDVFIAAABhZXMxOTItY3RyAABBRVMtMTI4IFNEQ1RSAAAAYWVzMTI4
LWN0cgAAa2V5bGVuID09IDE2IHx8IGtleWxlbiA9PSAyNCB8fCBrZXlsZW4gPT0gMzIAAAAAYmxv
Y2tsZW4gPT0gMTYgfHwgYmxvY2tsZW4gPT0gMjQgfHwgYmxvY2tsZW4gPT0gMzIAAC4uXHNzaGFl
cy5jAChsZW4gJiAxNSkgPT0gMAANKUIAHClCAMvuRABZKUIA/CdCAPwnQgBsw0YAAQAAAIAAAAAA
AAAAYMNGAA0pQgAcKUIAy+5EAHUpQgD8J0IA/CdCAFTDRgABAAAAAAEAAAAAAABIw0YADMNGAODC
RgACAAAAOMNGAEFyY2ZvdXItMjU2AGFyY2ZvdXIyNTYAAEFyY2ZvdXItMTI4AGFyY2ZvdXIxMjgA
AGtleWJ5dGVzIDw9IDI1NgAuLlxzc2hhcmNmLmMAAAAAiGo/JNMIo4UuihkTRHNwAyI4CaTQMZ8p
mPouCIlsTuzmIShFdxPQOM9mVL5sDOk0tymswN1QfMm11YQ/FwlHtdnVFpIb+3mJpgsx0ay135jb
cv0vt98a0O2v4biWfiZqRZB8upl/LPFHmaEk92yRs+LyAQgW/I6F2CBpY2lOV3Gj/likfj2T9I90
lQ1Yto5yWM2Lce5KFYIdpFR7tVlawjnVMJwTYPIqI7DRxfCFYCgYeUHK7zjbuLDceY4OGDpgiw6e
bD6KHrDBdxXXJ0sxvdovr3hgXGBV8yVV5pSrVapimEhXQBToY2o5ylW2EKsqNFzMtM7oQRGvhlSh
k+lyfBEU7rMqvG9jXcWpK/YxGHQWPlzOHpOHmzO61q9czyRsgVMyeneGlSiYSI87r7lLaxvov8ST
IShmzAnYYZGpIftgrHxIMoDsXV1dhO+xdYXpAiMm3IgbZeuBPokjxayW0/NvbQ85QvSDgkQLLgQg
hKRK8MhpXpsfnkJoxiGabOn2YZwMZ/CI06vSoFFqaC9U2CinD5ajM1GrbAvvbuQ7ehNQ8Du6mCr7
fh1l8aF2Aa85PlnKZogOQ4IZhu6MtJ9vRcOlhH2+Xos72HVv4HMgwYWfRBpApmrBVmKq004Gdz82
ct/+Gz0Cm0Ik19A3SBIK0NPqD9ubwPFJyXJTB3sbmYDYedQl997o9hpQ/uM7THm2veBsl7oGwAS2
T6nBxGCfQMKeXF5jJGoZr2/7aLVTbD7rsjkTb+xSOx9R/G0slTCbREWBzAm9Xq8E0OO+/Uoz3gco
D2azSy4ZV6jLwA90yEU5XwvS2/vTub3AeVUKMmAaxgCh1nlyLED+JZ9nzKMf+/jppY74IjLb3xZ1
PBVrYf3IHlAvq1IFrfq1PTJghyP9SHsxU4LfAD67V1yeoIxvyi5WhxrbaRff9qhC1cP/fijGMmes
c1VPjLAnW2nIWMq7XaP/4aAR8LiYPfoQuIMh/Wy1/Epb09EteeRTmmVF+La8SY7SkJf7S9ry3eEz
fsukQRP7YujG5M7ayiDvAUx3Nv6eftC0H/ErTdrblZiRkK5xjq3qoNWTa9DRjtDgJcevL1s8jreU
dY774vaPZCsS8hK4iIgc8A2QoF6tTxzDj2iR8c/RrcGosxgiLy93Fw6+/i116qEfAosPzKDl6HRv
tdbzrBiZ4onO4E+otLfgE/2BO8R82ait0maiXxYFd5WAFHPMk3cUGiFlIK3mhvq1d/VCVMfPNZ37
DK/N66CJPnvTG0HWSX4eri0OJQBes3EguwBoIq/guFebNmQkHrkJ8B2RY1Wqpt9ZiUPBeH9TWtmi
W30gxbnlAnYDJoOpz5ViaBnIEUFKc07KLUezSqkUe1IAURsVKVOaP1cP1uTGm7x2pGArAHTmgbVv
uggf6RtXa+yW8hXZDSohZWO2tvm55y4FNP9kVoXFXS2wU6GPn6mZR7oIageFbulwektEKbO1Lgl1
2yMmGcSwpm6tfd+nSbhg7pxmsu2PcYyq7P8XmmlsUmRW4Z6xwqUCNhkpTAl1QBNZoD46GOSamFQ/
ZZ1CW9bkj2vWP/eZB5zSofUw6O/mOC1NwV0l8IYg3Uwm63CExumCY17MHgI/a2gJye+6PhQYlzyh
cGprhDV/aIbioFIFU5y3NwdQqhyEBz5crt5/7ER9jrjyFlc32jqwDQxQ8AQfHPD/swACGvUMrrJ0
tTxYeoMlvSEJ3PkTkdH2L6l8c0cylAFH9SKB5eU63NrCNzR2tcin3fOaRmFEqQ4D0A8+x8jsQR51
pJnNOOIvDuo7obuAMjGzPhg4i1ROCLltTwMNQm+/BAr2kBK4LHl8lyRysHlWr4mvvB93mt4QCJPZ
Eq6Lsy4/z9wfchJVJHFrLubdGlCHzYSfGEdYehfaCHS8mp+8jH1L6Trseuz6HYXbZkMJY9LDZMRH
GBzvCNkVMjc7Q90WusIkQ02hElHEZSoCAJRQ3eQ6E57433FVTjEQ1nesgZsZEV/xVjUEa8ej1zsY
ETwJpSRZ7eaP8vr78Zcsv7qebjwVHnBF44axb+nqCl4OhrMqPloc5x93+gY9TrncZSkPHeeZ1ok+
gCXIZlJ4yUwuarMQnLoOFcZ46uKUUzz8pfQtCh6nTvfyPSsdNg8mORlgecIZCKcjUrYSE/du/q3r
Zh/D6pVFvOODyHum0Td/sSj/jAHv3TLDpVpsvoUhWGUCmKtoD6XO7juVL9utfe8qhC9uWyi2IRVw
YQcpdUfd7BAVn2EwqMwTlr1h6x7+NAPPYwOqkFxztTmicEwLnp7VFN6qy7yGzO6nLGJgq1yrnG6E
87KvHotkyvC9GblpI6BQu1plMlpoQLO0KjzV6Z4x97ghwBkLVJuZoF+Hfpn3lah9PWKaiDf4dy3j
l1+T7RGBEmgWKYg1DtYf5seh396WmbpYeKWE9VdjciIb/8ODm5ZGwhrrCrPNVDAuU+RI2Y8oMbxt
7/LrWOr/xjRh7Sj+czx87tkUSl3jt2ToFF0QQuATPiC24u5F6quqoxVPbNvQT8v6QvRCx7W7au8d
O09lBSHNQZ55HtjHTYWGakdL5FBigT3yoWLPRiaNW6CDiPyjtsfBwyQVf5J0y2kLioRHhbKSVgC/
WwmdSBmtdLFiFAAOgiMqjUJY6vVVDD70rR1hcD8jkvByM0F+k43x7F/W2zsibFk33nxgdO7Lp/KF
QG4yd86EgAemnlD4GVXY7+g1l9lhqqdpqcIGDMX8qwRa3MoLgC56RJ6ENEXDBWfV/cmeHg7T23Pb
zYhVEHnaX2dAQ2fjZTTExdg4PnGe+Cg9IP9t8echPhVKPbCPK5/j5vetg9toWj3p90CBlBwmTPY0
KWmU9yAVQffUAnYua/S8aACi1HEkCNRq9CAzt9S3Q69hAFAu9jkeRkUkl3RPIRRAiIu/HfyVTa+R
tZbT3fRwRS+gZuwJvL+Fl70D0G2sfwSFyzGzJ+uWQTn9VeZHJdqaCsqrJXhQKPQpBFPahiwK+222
6WIU3GgAaUjXpMAOaO6NoSei/j9PjK2H6AbgjLW21vR6fB7OquxfN9OZo3jOQiprQDWe/iC5hfPZ
q9c57otOEjv3+skdVhhtSzFmoyayl+PqdPpuOjJDW93350Fo+yB4yk71CvuXs/7YrFZARSeVSLo6
OlNVh42DILepa/5LlZbQvGeoVViaFaFjKanMM9vhmVZKKqb5JTE/HH70XnwxKZAC6Pj9cC8nBFwV
u4DjLCgFSBXBlSJtxuQ/E8FI3IYPx+7J+QcPHwRBpHlHQBduiF3rUV8y0cCb1Y/BvPJkNRFBNHh7
JWCcKmCj6PjfG2xjH8K0Eg6eMuEC0U9mrxWB0crglSNr4ZI+M2ILJDsiub7uDqKyhZkNuuaMDHLe
KPeiLUV4EtD9lLeVYgh9ZPD1zOdvo0lU+kh9hyf9ncMejT7zQWNHCnT/Lpmrbm86N/349GDcEqj4
3euhTOEbmQ1rbtsQVXvGNyxnbTvUZScE6NDcxw0p8aP/AMySDzm1C+0Pafufe2acfdvOC8+RoKNe
FdmILxO7JK1bUb95lHvr1jt2sy45N3lZEcyX4iaALTEu9KetQmg7K2rGzEx1EhzxLng3QhJq51GS
t+a7oQZQY/tLGBBrGvrtyhHYvSU9ycPh4lkWQkSGExIKbuwM2Srqq9VOZ69kX6iG2ojpv77+w+Rk
V4C8nYbA9/D4e3hgTWADYEaD/dGwHzj2BK5Fd8z8Ntcza0KDcase8IdBgLBfXgA8vlegdySu6L2Z
QkZVYS5Yv4/0WE6i/d3yOO909MK9iYfD+WZTdI6zyFXydbS52fxGYSbreoTfHYt5DmqE4pVfkY5Z
bkZwV7QgkVXVjEzeAsnhrAu50AWCu0hiqBGeqXR1thl/twncqeChCS1mM0YyxAIfWuiMvvAJJaCZ
ShD+bh0dPbka36SlCw/yhqFp8Wgog9q33P4GOVebzuKhUn/NTwFeEVD6gwanxLUCoCfQ5g0njPia
QYY/dwZMYMO1BqhhKHoX8OCG9cCqWGAAYn3cMNee5hFj6jgjlN3CUzQWwsJW7su73ra8kKF9/Ot2
HVnOCeQFb4gBfEs9CnI5JHySfF9y44a5nU1ytFvBGvy4ntN4VVTttaX8CNN8PdjED61NXu9QHvjm
YbHZFIWiPBNRbOfH1W/ETuFWzr8qNjfIxt00MprXEoJjko76DmfgAGBAN845Os/1+tM3d8KrGy3F
Wp5nsFxCN6NPQCeC076bvJmdjhHVFXMPv34cLdZ7xADHaxuMt0WQoSG+sW6ytG42ai+rSFd5bpS8
0najxsjCSWXu+A9Tfd6NRh0Kc9XGTdBM27s5KVBGuqnoJpWsBONevvDV+qGaUS1q4ozvYyLuhpq4
wonA9i4kQ6oDHqWk0PKcumHAg01q6ZtQFeWP1ltkuvmiJijhOjqnhpWpS+liVe/T7y/H2vdS92lv
BD9ZCvp3FankgAGGsIet5gmbk+U+O1r9kOmX1zSe2bfwLFGLKwI6rNWWfaZ9AdY+z9EoLX18zyWf
H5u48q1ytNZaTPWIWnGsKeDmpRng/aywR5v6k+2NxNPozFc7KClm1fgoLhN5kQFfeFVgde1EDpb3
jF7T49RtBRW6bfSIJWGhA73wZAUVnuvDoleQPOwaJ5cqBzqpm20/G/UhYx77Zpz1GfPcJijZM3X1
/VWxgjRWA7s8uooRd1Eo+NkKwmdRzKtfkq3MURfoTY7cMDhiWJ03kfkgk8KQeurOez77ZM4hUTK+
T3d+47aoRj0pw2lT3kiA5hNkEAiuoiSybd39LYVpZiEHCQpGmrPdwEVkz95sWK7IIBzd975bQI1Y
G38B0sy747Rrfmqi3UX/WTpECjU+1c20vKjO6nK7hGT6rhJmjUdvPL9j5JvSnl0vVBt3wq5wY072
jQ0OdFcTW+dxFnL4XX1TrwjLQEDM4rROakbSNISvFQEoBLDhHTqYlbSfuAZIoG7Ogjs/b4KrIDVL
HRoB+CdyJ7FgFWHcP5PnK3k6u70lRTThOYigS3nOUbfJMi/Juh+gfsgc4PbRx7zDEQHPx6rooUmH
kBqavU/Uy97a0DjaCtUqwzkDZzaRxnwx+Y1PK7Hgt1me9zq79UP/GdXynEXZJywil78q/OYVcfyR
DyUVlJthk+X665y2zllkqMLRqLoSXgfBtgxqBeNlUNIQQqQDyw5u7OA725gWvqCYTGTpeDIylR+f
35LT4Cs0oNMe8nGJQXQKG4w0o0sgcb7F2DJ2w42fNd8uL5mbR28L5h3x4w9U2kzlkdjaHs95Ys5v
fj7NZrEYFgUdLP3F0o+EmSL79lfzI/UjdjKmMTWokwLNzFZigfCstet1Wpc2Fm7Mc9KIkmKW3tBJ
uYEbkFBMFFbGcb3HxuYKFHoyBtDhRZp78sP9U6rJAA+oYuK/Jbv20r01BWkScSICBLJ8z8u2K5x2
zcA+EVPT40AWYL2rOPCtRyWcIDi6ds5G98Whr3dgYHUgTv7LhdiN6Iqw+ap6fqr5TFzCSBmMivsC
5GrDAfnh69Zp+NSQoN5cpi0lCT+f5gjCMmFOt1vid87j349X5nLDOmQ4QgAcKUIA5ThCABY5QgAr
OUIACAAAAJjURgBVOEIAHClCAJs4QgBzOEIARTlCAFo5QgCI1EYACAAAAIAAAAABAAAAmNRGAFU4
QgAcKUIAmzhCAIc4QgBuOUIAbjlCAHjURgAIAAAAAAEAAAAAAABk1EYAKNRGAPzTRgACAAAAVNRG
AEJsb3dmaXNoLTI1NiBTRENUUgAAYmxvd2Zpc2gtY3RyAAAAAGJsb3dmaXNoLWNiYwAAAABCbG93
ZmlzaC0xMjggQ0JDAAAAAChsZW4gJiA3KSA9PSAwAAAuLlxzc2hibG93Zi5jAAAAbGVuZ3RoID49
IDAgJiYgbGVuZ3RoIDwgSU5UX01BWCAvIEJJR05VTV9JTlRfQklUUwAAAC4uXHNzaGJuLmMAAGkg
Pj0gMAAAd29yZCA8PSBudW1iZXJbMF0AAABtMCA+PiAoQklHTlVNX0lOVF9CSVRTLTEpID09IDEA
AG1vZFttb2RbMF1dICE9IDAAAAAAbmJ5dGVzID49IDAgJiYgbmJ5dGVzIDwgSU5UX01BWC84AAAA
Ym1heCA9PSAwIHx8IGJbYm1heF0gIT0gMAAAAGFtYXggPT0gMCB8fCBhW2FtYXhdICE9IDAAAABz
aGlmdCA+PSAwAABtb2R1bHVzW21vZHVsdXNbMF1dICE9IDAAAAAAbnVtYmVyW251bWJlclswXV0g
IT0gMAAAbiA+PSAwAABpbnYAAAAAAAAAAACWMAd3LGEO7rpRCZkZxG0Hj/RqcDWlY+mjlWSeMojb
DqS43Hke6dXgiNnSlytMtgm9fLF+By2455Edv5BkELcd8iCwakhxufPeQb6EfdTaGuvk3W1RtdT0
x4XTg1aYbBPAqGtkevli/ezJZYpPXAEU2WwGY2M9D/r1DQiNyCBuO14QaUzkQWDVcnFnotHkAzxH
1ARL/YUN0mu1CqX6qLU1bJiyQtbJu9tA+bys42zYMnVc30XPDdbcWT3Rq6ww2SY6AN5RgFHXyBZh
0L+19LQhI8SzVpmVus8Ppb24nrgCKAiIBV+y2QzGJOkLsYd8by8RTGhYqx1hwT0tZraQQdx2BnHb
Abwg0pgqENXviYWxcR+1tgal5L+fM9S46KLJB3g0+QAPjqgJlhiYDuG7DWp/LT1tCJdsZJEBXGPm
9FFra2JhbBzYMGWFTgBi8u2VBmx7pQEbwfQIglfED/XG2bBlUOm3Euq4vot8iLn83x3dYkkt2hXz
fNOMZUzU+1hhsk3OUbU6dAC8o+Iwu9RBpd9K15XYPW3E0aT79NbTaulpQ/zZbjRGiGet0Lhg2nMt
BETlHQMzX0wKqsl8Dd08cQVQqkECJxAQC76GIAzJJbVoV7OFbyAJ1Ga5n+Rhzg753l6YydkpIpjQ
sLSo18cXPbNZgQ20LjtcvbetbLrAIIO47bazv5oM4rYDmtKxdDlH1eqvd9KdFSbbBIMW3HMSC2Pj
hDtklD5qbQ2oWmp6C88O5J3/CZMnrgAKsZ4HfUSTD/DSowiHaPIBHv7CBmldV2L3y2dlgHE2bBnn
BmtudhvU/uAr04laetoQzErdZ2/fufn5776OQ763F9WOsGDoo9bWfpPRocTC2DhS8t9P8We70WdX
vKbdBrU/SzaySNorDdhMGwqv9koDNmB6BEHD72DfVd9nqO+ObjF5vmlGjLNhyxqDZryg0m8lNuJo
UpV3DMwDRwu7uRYCIi8mBVW+O7rFKAu9spJatCsEarNcp//XwjHP0LWLntksHa7eW7DCZJsm8mPs
nKNqdQqTbQKpBgmcPzYO64VnB3ITVwAFgkq/lRR6uOKuK7F7OBu2DJuO0pINvtXlt+/cfCHf2wvU
0tOGQuLU8fiz3Whug9ofzRa+gVsmufbhd7Bvd0e3GOZaCIhwag//yjsGZlwLARH/nmWPaa5i+NP/
a2FFz2wWeOIKoO7SDddUgwROwrMDOWEmZ6f3FmDQTUdpSdt3bj5KatGu3FrW2WYL30DwO9g3U668
qcWeu95/z7JH6f+1MBzyvb2KwrrKMJOzU6ajtCQFNtC6kwbXzSlX3lS/Z9kjLnpms7hKYcQCG2hd
lCtvKje+C7ShjgzDG98FWo3vAi0hKGxlbiA+IChTU0hfTUFYQkxPQ0tTICogU1NIX0JMT0NLU0la
RSkgfHwgbGVuICUgU1NIX0JMT0NLU0laRSAhPSAwKQAAAAAuLlxzc2hjcmNkYS5jAAAABwAAAA8A
AAAXAAAAHwAAACcAAAAvAAAANwAAAD8AAAAGAAAADgAAABYAAAAeAAAAJgAAAC4AAAA2AAAAPgAA
AAUAAAANAAAAFQAAAB0AAAAlAAAALQAAADUAAAA9AAAABAAAAAwAAAAUAAAAHAAAAAEAAAAJAAAA
EQAAABkAAAAhAAAAKQAAADEAAAA5AAAAAgAAAAoAAAASAAAAGgAAACIAAAAqAAAAMgAAADoAAAAD
AAAACwAAABMAAAAbAAAAIwAAACsAAAAzAAAAOwAAACQAAAAsAAAANAAAADwAAAAxAAAAJAAAADsA
AAA3AAAA//////////8lAAAAKQAAADAAAAA4AAAAIgAAADQAAAD//////////w8AAAAEAAAAGQAA
ABMAAAAJAAAAAQAAAP//////////DAAAAAcAAAARAAAAAAAAABYAAAADAAAA//////////8uAAAA
KwAAAP//////////OQAAACAAAAAtAAAANgAAACcAAAAyAAAA//////////8sAAAANQAAACEAAAAo
AAAALwAAADoAAAD//////////xoAAAAQAAAABQAAAAsAAAAXAAAACAAAAP//////////CgAAAA4A
AAAGAAAAFAAAABsAAAAYAAAAAQAAAAEAAAACAAAAAgAAAAIAAAACAAAAAgAAAAIAAAABAAAAAgAA
AAIAAAACAAAAAgAAAAIAAAACAAAAAQAAAAAEAQEAAAAAAAABAAQEAQEEAAEBBAQBAAQAAAAAAAEA
AAQAAAAEAQEEBAEBAAQAAAQEAAEEAAEBAAAAAQQAAAAEBAAAAAQAAQAEAAEABAEAAAQBAAAAAQEA
AAEBBAQAAQQAAQAEAAABBAAAAQQAAQAAAAAABAQAAAQEAQAAAAABAAABAAQEAQEEAAAAAAABAQAE
AQEAAAABAAAAAQAEAAAEAAEBAAABAAAEAQAEAAABAAQAAAQAAAAEBAABBAQBAAQEAQEEAAEAAAAB
AQQEAAEEAAABBAQAAAQEAQAABAEBBAQAAAAEAAEABAABAAAAAAQAAQAABAEAAAAAAAQAAQEggBCA
AIAAgACAAAAggBAAAAAQACAAAAAgABCAIIAAgCAAAIAggBCAAIAQgAAAAIAAgACAAAAQACAAAAAg
ABCAAIAQACAAEAAggACAAAAAAAAAAIAAgAAAIIAQAAAAEIAgABAAIAAAgAAAAAAAgBAAIIAAAACA
EIAAABCAIIAAAAAAAAAggBAAIAAQgAAAEAAggACAAAAQgACAEIAAgAAAAAAQgACAAIAgAAAAIIAQ
gCCAEAAgAAAAAIAAAAAAAIAggAAAAIAQgAAAEAAgAACAIAAQACCAAIAgAACAIAAQAACAEAAAAAAA
AIAAgCCAAAAAAACAIAAQgCCAEIAAgBAACAIAAAACAggAAAAACAACCAACAAgAAAAACAICAAACAAgI
AAIACAAACAgAAAgAAAIACAICCAgAAgAAAAIICAIAAAAAAAgIAAAAAAICCAACAAAAAgIAAAACCAgA
AggIAgIACAIACAACAgAAAAIACAIACAgAAAAIAgIIAAIAAAAAAAgAAgIIAAAACAgAAgAIAgAAAAAC
AAACAggAAgAIAAAAAAACAAAIAAIACAICCAACAAgIAAAIAAIAAAAAAAAIAAIICAIACAAAAgAAAAAI
CAICCAgAAAAIAgIAAAICAAgAAAgAAAIICAIACAgCAAAAAAIICAICAAgAAAAIAAIIAAICAAEggACB
IAAAgSAAAIAAAACAIIAAgQCAAAEAgAABIAAAAAAAAAAggAAAIIAAgSCAAIEAAAAAAAAAgACAAAEA
gAABAAAAACAAAAAAgAABIIAAgAAAAAAAgAABIAAAgCAAAIEAgAABAAAAgCAAAIAAgAAAIAAAgCCA
AIEggACBAAAAgACAAAEAgAAAIIAAgSCAAIEAAAAAAAAAAAAAAAAggACAIAAAgACAAIEAgAABAAAA
ASCAAIEgAACBIAAAgAAAAIEggACBAAAAAQAAAAAgAAABAIAAASAAAIAggACBAIAAASAAAIAgAAAA
AIAAASCAAIAAAAAAAIAAACAAAIAggAAAAQAAAAEIAgAACAIAAQBCAAAIAAABAAAAAABAAAAIAgAB
CEAAAAgAAAEAAgABCEAAAQBCAAAIQgABCAAAAABAAAAAAgAACEAAAAhAAAAAAAABAEAAAQhCAAEI
QgABAAIAAAhCAAEAQAAAAAAAAABCAAEIAgAAAAIAAABCAAEIAAAACAAAAQBCAAEAAAAAAAIAAABA
AAAIAgABAEIAAQhAAAEAAgAAAEAAAAhCAAEIAgABCEAAAQAAAAAAAgAACEIAAQhCAAEIAAAAAEIA
AQhCAAAIAgAAAAAAAAhAAAAAQgABCAAAAQACAAEAQAAACAAAAAAAAAAIQAABCAIAAQBAEAAAIAAA
QCAAQAAAEEBAIAAAQCAQAAAAEEBAIAAAQAAAQAAgEEBAAAAAQAAQAAAgEABAAABAACAAAAAgEEAA
AAAAAAAQAEAAEEAAIABAAAAAQEAAEEAAIBAAAAAQAEAgEABAIAAAAAAQQEAAAEBAIBBAAAAAQEAA
AEBAIAAAACAAQAAgEAAAABAAQCAAQEAAEEBAIAAAQAAQQAAAEAAAIAAAQAAAQAAgAAAAIBBAAAAQ
AAAgEEBAIABAQAAAAEAgEEBAAABAQCAAAAAAEABAIBAAAAAAQAAAAABAIBBAQAAAQAAAEABAABBA
ACAAAAAAAEBAIAAAACAQAEAAEEAAIAAAIAACACAEAggABAAAAAAACAAAAggABAIIIAAACCAEAggg
BAAAIAAAAAAAAgAABAIAAAAAAAAEAgAgBAIIAAAACAAEAgggAAIAIAAACAAEAgAABAAAIAQACCAE
AgAgAAAAIAQACAAAAggAAAIIIAQACCAAAgAAAAAAAAQACCAAAAAABAAIIAAAACAAAggABAIIAAQC
ACAEAgAgBAIAAAACACAAAAAABAAIAAQAACAAAAggBAIIAAACCCAAAAggBAIIAAACAAAEAgggBAAA
IAQACCAAAAAAAAIAAAACCCAEAAAAAAIIIAAAACAEAAgAAAIAAAQACAAEAAgAAAIAIABAEAAQABAA
AAAABABAEAQQAAAAEEAQABBAAAAAAAAAEEAABAAAAAQQQBAEEAAQBAAAEAQQQBAEAAAQAABAAAAA
AAAEEEAAABAAEAAQQBAAAAAQBABAAAQAQAAEEAAQBBBAEAAAAAAAAAAAAABAAAQQQAAAEAAQABBA
EAQAAAAEAEAQBAAAAAQAABAEEAAQAABAAAAAQAAEEAAQAABAEAQAABAAEEAAAABAAAAQAAAEEEAA
BBAAAAAQAAAEAEAQABAAAAAAQBAEEEAABABAAAAQAAAEEAAQABBAEAAQAAAAAEAQBBAAEAQAABAE
AEAQAABAEAAAQAAEAAAAABAAEAQQF3VCABwpQgAfdkIAU3VCAAd3QgAbd0IA+OVGAAgAAACoAAAA
AQAAAOjlRgAXdUIAHClCAB92QgBTdUIAMHdCADB3QgDc5UYACAAAAKgAAAAAAAAAyOVGADV1QgAc
KUIAH3ZCAGl2QgBEd0IAWHdCAMDlRgAIAAAAOAAAAAEAAACw5UYANXVCABwpQgAfdkIAaXZCAER3
QgBYd0IAoOVGAAgAAAA4AAAAAQAAALDlRgCs5EYAgORGAAIAAAAw5UYA2ORGAATlRgACAAAAQOVG
ACZ1QgAcKUIAsXZCANV2QgDrdkIACAAAAIjlRgBEdUIAHClCADx5QgBEd0IAYHlCAAgAAACw5UYA
dHJpcGxlLURFUyBpbm5lci1DQkMAAAAAZGVzLWNiY0Bzc2guY29tAHNpbmdsZS1ERVMgQ0JDAABk
ZXMtY2JjAHRyaXBsZS1ERVMgU0RDVFIAAAAAM2Rlcy1jdHIAAAAAdHJpcGxlLURFUyBDQkMAADNk
ZXMtY2JjAAAAAC4uXHNzaGRlcy5jAP//////////yQ/aoiFowjTExmKLgNwc0SkCTgiKZ8x0Agu+
pjsTmyJRSgh5jjQE3e+VGbPNOkMbMCsKbfJfFDdP4TVtbVHCReSFtXZiXn7G9ExC6aY37WsL/1y2
9Aa37e44a/taiZ+lrp8kEXxLH+ZJKGZR7OZTgf/////////////////////JD9qiIWjCNMTGYouA
3BzRKQJOCIpnzHQCC76mOxObIlFKCHmONATd75UZs806QxswKwpt8l8UN0/hNW1tUcJF5IW1dmJe
fsb0TELppjftawv/XLb0Brft7jhr+1qJn6WunyQRfEsf5kkoZlHs5Fs9wgB8uKFjvwWY2kg2HFXT
mmkWP6j9JM9fg2VdI9yjrZYcYvNWIIVSu57VKQdwlpZtZww1Tkq8mATxdGwIyhghfDKQXkYuNs47
4553LBgOhgObJ4Oi7Aeij7XFXfBvTFLJ3ivL9pVYFxg5lUl86pVq5RXSJhiY+gUQFXKOWoqsqmj/
/////////wIAAAC06EYArOhGAAAAAAAQ5kYAkOdGAIAAAAABAAAAqPJGAJTnRgABAAAAtOdGAJDo
RgCI6EYAAAAAAJDmRgCQ50YAAAEAAAEAAACo8kYAwOdGAAEAAADg50YAYOhGAAAAAAAAAAAAAAAA
AAAAAAAAAAAAAAAAAHjvRgA86EYAAAAAAAAAAAAAAAAAAAAAAAAAAAAAAAAAqPJGAOznRgAM6EYA
AgAAACzoRgBkaWZmaWUtaGVsbG1hbi1ncm91cC1leGNoYW5nZS1zaGExAABkaWZmaWUtaGVsbG1h
bi1ncm91cC1leGNoYW5nZS1zaGEyNTYAAAAAZ3JvdXAxNABkaWZmaWUtaGVsbG1hbi1ncm91cDE0
LXNoYTEAZ3JvdXAxAABkaWZmaWUtaGVsbG1hbi1ncm91cDEtc2hhMQAAZiB2YWx1ZSByZWNlaXZl
ZCBpcyB0b28gbGFyZ2UAAABmIHZhbHVlIHJlY2VpdmVkIGlzIHRvbyBzbWFsbAAAADAxMjM0NTY3
ODlhYmNkZWYAAAAAZ4tCANF8QgAkfUIAe4NCADuFQgA3jEIAzYVCAF2GQgApjUIAcX9CAK6BQgDm
iEIAYOlGAFzpRgBkc3MAc3NoLWRzcwAsMHgAMHgAACVzJTAyeAAAc3NoLWRzcyAlZCAAAAAAB3Nz
aC1kc3MAcCA9PSBibG9iICsgYmxvYmxlbgAuLlxzc2hkc3MuYwB4AAAARFNBIGRldGVybWluaXN0
aWMgayBnZW5lcmF0b3IAAABob3N0QAAAAHOcQgB/nEIAPJ1CAJaeQgC3nkIAT51CAGOdQgB+nUIA
051CABjqRgAQAAAADOpGAEhNQUMtTUQ1AAAAAGhtYWMtbWQ1AAAAAGVycm9yIHJlYWRpbmcgZmls
ZQAAd3JvbmcgcGFzc3BocmFzZQAAAAByc2FfdmVyaWZ5IGZhaWxlZAAAAGZpbGUgZm9ybWF0IGVy
cm9yAAAAbm90IGFuIFNTSC0xIFJTQSBmaWxlAAAAU1NIIFBSSVZBVEUgS0VZIEZJTEUgRk9STUFU
IDEuMQoAAAAAY2FuJ3Qgb3BlbiBmaWxlAHJiAABub3QgYSBQdVRUWSBTU0gtMiBwcml2YXRlIGtl
eQAAAFB1VFRZIGtleSBmb3JtYXQgdG9vIG5ldwAAAABQdVRUWS1Vc2VyLUtleS1GaWxlLQAAAABj
cmVhdGVrZXkgZmFpbGVkAAAAAE1BQyBmYWlsZWQAAHB1dHR5LXByaXZhdGUta2V5LWZpbGUtbWFj
LWtleQAAAAAAAQAAAAAAAAAAAAAAAFByaXZhdGUtSGFzaAAAAABQcml2YXRlLU1BQwBQcml2YXRl
LUxpbmVzAAAAUHVibGljLUxpbmVzAAAAAENvbW1lbnQARW5jcnlwdGlvbgAAUHVUVFktVXNlci1L
ZXktRmlsZS0xAAAAUHVUVFktVXNlci1LZXktRmlsZS0yAAAALS0tLS1CRUdJTiAALS0tLSBCRUdJ
TiBTU0gyIEVOQ1JZUFRFRCBQUklWQVQAAAAAdW5hYmxlIHRvIG9wZW4gZmlsZQBub3QgYSBwcml2
YXRlIGtleQAAAFNTSC0xIHByaXZhdGUga2V5AAAAUHVUVFkgU1NILTIgcHJpdmF0ZSBrZXkAT3Bl
blNTSCBTU0gtMiBwcml2YXRlIGtleQAAAHNzaC5jb20gU1NILTIgcHJpdmF0ZSBrZXkAAABJTlRF
Uk5BTCBFUlJPUgAAcmFuZG9tX2FjdGl2ZSA+IDAAAAAuLlxzc2hyYW5kLmMAAAAAcmFuZG9tX2Fj
dGl2ZQAAADAxMjM0NTY3ODlhYmNkZWYAAAAAADAhMAkGBSsOAwIaBQAEFA3LQgB6vkIAib5CAK6+
QgCxv0IAostCAFHBQgDYwUIAAMxCAObEQgBkxkIAncdCAMBkRgC07UYApO1GAAAAAAABAAAAAAAA
AAAAAAAAAAAAAAAAAKjyRgCU7UYAAAAAAAEAAAAAAAAAAAAAAAAAAAAAAAAAeO9GAGTtRgBE7UYA
AgAAAITtRgByc2EyMDQ4LXNoYTI1NgAAcnNhMTAyNC1zaGExAAAAAHJzYTIAAAAAUlNBIGRldGVy
bWluaXN0aWMgYmxpbmRpbmcAACVkIAAuLlxzc2hyc2EuYwBzc2gtcnNhICVkIAAAAAAHc3NoLXJz
YQAxIDw9IG5ieXRlcyAtIDIwIC0gQVNOMV9MRU4AaC0+aGxlbiA8PSBTU0gyX0tFWF9NQVhfSEFT
SF9MRU4AAAAAb3V0bGVuID09IGsAaW5sZW4gPiAwICYmIGlubGVuIDw9IGsgLSAyKkhMRU4gLSAy
AAAAAAAAAACYL4pCkUQ3cc/7wLWl27XpW8JWOfER8Vmkgj+S1V4cq5iqB9gBW4MSvoUxJMN9DFV0
Xb5y/rHegKcG3Jt08ZvBwWmb5IZHvu/GncEPzKEMJG8s6S2qhHRK3KmwXNqI+XZSUT6YbcYxqMgn
A7DHf1m/8wvgxkeRp9VRY8oGZykpFIUKtyc4IRsu/G0sTRMNOFNUcwpluwpqdi7JwoGFLHKSoei/
oktmGqhwi0vCo1FsxxnoktEkBpnWhTUO9HCgahAWwaQZCGw3Hkx3SCe1vLA0swwcOUqq2E5Pypxb
828uaO6Cj3RvY6V4FHjIhAgCx4z6/76Q62xQpPej+b7yeHHG2tNCAPHTQgD200IAIAAAANzvRgAb
1EIAJ9RCAOLUQgDj1UIAKdZCAPfUQgAL1UIAJtVCAATWQgDM70YAIAAAALzvRgBITUFDLVNIQS0y
NTYAAAAAaG1hYy1zaGEyLTI1NgAAAFNIQS0yNTYAAAAAAGfmCWoIybzzha5nuzunyoRy8248K/iU
/jr1T6XxNh1ff1IOUdGC5q2MaAWbH2w+K6vZgx9rvUH7Gc3gW3khfhOYL4pCIq4o15FEN3HNZe8j
z/vAtS87Teyl27XpvNuJgVvCVjk4tUjz8RHxWRnQBbakgj+Sm08Zr9VeHKsYgW3amKoH2EICA6MB
W4MSvm9wRb6FMSSMsuROw30MVeK0/9V0Xb5yb4l78v6x3oCxlhY7pwbcmzUSxyV08ZvBlCZpz8Fp
m+TSSvGehke+7+MlTzjGncEPtdWMi8yhDCRlnKx3byzpLXUCK1mqhHRKg+SmbtypsFzU+0G92oj5
drVTEYNSUT6Yq99m7m3GMagQMrQtyCcDsD8h+5jHf1m/5A7vvvML4MbCj6g9R5Gn1SWnCpNRY8oG
b4ID4GcpKRRwbg4KhQq3J/wv0kY4IRsuJskmXPxtLE3tKsRaEw04U9+zlZ1Ucwpl3mOvi7sKanao
snc8LsnCgeau7UeFLHKSOzWCFKHov6JkA/FMS2YaqAEwQrxwi0vCkZf40KNRbMcwvlQGGeiS0RhS
79YkBpnWEKllVYU1DvQqIHFXcKBqELjRuzIWwaQZyNDSuAhsNx5Tq0FRTHdIJ5nrjt+1vLA0qEib
4bMMHDljWsnFSqrYTsuKQeNPypxbc+Njd/NvLmijuLLW7oKPdPyy711vY6V4YC8XQxR4yIRyq/Ch
CALHjOw5ZBr6/76QKB5jI+tsUKTpvYLe96P5vhV5xrLyeHHGK1Ny484+J8qcYSbqx7iG0QfCwCHW
fdrqHuvgzX9PffV40W7uqmfwBrpvF3LFfWMKppjIogSYPxGuDfm+NQtxGxtHHBP1d9sohH0EI3ur
yjKTJMdACr6ePLy+yRXEZx1DTA0QnL7UxUy2Qj7LnCl/WSp+Zfyrb8tf7PrWOowZRGwXWEdK++5C
ABLvQgAX70IAFAAAAOzzRgA870IASO9CAAPwQgAH8UIATfFCAC3wQgBB8EIAXPBCACjxQgDg80YA
FAAAANTzRgA870IASO9CAAPwQgCo8UIAA/JCAC3wQgBB8EIAg/FCAN7xQgDE80YADAAAALTzRgA8
70IASO9CABjwQgAH8UIATfFCAC3wQgBB8EIAXPBCACjxQgDg80YAFAAAAJjzRgA870IASO9CABjw
QgCo8UIAA/JCAC3wQgBB8EIAg/FCAN7xQgDE80YADAAAAHzzRgBidWctY29tcGF0aWJsZSBITUFD
LVNIQTEtOTYAYnVnLWNvbXBhdGlibGUgSE1BQy1TSEExAAAAAEhNQUMtU0hBMS05NgAAAABobWFj
LXNoYTEtOTYAAAAASE1BQy1TSEExAAAAaG1hYy1zaGExAAAAU0hBLTEAAABQdVRUWSBkb3duc3Ry
ZWFtIG5vIGxvbmdlciBhdmFpbGFibGUAAAAAZW4AAGNhbmNlbC10Y3BpcC1mb3J3YXJkAAAAAGVu
AABTU0hDT05ORUNUSU9OQHB1dHR5LnByb2plY3RzLnRhcnRhcnVzLm9yZy0yLjAtAAAAAAAA3f1C
AP0PQwDL7kQAAAAAAAAAAADfEUMAAAAAAAAAAADaEkMATlVMTCA9PSBmaW5kMjM0KHNoYXJlc3Rh
dGUtPmNvbm5lY3Rpb25zLCAmZHVtbXksIE5VTEwpAAAuLlxzc2hzaGFyZS5jAAAAY2xlYW51cCBh
ZnRlciBkb3duc3RyZWFtIHdlbnQgYXdheQAAZG93bnN0cmVhbSByZWZ1c2VkIFggY2hhbm5lbCBv
cGVuAAAAd2luZG93IGFkanVzdG1lbnQgYWZ0ZXIgZG93bnN0cmVhbSBhY2NlcHRlZCBYIGNoYW5u
ZWwAAAAhIlRoaXMgcGFja2V0IHR5cGUgc2hvdWxkIG5ldmVyIGhhdmUgY29tZSBmcm9tIHNzaC5j
IgAAAGlkX3BvcyA+PSAwAHBrdGxlbiA+PSA0AGVyciAhPSBOVUxMAENIQU5ORUxfT1BFTl9DT05G
SVJNQVRJT04gcGFja2V0IGNpdGVkIHVua25vd24gY2hhbm5lbCAldQAAAAAAAABJbml0aWFsIHdp
bmRvdyBzaXplIGZvciB4MTEgY2hhbm5lbCBtdXN0IGJlIGF0IGxlYXN0IDI1NiAoZ290ICV1KQAA
AFRydW5jYXRlZCBDSEFOTkVMX09QRU5fQ09ORklSTUFUSU9OIHBhY2tldAAAQ0hBTk5FTF9PUEVO
X0ZBSUxVUkUgcGFja2V0IGNpdGVkIHVua25vd24gY2hhbm5lbCAldQAAAABUcnVuY2F0ZWQgQ0hB
Tk5FTF9PUEVOX0ZBSUxVUkUgcGFja2V0AAAAVW5leHBlY3RlZCBwYWNrZXQgdHlwZSAlZAoAAFRy
dW5jYXRlZCBDSEFOTkVMX1JFUVVFU1QoIngxMSIpIHBhY2tldABYMTEgZm9yd2FyZGluZyByZXF1
ZXN0IGZvciB1bnJlY29nbmlzZWQgY2hhbm5lbCAldQAAQWdlbnQgZm9yd2FyZGluZyByZXF1ZXN0
IGZvciB1bnJlY29nbmlzZWQgY2hhbm5lbCAldQAAAABUcnVuY2F0ZWQgQ0hBTk5FTF9PUEVOIHBh
Y2tldAAAAHVwc3RyZWFtIGFkZGVkIHdhbnRfcmVwbHkgZmxhZwAAaG9zdCAhPSBOVUxMAAAAAFRy
dW5jYXRlZCBHTE9CQUxfUkVRVUVTVCBwYWNrZXQAVmVyc2lvbiBzdHJpbmcgZmFyIHRvbyBsb25n
CgAAAABWZXJzaW9uIHN0cmluZyBkaWQgbm90IGhhdmUgZXhwZWN0ZWQgcHJlZml4CgAAAABCYWQg
cGFja2V0IGxlbmd0aCAldQoAAABEb3duc3RyZWFtIHZlcnNpb24gc3RyaW5nOiAlLipzAGxpc3Rl
bmluZyBzb2NrZXQ6ICVzAAAAAFNTSENPTk5FQ1RJT05AcHV0dHkucHJvamVjdHMudGFydGFydXMu
b3JnLTIuMC0AACFjcy0+c2VudF92ZXJzdHJpbmcAc29jayA9PSBOVUxMAAAAACVzOiVkAAAAJXNA
JXM6JWQAAAAAJXNAJXMAAAAAgEDAIKBg4BCQUNAwsHDwCIhIyCioaOgYmFjYOLh4+ASERMQkpGTk
FJRU1DS0dPQMjEzMLKxs7BycXNw8vHz8AoJCwiKiYuISklLSMrJy8gqKSsoqqmrqGppa2jq6evoG
hkbGJqZm5haWVtY2tnb2Do5Ozi6ubu4enl7ePr5+/gGBQcEhoWHhEZFR0TGxcfEJiUnJKalp6RmZ
Wdk5uXn5BYVFxSWlZeUVlVXVNbV19Q2NTc0trW3tHZ1d3T29ff0Dg0PDI6Nj4xOTU9Mzs3PzC4tL
yyura+sbm1vbO7t7+weHR8cnp2fnF5dX1ze3d/cPj0/PL69v7x+fX98/v3//AQEAAAMAAAADAAAA
AgEAAAQAAAAEAAAAAwEAAAUAAAAFAAAABAEAAAYAAAAGAAAABQEAAAcAAAAHAAAABgEAAAgAAAAI
AAAABwEAAAkAAAAJAAAACAEAAAoAAAAKAAAACQEBAAsAAAAMAAAACgEBAA0AAAAOAAAACwEBAA8A
AAAQAAAADAEBABEAAAASAAAADQECABMAAAAWAAAADgECABcAAAAaAAAADwECABsAAAAeAAAAEAEC
AB8AAAAiAAAAEQEDACMAAAAqAAAAEgEDACsAAAAyAAAAEwEDADMAAAA6AAAAFAEDADsAAABCAAAA
FQEEAEMAAABSAAAAFgEEAFMAAABiAAAAFwEEAGMAAAByAAAAGAEEAHMAAACCAAAAGQEFAIMAAACi
AAAAGgEFAKMAAADCAAAAGwEFAMMAAADiAAAAHAEFAOMAAAABAQAAHQEAAAIBAAACAQAAAAAAAAAA
AAABAAAAAQAAAAEAAAACAAAAAgAAAAIAAAADAAAAAwAAAAMAAAAEAAAABAAAAAQAAQAFAAAABgAA
AAUAAQAHAAAACAAAAAYAAgAJAAAADAAAAAcAAgANAAAAEAAAAAgAAwARAAAAGAAAAAkAAwAZAAAA
IAAAAAoABAAhAAAAMAAAAAsABAAxAAAAQAAAAAwABQBBAAAAYAAAAA0ABQBhAAAAgAAAAA4ABgCB
AAAAwAAAAA8ABgDBAAAAAAEAABAABwABAQAAgAEAABEABwCBAQAAAAIAABIACAABAgAAAAMAABMA
CAABAwAAAAQAABQACQABBAAAAAYAABUACQABBgAAAAgAABYACgABCAAAAAwAABcACgABDAAAABAA
ABgACwABEAAAABgAABkACwABGAAAACAAABoADAABIAAAADAAABsADAABMAAAAEAAABwADQABQAAA
AGAAAB0ADQABYAAAAIAAABAREgAIBwkGCgULBAwDDQIOAQ8AIP1GAAz9RgCvHEMAPR1DAIUdQwDf
IEMAhyFDAIEiQwBcHUMA/PxGAHpsaWIgKFJGQzE5NTApAAB6bGliQG9wZW5zc2guY29tAAAAAHps
aWIAAAAAc3QtPm5wZW5kaW5nIDwgSEFTSENIQVJTAAAAAHN0LT5ucGVuZGluZyA8PSBIQVNIQ0hB
UlMAAAAuLlxzc2h6bGliLmMAAAAAb3V0LT5ub3V0Yml0cyArIG5iaXRzIDw9IDMyAGogLSBpID49
IDIAACFvdXQtPmNvbXBfZGlzYWJsZWQAdGVsbmV0AAAAAAAA+wAAAPwAAAD9AAAA/gAAAB8AAAAA
AAAAAAAAAPsAAAD8AAAA/QAAAP4AAAAgAAAAAQAAAAAAAAD7AAAA/AAAAP0AAAD+AAAAGAAAAAIA
AAAAAAAA+wAAAPwAAAD9AAAA/gAAACQAAAADAAAAAgAAAPsAAAD8AAAA/QAAAP4AAAAnAAAABAAA
AAAAAAD9AAAA/gAAAPsAAAD8AAAAAQAAAAUAAAAAAAAA+wAAAPwAAAD9AAAA/gAAAAMAAAAGAAAA
AAAAAP0AAAD+AAAA+wAAAPwAAAADAAAABwAAAAAAAAD7AAAA/AAAAP0AAAD+AAAAAAAAAAgAAAAC
AAAA/QAAAP4AAAD7AAAA/AAAAAAAAAAJAAAAAgAAALj9RgDU/UYA8P1GAAz+RgAo/kYARP5GAGD+
RgB8/kYAmP5GALT+RgAAAAAAWzBDAL4wQwCZOEMAETFDAAAAAAD//wAADQAAADgARwAAAAAAOFlG
AAEAAAAwAEcAAgAAACAARwADAAAAFABHAAQAAAAIAEcABQAAAPj/RgAGAAAAAAAAAB8AAADo/0YA
BwAAANj/RgAIAAAAxP9GAAkAAAC0/0YACgAAAAAAAAAfAAAApP9GAAsAAACY/0YADAAAAAAAAAAh
AAAARW5kIE9mIEZpbGUARW5kIE9mIFJlY29yZAAAAFN1c3BlbmQgUHJvY2VzcwBJbnRlcnJ1cHQg
UHJvY2VzcwAAAEFib3J0IE91dHB1dAAAAABBYm9ydCBQcm9jZXNzAAAATm8gT3BlcmF0aW9uAAAA
AEdvIEFoZWFkAAAAAEVyYXNlIExpbmUAAEVyYXNlIENoYXJhY3RlcgBTeW5jaAAAAEFyZSBZb3Ug
VGhlcmUAAAA8dW5rbm93bj4AAABFWE9QTAAAAFNTUElfTE9HT04AAFBSQUdNQV9IRUFSVEJFQVQA
AAAAUFJBR01BX0xPR09OAAAAAEZPUldBUkRfWAAAAFNFTkRfVVJMAAAAAEtFUk1JVAAAU1RBUlRU
TFMAAAAAU0xFAENPTV9QT1JUX09QVElPTgBSU1AAQ0hBUlNFVABYQVVUSAAAAFROMzI3MEUATkVX
X0VOVklST04ARU5DUllQVABBVVRIRU5USUNBVElPTgAAT0xEX0VOVklST04AWERJU1BMT0MAAAAA
TElORU1PREUAAAAATEZMT1cAAABUU1BFRUQAAE5BV1MAAAAAWDNQQUQAAAAzMjcwUkVHSU1FAABU
VFlMT0MAAE9VVE1SSwAAVFVJRAAAAABFT1IAVFRZUEUAAABTTkRMT0MAAFNVUERVUE9VVFBVVAAA
AABTVVBEVVAAAERFVABCTQAATE9HT1VUAABYQVNDSUkAAE5BT0xGRAAATkFPVlREAABOQU9WVFMA
AE5BT0ZGRAAATkFPSFREAABOQU9IVFMAAE5BT0NSRAAATkFPUAAAAABOQU9MAAAAAFJDVEUAAAAA
VE0AAE5BTVMAAAAAU0dBAFJDUABCSU5BUlkAACVzOgklcyAlcwAAADw/Pz4AAAAARE9OVAAAAABE
TwAAV09OVAAAAABXSUxMAAAAAGNsaWVudAAAc2VydmVyOglTQiBUVFlQRSA8c29tZXRoaW5nIHdl
aXJkPg0KAAAAAGNsaWVudDoJU0IgVFRZUEUgSVMgJXMAAHNlcnZlcjoJU0IgVFRZUEUgU0VORAAA
AHNlcnZlcjoJU0IgVFNQRUVEIDxzb21ldGhpbmcgd2VpcmQ+AGNsaWVudDoJU0IgVFNQRUVEIElT
ICVzAHNlcnZlcjoJU0IgVFNQRUVEIFNFTkQAAAlVU0VSPSVzAAAAAAklcz0lcwAAY2xpZW50OglT
QiAlcyBJUzoAAABjbGllbnQ6CVNCICVzIElTIDxub3RoaW5nPgAAc2VydmVyOglTQiAlcyBTRU5E
AABjbGllbnQ6CVNCIE5BV1MgJWQsJWQAAABzZXJ2ZXIAAAAEAgYBBQMHDQAKAAAAAACAAAAAoAAA
AAAAAAChAAAAvwAAAAEAAADXAAAA1wAAAAEAAAD3AAAA9wAAAAEAAAB+AwAAfgMAAAEAAACHAwAA
hwMAAAEAAABaBQAAXwUAAAEAAACJBQAAiQUAAAEAAAAABwAADQcAAAEAAABKEAAATxAAAAEAAAD7
EAAA+xAAAAEAAABhEwAAaBMAAAEAAABtFgAAbhYAAAEAAADUFwAA3BcAAAEAAAAAGAAAChgAAAEA
AAAAIAAACiAAAAAAAABwIAAAfyAAAAIAAACAIAAAjyAAAAIAAAALIAAA/ycAAAEAAAAAMAAAADAA
AAAAAAABMAAAIDAAAAEAAAA/MAAAnzAAAAMAAACgMAAA/zAAAAMAAAAAMwAA/58AAAMAAAAArAAA
o9cAAAMAAAAA+QAA//oAAAMAAAAw/gAAa/4AAAEAAAAA/wAAD/8AAAEAAAAa/wAAIP8AAAEAAAA7
/wAAQP8AAAEAAABb/wAAZP8AAAEAAADw/wAA//8AAAAAAAAAAAAAAAAAAAAAAABjb2wgPj0gMCAm
JiBjb2wgPCBsaW5lLT5jb2xzAAAAAC4uXHRlcm1pbmFsLmMAAABoZHJzaXplIDw9IDEyOAAAcnVu
bGVuID49IDIgJiYgcnVubGVuIDw9IDEyOQAAAABoZHJzaXplID49IDEgJiYgaGRyc2l6ZSA8PSAx
MjgAAHByZXZwb3MgPT0gaGRycG9zICsgMQAAAGhkcnNpemUgPiAwAGMtPmNociAhPSAwAG4gPT0g
bGRhdGEtPmNvbHMAAAAAbiA8IGxkYXRhLT5jb2xzAGJ5dGUgPT0gMHhGMAAAAABsaW5lICE9IE5V
TEwAAAAAbGluZT09TlVMTCBpbiB0ZXJtaW5hbC5jCmxpbmVubz0lZCB5PSVkIHc9JWQgaD0lZApj
b3VudChzY3JvbGxiYWNrPSVwKT0lZApjb3VudChzY3JlZW49JXApPSVkCmNvdW50KGFsdD0lcCk9
JWQgYWx0X3NibGluZXM9JWQKd2hpY2h0cmVlPSVwIHRyZWVpbmRleD0lZAoKUGxlYXNlIGNvbnRh
Y3QgPHB1dHR5QHByb2plY3RzLnRhcnRhcnVzLm9yZz4gYW5kIHBhc3Mgb24gdGhlIGFib3ZlIGlu
Zm9ybWF0aW9uLgAAAAAhc2NyZWVuADAgPD0gcCAmJiBwIDwgd2lkdGgAIShpID09IG91cl9jdXJz
X3kgJiYgaiA9PSBvdXJfY3Vyc194KQAAABtbJWMAAAAAG08lYwAAAAAbJWMAXkgAAF4/AAB0ZXJt
LT5zZWxlbmQueCA8PSB0ZXJtLT5jb2xzAAAAAHRlcm0tPnNlbGVuZC54ID4gdGVybS0+Y3Vycy54
AAAAdGVybS0+c2Vsc3RhcnQueCA8IHRlcm0tPmNvbHMAAAB0ZXJtLT5zZWxzdGFydC54ID49IHRl
cm0tPmN1cnMueAAAAAAbAFsAMgAwADEAfgAAAAAAGwBbADIAMAAwAH4AAAAAABtbPzZjAAAAY291
bnQyMzQodGVybS0+c2Nyb2xsYmFjaykgPj0gdGVybS0+dGVtcHNibGluZXMAY291bnQyMzQodGVy
bS0+c2Nyb2xsYmFjaykgPD0gbmV3c2F2ZWxpbmVzAABjb3VudDIzNCh0ZXJtLT5zY3JlZW4pID09
IG5ld3Jvd3MAAAB0ZXJtLT5yb3dzID09IG5ld3Jvd3MAAABzYmxlbiA+PSB0ZXJtLT50ZW1wc2Js
aW5lcwAAdGVybS0+cm93cyA9PSBjb3VudDIzNCh0ZXJtLT5zY3JlZW4pAAAAABsvWgAbWz4wOzEz
NjswYwBjAAAAOwAAABtbPwAbWzF0AAAAABtbMnQAAAAAG1szOyV1OyV1dAAAG1s0OyVkOyVkdAAA
G1s4OyVkOyVkdAAAG1wAABtdTAAbXWwAG1syOzE7MTsxMTI7MTEyOzE7MHgAAAAAG1swbgAAAAAb
WyVkOyVkUgAAAAB4ID4gMAAAABtbTSVjJWMlYwAAABtbJWQ7JWQ7JWRNABtbPCVkOyVkOyVkJWMA
AAByZWxhdGlvbiA9PSBSRUwyMzRfTFQgfHwgcmVsYXRpb24gPT0gUkVMMjM0X0dUAAAuLlx0cmVl
MjM0LmMAAAAAAAAAAAADAABvAwAAgwQAAIYEAACIBAAAiQQAAJEFAAC9BQAAvwUAAL8FAADBBQAA
wgUAAMQFAADFBQAAxwUAAMcFAAAABgAAAwYAABAGAAAVBgAASwYAAF4GAABwBgAAcAYAANYGAADk
BgAA5wYAAOgGAADqBgAA7QYAAA8HAAAPBwAAEQcAABEHAAAwBwAASgcAAKYHAACwBwAA6wcAAPMH
AAABCQAAAgkAADwJAAA8CQAAQQkAAEgJAABNCQAATQkAAFEJAABUCQAAYgkAAGMJAACBCQAAgQkA
ALwJAAC8CQAAwQkAAMQJAADNCQAAzQkAAOIJAADjCQAAAQoAAAIKAAA8CgAAPAoAAEEKAABCCgAA
RwoAAEgKAABLCgAATQoAAHAKAABxCgAAgQoAAIIKAAC8CgAAvAoAAMEKAADFCgAAxwoAAMgKAADN
CgAAzQoAAOIKAADjCgAAAQsAAAELAAA8CwAAPAsAAD8LAAA/CwAAQQsAAEMLAABNCwAATQsAAFYL
AABWCwAAggsAAIILAADACwAAwAsAAM0LAADNCwAAPgwAAEAMAABGDAAASAwAAEoMAABNDAAAVQwA
AFYMAAC8DAAAvAwAAL8MAAC/DAAAxgwAAMYMAADMDAAAzQwAAOIMAADjDAAAQQ0AAEMNAABNDQAA
TQ0AAMoNAADKDQAA0g0AANQNAADWDQAA1g0AADEOAAAxDgAANA4AADoOAABHDgAATg4AALEOAACx
DgAAtA4AALkOAAC7DgAAvA4AAMgOAADNDgAAGA8AABkPAAA1DwAANQ8AADcPAAA3DwAAOQ8AADkP
AABxDwAAfg8AAIAPAACEDwAAhg8AAIcPAACQDwAAlw8AAJkPAAC8DwAAxg8AAMYPAAAtEAAAMBAA
ADIQAAAyEAAANhAAADcQAAA5EAAAORAAAFgQAABZEAAAYBEAAP8RAABfEwAAXxMAABIXAAAUFwAA
MhcAADQXAABSFwAAUxcAAHIXAABzFwAAtBcAALUXAAC3FwAAvRcAAMYXAADGFwAAyRcAANMXAADd
FwAA3RcAAAsYAAANGAAAqRgAAKkYAAAgGQAAIhkAACcZAAAoGQAAMhkAADIZAAA5GQAAOxkAABca
AAAYGgAAABsAAAMbAAA0GwAANBsAADYbAAA6GwAAPBsAADwbAABCGwAAQhsAAGsbAABzGwAAwB0A
AModAAD+HQAA/x0AAAsgAAAPIAAAKiAAAC4gAABgIAAAYyAAAGogAABvIAAA0CAAAO8gAAAqMAAA
LzAAAJkwAACaMAAABqgAAAaoAAALqAAAC6gAACWoAAAmqAAAHvsAAB77AAAA/gAAD/4AACD+AAAj
/gAA//4AAP/+AAD5/wAA+/8AAAEKAQADCgEABQoBAAYKAQAMCgEADwoBADgKAQA6CgEAPwoBAD8K
AQBn0QEAadEBAHPRAQCC0QEAhdEBAIvRAQCq0QEArdEBAELSAQBE0gEAAQAOAAEADgAgAA4AfwAO
AAABDgDvAQ4AoQAAAKEAAACkAAAApAAAAKcAAACoAAAAqgAAAKoAAACuAAAArgAAALAAAAC0AAAA
tgAAALoAAAC8AAAAvwAAAMYAAADGAAAA0AAAANAAAADXAAAA2AAAAN4AAADhAAAA5gAAAOYAAADo
AAAA6gAAAOwAAADtAAAA8AAAAPAAAADyAAAA8wAAAPcAAAD6AAAA/AAAAPwAAAD+AAAA/gAAAAEB
AAABAQAAEQEAABEBAAATAQAAEwEAABsBAAAbAQAAJgEAACcBAAArAQAAKwEAADEBAAAzAQAAOAEA
ADgBAAA/AQAAQgEAAEQBAABEAQAASAEAAEsBAABNAQAATQEAAFIBAABTAQAAZgEAAGcBAABrAQAA
awEAAM4BAADOAQAA0AEAANABAADSAQAA0gEAANQBAADUAQAA1gEAANYBAADYAQAA2AEAANoBAADa
AQAA3AEAANwBAABRAgAAUQIAAGECAABhAgAAxAIAAMQCAADHAgAAxwIAAMkCAADLAgAAzQIAAM0C
AADQAgAA0AIAANgCAADbAgAA3QIAAN0CAADfAgAA3wIAAJEDAAChAwAAowMAAKkDAACxAwAAwQMA
AMMDAADJAwAAAQQAAAEEAAAQBAAATwQAAFEEAABRBAAAECAAABAgAAATIAAAFiAAABggAAAZIAAA
HCAAAB0gAAAgIAAAIiAAACQgAAAnIAAAMCAAADAgAAAyIAAAMyAAADUgAAA1IAAAOyAAADsgAAA+
IAAAPiAAAHQgAAB0IAAAfyAAAH8gAACBIAAAhCAAAKwgAACsIAAAAyEAAAMhAAAFIQAABSEAAAkh
AAAJIQAAEyEAABMhAAAWIQAAFiEAACEhAAAiIQAAJiEAACYhAAArIQAAKyEAAFMhAABUIQAAWyEA
AF4hAABgIQAAayEAAHAhAAB5IQAAkCEAAJkhAAC4IQAAuSEAANIhAADSIQAA1CEAANQhAADnIQAA
5yEAAAAiAAAAIgAAAiIAAAMiAAAHIgAACCIAAAsiAAALIgAADyIAAA8iAAARIgAAESIAABUiAAAV
IgAAGiIAABoiAAAdIgAAICIAACMiAAAjIgAAJSIAACUiAAAnIgAALCIAAC4iAAAuIgAANCIAADci
AAA8IgAAPSIAAEgiAABIIgAATCIAAEwiAABSIgAAUiIAAGAiAABhIgAAZCIAAGciAABqIgAAayIA
AG4iAABvIgAAgiIAAIMiAACGIgAAhyIAAJUiAACVIgAAmSIAAJkiAAClIgAApSIAAL8iAAC/IgAA
EiMAABIjAABgJAAA6SQAAOskAABLJQAAUCUAAHMlAACAJQAAjyUAAJIlAACVJQAAoCUAAKElAACj
JQAAqSUAALIlAACzJQAAtiUAALclAAC8JQAAvSUAAMAlAADBJQAAxiUAAMglAADLJQAAyyUAAM4l
AADRJQAA4iUAAOUlAADvJQAA7yUAAAUmAAAGJgAACSYAAAkmAAAOJgAADyYAABQmAAAVJgAAHCYA
ABwmAAAeJgAAHiYAAEAmAABAJgAAQiYAAEImAABgJgAAYSYAAGMmAABlJgAAZyYAAGomAABsJgAA
bSYAAG8mAABvJgAAPScAAD0nAAB2JwAAfycAAADgAAD/+AAA/f8AAP3/AAAAAA8A/f8PAAAAEAD9
/xAAKndpbGRjYXJkID09ICcqJwAAAAAuLlx3aWxkY2FyZC5jAAAAWCBhdXRob3JpdHkgZmlsZSBm
b3IgbG9jYWwgZGlzcGxheQAAU2VsZWN0IFggYXV0aG9yaXR5IGZpbGUAc3NoLnR1bm5lbHMueGF1
dGhvcml0eTpjb25maWctc3NoLXhhdXRob3JpdHkAAAAAVGVsbmV0IGNvbW1hbmQsIG9yIGxvY2Fs
IHByb3h5IGNvbW1hbmQAAGMtPmdlbmVyaWMuaGFuZGxlciA9PSBjb25mX2VkaXRib3hfaGFuZGxl
cgAARnVsbCBzY3JlZW4gb24gQWx0LUVudGVyAAAAAGJlaGF2aW91ci5hbHRlbnRlcjpjb25maWct
ZnVsbHNjcmVlbgAAAABFbnN1cmUgd2luZG93IGlzIGFsd2F5cyBvbiB0b3AAAGJlaGF2aW91ci5h
bHdheXNvbnRvcDpjb25maWctYWx3YXlzb250b3AAAAAAU3lzdGVtIG1lbnUgYXBwZWFycyBvbiBB
TFQgYWxvbmUAAAAAYmVoYXZpb3VyLmFsdG9ubHk6Y29uZmlnLWFsdG9ubHkAAAAAU3lzdGVtIG1l
bnUgYXBwZWFycyBvbiBBTFQtU3BhY2UAAAAAYmVoYXZpb3VyLmFsdHNwYWNlOmNvbmZpZy1hbHRz
cGFjZQAAV2luZG93IGNsb3NlcyBvbiBBTFQtRjQAYmVoYXZpb3VyLmFsdGY0OmNvbmZpZy1hbHRm
NAAAAABXaGVuIHdpbmRvdyBpcyByZXNpemVkOgB3aW5kb3cucmVzaXplOmNvbmZpZy13aW5zaXpl
bG9jawAAAABDaGFuZ2UgdGhlIG51bWJlciBvZiByb3dzIGFuZCBjb2x1bW5zAAAAQ2hhbmdlIHRo
ZSBzaXplIG9mIHRoZSBmb250AENoYW5nZSBmb250IHNpemUgb25seSB3aGVuIG1heGltaXNlZAAA
AABGb3JiaWQgcmVzaXppbmcgY29tcGxldGVseQAAVXNlIHN5c3RlbSBjb2xvdXJzAABjb2xvdXJz
LnN5c3RlbTpjb25maWctc3lzY29sb3VyAEF0dGVtcHQgdG8gdXNlIGxvZ2ljYWwgcGFsZXR0ZXMA
Y29sb3Vycy5sb2dwYWw6Y29uZmlnLWxvZ3BhbGV0dGUAAAAAQWN0aW9uIG9mIG1vdXNlIGJ1dHRv
bnM6AAAAAHNlbGVjdGlvbi5idXR0b25zOmNvbmZpZy1tb3VzZQAAV2luZG93cyAoTWlkZGxlIGV4
dGVuZHMsIFJpZ2h0IGJyaW5ncyB1cCBtZW51KQAAQ29tcHJvbWlzZSAoTWlkZGxlIGV4dGVuZHMs
IFJpZ2h0IHBhc3RlcykAAAB4dGVybSAoUmlnaHQgZXh0ZW5kcywgTWlkZGxlIHBhc3RlcykAAAAA
UGFzdGUgdG8gY2xpcGJvYXJkIGluIFJURiBhcyB3ZWxsIGFzIHBsYWluIHRleHQAc2VsZWN0aW9u
LnJ0Zjpjb25maWctcnRmcGFzdGUAAABmb3JtYXQAAEZvcm1hdHRpbmcgb2YgcGFzdGVkIGNoYXJh
Y3RlcnMAVXNlIGZvbnQgaW4gT0VNIG1vZGUgb25seQAAAFVzZSBmb250IGluIGJvdGggQU5TSSBh
bmQgT0VNIG1vZGVzAEZvbnQgaGFzIFhXaW5kb3dzIGVuY29kaW5nAABBZGp1c3QgaG93ICVzIGRp
c3BsYXlzIGxpbmUgZHJhd2luZyBjaGFyYWN0ZXJzAAAAAAAAKENvZGVwYWdlcyBzdXBwb3J0ZWQg
YnkgV2luZG93cyBidXQgbm90IGxpc3RlZCBoZXJlLCBzdWNoIGFzIENQODY2IG9uIG1hbnkgc3lz
dGVtcywgY2FuIGJlIGVudGVyZWQgbWFudWFsbHkpAAAAAENoYXJhY3RlciBzZXQgdHJhbnNsYXRp
b24gb24gcmVjZWl2ZWQgZGF0YQAAQ2FwcyBMb2NrIGFjdHMgYXMgQ3lyaWxsaWMgc3dpdGNoAAAA
dHJhbnNsYXRpb24uY3lyaWxsaWM6Y29uZmlnLWN5cgBGb250IHF1YWxpdHk6AAAAQW50aWFsaWFz
ZWQATm9uLUFudGlhbGlhc2VkAENsZWFyVHlwZQAAAERlZmF1bHQAQWxsb3cgc2VsZWN0aW9uIG9m
IHZhcmlhYmxlLXBpdGNoIGZvbnRzAFN1bmtlbi1lZGdlIGJvcmRlciAoc2xpZ2h0bHkgdGhpY2tl
cikAAABUYXNrYmFyL2NhcHRpb24gaW5kaWNhdGlvbiBvbiBiZWxsOgBiZWxsLnRhc2tiYXI6Y29u
ZmlnLWJlbGx0YXNrYmFyAERpc2FibGVkAAAAAEZsYXNoaW5nAAAAAFN0ZWFkeQAAQ3VzdG9tIHNv
dW5kIGZpbGUgdG8gcGxheSBhcyBhIGJlbGw6AAAAAFdhdmUgRmlsZXMgKCoud2F2KQAqLldBVgBB
bGwgRmlsZXMgKCouKikAKgAAAAAAAFNlbGVjdCBiZWxsIHNvdW5kIGZpbGUAAEJlZXAgdXNpbmcg
dGhlIFBDIHNwZWFrZXIAAABQbGF5IGEgY3VzdG9tIHNvdW5kIGZpbGUAAAAAYy0+Z2VuZXJpYy5o
YW5kbGVyID09IGNvbmZfcmFkaW9idXR0b25faGFuZGxlcgAALi5cd2luZG93c1x3aW5jZmcuYwBD
b250cm9sLUFsdCBpcyBkaWZmZXJlbnQgZnJvbSBBbHRHcgBrZXlib2FyZC5jdHJsYWx0OmNvbmZp
Zy1jdHJsYWx0AEFsdEdyIGFjdHMgYXMgQ29tcG9zZSBrZXkAAABrZXlib2FyZC5jb21wb3NlOmNv
bmZpZy1jb21wb3NlAGZlYXR1cmVzAAAAAEVuYWJsZSBleHRyYSBrZXlib2FyZCBmZWF0dXJlczoA
RGlzcGxheSBzY3JvbGxiYXIgaW4gZnVsbCBzY3JlZW4gbW9kZQAAAEhlbHAAAAAAQWJvdXQAAAAP
AAAAAwAAAAUAAABLAAAAFAAAAExJU1RCT1gAU1RBVElDAABCVVRUT04AAEVESVQAAAAAQ09NQk9C
T1gAAAAAJkRvd24AAAAmVXAAIWRwLT5zaG9ydGN1dHNbc10AAAAuLlx3aW5kb3dzXHdpbmN0cmxz
LmMAAABkcC0+c2hvcnRjdXRzW3NdAAAAAHJldCA9PSBjAAAAACEiQ2FuJ3QgaGFwcGVuIgBDaGFu
Z2UuLi4AAABCcm8md3NlLi4uAABuc2hvcnRjdXRzIDwgTUFYX1NIT1JUQ1VUU19QRVJfQ1RSTABu
dGFiZGVsYXlzIDwgbGVub2YodGFiZGVsYXlzKQAAAGkgPCBudGFiZGVsYXlzAAAhY3RybC0+Z2Vu
ZXJpYy50YWJkZWxheQBuY29scyA8PSBsZW5vZihjb2x1bW5zKQAoY3RybC0+Y29sdW1ucy5uY29s
cyA9PSAxKSBeIChuY29scyA9PSAxKQAAAGMgJiYgYy0+Y3RybC0+Z2VuZXJpYy50eXBlID09IENU
UkxfUkFESU8AAAAAISJObyByYWRpbyBidXR0b24gd2FzIGNoZWNrZWQ/ISIAAAAAYyAmJiBjLT5j
dHJsLT5nZW5lcmljLnR5cGUgPT0gQ1RSTF9DSEVDS0JPWABjICYmIGMtPmN0cmwtPmdlbmVyaWMu
dHlwZSA9PSBDVFJMX0VESVRCT1gAAAAAAABjICYmIChjLT5jdHJsLT5nZW5lcmljLnR5cGUgPT0g
Q1RSTF9MSVNUQk9YIHx8IChjLT5jdHJsLT5nZW5lcmljLnR5cGUgPT0gQ1RSTF9FRElUQk9YICYm
IGMtPmN0cmwtPmVkaXRib3guaGFzX2xpc3QpKQAAAABjICYmIGMtPmN0cmwtPmdlbmVyaWMudHlw
ZSA9PSBDVFJMX0xJU1RCT1gAAGMtPmN0cmwtPmxpc3Rib3guaGVpZ2h0ICE9IDAAAAAAAAAAAGMg
JiYgYy0+Y3RybC0+Z2VuZXJpYy50eXBlID09IENUUkxfTElTVEJPWCAmJiBjLT5jdHJsLT5saXN0
Ym94Lm11bHRpc2VsICYmIGMtPmN0cmwtPmxpc3Rib3guaGVpZ2h0ICE9IDAAYyAmJiBjLT5jdHJs
LT5nZW5lcmljLnR5cGUgPT0gQ1RSTF9MSVNUQk9YICYmICFjLT5jdHJsLT5saXN0Ym94Lm11bHRp
c2VsAAAAAGMgJiYgYy0+Y3RybC0+Z2VuZXJpYy50eXBlID09IENUUkxfRklMRVNFTEVDVAAAAGMg
JiYgYy0+Y3RybC0+Z2VuZXJpYy50eXBlID09IENUUkxfRk9OVFNFTEVDVAAAAGRwLT5uY3RybHRy
ZWVzIDwgbGVub2YoZHAtPmNvbnRyb2x0cmVlcykAAAAARm9udDogJXMsICVzJWQtJXMAAABwb2lu
dAAAAHBpeGVsAAAARm9udDogJXMsICVzZGVmYXVsdCBoZWlnaHQAAGJvbGQsIAAAQWxsIEZpbGVz
ICgqLiopACoAAAAAAAAAY29tbWN0cmxfRHJhZ0xpc3RNc2cAAAAAQ291cmllciBOZXcAcHV0dHku
bG9nAAAAQ09NMQAAAABUaGUgc2VydmVyJ3MgaG9zdCBrZXkgaXMgbm90IGNhY2hlZCBpbiB0aGUg
cmVnaXN0cnkuIFlvdQpoYXZlIG5vIGd1YXJhbnRlZSB0aGF0IHRoZSBzZXJ2ZXIgaXMgdGhlIGNv
bXB1dGVyIHlvdQp0aGluayBpdCBpcy4KVGhlIHNlcnZlcidzICVzIGtleSBmaW5nZXJwcmludCBp
czoKJXMKSWYgeW91IHRydXN0IHRoaXMgaG9zdCwgaGl0IFllcyB0byBhZGQgdGhlIGtleSB0bwol
cydzIGNhY2hlIGFuZCBjYXJyeSBvbiBjb25uZWN0aW5nLgpJZiB5b3Ugd2FudCB0byBjYXJyeSBv
biBjb25uZWN0aW5nIGp1c3Qgb25jZSwgd2l0aG91dAphZGRpbmcgdGhlIGtleSB0byB0aGUgY2Fj
aGUsIGhpdCBOby4KSWYgeW91IGRvIG5vdCB0cnVzdCB0aGlzIGhvc3QsIGhpdCBDYW5jZWwgdG8g
YWJhbmRvbiB0aGUKY29ubmVjdGlvbi4KAAAAAAAAAFdBUk5JTkcgLSBQT1RFTlRJQUwgU0VDVVJJ
VFkgQlJFQUNIIQoKVGhlIHNlcnZlcidzIGhvc3Qga2V5IGRvZXMgbm90IG1hdGNoIHRoZSBvbmUg
JXMgaGFzCmNhY2hlZCBpbiB0aGUgcmVnaXN0cnkuIFRoaXMgbWVhbnMgdGhhdCBlaXRoZXIgdGhl
CnNlcnZlciBhZG1pbmlzdHJhdG9yIGhhcyBjaGFuZ2VkIHRoZSBob3N0IGtleSwgb3IgeW91Cmhh
dmUgYWN0dWFsbHkgY29ubmVjdGVkIHRvIGFub3RoZXIgY29tcHV0ZXIgcHJldGVuZGluZwp0byBi
ZSB0aGUgc2VydmVyLgpUaGUgbmV3ICVzIGtleSBmaW5nZXJwcmludCBpczoKJXMKSWYgeW91IHdl
cmUgZXhwZWN0aW5nIHRoaXMgY2hhbmdlIGFuZCB0cnVzdCB0aGUgbmV3IGtleSwKaGl0IFllcyB0
byB1cGRhdGUgJXMncyBjYWNoZSBhbmQgY29udGludWUgY29ubmVjdGluZy4KSWYgeW91IHdhbnQg
dG8gY2Fycnkgb24gY29ubmVjdGluZyBidXQgd2l0aG91dCB1cGRhdGluZwp0aGUgY2FjaGUsIGhp
dCBOby4KSWYgeW91IHdhbnQgdG8gYWJhbmRvbiB0aGUgY29ubmVjdGlvbiBjb21wbGV0ZWx5LCBo
aXQKQ2FuY2VsLiBIaXR0aW5nIENhbmNlbCBpcyB0aGUgT05MWSBndWFyYW50ZWVkIHNhZmUKY2hv
aWNlLgoAAAAlcyBTZWN1cml0eSBBbGVydAAAACVzIFNlY3VyaXR5IEFsZXJ0AAAAAAAAAFRoZSBm
aXJzdCAlcyBzdXBwb3J0ZWQgYnkgdGhlIHNlcnZlcgppcyAlLjY0cywgd2hpY2ggaXMgYmVsb3cg
dGhlIGNvbmZpZ3VyZWQKd2FybmluZyB0aHJlc2hvbGQuCkRvIHlvdSB3YW50IHRvIGNvbnRpbnVl
IHdpdGggdGhpcyBjb25uZWN0aW9uPwoAAFRoZSBzZXNzaW9uIGxvZyBmaWxlICIlLipzIiBhbHJl
YWR5IGV4aXN0cy4KWW91IGNhbiBvdmVyd3JpdGUgaXQgd2l0aCBhIG5ldyBzZXNzaW9uIGxvZywK
YXBwZW5kIHlvdXIgc2Vzc2lvbiBsb2cgdG8gdGhlIGVuZCBvZiBpdCwKb3IgZGlzYWJsZSBzZXNz
aW9uIGxvZ2dpbmcgZm9yIHRoaXMgc2Vzc2lvbi4KSGl0IFllcyB0byB3aXBlIHRoZSBmaWxlLCBO
byB0byBhcHBlbmQgdG8gaXQsCm9yIENhbmNlbCB0byBkaXNhYmxlIGxvZ2dpbmcuACVzIEtleSBG
aWxlIFdhcm5pbmcAWW91IGFyZSBsb2FkaW5nIGFuIFNTSC0yIHByaXZhdGUga2V5IHdoaWNoIGhh
cyBhbgpvbGQgdmVyc2lvbiBvZiB0aGUgZmlsZSBmb3JtYXQuIFRoaXMgbWVhbnMgeW91ciBrZXkK
ZmlsZSBpcyBub3QgZnVsbHkgdGFtcGVycHJvb2YuIEZ1dHVyZSB2ZXJzaW9ucyBvZgolcyBtYXkg
c3RvcCBzdXBwb3J0aW5nIHRoaXMgcHJpdmF0ZSBrZXkgZm9ybWF0LApzbyB3ZSByZWNvbW1lbmQg
eW91IGNvbnZlcnQgeW91ciBrZXkgdG8gdGhlIG5ldwpmb3JtYXQuCgpZb3UgY2FuIHBlcmZvcm0g
dGhpcyBjb252ZXJzaW9uIGJ5IGxvYWRpbmcgdGhlIGtleQppbnRvIFB1VFRZZ2VuIGFuZCB0aGVu
IHNhdmluZyBpdCBhZ2Fpbi4AJXMgRXZlbnQgTG9nAAAAACVzIExpY2VuY2UAAEFib3V0ICVzAAAA
AG9wZW4AAAAAaHR0cDovL3d3dy5jaGlhcmsuZ3JlZW5lbmQub3JnLnVrL35zZ3RhdGhhbS9wdXR0
eS8AAFB1VFRZQ29uZmlnQm94AABqID09IGN0cmxfcGF0aF9lbGVtZW50cyhzLT5wYXRobmFtZSkg
LSAxAAAAAC4uXHdpbmRvd3Ncd2luZGxnLmMAU3lzVHJlZVZpZXczMgAAAENhdGUmZ29yeToAACVz
IEVycm9yAAAAACVzIENvbmZpZ3VyYXRpb24AAAAAJXMgUmVjb25maWd1cmF0aW9uAAAlWS0lbS0l
ZCAlSDolTTolUwkAAG1icmV0PT1JRFlFUyB8fCBtYnJldD09SUROTyB8fCBtYnJldD09SURDQU5D
RUwAACVzIExvZyB0byBGaWxlAAAAAAAAAQAAAAEAAAAAAQAAAQEAAAIBAAADAQAABAEAAAUBAAAA
AAAACAAAAAEAAAAJAAAAAgAAAAoAAAADAAAACwAAAAQAAAAMAAAABQAAAA0AAAAGAAAADgAAAAcA
AAAPAAAACAAAAAABAAABAQAABQAAAAIBAAADAQAADgAAAAQBAAAEAQAADQAAAAUBAAAFAQAARW51
bURpc3BsYXlEZXZpY2VzQQBHZXRNb25pdG9ySW5mb0EARW51bURpc3BsYXlNb25pdG9ycwBNb25p
dG9yRnJvbVBvaW50AAAAAE1vbml0b3JGcm9tUmVjdABNb25pdG9yRnJvbVdpbmRvdwAAAEdldFN5
c3RlbU1ldHJpY3MAAAAAVVNFUjMyAABESVNQTEFZAE5ldHdvcmsgaXMgZG93bgBXU0FBc3luY1Nl
bGVjdCgpOiB1bmtub3duIGVycm9yAGRvX3NlbGVjdCgpOiBpbnRlcm5hbCBlcnJvciAoaHduZD09
TlVMTCkAAAAAKE5vIHNlc3Npb25zKQAAAFMmcGVjaWFsIENvbW1hbmQAAAAAbmVzdGluZyA8IDIA
SURNX1NQRUNJQUxfTUlOICsgMHgxMCAqIGkgPCBJRE1fU1BFQ0lBTF9NQVgAAAAALi5cd2luZG93
c1x3aW5kb3cuYwAwAAAAJS43MHMgQ29tbWFuZCBMaW5lIEVycm9yAAAAAAAAAAAAAAAAAADgPyAA
AABUb1VuaWNvZGVFeABGbGFzaFdpbmRvd0V4AAAAdXNlcjMyLmRsbAAAUmljaCBUZXh0IEZvcm1h
dAAAAABccGFyDQoAAFwnJTAyeAAAdGluZGV4ICsgbXVsdGlsZW4gPD0gbGVuMgAAAFx1JWQAAAAA
e1x1YyVkXHUlZAAAXHVsbm9uZSAAAAAAXHVsIAAAAABcYjAgAAAAAFxiIABcaGlnaGxpZ2h0JWQg
AAAAXGNmJWQgAAB9AAAAXHJlZCVkXGdyZWVuJWRcYmx1ZSVkOwAAe1xjb2xvcnRibCA7AAAAAHtc
cnRmMVxhbnNpXGRlZmYwe1xmb250dGJsXGYwXGZtb2Rlcm4gJXM7fVxmMFxmcyVkAAAlLjcwcyBF
cnJvcgAlLjcwcyBTb3VuZCBFcnJvcgAAAFVuYWJsZSB0byBwbGF5IHNvdW5kIGZpbGUKJXMKVXNp
bmcgZGVmYXVsdCBzb3VuZCBpbnN0ZWFkAAAAACZSZXN0YXJ0IFNlc3Npb24AAAAAJS43MHMgKGlu
YWN0aXZlKQAAAAAlLjcwcyBGYXRhbCBFcnJvcgAAAENvbm5lY3Rpb24gY2xvc2VkIGJ5IHJlbW90
ZSBob3N0AAAAAElzWm9vbWVkKGh3bmQpAAAlcyAtICVzAFVuYWJsZSB0byBvcGVuIGNvbm5lY3Rp
b24gdG8KJS44MDBzCiVzAABVbnN1cHBvcnRlZCBwcm90b2NvbCBudW1iZXIgZm91bmQAAAAlcyBJ
bnRlcm5hbCBFcnJvcgAAABtbJWR+AAAAG093ABtbSAAbW1slYwAAAEhMLkZJRwAATU5PUFFSU1RV
VldYWVphYmNkZWZnaGlqa2xtbm9wcXJzdHV2d3h5ekBbXF1eX2B7AAAAACBITE1FSUcAAAIBBAUD
BgAAGxwdHh9/ABs/JWMAAAAAdVUVFQAAAABrSwsLAAAAAHlZGRkAAAAAbEwMDAAAAABoSAgIAAAA
AG5ODg4AAAAAakoKCgAAAABiQgICAAAAAHB1dHR5IEAlcwAAAHB1dHR5ICYlcDoldQAAAAAtLS0t
LSBTZXNzaW9uIHJlc3RhcnRlZCAtLS0tLQAAAEFyZSB5b3Ugc3VyZSB5b3Ugd2FudCB0byBjbG9z
ZSB0aGlzIHNlc3Npb24/AAAAACVzIEV4aXQgQ29uZmlybWF0aW9uAAAAACZBYm91dCAlcwAAACZI
ZWxwAAAAJkZ1bGwgU2NyZWVuAAAAAFJlc2UmdCBUZXJtaW5hbABDJmxlYXIgU2Nyb2xsYmFjawAA
AEMmb3B5IEFsbCB0byBDbGlwYm9hcmQAAENoYW4mZ2UgU2V0dGluZ3MuLi4AU2EmdmVkIFNlc3Np
b25zACZEdXBsaWNhdGUgU2Vzc2lvbgAATmUmdyBTZXNzaW9uLi4uACZFdmVudCBMb2cAACZQYXN0
ZQAAJXMgV2FybmluZwAAAAAAAFRoaXMgcHJvY2VkdXJlIHdpbGwgcmVtb3ZlIEFMTCBSZWdpc3Ry
eSBlbnRyaWVzCmFzc29jaWF0ZWQgd2l0aCAlcywgYW5kIHdpbGwgYWxzbyByZW1vdmUKdGhlIHJh
bmRvbSBzZWVkIGZpbGUuIChUaGlzIG9ubHkgYWZmZWN0cyB0aGUKY3VycmVudGx5IGxvZ2dlZC1p
biB1c2VyLikKClRISVMgUFJPQ0VTUyBXSUxMIERFU1RST1kgWU9VUiBTQVZFRCBTRVNTSU9OUy4K
QXJlIHlvdSByZWFsbHkgc3VyZSB5b3Ugd2FudCB0byBjb250aW51ZT8AACVzIFVuaW5zdGFsbGF0
aW9uAAAAUmVtb3ZlIHNhdmVkIHNlc3Npb25zIGFuZCByYW5kb20gc2VlZCBmaWxlPwoKSWYgeW91
IGhpdCBZZXMsIEFMTCBSZWdpc3RyeSBlbnRyaWVzIGFzc29jaWF0ZWQKd2l0aCAlcyB3aWxsIGJl
IHJlbW92ZWQsIGFzIHdlbGwgYXMgdGhlCnJhbmRvbSBzZWVkIGZpbGUuIFRISVMgUFJPQ0VTUyBX
SUxMCkRFU1RST1kgWU9VUiBTQVZFRCBTRVNTSU9OUy4KKFRoaXMgb25seSBhZmZlY3RzIHRoZSBj
dXJyZW50bHkgbG9nZ2VkLWluIHVzZXIuKQoKSWYgeW91IGhpdCBObywgdW5pbnN0YWxsYXRpb24g
d2lsbCBwcm9jZWVkLCBidXQKc2F2ZWQgc2Vzc2lvbnMgZXRjIHdpbGwgYmUgbGVmdCBvbiB0aGUg
bWFjaGluZS4AAAAAdW5rbm93biBvcHRpb24gIiVzIgA6LwAAdGVsbmV0OgByZXQgPT0gMgAAAAAt
cGdwZnAAAC1jbGVhbnVwLWR1cmluZy11bmluc3RhbGwAAAAtY2xlYW51cAAAAABvcHRpb24gIiVz
IiByZXF1aXJlcyBhbiBhcmd1bWVudAAAAAAlcDoldQAAAEZhaWxlZCB0byBpbml0aWFsaXplIENP
TSBzdWJzeXN0ZW0AAE1TV0hFRUxfUk9MTE1TRwBXaW5kb3dzIHJlZnVzZXMgdG8gcmVwb3J0IGEg
dmVyc2lvbgAlcyBGYXRhbCBFcnJvcgAAAwAAALgzRwCcM0cAgDNHAHQzRwAAAAAA//////////9s
M0cAAQAAAP//////////ZDNHAAIAAAD//////////wkAAADYOUYAY3VzdG9tAABzc3BpAAAAAGdz
c2FwaTMyAAAAAFVzZXItc3BlY2lmaWVkIEdTU0FQSSBETEwAAABNaWNyb3NvZnQgU1NQSSBTRUNV
UjMyLkRMTAAATUlUIEtlcmJlcm9zIEdTU0FQSTMyLkRMTAAAAGhvc3QvAAAAS2VyYmVyb3MAAAAA
VGhlIGVycm9yIGlzIGR1ZSB0byBhIG1hbGZvcm1lZCBpbnB1dCB0b2tlbiwgc3VjaCBhcyBhIHRv
a2VuIGNvcnJ1cHRlZCBpbiB0cmFuc2l0LCBhIHRva2VuIG9mIGluY29ycmVjdCBzaXplLCBvciBh
IHRva2VuIHBhc3NlZCBpbnRvIHRoZSB3cm9uZyBzZWN1cml0eSBwYWNrYWdlLiBQYXNzaW5nIGEg
dG9rZW4gdG8gdGhlIHdyb25nIHBhY2thZ2UgY2FuIGhhcHBlbiBpZiBjbGllbnQgYW5kIHNlcnZl
ciBkaWQgbm90IG5lZ290aWF0ZSB0aGUgcHJvcGVyIHNlY3VyaXR5IHBhY2thZ2UuAAAAAFRoZSBs
b2dvbiBmYWlsZWQuAAAATm8gY3JlZGVudGlhbHMgYXJlIGF2YWlsYWJsZSBpbiB0aGUgc2VjdXJp
dHkgcGFja2FnZS4AAAAAAAAATm8gYXV0aG9yaXR5IGNvdWxkIGJlIGNvbnRhY3RlZCBmb3IgYXV0
aGVudGljYXRpb24uVGhlIGRvbWFpbiBuYW1lIG9mIHRoZSBhdXRoZW50aWNhdGluZyBwYXJ0eSBj
b3VsZCBiZSB3cm9uZywgdGhlIGRvbWFpbiBjb3VsZCBiZSB1bnJlYWNoYWJsZSwgb3IgdGhlcmUg
bWlnaHQgaGF2ZSBiZWVuIGEgdHJ1c3QgcmVsYXRpb25zaGlwIGZhaWx1cmUuAABJbnRlcm5hbCBT
U1BJIGVycm9yAFRoZSBMb2NhbCBTZWN1cml0eSBBdXRob3JpdHkgY2Fubm90IGJlIGNvbnRhY3Rl
ZC4AAABTU1BJIHN0YXR1cyBPSwAAT25lIG9yIG1vcmUgb2YgdGhlIFNlY0J1ZmZlckRlc2Mgc3Ry
dWN0dXJlcyBwYXNzZWQgYXMgYW4gT1VUIHBhcmFtZXRlciBoYXMgYSBidWZmZXIgdGhhdCBpcyB0
b28gc21hbGwuAABUaGUgaGFuZGxlIHBhc3NlZCB0byB0aGUgZnVuY3Rpb24gaXMgaW52YWxpZC4A
AABUaGUgdGFyZ2V0IHdhcyBub3QgcmVjb2duaXplZC4AAFVzaW5nIEdTU0FQSSBmcm9tIHVzZXIt
c3BlY2lmaWVkIGxpYnJhcnkgJyVzJwAAAE1ha2VTaWduYXR1cmUAAABRdWVyeUNvbnRleHRBdHRy
aWJ1dGVzQQBEZWxldGVTZWN1cml0eUNvbnRleHQAAABGcmVlQ3JlZGVudGlhbHNIYW5kbGUAAABG
cmVlQ29udGV4dEJ1ZmZlcgAAAEluaXRpYWxpemVTZWN1cml0eUNvbnRleHRBAABVc2luZyBTU1BJ
IGZyb20gU0VDVVIzMi5ETEwAQWNxdWlyZUNyZWRlbnRpYWxzSGFuZGxlQQAAAHNlY3VyMzIuZGxs
AGdzc19yZWxlYXNlX25hbWUAAAAAZ3NzX3JlbGVhc2VfY3JlZAAAAABnc3NfcmVsZWFzZV9idWZm
ZXIAAGdzc19pbml0X3NlY19jb250ZXh0AAAAAGdzc19pbXBvcnRfbmFtZQBnc3NfZ2V0X21pYwBn
c3NfZGlzcGxheV9zdGF0dXMAAFVzaW5nIEdTU0FQSSBmcm9tIEdTU0FQSTMyLkRMTAAAZ3NzX2Rl
bGV0ZV9zZWNfY29udGV4dAAAXGJpblxnc3NhcGkzMi5kbGwAAABJbnN0YWxsRGlyAABTT0ZUV0FS
RVxNSVRcS2VyYmVyb3MAAABoLT51Lm8ub3V0Z29pbmdlb2YgPT0gRU9GX05PAAAAAGgtPnR5cGUg
PT0gSFRfT1VUUFVUAAAAAC4uXHdpbmRvd3Ncd2luaGFuZGwuYwAAAGggJiYgIWgtPnUuZy5tb3Jp
YnVuZAAAAGhhbmRsZXNfYnlfZXZ0b21haW4AaC0+dHlwZSA9PSBIVF9JTlBVVABIdG1sSGVscEEA
AABoaGN0cmwub2N4AABwdXR0eS5jaG0AAABwdXR0eS5jbnQAAABwdXR0eS5obHAAAABKSShgJyxg
JS4qcycpAAAAJXM6Oi8lcy5odG1sPm1haW4AAAB0b3BpY1tjb2xvbnBvc10gIT0gJ1wwJwAuLlx3
aW5kb3dzXHdpbmhlbHAuYwAAAADJqEQA3KhEAB6pRAA2qUQAO6lEAMvuRADLqUQAS6pEAFOqRABw
cy0+ZnJvemVuICE9IEZSRUVaSU5HICYmIHBzLT5mcm96ZW4gIT0gVEhBV0lORwAuLlx3aW5kb3dz
XHdpbmhzb2NrLmMAAABSZWFkIGVycm9yIGZyb20gaGFuZGxlAABidWZjaGFpbl9zaXplKCZwcy0+
aW5wdXRkYXRhKSA9PSAwAABwcm9jZXNzIGlkICVsdQAAR2V0TmFtZWRQaXBlQ2xpZW50UHJvY2Vz
c0lkAGtlcm5lbDMyLmRsbAAAAADwDPF3tT1mSbUgt8VP017WARQCAAAAAADAAAAAAAAARsFoNC2n
NrZDrCTT8C/ZYHqksTJWiuMKQJKK1M1jIwKV7hQCAAAAAADAAAAAAAAARr/eMmO1h3BGkMBeV7QI
pJ7NncqSIla6S6gFXp9UG9jJ645tiPKMRkSNAs26Hb3PmeCFn/L5T2gQq5EIACsns9kCAAAAYXBw
bmFtZQAuLlx3aW5kb3dzXHdpbmp1bXAuYwAAAABDb25uZWN0IHRvIFB1VFRZIHNlc3Npb24gJwAA
JwAAAFJ1biAlLipzAAAAAC4AAAAgQAAAJS4qcyVzAABQYWdlYW50LmV4ZQBQdVRUWWdlbi5leGUA
AAAAUgBlAGMAZQBuAHQAIABTAGUAcwBzAGkAbwBuAHMAAAA8PjoiL1x8PyoAAABcAAAARXJyb3Ig
JWQ6ICVzAAAAACh1bmFibGUgdG8gZm9ybWF0OiBGb3JtYXRNZXNzYWdlIHJldHVybmVkICVkKQAA
AEdldFVzZXJOYW1lRXhBAAAAAAAAAAAAAAAAAAAAAAAAAAAAAAAAAAAAAAAAAAAAAXzGRABMyUQA
KctEAHfLRADqy0QAy+5EAK7MRACViEAAIsxEAHzGRABMyUQAKctEAHfLRADqy0QAy+5EAK7MRACV
iEAAIsxEAHzGRABMyUQAKctEAHfLRADqy0QAy+5EAK7MRACViEAAIsxEAFVuYWJsZSB0byBpbml0
aWFsaXNlIFdpblNvY2sAAAAAV1NBSW9jdGwAAAAAcmVjdgAAAABnZXRwZWVybmFtZQBhY2NlcHQA
AGlvY3Rsc29ja2V0AHNodXRkb3duAAAAAHNlbmQAAAAAbGlzdGVuAABzb2NrZXQAAHNldHNvY2tv
cHQAAGJpbmQAAAAAY29ubmVjdABpbmV0X250b3AAAABpbmV0X250b2EAAABpbmV0X2FkZHIAAABn
ZXRzZXJ2YnluYW1lAAAAZ2V0aG9zdGJ5bmFtZQAAAGdldGhvc3RuYW1lAG50b2hzAAAAaHRvbnMA
AABodG9ubAAAAG50b2hsAAAAY2xvc2Vzb2NrZXQAV1NBQ2xlYW51cAAAV1NBU3RhcnR1cAAAV1NB
RW51bU5ldHdvcmtFdmVudHMAAAAAV1NBR2V0TGFzdEVycm9yAHNlbGVjdAAAV1NBRXZlbnRTZWxl
Y3QAAFdTQUFzeW5jU2VsZWN0AABXU0FBZGRyZXNzVG9TdHJpbmdBAGdhaV9zdHJlcnJvcgAAAAB3
c2hpcDYuZGxsAABnZXRuYW1laW5mbwBmcmVlYWRkcmluZm8AAAAAZ2V0YWRkcmluZm8AVW5hYmxl
IHRvIGxvYWQgYW55IFdpblNvY2sgbGlicmFyeQAAd3NvY2szMi5kbGwAd3MyXzMyLmRsbAAAV2lu
ZG93cyBlcnJvciBjb2RlICVkIChhbmQgRm9ybWF0TWVzc2FnZSByZXR1cm5lZCAlZCkAAABOZXR3
b3JrIGVycm9yOiBHcmFjZWZ1bCBzaHV0ZG93biBpbiBwcm9ncmVzcwAAAABOZXR3b3JrIGVycm9y
OiBSZXNvdXJjZSB0ZW1wb3JhcmlseSB1bmF2YWlsYWJsZQBOZXR3b3JrIGVycm9yOiBDb25uZWN0
aW9uIHRpbWVkIG91dABOZXR3b3JrIGVycm9yOiBTb2NrZXQgdHlwZSBub3Qgc3VwcG9ydGVkAAAA
AE5ldHdvcmsgZXJyb3I6IENhbm5vdCBzZW5kIGFmdGVyIHNvY2tldCBzaHV0ZG93bgAAAABOZXR3
b3JrIGVycm9yOiBQcm90b2NvbCB3cm9uZyB0eXBlIGZvciBzb2NrZXQAAABOZXR3b3JrIGVycm9y
OiBQcm90b2NvbCBub3Qgc3VwcG9ydGVkAAAATmV0d29yayBlcnJvcjogVG9vIG1hbnkgcHJvY2Vz
c2VzAAAATmV0d29yayBlcnJvcjogUHJvdG9jb2wgZmFtaWx5IG5vdCBzdXBwb3J0ZWQAAAAATmV0
d29yayBlcnJvcjogT3BlcmF0aW9uIG5vdCBzdXBwb3J0ZWQAAE5ldHdvcmsgZXJyb3I6IFNvY2tl
dCBvcGVyYXRpb24gb24gbm9uLXNvY2tldAAAAE5ldHdvcmsgZXJyb3I6IFNvY2tldCBpcyBub3Qg
Y29ubmVjdGVkAABOZXR3b3JrIGVycm9yOiBCYWQgcHJvdG9jb2wgb3B0aW9uAABOZXR3b3JrIGVy
cm9yOiBObyBidWZmZXIgc3BhY2UgYXZhaWxhYmxlAAAAAE5ldHdvcmsgZXJyb3I6IE5ldHdvcmsg
aXMgdW5yZWFjaGFibGUAAABOZXR3b3JrIGVycm9yOiBOZXR3b3JrIGRyb3BwZWQgY29ubmVjdGlv
biBvbiByZXNldAAATmV0d29yayBlcnJvcjogTmV0d29yayBpcyBkb3duAABOZXR3b3JrIGVycm9y
OiBNZXNzYWdlIHRvbyBsb25nAE5ldHdvcmsgZXJyb3I6IFRvbyBtYW55IG9wZW4gZmlsZXMAAE5l
dHdvcmsgZXJyb3I6IFNvY2tldCBpcyBhbHJlYWR5IGNvbm5lY3RlZAAATmV0d29yayBlcnJvcjog
SW52YWxpZCBhcmd1bWVudABOZXR3b3JrIGVycm9yOiBJbnRlcnJ1cHRlZCBmdW5jdGlvbiBjYWxs
AAAAAE5ldHdvcmsgZXJyb3I6IE9wZXJhdGlvbiBub3cgaW4gcHJvZ3Jlc3MAAAAATmV0d29yayBl
cnJvcjogTm8gcm91dGUgdG8gaG9zdABOZXR3b3JrIGVycm9yOiBIb3N0IGlzIGRvd24ATmV0d29y
ayBlcnJvcjogQmFkIGFkZHJlc3MAAE5ldHdvcmsgZXJyb3I6IERlc3RpbmF0aW9uIGFkZHJlc3Mg
cmVxdWlyZWQATmV0d29yayBlcnJvcjogQ29ubmVjdGlvbiByZXNldCBieSBwZWVyAE5ldHdvcmsg
ZXJyb3I6IENvbm5lY3Rpb24gcmVmdXNlZAAAAE5ldHdvcmsgZXJyb3I6IFNvZnR3YXJlIGNhdXNl
ZCBjb25uZWN0aW9uIGFib3J0AE5ldHdvcmsgZXJyb3I6IE9wZXJhdGlvbiBhbHJlYWR5IGluIHBy
b2dyZXNzAAAAAE5ldHdvcmsgZXJyb3I6IEFkZHJlc3MgZmFtaWx5IG5vdCBzdXBwb3J0ZWQgYnkg
cHJvdG9jb2wgZmFtaWx5AABOZXR3b3JrIGVycm9yOiBDYW5ub3QgYXNzaWduIHJlcXVlc3RlZCBh
ZGRyZXNzAABOZXR3b3JrIGVycm9yOiBBZGRyZXNzIGFscmVhZHkgaW4gdXNlAAAATmV0d29yayBl
cnJvcjogUGVybWlzc2lvbiBkZW5pZWQAAAAATmV0d29yayBlcnJvcjogAGdldGhvc3RieW5hbWU6
IHVua25vd24gZXJyb3IAAAAASG9zdCBub3QgZm91bmQAAEhvc3QgZG9lcyBub3QgZXhpc3QAYWRk
ci0+YWRkcmVzc2VzICYmIHN0ZXAuY3VycmFkZHIgPCBhZGRyLT5uYWRkcmVzc2VzAC4uXHdpbmRv
d3Ncd2lubmV0LmMAMTI3LgAAAAA6OjEAVW5hYmxlIHRvIGdldCBsaXN0IG9mIGxvY2FsIElQIGFk
ZHJlc3NlcwAAAABmYW1pbHkgPT0gQUZfVU5TUEVDAEZBTFNFAAAAZmFtaWx5ICE9IEFGX1VOU1BF
QwAAAAAAc29jay0+YWRkci0+YWRkcmVzc2VzICYmIHNvY2stPnN0ZXAuY3VycmFkZHIgPCBzb2Nr
LT5hZGRyLT5uYWRkcmVzc2VzAAAAcy0+b3V0Z29pbmdlb2YgPT0gRU9GX05PAAAAAGxlbiA8PSBz
aXplb2Yocy0+b29iZGF0YSkAAABbJXNdOiVkAHVuaXggc29ja2V0cyBub3Qgc3VwcG9ydGVkIG9u
IHRoaXMgcGxhdGZvcm0ASW50ZXJuYWwgbmV0d29ya2luZyB0cm91YmxlAENyeXB0UmVsZWFzZUNv
bnRleHQAQ3J5cHRHZW5SYW5kb20AAENyeXB0QWNxdWlyZUNvbnRleHRBAAAAAGFkdmFwaTMyLmRs
bAAAAABcKgAARXJyb3Igd2FpdGluZyBmb3IgbmFtZWQgcGlwZSAnJXMnOiAlcwAAAFVuYWJsZSB0
byBvcGVuIG5hbWVkIHBpcGUgJyVzJzogJXMAAE93bmVyIG9mIG5hbWVkIHBpcGUgJyVzJyBpcyBu
b3QgdXMAAFVuYWJsZSB0byBnZXQgbmFtZWQgcGlwZSBzZWN1cml0eSBpbmZvcm1hdGlvbjogJXMA
AABVbmFibGUgdG8gZ2V0IHVzZXIgU0lEAABzdHJjaHIocGlwZW5hbWUgKyA5LCAnXFwnKSA9PSBO
VUxMAABzdHJuY21wKHBpcGVuYW1lLCAiXFxcXC5cXHBpcGVcXCIsIDkpID09IDAAAC4uXHdpbmRv
d3Ncd2lubnBjLmMAXFwuXHBpcGVcAAAAo9lEALbZRAAAAAAAAAAAAAAAAAAAAAAAAAAAABDaRAA4
6kAARXJyb3Igd2hpbGUgbGlzdGVuaW5nIHRvIG5hbWVkIHBpcGU6ICVzAHVuYWJsZSB0byBjcmVh
dGUgbmFtZWQgcGlwZSAnJXMnOiAlcwAAAAAuLlx3aW5kb3dzXHdpbm5wcy5jAFBhZ2VhbnQAUGFn
ZWFudFJlcXVlc3QlMDh4AABSQVcAUHVUVFkgcmVtb3RlIHByaW50ZXIgb3V0cHV0AFVuYWJsZSB0
byBjcmVhdGUgcGlwZXMgZm9yIHByb3h5IGNvbW1hbmQAAAAAU3RhcnRpbmcgbG9jYWwgcHJveHkg
Y29tbWFuZDogJXMAAAAAU2V0RW50cmllc0luQWNsQQAAAABTZXRTZWN1cml0eURlc2NyaXB0b3JP
d25lcgAASW5pdGlhbGl6ZVNlY3VyaXR5RGVzY3JpcHRvcgAAAABHZXRUb2tlbkluZm9ybWF0aW9u
AE9wZW5Qcm9jZXNzVG9rZW4AAAAAR2V0U2VjdXJpdHlJbmZvAENyeXB0UHJvdGVjdE1lbW9yeQAA
Y3J5cHQzMi5kbGwAdW5hYmxlIHRvIGNvbnN0cnVjdCBBQ0w6ICVzAHVuYWJsZSB0byBzZXQgREFD
TCBpbiBzZWN1cml0eSBkZXNjcmlwdG9yOiAlcwAAAHVuYWJsZSB0byBzZXQgb3duZXIgaW4gc2Vj
dXJpdHkgZGVzY3JpcHRvcjogJXMAAHVuYWJsZSB0byBpbml0aWFsaXNlIHNlY3VyaXR5IGRlc2Ny
aXB0b3I6ICVzAAAAAHVuYWJsZSB0byBhbGxvY2F0ZSBzZWN1cml0eSBkZXNjcmlwdG9yOiAlcwAA
dW5hYmxlIHRvIGNvbnN0cnVjdCBTSUQgZm9yIGxvY2FsIHNhbWUtdXNlciBhY2Nlc3Mgb25seTog
JXMAdW5hYmxlIHRvIGNvbnN0cnVjdCBTSUQgZm9yIHdvcmxkOiAlcwAAAHVuYWJsZSB0byBjb25z
dHJ1Y3QgU0lEIGZvciBjdXJyZW50IHVzZXI6ICVzAAAAAHVuYWJsZSB0byBsb2FkIGFkdmFwaTMy
LmRsbABzZXJpYWwAADhZRgABAAAAAAAAACEAAABFcnJvciByZWFkaW5nIGZyb20gc2VyaWFsIGRl
dmljZQAAAABFbmQgb2YgZmlsZSByZWFkaW5nIGZyb20gc2VyaWFsIGRldmljZQAARXJyb3Igd3Jp
dGluZyB0byBzZXJpYWwgZGV2aWNlAABVbmFibGUgdG8gY29uZmlndXJlIHNlcmlhbCB0aW1lb3V0
cwBVbmFibGUgdG8gY29uZmlndXJlIHNlcmlhbCBwb3J0AENvbmZpZ3VyaW5nICVzIGZsb3cgY29u
dHJvbABDb25maWd1cmluZyAlcyBwYXJpdHkAAABvZGQAZXZlbgAAAABtYXJrAAAAAHNwYWNlAAAA
Q29uZmlndXJpbmcgJXMgZGF0YSBiaXRzAAAAAEludmFsaWQgbnVtYmVyIG9mIHN0b3AgYml0cyAo
bmVlZCAxLCAxLjUgb3IgMikAAENvbmZpZ3VyaW5nICVkIGRhdGEgYml0cwAAAABDb25maWd1cmlu
ZyBiYXVkIHJhdGUgJWQAAAAAVW5hYmxlIHRvIG9wZW4gc2VyaWFsIHBvcnQAAFxcLlwAAAAAT3Bl
bmluZyBzZXJpYWwgZGV2aWNlICVzAAAAAEZpbmlzaGVkIHNlcmlhbCBicmVhawAAAFN0YXJ0aW5n
IHNlcmlhbCBicmVhayBhdCB1c2VyIHJlcXVlc3QAAAAlcy4lcy4lcwAAAAAqbG9ndGV4dCB8fCAq
ZHNfZXJyIHx8ICp1c19lcnIAAC4uXHdpbmRvd3Ncd2luc2hhcmUuYwAAACVzOiAlcwAAXFwuXHBp
cGVccHV0dHktY29ubnNoYXJlAAAAAENyZWF0ZU11dGV4KCIlcyIpIGZhaWxlZDogJXMAAAAATG9j
YWxccHV0dHktY29ubnNoYXJlLW11dGV4AFVuYWJsZSB0byBjYWxsIENyeXB0UHJvdGVjdE1lbW9y
eTogJXMAAAD4TkcA6E5HAMRORwAwMTIzNDU2Nzg5QUJDREVGU29mdHdhcmVcU2ltb25UYXRoYW1c
UHVUVFlcU2Vzc2lvbnMAUmVjZW50IHNlc3Npb25zAFNvZnR3YXJlXFNpbW9uVGF0aGFtXFB1VFRZ
XEp1bXBsaXN0AFVuYWJsZSB0byBjcmVhdGUgcmVnaXN0cnkga2V5CkhLRVlfQ1VSUkVOVF9VU0VS
XCVzXCVzAAAAVW5hYmxlIHRvIGNyZWF0ZSByZWdpc3RyeSBrZXkKSEtFWV9DVVJSRU5UX1VTRVJc
JXMAAHNpemUgPCBhbGxvY3NpemUAAAAALi5cd2luZG93c1x3aW5zdG9yZS5jAAAASGVpZ2h0AABD
aGFyU2V0AElzQm9sZAAAJWQ6AEAAAABTb2Z0d2FyZVxTaW1vblRhdGhhbVxQdVRUWVxTc2hIb3N0
S2V5cwAAVW5hYmxlIHRvIGRlbGV0ZSAnJXMnOiAlcwAAAEhPTUVQQVRIAAAAAEhPTUVEUklWRQAA
AFxQVVRUWS5STkQAAFNIR2V0Rm9sZGVyUGF0aEEAAAAAc2hlbGwzMi5kbGwAUmFuZFNlZWRGaWxl
AAAAAFNvZnR3YXJlXFNpbW9uVGF0aGFtXFB1VFRZAABTaW1vblRhdGhhbQBTb2Z0d2FyZQAAAABT
b2Z0d2FyZVxTaW1vblRhdGhhbQAAAABmJpIlCSQMJA0kCiSwALEAJCQLJBglECUMJRQlPCW6I7sj
ACW8I70jHCUkJTQlLCUCJWQiZSLAA2AiowC3ACAAoAChAKIAowCkAKUApgCnAKgAqQCqAKsArACt
AK4ArwCwALEAsgCzALQAtQC2ALcAuAC5ALoAuwC8AL0AvgC/AMAAwQDCAMMAxADFAMYAxwDIAMkA
ygDLAMwAzQDOAM8A0ADRANIA0wDUANUA1gDXANgA2QDaANsA3ADdAN4A3wDgAOEA4gDjAOQA5QDm
AOcA6ADpAOoA6wDsAO0A7gDvAPAA8QDyAPMA9AD1APYA9wD4APkA+gD7APwA/QD+AP8AoAAEAdgC
QQGkAD0BWgGnAKgAYAFeAWQBeQGtAH0BewGwAAUB2wJCAbQAPgFbAccCuABhAV8BZQF6Ad0CfgF8
AVQBwQDCAAIBxAA5AQYBxwAMAckAGAHLABoBzQDOAA4BEAFDAUcB0wDUAFAB1gDXAFgBbgHaAHAB
3ADdAGIB3wBVAeEA4gADAeQAOgEHAecADQHpABkB6wAbAe0A7gAPAREBRAFIAfMA9ABRAfYA9wBZ
AW8B+gBxAfwA/QBjAdkCoAAmAdgCowCkAP3/JAGnAKgAMAFeAR4BNAGtAP3/ewGwACcBsgCzALQA
tQAlAbcAuAAxAV8BHwE1Ab0A/f98AcAAwQDCAP3/xAAKAQgBxwDIAMkAygDLAMwAzQDOAM8A/f/R
ANIA0wDUACAB1gDXABwB2QDaANsA3ABsAVwB3wDgAOEA4gD9/+QACwEJAecA6ADpAOoA6wDsAO0A
7gDvAP3/8QDyAPMA9AAhAfYA9wAdAfkA+gD7APwAbQFdAdkCoAAEATgBVgGkACgBOwGnAKgAYAES
ASIBZgGtAH0BrwCwAAUB2wJXAbQAKQE8AccCuABhARMBIwFnAUoBfgFLAQABwQDCAMMAxADFAMYA
LgEMAckAGAHLABYBzQDOACoBEAFFAUwBNgHUANUA1gDXANgAcgHaANsA3ABoAWoB3wABAeEA4gDj
AOQA5QDmAC8BDQHpABkB6wAXAe0A7gArAREBRgFNATcB9AD1APYA9wD4AHMB+gD7APwAaQFrAdkC
oAABBAIEAwQEBAUEBgQHBAgECQQKBAsEDAStAA4EDwQQBBEEEgQTBBQEFQQWBBcEGAQZBBoEGwQc
BB0EHgQfBCAEIQQiBCMEJAQlBCYEJwQoBCkEKgQrBCwELQQuBC8EMAQxBDIEMwQ0BDUENgQ3BDgE
OQQ6BDsEPAQ9BD4EPwRABEEEQgRDBEQERQRGBEcESARJBEoESwRMBE0ETgRPBBYhUQRSBFMEVARV
BFYEVwRYBFkEWgRbBFwEpwBeBF8EoAD9//3//f+kAP3//f/9//3//f/9//3/DAatAP3//f/9//3/
/f/9//3//f/9//3//f/9//3/Gwb9//3//f8fBv3/IQYiBiMGJAYlBiYGJwYoBikGKgYrBiwGLQYu
Bi8GMAYxBjIGMwY0BjUGNgY3BjgGOQY6Bv3//f/9//3//f9ABkEGQgZDBkQGRQZGBkcGSAZJBkoG
SwZMBk0GTgZPBlAGUQZSBv3//f/9//3//f/9//3//f/9//3//f/9//3/oAAYIBkgowD9//3/pgCn
AKgAqQD9/6sArACtAP3/FSCwALEAsgCzAIQDhQOGA7cAiAOJA4oDuwCMA70AjgOPA5ADkQOSA5MD
lAOVA5YDlwOYA5kDmgObA5wDnQOeA58DoAOhA/3/owOkA6UDpgOnA6gDqQOqA6sDrAOtA64DrwOw
A7EDsgOzA7QDtQO2A7cDuAO5A7oDuwO8A70DvgO/A8ADwQPCA8MDxAPFA8YDxwPIA8kDygPLA8wD
zQPOA/3/oAD9/6IAowCkAKUApgCnAKgAqQDXAKsArACtAK4ArwCwALEAsgCzALQAtQC2ALcAuAC5
APcAuwC8AL0AvgD9//3//f/9//3//f/9//3//f/9//3//f/9//3//f/9//3//f/9//3//f/9//3/
/f/9//3//f/9//3//f/9//3/FyDQBdEF0gXTBdQF1QXWBdcF2AXZBdoF2wXcBd0F3gXfBeAF4QXi
BeMF5AXlBeYF5wXoBekF6gX9//3/DiAPIP3/oAChAKIAowCkAKUApgCnAKgAqQCqAKsArACtAK4A
rwCwALEAsgCzALQAtQC2ALcAuAC5ALoAuwC8AL0AvgC/AMAAwQDCAMMAxADFAMYAxwDIAMkAygDL
AMwAzQDOAM8AHgHRANIA0wDUANUA1gDXANgA2QDaANsA3AAwAV4B3wDgAOEA4gDjAOQA5QDmAOcA
6ADpAOoA6wDsAO0A7gDvAB8B8QDyAPMA9AD1APYA9wD4APkA+gD7APwAMQFfAf8AoAAEARIBIgEq
ASgBNgGnADsBEAFgAWYBfQGtAGoBSgGwAAUBEwEjASsBKQE3AbcAPAERAWEBZwF+ARUgawFLAQAB
wQDCAMMAxADFAMYALgEMAckAGAHLABYBzQDOAM8A0ABFAUwB0wDUANUA1gBoAdgAcgHaANsA3ADd
AN4A3wABAeEA4gDjAOQA5QDmAC8BDQHpABkB6wAXAe0A7gDvAPAARgFNAfMA9AD1APYAaQH4AHMB
+gD7APwA/QD+ADgBoAABDgIOAw4EDgUOBg4HDggOCQ4KDgsODA4NDg4ODw4QDhEOEg4TDhQOFQ4W
DhcOGA4ZDhoOGw4cDh0OHg4fDiAOIQ4iDiMOJA4lDiYOJw4oDikOKg4rDiwOLQ4uDi8OMA4xDjIO
Mw40DjUONg43DjgOOQ46Dv3//f/9//3/Pw5ADkEOQg5DDkQORQ5GDkcOSA5JDkoOSw5MDk0OTg5P
DlAOUQ5SDlMOVA5VDlYOVw5YDlkOWg5bDv3//f/9//3/oAAdIKIAowCkAB4gpgCnANgAqQBWAasA
rACtAK4AxgCwALEAsgCzABwgtQC2ALcA+AC5AFcBuwC8AL0AvgDmAAQBLgEAAQYBxADFABgBEgEM
AckAeQEWASIBNgEqATsBYAFDAUUB0wBMAdUA1gDXAHIBQQFaAWoB3AB7AX0B3wAFAS8BAQEHAeQA
5QAZARMBDQHpAHoBFwEjATcBKwE8AWEBRAFGAfMATQH1APYA9wBzAUIBWwFrAfwAfAF+ARkgoAAC
HgMeowAKAQsBCh6nAIAeqQCCHgse8h6tAK4AeAEeHh8eIAEhAUAeQR62AFYegR5XHoMeYB7zHoQe
hR5hHsAAwQDCAMMAxADFAMYAxwDIAMkAygDLAMwAzQDOAM8AdAHRANIA0wDUANUA1gBqHtgA2QDa
ANsA3ADdAHYB3wDgAOEA4gDjAOQA5QDmAOcA6ADpAOoA6wDsAO0A7gDvAHUB8QDyAPMA9AD1APYA
ax74APkA+gD7APwA/QB3Af8AoAChAKIAowCsIKUAYAGnAGEBqQCqAKsArACtAK4ArwCwALEAsgCz
AH0BtQC2ALcAfgG5ALoAuwBSAVMBeAG/AMAAwQDCAMMAxADFAMYAxwDIAMkAygDLAMwAzQDOAM8A
0ADRANIA0wDUANUA1gDXANgA2QDaANsA3ADdAN4A3wDgAOEA4gDjAOQA5QDmAOcA6ADpAOoA6wDs
AO0A7gDvAPAA8QDyAPMA9AD1APYA9wD4APkA+gD7APwA/QD+AP8AoAAEAQUBQQGsIB4gYAGnAGEB
qQAYAqsAeQGtAHoBewGwALEADAFCAX0BHSC2ALcAfgENARkCuwBSAVMBeAF8AcAAwQDCAAIBxAAG
AcYAxwDIAMkAygDLAMwAzQDOAM8AEAFDAdIA0wDUAFAB1gBaAXAB2QDaANsA3AAYARoC3wDgAOEA
4gADAeQABwHmAOcA6ADpAOoA6wDsAO0A7gDvABEBRAHyAPMA9ABRAfYAWwFxAfkA+gD7APwAGQEb
Av8AoADAAMIAyADKAMsAzgDPALQAywLGAqgA3ALZANsApCCvAN0A/QCwAMcA5wDRAPEAoQC/AKQA
owClAKcAkgGiAOIA6gD0APsA4QDpAPMA+gDgAOgA8gD5AOQA6wD2APwAxQDuANgAxgDlAO0A+ADm
AMQA7ADWANwAyQDvAN8A1ADBAMMA4wDQAPAAzQDMANMA0gDVAPUAYAFhAdoAeAH/AN4A/gC3ALUA
tgC+ABQgvAC9AKoAugCrAKAluwCxAP3/ACUCJQwlECUUJRglHCUkJSwlNCU8JYAlhCWIJYwlkCWR
JZIlkyUgI6AlIiAaIkgiZCJlIqAAISOwALIAtwD3AFAlUSVSJVEEVARUJVYEVwRXJVglWSVaJVsl
kQRdJV4lXyVgJWElAQQEBGMlBgQHBGYlZyVoJWklaiWQBGwlqQBOBDAEMQRGBDQENQREBDMERQQ4
BDkEOgQ7BDwEPQQ+BD8ETwRABEEEQgRDBDYEMgRMBEsENwRIBE0ESQRHBEoELgQQBBEEJgQUBBUE
JAQTBCUEGAQZBBoEGwQcBB0EHgQfBC8EIAQhBCIEIwQWBBIELAQrBBcEKAQtBCkEJwQqBAAAAQCy
HgMABAC0HqoeBwAIAAkACgALAAwADQAOAA8AEAARABIAEwD2HhUAFgAXABgA+B4aABsAHAAdAPQe
HwAgACEAIgAjACQAJQAmACcAKAApACoAKwAsAC0ALgAvADAAMQAyADMANAA1ADYANwA4ADkAOgA7
ADwAPQA+AD8AQABBAEIAQwBEAEUARgBHAEgASQBKAEsATABNAE4ATwBQAFEAUgBTAFQAVQBWAFcA
WABZAFoAWwBcAF0AXgBfAGAAYQBiAGMAZABlAGYAZwBoAGkAagBrAGwAbQBuAG8AcABxAHIAcwB0
AHUAdgB3AHgAeQB6AHsAfAB9AH4AfwCgHq4esB62HqQeph6oHqwevB64Hr4ewB7CHsQexh7QHtIe
1B7WHtge4h7aHtwe3h7KHs4ezB7IHuYeaAHkHvIe1QCvHrEetx6lHqceqB6tHr0euR6/HsEewx7F
Hsce0R7THtUe1x7gHqAB2R7dHt8eyx7wHuge6h7sHqEB2x6vAcAAwQDCAMMAoh4CAbMetR7IAMkA
ygC6HswAzQAoAfMeEAHpHtIA0wDUAKEe9x7rHu0e2QDaAPke9R7dAOEesAHgAOEA4gDjAKMeAwHv
Hqse6ADpAOoAux7sAO0AKQHJHhEB8R7yAPMA9AD1AM8ezR7lHvkA+gBpAece/QDjHu4eoAChAKIA
owD9/6UA/f+nAKQAqQCqAKsA/f/9//3//f+wALEAsgCzAP3/tQC2ALcA/f+5ALoAuwC8AL0A/f+/
AMAAwQDCAMMAxADFAMYAxwDIAMkAygDLAMwAzQDOAM8A/f/RANIA0wDUANUA1gBSAdgA2QDaANsA
3AB4Af3/3wDgAOEA4gDjAOQA5QDmAOcA6ADpAOoA6wDsAO0A7gDvAP3/8QDyAPMA9AD1APYAUwH4
APkA+gD7APwA/wD9//3/xwD8AOkA4gDkAOAABQHnAOoA6wDoAO8A7gAHAcQABAEYARkBQgH0APYA
BgH7APkAWgHWANwA/f9BAaUAWwGSAXkBewHzANMARAFDAXoBfAG/ABAjrAC9ALwAoQCrALsAkSWS
JZMlAiUkJWElYiVWJVUlYyVRJVclXSVcJVslECUUJTQlLCUcJQAlPCVeJV8lWiVUJWklZiVgJVAl
bCVnJWglZCVlJVklWCVSJVMlayVqJRglDCWIJYQljCWQJYAlsQPfAJMDwAOjA8MDtQDEA6YDmAOp
A7QDHiLGA7UDKSJhIrEAZSJkIiAjISP3AEgisAAZIrcAGiJ/ILIAoCWgAGRuRwDp/QAAAAAAAAAA
AAA8bkcAAAAAAGAAAAD4UEcAFG5HAAAAAABgAAAAuFFHAOxtRwAAAAAAYAAAAHhSRwDEbUcAAAAA
AGAAAAA4U0cAoG1HAAAAAABgAAAA+FNHAIBtRwAAAAAAYAAAALhURwBgbUcAAAAAAGAAAAB4VUcA
QG1HAAAAAABgAAAAOFZHABxtRwAAAAAAYAAAAPhWRwD4bEcAAAAAAGAAAAC4V0cA2GxHAAAAAABg
AAAAeFhHALRsRwAAAAAAYAAAADhZRwCQbEcAAAAAAGAAAAD4WUcAbGxHAAAAAABgAAAAuFpHAEhs
RwAAAAAAYAAAAHhbRwBAbEcAAAAAAIAAAAD4XEcAOGxHAIJRAAAAAAAAAAAAACxsRwAAAAAAYAAA
ADhcRwAkbEcAAAAAAAABAAD4XUcAHGxHAAAAAABgAAAA+F9HAABsRwDiBAAAAAAAAAAAAADsa0cA
4wQAAAAAAAAAAAAA2GtHAOQEAAAAAAAAAAAAAMhrRwDlBAAAAAAAAAAAAAC0a0cA5gQAAAAAAAAA
AAAAoGtHAOcEAAAAAAAAAAAAAIxrRwDoBAAAAAAAAAAAAAB4a0cA6QQAAAAAAAAAAAAAYGtHAOoE
AAAAAAAAAAAAAFhrRwC1AQAAAAAAAAAAAABIa0cAAAAAAIAAAAC4YEcAQGtHAK9vAAAAAAAAAAAA
ADhrRwBUAwAAAAAAAAAAAAAwa0cAglEAAAAAAAAAAAAAHGtHAP////8AAAAAAAAAAAAAAAAAAAAA
AAAAAAAAAABDdWVhYWFhY2VlZWlpaUFBRSoqb29vdXV5T1VjJFlQc2Fpb3VuTmFvPysrKiohPD4j
IyN8fHx8Kyt8fCsrKysrKy0tfC0rfHwrKy0tfC0rLS0tLSsrKysrKysrIyN8fCNhQlRQRXN5dCoq
KioqKkVOPSs+PCsrLT0uLi4gbjIqIAAAAAAAAAAAICFjTC5ZfFMiQ2E8LS1Sfm8rMjMndXwuLDFv
Pi8vLz9BQUFBQUFBQ0VFRUVJSUlJRE5PT09PT3hPVVVVVVlQQmFhYWFhYWFjZWVlZWlpaWlvbm9v
b29vL291dXV1eXB5AAAAACojKioqKm9+KiorKysrKy0tLS0tKysrK3wqKioqTC4AAAAAAAAAAQAC
AAMABAAFAAYABwAIAAkACgALAAwADQAOAA8AEAARABIAEwAUABUAFgAXABgAGQAaABsAHAAdAB4A
HwAgACEALQQjACQAJQAmAE0EKAApACoABgQxBFQETgQuADAAMQAyADMANAA1ADYANwA4ADkAFgQ2
BBEEVgQuBCwAQAAkBBgEIQQSBCMEEAQfBCAEKAQeBBsEFAQsBCIEKQQXBBkEGgQrBBUEEwQcBCYE
JwQdBC8ERQRXBEoEXgAEBGAARAQ4BEEEMgRDBDAEPwRABEgEPgQ7BDQETARCBEkENwQ5BDoESwQ1
BDMEPARGBEcEPQRPBCUEBwQqBH4AfwArKyMAQUFAACgoWwAvL1wAKSldACgtewAtKX0AL158ACEh
oQBDL6IAQ3yiAEwtowBMPaQgWE+kAFgwpABZLaUAWT2lAHx8pgBTT6cAUyGnAFMwpwAiIqgAQ0+p
AEMwqQBBX6oAPDyrACwtrAAtLa0AUk+uAC1erwAwXrAAKy2xADJesgAzXrMAJye0AC9VtQBQIbYA
Ll63ACwsuAAxXrkAT1+6AD4+uwAxNLwAMTK9ADM0vgA/P78AYEHAACdBwQBeQcIAfkHDACJBxAAq
QcUAQUXGACxDxwBgRcgAJ0XJAF5FygAiRcsAYEnMACdJzQBeSc4AIknPAC1E0AB+TtEAYE/SACdP
0wBeT9QAfk/VACJP1gBYWNcAL0/YAGBV2QAnVdoAXlXbACJV3AAnWd0ASFTeAHNz3wBgYeAAJ2Hh
AF5h4gB+YeMAImHkACph5QBhZeYALGPnAGBl6AAnZekAXmXqACJl6wBgaewAJ2ntAF5p7gAiae8A
LWTwAH5u8QBgb/IAJ2/zAF5v9AB+b/UAIm/2ADot9wBvL/gAYHX5ACd1+gBedfsAInX8ACd5/QBo
dP4AInn/AG9lUwFPRVIBQS0AAWEtAQFDJwYBYycHAUNeCAFjXgkBRS0SAWUtEwFHXhwBZ14dAUcs
IgFnLCMBSF4kAWheJQFJfigBaX4pAUktKgFpLSsBSl40AWpeNQFLLDYBayw3AUwnOQFsJzoBTCw7
AWwsPAFOJ0MBbidEAU4sRQFuLEYBTy1MAW8tTQFSJ1QBcidVAVIsVgFyLFcBUydaAXMnWwFTXlwB
c15dAVMsXgFzLF8BVCxiAXQsYwFVfmgBdX5pAVUtagF1LWsBVSpuAXUqbwFXXnQBd151AVledgF5
XncBWSJ4AVoneQF6J3oBRyf0AWcn9QFOYPgBbmD5AUUsKAJlLCkCWS0yAnktMwJELBAeZCwRHkct
IB5nLSEeSCImHmgiJx5ILCgeaCwpHksnMB5rJzEeTSc+Hm0nPx5QJ1QecCdVHlZ+fB52fn0eV2CA
HndggR5XJ4IedyeDHlcihB53IoUeWCKMHngijR5aXpAeel6RHnQilx53KpgeeSqZHkV+vB5lfr0e
WWDyHnlg8x5ZfvgeeX75HklKMgFpajMBTErHAUxqyAFsaskBTkrKAU5qywFuaswBRFrxAUR68gFk
evMBLi4lICEhPCA/IUggIT9JIFJzqCBObxYhU00gIVRNIiFJSWEhSVZjIVZJZSFJWGghWElqIWlp
cSFpdnMhdml1IWl4eCF4aXohMTBpJDExaiQxMmskMTNsJDE0bSQxNW4kMTZvJDE3cCQxOHEkMTly
JDIwcyQxLogkMi6JJDMuiiQ0LoskNS6MJDYujSQ3Lo4kOC6PJDkukCRkYXIzQVVzM29WdTNwY3Yz
cEGAM25BgTNtQYMza0GEM0tChTNNQoYzR0KHM3BGijNuRoszbWeOM2tnjzNIepAzZm2ZM25tmjNt
bZwzY22dM2ttnjNQYakzcHOwM25zsTNtc7MzcFa0M25WtTNtVrcza1a4M01WuTNwV7ozble7M21X
vTNrV74zTVe/M0JxwzNjY8QzY2TFM2RCyDNHeckzaGHKM0hQyzNpbswzS0vNM0tNzjNrdM8zbG3Q
M2xu0TNseNMzbWLUM1BI1zNQUtozc3LbM1N23DNXYt0zZmYA+2ZpAftmbAL7c3QG+wAAAABVc2Ug
Zm9udCBlbmNvZGluZwAAAENQODc4AAAAQ1A4NTIAAABDUDgxOQAAAENQNjIwIChNYXpvdmlhKQBD
UDQzNwAAAFdpbjEyNTggKFZpZXRuYW1lc2UpAAAAAFdpbjEyNTcgKEJhbHRpYykAAAAAV2luMTI1
NiAoQXJhYmljKQAAAABXaW4xMjU1IChIZWJyZXcpAAAAAFdpbjEyNTQgKFR1cmtpc2gpAAAAV2lu
MTI1MyAoR3JlZWspAFdpbjEyNTIgKFdlc3Rlcm4pAAAAV2luMTI1MSAoQ3lyaWxsaWMpAABXaW4x
MjUwIChDZW50cmFsIEV1cm9wZWFuKQAAREVDLU1DUwBWU0NJSQAAAEhQLVJPTUFOOAAAAEtPSTgt
UgAAS09JOC1VAABJU08tODg1OS0xNjoyMDAxIChMYXRpbi0xMCwgQmFsa2FuKQBJU08tODg1OS0x
NToxOTk5IChMYXRpbi05LCAiZXVybyIpAABJU08tODg1OS0xNDoxOTk4IChMYXRpbi04LCBDZWx0
aWMpAABJU08tODg1OS0xMzoxOTk4IChMYXRpbi03LCBCYWx0aWMpAABJU08tODg1OS0xMToyMDAx
IChMYXRpbi9UaGFpKQAAAElTTy04ODU5LTEwOjE5OTggKExhdGluLTYsIE5vcmRpYykAAElTTy04
ODU5LTk6MTk5OSAoTGF0aW4tNSwgVHVya2lzaCkAAElTTy04ODU5LTg6MTk5OSAoTGF0aW4vSGVi
cmV3KQAASVNPLTg4NTktNzoxOTg3IChMYXRpbi9HcmVlaykAAABJU08tODg1OS02OjE5OTkgKExh
dGluL0FyYWJpYykAAElTTy04ODU5LTU6MTk5OSAoTGF0aW4vQ3lyaWxsaWMpAAAAAElTTy04ODU5
LTQ6MTk5OCAoTGF0aW4tNCwgTm9ydGggRXVyb3BlKQBJU08tODg1OS0zOjE5OTkgKExhdGluLTMs
IFNvdXRoIEV1cm9wZSkASVNPLTg4NTktMjoxOTk5IChMYXRpbi0yLCBFYXN0IEV1cm9wZSkAAElT
Ty04ODU5LTE6MTk5OCAoTGF0aW4tMSwgV2VzdCBFdXJvcGUpAABVVEYtOAAAAENQJTAzZAAAcCAt
IG1ic3RyIDwgbWJsZW4AAAAuLlx3aW5kb3dzXHdpbnVjcy5jAHBncGZpbmdlcnByaW50czpwZ3Br
ZXlzAG9wdGlvbnMuY2xlYW51cDp1c2luZy1jbGVhbnVwAAAAZXJyb3JzLmNhbnRsb2Fka2V5OmVy
cm9ycy1jYW50LWxvYWQta2V5AGVycm9ycy5ob3N0a2V5LmNoYW5nZWQ6ZXJyb3JzLWhvc3RrZXkt
d3JvbmcAZXJyb3JzLmhvc3RrZXkuYWJzZW50OmVycm9ycy1ob3N0a2V5LWFic2VudAAAAAAAVGhl
c2UgYXJlIHRoZSBmaW5nZXJwcmludHMgb2YgdGhlIFB1VFRZIFBHUCBNYXN0ZXIgS2V5cy4gVGhl
eSBjYW4KYmUgdXNlZCB0byBlc3RhYmxpc2ggYSB0cnVzdCBwYXRoIGZyb20gdGhpcyBleGVjdXRh
YmxlIHRvIGFub3RoZXIKb25lLiBTZWUgdGhlIG1hbnVhbCBmb3IgbW9yZSBpbmZvcm1hdGlvbi4K
KE5vdGU6IHRoZXNlIGZpbmdlcnByaW50cyBoYXZlIG5vdGhpbmcgdG8gZG8gd2l0aCBTU0ghKQoK
UHVUVFkgTWFzdGVyIEtleSBhcyBvZiAyMDE1IChSU0EsIDQwOTYtYml0KToKICA0NDBEIEUzQjUg
QjdBMSBDQTg1IEIzQ0MgIDE3MTggQUI1OCA1REM2IDA0NjcgNkY3QwoKT3JpZ2luYWwgUHVUVFkg
TWFzdGVyIEtleSAoUlNBLCAxMDI0LWJpdCk6CiAgOEYgMTUgOTcgREEgMjUgMzAgQUIgMEQgIDg4
IEQxIDkyIDU0IDExIENGIDBDIDRDCk9yaWdpbmFsIFB1VFRZIE1hc3RlciBLZXkgKERTQSwgMTAy
NC1iaXQpOgogIDMxM0MgM0U3NiA0Qjc0IEMyQzUgRjJBRSAgODNBOCA0RjVFIDZERjUgNkE5MyBC
MzRFAFBHUCBmaW5nZXJwcmludHMAAAAAAAAAAG/XRQDAcUcArHFHAMvuRACNDUUAjQ1FAMvuRACN
DUUAy+5EAKMbRQA8F0UAdRdFAAAAAABYRE0tQVVUSE9SSVpBVElPTi0xAE1JVC1NQUdJQy1DT09L
SUUtMQAAYXV0aHR5cGUgPT0gWDExX1hETQAuLlx4MTFmd2QuYwBhLT5wcm90byA9PSBYMTFfWERN
AHVuaXg6JWQAdW5peAAAAAA6MAAAVW5zdXBwb3J0ZWQgYXV0aG9yaXNhdGlvbiBwcm90b2NvbAAA
c2VlbiAhPSBOVUxMAAAAAFhETS1BVVRIT1JJWkFUSU9OLTEgZGF0YSByZXBsYXllZAAAAGF1dGgt
PnhkbXNlZW4gIT0gTlVMTAAAAFhETS1BVVRIT1JJWkFUSU9OLTEgZGF0YSBmYWlsZWQgY2hlY2sA
AABYRE0tQVVUSE9SSVpBVElPTi0xIHRpbWUgc3RhbXAgd2FzIHRvbyBmYXIgb3V0AABjYW5ub3Qg
ZG8gWERNLUFVVEhPUklaQVRJT04tMSB3aXRob3V0IHJlbW90ZSBhZGRyZXNzIGRhdGEAAABYRE0t
QVVUSE9SSVpBVElPTi0xIGRhdGEgd2FzIHdyb25nIGxlbmd0aAAAAEF1dGhvcmlzYXRpb24gbm90
IHJlY29nbmlzZWQAAAAAJXMgWDExIHByb3h5OiAlcwoAAAAleAAAdW5hYmxlIHRvIGNvbm5lY3Qg
dG8gZm9yd2FyZGVkIFggc2VydmVyOiAlcwBhdXRoX21hdGNoZWQAAAAAIXhjb25uLT5zAAAACgoA
AC4uLgBNaWNyb3NvZnQgVmlzdWFsIEMrKyBSdW50aW1lIExpYnJhcnkAAAAAKFByZXNzIFJldHJ5
IHRvIGRlYnVnIHRoZSBhcHBsaWNhdGlvbiAtIEpJVCBtdXN0IGJlIGVuYWJsZWQpAAAAAAAAAABG
b3IgaW5mb3JtYXRpb24gb24gaG93IHlvdXIgcHJvZ3JhbSBjYW4gY2F1c2UgYW4gYXNzZXJ0aW9u
CmZhaWx1cmUsIHNlZSB0aGUgVmlzdWFsIEMrKyBkb2N1bWVudGF0aW9uIG9uIGFzc2VydHMARXhw
cmVzc2lvbjogAAAAAExpbmU6IAAARmlsZTogAAA8cHJvZ3JhbSBuYW1lIHVua25vd24+AABQcm9n
cmFtOiAAAABBc3NlcnRpb24gZmFpbGVkIQAAAAAAAAAAAAAAAAAAAAAAAAAAAAAAAAAAAAAAAAAA
AAAAAAAAAAAAAAAAAAAAAAAAAAAAAAAAAAAAAAAAAAAAAAAAAAAAAAAAAAAAAAAAAAAAAAAAAAAA
AAAAAAAAAAAAAAAAAAAAAAAAAAAAAAAAAAAAAAAAAAAAAAAAAAAAAAAAAAAAAAAAAAAAAAAAAAAA
AAAAAAAAAAAAAAAAAAAAAAAAAAAAAAAAAAAAAAAAAAAAAAAAAAAAAAAAAAAAAAAAAAAAAAAAAAAA
AAAAAAAAAAAAAAAAAAAAAAAAAAAAAAAAAAAAAAAAAAAAAAAAAAAAAAAAAAAAAAAAAAAAAAAAAAAg
ACAAIAAgACAAIAAgACAAIAAoACgAKAAoACgAIAAgACAAIAAgACAAIAAgACAAIAAgACAAIAAgACAA
IAAgACAASAAQABAAEAAQABAAEAAQABAAEAAQABAAEAAQABAAEACEAIQAhACEAIQAhACEAIQAhACE
ABAAEAAQABAAEAAQABAAgQCBAIEAgQCBAIEAAQABAAEAAQABAAEAAQABAAEAAQABAAEAAQABAAEA
AQABAAEAAQABABAAEAAQABAAEAAQAIIAggCCAIIAggCCAAIAAgACAAIAAgACAAIAAgACAAIAAgAC
AAIAAgACAAIAAgACAAIAAgAQABAAEAAQACAAAAAAAAAAAAAAAAAAAAAAAAAAAAAAAAAAAAAAAAAA
AAAAAAAAAAAAAAAAAAAAAAAAAAAAAAAAAAAAAAAAAAAAAAAAAAAAAAAAAAAAAAAAAAAAAAAAAAAA
AAAAAAAAAAAAAAAAAAAAAAAAAAAAAAAAAAAAAAAAAAAAAAAAAAAAAAAAAAAAAAAAAAAAAAAAAAAA
AAAAAAAAAAAAAAAAAAAAAAAAAAAAAAAAAAAAAAAAAAAAAAAAAAAAAAAAAAAAAAAAAAAAAAAAAAAA
AAAAAAAAAAAAAAAAAAAAAAAAAAAAAAAAAAAAAAAAAAAAAAAAAAAAAAAAAAAAAAAAAAAAAAAAAAAA
IAAgACAAIAAgACAAIAAgACAAaAAoACgAKAAoACAAIAAgACAAIAAgACAAIAAgACAAIAAgACAAIAAg
ACAAIAAgAEgAEAAQABAAEAAQABAAEAAQABAAEAAQABAAEAAQABAAhACEAIQAhACEAIQAhACEAIQA
hAAQABAAEAAQABAAEAAQAIEBgQGBAYEBgQGBAQEBAQEBAQEBAQEBAQEBAQEBAQEBAQEBAQEBAQEB
AQEBAQEBAQEBAQEQABAAEAAQABAAEACCAYIBggGCAYIBggECAQIBAgECAQIBAgECAQIBAgECAQIB
AgECAQIBAgECAQIBAgECAQIBEAAQABAAEAAgACAAIAAgACAAIAAgACAAIAAgACAAIAAgACAAIAAg
ACAAIAAgACAAIAAgACAAIAAgACAAIAAgACAAIAAgACAAIABIABAAEAAQABAAEAAQABAAEAAQABAA
EAAQABAAEAAQABAAEAAUABQAEAAQABAAEAAQABQAEAAQABAAEAAQABAAAQEBAQEBAQEBAQEBAQEB
AQEBAQEBAQEBAQEBAQEBAQEBAQEBAQEBAQEBAQEBARAAAQEBAQEBAQEBAQEBAQECAQIBAgECAQIB
AgECAQIBAgECAQIBAgECAQIBAgECAQIBAgECAQIBAgECAQIBAgEQAAIBAgECAQIBAgECAQIBAgEB
AUhIOm1tOnNzAAAAAGRkZGQsIE1NTU0gZGQsIHl5eXkATU0vZGQveXkAAAAAUE0AAEFNAABEZWNl
bWJlcgAAAABOb3ZlbWJlcgAAAABPY3RvYmVyAFNlcHRlbWJlcgAAAEF1Z3VzdAAASnVseQAAAABK
dW5lAAAAAEFwcmlsAAAATWFyY2gAAABGZWJydWFyeQAAAABKYW51YXJ5AERlYwBOb3YAT2N0AFNl
cABBdWcASnVsAEp1bgBNYXkAQXByAE1hcgBGZWIASmFuAFNhdHVyZGF5AAAAAEZyaWRheQAAVGh1
cnNkYXkAAAAAV2VkbmVzZGF5AAAAVHVlc2RheQBNb25kYXkAAFN1bmRheQAAU2F0AEZyaQBUaHUA
V2VkAFR1ZQBNb24AU3VuAGEvcABhbS9wbQAAAAAAAAD/////BTVFAAk1RQBDb3JFeGl0UHJvY2Vz
cwAAbXNjb3JlZS5kbGwA/////1JQRQBmUEUAR2V0UHJvY2Vzc1dpbmRvd1N0YXRpb24AR2V0VXNl
ck9iamVjdEluZm9ybWF0aW9uQQAAAEdldExhc3RBY3RpdmVQb3B1cAAAR2V0QWN0aXZlV2luZG93
AE1lc3NhZ2VCb3hBAP////9yWUUAdllFAAAAAAAGAAAGAAEAABAAAwYABgIQBEVFRQUFBQUFNTAA
UAAAAAAgKDhQWAcIADcwMFdQBwAAICAIAAAAAAhgaGBgYGAAAHBweHh4eAgHCAAABwAICAgAAAgA
CAAHCAAAACgAbgB1AGwAbAApAAAAAAAobnVsbCkAAAAAAAAAAAAAAAAAAGUrMDAwAAAAAAAAAAAA
8D8AAADAfgFQQQAAAID//0dBSXNQcm9jZXNzb3JGZWF0dXJlUHJlc2VudAAAAEtFUk5FTDMyAAAA
AAAAAAAAAAAA//////5oRQACaUUAU3VuTW9uVHVlV2VkVGh1RnJpU2F0AAAASmFuRmViTWFyQXBy
TWF5SnVuSnVsQXVnU2VwT2N0Tm92RGVjAAAAAFRaAAD/////EnRFABZ0RQD/////D3JFABNyRQD/
////3XJFAOFyRQAAAAAA/////6yKRQCwikUAcnVudGltZSBlcnJvciAAAFRMT1NTIGVycm9yDQoA
AABTSU5HIGVycm9yDQoAAAAARE9NQUlOIGVycm9yDQoAAAAAAABSNjAyOQ0KLSBUaGlzIGFwcGxp
Y2F0aW9uIGNhbm5vdCBydW4gdXNpbmcgdGhlIGFjdGl2ZSB2ZXJzaW9uIG9mIHRoZSBNaWNyb3Nv
ZnQgLk5FVCBSdW50aW1lClBsZWFzZSBjb250YWN0IHRoZSBhcHBsaWNhdGlvbidzIHN1cHBvcnQg
dGVhbSBmb3IgbW9yZSBpbmZvcm1hdGlvbi4NCgAAAFI2MDI4DQotIHVuYWJsZSB0byBpbml0aWFs
aXplIGhlYXANCgAAAABSNjAyNw0KLSBub3QgZW5vdWdoIHNwYWNlIGZvciBsb3dpbyBpbml0aWFs
aXphdGlvbg0KAAAAAFI2MDI2DQotIG5vdCBlbm91Z2ggc3BhY2UgZm9yIHN0ZGlvIGluaXRpYWxp
emF0aW9uDQoAAAAAUjYwMjUNCi0gcHVyZSB2aXJ0dWFsIGZ1bmN0aW9uIGNhbGwNCgAAAFI2MDI0
DQotIG5vdCBlbm91Z2ggc3BhY2UgZm9yIF9vbmV4aXQvYXRleGl0IHRhYmxlDQoAAAAAUjYwMTkN
Ci0gdW5hYmxlIHRvIG9wZW4gY29uc29sZSBkZXZpY2UNCgAAAABSNjAxOA0KLSB1bmV4cGVjdGVk
IGhlYXAgZXJyb3INCgAAAABSNjAxNw0KLSB1bmV4cGVjdGVkIG11bHRpdGhyZWFkIGxvY2sgZXJy
b3INCgAAAABSNjAxNg0KLSBub3QgZW5vdWdoIHNwYWNlIGZvciB0aHJlYWQgZGF0YQ0KAA0KVGhp
cyBhcHBsaWNhdGlvbiBoYXMgcmVxdWVzdGVkIHRoZSBSdW50aW1lIHRvIHRlcm1pbmF0ZSBpdCBp
biBhbiB1bnVzdWFsIHdheS4KUGxlYXNlIGNvbnRhY3QgdGhlIGFwcGxpY2F0aW9uJ3Mgc3VwcG9y
dCB0ZWFtIGZvciBtb3JlIGluZm9ybWF0aW9uLg0KAAAAUjYwMDkNCi0gbm90IGVub3VnaCBzcGFj
ZSBmb3IgZW52aXJvbm1lbnQNCgBSNjAwOA0KLSBub3QgZW5vdWdoIHNwYWNlIGZvciBhcmd1bWVu
dHMNCgAAAFI2MDAyDQotIGZsb2F0aW5nIHBvaW50IG5vdCBsb2FkZWQNCgAAAABSdW50aW1lIEVy
cm9yIQoKUHJvZ3JhbTogAAAAAAAAAP////86l0UAPpdFAAAAAAD/////fpdFAIKXRQAAAAAAQSBi
dWZmZXIgb3ZlcnJ1biBoYXMgYmVlbiBkZXRlY3RlZCB3aGljaCBoYXMgY29ycnVwdGVkIHRoZSBw
cm9ncmFtJ3MKaW50ZXJuYWwgc3RhdGUuICBUaGUgcHJvZ3JhbSBjYW5ub3Qgc2FmZWx5IGNvbnRp
bnVlIGV4ZWN1dGlvbiBhbmQgbXVzdApub3cgYmUgdGVybWluYXRlZC4KAEJ1ZmZlciBvdmVycnVu
IGRldGVjdGVkIQAAAAAAAAAAQSBzZWN1cml0eSBlcnJvciBvZiB1bmtub3duIGNhdXNlIGhhcyBi
ZWVuIGRldGVjdGVkIHdoaWNoIGhhcwpjb3JydXB0ZWQgdGhlIHByb2dyYW0ncyBpbnRlcm5hbCBz
dGF0ZS4gIFRoZSBwcm9ncmFtIGNhbm5vdCBzYWZlbHkKY29udGludWUgZXhlY3V0aW9uIGFuZCBt
dXN0IG5vdyBiZSB0ZXJtaW5hdGVkLgoAAAAAVW5rbm93biBzZWN1cml0eSBmYWlsdXJlIGRldGVj
dGVkIQAA/////xyoRQAgqEUAAAAAAP////+VtkUAmbZFAAAAAAD/////ML5FADS+RQD/////yr5F
AM6+RQAxI1FOQU4AADEjSU5GAAAAMSNJTkQAAAAxI1NOQU4AAEgAAAAAAAAAAAAAAAAAAAAAAAAA
AAAAAAAAAAAAAAAAAAAAAAAAAAAAAAAAAAAAAAAAAAAAAAAAAAAAACCsRwBgg0cAAgAAABhwBQBM
uAUAAAAAAAAAAAAAAAAAAAAAAGiEBwAAAAAAAAAAALSKBwAA0AUAsIQHAAAAAAAAAAAAwooHAEjQ
BQBQiQcAAAAAAAAAAAAWiwcA6NQFAMSEBwAAAAAAAAAAACaOBwBc0AUAgIUHAAAAAAAAAAAApI4H
ABjRBQBkiQcAAAAAAAAAAADkjgcA/NQFAFiHBwAAAAAAAAAAAP6OBwDw0gUAYIcHAAAAAAAAAAAA
aJYHAPjSBQAkiQcAAAAAAAAAAACClgcAvNQFACyJBwAAAAAAAAAAABaXBwDE1AUAmIUHAAAAAAAA
AAAAzJ4HADDRBQAAAAAAAAAAAAAAAAAAAAAAAAAAAHSJBwCCiQcAlokHAKSJBwC0iQcAwIkHAMqJ
BwDaiQcA9okHABSKBwA0igcAUIoHAGCKBwByigcAgooHAJCKBwCiigcAAAAAAA4AAIAPAACAEQAA
gA0AAIAAAAAAFo4HAAKOBwDwjQcA4I0HACSLBwAwiwcASIsHAF6LBwBuiwcAeosHAIiLBwCYiwcA
pIsHALiLBwDKiwcA2osHAPCLBwAIjAcAFowHACaMBwA4jAcARowHAFiMBwBojAcAeIwHAIaMBwCg
jAcArIwHALiMBwDGjAcA4IwHAOyMBwD8jAcAFo0HAC6NBwA8jQcARo0HAFKNBwBejQcAao0HAHaN
BwCGjQcAmI0HAKiNBwC6jQcAzo0HAAAAAAAwjgcAiI4HAG6OBwBejgcARI4HAAAAAACingcAkJ4H
AH6eBwByngcAvJ4HAFyeBwBQngcAPp4HAC6eBwAUngcA+p0HAOKdBwDInQcArJ0HAJ6dBwCQnQcA
gp0HAHSdBwBknQcAUp0HAEKdBwAynQcAIp0HABKdBwACnQcA8JwHANacBwDCnAcAsJwHAJ6cBwCM
nAcAepwHAGCcBwBMnAcAPpwHADKcBwAknAcAGJwHAAacBwD0mwcA3JsHAMSbBwC6mwcAqpsHAJCb
BwCCmwcAcpsHAGKbBwBSmwcAQpsHADKbBwAgmwcADpsHAACbBwDymgcA2poHAMSaBwC2mgcAopoH
AI6aBwCAmgcAbpoHAGKaBwBKmgcAOJoHACiaBwAcmgcABpoHAOyZBwDWmQcAwpkHALCZBwCcmQcA
ipkHAHqZBwBgmQcATpkHADiZBwAsmQcAHJkHABCZBwAAmQcA6pgHANSYBwDImAcAuJgHAKqYBwCU
mAcAhJgHAHKYBwBcmAcASpgHADyYBwA0mAcAJJgHAA6YBwAAmAcA8pcHAOKXBwDUlwcAwJcHAKqX
BwCYlwcAjJcHAICXBwB0lwcAYJcHAE6XBwA+lwcANJcHACSXBwAAAAAA7o4HAAAAAADIlQcA2JUH
AO6VBwAAlgcAupUHAB6WBwAwlgcARJYHAFKWBwASlgcApJUHAAqPBwAcjwcALo8HAD6PBwBKjwcA
XI8HAHSPBwCEjwcAko8HAI6VBwB+lQcAbpUHAFKVBwBClQcANpUHACKVBwAUlQcACJUHAPyUBwDs
lAcA2JQHAMaUBwC2lAcApJQHAJSUBwCClAcAcJQHAFyUBwBIlAcAPJQHACyUBwAalAcACpQHAPqT
BwDukwcA4JMHALCTBwCgkwcAjpMHAHqTBwBokwcAWpMHAE6TBwBCkwcALpMHAB6TBwASkwcABJMH
APKSBwDkkgcA1pIHAMiSBwC8kgcAqJIHAJqSBwCIkgcAfJIHAGiSBwBakgcATJIHAD6SBwAokgcA
GpIHAAiSBwD0kQcA4JEHAM6RBwC+kQcArJEHAKCRBwCUkQcAgpEHAGyRBwBWkQcAPJEHADCRBwAe
kQcAEJEHAAKRBwD2kAcA6JAHANaQBwDEkAcArpAHAJqQBwCIkAcAepAHAGSQBwBckAcAUJAHAECQ
BwAwkAcAHJAHAAyQBwD6jwcA7I8HANSPBwDEjwcAso8HAKSPBwDMkwcAAAAAAHSWBwAAAAAA5JYH
ANCWBwC8lgcArJYHAJyWBwCMlgcA9JYHAASXBwAAAAAA0IoHAOCKBwDuigcAAosHAAAAAACujgcA
wI4HANCOBwAAAAAAyQFSZWdDbG9zZUtleQDsAVJlZ1F1ZXJ5VmFsdWVFeEEAAOEBUmVnT3Blbktl
eUEAIwFHZXRVc2VyTmFtZUEAANgARXF1YWxTaWQAAFoAQ29weVNpZAD2AEdldExlbmd0aFNpZAAA
LwJTZXRTZWN1cml0eURlc2NyaXB0b3JEYWNsADECU2V0U2VjdXJpdHlEZXNjcmlwdG9yT3duZXIA
ADIBSW5pdGlhbGl6ZVNlY3VyaXR5RGVzY3JpcHRvcgAAHQBBbGxvY2F0ZUFuZEluaXRpYWxpemVT
aWQAAMwBUmVnQ3JlYXRlS2V5QQD5AVJlZ1NldFZhbHVlRXhBAADQAVJlZ0RlbGV0ZUtleUEA1QFS
ZWdFbnVtS2V5QQDSAVJlZ0RlbGV0ZVZhbHVlQQDNAVJlZ0NyZWF0ZUtleUV4QQBBRFZBUEkzMi5k
bGwAAENPTUNUTDMyLmRsbAAAAABDaG9vc2VDb2xvckEAAAIAQ2hvb3NlRm9udEEACQBHZXRPcGVu
RmlsZU5hbWVBAAALAEdldFNhdmVGaWxlTmFtZUEAAGNvbWRsZzMyLmRsbAAAjABEZWxldGVEQwAA
tAFHZXRUZXh0RXh0ZW50UG9pbnQzMkEALQBDcmVhdGVDb21wYXRpYmxlREMAAI8ARGVsZXRlT2Jq
ZWN0AABOAlRleHRPdXRBAAAVAlNldEJrQ29sb3IAADwCU2V0VGV4dENvbG9yAAD2AVJlY3Rhbmds
ZQBQAENyZWF0ZVNvbGlkQnJ1c2gAAKUBR2V0U3RvY2tPYmplY3QAAA4CU2VsZWN0T2JqZWN0AAA6
AENyZWF0ZUZvbnRJbmRpcmVjdEEAsAFHZXRUZXh0RXh0ZW50RXhQb2ludEEAKwJTZXRNYXBNb2Rl
AABrAUdldERldmljZUNhcHMAvAFHZXRUZXh0TWV0cmljc0EAOQBDcmVhdGVGb250QQDzAVJlYWxp
emVQYWxldHRlAAAPAlNlbGVjdFBhbGV0dGUARQBDcmVhdGVQYWxldHRlAN0ARXh0VGV4dE91dEEA
XwFHZXRDaGFyYWN0ZXJQbGFjZW1lbnRXAAAWAlNldEJrTW9kZQBNAUdldEJrTW9kZQDeAEV4dFRl
eHRPdXRXAFIBR2V0Q2hhckFCQ1dpZHRoc0Zsb2F0QQAAnAFHZXRQaXhlbAAAOgJTZXRUZXh0QWxp
Z24AACwAQ3JlYXRlQ29tcGF0aWJsZUJpdG1hcAAAUAJUcmFuc2xhdGVDaGFyc2V0SW5mbwAAlQFH
ZXRPYmplY3RBAADNAUxpbmVUbwAA0QFNb3ZlVG9FeAAARwBDcmVhdGVQZW4AMQJTZXRQaXhlbAAA
7gFQb2x5bGluZQAAXQFHZXRDaGFyV2lkdGhXAFcBR2V0Q2hhcldpZHRoMzJXAFgBR2V0Q2hhcldp
ZHRoQQBWAUdldENoYXJXaWR0aDMyQQAwAlNldFBhbGV0dGVFbnRyaWVzAFICVW5yZWFsaXplT2Jq
ZWN0AFMCVXBkYXRlQ29sb3JzAADXAEV4Y2x1ZGVDbGlwUmVjdADHAUludGVyc2VjdENsaXBSZWN0
ACcAQ3JlYXRlQml0bWFwAABHREkzMi5kbGwAZgBJbW1SZWxlYXNlQ29udGV4dABzAEltbVNldENv
bXBvc2l0aW9uV2luZG93ADUASW1tR2V0Q29udGV4dABvAEltbVNldENvbXBvc2l0aW9uRm9udEEA
ADMASW1tR2V0Q29tcG9zaXRpb25TdHJpbmdXAABJTU0zMi5kbGwAaABDb1VuaW5pdGlhbGl6ZQAA
OgBDb0luaXRpYWxpemUAABAAQ29DcmVhdGVJbnN0YW5jZQAAb2xlMzIuZGxsAAYBU2hlbGxFeGVj
dXRlQQBTSEVMTDMyLmRsbACOAERlZldpbmRvd1Byb2NBAACTAUludmFsaWRhdGVSZWN0AACDAlNl
dFdpbmRvd1BvcwAAyABFbmRQYWludAAAdwFHZXRXaW5kb3dUZXh0QQAAeAFHZXRXaW5kb3dUZXh0
TGVuZ3RoQQAA/wBHZXRDbGllbnRSZWN0AA0AQmVnaW5QYWludAAAhgJTZXRXaW5kb3dUZXh0QQAA
kgJTaG93V2luZG93AABgAENyZWF0ZVdpbmRvd0V4QQB0AUdldFdpbmRvd1JlY3QAmQJTeXN0ZW1Q
YXJhbWV0ZXJzSW5mb0EAWgFHZXRTeXNDb2xvcgAWAlJlZ2lzdGVyQ2xhc3NBAACZAERlc3Ryb3lX
aW5kb3cA9ABHZXRDYXJldEJsaW5rVGltZQDUAU1hcERpYWxvZ1JlY3QAOwJTZW5kTWVzc2FnZUEA
ACoCUmVsZWFzZURDAAwBR2V0REMANgJTZW5kRGxnSXRlbU1lc3NhZ2VBAN0BTWVzc2FnZUJlZXAA
gAJTZXRXaW5kb3dMb25nQQAAOwBDaGVja1JhZGlvQnV0dG9uAACjAUlzRGxnQnV0dG9uQ2hlY2tl
ZAAAOABDaGVja0RsZ0J1dHRvbgAAUwJTZXREbGdJdGVtVGV4dEEAEQFHZXREbGdJdGVtAABWAlNl
dEZvY3VzAADeAU1lc3NhZ2VCb3hBAEQCU2V0Q2FwdHVyZQAAEwFHZXREbGdJdGVtVGV4dEEAsgBE
cmF3RWRnZQAAJwJSZWdpc3RlcldpbmRvd01lc3NhZ2VBAACCAlNldFdpbmRvd1BsYWNlbWVudAAA
cwFHZXRXaW5kb3dQbGFjZW1lbnQAAEMCU2V0QWN0aXZlV2luZG93AEUBR2V0UGFyZW50AMYARW5k
RGlhbG9nAJ4ARGlhbG9nQm94UGFyYW1BAMQARW5hYmxlV2luZG93AAADAlBvc3RRdWl0TWVzc2Fn
ZQChAERpc3BhdGNoTWVzc2FnZUEAAKEBSXNEaWFsb2dNZXNzYWdlQQAAbgFHZXRXaW5kb3dMb25n
QQAAOgFHZXRNZXNzYWdlQQBVAENyZWF0ZURpYWxvZ1BhcmFtQQAAuQFMb2FkQ3Vyc29yQQCHAERl
ZkRsZ1Byb2NBAOsBTW92ZVdpbmRvdwAADgFHZXREZXNrdG9wV2luZG93AAC9AUxvYWRJY29uQQAp
AlJlbGVhc2VDYXB0dXJlAADzAEdldENhcHR1cmUAAF0BR2V0U3lzdGVtTWV0cmljcwAApgFJc0lj
b25pYwAACABBcHBlbmRNZW51QQCRAERlbGV0ZU1lbnUAAI0BSW5zZXJ0TWVudUEAXgBDcmVhdGVQ
b3B1cE1lbnUAjgJTaG93Q3Vyc29yAABNAlNldEN1cnNvcgBHAlNldENsYXNzTG9uZ0EAJgFHZXRL
ZXlib2FyZFN0YXRlAAB6AlNldFRpbWVyAAC0AUtpbGxUaW1lcgBGAlNldENhcmV0UG9zAEIAQ2xv
c2VDbGlwYm9hcmQAAEoCU2V0Q2xpcGJvYXJkRGF0YQAAwQBFbXB0eUNsaXBib2FyZAAA9QFPcGVu
Q2xpcGJvYXJkABoCUmVnaXN0ZXJDbGlwYm9hcmRGb3JtYXRBAAABAUdldENsaXBib2FyZERhdGEA
AOcARmxhc2hXaW5kb3cAsgFJc1pvb21lZAAAOQBDaGVja01lbnVJdGVtAAECUG9zdE1lc3NhZ2VB
AAA9AUdldE1lc3NhZ2VUaW1lAABuAlNldFNjcm9sbEluZm8AoAJUb0FzY2lpRXgAWQJTZXRLZXli
b2FyZFN0YXRlAAAiAUdldEtleWJvYXJkTGF5b3V0ADECU2NyZWVuVG9DbGllbnQAAI8ARGVmV2lu
ZG93UHJvY1cAAFUBR2V0U2Nyb2xsSW5mbwCkAlRyYWNrUG9wdXBNZW51AAALAUdldEN1cnNvclBv
cwAAwgBFbmFibGVNZW51SXRlbQAAqgJUcmFuc2xhdGVNZXNzYWdlAACUAERlc3Ryb3lDYXJldAAA
fwFIaWRlQ2FyZXQAjQJTaG93Q2FyZXQATgBDcmVhdGVDYXJldACiAERpc3BhdGNoTWVzc2FnZVcA
AK0BSXNXaW5kb3cAAAACUGVla01lc3NhZ2VXAADsAU1zZ1dhaXRGb3JNdWx0aXBsZU9iamVjdHMA
/wFQZWVrTWVzc2FnZUEAALsCVXBkYXRlV2luZG93AAAXAUdldEZvcmVncm91bmRXaW5kb3cAVwJT
ZXRGb3JlZ3JvdW5kV2luZG93AF0AQ3JlYXRlTWVudQAAXAFHZXRTeXN0ZW1NZW51ABUBR2V0RG91
YmxlQ2xpY2tUaW1lAABhAENyZWF0ZVdpbmRvd0V4VwAZAlJlZ2lzdGVyQ2xhc3NXAADQAldpbkhl
bHBBAABMAUdldFF1ZXVlU3RhdHVzAAAEAUdldENsaXBib2FyZE93bmVyAOMARmluZFdpbmRvd0EA
4QFNZXNzYWdlQm94SW5kaXJlY3RBAFVTRVIzMi5kbGwAAAoAUGxheVNvdW5kQQAAV0lOTU0uZGxs
AGAARW51bVByaW50ZXJzQQAbAENsb3NlUHJpbnRlcgAASgBFbmREb2NQcmludGVyAKUAU3RhcnRQ
YWdlUHJpbnRlcgAAowBTdGFydERvY1ByaW50ZXJBAAB9AE9wZW5QcmludGVyQQAApwBXcml0ZVBy
aW50ZXIAAEsARW5kUGFnZVByaW50ZXIAAFdJTlNQT09MLkRSVgAA1QFHZXRUaWNrQ291bnQAAGoC
TXVsRGl2AADfAUdldFZlcnNpb25FeEEAmAFHZXRQcm9jQWRkcmVzcwAAdwFHZXRNb2R1bGVIYW5k
bGVBAAC5A2xzdHJjcHluQQD8AEdldENQSW5mbwCLAUdldE9FTUNQAABsAUdldExvY2FsZUluZm9B
AABrAk11bHRpQnl0ZVRvV2lkZUNoYXIALgJJc0RCQ1NMZWFkQnl0ZUV4AAD1AUdsb2JhbEZyZWUA
AAACR2xvYmFsVW5sb2NrAAD5AUdsb2JhbExvY2sAAO4BR2xvYmFsQWxsb2MAhwNXaWRlQ2hhclRv
TXVsdGlCeXRlAGkAQ3JlYXRlVGhyZWFkAAAZAEJlZXAAAC4AQ2xvc2VIYW5kbGUAYABDcmVhdGVQ
cm9jZXNzQQAAdQFHZXRNb2R1bGVGaWxlTmFtZUEAAGMDVW5tYXBWaWV3T2ZGaWxlAF4CTWFwVmll
d09mRmlsZQBOAENyZWF0ZUZpbGVNYXBwaW5nQQAA7wBGcmVlTGlicmFyeQBIAkxvYWRMaWJyYXJ5
QQAACQNTZXRFdmVudAAAjAFHZXRPdmVybGFwcGVkUmVzdWx0AIMDV2FpdEZvclNpbmdsZU9iamVj
dABpAUdldExhc3RFcnJvcgAAqQJSZWFkRmlsZQAASQBDcmVhdGVFdmVudEEAAJQDV3JpdGVGaWxl
ALkBR2V0U3lzdGVtRGlyZWN0b3J5QQDqAEZvcm1hdE1lc3NhZ2VBAAC/AUdldFN5c3RlbVRpbWVB
ZGp1c3RtZW50AL4BR2V0U3lzdGVtVGltZQCiAUdldFByb2Nlc3NUaW1lcwA6AUdldEN1cnJlbnRQ
cm9jZXNzANQBR2V0VGhyZWFkVGltZXMAAD0BR2V0Q3VycmVudFRocmVhZAAA+gFHbG9iYWxNZW1v
cnlTdGF0dXMAAJcCUXVlcnlQZXJmb3JtYW5jZUNvdW50ZXIAOwFHZXRDdXJyZW50UHJvY2Vzc0lk
AMUARmluZENsb3NlANMARmluZE5leHRGaWxlQQDJAEZpbmRGaXJzdEZpbGVBAADpAUdldFdpbmRv
d3NEaXJlY3RvcnlBAABSAkxvY2FsRnJlZQCFA1dhaXROYW1lZFBpcGVBAABNAENyZWF0ZUZpbGVB
AFwAQ3JlYXRlTmFtZWRQaXBlQQAANgBDb25uZWN0TmFtZWRQaXBlAABOAkxvY2FsQWxsb2MAAD4B
R2V0Q3VycmVudFRocmVhZElkAAAYA1NldEhhbmRsZUluZm9ybWF0aW9uAABfAENyZWF0ZVBpcGUA
AHoCT3BlblByb2Nlc3MAKwBDbGVhckNvbW1CcmVhawAA2QJTZXRDb21tVGltZW91dHMA2AJTZXRD
b21tU3RhdGUAAAYBR2V0Q29tbVN0YXRlAADVAlNldENvbW1CcmVhawAAtgJSZWxlYXNlTXV0ZXgA
AFoAQ3JlYXRlTXV0ZXhBAAB8AERlbGV0ZUZpbGVBAFABR2V0RW52aXJvbm1lbnRWYXJpYWJsZUEA
awFHZXRMb2NhbFRpbWUAAPUAR2V0QUNQAAD9AlNldEN1cnJlbnREaXJlY3RvcnlBAAA4AUdldEN1
cnJlbnREaXJlY3RvcnlBAADWAUdldFRpbWVGb3JtYXRBAAA/AUdldERhdGVGb3JtYXRBAAAGAkhl
YXBBbGxvYwAQAkhlYXBSZUFsbG9jAAwCSGVhcEZyZWUAAK8ARXhpdFByb2Nlc3MATwNUZXJtaW5h
dGVQcm9jZXNzAADAAUdldFN5c3RlbVRpbWVBc0ZpbGVUaW1lAK8BR2V0U3RhcnR1cEluZm9BAAgB
R2V0Q29tbWFuZExpbmVBALIBR2V0U3RyaW5nVHlwZUEAALUBR2V0U3RyaW5nVHlwZVcAAOUARmx1
c2hGaWxlQnVmZmVycwAA2AFHZXRUaW1lWm9uZUluZm9ybWF0aW9uAAB5A1ZpcnR1YWxQcm90ZWN0
AABzA1ZpcnR1YWxBbGxvYwAAuwFHZXRTeXN0ZW1JbmZvAHsDVmlydHVhbFF1ZXJ5AAA6AkxDTWFw
U3RyaW5nQQAAOwJMQ01hcFN0cmluZ1cAABcDU2V0SGFuZGxlQ291bnQAALEBR2V0U3RkSGFuZGxl
AABeAUdldEZpbGVUeXBlAAoCSGVhcERlc3Ryb3kACAJIZWFwQ3JlYXRlAAB2A1ZpcnR1YWxGcmVl
AGADVW5oYW5kbGVkRXhjZXB0aW9uRmlsdGVyAADtAEZyZWVFbnZpcm9ubWVudFN0cmluZ3NBAE0B
R2V0RW52aXJvbm1lbnRTdHJpbmdzAO4ARnJlZUVudmlyb25tZW50U3RyaW5nc1cATwFHZXRFbnZp
cm9ubWVudFN0cmluZ3NXAAAqA1NldFN0ZEhhbmRsZQAADgNTZXRGaWxlUG9pbnRlcgAAygJSdGxV
bndpbmQAHwJJbnRlcmxvY2tlZEV4Y2hhbmdlABICSGVhcFNpemUAADQAQ29tcGFyZVN0cmluZ0EA
ADUAQ29tcGFyZVN0cmluZ1cAAAYDU2V0RW52aXJvbm1lbnRWYXJpYWJsZUEAAwNTZXRFbmRPZkZp
bGUAAEtFUk5FTDMyLmRsbAAAAAAAAAAAAAAAAAAAAAAAAAAAAAAAAAAAAAAAAAAAAAAAAAAAAAAA
AAAAAAAAAAAAAAAAAAAAAAAAAAAAAAAAAAAAAAAAAAAAAAAAAAAAAAAAAAAAAAAAAAAAAAAAAAAA
AAAAAAAAAAAAAAAAAAAAAAAAAAAAAAAAAAAAAAAAAAAAAAAAAAAAAAAAAAAAAAAAAAAAAAAAAAAA
AAAAAAAAAAAAAAAAAAAAAAAAAAAAAAAAAAAAAAAAAAAAAAAAAAAAAAAAAAAAAAAAAAAAAAAAAAAA
AAAAAAAAAAAAAAAAAAAAAAAAAAAAAAAAAAAAAAAAAAAAAAAAAAAAAAAAAAAAAAAAAAAAAAAAAAAA
AAAAAAAAAAAAAAAAAAAAAAAAAAAAAAAAAAAAAAAAAH6nRQAAAAAAAAAAAK07RQDllkUAYKdFAAAA
AAAAAAAAUzxFAAAAAAAAAAAAAAAAAAAAAAAAAAAAAAAAAAinRwBop0cAaKZHABimRwAIqEcAAAAA
AAAAAAAAAAAAAAAAAAAAAAAAAAAAAAAAAAAAAAAAAAAAAAAAAAAAAAAAAAAAAAAAAAAAAAAAAAAA
AAAAAAAAAAAAAAAAAAAAAAAAAAAAAAAAAAAAAAAAAAAAAAAAAQAAAAAAAAAAAAAAAAAAAAAAAAAA
AAAAAQAAAAAAAAAAAAAAAAAAAAAAAAAAAAAAAAAAAAAAAAAAAAAAAAAAAAEAAAAAAAAAAAAAAAAA
AAAAAAAAAAAAAAAAAAAAAAAAAAAAAAIAAAACAAAAAAAAAAAAAAAAAAAAAAAAAAAAAAAAAAAAAAAA
AAAAAAAAAAAAAAAAAAAAAAAAAAAAAAAAAAAAAAAAAAAAAAAAAAAAAAAAAAAAAAAAAAAAAAAAAAAA
AAAAAAAAAAAAAAAAAAAAAAAAAAAAAAAAAAAAAAAAAAAAAAAAAAAAAAAAAAAAAAAAAAAAAAAAAAAA
AAAAAAAAAAAAAAAAAAAAAAAAAAAAAAAAAAAAAAAAAAAAAAAAAAAAAAAAAAAAAAAAAAAAAAAAAAAA
AAAAAAAAAAAAAAAAAAAAAAAAAAAAAAAAAAAAAAAAAAAAAAAAAAAAAAAAAAAAAAAAAAAAAAAAAAAA
AAAAAAAAAAAAAAAAAAAAAAAAAAAAAAAAAAAAAAAAAAAAAAAAAAAAAAAAAAAAAAAAAAAAAAAAAAAA
AAAAAAAAAAAAAAAAAAAAAAEAAAAAAAAAAAAAAAAAAAAAAAAAAAAAAAEAAAAAAAAAAAAAAAAAAAAA
AAAAAAAAAAAAAAAAAAAAAAAAAAAAAAAAAAAAAAAAAAIAAAAAAAAAAAAAAAAAAAAAAAAAAAAAAAAA
AAAAAAAAAAAAAAAAAAAAAAAAAAAAAAAAAAAAAAAAAAAAAAAAAAAAAAAAAAAAAAIAAAAAAAAAAAAA
AAAAAAAAAAAAAAAAAAAAAAAAAAAAAAAAAAAAAAAAAAAAAAAAAAIAAAABAAAAAQAAAAEAAAABAAAA
AQAAAAEAAAABAAAAAQAAAAIAAAACAAAAAQAAAAEAAAABAAAAAgAAAAEAAAACAAAAAgAAAAIAAAAC
AAAAAgAAAAEAAAABAAAAAQAAAAEAAAACAAAAAQAAAAEAAAABAAAAAQAAAAMAAAABAAAAAQAAAAEA
AAABAAAAAQAAAAEAAAABAAAAAQAAAAEAAAADAAAAAQAAAAEAAAABAAAAAgAAAAEAAAACAAAAAgAA
AAIAAAACAAAAAgAAAAEAAAACAAAAAQAAAAEAAAACAAAAAQAAAAEAAAABAAAAAQAAAAEAAAABAAAA
AQAAAAEAAAABAAAAAQAAAAEAAAABAAAAAQAAAAEAAAABAAAAAQAAAAEAAAABAAAAAQAAAAEAAAAB
AAAAAQAAAAEAAAABAAAAAQAAAAEAAAABAAAAAQAAAAEAAAABAAAAAQAAAAEAAAABAAAAAQAAAAIA
AAABAAAAAQAAAAEAAAABAAAAAQAAAAEAAAABAAAAAQAAAAEAAAABAAAAAQAAAAEAAAADAAAAAQAA
AAEAAAABAAAAAQAAAAEAAAABAAAAAQAAAAEAAAAEAAAAAQAAAAMAAAABAAAAAQAAAAEAAAABAAAA
AQAAAAEAAAABAAAAAQAAAAIAAAACAAAAAQAAAAEAAAABAAAAAQAAAAEAAAABAAAAAQAAAAEAAAAB
AAAAAQAAAAEAAAABAAAAAQAAAAEAAAABAAAAAgAAAAEAAAABAAAAAQAAAAEAAAACAAAAAQAAAAMA
AAABAAAAAQAAAAIAAAABAAAAAQAAAAEAAAABAAAAAQAAAAEAAAABAAAAAQAAAAEAAAABAAAAAQAA
AAEAAAABAAAAAQAAAAEAAAABAAAAAQAAAAIAAAABAAAAAQAAAAEAAAABAAAABAAAAAQAAAAEAAAA
AQAAAAEAAAACAAAAnDlGAKQ5RgCsOUYAtDlGALw5RgDEOUYAzDlGAAkAAADYOUYArOhAAM7pQADL
7kQA7OlAAI/sQADL7kQAEOpAADjqQAAU7UAAeDRDAI0NRQBZ6kAAy+5EAMvuRAA76kAAOOpAAKAX
RgAAAAAAAAAAAAAAAACb7UAADexAAMvuRABC7EAAj+xAAJfsQADL7kQAOOpAABTtQAB4NEMAjQ1F
ADjqQADL7kQAy+5EADvqQAA46kAA6EBGAAIAAAABAgAAAAAAAAztRgAk6UYAjO9GALzyRgDs8kYA
3OlGABzzRgBM80YA3OlGANT8RgBkV0YAPHNlcnZlciBmYWlsZWQgdG8gc2VuZCBwcm9tcHQ+OiAA
AAAAhAlCAANQQQBr9kEAKpdBADdTQQBfl0EAW6BBAI9TQQA7VUEAklVBAEhVQQBTVUEAelVBAIZV
QQBqmEEAsFVBAIQQRgADAAAAFgAAAAEAAAABAAAA8LRHAFSnRwABAAAAvThDAB0xQwBbMUMAiDFD
ABsyQwAjMkMA6zJDAEU0QwAU7UAAeDRDAI0NRQBLNEMAbDRDAMvuRAA76kAAOOpAAKz9RgABAAAA
FwAAAG/XRQBSZWxlYXNlIDAuNjYAAAAAUHVUVFktUmVsZWFzZS0wLjY2AABOAAAAbAAAAAAAAAAA
AAAADQoAAP//////////CgIAAAEAAAABAAAAAAAAAJDpRACJ6kQAo+pEALbqRADa6kQAy+5EABLr
RABZ60QAjQ1FAHfrRACNDUUAOOpAAMvuRADL7kQAX+tEADjqQADAS0cABAAAAAAAAAAAAAAAAAAA
AAAAAABBc3NlcnRpb24gZmFpbGVkOiAlcywgZmlsZSAlcywgbGluZSAlZAoA0HNHAMB4RgDMc0cA
AAAAAAAAAAAAAAAAdZgAAHOYAAB4K0UAy+5EAMvuRAAAAAAAAAAAAAAAAAAIdkcACnhHAAEAAAAu
AAAAAQAAANioRwA0e0cAMHtHACx7RwAoe0cAJHtHACB7RwAce0cAFHtHAAx7RwAEe0cA+HpHAOx6
RwDkekcA2HpHANR6RwDQekcAzHpHAMh6RwDEekcAwHpHALx6RwC4ekcAtHpHALB6RwCsekcAqHpH
AKB6RwCUekcAjHpHAIR6RwDEekcAfHpHAHR6RwBsekcAYHpHAFh6RwBMekcAQHpHADx6RwA4ekcA
LHpHABh6RwAMekcACQQAAAEAAAAAAAAAIOlHAAAAAAAg6UcAAQEAAAAAAAAAAAAAABAAAAAAAAAA
AAAAAAAAAAAAAAACAAAAAQAAAAAAAAAAAAAAAAAAAAAAAAAAAAAAAAAAAAIAAAACAAAAAAAAAAAA
AAAAAAAAAAAAAAAAAAAAAAAAAAAAAAAAAAAAAAAAAAAAAAAAAAAAAAAAAAAAAAAAAAAAAAAAAAAA
AAAAAAAAAAAAAAAAAAAAAAAAAAAAAAAAAAAAAAAAAAAAAAAAAAAAAAAAAAAAAAAAAAAAAAAAAAAA
AAAAAAAAAAAAAAAAAAAAAAAAAAAAAAAAAAAAAAAAAAAAAAAAAAAAAAAAAAAAAAAAAAAAAAAAAAAA
AAAAAAAAAAAAAAAAAAAAAAAAAAAAAAAAAAAAAAAAAAAAAAAAAAAAAAAAAAAAAAAAAAAAAAAAAAAA
AAAAAAAAAAAAAAAAAAAAAAAAAAAAAAAAAAAAAAAAAAAAAAAAAAAAAAAAAAAAAAAAAAAAAAAAAAAA
AAAAAAAAAAAAAAAAAAAAAAAAAAAAAAAAAAAAAAAAAAAAAAAAAAAAAAAAAAAAAAAAAAAAAAAAAAAA
AAAAAAAAAAAAAAAAAAAAAAAAAAAAAAAAAAAAAAAAAAAAAAAAAAAAAAAAAAAAAAAAAAAAAAAAAAAA
AAAAAAAAAAAAAAAAAAAAAAAAAAAAAAAAAAAAAAAAAAAAAAAAAAAAAAAAAAAAAAAAAAAAAAAAAAAA
AAAAAAAAAAAAAAAAAAAAAAAAAAAAAAAAAAAAAAAAAAAAAAAAAAAAAAAAAAAAAAAAAAAAAAAAAAAA
AAAAAAAAAAAAAAAAAAAAAAAAAAAAAAAAAAAAAAAAAAAAAAAAAMtMRQACAAAAAAAAAAAAAABO5kC7
wOFHAFx8RwBMfEcAD7RFAA+0RQAPtEUAD7RFAA+0RQAPtEUAAQAAAAAAAACAcAAAAQAAAPDx//8A
AAAAUFNUAAAAAAAAAAAAAAAAAAAAAAAAAAAAAAAAAAAAAAAAAAAAAAAAAAAAAAAAAAAAAAAAAAAA
AAAAAAAAAAAAAFBEVAAAAAAAAAAAAAAAAAAAAAAAAAAAAAAAAAAAAAAAAAAAAAAAAAAAAAAAAAAA
AAAAAAAAAAAAAAAAAAAAAABgrEcAoKxHAP////8AAAAAAAAAAP////8AAAAAAAAAAP////+ACgAA
EAAAAAAAAAACAAAAwIBHAAgAAACUgEcACQAAAGiARwAKAAAA0H9HABAAAACkf0cAEQAAAHR/RwAS
AAAAUH9HABMAAAAkf0cAGAAAAOx+RwAZAAAAxH5HABoAAACMfkcAGwAAAFR+RwAcAAAALH5HAB0A
AACIfUcAeAAAAHR9RwB5AAAAZH1HAHoAAABUfUcA/AAAAIAWRgD/AAAARH1HAAAAAAAAAAAABQAA
wAsAAAAAAAAAHQAAwAQAAAAAAAAAlgAAwAQAAAAAAAAAjQAAwAgAAAAAAAAAjgAAwAgAAAAAAAAA
jwAAwAgAAAAAAAAAkAAAwAgAAAAAAAAAkQAAwAgAAAAAAAAAkgAAwAgAAAAAAAAAkwAAwAgAAAAA
AAAAAwAAAAcAAAAKAAAAjAAAAAEAAAAWAAAAAgAAAAIAAAADAAAAAgAAAAQAAAAYAAAABQAAAA0A
AAAGAAAACQAAAAcAAAAMAAAACAAAAAwAAAAJAAAADAAAAAoAAAAHAAAACwAAAAgAAAAMAAAAFgAA
AA0AAAAWAAAADwAAAAIAAAAQAAAADQAAABEAAAASAAAAEgAAAAIAAAAhAAAADQAAADUAAAACAAAA
QQAAAA0AAABDAAAAAgAAAFAAAAARAAAAUgAAAA0AAABTAAAADQAAAFcAAAAWAAAAWQAAAAsAAABs
AAAADQAAAG0AAAAgAAAAcAAAABwAAAByAAAACQAAAAYAAAAWAAAAgAAAAAoAAACBAAAACgAAAIIA
AAAJAAAAgwAAABYAAACEAAAADQAAAJEAAAApAAAAngAAAA0AAAChAAAAAgAAAKQAAAALAAAApwAA
AA0AAAC3AAAAEQAAAM4AAAACAAAA1wAAAAsAAAAYBwAADAAAAAECBAgAAAAApAMAAGCCeYIhAAAA
AAAAAKbfAAAAAAAAoaUAAAAAAACBn+D8AAAAAEB+gPwAAAAAqAMAAMGj2qMgAAAAAAAAAAAAAAAA
AAAAAAAAAAAAAACB/gAAAAAAAED+AAAAAAAAtQMAAMGj2qMgAAAAAAAAAAAAAAAAAAAAAAAAAAAA
AACB/gAAAAAAAEH+AAAAAAAAtgMAAM+i5KIaAOWi6KJbAAAAAAAAAAAAAAAAAAAAAACB/gAAAAAA
AEB+of4AAAAAUQUAAFHaXtogAF/aatoyAAAAAAAAAAAAAAAAAAAAAACB09je4PkAADF+gf4AAAAA
AAQAAAH8//81AAAACwAAAEAAAAD/AwAAgAAAAIH///8YAAAACAAAACAAAAB/AAAA/////x4AAAA7
AAAAWgAAAHgAAACXAAAAtQAAANQAAADzAAAAEQEAADABAABOAQAAbQEAAP////8eAAAAOgAAAFkA
AAB3AAAAlgAAALQAAADTAAAA8gAAABABAAAvAQAATQEAAGwBAAAgBZMZAAAAAAAAAAAAAAAAAAAA
AAAAAAAAoAJAAAAAAAAAAAAAyAVAAAAAAAAAAAAA+ghAAAAAAAAAAABAnAxAAAAAAAAAAABQww9A
AAAAAAAAAAAk9BJAAAAAAAAAAICWmBZAAAAAAAAAACC8vhlAAAAAAAAEv8kbjjRAAAAAoe3MzhvC
005AIPCetXArqK3FnWlA0F39JeUajk8Z64NAcZbXlUMOBY0pr55A+b+gRO2BEo+BgrlAvzzVps//
SR94wtNAb8bgjOmAyUe6k6hBvIVrVSc5jfdw4HxCvN2O3vmd++t+qlFDoeZ248zyKS+EgSZEKBAX
qviuEOPFxPpE66fU8/fr4Up6lc9FZczHkQ6mrqAZ46NGDWUXDHWBhnV2yUhNWELkp5M5OzW4su1T
TaflXT3FXTuLnpJa/12m8KEgwFSljDdh0f2LWovYJV2J+dtnqpX48ye/oshd3YBuTMmblyCKAlJg
xCV1AAAAAM3MzczMzMzMzMz7P3E9CtejcD0K16P4P1pkO99PjZduEoP1P8PTLGUZ4lgXt9HxP9AP
I4RHG0esxafuP0CmtmlsrwW9N4brPzM9vEJ65dWUv9bnP8L9/c5hhBF3zKvkPy9MW+FNxL6UlebJ
P5LEUzt1RM0UvpqvP95nupQ5Ra0esc+UPyQjxuK8ujsxYYt6P2FVWcF+sVN8ErtfP9fuL40GvpKF
FftEPyQ/pek5pSfqf6gqP32soeS8ZHxG0N1VPmN7BswjVHeD/5GBPZH6Ohl6YyVDMcCsPCGJ0TiC
R5e4AP3XO9yIWAgbsejjhqYDO8aERUIHtpl1N9suOjNxHNIj2zLuSZBaOaaHvsBX2qWCpqK1MuJo
shGnUp9EWbcQLCVJ5C02NE9Trs5rJY9ZBKTA3sJ9++jGHp7niFpXkTy/UIMiGE5LZWL9g4+vBpR9
EeQt3p/O0sgE3abYCgAAAAAAAAAAAAAAAAAAAAAAAAAAAAAAAAAAAAAAAAAAAAAAAAAAAAAAAAAA
AAAAAAAAAAAAAAAAAAAAAAAAAAAAAAAAAAAAAAAAAAAAAAAAAAAAAAAAAAAAAAAAAAAAAAAAAAAA
AAAAAAAAAAAAAAAAAAAAAAAAAAAAAAAAAAAAAAAAAAAAAAAAAAAAAAAAAAAAAAAAAAAAAAAAAAAA
AAAAAAAAAAAAAAAAAAAAAAAAAAAAAAAAAAAAAAAAAAAAAAAAAAAAAAAAAAAAAAAAAAAAAAAAAAAA
AAAAAAAAAAAAAAAAAAAAAAAAAAAAAAAAAAAAAAAAAAAAAAAAAAAAAAAAAAAAAAAAAAAAAAAAAAAA
AAAAAAAAAAAAAAAAAAAAAAAAAAAAAAAAAAAAAAAAAAAAAAAAAAAAAAAAAAAAAAAAAAAAAAAAAAAA
AAAAAAAAAAAAAAAAAAAAAAAAAAAAAAAAAAAAAAAAAAAAAAAAAAAAAAAAAAAAAAAAAAAAAAAAAAAA
AAAAAAAAAAAAAAAAAAAAAAAAAAAAAAAAAAAAAAAAAAAAAAAAAAAAAAAAAAAAAAAAAAAAAAAAAAAA
AAAAAAAAAAAAAAAAAAAAAAAAAAAAAAAAAAAAAAAAAAAAAAAAAAAAAAAAAAAAAAAAAAAAAAAAAAAA
AAAAAAAAAAAAAAAAAAAAAAAAAAAAAAAAAAAAAAAAAAAAAAAAAAAAAAAAAAAAAAAAAAAAAAAAAAAA
AAAAAAAAAAAAAAAAAAAAAAAAAAAAAAAAAAAAAAAAAAAAAAAAAAAAAAAAAAAAAAAAAAAAAAAAAAAA
AAAAAAAAAAAAAAAAAAAAAAAAAAAAAAAAAAAAAAAAAAAAAAAAAAAAAAAAAAAAAAAAAAAAAAAAAAAA
AAAAAAAAAAAAAAAAAAAAAAAAAAAAAAAAAAAAAAAAAAAAAAAAAAAAAAAAAAAAAAAAAAAAAAAAAAAA
AAAAAAAAAAAAAAAAAAAAAAAAAAAAAAAAAAAAAAAAAAAAAAAAAAAAAAAAAAAAAAAAAAAAAAAAAAAA
AAAAAAAAAAAAAAAAAAAAAAAAAAAAAAAAAAAAAAAAAAAAAAAAAAAAAAAAAAAAAAAAAAAAAAAAAAAA
AAAAAAAAAAAAAAAAAAAAAAAAAAAAAAAAAAAAAAAAAAAAAAAAAAAAAAAAAAAAAAAAAAAAAAAAAAAA
AAAAAAAAAAAAAAAAAAAAAAAAAAAAAAAAAAAAAAAAAAAAAAAAAAAAAAAAAAAAAAAAAAAAAAAAAAAA
AAAAAAAAAAAAAAAAAAAAAAAAAAAAAAAAAAAAAAAAAAAAAAAAAAAAAAAAAAAAAAAAAAAAAAAAAAAA
AAAAAAAAAAAAAAAAAAAAAAAAAAAAAAAAAAAAAAAAAAAAAAAAAAAAAAAAAAAAAAAAAAAAAAAAAAAA
AAAAAAAAAAAAAAAAAAAAAAAAAAAAAAAAAAAAAAAAAAAAAAAAAAAAAAAAAAAAAAAAAAAAAAAAAAAA
AAAAAAAAAAAAAAAAAAAAAAAAAAAAAAAAAAAAAAAAAAAAAAAAAAAAAAAAAAAAAAAAAAAAAAAAAAAA
AAAAAAAAAAAAAAAAAAAAAAAAAAAAAAAAAAAAAAAAAAAAAAAAAAAAAAAAAAAAAAAAAAAAAAAAAAAA
AAAAAAAAAAAAAAAAAAAAAAAAAAAAAAAAAAAAAAAAAAAAAAAAAAAAAAAAAAAAAAAAAAAAAAAAAAAA
AAAAAAAAAAAAAAAAAAAAAAAAAAAAAAAAAAAAAAAAAAAAAAAAAAAAAAAAAAAAAAAAAAAAAAAAAAAA
AAAAAAAAAAAAAAAAAAAAAAAAAAAAAAAAAAAAAAAAAAAAAAAAAAAAAAAAAAAAAAAAAAAAAAAAAAAA
AAAAAAAAAAAAAAAAAAAAAAAAAAAAAAAAAAAAAAAAAAAAAAAAAAAAAAAAAAAAAAAAAAAAAAAAAAAA
AAAAAAAAAAAAAAAAAAAAAAAAAAAAAAAAAAAAAAAAAAAAAAAAAAAAAAAAAAAAAAAAAAAAAAAAAAAA
AAAAAAAAAAAAAAAAAAAAAAAAAAAAAAAAAAAAAAAAAAAAAAAAAAAAAAAAAAAAAAAAAAAAAAAAAAAA
AAAAAAAAAAAAAAAAAAAAAAAAAAAAAAAAAAAAAAAAAAAAAAAAAAAAAAAAAAAAAAAAAAAAAAAAAAAA
AAAAAAAAAAAAAAAAAAAAAAAAAAAAAAAAAAAAAAAAAAAAAAAAAAAAAAAAAAAAAAAAAAAAAAAAAAAA
AAAAAAAAAAAAAAAAAAAAAAAAAAAAAAAAAAAAAAAAAAAAAAAAAAAAAAAAAAAAAAAAAAAAAAAAAAAA
AAAAAAAAAAAAAAAAAAAAAAAAAAAAAAAAAAAAAAAAAAAAAAAAAAAAAAAAAAAAAAAAAAAAAAAAAAAA
AAAAAAAAAAAAAAAAAAAAAAAAAAAAAAAAAAAAAAAAAAAAAAAAAAAAAAAAAAAAAAAAAAAAAAAAAAAA
AAAAAAAAAAAAAAAAAAAAAAAAAAAAAAAAAAAAAAAAAAAAAAAAAAAAAAAAAAAAAAAAAAAAAAAAAAAA
AAAAAAAAAAAAAAAAAAAAAAAAAAAAAAAAAAAAAAAAAAAAAAAAAAAAAAAAAAAAAAAAAAAAAAAAAAAA
AAAAAAAAAAAAAAAAAAAAAAAAAAAAAAAAAAAAAAAAAAAAAAAAAAAAAAAAAAAAAAAAAAAAAAAAAAAA
AAAAAAAAAAAAAAAAAAAAAAAAAAAAAAAAAAAAAAAAAAAAAAAAAAAAAAAAAAAAAAAAAAAAAAAAAAAA
AAAAAAAAAAAAAAAAAAAAAAAAAAAAAAAAAAAAAAAAAAAAAAAAAAAAAAAAAAAAAAAAAAAAAAAAAAAA
AAAAAAAAAAAAAAAAAAAAAAAAAAAAAAAAAAAAAAAAAAAAAAAAAAAAAAAAAAAAAAAAAAAAAAAAAAAA
AAAAAAAAAAAAAAAAAAAAAAAAAAAAAAAAAAAAAAAAAAAAAAAAAAAAAAAAAAAAAAAAAAAAAAAAAAAA
AAAAAAAAAAAAAAAAAAAAAAAAAAAAAAAAAAAAAAAAAAAAAAAAAAAAAAAAAAAAAAAAAAAAAAAAAAAA
AAAAAAAAAAAAAAAAAAAAAAAAAAAAAAAAAAAAAAAAAAAAAAAAAAAAAAAAAAAAAAAAAAAAAAAAAAAA
AAAAAAAAAAAAAAAAAAAAAAAAAAAAAAAAAAAAAAAAAAAAAAAAAAAAAAAAAAAAAAAAAAAAAAAAAAAA
AAAAAAAAAAAAAAAAAAAAAAAAAAAAAAAAAAAAAAAAAAAAAAAAAAAAAAAAAAAAAAAAAAAAAAAAAAAA
AAAAAAAAAAAAAAAAAAAAAAAAAAAAAAAAAAAAAAAAAAAAAAAAAAAAAAAAAAAAAAAAAAAAAAAAAAAA
AAAAAAAAAAAAAAAAAAAAAAAAAAAAAAAAAAAAAAAAAAAAAAAAAAAAAAAAAAAAAAAAAAAAAAAAAAAA
AAAAAAAAAAAAAAAAAAAAAAAAAAAAAAAAAAAAAAAAAAAAAAAAAAAAAAAAAAAAAAAAAAAAAAAAAAAA
AAAAAAAAAAAAAAAAAAAAAAAAAAAAAAAAAAAAAAAAAAAAAAAAAAAAAAAAAAAAAAAAAAAAAAAAAAAA
AAAAAAAAAAAAAAAAAAAAAAAAAAAAAAAAAAAAAAAAAAAAAAAAAAAAAAAAAAAAAAAAAAAAAAAAAAAA
AAAAAAAAAAAAAAAAAAAAAAAAAAAAAAAAAAAAAAAAAAAAAAAAAAAAAAAAAAAAAAAAAAAAAAAAAAAA
AAAAAAAAAAAAAAAAAAAAAAAAAAAAAAAAAAAAAAAAAAAAAAAAAAAAAAAAAAAAAAAAAAAAAAAAAAAA
AAAAAAAAAAAAAAAAAAAAAAAAAAAAAAAAAAAAAAAAAAAAAAAAAAAAAAAAAAAAAAAAAAAAAAAAAAAA
AAAAAAAAAAAAAAAAAAAAAAAAAAAAAAAAAAAAAAAAAAAAAAAAAAAAAAAAAAAAAAAAAAAAAAAAAAAA
AAAAAAAAAAAAAAAAAAAAAAAAAAAAAAAAAAAAAAAAAAAAAAAAAAAAAAAAAAAAAAAAAAAAAAAAAAAA
AAAAAAAAAAAAAAAAAAAAAAAAAAAAAAAAAAUAAwAAADgAAIAFAAAAqAAAgA4AAADYAACAEAAAAPgA
AIAYAAAAEAEAgAAAAAAAAAAAAAAAAAAADAABAAAAKAEAgAIAAABAAQCAAwAAAFgBAIAEAAAAcAEA
gAUAAACIAQCABgAAAKABAIAHAAAAuAEAgAgAAADQAQCACQAAAOgBAIAKAAAAAAIAgAsAAAAYAgCA
DAAAADACAIAAAAAAAAAAAAAAAAAAAAQAZgAAAEgCAIBuAAAAYAIAgG8AAAB4AgCAcQAAAJACAIAA
AAAAAAAAAAAAAAAAAAIAyAAAAKgCAIDJAAAAwAIAgAAAAAAAAAAAAAAAAAAAAQABAAAA2AIAgAAA
AAAAAAAAAAAAAAAAAQABAAAA8AIAgAAAAAAAAAAAAAAAAAAAAQAJBAAACAMAAAAAAAAAAAAAAAAA
AAAAAQAJBAAAGAMAAAAAAAAAAAAAAAAAAAAAAQAJBAAAKAMAAAAAAAAAAAAAAAAAAAAAAQAJBAAA
OAMAAAAAAAAAAAAAAAAAAAAAAQAJBAAASAMAAAAAAAAAAAAAAAAAAAAAAQAJBAAAWAMAAAAAAAAA
AAAAAAAAAAAAAQAJBAAAaAMAAAAAAAAAAAAAAAAAAAAAAQAJBAAAeAMAAAAAAAAAAAAAAAAAAAAA
AQAJBAAAiAMAAAAAAAAAAAAAAAAAAAAAAQAJBAAAmAMAAAAAAAAAAAAAAAAAAAAAAQAJBAAAqAMA
AAAAAAAAAAAAAAAAAAAAAQAJBAAAuAMAAAAAAAAAAAAAAAAAAAAAAQAJBAAAyAMAAAAAAAAAAAAA
AAAAAAAAAQAJBAAA2AMAAAAAAAAAAAAAAAAAAAAAAQAJBAAA6AMAAAAAAAAAAAAAAAAAAAAAAQAJ
BAAA+AMAAAAAAAAAAAAAAAAAAAAAAQAJBAAACAQAAAAAAAAAAAAAAAAAAAAAAQAJBAAAGAQAAAAA
AAAAAAAAAAAAAAAAAQAJBAAAKAQAAAAAAAAAAAAAAAAAAAAAAQAJBAAAOAQAAFAECAAoAQAAAAAA
AAAAAAB4BQgA6AIAAAAAAAAAAAAAYAgIAGgGAAAAAAAAAAAAAMgOCACwAAAAAAAAAAAAAAB4DwgA
MAEAAAAAAAAAAAAAqBAIADADAAAAAAAAAAAAADgUCAAoAQAAAAAAAAAAAABgFQgA6AIAAAAAAAAA
AAAASBgIAGgGAAAAAAAAAAAAALAeCACwAAAAAAAAAAAAAABgHwgAMAEAAAAAAAAAAAAAkCAIADAD
AAAAAAAAAAAAALglCAB2AAAAAAAAAAAAAAAwJggAugAAAAAAAAAAAAAAICQIAJYBAAAAAAAAAAAA
APAmCADIDAAAAAAAAAAAAADYEwgAWgAAAAAAAAAAAAAAwCMIAFoAAAAAAAAAAAAAALgzCAD8AgAA
AAAAAAAAAAC4NggA1AQAAAAAAAAAAAAAAAAAAAAAAAAoAAAAEAAAACAAAAABAAQAAAAAAIAAAAAA
AAAAAAAAAAAAAAAAAAAAAAAAAAAAgAAAgAAAAICAAIAAAACAAIAAgIAAAMDAwACAgIAAAAD/AAD/
AAAA//8A/wAAAP8A/wD//wAA////AAAAAAAAAAAAB4iIiIAAAAAP//+IiAAAAACIiIiIAAAAAHiH
d4AAAAAA9LTHgAAAAAD8S0iAAAAAAPxEuwCIiAAA+Lu7sIiIgAAAALu7sIiAAAAAC7iHeAAAAAAI
S0x4AAAAAA/EtHgAAAAAD8xEeAAAAAAP//94AAAAAAAAAAAAgH8AAAA/AAAAHwAAgB8AAIA/AACA
PwAAgAMAAIABAACAAAAAwAAAAPwBAAD8AQAA/AEAAPwBAAD8AQAA/gMAACgAAAAgAAAAQAAAAAEA
BAAAAAAAAAIAAAAAAAAAAAAAAAAAAAAAAAAAAAAAAACAAACAAAAAgIAAgAAAAIAAgACAgAAAwMDA
AICAgAAAAP8AAP8AAAD//wD/AAAA/wD/AP//AAD///8AAAAAAAAAAAAAAAAAAAAAAAeIiIiIiIiI
iAAAAAAAAAAPd3d3d4AACHiAAAAAAAAAD3d3d3d3d3d4iAAAAAAAAA//////////94gAAAAAAAAA
cAAAAAAAAH+IAAAAAAAAAAB4iIiIiIgH+AAAAAAAAAAA//////94gAAAAAAAAAAAAPTMzMzMeIAA
AAAAAAAAAAD0zADMzHiAAAAAAAAAAAAA9MwLDMx4gAAAAAAAAAAAAPTMwLAMeIAAAAAAAAAAAAD0
zMwLsHiAAAAAAAAAAAAA9MzMwLsIgAAAAAAAAAAAAPREREQLsAAAAAAAAAAAAAD/////8LuwiIiI
iIiAAAAAB3d3AAALuwd4AACHiAAAAAAAALu7u7uwB3d3d4iAAAAAAAAAu7u7u7D///94gAAAAAAA
AAu7AAAAAAAH+IAAAAAAAAAAu7CIiIiIgH+AAAAAAAAAAAC7D///94gAAAAAAAAAAAAPC7DMzMeI
AAAAAAAAAAAAD0C7DMzHiAAAAAAAAAAAAA9MALDMx4gAAAAAAAAAAAAPTMwLDMeIAAAAAAAAAAAA
D0zMwAzHiAAAAAAAAAAAAA9MzMzMx4gAAAAAAAAAAAAPREREREeIAAAAAAAAAAAAD//////3iAAA
AAAAAAAAAAB3d3d3d3gAAAAAAAAAAAAAAAAAAAAAAACAAD//AAAf/wAAD/8AAAf/AAAH/4AAB//A
AAf/4AAP/+AAP//gAD//4AA//+AAP//gAD//4AA//+AAAAfgAAAD8AAAAfgAAAD/wAAA//AAAP/4
AAD//AAB//wAB//8AAf//AAH//wAB//8AAf//AAH//wAB//8AAf//gAH//8ADygAAAAwAAAAYAAA
AAEABAAAAAAAgAQAAAAAAAAAAAAAAAAAAAAAAAAAAAAAAACAAACAAAAAgIAAgAAAAIAAgACAgAAA
wMDAAICAgAAAAP8AAP8AAAD//wD/AAAA/wD/AP//AAD///8AAAAAAAAAAAAAAAAAAAAAAAAAAAAA
AAAAB3iIiIiIiIiIiIiIiAAAAAAAAAAAAAAAB3iIiIiIiIiIiIiIiIAAAAAAAAAAAAAAD/d3d3d3
d3gAAAAHiIgAAAAAAAAAAAAAD///////////////eIiAAAAAAAAAAAAAD///////////////94iA
AAAAAAAAAAAAAHcAAAAAAAAAAAAH/4iAAAAAAAAAAAAAAAcHiIiIiIiIiIiAf/iAAAAAAAAAAAAA
AAAPd3d3d3d3d3iIB/+AAAAAAAAAAAAAAAAPf/////////iIgAAAAAAAAAAAAAAAAAAPhMzMzMzM
zPiIgAAAAAAAAAAAAAAAAAAPhMzMzMzMzPiIgAAAAAAAAAAAAAAAAAAPhMzMzMzMzPiIgAAAAAAA
AAAAAAAAAAAPhMzMzMzMzPiIgAAAAAAAAAAAAAAAAAAPhMzMAMzMzPiIgAAAAAAAAAAAAAAAAAAP
hMzMCwzMzPiIgAAAAAAAAAAAAAAAAAAPhMzMwLDMzPiIgAAAAAAAAAAAAAAAAAAPhMzMzAsAzPiI
gAAAAAAAAAAAAAAAAAAPhEREREC7BPiIgAAAAAAAAAAAAAAAAAAPiIiIiIgLsHiIgAAAAAAAAAAA
AAAAAAAP///////wuwCIgAAAAAAAAAAAAAAAAAAAd3d3d3d3C7sIgAAAAAAAAAAAAAAAAAAAB3d3
d3d3cAuwgAAAAAAAAAAAAAAAAAAAAAAAAAAAAAC7AAAAAAAAAAAAAAAAAAAAAAAAAAAAAAALuwAA
AAAAAAAAAAAAAAAAAAAAAAC7u7u7u7CIiIiIiIiIiAAAAAAAAAAAAAAAu7u7u7sIiIiIiIiIiIAA
AAAAAAAAAAAAC7u7u7uwB3gAAAAHiIgAAAAAAAAAAAAAALu7u7u7sP//////eIiAAAAAAAAAAAAA
Dwu7AAAAD///////94iAAAAAAAAAAAAAAHALsAAAAAAAAAAH/4iAAAAAAAAAAAAAAAcAuwCIiIiI
iIiAf/iAAAAAAAAAAAAAAAAPC7sHd3d3d3iIB/+AAAAAAAAAAAAAAAAPcAuw//////iIgAAAAAAA
AAAAAAAAAAAPhMC7DMzMzPiIgAAAAAAAAAAAAAAAAAAPhMwLsMzMzPiIgAAAAAAAAAAAAAAAAAAP
hMzACwzMzPiIgAAAAAAAAAAAAAAAAAAPhMzMwLDMzPiIgAAAAAAAAAAAAAAAAAAPhMzMzAsMzPiI
gAAAAAAAAAAAAAAAAAAPhMzMzMAMzPiIgAAAAAAAAAAAAAAAAAAPhMzMzMzMzPiIgAAAAAAAAAAA
AAAAAAAPhMzMzMzMzPiIgAAAAAAAAAAAAAAAAAAPhERERERERPiIgAAAAAAAAAAAAAAAAAAPiIiI
iIiIiHiIgAAAAAAAAAAAAAAAAAAP//////////eIgAAAAAAAAAAAAAAAAAAAd3d3d3d3d3d4gAAA
AAAAAAAAAAAAAAAAB3d3d3d3d3d3gAAAAAAAAAAAAAAAAAAAAAAAAAAAAAAAAAAAgAAAP///AAAA
AAAf//8AAAAAAA///wAAAAAAB///AAAAAAAD//8AAAAAAAP//wAAgAAAA///AADAAAAD//8AAOAA
AAP//wAA8AAAB///AADwAAA///8AAPAAAD///wAA8AAAP///AADwAAA///8AAPAAAD///wAA8AAA
P///AADwAAA///8AAPAAAD///wAA8AAAP///AADwAAA///8AAPAAAD///wAA+AAAP///AAD8AAA/
//8AAP4AAD///wAA//8AAAAPAAD//gAAAAcAAP//AAAAAwAA///AAAABAAD//8AAAAAAAP//wAAA
AAAA///gAAAAAAD///AAAAAAAP//+AAAAAAA///8AAABAAD///wAAA8AAP///AAADwAA///8AAAP
AAD///wAAA8AAP///AAADwAA///8AAAPAAD///wAAA8AAP///AAADwAA///8AAAPAAD///wAAA8A
AP///AAADwAA///+AAAPAAD///8AAA8AAP///4AAHwAAKAAAABAAAAAgAAAAAQABAAAAAABAAAAA
AAAAAAAAAAAAAAAAAAAAAAAAAAD///8AAAAAAH+AAAB/wAAAAEAAACeAAAApgAAAJIAAACM8AAAv
ngAAA+IAAAGcAAAATAAAASwAAAEMAAAB/AAAAAAAAIB/AAAAPwAAAB8AAIAfAACAPwAAgD8AAIAD
AACAAQAAgAAAAMAAAAD8AQAA/AEAAPwBAAD8AQAA/AEAAP4DAAAoAAAAIAAAAEAAAAABAAEAAAAA
AIAAAAAAAAAAAAAAAAAAAAAAAAAAAAAAAP///wAAAAAAf//AAH/h4AB///AAf//wACAA8AAP/3AA
D/+AAAgDgAAIA4AACEOAAAgjgAAIG4AACA2AAAgGAAAP+7/4B8HcPAA/5/4AD/v+AAcAHgADv+4A
AN/wAAFgcAABMHAAAQhwAAEEcAABAHAAAQBwAAEAcAAB//AAAP/wAAAAAIAAP/8AAB//AAAP/wAA
B/8AAAf/gAAH/8AAB//gAA//4AA//+AAP//gAD//4AA//+AAP//gAD//4AAAB+AAAAPwAAAB+AAA
AP/AAAD/8AAA//gAAP/8AAH//AAH//wAB//8AAf//AAH//wAB//8AAf//AAH//wAB//+AAf//wAP
KAAAADAAAABgAAAAAQABAAAAAACAAQAAAAAAAAAAAAAAAAAAAAAAAAAAAAD///8AAAAAAAAAAAB/
///AAAAAAH///+AAAAAAf/8B8AAAAAB////4AAAAAH////gAAAAAMAAB+AAAAAAX//74AAAAAAf/
/3gAAAAAB///gAAAAAAGAA+AAAAAAAYAD4AAAAAABgAPgAAAAAAGAA+AAAAAAAYAD4AAAAAABgQP
gAAAAAAGAg+AAAAAAAYBD4AAAAAABgDPgAAAAAAH/2+AAAAAAAf/s4AAAAAAA//dgAAAAAAB/+aA
AAAAAAAAAwAAAAAAAAABwAAAAAAAAP/v//AAAAAAP/f/+AAAAAAf+cB8AAAAAA/+//4AAAAAFwH/
/gAAAAAJgAB+AAAAAATP/74AAAAAAXf/3gAAAAABm//gAAAAAAGMA+AAAAAAAYYD4AAAAAABgQPg
AAAAAAGAg+AAAAAAAYBD4AAAAAABgAPgAAAAAAGAA+AAAAAAAYAD4AAAAAABgAPgAAAAAAH//+AA
AAAAAf//4AAAAAAA///gAAAAAAB//+AAAAAAAAAAAAAAgAAAP///AAAAAAAf//8AAAAAAA///wAA
AAAAB///AAAAAAAD//8AAAAAAAP//wAAgAAAA///AADAAAAD//8AAOAAAAP//wAA8AAAB///AADw
AAA///8AAPAAAD///wAA8AAAP///AADwAAA///8AAPAAAD///wAA8AAAP///AADwAAA///8AAPAA
AD///wAA8AAAP///AADwAAA///8AAPAAAD///wAA+AAAP///AAD8AAA///8AAP4AAD///wAA//8A
AAAPAAD//gAAAAcAAP//AAAAAwAA///AAAABAAD//8AAAAAAAP//wAAAAAAA///gAAAAAAD///AA
AAAAAP//+AAAAAAA///8AAABAAD///wAAA8AAP///AAADwAA///8AAAPAAD///wAAA8AAP///AAA
DwAA///8AAAPAAD///wAAA8AAP///AAADwAA///8AAAPAAD///wAAA8AAP///AAADwAA///+AAAP
AAD///8AAA8AAP///4AAHwAAAAABAAYAEBAQAAEABAAoAQAAAQAgIBAAAQAEAOgCAAACADAwEAAB
AAQAaAYAAAMAEBACAAEAAQCwAAAABAAgIAIAAQABADABAAAFADAwAgABAAEAMAMAAAYAAAAAAAAA
KAAAABAAAAAgAAAAAQAEAAAAAACAAAAAAAAAAAAAAAAAAAAAAAAAAAAAAAAAAIAAAIAAAACAgACA
AAAAgACAAICAAADAwMAAgICAAAAA/wAA/wAAAP//AP8AAAD/AP8A//8AAP///wAAAAAAAAAAAAeI
iIiAAAOwD///iIgAO7AAiIiIiAO7AAB4h3eAO7AAAPS0xwO7AAAA/EtAO7AAAAD8RDO7CIgAAPAz
O7CIiIAAAzO7O7CIgAA7u7O4h3gAA7ALsEtMeAADAAO4xLR4AAAAOw/MRHgAAAuwD///eAAAAAAA
AAAAAIB5AAAAMAAAAAAAAIABAACAAwAAgAcAAIADAACAAQAAgAAAAMAAAACAAQAAAAEAABABAACg
AQAAwAEAAOYDAAAoAAAAIAAAAEAAAAABAAQAAAAAAAACAAAAAAAAAAAAAAAAAAAAAAAAAAAAAAAA
gAAAgAAAAICAAIAAAACAAIAAgIAAAMDAwACAgIAAAAD/AAD/AAAA//8A/wAAAP8A/wD//wAA////
AAAAAAAAAAAAAAAAAAAAAAAHiIiIiIiIiIgAAAAAAAAAD3d3d3eAAAh4gAAAAAAAAA93d3d3d3d3
eIgAAAAwAAAP//////////eIAAADOwAAAHAAAAAAAAB/iAAAM7uwAAAAeIiIiIiIB/gAAzu7AAAA
AP//////eIAAADO7sAAAAAD0zMzMzHiAAAM7uwAAAAAA9MwAzMx4gAAzu7AAAAAAAPTMCwzMeIAD
O7sAAAAAAAD0zMCwDHiAM7uwAAAAAAAA9MzMC7B4Azu7AAAAAAAAAPTMzMC7ADO7sAAAAAAAAAD0
RERECwM7uwAAAAAAAAAA//////Azu7CIiIiIgAAAAAd3dwADO7sHeAAAh4gAAAAAAACwM7uwsAd3
d3eIgAAAAAAAAzu7C7uw////eIAAAAAAADO7sAAAAAAAB/iAAAAAMwM7uwuwiIiIiIB/gAAAMzMz
u7AAuw////eIAAAAAzu7u7sADwuwzMzHiAAAAAO7u7uwAA9AuwzMx4gAAAA7sAO7uwAPTACwzMeI
AAAAOwAAO7sAD0zMCwzHiAAAAAAAADuwAA9MzMAMx4gAAAAAAAM7sAAPTMzMzMeIAAAAAAAzuwAA
D0RERERHiAAAAAAAuwAAAA//////94gAAAAAAAAAAAAAd3d3d3d4AAAAAAAAAAAAAAAAAAAAAAAA
gAA//wAAH/8AAA/fAAAHjwAABweAAAYDwAAEB+AACA/gADAf4AAgP+AAAH/gAAD/4AAB/+AAA//g
AAAH4AAAA/AAAAH4AAAA/8AAAPyAAADwAAAA4AAAAcAEAAfADAAHgAQAB4YEAAfODAAH/AwAB/gc
AAf4PAAH/P4AB///AA8oAAAAMAAAAGAAAAABAAQAAAAAAIAEAAAAAAAAAAAAAAAAAAAAAAAAAAAA
AAAAgAAAgAAAAICAAIAAAACAAIAAgIAAAMDAwACAgIAAAAD/AAD/AAAA//8A/wAAAP8A/wD//wAA
////AAAAAAAAAAAAAAAAAAAAAAAAAAAAAAAAAAd4iIiIiIiIiIiIiIgAAAAAAAAAAAAAAAd4iIiI
iIiIiIiIiIiAAAAAAAAAAAAAAA/3d3d3d3d4AAAAB4iIAAAAAAAAAAAAAA///////////////3iI
gAAAAAADAAAAAA////////////////eIgAAAAAAzsAAAAAB3AAAAAAAAAAAAB/+IgAAAAAM7uwAA
AAAHB4iIiIiIiIiIgH/4gAAAADO7u7AAAAAAD3d3d3d3d3d4iAf/gAAAAzu7u7sAAAAAD3//////
///4iIAAAAAAM7u7u7AAAAAAD4TMzMzMzMz4iIAAAAADO7u7uwAAAAAAD4TMzMzMzMz4iIAAAAAz
u7u7sAAAAAAAD4TMzMzMzMz4iIAAAAM7u7u7AAAAAAAAD4TMzMzMzMz4iIAAADO7u7uwAAAAAAAA
D4TMzADMzMz4iIAAAzu7u7sAAAAAAAAAD4TMzAsMzMz4iIAAM7u7u7AAAAAAAAAAD4TMzMCwzMz4
iIADO7u7uwAAAAAAAAAAD4TMzMwLAMz4iIAzu7u7sAAAAAAAAAAAD4RERERAuwT4iAM7u7u7AAAA
AAAAAAAAD4iIiIiIC7B4gDO7u7uwAAAAAAAAAAAAD///////8LsAAzu7u7sAAAAAAAAAAAAAAHd3
d3d3dwuwM7u7u7AAAAAAAAAAAAAAAAd3d3d3d3ADO7u7uwAAAAAAAAAAAAAAAAAAAAAAAAAzu7u7
sAAAAAAAAAAAAAAAAAAAAAAAAAM7u7u7AAAAAAAAAAAAAAAAAAAAAAAAsDO7u7uwiIiIiIiIiIgA
AAAAAAAAAAAAAzu7u7sLCIiIiIiIiIiAAAAAAAAAAAAAM7u7u7C7sAd4AAAAB4iIAAAAAAAAAAAD
O7u7uwu7u7D//////3iIgAAAAAAAAAAzu7u7sAAAAA////////eIgAAAAAAAAAM7u7u7C7AAAAAA
AAAAB/+IgAAAAAADMDO7u7uwALsAiIiIiIiIgH/4gAAAADMzMzu7u7sADwu7B3d3d3d4iAf/gAAA
AzO7uzu7u7AAD3ALsP/////4iIAAAAAAM7u7u7u7uwAAD4TAuwzMzMz4iIAAAAAAM7u7u7u7sAAA
D4TMC7DMzMz4iIAAAAAAO7AAC7u7AAAAD4TMwAsMzMz4iIAAAAADOwAAADu7sAAAD4TMzMCwzMz4
iIAAAAADsAAAADu7sAAAD4TMzMwLDMz4iIAAAAAAAAAAADu7AAAAD4TMzMzADMz4iIAAAAAAAAAA
ADu7AAAAD4TMzMzMzMz4iIAAAAAAAAAAAzu7AAAAD4TMzMzMzMz4iIAAAAAAAAAAM7uwAAAAD4RE
RERERET4iIAAAAAAAAADu7sAAAAAD4iIiIiIiIh4iIAAAAAAAAALsAAAAAAAD//////////3iIAA
AAAAAAAAAAAAAAAAAHd3d3d3d3d3eIAAAAAAAAAAAAAAAAAAAAd3d3d3d3d3d4AAAAAAAAAAAAAA
AAAAAAAAAAAAAAAAAAAAAIAAAD///wAAAAAAH///AAAAAAAP//8AAAAAAAf+/wAAAAAAA/x/AAAA
AAAD+D8AAIAAAAPwHwAAwAAAA+APAADgAAADwAcAAPAAAAeADwAA8AAAPwAfAADwAAA+AD8AAPAA
ADwAfwAA8AAAOAD/AADwAAAwAf8AAPAAACAD/wAA8AAAAAf/AADwAAAAD/8AAPAAAAAf/wAA8AAA
AD//AADwAAAAf/8AAPgAAAD//wAA/AAAAf//AAD+AAAD//8AAP//AAAADwAA//4AAAAHAAD//wAA
AAMAAP/+AAAAAQAA//wAAAAAAAD/+AAAAAAAAP+QAAAAAAAA/AAAAAAAAAD4AAAAAAAAAPAADAAA
AQAA4AAcAAAPAADgADwAAA8AAOAAfAAADwAAweA8AAAPAADD4DwAAA8AAOfgfAAADwAA/+B8AAAP
AAD/wHwAAA8AAP+A/AAADwAA/wH8AAAPAAD/A/wAAA8AAP+f/gAADwAA////AAAPAAD///+AAB8A
ACgAAAAQAAAAIAAAAAEAAQAAAAAAQAAAAAAAAAAAAAAAAAAAAAAAAAAAAAAA////AAAAAAB/ggAA
f8YAAABMAAAnmAAAKTAAACRgAAAg3AAAIZ4AAANiAAA+nAAAJkwAAAYsAAANDAAAGfwAAAAAAACA
eQAAADAAAAAAAACAAQAAgAMAAIAHAACAAwAAgAEAAIAAAADAAAAAgAEAAAABAAAQAQAAoAEAAMAB
AADmAwAAKAAAACAAAABAAAAAAQABAAAAAACAAAAAAAAAAAAAAAAAAAAAAAAAAAAAAAD///8AAAAA
AH//wAB/4eAAf//wAH//8DAgAPB4D/9w8A//geAIA4PACAOHgAhDjwAII54ACBs8AAgMeAAIBPAA
D/nv+AfD3DwAJ6f+AA97/gAeAB4APb/uB/jf8A/xYHAf4TBwGfEIcBDxBHAA4QBwAOEAcAHBAHAD
Af/wAAD/8AAAAACAAD//AAAf/wAAD98AAAePAAAHB4AABgPAAAQH4AAID+AAMB/gACA/4AAAf+AA
AP/gAAH/4AAD/+AAAAfgAAAD8AAAAfgAAAD/wAAA/IAAAPAAAADgAAABwAQAB8AMAAeABAAHhgQA
B84MAAf8DAAH+BwAB/g8AAf8/gAH//8ADygAAAAwAAAAYAAAAAEAAQAAAAAAgAEAAAAAAAAAAAAA
AAAAAAAAAAAAAAAA////AAAAAAAAAAAAf///wAAAAAB////gAAAAAH//AfAAAAAAf///+AAAAAB/
///4AYAAADAAAfgDwAAAF//++AfgAAAH//94D/AAAAf//4Af4AAABgAPgD/AAAAGAA+Af4AAAAYA
D4D/AAAABgAPgf4AAAAGAA+D/AAAAAYED4f4AAAABgIPj/AAAAAGAQ+f4AAAAAYAzz/AAAAAB/9u
f4AAAAAH/7D/AAAAAAP/2f4AAAAAAf/j/AAAAAAAAAf4AAAAAAAAD/AAAAAAAACf7//wAAAAAD/X
//gAAAAAf7nAfAAAAAD/fv/+AAAAAf4B//4AAAAD/YAAfgAAAAf4z/++AAAA//F3/94AAAP/4Zv/
4AAAB//BjAPgAAAH/4GGA+AAAA4fAYED4AAADA+BgIPgAAAID4GAQ+AAAAAPAYAD4AAAAA8BgAPg
AAAADwGAA+AAAAAeAYAD4AAAADwB///gAAAAYAH//+AAAAAAAP//4AAAAAAAf//gAAAAAAAAAAAA
AIAAAD///wAAAAAAH///AAAAAAAP//8AAAAAAAf+/wAAAAAAA/x/AAAAAAAD+D8AAIAAAAPwHwAA
wAAAA+APAADgAAADwAcAAPAAAAeADwAA8AAAPwAfAADwAAA+AD8AAPAAADwAfwAA8AAAOAD/AADw
AAAwAf8AAPAAACAD/wAA8AAAAAf/AADwAAAAD/8AAPAAAAAf/wAA8AAAAD//AADwAAAAf/8AAPgA
AAD//wAA/AAAAf//AAD+AAAD//8AAP//AAAADwAA//4AAAAHAAD//wAAAAMAAP/+AAAAAQAA//wA
AAAAAAD/+AAAAAAAAP+QAAAAAAAA/AAAAAAAAAD4AAAAAAAAAPAADAAAAQAA4AAcAAAPAADgADwA
AA8AAOAAfAAADwAAweA8AAAPAADD4DwAAA8AAOfgfAAADwAA/+B8AAAPAAD/wHwAAA8AAP+A/AAA
DwAA/wH8AAAPAAD/A/wAAA8AAP+f/gAADwAA////AAAPAAD///+AAB8AAAAAAQAGABAQEAABAAQA
KAEAAAcAICAQAAEABADoAgAACAAwMBAAAQAEAGgGAAAJABAQAgABAAEAsAAAAAoAICACAAEAAQAw
AQAACwAwMAIAAQABADADAAAMAAAAAAAAAMAAyIAAAAAABgCMACgA1gBGAAAAAABBAGIAbwB1AHQA
IABQAHUAVABUAFkAAAAIAE0AUwAgAFMAaABlAGwAbAAgAEQAbABnAAAAAAABAAFQAAAAAKAANAAw
AA4AAQD//4AAJgBDAGwAbwBzAGUAAAAAAAAAAAABUAAAAAAGADQARgAOAO0D//+AAFYAaQBlAHcA
IAAmAEwAaQBjAGUAbgBjAGUAAAAAAAAAAVAAAAAAVAA0AEYADgDuA///gABWAGkAcwBpAHQAIAAm
AFcAZQBiACAAUwBpAHQAZQAAAAAAAQACUAAAAAAKAAYAwgAIAOoD//+CAFAAdQBUAFQAWQAAAAAA
AQACUAAAAAAKABAAwgAQAOsD//+CAAAAAAAAAAEAAlAAAAAACgAiAMIAEADsA///ggCpACAAMQA5
ADkANwAtADIAMAAxADUAIABTAGkAbQBvAG4AIABUAGEAdABoAGEAbQAuACAAQQBsAGwAIAByAGkA
ZwBoAHQAcwAgAHIAZQBzAGUAcgB2AGUAZAAuAAAAAAAAAMAAyIAAAAAAAAAAAAAALAH8AAAAUAB1
AFQAVABZAEMAbwBuAGYAaQBnAEIAbwB4AAAAUAB1AFQAVABZACAAQwBvAG4AZgBpAGcAdQByAGEA
dABpAG8AbgAAAAgATQBTACAAUwBoAGUAbABsACAARABsAGcAAAAAAMAAyIAAAAAAAwBkABQALAF3
AAAAAABQAHUAVABUAFkAIABFAHYAZQBuAHQAIABMAG8AZwAAAAgATQBTACAAUwBoAGUAbABsACAA
RABsAGcAAAAAAAEAAVAAAAAAhwBmACwADgABAP//gAAmAEMAbABvAHMAZQAAAAAAAAAAAAFQAAAA
AFEAZgAsAA4A6gP//4AAQwAmAG8AcAB5AAAAAADBCKBQAAAAAAMAAwAmAV8A6QP//4MAAAAAAAAA
AAAAAMAAyIAAAAAAGQAyADIA4gAHAQAAAABQAHUAVABUAFkAIABMAGkAYwBlAG4AYwBlAAAACABN
AFMAIABTAGgAZQBsAGwAIABEAGwAZwAAAAAAAQABUAAAAABiAPMALAAOAAEA//+AAE8ASwAAAAAA
AAAAAAJQAAAAAAoACgDOAAgA6AP//4IAQwBvAHAAeQByAGkAZwBoAHQAIACpACAAMQA5ADkANwAt
ADIAMAAxADUAIABTAGkAbQBvAG4AIABUAGEAdABoAGEAbQAAAAAAAAAAAAJQAAAAAAoAGgDOAAgA
6QP//4IAUABvAHIAdABpAG8AbgBzACAAYwBvAHAAeQByAGkAZwBoAHQAIABSAG8AYgBlAHIAdAAg
AGQAZQAgAEIAYQB0AGgALAAgAEoAbwByAGkAcwAgAHYAYQBuACAAUgBhAG4AdAB3AGkAagBrACwA
IABEAGUAbABpAGEAbgAAAAAAAAACUAAAAAAKACIAzgAIAOoD//+CAEQAZQBsAGMAaABlAHYALAAg
AEEAbgBkAHIAZQBhAHMAIABTAGMAaAB1AGwAdAB6ACwAIABKAGUAcgBvAGUAbgAgAE0AYQBzAHMA
YQByACwAIABXAGUAegAgAEYAdQByAGwAbwBuAGcALAAgAE4AaQBjAG8AbABhAHMAAAAAAAAAAlAA
AAAACgAqAM4ACADrA///ggBCAGEAcgByAHkALAAgAEoAdQBzAHQAaQBuACAAQgByAGEAZABmAG8A
cgBkACwAIABCAGUAbgAgAEgAYQByAHIAaQBzACwAIABNAGEAbABjAG8AbABtACAAUwBtAGkAdABo
ACwAIABBAGgAbQBhAGQAIABLAGgAYQBsAGkAZgBhACwAAAAAAAAAAlAAAAAACgAyAM4ACADsA///
ggBNAGEAcgBrAHUAcwAgAEsAdQBoAG4ALAAgAEMAbwBsAGkAbgAgAFcAYQB0AHMAbwBuACwAIABh
AG4AZAAgAEMATwBSAEUAIABTAEQASQAgAFMALgBBAC4AAAAAAAAAAAACUAAAAAAKAEIAzgAIAO0D
//+CAFAAZQByAG0AaQBzAHMAaQBvAG4AIABpAHMAIABoAGUAcgBlAGIAeQAgAGcAcgBhAG4AdABl
AGQALAAgAGYAcgBlAGUAIABvAGYAIABjAGgAYQByAGcAZQAsACAAdABvACAAYQBuAHkAIABwAGUA
cgBzAG8AbgAAAAAAAAACUAAAAAAKAEoAzgAIAO4D//+CAG8AYgB0AGEAaQBuAGkAbgBnACAAYQAg
AGMAbwBwAHkAIABvAGYAIAB0AGgAaQBzACAAcwBvAGYAdAB3AGEAcgBlACAAYQBuAGQAIABhAHMA
cwBvAGMAaQBhAHQAZQBkACAAZABvAGMAdQBtAGUAbgB0AGEAdABpAG8AbgAAAAAAAAAAAAJQAAAA
AAoAUgDOAAgA7wP//4IAZgBpAGwAZQBzACAAKAB0AGgAZQAgACIAUwBvAGYAdAB3AGEAcgBlACIA
KQAsACAAdABvACAAZABlAGEAbAAgAGkAbgAgAHQAaABlACAAUwBvAGYAdAB3AGEAcgBlACAAdwBp
AHQAaABvAHUAdAAgAHIAZQBzAHQAcgBpAGMAdABpAG8AbgAsAAAAAAAAAAAAAlAAAAAACgBaAM4A
CADwA///ggBpAG4AYwBsAHUAZABpAG4AZwAgAHcAaQB0AGgAbwB1AHQAIABsAGkAbQBpAHQAYQB0
AGkAbwBuACAAdABoAGUAIAByAGkAZwBoAHQAcwAgAHQAbwAgAHUAcwBlACwAIABjAG8AcAB5ACwA
IABtAG8AZABpAGYAeQAsACAAbQBlAHIAZwBlACwAAAAAAAAAAAACUAAAAAAKAGIAzgAIAPED//+C
AHAAdQBiAGwAaQBzAGgALAAgAGQAaQBzAHQAcgBpAGIAdQB0AGUALAAgAHMAdQBiAGwAaQBjAGUA
bgBzAGUALAAgAGEAbgBkAC8AbwByACAAcwBlAGwAbAAgAGMAbwBwAGkAZQBzACAAbwBmACAAdABo
AGUAIABTAG8AZgB0AHcAYQByAGUALAAAAAAAAAAAAAJQAAAAAAoAagDOAAgA8gP//4IAYQBuAGQA
IAB0AG8AIABwAGUAcgBtAGkAdAAgAHAAZQByAHMAbwBuAHMAIAB0AG8AIAB3AGgAbwBtACAAdABo
AGUAIABTAG8AZgB0AHcAYQByAGUAIABpAHMAIABmAHUAcgBuAGkAcwBoAGUAZAAgAHQAbwAgAGQA
bwAgAHMAbwAsAAAAAAAAAAJQAAAAAAoAcgDOAAgA8wP//4IAcwB1AGIAagBlAGMAdAAgAHQAbwAg
AHQAaABlACAAZgBvAGwAbABvAHcAaQBuAGcAIABjAG8AbgBkAGkAdABpAG8AbgBzADoAAAAAAAAA
AAACUAAAAAAKAIIAzgAIAPQD//+CAFQAaABlACAAYQBiAG8AdgBlACAAYwBvAHAAeQByAGkAZwBo
AHQAIABuAG8AdABpAGMAZQAgAGEAbgBkACAAdABoAGkAcwAgAHAAZQByAG0AaQBzAHMAaQBvAG4A
IABuAG8AdABpAGMAZQAgAHMAaABhAGwAbAAgAGIAZQAAAAAAAAAAAAJQAAAAAAoAigDOAAgA9QP/
/4IAaQBuAGMAbAB1AGQAZQBkACAAaQBuACAAYQBsAGwAIABjAG8AcABpAGUAcwAgAG8AcgAgAHMA
dQBiAHMAdABhAG4AdABpAGEAbAAgAHAAbwByAHQAaQBvAG4AcwAgAG8AZgAgAHQAaABlACAAUwBv
AGYAdAB3AGEAcgBlAC4AAAAAAAAAAlAAAAAACgCaAM4ACAD2A///ggBUAEgARQAgAFMATwBGAFQA
VwBBAFIARQAgAEkAUwAgAFAAUgBPAFYASQBEAEUARAAgACIAQQBTACAASQBTACIALAAgAFcASQBU
AEgATwBVAFQAAAAAAAAAAlAAAAAACgCiAM4ACAD3A///ggBXAEEAUgBSAEEATgBUAFkAIABPAEYA
IABBAE4AWQAgAEsASQBOAEQALAAgAEUAWABQAFIARQBTAFMAIABPAFIAIABJAE0AUABMAEkARQBE
ACwAAAAAAAAAAlAAAAAACgCqAM4ACAD4A///ggBJAE4AQwBMAFUARABJAE4ARwAgAEIAVQBUACAA
TgBPAFQAIABMAEkATQBJAFQARQBEACAAVABPACAAVABIAEUAIABXAEEAUgBSAEEATgBUAEkARQBT
ACAATwBGAAAAAAAAAAAAAlAAAAAACgCyAM4ACAD5A///ggBNAEUAUgBDAEgAQQBOAFQAQQBCAEkA
TABJAFQAWQAsACAARgBJAFQATgBFAFMAUwAgAEYATwBSACAAQQAgAFAAQQBSAFQASQBDAFUATABB
AFIAAAAAAAAAAlAAAAAACgC6AM4ACAD6A///ggBQAFUAUgBQAE8AUwBFACAAQQBOAEQAIABOAE8A
TgBJAE4ARgBSAEkATgBHAEUATQBFAE4AVAAuACAAIABJAE4AIABOAE8AIABFAFYARQBOAFQAIABT
AEgAQQBMAEwAIABUAEgARQAAAAAAAAACUAAAAAAKAMIAzgAIAPsD//+CAEMATwBQAFkAUgBJAEcA
SABUACAASABPAEwARABFAFIAUwAgAEIARQAgAEwASQBBAEIATABFACAARgBPAFIAIABBAE4AWQAg
AEMATABBAEkATQAsACAARABBAE0AQQBHAEUAUwAAAAAAAAAAAAJQAAAAAAoAygDOAAgA/AP//4IA
TwBSACAATwBUAEgARQBSACAATABJAEEAQgBJAEwASQBUAFkALAAgAFcASABFAFQASABFAFIAIABJ
AE4AIABBAE4AIABBAEMAVABJAE8ATgAgAE8ARgAgAEMATwBOAFQAUgBBAEMAVAAsAAAAAAAAAAJQ
AAAAAAoA0gDOAAgA/QP//4IAVABPAFIAVAAgAE8AUgAgAE8AVABIAEUAUgBXAEkAUwBFACwAIABB
AFIASQBTAEkATgBHACAARgBSAE8ATQAsACAATwBVAFQAIABPAEYAIABPAFIAIABJAE4AAAAAAAAA
AlAAAAAACgDaAM4ACAD+A///ggBDAE8ATgBOAEUAQwBUAEkATwBOACAAVwBJAFQASAAgAFQASABF
ACAAUwBPAEYAVABXAEEAUgBFACAATwBSACAAVABIAEUAIABVAFMARQAgAE8AUgAAAAAAAAAAAAJQ
AAAAAAoA4gDOAAgA/wP//4IATwBUAEgARQBSACAARABFAEEATABJAE4ARwBTACAASQBOACAAVABI
AEUAIABTAE8ARgBUAFcAQQBSAEUALgAAAAAA/AI0AAAAVgBTAF8AVgBFAFIAUwBJAE8ATgBfAEkA
TgBGAE8AAAAAAL0E7/4AAAEAQgAAAAAAAABCAAAAAAAAAAsAAAAAAAAABAAAAAEAAAAAAAAAAAAA
AAAAAABcAgAAAQBTAHQAcgBpAG4AZwBGAGkAbABlAEkAbgBmAG8AAAA4AgAAAQAwADgAMAA5ADAA
NABCADAAAAA6AA0AAQBDAG8AbQBwAGEAbgB5AE4AYQBtAGUAAAAAAFMAaQBtAG8AbgAgAFQAYQB0
AGgAYQBtAAAAAAA4AAwAAQBQAHIAbwBkAHUAYwB0AE4AYQBtAGUAAAAAAFAAdQBUAFQAWQAgAHMA
dQBpAHQAZQAAAGQAHgABAEYAaQBsAGUARABlAHMAYwByAGkAcAB0AGkAbwBuAAAAAABTAFMASAAs
ACAAVABlAGwAbgBlAHQAIABhAG4AZAAgAFIAbABvAGcAaQBuACAAYwBsAGkAZQBuAHQAAAAsAAYA
AQBJAG4AdABlAHIAbgBhAGwATgBhAG0AZQAAAFAAdQBUAFQAWQAAADQABgABAE8AcgBpAGcAaQBu
AGEAbABGAGkAbABlAG4AYQBtAGUAAABQAHUAVABUAFkAAAA6AA0AAQBGAGkAbABlAFYAZQByAHMA
aQBvAG4AAAAAAFIAZQBsAGUAYQBzAGUAIAAwAC4ANgA2AAAAAAA+AA0AAQBQAHIAbwBkAHUAYwB0
AFYAZQByAHMAaQBvAG4AAABSAGUAbABlAGEAcwBlACAAMAAuADYANgAAAAAAbAAkAAEATABlAGcA
YQBsAEMAbwBwAHkAcgBpAGcAaAB0AAAAQwBvAHAAeQByAGkAZwBoAHQAIACpACAAMQA5ADkANwAt
ADIAMAAxADUAIABTAGkAbQBvAG4AIABUAGEAdABoAGEAbQAuAAAARAAAAAEAVgBhAHIARgBpAGwA
ZQBJAG4AZgBvAAAAAAAkAAQAAABUAHIAYQBuAHMAbABhAHQAaQBvAG4AAAAAAAkIsAQAAAAAPD94
bWwgdmVyc2lvbj0iMS4wIiBlbmNvZGluZz0iVVRGLTgiIHN0YW5kYWxvbmU9InllcyI/Pgo8IS0t
IERvIG5vdCBhdHRlbXB0IHRvIGRvIGFueXRoaW5nIGNsZXZlciB3aXRoIHRoaXMgZmlsZSwgYXMg
c29tZSB2ZXJzaW9ucyBvZgogICAgIFdpbmRvd3MgYXJlIHZlcnkgc2Vuc2l0aXZlIHRvIHRoZSBl
eGFjdCBmb3JtYXQuCiAgICAgSGVuY2UsIHNvbWUgZmFjdHMgYmVsb3cgYXJlIGZpYnMuIC0tPgo8
YXNzZW1ibHkgeG1sbnM9InVybjpzY2hlbWFzLW1pY3Jvc29mdC1jb206YXNtLnYxIiBtYW5pZmVz
dFZlcnNpb249IjEuMCI+Cjxhc3NlbWJseUlkZW50aXR5CiAgIHZlcnNpb249IjAuMC4wLjAiCiAg
IHByb2Nlc3NvckFyY2hpdGVjdHVyZT0ieDg2IgogICBuYW1lPSJQdVRUWSIKICAgdHlwZT0id2lu
MzIiIC8+CiAgIDxkZXNjcmlwdGlvbj5BIG5ldHdvcmsgY2xpZW50IGFuZCB0ZXJtaW5hbCBlbXVs
YXRvcjwvZGVzY3JpcHRpb24+CiAgIDxkZXBlbmRlbmN5PgogICA8ZGVwZW5kZW50QXNzZW1ibHk+
CiAgICAgICAgPCEtLSBMb2FkIENvbW1vbiBDb250cm9scyA2IGluc3RlYWQgb2YgNSB0byBnZXQg
V2luWFAgbmF0aXZlLQogICAgICAgICAgICAgbG9va2luZyBjb250cm9scyBpbiB0aGUgY2xpZW50
IGFyZWEuIC0tPgogICAgICAgIDxhc3NlbWJseUlkZW50aXR5IHR5cGU9IndpbjMyIgogICAgICAg
ICAgICAgbmFtZT0iTWljcm9zb2Z0LldpbmRvd3MuQ29tbW9uLUNvbnRyb2xzIgogICAgICAgICAg
ICAgdmVyc2lvbj0iNi4wLjAuMCIgCiAgICAgICAgICAgICBwdWJsaWNLZXlUb2tlbj0iNjU5NWI2
NDE0NGNjZjFkZiIKICAgICAgICAgICAgIGxhbmd1YWdlPSIqIiAKICAgICAgICAgICAgIHByb2Nl
c3NvckFyY2hpdGVjdHVyZT0ieDg2Ii8+IAogICA8L2RlcGVuZGVudEFzc2VtYmx5PgogICA8L2Rl
cGVuZGVuY3k+CiAgIDwhLS0gRGVjbGFyZSB1cyB0byBiZSAiRFBJLWF3YXJlIi4gLS0+CiAgIDxh
c212MzphcHBsaWNhdGlvbiB4bWxuczphc212Mz0idXJuOnNjaGVtYXMtbWljcm9zb2Z0LWNvbTph
c20udjMiPgogICAgIDxhc212Mzp3aW5kb3dzU2V0dGluZ3MKICAgICAgICAgeG1sbnM9Imh0dHA6
Ly9zY2hlbWFzLm1pY3Jvc29mdC5jb20vU01JLzIwMDUvV2luZG93c1NldHRpbmdzIj4KICAgICAg
IDxkcGlBd2FyZT50cnVlPC9kcGlBd2FyZT4KICAgICA8L2FzbXYzOndpbmRvd3NTZXR0aW5ncz4K
ICAgPC9hc212MzphcHBsaWNhdGlvbj4KPC9hc3NlbWJseT4KAAAAAAAAAAAAAAAAAAAAAAAAAAAA
AAAAAAAAAAAAAAAAAAAAAAAAAAAAAAAAAAAAAAAAAAAAAAAAAAAAAAAAAAAAAAAAAAAAAAAAAAAA
AAAAAAAAAAAAAAAAAAAAAAAAAAAAAAAAAAAAAAAAAAAAAAAAAAAAAAAAAAAAAAAAAAAAAAAAAAAA
AAAAAAAAAAAAAAAAAAAAAAAAAAAAAAAAAAAAAAAAAAAAAAAAAAAAAAAAAAAAAAAAAAAAAAAAAAAA
AAAAAAAAAAAAAAAAAAAAAAAAAAAAAAAAAAAAAAAAAAAAAAAAAAAAAAAAAAAAAAAAAAAAAAAAAAAA
AAAAAAAAAAAAAAAAAAAAAAAAAAAAAAAAAAAAAAAAAAAAAAAAAAAAAAAAAAAAAAAAAAAAAAAAAAAA
AAAAAAAAAAAAAAAAAAAAAAAAAAAAAAAAAAAAAAAAAAAAAAAAAAAAAAAAAAAAAAAAAAAAAAAAAAAA
AAAAAAAAAAAAAAAAAAAAAAAAAAAAAAAAAAAAAAAAAAAAAAAAAAAAAAAAAAAAAAAAAAAAAAAAAAAA
AAAAAAAAAAAAAAAAAAAAAAAAAAAAAAAAAAAAAAAAAAAAAAAAAAAAAAAAAAAAAAAAAAAAAAAAAAAA
AAAAAAAAAAAAAAAAAAAAAAAAAAAAAAAAAAAAAAAAAAAAAAAAAAAAAAAAAAAAAAAAAAAAAAAAAAAA
AAAAAAAAAAAAAAAAAAAAAAAAAAAAAAAAAAAAAAAAAAAAAAAAAAAAAAAAAAAAAAAAAAAAAAAAAAAA
AAAAAAAAAAAAAAAAAAAAAAAAAAAAAAAAAAAAAAAAAAAAAAAAAAAAAAAAAAAAAAAAAAAAAAAAAAAA
AAAAAAAAAAAAAAAAAAAAAAAAAAAAAAAAAAAAAAAAAAAAAAAAAAAAAAAAAAAAAAAAAAAAAAAAAAAA
AAAAAAAAAAAAAAAAAAAAAAAAAAAAAAAAAAAAAAAAAAAAAAAAAAAAAAAAAAAAAAAAAAAAAAAAAAAA
AAAAAAAAAAAAAAAAAAAAAAAAAAAAAAAAAAAAAAAAAAAAAAAAAAAAAAAAAAAAAAAAAAAAAAAAAAAA
AAAAAAAAAAAAAAAAAAAAAAAAAAAAAAAAAAAAAAAAAAAAAAAAAAAAAAAAAAAAAAAAAAAAAAAAAAAA
AAAAAAAAAAAAAAAAAAAAAAAAAAAAAAAAAAAAAAAAAAAAAAAAAAAAAAAAAAAAAAAAAAAAAAAAAAAA
AAAAAAAAAAAAAAAAAAAAAAAAAAAAAAAAAAAAAAAAAAAAAAAAAAAAAAAAAAAAAAAAAAAAAAAAAAAA
AAAAAAAAAAAAAAAAAAAAAAAAAAAAAAAAAAAAAAAAAAAAAAAAAAAAAAAAAAAAAAAAAAAAAAAAAAAA
AAAAAAAAAAAAAAAAAAAAAAAAAAAAAAAAAAAAAAAAAAAAAAAAAAAAAAAAAAAAAAAAAAAAAAAAAAAA
AAAAAAAAAAAAAAAAAAAAAAAAAAAAAAAAAAAAAAAAAAAAAAAAMgAAAEMAOgBcAFUAcwBlAHIAcwBc
AEQAUgBJAEcASABFAH4AMQBcAEEAcABwAEQAYQB0AGEAXABMAG8AYwBhAGwAXABUAGUAbQBwAFwA
cAB1AHQAdAB5ACAAKAAyACkALgBlAHgAZQAJAAAAcAB1AHQAdAB5AC4AZQB4AGUAGAAAAEUAOgBc
AFQAbwBvAGwAcwBcAFAAdQB0AHQAeQBcAHAAdQB0AHQAeQAuAGUAeABlAAAAAAAAAAAAAAAAAAAA
AAAAAAAAAAAAAAAAAAAAAAAAAAAAAAAAAAAAAAAAAAAAAAAAAAAAAAAAAAAAAAAAAAAAAAAAAAAA
AAAAAAAAAAAAAAAAAAAAAAAAAAAAAAAAAAAAAAAAAAAAAAAAAAAAAAAAAAAAAAAAAAAAAAAAAAAA
AAAAAAAAAAAAAAAAAAAAAAAAAAAAAAAAAAAAAAAAAAAAAAAAAAAAAAAAAAAAAAAAAAAAAAAAAAAA
AAAAAAAAAAAAAAAAAAAAAAAAAAAAAAAAAAAAAAAAAAAAAAAAAAAAAAAAAAAA</pkg:binaryData></pkg:part><pkg:part pkg:name="/docProps/thumbnail.jpeg" pkg:contentType="image/jpeg" pkg:compression="store"><pkg:binaryData>/9j/4AAQSkZJRgABAQEAYABgAAD/2wBDAAMCAgMCAgMDAwMEAwMEBQgFBQQEBQoHBwYIDAoMDAsK
CwsNDhIQDQ4RDgsLEBYQERMUFRUVDA8XGBYUGBIUFRT/2wBDAQMEBAUEBQkFBQkUDQsNFBQUFBQU
FBQUFBQUFBQUFBQUFBQUFBQUFBQUFBQUFBQUFBQUFBQUFBQUFBQUFBQUFBT/wAARCACQAQADASIA
AhEBAxEB/8QAHwAAAQUBAQEBAQEAAAAAAAAAAAECAwQFBgcICQoL/8QAtRAAAgEDAwIEAwUFBAQA
AAF9AQIDAAQRBRIhMUEGE1FhByJxFDKBkaEII0KxwRVS0fAkM2JyggkKFhcYGRolJicoKSo0NTY3
ODk6Q0RFRkdISUpTVFVWV1hZWmNkZWZnaGlqc3R1dnd4eXqDhIWGh4iJipKTlJWWl5iZmqKjpKWm
p6ipqrKztLW2t7i5usLDxMXGx8jJytLT1NXW19jZ2uHi4+Tl5ufo6erx8vP09fb3+Pn6/8QAHwEA
AwEBAQEBAQEBAQAAAAAAAAECAwQFBgcICQoL/8QAtREAAgECBAQDBAcFBAQAAQJ3AAECAxEEBSEx
BhJBUQdhcRMiMoEIFEKRobHBCSMzUvAVYnLRChYkNOEl8RcYGRomJygpKjU2Nzg5OkNERUZHSElK
U1RVVldYWVpjZGVmZ2hpanN0dXZ3eHl6goOEhYaHiImKkpOUlZaXmJmaoqOkpaanqKmqsrO0tba3
uLm6wsPExcbHyMnK0tPU1dbX2Nna4uPk5ebn6Onq8vP09fb3+Pn6/9oADAMBAAIRAxEAPwD9U6KK
KACiiigAooooAKKKKACiiigAooooAKKKKACiiigAooooAKKKKACiiigAooooAKKKKACiiigAoooo
AKKKKACiiigAooooAKKKKACiiigAooooAKKKKACiiigAooooAKKKKACiiigAooooAKKKKACiiigA
ooooAKKKKACiiigAooooAKKKKACiiigAooooAKKKKACiiigAooooAKKKKACiiigAooooAKKKKACi
iigAooooAKKKKACiiigAooooAKKKKACiiigAooooAKKKKACiiigAooooAKKKKACiiigAooooAKKK
KACiiigAooooAKKKKACiiigAooooAKKKKACiiigAooooAKKKKACiiigAooooAKKKKACiiigArI8V
eJLfwlotxqd1HJLDCpYrGUBOAT1dlHbua16y/EXhvT/FenNp+qW8d5YuQZLaeJJI3wQRuVgQcEA1
E1Jxai7Po97P00uBD4T8VWvjDSRf2kbxx7zGVdlb5gATypIPX1rarK8O+GtP8J6f9g0u2hs7IMXS
3t4Y4o0JOThUVQMnnpWrVRvZc24BRRRTAKKKKACiiigAooooAKKKKACiiigAooooAKKKKACiiigA
ooooAKKKKACiiigAooooAKKKKACiiigAooooAKKKKACiiigAooooAKKKKACiiigAooooAKKKKACi
iigAooooAKKKKACiiigAooooAKKKKACiiigAooooAKKKKACiiigAooooAKKKKACiiigAooooAKKK
KACiiigAooooAKKKKACiiigAooooAKKKKACiiigAooooAKKKKACiiigAooooAKKKKACiiigAoooo
AKKKKACiiigAooooAKKKKACiiigAooooAKKKKACiiigAooooAKKKKACiiigAooooAKKKKACiiigA
ooooAKKKKACiiigAooooAKKKKAP/2Q==</pkg:binaryData></pkg:part><pkg:part pkg:name="/ppt/presProps.xml" pkg:contentType="application/vnd.openxmlformats-officedocument.presentationml.presProps+xml"><pkg:xmlData><p:presentationPr xmlns:a="http://schemas.openxmlformats.org/drawingml/2006/main" xmlns:r="http://schemas.openxmlformats.org/officeDocument/2006/relationships" xmlns:p="http://schemas.openxmlformats.org/presentationml/2006/main"><p:extLst><p:ext uri="{E76CE94A-603C-4142-B9EB-6D1370010A27}"><p14:discardImageEditData xmlns:p14="http://schemas.microsoft.com/office/powerpoint/2010/main" val="0"/></p:ext><p:ext uri="{D31A062A-798A-4329-ABDD-BBA856620510}"><p14:defaultImageDpi xmlns:p14="http://schemas.microsoft.com/office/powerpoint/2010/main" val="220"/></p:ext><p:ext uri="{FD5EFAAD-0ECE-453E-9831-46B23BE46B34}"><p15:chartTrackingRefBased xmlns:p15="http://schemas.microsoft.com/office/powerpoint/2012/main" val="1"/></p:ext></p:extLst></p:presentationPr></pkg:xmlData></pkg:part><pkg:part pkg:name="/ppt/tableStyles.xml" pkg:contentType="application/vnd.openxmlformats-officedocument.presentationml.tableStyles+xml"><pkg:xmlData><a:tblStyleLst xmlns:a="http://schemas.openxmlformats.org/drawingml/2006/main" def="{5C22544A-7EE6-4342-B048-85BDC9FD1C3A}"/></pkg:xmlData></pkg:part><pkg:part pkg:name="/ppt/viewProps.xml" pkg:contentType="application/vnd.openxmlformats-officedocument.presentationml.viewProps+xml"><pkg:xmlData><p:viewPr xmlns:a="http://schemas.openxmlformats.org/drawingml/2006/main" xmlns:r="http://schemas.openxmlformats.org/officeDocument/2006/relationships" xmlns:p="http://schemas.openxmlformats.org/presentationml/2006/main"><p:normalViewPr horzBarState="maximized"><p:restoredLeft sz="17009" autoAdjust="0"/><p:restoredTop sz="94660"/></p:normalViewPr><p:slideViewPr><p:cSldViewPr snapToGrid="0"><p:cViewPr varScale="1"><p:scale><a:sx n="116" d="100"/><a:sy n="116" d="100"/></p:scale><p:origin x="120" y="198"/></p:cViewPr><p:guideLst/></p:cSldViewPr></p:slideViewPr><p:notesTextViewPr><p:cViewPr><p:scale><a:sx n="1" d="1"/><a:sy n="1" d="1"/></p:scale><p:origin x="0" y="0"/></p:cViewPr></p:notesTextViewPr><p:gridSpacing cx="72008" cy="72008"/></p:viewPr></pkg:xmlData></pkg:part><pkg:part pkg:name="/docProps/app.xml" pkg:contentType="application/vnd.openxmlformats-officedocument.extended-properties+xml" pkg:padding="256"><pkg:xmlData><Properties xmlns="http://schemas.openxmlformats.org/officeDocument/2006/extended-properties" xmlns:vt="http://schemas.openxmlformats.org/officeDocument/2006/docPropsVTypes"><TotalTime>3</TotalTime><Words>0</Words><Application>Microsoft Office PowerPoint</Application><PresentationFormat>Widescreen</PresentationFormat><Paragraphs>0</Paragraphs><Slides>1</Slides><Notes>0</Notes><HiddenSlides>0</HiddenSlides><MMClips>0</MMClips><ScaleCrop>false</ScaleCrop><HeadingPairs><vt:vector size="8" baseType="variant"><vt:variant><vt:lpstr>Fonts Used</vt:lpstr></vt:variant><vt:variant><vt:i4>3</vt:i4></vt:variant><vt:variant><vt:lpstr>Theme</vt:lpstr></vt:variant><vt:variant><vt:i4>1</vt:i4></vt:variant><vt:variant><vt:lpstr>Embedded OLE Servers</vt:lpstr></vt:variant><vt:variant><vt:i4>1</vt:i4></vt:variant><vt:variant><vt:lpstr>Slide Titles</vt:lpstr></vt:variant><vt:variant><vt:i4>1</vt:i4></vt:variant></vt:vector></HeadingPairs><TitlesOfParts><vt:vector size="6" baseType="lpstr"><vt:lpstr>Arial</vt:lpstr><vt:lpstr>Calibri</vt:lpstr><vt:lpstr>Calibri Light</vt:lpstr><vt:lpstr>Office Theme</vt:lpstr><vt:lpstr>Package</vt:lpstr><vt:lpstr>PowerPoint Presentation</vt:lpstr></vt:vector></TitlesOfParts><Company/><LinksUpToDate>false</LinksUpToDate><SharedDoc>false</SharedDoc><HyperlinksChanged>false</HyperlinksChanged><AppVersion>16.0000</AppVersion></Properties></pkg:xmlData></pkg:part><pkg:part pkg:name="/docProps/core.xml" pkg:contentType="application/vnd.openxmlformats-package.core-properties+xml" pkg:padding="256"><pkg:xmlData><cp:coreProperties xmlns:cp="http://schemas.openxmlformats.org/package/2006/metadata/core-properties" xmlns:dc="http://purl.org/dc/elements/1.1/" xmlns:dcterms="http://purl.org/dc/terms/" xmlns:dcmitype="http://purl.org/dc/dcmitype/" xmlns:xsi="http://www.w3.org/2001/XMLSchema-instance"><dc:title>PowerPoint Presentation</dc:title><dc:creator>Dominique RIGHETTO</dc:creator><cp:lastModifiedBy>Dominique RIGHETTO</cp:lastModifiedBy><cp:revision>5</cp:revision><dcterms:created xsi:type="dcterms:W3CDTF">2018-05-08T16:20:58Z</dcterms:created><dcterms:modified xsi:type="dcterms:W3CDTF">2018-05-08T16:28:46Z</dcterms:modified></cp:coreProperties></pkg:xmlData></pkg:part></pkg:package>